Linux 5.3.0-59-generic (ericmei) 	06/29/2020 	_x86_64_	(12 CPU)

10:26:58 PM  CPU    %usr   %nice    %sys %iowait    %irq   %soft  %steal  %guest  %gnice   %idle
10:26:59 PM    0   66.67    0.00   21.21    0.00    0.00    7.07    0.00    0.00    0.00    5.05
10:26:59 PM    1   59.60    0.00   40.40    0.00    0.00    0.00    0.00    0.00    0.00    0.00

10:26:59 PM  CPU    %usr   %nice    %sys %iowait    %irq   %soft  %steal  %guest  %gnice   %idle
10:27:00 PM    0   61.62    0.00   22.22    0.00    0.00   11.11    0.00    0.00    0.00    5.05
10:27:00 PM    1   55.45    0.00   43.56    0.00    0.00    0.99    0.00    0.00    0.00    0.00

10:27:00 PM  CPU    %usr   %nice    %sys %iowait    %irq   %soft  %steal  %guest  %gnice   %idle
10:27:01 PM    0   72.28    0.00   19.80    0.00    0.00    5.94    0.00    0.00    0.00    1.98
10:27:01 PM    1   62.00    0.00   37.00    0.00    0.00    0.00    0.00    0.00    0.00    1.00

10:27:01 PM  CPU    %usr   %nice    %sys %iowait    %irq   %soft  %steal  %guest  %gnice   %idle
10:27:02 PM    0   67.35    0.00   22.45    0.00    0.00   10.20    0.00    0.00    0.00    0.00
10:27:02 PM    1   58.00    0.00   41.00    0.00    0.00    1.00    0.00    0.00    0.00    0.00

10:27:02 PM  CPU    %usr   %nice    %sys %iowait    %irq   %soft  %steal  %guest  %gnice   %idle
10:27:03 PM    0   70.00    0.00   21.00    0.00    0.00    7.00    0.00    0.00    0.00    2.00
10:27:03 PM    1   64.65    0.00   35.35    0.00    0.00    0.00    0.00    0.00    0.00    0.00

10:27:03 PM  CPU    %usr   %nice    %sys %iowait    %irq   %soft  %steal  %guest  %gnice   %idle
10:27:04 PM    0   74.23    0.00   18.56    0.00    0.00    6.19    0.00    0.00    0.00    1.03
10:27:04 PM    1   64.00    0.00   35.00    0.00    0.00    1.00    0.00    0.00    0.00    0.00

10:27:04 PM  CPU    %usr   %nice    %sys %iowait    %irq   %soft  %steal  %guest  %gnice   %idle
10:27:05 PM    0   68.00    0.00   24.00    0.00    0.00    7.00    0.00    0.00    0.00    1.00
10:27:05 PM    1   62.00    0.00   37.00    0.00    0.00    1.00    0.00    0.00    0.00    0.00

10:27:05 PM  CPU    %usr   %nice    %sys %iowait    %irq   %soft  %steal  %guest  %gnice   %idle
10:27:06 PM    0   75.51    0.00   17.35    0.00    0.00    6.12    0.00    0.00    0.00    1.02
10:27:06 PM    1   58.59    0.00   40.40    0.00    0.00    1.01    0.00    0.00    0.00    0.00

10:27:06 PM  CPU    %usr   %nice    %sys %iowait    %irq   %soft  %steal  %guest  %gnice   %idle
10:27:07 PM    0   71.72    0.00   21.21    0.00    0.00    6.06    0.00    0.00    0.00    1.01
10:27:07 PM    1   63.37    0.00   36.63    0.00    0.00    0.00    0.00    0.00    0.00    0.00

10:27:07 PM  CPU    %usr   %nice    %sys %iowait    %irq   %soft  %steal  %guest  %gnice   %idle
10:27:08 PM    0   68.37    0.00   22.45    0.00    0.00    8.16    0.00    0.00    0.00    1.02
10:27:08 PM    1   63.64    0.00   36.36    0.00    0.00    0.00    0.00    0.00    0.00    0.00

10:27:08 PM  CPU    %usr   %nice    %sys %iowait    %irq   %soft  %steal  %guest  %gnice   %idle
10:27:09 PM    0   72.73    0.00   21.21    0.00    0.00    5.05    0.00    0.00    0.00    1.01
10:27:09 PM    1   64.29    0.00   33.67    0.00    0.00    1.02    0.00    0.00    0.00    1.02

10:27:09 PM  CPU    %usr   %nice    %sys %iowait    %irq   %soft  %steal  %guest  %gnice   %idle
10:27:10 PM    0   75.00    0.00   17.00    0.00    0.00    7.00    0.00    0.00    0.00    1.00
10:27:10 PM    1   56.00    0.00   44.00    0.00    0.00    0.00    0.00    0.00    0.00    0.00

10:27:10 PM  CPU    %usr   %nice    %sys %iowait    %irq   %soft  %steal  %guest  %gnice   %idle
10:27:11 PM    0   66.67    0.00   26.26    0.00    0.00    6.06    0.00    0.00    0.00    1.01
10:27:11 PM    1   62.24    0.00   32.65    0.00    0.00    1.02    0.00    0.00    0.00    4.08

10:27:11 PM  CPU    %usr   %nice    %sys %iowait    %irq   %soft  %steal  %guest  %gnice   %idle
10:27:12 PM    0   74.75    0.00   21.21    0.00    0.00    3.03    0.00    0.00    0.00    1.01
10:27:12 PM    1   61.00    0.00   38.00    0.00    0.00    1.00    0.00    0.00    0.00    0.00

10:27:12 PM  CPU    %usr   %nice    %sys %iowait    %irq   %soft  %steal  %guest  %gnice   %idle
10:27:13 PM    0   81.82    0.00    1.01    0.00    0.00    1.01    0.00    0.00    0.00   16.16
10:27:13 PM    1   62.00    0.00   37.00    0.00    0.00    0.00    0.00    0.00    0.00    1.00

10:27:13 PM  CPU    %usr   %nice    %sys %iowait    %irq   %soft  %steal  %guest  %gnice   %idle
10:27:14 PM    0   90.82    0.00    3.06    0.00    0.00    0.00    0.00    0.00    0.00    6.12
10:27:14 PM    1   60.00    0.00   39.00    0.00    0.00    1.00    0.00    0.00    0.00    0.00

10:27:14 PM  CPU    %usr   %nice    %sys %iowait    %irq   %soft  %steal  %guest  %gnice   %idle
10:27:15 PM    0   89.90    0.00    3.03    0.00    0.00    0.00    0.00    0.00    0.00    7.07
10:27:15 PM    1   61.39    0.00   38.61    0.00    0.00    0.00    0.00    0.00    0.00    0.00

10:27:15 PM  CPU    %usr   %nice    %sys %iowait    %irq   %soft  %steal  %guest  %gnice   %idle
10:27:16 PM    0   72.45    0.00    6.12    0.00    0.00    0.00    0.00    0.00    0.00   21.43
10:27:16 PM    1   69.70    0.00   29.29    0.00    0.00    1.01    0.00    0.00    0.00    0.00

10:27:16 PM  CPU    %usr   %nice    %sys %iowait    %irq   %soft  %steal  %guest  %gnice   %idle
10:27:17 PM    0   87.00    0.00    5.00    0.00    0.00    0.00    0.00    0.00    0.00    8.00
10:27:17 PM    1   65.31    0.00   29.59    0.00    0.00    1.02    0.00    0.00    0.00    4.08

10:27:17 PM  CPU    %usr   %nice    %sys %iowait    %irq   %soft  %steal  %guest  %gnice   %idle
10:27:18 PM    0   88.54    0.00    4.17    0.00    0.00    0.00    0.00    0.00    0.00    7.29
10:27:18 PM    1   60.00    0.00   38.00    0.00    0.00    1.00    0.00    0.00    0.00    1.00

10:27:18 PM  CPU    %usr   %nice    %sys %iowait    %irq   %soft  %steal  %guest  %gnice   %idle
10:27:19 PM    0   88.54    0.00    4.17    0.00    0.00    0.00    0.00    0.00    0.00    7.29
10:27:19 PM    1   60.40    0.00   38.61    0.00    0.00    0.99    0.00    0.00    0.00    0.00

10:27:19 PM  CPU    %usr   %nice    %sys %iowait    %irq   %soft  %steal  %guest  %gnice   %idle
10:27:20 PM    0   88.04    0.00    4.35    0.00    0.00    0.00    0.00    0.00    0.00    7.61
10:27:20 PM    1   60.00    0.00   40.00    0.00    0.00    0.00    0.00    0.00    0.00    0.00

10:27:20 PM  CPU    %usr   %nice    %sys %iowait    %irq   %soft  %steal  %guest  %gnice   %idle
10:27:21 PM    0   89.69    0.00    3.09    0.00    0.00    0.00    0.00    0.00    0.00    7.22
10:27:21 PM    1   63.64    0.00   36.36    0.00    0.00    0.00    0.00    0.00    0.00    0.00

10:27:21 PM  CPU    %usr   %nice    %sys %iowait    %irq   %soft  %steal  %guest  %gnice   %idle
10:27:22 PM    0   89.58    0.00    3.12    0.00    0.00    0.00    0.00    0.00    0.00    7.29
10:27:22 PM    1   58.00    0.00   41.00    0.00    0.00    1.00    0.00    0.00    0.00    0.00

10:27:22 PM  CPU    %usr   %nice    %sys %iowait    %irq   %soft  %steal  %guest  %gnice   %idle
10:27:23 PM    0   55.77    0.00    3.85    0.00    0.00    4.81    0.00    0.00    0.00   35.58
10:27:23 PM    1   74.49    0.00   21.43    0.00    0.00    1.02    0.00    0.00    0.00    3.06

10:27:23 PM  CPU    %usr   %nice    %sys %iowait    %irq   %soft  %steal  %guest  %gnice   %idle
10:27:24 PM    0   90.11    0.00    2.20    0.00    0.00    0.00    0.00    0.00    0.00    7.69
10:27:24 PM    1   61.39    0.00   37.62    0.00    0.00    0.99    0.00    0.00    0.00    0.00

10:27:24 PM  CPU    %usr   %nice    %sys %iowait    %irq   %soft  %steal  %guest  %gnice   %idle
10:27:25 PM    0   89.36    0.00    4.26    0.00    0.00    0.00    0.00    0.00    0.00    6.38
10:27:25 PM    1   60.00    0.00   39.00    0.00    0.00    0.00    0.00    0.00    0.00    1.00

10:27:25 PM  CPU    %usr   %nice    %sys %iowait    %irq   %soft  %steal  %guest  %gnice   %idle
10:27:26 PM    0   90.72    0.00    2.06    0.00    0.00    0.00    0.00    0.00    0.00    7.22
10:27:26 PM    1   65.00    0.00   35.00    0.00    0.00    0.00    0.00    0.00    0.00    0.00

10:27:26 PM  CPU    %usr   %nice    %sys %iowait    %irq   %soft  %steal  %guest  %gnice   %idle
10:27:27 PM    0   89.80    0.00    3.06    0.00    0.00    0.00    0.00    0.00    0.00    7.14
10:27:27 PM    1   63.00    0.00   37.00    0.00    0.00    0.00    0.00    0.00    0.00    0.00

10:27:27 PM  CPU    %usr   %nice    %sys %iowait    %irq   %soft  %steal  %guest  %gnice   %idle
10:27:28 PM    0   91.67    0.00    1.04    0.00    0.00    0.00    0.00    0.00    0.00    7.29
10:27:28 PM    1   60.61    0.00   39.39    0.00    0.00    0.00    0.00    0.00    0.00    0.00

10:27:28 PM  CPU    %usr   %nice    %sys %iowait    %irq   %soft  %steal  %guest  %gnice   %idle
10:27:29 PM    0   87.23    0.00    5.32    0.00    0.00    0.00    0.00    0.00    0.00    7.45
10:27:29 PM    1   62.00    0.00   37.00    0.00    0.00    1.00    0.00    0.00    0.00    0.00

10:27:29 PM  CPU    %usr   %nice    %sys %iowait    %irq   %soft  %steal  %guest  %gnice   %idle
10:27:30 PM    0   90.82    0.00    2.04    0.00    0.00    0.00    0.00    0.00    0.00    7.14
10:27:30 PM    1   61.39    0.00   36.63    0.00    0.00    0.99    0.00    0.00    0.00    0.99

10:27:30 PM  CPU    %usr   %nice    %sys %iowait    %irq   %soft  %steal  %guest  %gnice   %idle
10:27:31 PM    0   90.82    0.00    2.04    0.00    0.00    0.00    0.00    0.00    0.00    7.14
10:27:31 PM    1   56.57    0.00   42.42    0.00    0.00    1.01    0.00    0.00    0.00    0.00

10:27:31 PM  CPU    %usr   %nice    %sys %iowait    %irq   %soft  %steal  %guest  %gnice   %idle
10:27:32 PM    0   90.10    0.00    2.97    0.00    0.00    0.00    0.00    0.00    0.00    6.93
10:27:32 PM    1   56.00    0.00   43.00    0.00    0.00    1.00    0.00    0.00    0.00    0.00

10:27:32 PM  CPU    %usr   %nice    %sys %iowait    %irq   %soft  %steal  %guest  %gnice   %idle
10:27:33 PM    0   89.69    0.00    3.09    0.00    0.00    0.00    0.00    0.00    0.00    7.22
10:27:33 PM    1   58.00    0.00   41.00    0.00    0.00    0.00    0.00    0.00    0.00    1.00

10:27:33 PM  CPU    %usr   %nice    %sys %iowait    %irq   %soft  %steal  %guest  %gnice   %idle
10:27:34 PM    0   89.89    0.00    3.37    0.00    0.00    0.00    0.00    0.00    0.00    6.74
10:27:34 PM    1   53.00    0.00   46.00    0.00    0.00    1.00    0.00    0.00    0.00    0.00

10:27:34 PM  CPU    %usr   %nice    %sys %iowait    %irq   %soft  %steal  %guest  %gnice   %idle
10:27:35 PM    0   67.35    0.00    2.04    0.00    0.00    0.00    0.00    0.00    0.00   30.61
10:27:35 PM    1   64.65    0.00   35.35    0.00    0.00    0.00    0.00    0.00    0.00    0.00

10:27:35 PM  CPU    %usr   %nice    %sys %iowait    %irq   %soft  %steal  %guest  %gnice   %idle
10:27:36 PM    0   58.82    0.00    3.92    0.00    0.00    2.94    0.00    0.00    0.00   34.31
10:27:36 PM    1   69.31    0.00   29.70    0.00    0.00    0.99    0.00    0.00    0.00    0.00

10:27:36 PM  CPU    %usr   %nice    %sys %iowait    %irq   %soft  %steal  %guest  %gnice   %idle
10:27:37 PM    0   88.66    0.00    4.12    0.00    0.00    0.00    0.00    0.00    0.00    7.22
10:27:37 PM    1   61.62    0.00   37.37    0.00    0.00    1.01    0.00    0.00    0.00    0.00

10:27:37 PM  CPU    %usr   %nice    %sys %iowait    %irq   %soft  %steal  %guest  %gnice   %idle
10:27:38 PM    0   86.87    0.00    6.06    0.00    0.00    0.00    0.00    0.00    0.00    7.07
10:27:38 PM    1   62.00    0.00   35.00    0.00    0.00    1.00    0.00    0.00    0.00    2.00

10:27:38 PM  CPU    %usr   %nice    %sys %iowait    %irq   %soft  %steal  %guest  %gnice   %idle
10:27:39 PM    0   89.47    0.00    4.21    0.00    0.00    0.00    0.00    0.00    0.00    6.32
10:27:39 PM    1   60.00    0.00   40.00    0.00    0.00    0.00    0.00    0.00    0.00    0.00

10:27:39 PM  CPU    %usr   %nice    %sys %iowait    %irq   %soft  %steal  %guest  %gnice   %idle
10:27:40 PM    0   89.47    0.00    3.16    0.00    0.00    0.00    0.00    0.00    0.00    7.37
10:27:40 PM    1   60.40    0.00   36.63    0.00    0.00    1.98    0.00    0.00    0.00    0.99

10:27:40 PM  CPU    %usr   %nice    %sys %iowait    %irq   %soft  %steal  %guest  %gnice   %idle
10:27:41 PM    0   87.76    0.00    5.10    0.00    0.00    0.00    0.00    0.00    0.00    7.14
10:27:41 PM    1   66.67    0.00   32.32    0.00    0.00    1.01    0.00    0.00    0.00    0.00

10:27:41 PM  CPU    %usr   %nice    %sys %iowait    %irq   %soft  %steal  %guest  %gnice   %idle
10:27:42 PM    0   89.58    0.00    4.17    0.00    0.00    0.00    0.00    0.00    0.00    6.25
10:27:42 PM    1   60.00    0.00   39.00    0.00    0.00    1.00    0.00    0.00    0.00    0.00

10:27:42 PM  CPU    %usr   %nice    %sys %iowait    %irq   %soft  %steal  %guest  %gnice   %idle
10:27:43 PM    0   88.89    0.00    4.04    0.00    0.00    0.00    0.00    0.00    0.00    7.07
10:27:43 PM    1   60.61    0.00   38.38    0.00    0.00    1.01    0.00    0.00    0.00    0.00

10:27:43 PM  CPU    %usr   %nice    %sys %iowait    %irq   %soft  %steal  %guest  %gnice   %idle
10:27:44 PM    0   90.72    0.00    2.06    0.00    0.00    0.00    0.00    0.00    0.00    7.22
10:27:44 PM    1   58.00    0.00   41.00    0.00    0.00    1.00    0.00    0.00    0.00    0.00

10:27:44 PM  CPU    %usr   %nice    %sys %iowait    %irq   %soft  %steal  %guest  %gnice   %idle
10:27:45 PM    0   89.47    0.00    3.16    0.00    0.00    0.00    0.00    0.00    0.00    7.37
10:27:45 PM    1   55.45    0.00   43.56    0.00    0.00    0.99    0.00    0.00    0.00    0.00

10:27:45 PM  CPU    %usr   %nice    %sys %iowait    %irq   %soft  %steal  %guest  %gnice   %idle
10:27:46 PM    0   89.58    0.00    3.12    0.00    0.00    0.00    0.00    0.00    0.00    7.29
10:27:46 PM    1   57.58    0.00   41.41    0.00    0.00    1.01    0.00    0.00    0.00    0.00

10:27:46 PM  CPU    %usr   %nice    %sys %iowait    %irq   %soft  %steal  %guest  %gnice   %idle
10:27:47 PM    0   88.89    0.00    4.04    0.00    0.00    0.00    0.00    0.00    0.00    7.07
10:27:47 PM    1   63.00    0.00   37.00    0.00    0.00    0.00    0.00    0.00    0.00    0.00

10:27:47 PM  CPU    %usr   %nice    %sys %iowait    %irq   %soft  %steal  %guest  %gnice   %idle
10:27:48 PM    0   88.54    0.00    4.17    0.00    0.00    0.00    0.00    0.00    0.00    7.29
10:27:48 PM    1   70.00    0.00   30.00    0.00    0.00    0.00    0.00    0.00    0.00    0.00

10:27:48 PM  CPU    %usr   %nice    %sys %iowait    %irq   %soft  %steal  %guest  %gnice   %idle
10:27:49 PM    0   89.25    0.00    3.23    0.00    0.00    0.00    0.00    0.00    0.00    7.53
10:27:49 PM    1   60.40    0.00   37.62    0.00    0.00    1.98    0.00    0.00    0.00    0.00

10:27:49 PM  CPU    %usr   %nice    %sys %iowait    %irq   %soft  %steal  %guest  %gnice   %idle
10:27:50 PM    0   88.54    0.00    4.17    0.00    0.00    0.00    0.00    0.00    0.00    7.29
10:27:50 PM    1   58.16    0.00   41.84    0.00    0.00    0.00    0.00    0.00    0.00    0.00

10:27:50 PM  CPU    %usr   %nice    %sys %iowait    %irq   %soft  %steal  %guest  %gnice   %idle
10:27:51 PM    0   88.54    0.00    4.17    0.00    0.00    0.00    0.00    0.00    0.00    7.29
10:27:51 PM    1   61.00    0.00   37.00    0.00    0.00    2.00    0.00    0.00    0.00    0.00

10:27:51 PM  CPU    %usr   %nice    %sys %iowait    %irq   %soft  %steal  %guest  %gnice   %idle
10:27:52 PM    0   88.54    0.00    4.17    0.00    0.00    0.00    0.00    0.00    0.00    7.29
10:27:52 PM    1   64.36    0.00   34.65    0.00    0.00    0.99    0.00    0.00    0.00    0.00

10:27:52 PM  CPU    %usr   %nice    %sys %iowait    %irq   %soft  %steal  %guest  %gnice   %idle
10:27:53 PM    0   89.69    0.00    3.09    0.00    0.00    0.00    0.00    0.00    0.00    7.22
10:27:53 PM    1   63.64    0.00   35.35    0.00    0.00    1.01    0.00    0.00    0.00    0.00

10:27:53 PM  CPU    %usr   %nice    %sys %iowait    %irq   %soft  %steal  %guest  %gnice   %idle
10:27:54 PM    0   90.43    0.00    3.19    0.00    0.00    0.00    0.00    0.00    0.00    6.38
10:27:54 PM    1   60.00    0.00   40.00    0.00    0.00    0.00    0.00    0.00    0.00    0.00

10:27:54 PM  CPU    %usr   %nice    %sys %iowait    %irq   %soft  %steal  %guest  %gnice   %idle
10:27:55 PM    0   88.42    0.00    3.16    0.00    0.00    0.00    0.00    0.00    0.00    8.42
10:27:55 PM    1   59.00    0.00   39.00    0.00    0.00    2.00    0.00    0.00    0.00    0.00

10:27:55 PM  CPU    %usr   %nice    %sys %iowait    %irq   %soft  %steal  %guest  %gnice   %idle
10:27:56 PM    0   88.66    0.00    5.15    0.00    0.00    0.00    0.00    0.00    0.00    6.19
10:27:56 PM    1   65.00    0.00   34.00    0.00    0.00    1.00    0.00    0.00    0.00    0.00

10:27:56 PM  CPU    %usr   %nice    %sys %iowait    %irq   %soft  %steal  %guest  %gnice   %idle
10:27:57 PM    0   90.53    0.00    2.11    0.00    0.00    0.00    0.00    0.00    0.00    7.37
10:27:57 PM    1   56.44    0.00   42.57    0.00    0.00    0.99    0.00    0.00    0.00    0.00

10:27:57 PM  CPU    %usr   %nice    %sys %iowait    %irq   %soft  %steal  %guest  %gnice   %idle
10:27:58 PM    0   89.36    0.00    3.19    0.00    0.00    0.00    0.00    0.00    0.00    7.45
10:27:58 PM    1   56.57    0.00   42.42    0.00    0.00    1.01    0.00    0.00    0.00    0.00

10:27:58 PM  CPU    %usr   %nice    %sys %iowait    %irq   %soft  %steal  %guest  %gnice   %idle
10:27:59 PM    0   90.91    0.00    2.02    0.00    0.00    0.00    0.00    0.00    0.00    7.07
10:27:59 PM    1   63.64    0.00   36.36    0.00    0.00    0.00    0.00    0.00    0.00    0.00

10:27:59 PM  CPU    %usr   %nice    %sys %iowait    %irq   %soft  %steal  %guest  %gnice   %idle
10:28:00 PM    0   88.30    0.00    4.26    0.00    0.00    0.00    0.00    0.00    0.00    7.45
10:28:00 PM    1   60.61    0.00   38.38    0.00    0.00    1.01    0.00    0.00    0.00    0.00

10:28:00 PM  CPU    %usr   %nice    %sys %iowait    %irq   %soft  %steal  %guest  %gnice   %idle
10:28:01 PM    0   25.25    0.00    1.01    0.00    0.00    2.02    0.00    0.00    0.00   71.72
10:28:01 PM    1   66.67    0.00   29.41    0.00    0.00    2.94    0.00    0.00    0.00    0.98

10:28:01 PM  CPU    %usr   %nice    %sys %iowait    %irq   %soft  %steal  %guest  %gnice   %idle
10:28:02 PM    0   42.86    0.00    1.90    0.00    0.00    8.57    0.00    0.00    0.00   46.67
10:28:02 PM    1   72.00    0.00   27.00    0.00    0.00    1.00    0.00    0.00    0.00    0.00

10:28:02 PM  CPU    %usr   %nice    %sys %iowait    %irq   %soft  %steal  %guest  %gnice   %idle
10:28:03 PM    0   89.80    0.00    3.06    0.00    0.00    0.00    0.00    0.00    0.00    7.14
10:28:03 PM    1   65.35    0.00   32.67    0.00    0.00    1.98    0.00    0.00    0.00    0.00

10:28:03 PM  CPU    %usr   %nice    %sys %iowait    %irq   %soft  %steal  %guest  %gnice   %idle
10:28:04 PM    0   89.90    0.00    2.02    0.00    0.00    0.00    0.00    0.00    0.00    8.08
10:28:04 PM    1   61.22    0.00   38.78    0.00    0.00    0.00    0.00    0.00    0.00    0.00

10:28:04 PM  CPU    %usr   %nice    %sys %iowait    %irq   %soft  %steal  %guest  %gnice   %idle
10:28:05 PM    0   87.00    0.00    5.00    0.00    0.00    0.00    0.00    0.00    0.00    8.00
10:28:05 PM    1   66.33    0.00   30.61    0.00    0.00    0.00    0.00    0.00    0.00    3.06

10:28:05 PM  CPU    %usr   %nice    %sys %iowait    %irq   %soft  %steal  %guest  %gnice   %idle
10:28:06 PM    0   89.47    0.00    4.21    0.00    0.00    0.00    0.00    0.00    0.00    6.32
10:28:06 PM    1   59.00    0.00   40.00    0.00    0.00    1.00    0.00    0.00    0.00    0.00

10:28:06 PM  CPU    %usr   %nice    %sys %iowait    %irq   %soft  %steal  %guest  %gnice   %idle
10:28:07 PM    0   89.36    0.00    3.19    0.00    0.00    0.00    0.00    0.00    0.00    7.45
10:28:07 PM    1   57.43    0.00   41.58    0.00    0.00    0.99    0.00    0.00    0.00    0.00

10:28:07 PM  CPU    %usr   %nice    %sys %iowait    %irq   %soft  %steal  %guest  %gnice   %idle
10:28:08 PM    0   90.72    0.00    2.06    0.00    0.00    0.00    0.00    0.00    0.00    7.22
10:28:08 PM    1   59.60    0.00   40.40    0.00    0.00    0.00    0.00    0.00    0.00    0.00

10:28:08 PM  CPU    %usr   %nice    %sys %iowait    %irq   %soft  %steal  %guest  %gnice   %idle
10:28:09 PM    0   90.62    0.00    2.08    0.00    0.00    0.00    0.00    0.00    0.00    7.29
10:28:09 PM    1   60.00    0.00   40.00    0.00    0.00    0.00    0.00    0.00    0.00    0.00

10:28:09 PM  CPU    %usr   %nice    %sys %iowait    %irq   %soft  %steal  %guest  %gnice   %idle
10:28:10 PM    0   89.25    0.00    4.30    0.00    0.00    0.00    0.00    0.00    0.00    6.45
10:28:10 PM    1   60.00    0.00   39.00    0.00    0.00    1.00    0.00    0.00    0.00    0.00

10:28:10 PM  CPU    %usr   %nice    %sys %iowait    %irq   %soft  %steal  %guest  %gnice   %idle
10:28:11 PM    0   90.72    0.00    2.06    0.00    0.00    0.00    0.00    0.00    0.00    7.22
10:28:11 PM    1   62.00    0.00   38.00    0.00    0.00    0.00    0.00    0.00    0.00    0.00

10:28:11 PM  CPU    %usr   %nice    %sys %iowait    %irq   %soft  %steal  %guest  %gnice   %idle
10:28:12 PM    0   88.89    0.00    4.04    0.00    0.00    0.00    0.00    0.00    0.00    7.07
10:28:12 PM    1   62.00    0.00   38.00    0.00    0.00    0.00    0.00    0.00    0.00    0.00

10:28:12 PM  CPU    %usr   %nice    %sys %iowait    %irq   %soft  %steal  %guest  %gnice   %idle
10:28:13 PM    0   88.42    0.00    4.21    0.00    0.00    0.00    0.00    0.00    0.00    7.37
10:28:13 PM    1   60.61    0.00   38.38    0.00    0.00    1.01    0.00    0.00    0.00    0.00

10:28:13 PM  CPU    %usr   %nice    %sys %iowait    %irq   %soft  %steal  %guest  %gnice   %idle
10:28:14 PM    0   90.53    0.00    2.11    0.00    0.00    0.00    0.00    0.00    0.00    7.37
10:28:14 PM    1   57.00    0.00   42.00    0.00    0.00    1.00    0.00    0.00    0.00    0.00

10:28:14 PM  CPU    %usr   %nice    %sys %iowait    %irq   %soft  %steal  %guest  %gnice   %idle
10:28:15 PM    0   91.58    0.00    2.11    0.00    0.00    0.00    0.00    0.00    0.00    6.32
10:28:15 PM    1   60.00    0.00   40.00    0.00    0.00    0.00    0.00    0.00    0.00    0.00

10:28:15 PM  CPU    %usr   %nice    %sys %iowait    %irq   %soft  %steal  %guest  %gnice   %idle
10:28:16 PM    0   88.78    0.00    4.08    0.00    0.00    0.00    0.00    0.00    0.00    7.14
10:28:16 PM    1   58.00    0.00   41.00    0.00    0.00    1.00    0.00    0.00    0.00    0.00

10:28:16 PM  CPU    %usr   %nice    %sys %iowait    %irq   %soft  %steal  %guest  %gnice   %idle
10:28:17 PM    0   86.73    0.00    6.12    0.00    0.00    0.00    0.00    0.00    0.00    7.14
10:28:17 PM    1   63.64    0.00   36.36    0.00    0.00    0.00    0.00    0.00    0.00    0.00

10:28:17 PM  CPU    %usr   %nice    %sys %iowait    %irq   %soft  %steal  %guest  %gnice   %idle
10:28:18 PM    0   90.72    0.00    2.06    0.00    0.00    0.00    0.00    0.00    0.00    7.22
10:28:18 PM    1   63.37    0.00   35.64    0.00    0.00    0.99    0.00    0.00    0.00    0.00

10:28:18 PM  CPU    %usr   %nice    %sys %iowait    %irq   %soft  %steal  %guest  %gnice   %idle
10:28:19 PM    0   88.78    0.00    4.08    0.00    0.00    0.00    0.00    0.00    0.00    7.14
10:28:19 PM    1   61.62    0.00   38.38    0.00    0.00    0.00    0.00    0.00    0.00    0.00

10:28:19 PM  CPU    %usr   %nice    %sys %iowait    %irq   %soft  %steal  %guest  %gnice   %idle
10:28:20 PM    0   88.66    0.00    5.15    0.00    0.00    0.00    0.00    0.00    0.00    6.19
10:28:20 PM    1   63.00    0.00   36.00    0.00    0.00    1.00    0.00    0.00    0.00    0.00

10:28:20 PM  CPU    %usr   %nice    %sys %iowait    %irq   %soft  %steal  %guest  %gnice   %idle
10:28:21 PM    0   90.00    0.00    3.00    0.00    0.00    0.00    0.00    0.00    0.00    7.00
10:28:21 PM    1   60.40    0.00   38.61    0.00    0.00    0.99    0.00    0.00    0.00    0.00

10:28:21 PM  CPU    %usr   %nice    %sys %iowait    %irq   %soft  %steal  %guest  %gnice   %idle
10:28:22 PM    0   88.66    0.00    4.12    0.00    0.00    0.00    0.00    0.00    0.00    7.22
10:28:22 PM    1   62.00    0.00   37.00    0.00    0.00    1.00    0.00    0.00    0.00    0.00

10:28:22 PM  CPU    %usr   %nice    %sys %iowait    %irq   %soft  %steal  %guest  %gnice   %idle
10:28:23 PM    0   91.84    0.00    1.02    0.00    0.00    0.00    0.00    0.00    0.00    7.14
10:28:23 PM    1   60.00    0.00   40.00    0.00    0.00    0.00    0.00    0.00    0.00    0.00

10:28:23 PM  CPU    %usr   %nice    %sys %iowait    %irq   %soft  %steal  %guest  %gnice   %idle
10:28:24 PM    0   87.37    0.00    5.26    0.00    0.00    0.00    0.00    0.00    0.00    7.37
10:28:24 PM    1   63.64    0.00   36.36    0.00    0.00    0.00    0.00    0.00    0.00    0.00

10:28:24 PM  CPU    %usr   %nice    %sys %iowait    %irq   %soft  %steal  %guest  %gnice   %idle
10:28:25 PM    0   90.62    0.00    3.12    0.00    0.00    0.00    0.00    0.00    0.00    6.25
10:28:25 PM    1   57.58    0.00   42.42    0.00    0.00    0.00    0.00    0.00    0.00    0.00

10:28:25 PM  CPU    %usr   %nice    %sys %iowait    %irq   %soft  %steal  %guest  %gnice   %idle
10:28:26 PM    0   88.66    0.00    4.12    0.00    0.00    0.00    0.00    0.00    0.00    7.22
10:28:26 PM    1   60.40    0.00   37.62    0.00    0.00    1.98    0.00    0.00    0.00    0.00

10:28:26 PM  CPU    %usr   %nice    %sys %iowait    %irq   %soft  %steal  %guest  %gnice   %idle
10:28:27 PM    0   88.66    0.00    4.12    0.00    0.00    0.00    0.00    0.00    0.00    7.22
10:28:27 PM    1   55.56    0.00   44.44    0.00    0.00    0.00    0.00    0.00    0.00    0.00

10:28:27 PM  CPU    %usr   %nice    %sys %iowait    %irq   %soft  %steal  %guest  %gnice   %idle
10:28:28 PM    0   89.69    0.00    3.09    0.00    0.00    0.00    0.00    0.00    0.00    7.22
10:28:28 PM    1   59.41    0.00   39.60    0.00    0.00    0.99    0.00    0.00    0.00    0.00

10:28:28 PM  CPU    %usr   %nice    %sys %iowait    %irq   %soft  %steal  %guest  %gnice   %idle
10:28:29 PM    0   90.62    0.00    2.08    0.00    0.00    0.00    0.00    0.00    0.00    7.29
10:28:29 PM    1   63.27    0.00   36.73    0.00    0.00    0.00    0.00    0.00    0.00    0.00

10:28:29 PM  CPU    %usr   %nice    %sys %iowait    %irq   %soft  %steal  %guest  %gnice   %idle
10:28:30 PM    0   87.50    0.00    6.25    0.00    0.00    0.00    0.00    0.00    0.00    6.25
10:28:30 PM    1   59.41    0.00   38.61    0.00    0.00    0.99    0.00    0.00    0.00    0.99

10:28:30 PM  CPU    %usr   %nice    %sys %iowait    %irq   %soft  %steal  %guest  %gnice   %idle
10:28:31 PM    0   89.69    0.00    3.09    0.00    0.00    0.00    0.00    0.00    0.00    7.22
10:28:31 PM    1   55.00    0.00   45.00    0.00    0.00    0.00    0.00    0.00    0.00    0.00

10:28:31 PM  CPU    %usr   %nice    %sys %iowait    %irq   %soft  %steal  %guest  %gnice   %idle
10:28:32 PM    0   91.40    0.00    1.08    0.00    0.00    0.00    0.00    0.00    0.00    7.53
10:28:32 PM    1   63.00    0.00   35.00    0.00    0.00    1.00    0.00    0.00    0.00    1.00

10:28:32 PM  CPU    %usr   %nice    %sys %iowait    %irq   %soft  %steal  %guest  %gnice   %idle
10:28:33 PM    0   89.80    0.00    3.06    0.00    0.00    0.00    0.00    0.00    0.00    7.14
10:28:33 PM    1   61.00    0.00   38.00    0.00    0.00    1.00    0.00    0.00    0.00    0.00

10:28:33 PM  CPU    %usr   %nice    %sys %iowait    %irq   %soft  %steal  %guest  %gnice   %idle
10:28:34 PM    0   89.80    0.00    3.06    0.00    0.00    0.00    0.00    0.00    0.00    7.14
10:28:34 PM    1   61.00    0.00   39.00    0.00    0.00    0.00    0.00    0.00    0.00    0.00

10:28:34 PM  CPU    %usr   %nice    %sys %iowait    %irq   %soft  %steal  %guest  %gnice   %idle
10:28:35 PM    0   90.82    0.00    3.06    0.00    0.00    0.00    0.00    0.00    0.00    6.12
10:28:35 PM    1   59.60    0.00   36.36    0.00    0.00    2.02    0.00    0.00    0.00    2.02

10:28:35 PM  CPU    %usr   %nice    %sys %iowait    %irq   %soft  %steal  %guest  %gnice   %idle
10:28:36 PM    0   89.90    0.00    3.03    0.00    0.00    0.00    0.00    0.00    0.00    7.07
10:28:36 PM    1   60.00    0.00   40.00    0.00    0.00    0.00    0.00    0.00    0.00    0.00

10:28:36 PM  CPU    %usr   %nice    %sys %iowait    %irq   %soft  %steal  %guest  %gnice   %idle
10:28:37 PM    0   89.25    0.00    3.23    0.00    0.00    0.00    0.00    0.00    0.00    7.53
10:28:37 PM    1   62.00    0.00   36.00    0.00    0.00    1.00    0.00    0.00    0.00    1.00

10:28:37 PM  CPU    %usr   %nice    %sys %iowait    %irq   %soft  %steal  %guest  %gnice   %idle
10:28:38 PM    0   88.54    0.00    4.17    0.00    0.00    0.00    0.00    0.00    0.00    7.29
10:28:38 PM    1   68.00    0.00   32.00    0.00    0.00    0.00    0.00    0.00    0.00    0.00

10:28:38 PM  CPU    %usr   %nice    %sys %iowait    %irq   %soft  %steal  %guest  %gnice   %idle
10:28:39 PM    0   92.47    0.00    1.08    0.00    0.00    0.00    0.00    0.00    0.00    6.45
10:28:39 PM    1   62.00    0.00   37.00    0.00    0.00    1.00    0.00    0.00    0.00    0.00

10:28:39 PM  CPU    %usr   %nice    %sys %iowait    %irq   %soft  %steal  %guest  %gnice   %idle
10:28:40 PM    0   89.58    0.00    3.12    0.00    0.00    0.00    0.00    0.00    0.00    7.29
10:28:40 PM    1   59.00    0.00   41.00    0.00    0.00    0.00    0.00    0.00    0.00    0.00

10:28:40 PM  CPU    %usr   %nice    %sys %iowait    %irq   %soft  %steal  %guest  %gnice   %idle
10:28:41 PM    0   88.89    0.00    4.04    0.00    0.00    0.00    0.00    0.00    0.00    7.07
10:28:41 PM    1   59.60    0.00   40.40    0.00    0.00    0.00    0.00    0.00    0.00    0.00

10:28:41 PM  CPU    %usr   %nice    %sys %iowait    %irq   %soft  %steal  %guest  %gnice   %idle
10:28:42 PM    0   87.37    0.00    5.26    0.00    0.00    0.00    0.00    0.00    0.00    7.37
10:28:42 PM    1   58.00    0.00   41.00    0.00    0.00    1.00    0.00    0.00    0.00    0.00

10:28:42 PM  CPU    %usr   %nice    %sys %iowait    %irq   %soft  %steal  %guest  %gnice   %idle
10:28:43 PM    0   89.58    0.00    3.12    0.00    0.00    0.00    0.00    0.00    0.00    7.29
10:28:43 PM    1   60.61    0.00   39.39    0.00    0.00    0.00    0.00    0.00    0.00    0.00

10:28:43 PM  CPU    %usr   %nice    %sys %iowait    %irq   %soft  %steal  %guest  %gnice   %idle
10:28:44 PM    0   89.36    0.00    3.19    0.00    0.00    0.00    0.00    0.00    0.00    7.45
10:28:44 PM    1   62.38    0.00   36.63    0.00    0.00    0.99    0.00    0.00    0.00    0.00

10:28:44 PM  CPU    %usr   %nice    %sys %iowait    %irq   %soft  %steal  %guest  %gnice   %idle
10:28:45 PM    0   91.84    0.00    1.02    0.00    0.00    0.00    0.00    0.00    0.00    7.14
10:28:45 PM    1   58.59    0.00   41.41    0.00    0.00    0.00    0.00    0.00    0.00    0.00

10:28:45 PM  CPU    %usr   %nice    %sys %iowait    %irq   %soft  %steal  %guest  %gnice   %idle
10:28:46 PM    0   89.58    0.00    3.12    0.00    0.00    0.00    0.00    0.00    0.00    7.29
10:28:46 PM    1   59.00    0.00   41.00    0.00    0.00    0.00    0.00    0.00    0.00    0.00

10:28:46 PM  CPU    %usr   %nice    %sys %iowait    %irq   %soft  %steal  %guest  %gnice   %idle
10:28:47 PM    0   89.90    0.00    3.03    0.00    0.00    0.00    0.00    0.00    0.00    7.07
10:28:47 PM    1   59.60    0.00   38.38    0.00    0.00    2.02    0.00    0.00    0.00    0.00

10:28:47 PM  CPU    %usr   %nice    %sys %iowait    %irq   %soft  %steal  %guest  %gnice   %idle
10:28:48 PM    0   89.69    0.00    4.12    0.00    0.00    0.00    0.00    0.00    0.00    6.19
10:28:48 PM    1   66.34    0.00   33.66    0.00    0.00    0.00    0.00    0.00    0.00    0.00

10:28:48 PM  CPU    %usr   %nice    %sys %iowait    %irq   %soft  %steal  %guest  %gnice   %idle
10:28:49 PM    0   88.78    0.00    3.06    0.00    0.00    0.00    0.00    0.00    0.00    8.16
10:28:49 PM    1   62.00    0.00   37.00    0.00    0.00    1.00    0.00    0.00    0.00    0.00

10:28:49 PM  CPU    %usr   %nice    %sys %iowait    %irq   %soft  %steal  %guest  %gnice   %idle
10:28:50 PM    0   89.80    0.00    4.08    0.00    0.00    0.00    0.00    0.00    0.00    6.12
10:28:50 PM    1   59.60    0.00   38.38    0.00    0.00    1.01    0.00    0.00    0.00    1.01

10:28:50 PM  CPU    %usr   %nice    %sys %iowait    %irq   %soft  %steal  %guest  %gnice   %idle
10:28:51 PM    0   88.54    0.00    4.17    0.00    0.00    0.00    0.00    0.00    0.00    7.29
10:28:51 PM    1   60.40    0.00   38.61    0.00    0.00    0.99    0.00    0.00    0.00    0.00

10:28:51 PM  CPU    %usr   %nice    %sys %iowait    %irq   %soft  %steal  %guest  %gnice   %idle
10:28:52 PM    0   62.63    0.00    1.01    0.00    0.00    0.00    0.00    0.00    0.00   36.36
10:28:52 PM    1   65.66    0.00   32.32    0.00    0.00    2.02    0.00    0.00    0.00    0.00

10:28:52 PM  CPU    %usr   %nice    %sys %iowait    %irq   %soft  %steal  %guest  %gnice   %idle
10:28:53 PM    0    0.00    0.00    0.00    0.00    0.00    4.76    0.00    0.00    0.00   95.24
10:28:53 PM    1   72.28    0.00   23.76    0.00    0.00    3.96    0.00    0.00    0.00    0.00

10:28:53 PM  CPU    %usr   %nice    %sys %iowait    %irq   %soft  %steal  %guest  %gnice   %idle
10:28:54 PM    0    1.87    0.00    0.93    0.00    0.00    7.48    0.00    0.00    0.00   89.72
10:28:54 PM    1   73.00    0.00   25.00    0.00    0.00    2.00    0.00    0.00    0.00    0.00

10:28:54 PM  CPU    %usr   %nice    %sys %iowait    %irq   %soft  %steal  %guest  %gnice   %idle
10:28:55 PM    0   90.32    0.00    2.15    0.00    0.00    0.00    0.00    0.00    0.00    7.53
10:28:55 PM    1   58.00    0.00   42.00    0.00    0.00    0.00    0.00    0.00    0.00    0.00

10:28:55 PM  CPU    %usr   %nice    %sys %iowait    %irq   %soft  %steal  %guest  %gnice   %idle
10:28:56 PM    0   88.54    0.00    4.17    0.00    0.00    0.00    0.00    0.00    0.00    7.29
10:28:56 PM    1   65.00    0.00   35.00    0.00    0.00    0.00    0.00    0.00    0.00    0.00

10:28:56 PM  CPU    %usr   %nice    %sys %iowait    %irq   %soft  %steal  %guest  %gnice   %idle
10:28:57 PM    0   85.71    0.00    6.12    0.00    0.00    0.00    0.00    0.00    0.00    8.16
10:28:57 PM    1   64.00    0.00   36.00    0.00    0.00    0.00    0.00    0.00    0.00    0.00

10:28:57 PM  CPU    %usr   %nice    %sys %iowait    %irq   %soft  %steal  %guest  %gnice   %idle
10:28:58 PM    0   83.67    0.00    8.16    0.00    0.00    0.00    0.00    0.00    0.00    8.16
10:28:58 PM    1   67.00    0.00   33.00    0.00    0.00    0.00    0.00    0.00    0.00    0.00

Average:     CPU    %usr   %nice    %sys %iowait    %irq   %soft  %steal  %guest  %gnice   %idle
Average:       0   83.33    0.00    5.48    0.00    0.00    1.10    0.00    0.00    0.00   10.09
Average:       1   61.55    0.00   37.48    0.00    0.00    0.71    0.00    0.00    0.00    0.26
