Linux 5.3.0-59-generic (ericmei) 	06/29/2020 	_x86_64_	(12 CPU)

10:19:06 PM  CPU    %usr   %nice    %sys %iowait    %irq   %soft  %steal  %guest  %gnice   %idle
10:19:07 PM    0   72.28    0.00   18.81    0.00    0.00    6.93    0.00    0.00    0.00    1.98
10:19:07 PM    1   62.38    0.00   37.62    0.00    0.00    0.00    0.00    0.00    0.00    0.00

10:19:07 PM  CPU    %usr   %nice    %sys %iowait    %irq   %soft  %steal  %guest  %gnice   %idle
10:19:08 PM    0   68.69    0.00   18.18    0.00    0.00    5.05    0.00    0.00    0.00    8.08
10:19:08 PM    1   56.57    0.00   39.39    0.00    0.00    1.01    0.00    0.00    0.00    3.03

10:19:08 PM  CPU    %usr   %nice    %sys %iowait    %irq   %soft  %steal  %guest  %gnice   %idle
10:19:09 PM    0   70.71    0.00   19.19    0.00    0.00    9.09    0.00    0.00    0.00    1.01
10:19:09 PM    1   58.59    0.00   40.40    0.00    0.00    1.01    0.00    0.00    0.00    0.00

10:19:09 PM  CPU    %usr   %nice    %sys %iowait    %irq   %soft  %steal  %guest  %gnice   %idle
10:19:10 PM    0   73.74    0.00   18.18    0.00    0.00    7.07    0.00    0.00    0.00    1.01
10:19:10 PM    1   53.47    0.00   45.54    0.00    0.00    0.99    0.00    0.00    0.00    0.00

10:19:10 PM  CPU    %usr   %nice    %sys %iowait    %irq   %soft  %steal  %guest  %gnice   %idle
10:19:11 PM    0   72.73    0.00   21.21    0.00    0.00    5.05    0.00    0.00    0.00    1.01
10:19:11 PM    1   60.00    0.00   40.00    0.00    0.00    0.00    0.00    0.00    0.00    0.00

10:19:11 PM  CPU    %usr   %nice    %sys %iowait    %irq   %soft  %steal  %guest  %gnice   %idle
10:19:12 PM    0   75.76    0.00   17.17    0.00    0.00    5.05    0.00    0.00    0.00    2.02
10:19:12 PM    1   60.82    0.00   39.18    0.00    0.00    0.00    0.00    0.00    0.00    0.00

10:19:12 PM  CPU    %usr   %nice    %sys %iowait    %irq   %soft  %steal  %guest  %gnice   %idle
10:19:13 PM    0   72.45    0.00   20.41    0.00    0.00    6.12    0.00    0.00    0.00    1.02
10:19:13 PM    1   56.44    0.00   39.60    0.00    0.00    1.98    0.00    0.00    0.00    1.98

10:19:13 PM  CPU    %usr   %nice    %sys %iowait    %irq   %soft  %steal  %guest  %gnice   %idle
10:19:14 PM    0   68.37    0.00   23.47    0.00    0.00    7.14    0.00    0.00    0.00    1.02
10:19:14 PM    1   61.00    0.00   39.00    0.00    0.00    0.00    0.00    0.00    0.00    0.00

10:19:14 PM  CPU    %usr   %nice    %sys %iowait    %irq   %soft  %steal  %guest  %gnice   %idle
10:19:15 PM    0   69.70    0.00   22.22    0.00    0.00    7.07    0.00    0.00    0.00    1.01
10:19:15 PM    1   58.59    0.00   41.41    0.00    0.00    0.00    0.00    0.00    0.00    0.00

10:19:15 PM  CPU    %usr   %nice    %sys %iowait    %irq   %soft  %steal  %guest  %gnice   %idle
10:19:16 PM    0   72.73    0.00   18.18    0.00    0.00    8.08    0.00    0.00    0.00    1.01
10:19:16 PM    1   56.00    0.00   43.00    0.00    0.00    1.00    0.00    0.00    0.00    0.00

10:19:16 PM  CPU    %usr   %nice    %sys %iowait    %irq   %soft  %steal  %guest  %gnice   %idle
10:19:17 PM    0   62.24    0.00   26.53    0.00    0.00   10.20    0.00    0.00    0.00    1.02
10:19:17 PM    1   58.42    0.00   40.59    0.00    0.00    0.99    0.00    0.00    0.00    0.00

10:19:17 PM  CPU    %usr   %nice    %sys %iowait    %irq   %soft  %steal  %guest  %gnice   %idle
10:19:18 PM    0   68.69    0.00   25.25    0.00    0.00    5.05    0.00    0.00    0.00    1.01
10:19:18 PM    1   62.63    0.00   37.37    0.00    0.00    0.00    0.00    0.00    0.00    0.00

10:19:18 PM  CPU    %usr   %nice    %sys %iowait    %irq   %soft  %steal  %guest  %gnice   %idle
10:19:19 PM    0   74.75    0.00   18.18    0.00    0.00    6.06    0.00    0.00    0.00    1.01
10:19:19 PM    1   63.00    0.00   36.00    0.00    0.00    1.00    0.00    0.00    0.00    0.00

10:19:19 PM  CPU    %usr   %nice    %sys %iowait    %irq   %soft  %steal  %guest  %gnice   %idle
10:19:20 PM    0   74.49    0.00   20.41    0.00    0.00    4.08    0.00    0.00    0.00    1.02
10:19:20 PM    1   63.00    0.00   37.00    0.00    0.00    0.00    0.00    0.00    0.00    0.00

10:19:20 PM  CPU    %usr   %nice    %sys %iowait    %irq   %soft  %steal  %guest  %gnice   %idle
10:19:21 PM    0   68.37    0.00   20.41    0.00    0.00   10.20    0.00    0.00    0.00    1.02
10:19:21 PM    1   58.00    0.00   41.00    0.00    0.00    1.00    0.00    0.00    0.00    0.00

10:19:21 PM  CPU    %usr   %nice    %sys %iowait    %irq   %soft  %steal  %guest  %gnice   %idle
10:19:22 PM    0   67.33    0.00   22.77    0.00    0.00    3.96    0.00    0.00    0.00    5.94
10:19:22 PM    1   60.00    0.00   40.00    0.00    0.00    0.00    0.00    0.00    0.00    0.00

10:19:22 PM  CPU    %usr   %nice    %sys %iowait    %irq   %soft  %steal  %guest  %gnice   %idle
10:19:23 PM    0   66.67    0.00   16.67    0.00    0.00    3.92    0.00    0.00    0.00   12.75
10:19:23 PM    1   63.64    0.00   35.35    0.00    0.00    0.00    0.00    0.00    0.00    1.01

10:19:23 PM  CPU    %usr   %nice    %sys %iowait    %irq   %soft  %steal  %guest  %gnice   %idle
10:19:24 PM    0   73.47    0.00   19.39    0.00    0.00    7.14    0.00    0.00    0.00    0.00
10:19:24 PM    1   57.00    0.00   41.00    0.00    0.00    2.00    0.00    0.00    0.00    0.00

10:19:24 PM  CPU    %usr   %nice    %sys %iowait    %irq   %soft  %steal  %guest  %gnice   %idle
10:19:25 PM    0   73.00    0.00   17.00    0.00    0.00    8.00    0.00    0.00    0.00    2.00
10:19:25 PM    1   61.00    0.00   38.00    0.00    0.00    0.00    0.00    0.00    0.00    1.00

10:19:25 PM  CPU    %usr   %nice    %sys %iowait    %irq   %soft  %steal  %guest  %gnice   %idle
10:19:26 PM    0   68.37    0.00   23.47    0.00    0.00    7.14    0.00    0.00    0.00    1.02
10:19:26 PM    1   63.00    0.00   36.00    0.00    0.00    1.00    0.00    0.00    0.00    0.00

10:19:26 PM  CPU    %usr   %nice    %sys %iowait    %irq   %soft  %steal  %guest  %gnice   %idle
10:19:27 PM    0   75.76    0.00   16.16    0.00    0.00    7.07    0.00    0.00    0.00    1.01
10:19:27 PM    1   62.00    0.00   38.00    0.00    0.00    0.00    0.00    0.00    0.00    0.00

10:19:27 PM  CPU    %usr   %nice    %sys %iowait    %irq   %soft  %steal  %guest  %gnice   %idle
10:19:28 PM    0   76.00    0.00   16.00    0.00    0.00    7.00    0.00    0.00    0.00    1.00
10:19:28 PM    1   56.44    0.00   42.57    0.00    0.00    0.99    0.00    0.00    0.00    0.00

10:19:28 PM  CPU    %usr   %nice    %sys %iowait    %irq   %soft  %steal  %guest  %gnice   %idle
10:19:29 PM    0   73.74    0.00   19.19    0.00    0.00    6.06    0.00    0.00    0.00    1.01
10:19:29 PM    1   60.61    0.00   38.38    0.00    0.00    1.01    0.00    0.00    0.00    0.00

10:19:29 PM  CPU    %usr   %nice    %sys %iowait    %irq   %soft  %steal  %guest  %gnice   %idle
10:19:30 PM    0   69.07    0.00   20.62    0.00    0.00    9.28    0.00    0.00    0.00    1.03
10:19:30 PM    1   64.00    0.00   36.00    0.00    0.00    0.00    0.00    0.00    0.00    0.00

10:19:30 PM  CPU    %usr   %nice    %sys %iowait    %irq   %soft  %steal  %guest  %gnice   %idle
10:19:31 PM    0   72.45    0.00   25.51    0.00    0.00    1.02    0.00    0.00    0.00    1.02
10:19:31 PM    1   60.00    0.00   39.00    0.00    0.00    1.00    0.00    0.00    0.00    0.00

10:19:31 PM  CPU    %usr   %nice    %sys %iowait    %irq   %soft  %steal  %guest  %gnice   %idle
10:19:32 PM    0   70.10    0.00   19.59    0.00    0.00    9.28    0.00    0.00    0.00    1.03
10:19:32 PM    1   54.00    0.00   46.00    0.00    0.00    0.00    0.00    0.00    0.00    0.00

10:19:32 PM  CPU    %usr   %nice    %sys %iowait    %irq   %soft  %steal  %guest  %gnice   %idle
10:19:33 PM    0   72.00    0.00   21.00    0.00    0.00    6.00    0.00    0.00    0.00    1.00
10:19:33 PM    1   62.00    0.00   38.00    0.00    0.00    0.00    0.00    0.00    0.00    0.00

10:19:33 PM  CPU    %usr   %nice    %sys %iowait    %irq   %soft  %steal  %guest  %gnice   %idle
10:19:34 PM    0   70.10    0.00   22.68    0.00    0.00    6.19    0.00    0.00    0.00    1.03
10:19:34 PM    1   56.00    0.00   43.00    0.00    0.00    1.00    0.00    0.00    0.00    0.00

10:19:34 PM  CPU    %usr   %nice    %sys %iowait    %irq   %soft  %steal  %guest  %gnice   %idle
10:19:35 PM    0   73.00    0.00   23.00    0.00    0.00    3.00    0.00    0.00    0.00    1.00
10:19:35 PM    1   54.00    0.00   44.00    0.00    0.00    1.00    0.00    0.00    0.00    1.00

10:19:35 PM  CPU    %usr   %nice    %sys %iowait    %irq   %soft  %steal  %guest  %gnice   %idle
10:19:36 PM    0   73.00    0.00   20.00    0.00    0.00    6.00    0.00    0.00    0.00    1.00
10:19:36 PM    1   61.00    0.00   39.00    0.00    0.00    0.00    0.00    0.00    0.00    0.00

10:19:36 PM  CPU    %usr   %nice    %sys %iowait    %irq   %soft  %steal  %guest  %gnice   %idle
10:19:37 PM    0   70.41    0.00   20.41    0.00    0.00    8.16    0.00    0.00    0.00    1.02
10:19:37 PM    1   63.00    0.00   37.00    0.00    0.00    0.00    0.00    0.00    0.00    0.00

10:19:37 PM  CPU    %usr   %nice    %sys %iowait    %irq   %soft  %steal  %guest  %gnice   %idle
10:19:38 PM    0   72.28    0.00   19.80    0.00    0.00    6.93    0.00    0.00    0.00    0.99
10:19:38 PM    1   61.00    0.00   36.00    0.00    0.00    1.00    0.00    0.00    0.00    2.00

10:19:38 PM  CPU    %usr   %nice    %sys %iowait    %irq   %soft  %steal  %guest  %gnice   %idle
10:19:39 PM    0   77.55    0.00   18.37    0.00    0.00    3.06    0.00    0.00    0.00    1.02
10:19:39 PM    1   62.63    0.00   37.37    0.00    0.00    0.00    0.00    0.00    0.00    0.00

10:19:39 PM  CPU    %usr   %nice    %sys %iowait    %irq   %soft  %steal  %guest  %gnice   %idle
10:19:40 PM    0   71.72    0.00   19.19    0.00    0.00    8.08    0.00    0.00    0.00    1.01
10:19:40 PM    1   63.00    0.00   37.00    0.00    0.00    0.00    0.00    0.00    0.00    0.00

10:19:40 PM  CPU    %usr   %nice    %sys %iowait    %irq   %soft  %steal  %guest  %gnice   %idle
10:19:41 PM    0   73.74    0.00   21.21    0.00    0.00    4.04    0.00    0.00    0.00    1.01
10:19:41 PM    1   56.00    0.00   43.00    0.00    0.00    1.00    0.00    0.00    0.00    0.00

10:19:41 PM  CPU    %usr   %nice    %sys %iowait    %irq   %soft  %steal  %guest  %gnice   %idle
10:19:42 PM    0   67.35    0.00   23.47    0.00    0.00    8.16    0.00    0.00    0.00    1.02
10:19:42 PM    1   63.37    0.00   36.63    0.00    0.00    0.00    0.00    0.00    0.00    0.00

10:19:42 PM  CPU    %usr   %nice    %sys %iowait    %irq   %soft  %steal  %guest  %gnice   %idle
10:19:43 PM    0   68.04    0.00   21.65    0.00    0.00    9.28    0.00    0.00    0.00    1.03
10:19:43 PM    1   62.00    0.00   38.00    0.00    0.00    0.00    0.00    0.00    0.00    0.00

10:19:43 PM  CPU    %usr   %nice    %sys %iowait    %irq   %soft  %steal  %guest  %gnice   %idle
10:19:44 PM    0   73.47    0.00   20.41    0.00    0.00    5.10    0.00    0.00    0.00    1.02
10:19:44 PM    1   62.00    0.00   36.00    0.00    0.00    2.00    0.00    0.00    0.00    0.00

10:19:44 PM  CPU    %usr   %nice    %sys %iowait    %irq   %soft  %steal  %guest  %gnice   %idle
10:19:45 PM    0   70.00    0.00   21.00    0.00    0.00    7.00    0.00    0.00    0.00    2.00
10:19:45 PM    1   62.63    0.00   37.37    0.00    0.00    0.00    0.00    0.00    0.00    0.00

10:19:45 PM  CPU    %usr   %nice    %sys %iowait    %irq   %soft  %steal  %guest  %gnice   %idle
10:19:46 PM    0   75.76    0.00   18.18    0.00    0.00    5.05    0.00    0.00    0.00    1.01
10:19:46 PM    1   57.43    0.00   41.58    0.00    0.00    0.99    0.00    0.00    0.00    0.00

10:19:46 PM  CPU    %usr   %nice    %sys %iowait    %irq   %soft  %steal  %guest  %gnice   %idle
10:19:47 PM    0   70.00    0.00   21.00    0.00    0.00    8.00    0.00    0.00    0.00    1.00
10:19:47 PM    1   56.57    0.00   43.43    0.00    0.00    0.00    0.00    0.00    0.00    0.00

10:19:47 PM  CPU    %usr   %nice    %sys %iowait    %irq   %soft  %steal  %guest  %gnice   %idle
10:19:48 PM    0   69.07    0.00   22.68    0.00    0.00    7.22    0.00    0.00    0.00    1.03
10:19:48 PM    1   63.64    0.00   35.35    0.00    0.00    1.01    0.00    0.00    0.00    0.00

10:19:48 PM  CPU    %usr   %nice    %sys %iowait    %irq   %soft  %steal  %guest  %gnice   %idle
10:19:49 PM    0   72.45    0.00   21.43    0.00    0.00    5.10    0.00    0.00    0.00    1.02
10:19:49 PM    1   64.00    0.00   36.00    0.00    0.00    0.00    0.00    0.00    0.00    0.00

10:19:49 PM  CPU    %usr   %nice    %sys %iowait    %irq   %soft  %steal  %guest  %gnice   %idle
10:19:50 PM    0   72.45    0.00   22.45    0.00    0.00    4.08    0.00    0.00    0.00    1.02
10:19:50 PM    1   61.00    0.00   39.00    0.00    0.00    0.00    0.00    0.00    0.00    0.00

10:19:50 PM  CPU    %usr   %nice    %sys %iowait    %irq   %soft  %steal  %guest  %gnice   %idle
10:19:51 PM    0   73.47    0.00   19.39    0.00    0.00    6.12    0.00    0.00    0.00    1.02
10:19:51 PM    1   61.39    0.00   36.63    0.00    0.00    1.98    0.00    0.00    0.00    0.00

10:19:51 PM  CPU    %usr   %nice    %sys %iowait    %irq   %soft  %steal  %guest  %gnice   %idle
10:19:52 PM    0   73.00    0.00   19.00    0.00    0.00    7.00    0.00    0.00    0.00    1.00
10:19:52 PM    1   59.00    0.00   41.00    0.00    0.00    0.00    0.00    0.00    0.00    0.00

10:19:52 PM  CPU    %usr   %nice    %sys %iowait    %irq   %soft  %steal  %guest  %gnice   %idle
10:19:53 PM    0   39.81    0.00   14.56    0.00    0.00    8.74    0.00    0.00    0.00   36.89
10:19:53 PM    1   67.00    0.00   30.00    0.00    0.00    1.00    0.00    0.00    0.00    2.00

10:19:53 PM  CPU    %usr   %nice    %sys %iowait    %irq   %soft  %steal  %guest  %gnice   %idle
10:19:54 PM    0   72.00    0.00   22.00    0.00    0.00    5.00    0.00    0.00    0.00    1.00
10:19:54 PM    1   59.41    0.00   39.60    0.00    0.00    0.99    0.00    0.00    0.00    0.00

10:19:54 PM  CPU    %usr   %nice    %sys %iowait    %irq   %soft  %steal  %guest  %gnice   %idle
10:19:55 PM    0   73.20    0.00   21.65    0.00    0.00    3.09    0.00    0.00    0.00    2.06
10:19:55 PM    1   62.63    0.00   37.37    0.00    0.00    0.00    0.00    0.00    0.00    0.00

10:19:55 PM  CPU    %usr   %nice    %sys %iowait    %irq   %soft  %steal  %guest  %gnice   %idle
10:19:56 PM    0   71.13    0.00   23.71    0.00    0.00    5.15    0.00    0.00    0.00    0.00
10:19:56 PM    1   59.00    0.00   40.00    0.00    0.00    1.00    0.00    0.00    0.00    0.00

10:19:56 PM  CPU    %usr   %nice    %sys %iowait    %irq   %soft  %steal  %guest  %gnice   %idle
10:19:57 PM    0   70.71    0.00   23.23    0.00    0.00    5.05    0.00    0.00    0.00    1.01
10:19:57 PM    1   64.00    0.00   36.00    0.00    0.00    0.00    0.00    0.00    0.00    0.00

10:19:57 PM  CPU    %usr   %nice    %sys %iowait    %irq   %soft  %steal  %guest  %gnice   %idle
10:19:58 PM    0   73.74    0.00   19.19    0.00    0.00    5.05    0.00    0.00    0.00    2.02
10:19:58 PM    1   61.00    0.00   38.00    0.00    0.00    0.00    0.00    0.00    0.00    1.00

10:19:58 PM  CPU    %usr   %nice    %sys %iowait    %irq   %soft  %steal  %guest  %gnice   %idle
10:19:59 PM    0   73.00    0.00   19.00    0.00    0.00    7.00    0.00    0.00    0.00    1.00
10:19:59 PM    1   64.00    0.00   36.00    0.00    0.00    0.00    0.00    0.00    0.00    0.00

10:19:59 PM  CPU    %usr   %nice    %sys %iowait    %irq   %soft  %steal  %guest  %gnice   %idle
10:20:00 PM    0   68.37    0.00   23.47    0.00    0.00    7.14    0.00    0.00    0.00    1.02
10:20:00 PM    1   61.62    0.00   37.37    0.00    0.00    1.01    0.00    0.00    0.00    0.00

10:20:00 PM  CPU    %usr   %nice    %sys %iowait    %irq   %soft  %steal  %guest  %gnice   %idle
10:20:01 PM    0   71.72    0.00   23.23    0.00    0.00    4.04    0.00    0.00    0.00    1.01
10:20:01 PM    1   59.00    0.00   40.00    0.00    0.00    1.00    0.00    0.00    0.00    0.00

10:20:01 PM  CPU    %usr   %nice    %sys %iowait    %irq   %soft  %steal  %guest  %gnice   %idle
10:20:02 PM    0   72.73    0.00   19.19    0.00    0.00    7.07    0.00    0.00    0.00    1.01
10:20:02 PM    1   59.00    0.00   40.00    0.00    0.00    1.00    0.00    0.00    0.00    0.00

10:20:02 PM  CPU    %usr   %nice    %sys %iowait    %irq   %soft  %steal  %guest  %gnice   %idle
10:20:03 PM    0   73.00    0.00   21.00    0.00    0.00    5.00    0.00    0.00    0.00    1.00
10:20:03 PM    1   58.00    0.00   40.00    0.00    0.00    0.00    0.00    0.00    0.00    2.00

10:20:03 PM  CPU    %usr   %nice    %sys %iowait    %irq   %soft  %steal  %guest  %gnice   %idle
10:20:04 PM    0   72.45    0.00   21.43    0.00    0.00    5.10    0.00    0.00    0.00    1.02
10:20:04 PM    1   55.00    0.00   44.00    0.00    0.00    1.00    0.00    0.00    0.00    0.00

10:20:04 PM  CPU    %usr   %nice    %sys %iowait    %irq   %soft  %steal  %guest  %gnice   %idle
10:20:05 PM    0   70.10    0.00   20.62    0.00    0.00    8.25    0.00    0.00    0.00    1.03
10:20:05 PM    1   55.00    0.00   45.00    0.00    0.00    0.00    0.00    0.00    0.00    0.00

10:20:05 PM  CPU    %usr   %nice    %sys %iowait    %irq   %soft  %steal  %guest  %gnice   %idle
10:20:06 PM    0   72.00    0.00   19.00    0.00    0.00    8.00    0.00    0.00    0.00    1.00
10:20:06 PM    1   68.32    0.00   30.69    0.00    0.00    0.99    0.00    0.00    0.00    0.00

10:20:06 PM  CPU    %usr   %nice    %sys %iowait    %irq   %soft  %steal  %guest  %gnice   %idle
10:20:07 PM    0   71.00    0.00   23.00    0.00    0.00    5.00    0.00    0.00    0.00    1.00
10:20:07 PM    1   62.63    0.00   37.37    0.00    0.00    0.00    0.00    0.00    0.00    0.00

10:20:07 PM  CPU    %usr   %nice    %sys %iowait    %irq   %soft  %steal  %guest  %gnice   %idle
10:20:08 PM    0   69.70    0.00   23.23    0.00    0.00    6.06    0.00    0.00    0.00    1.01
10:20:08 PM    1   60.20    0.00   39.80    0.00    0.00    0.00    0.00    0.00    0.00    0.00

10:20:08 PM  CPU    %usr   %nice    %sys %iowait    %irq   %soft  %steal  %guest  %gnice   %idle
10:20:09 PM    0   70.71    0.00   20.20    0.00    0.00    8.08    0.00    0.00    0.00    1.01
10:20:09 PM    1   60.40    0.00   38.61    0.00    0.00    0.99    0.00    0.00    0.00    0.00

10:20:09 PM  CPU    %usr   %nice    %sys %iowait    %irq   %soft  %steal  %guest  %gnice   %idle
10:20:10 PM    0   73.74    0.00   21.21    0.00    0.00    4.04    0.00    0.00    0.00    1.01
10:20:10 PM    1   58.00    0.00   41.00    0.00    0.00    0.00    0.00    0.00    0.00    1.00

10:20:10 PM  CPU    %usr   %nice    %sys %iowait    %irq   %soft  %steal  %guest  %gnice   %idle
10:20:11 PM    0   70.10    0.00   22.68    0.00    0.00    6.19    0.00    0.00    0.00    1.03
10:20:11 PM    1   56.00    0.00   42.00    0.00    0.00    2.00    0.00    0.00    0.00    0.00

10:20:11 PM  CPU    %usr   %nice    %sys %iowait    %irq   %soft  %steal  %guest  %gnice   %idle
10:20:12 PM    0   71.43    0.00   22.45    0.00    0.00    5.10    0.00    0.00    0.00    1.02
10:20:12 PM    1   62.63    0.00   36.36    0.00    0.00    1.01    0.00    0.00    0.00    0.00

10:20:12 PM  CPU    %usr   %nice    %sys %iowait    %irq   %soft  %steal  %guest  %gnice   %idle
10:20:13 PM    0   73.00    0.00   20.00    0.00    0.00    6.00    0.00    0.00    0.00    1.00
10:20:13 PM    1   63.37    0.00   35.64    0.00    0.00    0.99    0.00    0.00    0.00    0.00

10:20:13 PM  CPU    %usr   %nice    %sys %iowait    %irq   %soft  %steal  %guest  %gnice   %idle
10:20:14 PM    0   75.00    0.00   18.00    0.00    0.00    6.00    0.00    0.00    0.00    1.00
10:20:14 PM    1   57.58    0.00   42.42    0.00    0.00    0.00    0.00    0.00    0.00    0.00

10:20:14 PM  CPU    %usr   %nice    %sys %iowait    %irq   %soft  %steal  %guest  %gnice   %idle
10:20:15 PM    0   66.33    0.00   26.53    0.00    0.00    6.12    0.00    0.00    0.00    1.02
10:20:15 PM    1   59.41    0.00   39.60    0.00    0.00    0.00    0.00    0.00    0.00    0.99

10:20:15 PM  CPU    %usr   %nice    %sys %iowait    %irq   %soft  %steal  %guest  %gnice   %idle
10:20:16 PM    0   76.77    0.00   17.17    0.00    0.00    5.05    0.00    0.00    0.00    1.01
10:20:16 PM    1   58.00    0.00   41.00    0.00    0.00    1.00    0.00    0.00    0.00    0.00

10:20:16 PM  CPU    %usr   %nice    %sys %iowait    %irq   %soft  %steal  %guest  %gnice   %idle
10:20:17 PM    0   70.71    0.00   18.18    0.00    0.00   10.10    0.00    0.00    0.00    1.01
10:20:17 PM    1   56.00    0.00   43.00    0.00    0.00    1.00    0.00    0.00    0.00    0.00

10:20:17 PM  CPU    %usr   %nice    %sys %iowait    %irq   %soft  %steal  %guest  %gnice   %idle
10:20:18 PM    0   72.45    0.00   19.39    0.00    0.00    6.12    0.00    0.00    0.00    2.04
10:20:18 PM    1   57.58    0.00   41.41    0.00    0.00    1.01    0.00    0.00    0.00    0.00

10:20:18 PM  CPU    %usr   %nice    %sys %iowait    %irq   %soft  %steal  %guest  %gnice   %idle
10:20:19 PM    0   76.53    0.00   16.33    0.00    0.00    6.12    0.00    0.00    0.00    1.02
10:20:19 PM    1   62.00    0.00   38.00    0.00    0.00    0.00    0.00    0.00    0.00    0.00

10:20:19 PM  CPU    %usr   %nice    %sys %iowait    %irq   %soft  %steal  %guest  %gnice   %idle
10:20:20 PM    0   72.00    0.00   19.00    0.00    0.00    8.00    0.00    0.00    0.00    1.00
10:20:20 PM    1   60.00    0.00   39.00    0.00    0.00    1.00    0.00    0.00    0.00    0.00

10:20:20 PM  CPU    %usr   %nice    %sys %iowait    %irq   %soft  %steal  %guest  %gnice   %idle
10:20:22 PM    0   69.39    0.00   22.45    0.00    0.00    7.14    0.00    0.00    0.00    1.02
10:20:22 PM    1   54.00    0.00   44.00    0.00    0.00    1.00    0.00    0.00    0.00    1.00

10:20:22 PM  CPU    %usr   %nice    %sys %iowait    %irq   %soft  %steal  %guest  %gnice   %idle
10:20:23 PM    0   77.78    0.00   17.17    0.00    0.00    5.05    0.00    0.00    0.00    0.00
10:20:23 PM    1   57.58    0.00   42.42    0.00    0.00    0.00    0.00    0.00    0.00    0.00

10:20:23 PM  CPU    %usr   %nice    %sys %iowait    %irq   %soft  %steal  %guest  %gnice   %idle
10:20:24 PM    0   76.00    0.00   16.00    0.00    0.00    6.00    0.00    0.00    0.00    2.00
10:20:24 PM    1   57.00    0.00   42.00    0.00    0.00    1.00    0.00    0.00    0.00    0.00

10:20:24 PM  CPU    %usr   %nice    %sys %iowait    %irq   %soft  %steal  %guest  %gnice   %idle
10:20:25 PM    0   74.23    0.00   20.62    0.00    0.00    5.15    0.00    0.00    0.00    0.00
10:20:25 PM    1   59.41    0.00   40.59    0.00    0.00    0.00    0.00    0.00    0.00    0.00

10:20:25 PM  CPU    %usr   %nice    %sys %iowait    %irq   %soft  %steal  %guest  %gnice   %idle
10:20:26 PM    0   70.00    0.00   20.00    0.00    0.00    8.00    0.00    0.00    0.00    2.00
10:20:26 PM    1   55.56    0.00   43.43    0.00    0.00    1.01    0.00    0.00    0.00    0.00

10:20:26 PM  CPU    %usr   %nice    %sys %iowait    %irq   %soft  %steal  %guest  %gnice   %idle
10:20:27 PM    0   73.96    0.00   18.75    0.00    0.00    6.25    0.00    0.00    0.00    1.04
10:20:27 PM    1   62.38    0.00   35.64    0.00    0.00    0.99    0.00    0.00    0.00    0.99

10:20:27 PM  CPU    %usr   %nice    %sys %iowait    %irq   %soft  %steal  %guest  %gnice   %idle
10:20:28 PM    0   71.00    0.00   22.00    0.00    0.00    7.00    0.00    0.00    0.00    0.00
10:20:28 PM    1   53.06    0.00   46.94    0.00    0.00    0.00    0.00    0.00    0.00    0.00

10:20:28 PM  CPU    %usr   %nice    %sys %iowait    %irq   %soft  %steal  %guest  %gnice   %idle
10:20:29 PM    0   75.25    0.00   15.84    0.00    0.00    6.93    0.00    0.00    0.00    1.98
10:20:29 PM    1   57.84    0.00   39.22    0.00    0.00    1.96    0.00    0.00    0.00    0.98

10:20:29 PM  CPU    %usr   %nice    %sys %iowait    %irq   %soft  %steal  %guest  %gnice   %idle
10:20:30 PM    0   75.76    0.00   19.19    0.00    0.00    4.04    0.00    0.00    0.00    1.01
10:20:30 PM    1   60.00    0.00   39.00    0.00    0.00    1.00    0.00    0.00    0.00    0.00

10:20:30 PM  CPU    %usr   %nice    %sys %iowait    %irq   %soft  %steal  %guest  %gnice   %idle
10:20:31 PM    0   70.71    0.00   21.21    0.00    0.00    7.07    0.00    0.00    0.00    1.01
10:20:31 PM    1   62.63    0.00   37.37    0.00    0.00    0.00    0.00    0.00    0.00    0.00

10:20:31 PM  CPU    %usr   %nice    %sys %iowait    %irq   %soft  %steal  %guest  %gnice   %idle
10:20:32 PM    0   67.68    0.00   24.24    0.00    0.00    7.07    0.00    0.00    0.00    1.01
10:20:32 PM    1   61.00    0.00   38.00    0.00    0.00    1.00    0.00    0.00    0.00    0.00

10:20:32 PM  CPU    %usr   %nice    %sys %iowait    %irq   %soft  %steal  %guest  %gnice   %idle
10:20:33 PM    0   74.00    0.00   22.00    0.00    0.00    3.00    0.00    0.00    0.00    1.00
10:20:33 PM    1   64.65    0.00   34.34    0.00    0.00    1.01    0.00    0.00    0.00    0.00

10:20:33 PM  CPU    %usr   %nice    %sys %iowait    %irq   %soft  %steal  %guest  %gnice   %idle
10:20:34 PM    0   69.07    0.00   22.68    0.00    0.00    7.22    0.00    0.00    0.00    1.03
10:20:34 PM    1   61.39    0.00   37.62    0.00    0.00    0.00    0.00    0.00    0.00    0.99

10:20:34 PM  CPU    %usr   %nice    %sys %iowait    %irq   %soft  %steal  %guest  %gnice   %idle
10:20:35 PM    0   76.77    0.00   16.16    0.00    0.00    6.06    0.00    0.00    0.00    1.01
10:20:35 PM    1   63.00    0.00   37.00    0.00    0.00    0.00    0.00    0.00    0.00    0.00

10:20:35 PM  CPU    %usr   %nice    %sys %iowait    %irq   %soft  %steal  %guest  %gnice   %idle
10:20:36 PM    0   71.29    0.00   22.77    0.00    0.00    3.96    0.00    0.00    0.00    1.98
10:20:36 PM    1   58.00    0.00   41.00    0.00    0.00    1.00    0.00    0.00    0.00    0.00

10:20:36 PM  CPU    %usr   %nice    %sys %iowait    %irq   %soft  %steal  %guest  %gnice   %idle
10:20:37 PM    0   70.41    0.00   23.47    0.00    0.00    5.10    0.00    0.00    0.00    1.02
10:20:37 PM    1   65.66    0.00   33.33    0.00    0.00    1.01    0.00    0.00    0.00    0.00

10:20:37 PM  CPU    %usr   %nice    %sys %iowait    %irq   %soft  %steal  %guest  %gnice   %idle
10:20:38 PM    0   70.71    0.00   22.22    0.00    0.00    6.06    0.00    0.00    0.00    1.01
10:20:38 PM    1   63.00    0.00   37.00    0.00    0.00    0.00    0.00    0.00    0.00    0.00

10:20:38 PM  CPU    %usr   %nice    %sys %iowait    %irq   %soft  %steal  %guest  %gnice   %idle
10:20:39 PM    0   75.51    0.00   18.37    0.00    0.00    5.10    0.00    0.00    0.00    1.02
10:20:39 PM    1   64.65    0.00   34.34    0.00    0.00    1.01    0.00    0.00    0.00    0.00

10:20:39 PM  CPU    %usr   %nice    %sys %iowait    %irq   %soft  %steal  %guest  %gnice   %idle
10:20:40 PM    0   70.71    0.00   21.21    0.00    0.00    7.07    0.00    0.00    0.00    1.01
10:20:40 PM    1   53.47    0.00   45.54    0.00    0.00    0.99    0.00    0.00    0.00    0.00

10:20:40 PM  CPU    %usr   %nice    %sys %iowait    %irq   %soft  %steal  %guest  %gnice   %idle
10:20:41 PM    0   73.00    0.00   21.00    0.00    0.00    5.00    0.00    0.00    0.00    1.00
10:20:41 PM    1   58.00    0.00   42.00    0.00    0.00    0.00    0.00    0.00    0.00    0.00

10:20:41 PM  CPU    %usr   %nice    %sys %iowait    %irq   %soft  %steal  %guest  %gnice   %idle
10:20:42 PM    0   64.00    0.00   26.00    0.00    0.00    8.00    0.00    0.00    0.00    2.00
10:20:42 PM    1   52.53    0.00   46.46    0.00    0.00    1.01    0.00    0.00    0.00    0.00

10:20:42 PM  CPU    %usr   %nice    %sys %iowait    %irq   %soft  %steal  %guest  %gnice   %idle
10:20:43 PM    0   73.47    0.00   18.37    0.00    0.00    7.14    0.00    0.00    0.00    1.02
10:20:43 PM    1   60.40    0.00   38.61    0.00    0.00    0.99    0.00    0.00    0.00    0.00

10:20:43 PM  CPU    %usr   %nice    %sys %iowait    %irq   %soft  %steal  %guest  %gnice   %idle
10:20:44 PM    0   71.43    0.00   20.41    0.00    0.00    7.14    0.00    0.00    0.00    1.02
10:20:44 PM    1   56.57    0.00   43.43    0.00    0.00    0.00    0.00    0.00    0.00    0.00

10:20:44 PM  CPU    %usr   %nice    %sys %iowait    %irq   %soft  %steal  %guest  %gnice   %idle
10:20:45 PM    0   73.74    0.00   18.18    0.00    0.00    7.07    0.00    0.00    0.00    1.01
10:20:45 PM    1   55.56    0.00   44.44    0.00    0.00    0.00    0.00    0.00    0.00    0.00

10:20:45 PM  CPU    %usr   %nice    %sys %iowait    %irq   %soft  %steal  %guest  %gnice   %idle
10:20:46 PM    0   76.77    0.00   18.18    0.00    0.00    4.04    0.00    0.00    0.00    1.01
10:20:46 PM    1   59.41    0.00   39.60    0.00    0.00    0.99    0.00    0.00    0.00    0.00

10:20:46 PM  CPU    %usr   %nice    %sys %iowait    %irq   %soft  %steal  %guest  %gnice   %idle
10:20:47 PM    0   73.74    0.00   18.18    0.00    0.00    6.06    0.00    0.00    0.00    2.02
10:20:47 PM    1   59.41    0.00   39.60    0.00    0.00    0.99    0.00    0.00    0.00    0.00

10:20:47 PM  CPU    %usr   %nice    %sys %iowait    %irq   %soft  %steal  %guest  %gnice   %idle
10:20:48 PM    0   73.27    0.00   19.80    0.00    0.00    5.94    0.00    0.00    0.00    0.99
10:20:48 PM    1   61.62    0.00   38.38    0.00    0.00    0.00    0.00    0.00    0.00    0.00

10:20:48 PM  CPU    %usr   %nice    %sys %iowait    %irq   %soft  %steal  %guest  %gnice   %idle
10:20:49 PM    0   74.23    0.00   18.56    0.00    0.00    6.19    0.00    0.00    0.00    1.03
10:20:49 PM    1   61.00    0.00   37.00    0.00    0.00    0.00    0.00    0.00    0.00    2.00

10:20:49 PM  CPU    %usr   %nice    %sys %iowait    %irq   %soft  %steal  %guest  %gnice   %idle
10:20:50 PM    0   69.39    0.00   21.43    0.00    0.00    8.16    0.00    0.00    0.00    1.02
10:20:50 PM    1   64.00    0.00   35.00    0.00    0.00    1.00    0.00    0.00    0.00    0.00

10:20:50 PM  CPU    %usr   %nice    %sys %iowait    %irq   %soft  %steal  %guest  %gnice   %idle
10:20:51 PM    0   70.00    0.00   26.00    0.00    0.00    3.00    0.00    0.00    0.00    1.00
10:20:51 PM    1   61.00    0.00   38.00    0.00    0.00    1.00    0.00    0.00    0.00    0.00

10:20:51 PM  CPU    %usr   %nice    %sys %iowait    %irq   %soft  %steal  %guest  %gnice   %idle
10:20:52 PM    0   69.07    0.00   22.68    0.00    0.00    6.19    0.00    0.00    0.00    2.06
10:20:52 PM    1   62.63    0.00   36.36    0.00    0.00    0.00    0.00    0.00    0.00    1.01

10:20:52 PM  CPU    %usr   %nice    %sys %iowait    %irq   %soft  %steal  %guest  %gnice   %idle
10:20:53 PM    0   72.00    0.00   23.00    0.00    0.00    4.00    0.00    0.00    0.00    1.00
10:20:53 PM    1   61.00    0.00   38.00    0.00    0.00    1.00    0.00    0.00    0.00    0.00

10:20:53 PM  CPU    %usr   %nice    %sys %iowait    %irq   %soft  %steal  %guest  %gnice   %idle
10:20:54 PM    0   67.35    0.00   19.39    0.00    0.00    8.16    0.00    0.00    0.00    5.10
10:20:54 PM    1   68.00    0.00   32.00    0.00    0.00    0.00    0.00    0.00    0.00    0.00

10:20:54 PM  CPU    %usr   %nice    %sys %iowait    %irq   %soft  %steal  %guest  %gnice   %idle
10:20:55 PM    0   21.36    0.00    5.83    0.00    0.00    4.85    0.00    0.00    0.00   67.96
10:20:55 PM    1   78.79    0.00   17.17    0.00    0.00    2.02    0.00    0.00    0.00    2.02

10:20:55 PM  CPU    %usr   %nice    %sys %iowait    %irq   %soft  %steal  %guest  %gnice   %idle
10:20:56 PM    0   70.00    0.00   21.00    0.00    0.00    8.00    0.00    0.00    0.00    1.00
10:20:56 PM    1   65.00    0.00   35.00    0.00    0.00    0.00    0.00    0.00    0.00    0.00

10:20:56 PM  CPU    %usr   %nice    %sys %iowait    %irq   %soft  %steal  %guest  %gnice   %idle
10:20:57 PM    0   73.74    0.00   20.20    0.00    0.00    4.04    0.00    0.00    0.00    2.02
10:20:57 PM    1   60.61    0.00   37.37    0.00    0.00    1.01    0.00    0.00    0.00    1.01

10:20:57 PM  CPU    %usr   %nice    %sys %iowait    %irq   %soft  %steal  %guest  %gnice   %idle
10:20:58 PM    0   73.74    0.00   20.20    0.00    0.00    6.06    0.00    0.00    0.00    0.00
10:20:58 PM    1   60.00    0.00   39.00    0.00    0.00    1.00    0.00    0.00    0.00    0.00

10:20:58 PM  CPU    %usr   %nice    %sys %iowait    %irq   %soft  %steal  %guest  %gnice   %idle
10:20:59 PM    0   72.28    0.00   20.79    0.00    0.00    4.95    0.00    0.00    0.00    1.98
10:20:59 PM    1   54.00    0.00   44.00    0.00    0.00    1.00    0.00    0.00    0.00    1.00

10:20:59 PM  CPU    %usr   %nice    %sys %iowait    %irq   %soft  %steal  %guest  %gnice   %idle
10:21:00 PM    0   71.13    0.00   24.74    0.00    0.00    3.09    0.00    0.00    0.00    1.03
10:21:00 PM    1   62.00    0.00   37.00    0.00    0.00    0.00    0.00    0.00    0.00    1.00

10:21:00 PM  CPU    %usr   %nice    %sys %iowait    %irq   %soft  %steal  %guest  %gnice   %idle
10:21:01 PM    0   70.71    0.00   20.20    0.00    0.00    8.08    0.00    0.00    0.00    1.01
10:21:01 PM    1   60.00    0.00   40.00    0.00    0.00    0.00    0.00    0.00    0.00    0.00

10:21:01 PM  CPU    %usr   %nice    %sys %iowait    %irq   %soft  %steal  %guest  %gnice   %idle
10:21:02 PM    0   72.00    0.00   19.00    0.00    0.00    8.00    0.00    0.00    0.00    1.00
10:21:02 PM    1   63.00    0.00   37.00    0.00    0.00    0.00    0.00    0.00    0.00    0.00

10:21:02 PM  CPU    %usr   %nice    %sys %iowait    %irq   %soft  %steal  %guest  %gnice   %idle
10:21:03 PM    0   70.71    0.00   22.22    0.00    0.00    6.06    0.00    0.00    0.00    1.01
10:21:03 PM    1   57.00    0.00   42.00    0.00    0.00    1.00    0.00    0.00    0.00    0.00

10:21:03 PM  CPU    %usr   %nice    %sys %iowait    %irq   %soft  %steal  %guest  %gnice   %idle
10:21:04 PM    0   68.69    0.00   20.20    0.00    0.00   10.10    0.00    0.00    0.00    1.01
10:21:04 PM    1   63.37    0.00   35.64    0.00    0.00    0.99    0.00    0.00    0.00    0.00

10:21:04 PM  CPU    %usr   %nice    %sys %iowait    %irq   %soft  %steal  %guest  %gnice   %idle
10:21:05 PM    0   73.00    0.00   17.00    0.00    0.00    9.00    0.00    0.00    0.00    1.00
10:21:05 PM    1   62.63    0.00   37.37    0.00    0.00    0.00    0.00    0.00    0.00    0.00

10:21:05 PM  CPU    %usr   %nice    %sys %iowait    %irq   %soft  %steal  %guest  %gnice   %idle
10:21:06 PM    0   71.72    0.00   20.20    0.00    0.00    7.07    0.00    0.00    0.00    1.01
10:21:06 PM    1   60.00    0.00   40.00    0.00    0.00    0.00    0.00    0.00    0.00    0.00

10:21:06 PM  CPU    %usr   %nice    %sys %iowait    %irq   %soft  %steal  %guest  %gnice   %idle
10:21:07 PM    0   69.39    0.00   20.41    0.00    0.00    9.18    0.00    0.00    0.00    1.02
10:21:07 PM    1   56.00    0.00   44.00    0.00    0.00    0.00    0.00    0.00    0.00    0.00

Average:     CPU    %usr   %nice    %sys %iowait    %irq   %soft  %steal  %guest  %gnice   %idle
Average:       0   71.09    0.00   20.39    0.00    0.00    6.29    0.00    0.00    0.00    2.22
Average:       1   60.22    0.00   38.96    0.00    0.00    0.58    0.00    0.00    0.00    0.24
