Linux 5.3.0-59-generic (ericmei) 	06/29/2020 	_x86_64_	(12 CPU)

10:24:21 PM  CPU    %usr   %nice    %sys %iowait    %irq   %soft  %steal  %guest  %gnice   %idle
10:24:22 PM    0   71.29    0.00   20.79    0.00    0.00    5.94    0.00    0.00    0.00    1.98
10:24:22 PM    1   60.40    0.00   38.61    0.00    0.00    0.00    0.00    0.00    0.00    0.99

10:24:22 PM  CPU    %usr   %nice    %sys %iowait    %irq   %soft  %steal  %guest  %gnice   %idle
10:24:23 PM    0   68.00    0.00   26.00    0.00    0.00    5.00    0.00    0.00    0.00    1.00
10:24:23 PM    1   57.00    0.00   43.00    0.00    0.00    0.00    0.00    0.00    0.00    0.00

10:24:23 PM  CPU    %usr   %nice    %sys %iowait    %irq   %soft  %steal  %guest  %gnice   %idle
10:24:24 PM    0   72.45    0.00   18.37    0.00    0.00    8.16    0.00    0.00    0.00    1.02
10:24:24 PM    1   62.00    0.00   38.00    0.00    0.00    0.00    0.00    0.00    0.00    0.00

10:24:24 PM  CPU    %usr   %nice    %sys %iowait    %irq   %soft  %steal  %guest  %gnice   %idle
10:24:25 PM    0   75.00    0.00   18.00    0.00    0.00    6.00    0.00    0.00    0.00    1.00
10:24:25 PM    1   57.58    0.00   42.42    0.00    0.00    0.00    0.00    0.00    0.00    0.00

10:24:25 PM  CPU    %usr   %nice    %sys %iowait    %irq   %soft  %steal  %guest  %gnice   %idle
10:24:26 PM    0   71.43    0.00   23.47    0.00    0.00    4.08    0.00    0.00    0.00    1.02
10:24:26 PM    1   58.00    0.00   41.00    0.00    0.00    1.00    0.00    0.00    0.00    0.00

10:24:26 PM  CPU    %usr   %nice    %sys %iowait    %irq   %soft  %steal  %guest  %gnice   %idle
10:24:27 PM    0   73.20    0.00   20.62    0.00    0.00    5.15    0.00    0.00    0.00    1.03
10:24:27 PM    1   57.00    0.00   42.00    0.00    0.00    1.00    0.00    0.00    0.00    0.00

10:24:27 PM  CPU    %usr   %nice    %sys %iowait    %irq   %soft  %steal  %guest  %gnice   %idle
10:24:28 PM    0   71.43    0.00   22.45    0.00    0.00    2.04    0.00    0.00    0.00    4.08
10:24:28 PM    1   60.61    0.00   39.39    0.00    0.00    0.00    0.00    0.00    0.00    0.00

10:24:28 PM  CPU    %usr   %nice    %sys %iowait    %irq   %soft  %steal  %guest  %gnice   %idle
10:24:29 PM    0   54.00    0.00   18.00    0.00    0.00   10.00    0.00    0.00    0.00   18.00
10:24:29 PM    1   63.00    0.00   33.00    0.00    0.00    1.00    0.00    0.00    0.00    3.00

10:24:29 PM  CPU    %usr   %nice    %sys %iowait    %irq   %soft  %steal  %guest  %gnice   %idle
10:24:30 PM    0   68.32    0.00   22.77    0.00    0.00    7.92    0.00    0.00    0.00    0.99
10:24:30 PM    1   56.00    0.00   43.00    0.00    0.00    1.00    0.00    0.00    0.00    0.00

10:24:30 PM  CPU    %usr   %nice    %sys %iowait    %irq   %soft  %steal  %guest  %gnice   %idle
10:24:31 PM    0   72.45    0.00   20.41    0.00    0.00    6.12    0.00    0.00    0.00    1.02
10:24:31 PM    1   56.57    0.00   43.43    0.00    0.00    0.00    0.00    0.00    0.00    0.00

10:24:31 PM  CPU    %usr   %nice    %sys %iowait    %irq   %soft  %steal  %guest  %gnice   %idle
10:24:32 PM    0   72.45    0.00   20.41    0.00    0.00    6.12    0.00    0.00    0.00    1.02
10:24:32 PM    1   61.62    0.00   38.38    0.00    0.00    0.00    0.00    0.00    0.00    0.00

10:24:32 PM  CPU    %usr   %nice    %sys %iowait    %irq   %soft  %steal  %guest  %gnice   %idle
10:24:33 PM    0   73.20    0.00   20.62    0.00    0.00    5.15    0.00    0.00    0.00    1.03
10:24:33 PM    1   64.36    0.00   34.65    0.00    0.00    0.99    0.00    0.00    0.00    0.00

10:24:33 PM  CPU    %usr   %nice    %sys %iowait    %irq   %soft  %steal  %guest  %gnice   %idle
10:24:34 PM    0   73.74    0.00   20.20    0.00    0.00    5.05    0.00    0.00    0.00    1.01
10:24:34 PM    1   59.00    0.00   39.00    0.00    0.00    1.00    0.00    0.00    0.00    1.00

10:24:34 PM  CPU    %usr   %nice    %sys %iowait    %irq   %soft  %steal  %guest  %gnice   %idle
10:24:35 PM    0   71.72    0.00   22.22    0.00    0.00    5.05    0.00    0.00    0.00    1.01
10:24:35 PM    1   57.43    0.00   42.57    0.00    0.00    0.00    0.00    0.00    0.00    0.00

10:24:35 PM  CPU    %usr   %nice    %sys %iowait    %irq   %soft  %steal  %guest  %gnice   %idle
10:24:36 PM    0   70.71    0.00   22.22    0.00    0.00    6.06    0.00    0.00    0.00    1.01
10:24:36 PM    1   63.00    0.00   36.00    0.00    0.00    1.00    0.00    0.00    0.00    0.00

10:24:36 PM  CPU    %usr   %nice    %sys %iowait    %irq   %soft  %steal  %guest  %gnice   %idle
10:24:37 PM    0   78.57    0.00   15.31    0.00    0.00    5.10    0.00    0.00    0.00    1.02
10:24:37 PM    1   59.00    0.00   40.00    0.00    0.00    1.00    0.00    0.00    0.00    0.00

10:24:37 PM  CPU    %usr   %nice    %sys %iowait    %irq   %soft  %steal  %guest  %gnice   %idle
10:24:38 PM    0   72.00    0.00   20.00    0.00    0.00    7.00    0.00    0.00    0.00    1.00
10:24:38 PM    1   54.55    0.00   44.44    0.00    0.00    1.01    0.00    0.00    0.00    0.00

10:24:38 PM  CPU    %usr   %nice    %sys %iowait    %irq   %soft  %steal  %guest  %gnice   %idle
10:24:39 PM    0   68.32    0.00   22.77    0.00    0.00    6.93    0.00    0.00    0.00    1.98
10:24:39 PM    1   56.44    0.00   42.57    0.00    0.00    0.99    0.00    0.00    0.00    0.00

10:24:39 PM  CPU    %usr   %nice    %sys %iowait    %irq   %soft  %steal  %guest  %gnice   %idle
10:24:40 PM    0   67.00    0.00   24.00    0.00    0.00    8.00    0.00    0.00    0.00    1.00
10:24:40 PM    1   62.63    0.00   37.37    0.00    0.00    0.00    0.00    0.00    0.00    0.00

10:24:40 PM  CPU    %usr   %nice    %sys %iowait    %irq   %soft  %steal  %guest  %gnice   %idle
10:24:41 PM    0   70.00    0.00   23.00    0.00    0.00    6.00    0.00    0.00    0.00    1.00
10:24:41 PM    1   60.00    0.00   38.00    0.00    0.00    2.00    0.00    0.00    0.00    0.00

10:24:41 PM  CPU    %usr   %nice    %sys %iowait    %irq   %soft  %steal  %guest  %gnice   %idle
10:24:42 PM    0   74.23    0.00   19.59    0.00    0.00    5.15    0.00    0.00    0.00    1.03
10:24:42 PM    1   52.00    0.00   48.00    0.00    0.00    0.00    0.00    0.00    0.00    0.00

10:24:42 PM  CPU    %usr   %nice    %sys %iowait    %irq   %soft  %steal  %guest  %gnice   %idle
10:24:43 PM    0   71.13    0.00   22.68    0.00    0.00    5.15    0.00    0.00    0.00    1.03
10:24:43 PM    1   60.00    0.00   39.00    0.00    0.00    1.00    0.00    0.00    0.00    0.00

10:24:43 PM  CPU    %usr   %nice    %sys %iowait    %irq   %soft  %steal  %guest  %gnice   %idle
10:24:44 PM    0   66.00    0.00   26.00    0.00    0.00    7.00    0.00    0.00    0.00    1.00
10:24:44 PM    1   67.00    0.00   33.00    0.00    0.00    0.00    0.00    0.00    0.00    0.00

10:24:44 PM  CPU    %usr   %nice    %sys %iowait    %irq   %soft  %steal  %guest  %gnice   %idle
10:24:45 PM    0   68.37    0.00   22.45    0.00    0.00    8.16    0.00    0.00    0.00    1.02
10:24:45 PM    1   54.00    0.00   45.00    0.00    0.00    1.00    0.00    0.00    0.00    0.00

10:24:45 PM  CPU    %usr   %nice    %sys %iowait    %irq   %soft  %steal  %guest  %gnice   %idle
10:24:46 PM    0   73.74    0.00   21.21    0.00    0.00    4.04    0.00    0.00    0.00    1.01
10:24:46 PM    1   66.00    0.00   33.00    0.00    0.00    1.00    0.00    0.00    0.00    0.00

10:24:46 PM  CPU    %usr   %nice    %sys %iowait    %irq   %soft  %steal  %guest  %gnice   %idle
10:24:47 PM    0   67.35    0.00   23.47    0.00    0.00    8.16    0.00    0.00    0.00    1.02
10:24:47 PM    1   59.00    0.00   40.00    0.00    0.00    1.00    0.00    0.00    0.00    0.00

10:24:47 PM  CPU    %usr   %nice    %sys %iowait    %irq   %soft  %steal  %guest  %gnice   %idle
10:24:48 PM    0   73.74    0.00   21.21    0.00    0.00    4.04    0.00    0.00    0.00    1.01
10:24:48 PM    1   64.00    0.00   36.00    0.00    0.00    0.00    0.00    0.00    0.00    0.00

10:24:48 PM  CPU    %usr   %nice    %sys %iowait    %irq   %soft  %steal  %guest  %gnice   %idle
10:24:49 PM    0   72.73    0.00   20.20    0.00    0.00    6.06    0.00    0.00    0.00    1.01
10:24:49 PM    1   56.00    0.00   43.00    0.00    0.00    1.00    0.00    0.00    0.00    0.00

10:24:49 PM  CPU    %usr   %nice    %sys %iowait    %irq   %soft  %steal  %guest  %gnice   %idle
10:24:50 PM    0   74.75    0.00   19.19    0.00    0.00    5.05    0.00    0.00    0.00    1.01
10:24:50 PM    1   59.00    0.00   41.00    0.00    0.00    0.00    0.00    0.00    0.00    0.00

10:24:50 PM  CPU    %usr   %nice    %sys %iowait    %irq   %soft  %steal  %guest  %gnice   %idle
10:24:51 PM    0   73.00    0.00   19.00    0.00    0.00    6.00    0.00    0.00    0.00    2.00
10:24:51 PM    1   64.00    0.00   36.00    0.00    0.00    0.00    0.00    0.00    0.00    0.00

10:24:51 PM  CPU    %usr   %nice    %sys %iowait    %irq   %soft  %steal  %guest  %gnice   %idle
10:24:52 PM    0   70.00    0.00   21.00    0.00    0.00    8.00    0.00    0.00    0.00    1.00
10:24:52 PM    1   57.00    0.00   43.00    0.00    0.00    0.00    0.00    0.00    0.00    0.00

10:24:52 PM  CPU    %usr   %nice    %sys %iowait    %irq   %soft  %steal  %guest  %gnice   %idle
10:24:53 PM    0   70.41    0.00   18.37    0.00    0.00   10.20    0.00    0.00    0.00    1.02
10:24:53 PM    1   61.00    0.00   39.00    0.00    0.00    0.00    0.00    0.00    0.00    0.00

10:24:53 PM  CPU    %usr   %nice    %sys %iowait    %irq   %soft  %steal  %guest  %gnice   %idle
10:24:54 PM    0   67.68    0.00   24.24    0.00    0.00    7.07    0.00    0.00    0.00    1.01
10:24:54 PM    1   60.00    0.00   38.00    0.00    0.00    1.00    0.00    0.00    0.00    1.00

10:24:54 PM  CPU    %usr   %nice    %sys %iowait    %irq   %soft  %steal  %guest  %gnice   %idle
10:24:55 PM    0   73.74    0.00   19.19    0.00    0.00    6.06    0.00    0.00    0.00    1.01
10:24:55 PM    1   61.39    0.00   38.61    0.00    0.00    0.00    0.00    0.00    0.00    0.00

10:24:55 PM  CPU    %usr   %nice    %sys %iowait    %irq   %soft  %steal  %guest  %gnice   %idle
10:24:56 PM    0   70.10    0.00   23.71    0.00    0.00    5.15    0.00    0.00    0.00    1.03
10:24:56 PM    1   66.67    0.00   32.32    0.00    0.00    1.01    0.00    0.00    0.00    0.00

10:24:56 PM  CPU    %usr   %nice    %sys %iowait    %irq   %soft  %steal  %guest  %gnice   %idle
10:24:57 PM    0   70.71    0.00   20.20    0.00    0.00    8.08    0.00    0.00    0.00    1.01
10:24:57 PM    1   63.64    0.00   35.35    0.00    0.00    0.00    0.00    0.00    0.00    1.01

10:24:57 PM  CPU    %usr   %nice    %sys %iowait    %irq   %soft  %steal  %guest  %gnice   %idle
10:24:58 PM    0   53.47    0.00   17.82    0.00    0.00    7.92    0.00    0.00    0.00   20.79
10:24:58 PM    1   65.00    0.00   34.00    0.00    0.00    1.00    0.00    0.00    0.00    0.00

10:24:58 PM  CPU    %usr   %nice    %sys %iowait    %irq   %soft  %steal  %guest  %gnice   %idle
10:24:59 PM    0   50.51    0.00   19.19    0.00    0.00    8.08    0.00    0.00    0.00   22.22
10:24:59 PM    1   65.66    0.00   30.30    0.00    0.00    0.00    0.00    0.00    0.00    4.04

10:24:59 PM  CPU    %usr   %nice    %sys %iowait    %irq   %soft  %steal  %guest  %gnice   %idle
10:25:00 PM    0   68.69    0.00   24.24    0.00    0.00    6.06    0.00    0.00    0.00    1.01
10:25:00 PM    1   61.00    0.00   39.00    0.00    0.00    0.00    0.00    0.00    0.00    0.00

10:25:00 PM  CPU    %usr   %nice    %sys %iowait    %irq   %soft  %steal  %guest  %gnice   %idle
10:25:01 PM    0   77.55    0.00   17.35    0.00    0.00    4.08    0.00    0.00    0.00    1.02
10:25:01 PM    1   59.60    0.00   39.39    0.00    0.00    1.01    0.00    0.00    0.00    0.00

10:25:01 PM  CPU    %usr   %nice    %sys %iowait    %irq   %soft  %steal  %guest  %gnice   %idle
10:25:02 PM    0   74.75    0.00   18.18    0.00    0.00    6.06    0.00    0.00    0.00    1.01
10:25:02 PM    1   57.58    0.00   42.42    0.00    0.00    0.00    0.00    0.00    0.00    0.00

10:25:02 PM  CPU    %usr   %nice    %sys %iowait    %irq   %soft  %steal  %guest  %gnice   %idle
10:25:03 PM    0   65.66    0.00   24.24    0.00    0.00    8.08    0.00    0.00    0.00    2.02
10:25:03 PM    1   63.00    0.00   36.00    0.00    0.00    1.00    0.00    0.00    0.00    0.00

10:25:03 PM  CPU    %usr   %nice    %sys %iowait    %irq   %soft  %steal  %guest  %gnice   %idle
10:25:04 PM    0   77.55    0.00   15.31    0.00    0.00    6.12    0.00    0.00    0.00    1.02
10:25:04 PM    1   65.35    0.00   33.66    0.00    0.00    0.99    0.00    0.00    0.00    0.00

10:25:04 PM  CPU    %usr   %nice    %sys %iowait    %irq   %soft  %steal  %guest  %gnice   %idle
10:25:05 PM    0   71.72    0.00   21.21    0.00    0.00    6.06    0.00    0.00    0.00    1.01
10:25:05 PM    1   65.00    0.00   34.00    0.00    0.00    1.00    0.00    0.00    0.00    0.00

10:25:05 PM  CPU    %usr   %nice    %sys %iowait    %irq   %soft  %steal  %guest  %gnice   %idle
10:25:06 PM    0   71.43    0.00   20.41    0.00    0.00    7.14    0.00    0.00    0.00    1.02
10:25:06 PM    1   56.00    0.00   44.00    0.00    0.00    0.00    0.00    0.00    0.00    0.00

10:25:06 PM  CPU    %usr   %nice    %sys %iowait    %irq   %soft  %steal  %guest  %gnice   %idle
10:25:07 PM    0   74.75    0.00   18.18    0.00    0.00    6.06    0.00    0.00    0.00    1.01
10:25:07 PM    1   62.00    0.00   36.00    0.00    0.00    2.00    0.00    0.00    0.00    0.00

10:25:07 PM  CPU    %usr   %nice    %sys %iowait    %irq   %soft  %steal  %guest  %gnice   %idle
10:25:08 PM    0   70.71    0.00   25.25    0.00    0.00    3.03    0.00    0.00    0.00    1.01
10:25:08 PM    1   58.00    0.00   40.00    0.00    0.00    2.00    0.00    0.00    0.00    0.00

10:25:08 PM  CPU    %usr   %nice    %sys %iowait    %irq   %soft  %steal  %guest  %gnice   %idle
10:25:09 PM    0   78.57    0.00   15.31    0.00    0.00    5.10    0.00    0.00    0.00    1.02
10:25:09 PM    1   61.22    0.00   36.73    0.00    0.00    0.00    0.00    0.00    0.00    2.04

10:25:09 PM  CPU    %usr   %nice    %sys %iowait    %irq   %soft  %steal  %guest  %gnice   %idle
10:25:10 PM    0   69.07    0.00   20.62    0.00    0.00    9.28    0.00    0.00    0.00    1.03
10:25:10 PM    1   58.00    0.00   42.00    0.00    0.00    0.00    0.00    0.00    0.00    0.00

10:25:10 PM  CPU    %usr   %nice    %sys %iowait    %irq   %soft  %steal  %guest  %gnice   %idle
10:25:11 PM    0   68.37    0.00   24.49    0.00    0.00    6.12    0.00    0.00    0.00    1.02
10:25:11 PM    1   61.00    0.00   38.00    0.00    0.00    0.00    0.00    0.00    0.00    1.00

10:25:11 PM  CPU    %usr   %nice    %sys %iowait    %irq   %soft  %steal  %guest  %gnice   %idle
10:25:12 PM    0   72.45    0.00   22.45    0.00    0.00    4.08    0.00    0.00    0.00    1.02
10:25:12 PM    1   65.35    0.00   33.66    0.00    0.00    0.99    0.00    0.00    0.00    0.00

10:25:12 PM  CPU    %usr   %nice    %sys %iowait    %irq   %soft  %steal  %guest  %gnice   %idle
10:25:13 PM    0   68.00    0.00   21.00    0.00    0.00   10.00    0.00    0.00    0.00    1.00
10:25:13 PM    1   59.60    0.00   39.39    0.00    0.00    1.01    0.00    0.00    0.00    0.00

10:25:13 PM  CPU    %usr   %nice    %sys %iowait    %irq   %soft  %steal  %guest  %gnice   %idle
10:25:14 PM    0   72.16    0.00   19.59    0.00    0.00    7.22    0.00    0.00    0.00    1.03
10:25:14 PM    1   59.41    0.00   38.61    0.00    0.00    1.98    0.00    0.00    0.00    0.00

10:25:14 PM  CPU    %usr   %nice    %sys %iowait    %irq   %soft  %steal  %guest  %gnice   %idle
10:25:15 PM    0   75.00    0.00   18.00    0.00    0.00    6.00    0.00    0.00    0.00    1.00
10:25:15 PM    1   60.00    0.00   38.00    0.00    0.00    2.00    0.00    0.00    0.00    0.00

10:25:15 PM  CPU    %usr   %nice    %sys %iowait    %irq   %soft  %steal  %guest  %gnice   %idle
10:25:16 PM    0   75.76    0.00   18.18    0.00    0.00    5.05    0.00    0.00    0.00    1.01
10:25:16 PM    1   65.98    0.00   31.96    0.00    0.00    1.03    0.00    0.00    0.00    1.03

10:25:16 PM  CPU    %usr   %nice    %sys %iowait    %irq   %soft  %steal  %guest  %gnice   %idle
10:25:17 PM    0   70.71    0.00   19.19    0.00    0.00    9.09    0.00    0.00    0.00    1.01
10:25:17 PM    1   61.62    0.00   37.37    0.00    0.00    1.01    0.00    0.00    0.00    0.00

10:25:17 PM  CPU    %usr   %nice    %sys %iowait    %irq   %soft  %steal  %guest  %gnice   %idle
10:25:18 PM    0   71.72    0.00   21.21    0.00    0.00    6.06    0.00    0.00    0.00    1.01
10:25:18 PM    1   62.38    0.00   35.64    0.00    0.00    1.98    0.00    0.00    0.00    0.00

10:25:18 PM  CPU    %usr   %nice    %sys %iowait    %irq   %soft  %steal  %guest  %gnice   %idle
10:25:19 PM    0   69.70    0.00   24.24    0.00    0.00    4.04    0.00    0.00    0.00    2.02
10:25:19 PM    1   61.62    0.00   37.37    0.00    0.00    0.00    0.00    0.00    0.00    1.01

10:25:19 PM  CPU    %usr   %nice    %sys %iowait    %irq   %soft  %steal  %guest  %gnice   %idle
10:25:20 PM    0   71.00    0.00   23.00    0.00    0.00    5.00    0.00    0.00    0.00    1.00
10:25:20 PM    1   60.00    0.00   39.00    0.00    0.00    1.00    0.00    0.00    0.00    0.00

10:25:20 PM  CPU    %usr   %nice    %sys %iowait    %irq   %soft  %steal  %guest  %gnice   %idle
10:25:21 PM    0   75.26    0.00   19.59    0.00    0.00    4.12    0.00    0.00    0.00    1.03
10:25:21 PM    1   64.00    0.00   35.00    0.00    0.00    1.00    0.00    0.00    0.00    0.00

10:25:21 PM  CPU    %usr   %nice    %sys %iowait    %irq   %soft  %steal  %guest  %gnice   %idle
10:25:22 PM    0   74.00    0.00   19.00    0.00    0.00    6.00    0.00    0.00    0.00    1.00
10:25:22 PM    1   64.00    0.00   35.00    0.00    0.00    1.00    0.00    0.00    0.00    0.00

10:25:22 PM  CPU    %usr   %nice    %sys %iowait    %irq   %soft  %steal  %guest  %gnice   %idle
10:25:23 PM    0   67.35    0.00   25.51    0.00    0.00    6.12    0.00    0.00    0.00    1.02
10:25:23 PM    1   61.39    0.00   36.63    0.00    0.00    1.98    0.00    0.00    0.00    0.00

10:25:23 PM  CPU    %usr   %nice    %sys %iowait    %irq   %soft  %steal  %guest  %gnice   %idle
10:25:24 PM    0   72.73    0.00   23.23    0.00    0.00    3.03    0.00    0.00    0.00    1.01
10:25:24 PM    1   61.22    0.00   36.73    0.00    0.00    1.02    0.00    0.00    0.00    1.02

10:25:24 PM  CPU    %usr   %nice    %sys %iowait    %irq   %soft  %steal  %guest  %gnice   %idle
10:25:25 PM    0   73.00    0.00   21.00    0.00    0.00    5.00    0.00    0.00    0.00    1.00
10:25:25 PM    1   63.00    0.00   37.00    0.00    0.00    0.00    0.00    0.00    0.00    0.00

10:25:25 PM  CPU    %usr   %nice    %sys %iowait    %irq   %soft  %steal  %guest  %gnice   %idle
10:25:26 PM    0   72.45    0.00   19.39    0.00    0.00    6.12    0.00    0.00    0.00    2.04
10:25:26 PM    1   59.00    0.00   39.00    0.00    0.00    1.00    0.00    0.00    0.00    1.00

10:25:26 PM  CPU    %usr   %nice    %sys %iowait    %irq   %soft  %steal  %guest  %gnice   %idle
10:25:27 PM    0   71.43    0.00   19.39    0.00    0.00    9.18    0.00    0.00    0.00    0.00
10:25:27 PM    1   64.00    0.00   35.00    0.00    0.00    1.00    0.00    0.00    0.00    0.00

10:25:27 PM  CPU    %usr   %nice    %sys %iowait    %irq   %soft  %steal  %guest  %gnice   %idle
10:25:28 PM    0   69.70    0.00   22.22    0.00    0.00    7.07    0.00    0.00    0.00    1.01
10:25:28 PM    1   57.00    0.00   43.00    0.00    0.00    0.00    0.00    0.00    0.00    0.00

10:25:28 PM  CPU    %usr   %nice    %sys %iowait    %irq   %soft  %steal  %guest  %gnice   %idle
10:25:29 PM    0   70.00    0.00   22.00    0.00    0.00    6.00    0.00    0.00    0.00    2.00
10:25:29 PM    1   64.65    0.00   35.35    0.00    0.00    0.00    0.00    0.00    0.00    0.00

10:25:29 PM  CPU    %usr   %nice    %sys %iowait    %irq   %soft  %steal  %guest  %gnice   %idle
10:25:30 PM    0   69.39    0.00   22.45    0.00    0.00    7.14    0.00    0.00    0.00    1.02
10:25:30 PM    1   60.40    0.00   37.62    0.00    0.00    1.98    0.00    0.00    0.00    0.00

10:25:30 PM  CPU    %usr   %nice    %sys %iowait    %irq   %soft  %steal  %guest  %gnice   %idle
10:25:31 PM    0   75.76    0.00   15.15    0.00    0.00    8.08    0.00    0.00    0.00    1.01
10:25:31 PM    1   58.00    0.00   41.00    0.00    0.00    0.00    0.00    0.00    0.00    1.00

10:25:31 PM  CPU    %usr   %nice    %sys %iowait    %irq   %soft  %steal  %guest  %gnice   %idle
10:25:32 PM    0   76.29    0.00   17.53    0.00    0.00    5.15    0.00    0.00    0.00    1.03
10:25:32 PM    1   53.00    0.00   46.00    0.00    0.00    1.00    0.00    0.00    0.00    0.00

10:25:32 PM  CPU    %usr   %nice    %sys %iowait    %irq   %soft  %steal  %guest  %gnice   %idle
10:25:33 PM    0   71.43    0.00   19.39    0.00    0.00    8.16    0.00    0.00    0.00    1.02
10:25:33 PM    1   64.00    0.00   35.00    0.00    0.00    1.00    0.00    0.00    0.00    0.00

10:25:33 PM  CPU    %usr   %nice    %sys %iowait    %irq   %soft  %steal  %guest  %gnice   %idle
10:25:34 PM    0   75.76    0.00   18.18    0.00    0.00    5.05    0.00    0.00    0.00    1.01
10:25:34 PM    1   61.00    0.00   38.00    0.00    0.00    1.00    0.00    0.00    0.00    0.00

10:25:34 PM  CPU    %usr   %nice    %sys %iowait    %irq   %soft  %steal  %guest  %gnice   %idle
10:25:35 PM    0   72.73    0.00   17.17    0.00    0.00    9.09    0.00    0.00    0.00    1.01
10:25:35 PM    1   62.00    0.00   37.00    0.00    0.00    1.00    0.00    0.00    0.00    0.00

10:25:35 PM  CPU    %usr   %nice    %sys %iowait    %irq   %soft  %steal  %guest  %gnice   %idle
10:25:36 PM    0   69.07    0.00   22.68    0.00    0.00    7.22    0.00    0.00    0.00    1.03
10:25:36 PM    1   57.00    0.00   42.00    0.00    0.00    1.00    0.00    0.00    0.00    0.00

10:25:36 PM  CPU    %usr   %nice    %sys %iowait    %irq   %soft  %steal  %guest  %gnice   %idle
10:25:37 PM    0   68.37    0.00   23.47    0.00    0.00    6.12    0.00    0.00    0.00    2.04
10:25:37 PM    1   60.00    0.00   39.00    0.00    0.00    1.00    0.00    0.00    0.00    0.00

10:25:37 PM  CPU    %usr   %nice    %sys %iowait    %irq   %soft  %steal  %guest  %gnice   %idle
10:25:38 PM    0   72.73    0.00   17.17    0.00    0.00    9.09    0.00    0.00    0.00    1.01
10:25:38 PM    1   61.00    0.00   39.00    0.00    0.00    0.00    0.00    0.00    0.00    0.00

10:25:38 PM  CPU    %usr   %nice    %sys %iowait    %irq   %soft  %steal  %guest  %gnice   %idle
10:25:39 PM    0   71.72    0.00   19.19    0.00    0.00    8.08    0.00    0.00    0.00    1.01
10:25:39 PM    1   61.00    0.00   37.00    0.00    0.00    2.00    0.00    0.00    0.00    0.00

10:25:39 PM  CPU    %usr   %nice    %sys %iowait    %irq   %soft  %steal  %guest  %gnice   %idle
10:25:40 PM    0   70.71    0.00   23.23    0.00    0.00    5.05    0.00    0.00    0.00    1.01
10:25:40 PM    1   53.54    0.00   46.46    0.00    0.00    0.00    0.00    0.00    0.00    0.00

10:25:40 PM  CPU    %usr   %nice    %sys %iowait    %irq   %soft  %steal  %guest  %gnice   %idle
10:25:41 PM    0   69.70    0.00   20.20    0.00    0.00    9.09    0.00    0.00    0.00    1.01
10:25:41 PM    1   57.00    0.00   42.00    0.00    0.00    1.00    0.00    0.00    0.00    0.00

10:25:41 PM  CPU    %usr   %nice    %sys %iowait    %irq   %soft  %steal  %guest  %gnice   %idle
10:25:42 PM    0   71.13    0.00   19.59    0.00    0.00    8.25    0.00    0.00    0.00    1.03
10:25:42 PM    1   63.64    0.00   36.36    0.00    0.00    0.00    0.00    0.00    0.00    0.00

10:25:42 PM  CPU    %usr   %nice    %sys %iowait    %irq   %soft  %steal  %guest  %gnice   %idle
10:25:43 PM    0   74.49    0.00   20.41    0.00    0.00    4.08    0.00    0.00    0.00    1.02
10:25:43 PM    1   59.41    0.00   39.60    0.00    0.00    0.99    0.00    0.00    0.00    0.00

10:25:43 PM  CPU    %usr   %nice    %sys %iowait    %irq   %soft  %steal  %guest  %gnice   %idle
10:25:44 PM    0   62.63    0.00   28.28    0.00    0.00    7.07    0.00    0.00    0.00    2.02
10:25:44 PM    1   61.22    0.00   38.78    0.00    0.00    0.00    0.00    0.00    0.00    0.00

10:25:44 PM  CPU    %usr   %nice    %sys %iowait    %irq   %soft  %steal  %guest  %gnice   %idle
10:25:45 PM    0   65.66    0.00   26.26    0.00    0.00    7.07    0.00    0.00    0.00    1.01
10:25:45 PM    1   62.00    0.00   38.00    0.00    0.00    0.00    0.00    0.00    0.00    0.00

10:25:45 PM  CPU    %usr   %nice    %sys %iowait    %irq   %soft  %steal  %guest  %gnice   %idle
10:25:46 PM    0   72.00    0.00   21.00    0.00    0.00    6.00    0.00    0.00    0.00    1.00
10:25:46 PM    1   65.00    0.00   35.00    0.00    0.00    0.00    0.00    0.00    0.00    0.00

10:25:46 PM  CPU    %usr   %nice    %sys %iowait    %irq   %soft  %steal  %guest  %gnice   %idle
10:25:47 PM    0   74.75    0.00   18.18    0.00    0.00    6.06    0.00    0.00    0.00    1.01
10:25:47 PM    1   60.40    0.00   37.62    0.00    0.00    1.98    0.00    0.00    0.00    0.00

10:25:47 PM  CPU    %usr   %nice    %sys %iowait    %irq   %soft  %steal  %guest  %gnice   %idle
10:25:48 PM    0   73.00    0.00   20.00    0.00    0.00    6.00    0.00    0.00    0.00    1.00
10:25:48 PM    1   55.00    0.00   45.00    0.00    0.00    0.00    0.00    0.00    0.00    0.00

10:25:48 PM  CPU    %usr   %nice    %sys %iowait    %irq   %soft  %steal  %guest  %gnice   %idle
10:25:49 PM    0   69.70    0.00   22.22    0.00    0.00    7.07    0.00    0.00    0.00    1.01
10:25:49 PM    1   61.62    0.00   38.38    0.00    0.00    0.00    0.00    0.00    0.00    0.00

10:25:49 PM  CPU    %usr   %nice    %sys %iowait    %irq   %soft  %steal  %guest  %gnice   %idle
10:25:50 PM    0   73.47    0.00   20.41    0.00    0.00    5.10    0.00    0.00    0.00    1.02
10:25:50 PM    1   61.39    0.00   36.63    0.00    0.00    0.99    0.00    0.00    0.00    0.99

10:25:50 PM  CPU    %usr   %nice    %sys %iowait    %irq   %soft  %steal  %guest  %gnice   %idle
10:25:51 PM    0   72.73    0.00   20.20    0.00    0.00    6.06    0.00    0.00    0.00    1.01
10:25:51 PM    1   59.00    0.00   40.00    0.00    0.00    1.00    0.00    0.00    0.00    0.00

10:25:51 PM  CPU    %usr   %nice    %sys %iowait    %irq   %soft  %steal  %guest  %gnice   %idle
10:25:52 PM    0   74.26    0.00   17.82    0.00    0.00    5.94    0.00    0.00    0.00    1.98
10:25:52 PM    1   58.42    0.00   40.59    0.00    0.00    0.99    0.00    0.00    0.00    0.00

10:25:52 PM  CPU    %usr   %nice    %sys %iowait    %irq   %soft  %steal  %guest  %gnice   %idle
10:25:53 PM    0   70.83    0.00   21.88    0.00    0.00    6.25    0.00    0.00    0.00    1.04
10:25:53 PM    1   57.58    0.00   42.42    0.00    0.00    0.00    0.00    0.00    0.00    0.00

10:25:53 PM  CPU    %usr   %nice    %sys %iowait    %irq   %soft  %steal  %guest  %gnice   %idle
10:25:54 PM    0   71.72    0.00   19.19    0.00    0.00    8.08    0.00    0.00    0.00    1.01
10:25:54 PM    1   59.00    0.00   41.00    0.00    0.00    0.00    0.00    0.00    0.00    0.00

10:25:54 PM  CPU    %usr   %nice    %sys %iowait    %irq   %soft  %steal  %guest  %gnice   %idle
10:25:55 PM    0   66.00    0.00   24.00    0.00    0.00    9.00    0.00    0.00    0.00    1.00
10:25:55 PM    1   59.00    0.00   40.00    0.00    0.00    1.00    0.00    0.00    0.00    0.00

10:25:55 PM  CPU    %usr   %nice    %sys %iowait    %irq   %soft  %steal  %guest  %gnice   %idle
10:25:56 PM    0   68.37    0.00   25.51    0.00    0.00    5.10    0.00    0.00    0.00    1.02
10:25:56 PM    1   66.00    0.00   34.00    0.00    0.00    0.00    0.00    0.00    0.00    0.00

10:25:56 PM  CPU    %usr   %nice    %sys %iowait    %irq   %soft  %steal  %guest  %gnice   %idle
10:25:57 PM    0   71.43    0.00   20.41    0.00    0.00    6.12    0.00    0.00    0.00    2.04
10:25:57 PM    1   62.00    0.00   38.00    0.00    0.00    0.00    0.00    0.00    0.00    0.00

10:25:57 PM  CPU    %usr   %nice    %sys %iowait    %irq   %soft  %steal  %guest  %gnice   %idle
10:25:58 PM    0   18.27    0.00    2.88    0.00    0.00    9.62    0.00    0.00    0.00   69.23
10:25:58 PM    1   72.45    0.00   21.43    0.00    0.00    2.04    0.00    0.00    0.00    4.08

10:25:58 PM  CPU    %usr   %nice    %sys %iowait    %irq   %soft  %steal  %guest  %gnice   %idle
10:25:59 PM    0   73.00    0.00   21.00    0.00    0.00    5.00    0.00    0.00    0.00    1.00
10:25:59 PM    1   64.36    0.00   31.68    0.00    0.00    0.99    0.00    0.00    0.00    2.97

10:25:59 PM  CPU    %usr   %nice    %sys %iowait    %irq   %soft  %steal  %guest  %gnice   %idle
10:26:00 PM    0   73.74    0.00   19.19    0.00    0.00    6.06    0.00    0.00    0.00    1.01
10:26:00 PM    1   62.63    0.00   36.36    0.00    0.00    1.01    0.00    0.00    0.00    0.00

10:26:00 PM  CPU    %usr   %nice    %sys %iowait    %irq   %soft  %steal  %guest  %gnice   %idle
10:26:01 PM    0   68.69    0.00   23.23    0.00    0.00    7.07    0.00    0.00    0.00    1.01
10:26:01 PM    1   58.00    0.00   40.00    0.00    0.00    0.00    0.00    0.00    0.00    2.00

10:26:01 PM  CPU    %usr   %nice    %sys %iowait    %irq   %soft  %steal  %guest  %gnice   %idle
10:26:02 PM    0   73.74    0.00   17.17    0.00    0.00    8.08    0.00    0.00    0.00    1.01
10:26:02 PM    1   65.00    0.00   33.00    0.00    0.00    2.00    0.00    0.00    0.00    0.00

10:26:02 PM  CPU    %usr   %nice    %sys %iowait    %irq   %soft  %steal  %guest  %gnice   %idle
10:26:03 PM    0   73.74    0.00   20.20    0.00    0.00    5.05    0.00    0.00    0.00    1.01
10:26:03 PM    1   59.00    0.00   41.00    0.00    0.00    0.00    0.00    0.00    0.00    0.00

10:26:03 PM  CPU    %usr   %nice    %sys %iowait    %irq   %soft  %steal  %guest  %gnice   %idle
10:26:04 PM    0   70.71    0.00   19.19    0.00    0.00    8.08    0.00    0.00    0.00    2.02
10:26:04 PM    1   63.27    0.00   36.73    0.00    0.00    0.00    0.00    0.00    0.00    0.00

10:26:04 PM  CPU    %usr   %nice    %sys %iowait    %irq   %soft  %steal  %guest  %gnice   %idle
10:26:05 PM    0   71.13    0.00   19.59    0.00    0.00    8.25    0.00    0.00    0.00    1.03
10:26:05 PM    1   62.38    0.00   36.63    0.00    0.00    0.99    0.00    0.00    0.00    0.00

10:26:05 PM  CPU    %usr   %nice    %sys %iowait    %irq   %soft  %steal  %guest  %gnice   %idle
10:26:06 PM    0   68.69    0.00   21.21    0.00    0.00    9.09    0.00    0.00    0.00    1.01
10:26:06 PM    1   62.38    0.00   36.63    0.00    0.00    0.99    0.00    0.00    0.00    0.00

10:26:06 PM  CPU    %usr   %nice    %sys %iowait    %irq   %soft  %steal  %guest  %gnice   %idle
10:26:07 PM    0   77.55    0.00   17.35    0.00    0.00    4.08    0.00    0.00    0.00    1.02
10:26:07 PM    1   62.00    0.00   38.00    0.00    0.00    0.00    0.00    0.00    0.00    0.00

10:26:07 PM  CPU    %usr   %nice    %sys %iowait    %irq   %soft  %steal  %guest  %gnice   %idle
10:26:08 PM    0   70.00    0.00   21.00    0.00    0.00    8.00    0.00    0.00    0.00    1.00
10:26:08 PM    1   61.62    0.00   37.37    0.00    0.00    1.01    0.00    0.00    0.00    0.00

10:26:08 PM  CPU    %usr   %nice    %sys %iowait    %irq   %soft  %steal  %guest  %gnice   %idle
10:26:09 PM    0   71.72    0.00   21.21    0.00    0.00    6.06    0.00    0.00    0.00    1.01
10:26:09 PM    1   56.44    0.00   42.57    0.00    0.00    0.00    0.00    0.00    0.00    0.99

10:26:09 PM  CPU    %usr   %nice    %sys %iowait    %irq   %soft  %steal  %guest  %gnice   %idle
10:26:10 PM    0   70.00    0.00   22.00    0.00    0.00    7.00    0.00    0.00    0.00    1.00
10:26:10 PM    1   57.58    0.00   42.42    0.00    0.00    0.00    0.00    0.00    0.00    0.00

10:26:10 PM  CPU    %usr   %nice    %sys %iowait    %irq   %soft  %steal  %guest  %gnice   %idle
10:26:11 PM    0   73.40    0.00   18.09    0.00    0.00    7.45    0.00    0.00    0.00    1.06
10:26:11 PM    1   55.45    0.00   43.56    0.00    0.00    0.99    0.00    0.00    0.00    0.00

10:26:11 PM  CPU    %usr   %nice    %sys %iowait    %irq   %soft  %steal  %guest  %gnice   %idle
10:26:12 PM    0   69.70    0.00   21.21    0.00    0.00    8.08    0.00    0.00    0.00    1.01
10:26:12 PM    1   63.00    0.00   36.00    0.00    0.00    1.00    0.00    0.00    0.00    0.00

10:26:12 PM  CPU    %usr   %nice    %sys %iowait    %irq   %soft  %steal  %guest  %gnice   %idle
10:26:13 PM    0   65.00    0.00   24.00    0.00    0.00   10.00    0.00    0.00    0.00    1.00
10:26:13 PM    1   60.00    0.00   40.00    0.00    0.00    0.00    0.00    0.00    0.00    0.00

10:26:13 PM  CPU    %usr   %nice    %sys %iowait    %irq   %soft  %steal  %guest  %gnice   %idle
10:26:14 PM    0   69.39    0.00   24.49    0.00    0.00    5.10    0.00    0.00    0.00    1.02
10:26:14 PM    1   52.00    0.00   47.00    0.00    0.00    1.00    0.00    0.00    0.00    0.00

10:26:14 PM  CPU    %usr   %nice    %sys %iowait    %irq   %soft  %steal  %guest  %gnice   %idle
10:26:15 PM    0   74.49    0.00   19.39    0.00    0.00    5.10    0.00    0.00    0.00    1.02
10:26:15 PM    1   59.00    0.00   41.00    0.00    0.00    0.00    0.00    0.00    0.00    0.00

10:26:15 PM  CPU    %usr   %nice    %sys %iowait    %irq   %soft  %steal  %guest  %gnice   %idle
10:26:16 PM    0   70.10    0.00   22.68    0.00    0.00    6.19    0.00    0.00    0.00    1.03
10:26:16 PM    1   59.00    0.00   40.00    0.00    0.00    1.00    0.00    0.00    0.00    0.00

10:26:16 PM  CPU    %usr   %nice    %sys %iowait    %irq   %soft  %steal  %guest  %gnice   %idle
10:26:17 PM    0   79.00    0.00   14.00    0.00    0.00    6.00    0.00    0.00    0.00    1.00
10:26:17 PM    1   63.00    0.00   36.00    0.00    0.00    1.00    0.00    0.00    0.00    0.00

10:26:17 PM  CPU    %usr   %nice    %sys %iowait    %irq   %soft  %steal  %guest  %gnice   %idle
10:26:18 PM    0   68.37    0.00   22.45    0.00    0.00    8.16    0.00    0.00    0.00    1.02
10:26:18 PM    1   60.00    0.00   40.00    0.00    0.00    0.00    0.00    0.00    0.00    0.00

10:26:18 PM  CPU    %usr   %nice    %sys %iowait    %irq   %soft  %steal  %guest  %gnice   %idle
10:26:19 PM    0   70.71    0.00   24.24    0.00    0.00    4.04    0.00    0.00    0.00    1.01
10:26:19 PM    1   59.60    0.00   40.40    0.00    0.00    0.00    0.00    0.00    0.00    0.00

10:26:19 PM  CPU    %usr   %nice    %sys %iowait    %irq   %soft  %steal  %guest  %gnice   %idle
10:26:20 PM    0   73.27    0.00   20.79    0.00    0.00    4.95    0.00    0.00    0.00    0.99
10:26:20 PM    1   62.00    0.00   38.00    0.00    0.00    0.00    0.00    0.00    0.00    0.00

10:26:20 PM  CPU    %usr   %nice    %sys %iowait    %irq   %soft  %steal  %guest  %gnice   %idle
10:26:21 PM    0   67.68    0.00   24.24    0.00    0.00    6.06    0.00    0.00    0.00    2.02
10:26:21 PM    1   57.00    0.00   42.00    0.00    0.00    1.00    0.00    0.00    0.00    0.00

Average:     CPU    %usr   %nice    %sys %iowait    %irq   %soft  %steal  %guest  %gnice   %idle
Average:       0   70.60    0.00   20.71    0.00    0.00    6.47    0.00    0.00    0.00    2.23
Average:       1   60.54    0.00   38.55    0.00    0.00    0.66    0.00    0.00    0.00    0.25
