Linux 5.3.0-59-generic (ericmei) 	06/29/2020 	_x86_64_	(12 CPU)

10:21:44 PM  CPU    %usr   %nice    %sys %iowait    %irq   %soft  %steal  %guest  %gnice   %idle
10:21:45 PM    0   70.00    0.00   22.00    0.00    0.00    7.00    0.00    0.00    0.00    1.00
10:21:45 PM    1   63.00    0.00   37.00    0.00    0.00    0.00    0.00    0.00    0.00    0.00

10:21:45 PM  CPU    %usr   %nice    %sys %iowait    %irq   %soft  %steal  %guest  %gnice   %idle
10:21:46 PM    0   66.34    0.00   25.74    0.00    0.00    6.93    0.00    0.00    0.00    0.99
10:21:46 PM    1   60.00    0.00   40.00    0.00    0.00    0.00    0.00    0.00    0.00    0.00

10:21:46 PM  CPU    %usr   %nice    %sys %iowait    %irq   %soft  %steal  %guest  %gnice   %idle
10:21:47 PM    0   74.75    0.00   18.18    0.00    0.00    6.06    0.00    0.00    0.00    1.01
10:21:47 PM    1   62.00    0.00   37.00    0.00    0.00    1.00    0.00    0.00    0.00    0.00

10:21:47 PM  CPU    %usr   %nice    %sys %iowait    %irq   %soft  %steal  %guest  %gnice   %idle
10:21:48 PM    0   72.45    0.00   19.39    0.00    0.00    7.14    0.00    0.00    0.00    1.02
10:21:48 PM    1   65.00    0.00   35.00    0.00    0.00    0.00    0.00    0.00    0.00    0.00

10:21:48 PM  CPU    %usr   %nice    %sys %iowait    %irq   %soft  %steal  %guest  %gnice   %idle
10:21:49 PM    0   72.28    0.00   18.81    0.00    0.00    7.92    0.00    0.00    0.00    0.99
10:21:49 PM    1   62.00    0.00   38.00    0.00    0.00    0.00    0.00    0.00    0.00    0.00

10:21:49 PM  CPU    %usr   %nice    %sys %iowait    %irq   %soft  %steal  %guest  %gnice   %idle
10:21:50 PM    0   71.43    0.00   20.41    0.00    0.00    6.12    0.00    0.00    0.00    2.04
10:21:50 PM    1   59.60    0.00   40.40    0.00    0.00    0.00    0.00    0.00    0.00    0.00

10:21:50 PM  CPU    %usr   %nice    %sys %iowait    %irq   %soft  %steal  %guest  %gnice   %idle
10:21:51 PM    0   72.92    0.00   19.79    0.00    0.00    6.25    0.00    0.00    0.00    1.04
10:21:51 PM    1   58.00    0.00   41.00    0.00    0.00    1.00    0.00    0.00    0.00    0.00

10:21:51 PM  CPU    %usr   %nice    %sys %iowait    %irq   %soft  %steal  %guest  %gnice   %idle
10:21:52 PM    0   55.10    0.00   19.39    0.00    0.00    6.12    0.00    0.00    0.00   19.39
10:21:52 PM    1   63.64    0.00   36.36    0.00    0.00    0.00    0.00    0.00    0.00    0.00

10:21:52 PM  CPU    %usr   %nice    %sys %iowait    %irq   %soft  %steal  %guest  %gnice   %idle
10:21:53 PM    0   70.71    0.00   17.17    0.00    0.00    6.06    0.00    0.00    0.00    6.06
10:21:53 PM    1   60.00    0.00   36.00    0.00    0.00    1.00    0.00    0.00    0.00    3.00

10:21:53 PM  CPU    %usr   %nice    %sys %iowait    %irq   %soft  %steal  %guest  %gnice   %idle
10:21:54 PM    0   74.00    0.00   17.00    0.00    0.00    8.00    0.00    0.00    0.00    1.00
10:21:54 PM    1   58.00    0.00   40.00    0.00    0.00    1.00    0.00    0.00    0.00    1.00

10:21:54 PM  CPU    %usr   %nice    %sys %iowait    %irq   %soft  %steal  %guest  %gnice   %idle
10:21:55 PM    0   70.83    0.00   22.92    0.00    0.00    5.21    0.00    0.00    0.00    1.04
10:21:55 PM    1   63.64    0.00   34.34    0.00    0.00    2.02    0.00    0.00    0.00    0.00

10:21:55 PM  CPU    %usr   %nice    %sys %iowait    %irq   %soft  %steal  %guest  %gnice   %idle
10:21:56 PM    0   72.73    0.00   20.20    0.00    0.00    6.06    0.00    0.00    0.00    1.01
10:21:56 PM    1   58.00    0.00   42.00    0.00    0.00    0.00    0.00    0.00    0.00    0.00

10:21:56 PM  CPU    %usr   %nice    %sys %iowait    %irq   %soft  %steal  %guest  %gnice   %idle
10:21:57 PM    0   71.29    0.00   23.76    0.00    0.00    3.96    0.00    0.00    0.00    0.99
10:21:57 PM    1   62.24    0.00   37.76    0.00    0.00    0.00    0.00    0.00    0.00    0.00

10:21:57 PM  CPU    %usr   %nice    %sys %iowait    %irq   %soft  %steal  %guest  %gnice   %idle
10:21:58 PM    0   75.00    0.00   18.00    0.00    0.00    6.00    0.00    0.00    0.00    1.00
10:21:58 PM    1   62.00    0.00   37.00    0.00    0.00    1.00    0.00    0.00    0.00    0.00

10:21:58 PM  CPU    %usr   %nice    %sys %iowait    %irq   %soft  %steal  %guest  %gnice   %idle
10:21:59 PM    0   72.45    0.00   21.43    0.00    0.00    5.10    0.00    0.00    0.00    1.02
10:21:59 PM    1   58.42    0.00   40.59    0.00    0.00    0.99    0.00    0.00    0.00    0.00

10:21:59 PM  CPU    %usr   %nice    %sys %iowait    %irq   %soft  %steal  %guest  %gnice   %idle
10:22:00 PM    0   78.12    0.00   15.62    0.00    0.00    5.21    0.00    0.00    0.00    1.04
10:22:00 PM    1   63.00    0.00   36.00    0.00    0.00    0.00    0.00    0.00    0.00    1.00

10:22:00 PM  CPU    %usr   %nice    %sys %iowait    %irq   %soft  %steal  %guest  %gnice   %idle
10:22:01 PM    0   73.00    0.00   20.00    0.00    0.00    6.00    0.00    0.00    0.00    1.00
10:22:01 PM    1   58.59    0.00   41.41    0.00    0.00    0.00    0.00    0.00    0.00    0.00

10:22:01 PM  CPU    %usr   %nice    %sys %iowait    %irq   %soft  %steal  %guest  %gnice   %idle
10:22:02 PM    0   72.73    0.00   20.20    0.00    0.00    6.06    0.00    0.00    0.00    1.01
10:22:02 PM    1   62.38    0.00   36.63    0.00    0.00    0.99    0.00    0.00    0.00    0.00

10:22:02 PM  CPU    %usr   %nice    %sys %iowait    %irq   %soft  %steal  %guest  %gnice   %idle
10:22:03 PM    0   74.00    0.00   19.00    0.00    0.00    6.00    0.00    0.00    0.00    1.00
10:22:03 PM    1   60.00    0.00   40.00    0.00    0.00    0.00    0.00    0.00    0.00    0.00

10:22:03 PM  CPU    %usr   %nice    %sys %iowait    %irq   %soft  %steal  %guest  %gnice   %idle
10:22:04 PM    0   73.00    0.00   19.00    0.00    0.00    7.00    0.00    0.00    0.00    1.00
10:22:04 PM    1   65.00    0.00   35.00    0.00    0.00    0.00    0.00    0.00    0.00    0.00

10:22:04 PM  CPU    %usr   %nice    %sys %iowait    %irq   %soft  %steal  %guest  %gnice   %idle
10:22:05 PM    0   71.29    0.00   21.78    0.00    0.00    5.94    0.00    0.00    0.00    0.99
10:22:05 PM    1   64.65    0.00   35.35    0.00    0.00    0.00    0.00    0.00    0.00    0.00

10:22:05 PM  CPU    %usr   %nice    %sys %iowait    %irq   %soft  %steal  %guest  %gnice   %idle
10:22:06 PM    0   73.74    0.00   20.20    0.00    0.00    5.05    0.00    0.00    0.00    1.01
10:22:06 PM    1   63.64    0.00   35.35    0.00    0.00    1.01    0.00    0.00    0.00    0.00

10:22:06 PM  CPU    %usr   %nice    %sys %iowait    %irq   %soft  %steal  %guest  %gnice   %idle
10:22:07 PM    0   71.72    0.00   22.22    0.00    0.00    5.05    0.00    0.00    0.00    1.01
10:22:07 PM    1   59.41    0.00   39.60    0.00    0.00    0.99    0.00    0.00    0.00    0.00

10:22:07 PM  CPU    %usr   %nice    %sys %iowait    %irq   %soft  %steal  %guest  %gnice   %idle
10:22:08 PM    0   70.71    0.00   23.23    0.00    0.00    5.05    0.00    0.00    0.00    1.01
10:22:08 PM    1   64.00    0.00   36.00    0.00    0.00    0.00    0.00    0.00    0.00    0.00

10:22:08 PM  CPU    %usr   %nice    %sys %iowait    %irq   %soft  %steal  %guest  %gnice   %idle
10:22:09 PM    0   71.72    0.00   22.22    0.00    0.00    5.05    0.00    0.00    0.00    1.01
10:22:09 PM    1   59.00    0.00   41.00    0.00    0.00    0.00    0.00    0.00    0.00    0.00

10:22:09 PM  CPU    %usr   %nice    %sys %iowait    %irq   %soft  %steal  %guest  %gnice   %idle
10:22:10 PM    0   70.00    0.00   25.00    0.00    0.00    4.00    0.00    0.00    0.00    1.00
10:22:10 PM    1   58.42    0.00   39.60    0.00    0.00    0.99    0.00    0.00    0.00    0.99

10:22:10 PM  CPU    %usr   %nice    %sys %iowait    %irq   %soft  %steal  %guest  %gnice   %idle
10:22:11 PM    0   71.00    0.00   20.00    0.00    0.00    8.00    0.00    0.00    0.00    1.00
10:22:11 PM    1   65.66    0.00   34.34    0.00    0.00    0.00    0.00    0.00    0.00    0.00

10:22:11 PM  CPU    %usr   %nice    %sys %iowait    %irq   %soft  %steal  %guest  %gnice   %idle
10:22:12 PM    0   78.22    0.00   13.86    0.00    0.00    5.94    0.00    0.00    0.00    1.98
10:22:12 PM    1   65.00    0.00   34.00    0.00    0.00    1.00    0.00    0.00    0.00    0.00

10:22:12 PM  CPU    %usr   %nice    %sys %iowait    %irq   %soft  %steal  %guest  %gnice   %idle
10:22:13 PM    0   74.75    0.00   20.20    0.00    0.00    4.04    0.00    0.00    0.00    1.01
10:22:13 PM    1   60.40    0.00   38.61    0.00    0.00    0.99    0.00    0.00    0.00    0.00

10:22:13 PM  CPU    %usr   %nice    %sys %iowait    %irq   %soft  %steal  %guest  %gnice   %idle
10:22:14 PM    0   68.00    0.00   25.00    0.00    0.00    6.00    0.00    0.00    0.00    1.00
10:22:14 PM    1   63.64    0.00   36.36    0.00    0.00    0.00    0.00    0.00    0.00    0.00

10:22:14 PM  CPU    %usr   %nice    %sys %iowait    %irq   %soft  %steal  %guest  %gnice   %idle
10:22:15 PM    0   70.10    0.00   23.71    0.00    0.00    4.12    0.00    0.00    0.00    2.06
10:22:15 PM    1   56.44    0.00   41.58    0.00    0.00    1.98    0.00    0.00    0.00    0.00

10:22:15 PM  CPU    %usr   %nice    %sys %iowait    %irq   %soft  %steal  %guest  %gnice   %idle
10:22:16 PM    0   70.41    0.00   21.43    0.00    0.00    7.14    0.00    0.00    0.00    1.02
10:22:16 PM    1   61.62    0.00   38.38    0.00    0.00    0.00    0.00    0.00    0.00    0.00

10:22:16 PM  CPU    %usr   %nice    %sys %iowait    %irq   %soft  %steal  %guest  %gnice   %idle
10:22:17 PM    0   73.74    0.00   20.20    0.00    0.00    5.05    0.00    0.00    0.00    1.01
10:22:17 PM    1   61.39    0.00   37.62    0.00    0.00    0.99    0.00    0.00    0.00    0.00

10:22:17 PM  CPU    %usr   %nice    %sys %iowait    %irq   %soft  %steal  %guest  %gnice   %idle
10:22:18 PM    0   70.41    0.00   21.43    0.00    0.00    7.14    0.00    0.00    0.00    1.02
10:22:18 PM    1   63.64    0.00   35.35    0.00    0.00    1.01    0.00    0.00    0.00    0.00

10:22:18 PM  CPU    %usr   %nice    %sys %iowait    %irq   %soft  %steal  %guest  %gnice   %idle
10:22:19 PM    0   74.49    0.00   18.37    0.00    0.00    6.12    0.00    0.00    0.00    1.02
10:22:19 PM    1   59.00    0.00   41.00    0.00    0.00    0.00    0.00    0.00    0.00    0.00

10:22:19 PM  CPU    %usr   %nice    %sys %iowait    %irq   %soft  %steal  %guest  %gnice   %idle
10:22:20 PM    0   44.76    0.00   13.33    0.00    0.00    7.62    0.00    0.00    0.00   34.29
10:22:20 PM    1   70.71    0.00   25.25    0.00    0.00    2.02    0.00    0.00    0.00    2.02

10:22:20 PM  CPU    %usr   %nice    %sys %iowait    %irq   %soft  %steal  %guest  %gnice   %idle
10:22:21 PM    0   72.45    0.00   20.41    0.00    0.00    6.12    0.00    0.00    0.00    1.02
10:22:21 PM    1   67.00    0.00   33.00    0.00    0.00    0.00    0.00    0.00    0.00    0.00

10:22:21 PM  CPU    %usr   %nice    %sys %iowait    %irq   %soft  %steal  %guest  %gnice   %idle
10:22:22 PM    0   70.71    0.00   21.21    0.00    0.00    7.07    0.00    0.00    0.00    1.01
10:22:22 PM    1   58.00    0.00   40.00    0.00    0.00    2.00    0.00    0.00    0.00    0.00

10:22:22 PM  CPU    %usr   %nice    %sys %iowait    %irq   %soft  %steal  %guest  %gnice   %idle
10:22:23 PM    0   69.39    0.00   24.49    0.00    0.00    5.10    0.00    0.00    0.00    1.02
10:22:23 PM    1   57.00    0.00   41.00    0.00    0.00    2.00    0.00    0.00    0.00    0.00

10:22:23 PM  CPU    %usr   %nice    %sys %iowait    %irq   %soft  %steal  %guest  %gnice   %idle
10:22:24 PM    0   73.74    0.00   20.20    0.00    0.00    5.05    0.00    0.00    0.00    1.01
10:22:24 PM    1   58.59    0.00   40.40    0.00    0.00    1.01    0.00    0.00    0.00    0.00

10:22:24 PM  CPU    %usr   %nice    %sys %iowait    %irq   %soft  %steal  %guest  %gnice   %idle
10:22:25 PM    0   73.74    0.00   19.19    0.00    0.00    6.06    0.00    0.00    0.00    1.01
10:22:25 PM    1   63.00    0.00   37.00    0.00    0.00    0.00    0.00    0.00    0.00    0.00

10:22:25 PM  CPU    %usr   %nice    %sys %iowait    %irq   %soft  %steal  %guest  %gnice   %idle
10:22:26 PM    0   76.77    0.00   18.18    0.00    0.00    4.04    0.00    0.00    0.00    1.01
10:22:26 PM    1   63.37    0.00   35.64    0.00    0.00    0.99    0.00    0.00    0.00    0.00

10:22:26 PM  CPU    %usr   %nice    %sys %iowait    %irq   %soft  %steal  %guest  %gnice   %idle
10:22:27 PM    0   74.51    0.00   19.61    0.00    0.00    3.92    0.00    0.00    0.00    1.96
10:22:27 PM    1   67.68    0.00   31.31    0.00    0.00    1.01    0.00    0.00    0.00    0.00

10:22:27 PM  CPU    %usr   %nice    %sys %iowait    %irq   %soft  %steal  %guest  %gnice   %idle
10:22:28 PM    0   72.00    0.00   20.00    0.00    0.00    7.00    0.00    0.00    0.00    1.00
10:22:28 PM    1   58.42    0.00   40.59    0.00    0.00    0.99    0.00    0.00    0.00    0.00

10:22:28 PM  CPU    %usr   %nice    %sys %iowait    %irq   %soft  %steal  %guest  %gnice   %idle
10:22:29 PM    0   73.47    0.00   20.41    0.00    0.00    6.12    0.00    0.00    0.00    0.00
10:22:29 PM    1   61.00    0.00   37.00    0.00    0.00    2.00    0.00    0.00    0.00    0.00

10:22:29 PM  CPU    %usr   %nice    %sys %iowait    %irq   %soft  %steal  %guest  %gnice   %idle
10:22:30 PM    0   73.00    0.00   20.00    0.00    0.00    5.00    0.00    0.00    0.00    2.00
10:22:30 PM    1   66.67    0.00   32.32    0.00    0.00    0.00    0.00    0.00    0.00    1.01

10:22:30 PM  CPU    %usr   %nice    %sys %iowait    %irq   %soft  %steal  %guest  %gnice   %idle
10:22:31 PM    0   65.66    0.00   25.25    0.00    0.00    8.08    0.00    0.00    0.00    1.01
10:22:31 PM    1   56.00    0.00   44.00    0.00    0.00    0.00    0.00    0.00    0.00    0.00

10:22:31 PM  CPU    %usr   %nice    %sys %iowait    %irq   %soft  %steal  %guest  %gnice   %idle
10:22:32 PM    0   70.41    0.00   23.47    0.00    0.00    5.10    0.00    0.00    0.00    1.02
10:22:32 PM    1   56.57    0.00   41.41    0.00    0.00    0.00    0.00    0.00    0.00    2.02

10:22:32 PM  CPU    %usr   %nice    %sys %iowait    %irq   %soft  %steal  %guest  %gnice   %idle
10:22:33 PM    0   74.00    0.00   17.00    0.00    0.00    8.00    0.00    0.00    0.00    1.00
10:22:33 PM    1   64.36    0.00   33.66    0.00    0.00    1.98    0.00    0.00    0.00    0.00

10:22:33 PM  CPU    %usr   %nice    %sys %iowait    %irq   %soft  %steal  %guest  %gnice   %idle
10:22:34 PM    0   71.43    0.00   19.39    0.00    0.00    8.16    0.00    0.00    0.00    1.02
10:22:34 PM    1   59.00    0.00   41.00    0.00    0.00    0.00    0.00    0.00    0.00    0.00

10:22:34 PM  CPU    %usr   %nice    %sys %iowait    %irq   %soft  %steal  %guest  %gnice   %idle
10:22:35 PM    0   72.45    0.00   18.37    0.00    0.00    8.16    0.00    0.00    0.00    1.02
10:22:35 PM    1   64.00    0.00   35.00    0.00    0.00    1.00    0.00    0.00    0.00    0.00

10:22:35 PM  CPU    %usr   %nice    %sys %iowait    %irq   %soft  %steal  %guest  %gnice   %idle
10:22:36 PM    0   72.00    0.00   21.00    0.00    0.00    6.00    0.00    0.00    0.00    1.00
10:22:36 PM    1   60.61    0.00   38.38    0.00    0.00    1.01    0.00    0.00    0.00    0.00

10:22:36 PM  CPU    %usr   %nice    %sys %iowait    %irq   %soft  %steal  %guest  %gnice   %idle
10:22:37 PM    0   71.43    0.00   22.45    0.00    0.00    5.10    0.00    0.00    0.00    1.02
10:22:37 PM    1   56.00    0.00   44.00    0.00    0.00    0.00    0.00    0.00    0.00    0.00

10:22:37 PM  CPU    %usr   %nice    %sys %iowait    %irq   %soft  %steal  %guest  %gnice   %idle
10:22:38 PM    0   73.27    0.00   17.82    0.00    0.00    7.92    0.00    0.00    0.00    0.99
10:22:38 PM    1   66.34    0.00   31.68    0.00    0.00    1.98    0.00    0.00    0.00    0.00

10:22:38 PM  CPU    %usr   %nice    %sys %iowait    %irq   %soft  %steal  %guest  %gnice   %idle
10:22:39 PM    0   74.00    0.00   17.00    0.00    0.00    8.00    0.00    0.00    0.00    1.00
10:22:39 PM    1   62.63    0.00   36.36    0.00    0.00    1.01    0.00    0.00    0.00    0.00

10:22:39 PM  CPU    %usr   %nice    %sys %iowait    %irq   %soft  %steal  %guest  %gnice   %idle
10:22:40 PM    0   73.74    0.00   17.17    0.00    0.00    8.08    0.00    0.00    0.00    1.01
10:22:40 PM    1   63.00    0.00   36.00    0.00    0.00    1.00    0.00    0.00    0.00    0.00

10:22:40 PM  CPU    %usr   %nice    %sys %iowait    %irq   %soft  %steal  %guest  %gnice   %idle
10:22:41 PM    0   71.00    0.00   22.00    0.00    0.00    6.00    0.00    0.00    0.00    1.00
10:22:41 PM    1   60.00    0.00   40.00    0.00    0.00    0.00    0.00    0.00    0.00    0.00

10:22:41 PM  CPU    %usr   %nice    %sys %iowait    %irq   %soft  %steal  %guest  %gnice   %idle
10:22:42 PM    0   65.31    0.00   27.55    0.00    0.00    6.12    0.00    0.00    0.00    1.02
10:22:42 PM    1   58.00    0.00   41.00    0.00    0.00    1.00    0.00    0.00    0.00    0.00

10:22:42 PM  CPU    %usr   %nice    %sys %iowait    %irq   %soft  %steal  %guest  %gnice   %idle
10:22:43 PM    0   76.29    0.00   17.53    0.00    0.00    5.15    0.00    0.00    0.00    1.03
10:22:43 PM    1   57.00    0.00   43.00    0.00    0.00    0.00    0.00    0.00    0.00    0.00

10:22:43 PM  CPU    %usr   %nice    %sys %iowait    %irq   %soft  %steal  %guest  %gnice   %idle
10:22:44 PM    0   73.27    0.00   21.78    0.00    0.00    3.96    0.00    0.00    0.00    0.99
10:22:44 PM    1   57.58    0.00   42.42    0.00    0.00    0.00    0.00    0.00    0.00    0.00

10:22:44 PM  CPU    %usr   %nice    %sys %iowait    %irq   %soft  %steal  %guest  %gnice   %idle
10:22:45 PM    0   72.45    0.00   19.39    0.00    0.00    7.14    0.00    0.00    0.00    1.02
10:22:45 PM    1   61.39    0.00   37.62    0.00    0.00    0.99    0.00    0.00    0.00    0.00

10:22:45 PM  CPU    %usr   %nice    %sys %iowait    %irq   %soft  %steal  %guest  %gnice   %idle
10:22:46 PM    0   73.27    0.00   21.78    0.00    0.00    3.96    0.00    0.00    0.00    0.99
10:22:46 PM    1   61.62    0.00   38.38    0.00    0.00    0.00    0.00    0.00    0.00    0.00

10:22:46 PM  CPU    %usr   %nice    %sys %iowait    %irq   %soft  %steal  %guest  %gnice   %idle
10:22:47 PM    0   72.28    0.00   18.81    0.00    0.00    7.92    0.00    0.00    0.00    0.99
10:22:47 PM    1   61.00    0.00   39.00    0.00    0.00    0.00    0.00    0.00    0.00    0.00

10:22:47 PM  CPU    %usr   %nice    %sys %iowait    %irq   %soft  %steal  %guest  %gnice   %idle
10:22:48 PM    0   72.16    0.00   19.59    0.00    0.00    7.22    0.00    0.00    0.00    1.03
10:22:48 PM    1   54.00    0.00   44.00    0.00    0.00    2.00    0.00    0.00    0.00    0.00

10:22:48 PM  CPU    %usr   %nice    %sys %iowait    %irq   %soft  %steal  %guest  %gnice   %idle
10:22:49 PM    0   73.47    0.00   21.43    0.00    0.00    5.10    0.00    0.00    0.00    0.00
10:22:49 PM    1   60.00    0.00   39.00    0.00    0.00    1.00    0.00    0.00    0.00    0.00

10:22:49 PM  CPU    %usr   %nice    %sys %iowait    %irq   %soft  %steal  %guest  %gnice   %idle
10:22:50 PM    0   69.31    0.00   20.79    0.00    0.00    7.92    0.00    0.00    0.00    1.98
10:22:50 PM    1   63.00    0.00   36.00    0.00    0.00    0.00    0.00    0.00    0.00    1.00

10:22:50 PM  CPU    %usr   %nice    %sys %iowait    %irq   %soft  %steal  %guest  %gnice   %idle
10:22:51 PM    0   77.55    0.00   16.33    0.00    0.00    5.10    0.00    0.00    0.00    1.02
10:22:51 PM    1   58.00    0.00   41.00    0.00    0.00    1.00    0.00    0.00    0.00    0.00

10:22:51 PM  CPU    %usr   %nice    %sys %iowait    %irq   %soft  %steal  %guest  %gnice   %idle
10:22:52 PM    0   68.69    0.00   25.25    0.00    0.00    5.05    0.00    0.00    0.00    1.01
10:22:52 PM    1   61.00    0.00   37.00    0.00    0.00    0.00    0.00    0.00    0.00    2.00

10:22:52 PM  CPU    %usr   %nice    %sys %iowait    %irq   %soft  %steal  %guest  %gnice   %idle
10:22:53 PM    0   68.00    0.00   26.00    0.00    0.00    5.00    0.00    0.00    0.00    1.00
10:22:53 PM    1   61.62    0.00   38.38    0.00    0.00    0.00    0.00    0.00    0.00    0.00

10:22:53 PM  CPU    %usr   %nice    %sys %iowait    %irq   %soft  %steal  %guest  %gnice   %idle
10:22:54 PM    0   70.71    0.00   21.21    0.00    0.00    8.08    0.00    0.00    0.00    0.00
10:22:54 PM    1   64.36    0.00   34.65    0.00    0.00    0.99    0.00    0.00    0.00    0.00

10:22:54 PM  CPU    %usr   %nice    %sys %iowait    %irq   %soft  %steal  %guest  %gnice   %idle
10:22:55 PM    0   72.16    0.00   16.49    0.00    0.00    9.28    0.00    0.00    0.00    2.06
10:22:55 PM    1   60.61    0.00   39.39    0.00    0.00    0.00    0.00    0.00    0.00    0.00

10:22:55 PM  CPU    %usr   %nice    %sys %iowait    %irq   %soft  %steal  %guest  %gnice   %idle
10:22:56 PM    0   69.70    0.00   22.22    0.00    0.00    7.07    0.00    0.00    0.00    1.01
10:22:56 PM    1   62.00    0.00   38.00    0.00    0.00    0.00    0.00    0.00    0.00    0.00

10:22:56 PM  CPU    %usr   %nice    %sys %iowait    %irq   %soft  %steal  %guest  %gnice   %idle
10:22:57 PM    0   73.00    0.00   20.00    0.00    0.00    5.00    0.00    0.00    0.00    2.00
10:22:57 PM    1   66.00    0.00   32.00    0.00    0.00    2.00    0.00    0.00    0.00    0.00

10:22:57 PM  CPU    %usr   %nice    %sys %iowait    %irq   %soft  %steal  %guest  %gnice   %idle
10:22:58 PM    0   76.04    0.00   16.67    0.00    0.00    6.25    0.00    0.00    0.00    1.04
10:22:58 PM    1   64.36    0.00   33.66    0.00    0.00    0.99    0.00    0.00    0.00    0.99

10:22:58 PM  CPU    %usr   %nice    %sys %iowait    %irq   %soft  %steal  %guest  %gnice   %idle
10:22:59 PM    0   67.68    0.00   23.23    0.00    0.00    8.08    0.00    0.00    0.00    1.01
10:22:59 PM    1   56.00    0.00   44.00    0.00    0.00    0.00    0.00    0.00    0.00    0.00

10:22:59 PM  CPU    %usr   %nice    %sys %iowait    %irq   %soft  %steal  %guest  %gnice   %idle
10:23:00 PM    0   72.45    0.00   19.39    0.00    0.00    7.14    0.00    0.00    0.00    1.02
10:23:00 PM    1   61.62    0.00   37.37    0.00    0.00    1.01    0.00    0.00    0.00    0.00

10:23:00 PM  CPU    %usr   %nice    %sys %iowait    %irq   %soft  %steal  %guest  %gnice   %idle
10:23:01 PM    0   77.78    0.00   18.18    0.00    0.00    3.03    0.00    0.00    0.00    1.01
10:23:01 PM    1   64.65    0.00   34.34    0.00    0.00    1.01    0.00    0.00    0.00    0.00

10:23:01 PM  CPU    %usr   %nice    %sys %iowait    %irq   %soft  %steal  %guest  %gnice   %idle
10:23:02 PM    0   72.00    0.00   20.00    0.00    0.00    6.00    0.00    0.00    0.00    2.00
10:23:02 PM    1   61.39    0.00   37.62    0.00    0.00    0.99    0.00    0.00    0.00    0.00

10:23:02 PM  CPU    %usr   %nice    %sys %iowait    %irq   %soft  %steal  %guest  %gnice   %idle
10:23:03 PM    0   69.07    0.00   21.65    0.00    0.00    8.25    0.00    0.00    0.00    1.03
10:23:03 PM    1   66.00    0.00   34.00    0.00    0.00    0.00    0.00    0.00    0.00    0.00

10:23:03 PM  CPU    %usr   %nice    %sys %iowait    %irq   %soft  %steal  %guest  %gnice   %idle
10:23:04 PM    0   70.41    0.00   19.39    0.00    0.00    9.18    0.00    0.00    0.00    1.02
10:23:04 PM    1   58.00    0.00   41.00    0.00    0.00    1.00    0.00    0.00    0.00    0.00

10:23:04 PM  CPU    %usr   %nice    %sys %iowait    %irq   %soft  %steal  %guest  %gnice   %idle
10:23:05 PM    0   74.75    0.00   20.20    0.00    0.00    4.04    0.00    0.00    0.00    1.01
10:23:05 PM    1   64.00    0.00   34.00    0.00    0.00    1.00    0.00    0.00    0.00    1.00

10:23:05 PM  CPU    %usr   %nice    %sys %iowait    %irq   %soft  %steal  %guest  %gnice   %idle
10:23:06 PM    0   75.00    0.00   17.00    0.00    0.00    7.00    0.00    0.00    0.00    1.00
10:23:06 PM    1   61.00    0.00   38.00    0.00    0.00    1.00    0.00    0.00    0.00    0.00

10:23:06 PM  CPU    %usr   %nice    %sys %iowait    %irq   %soft  %steal  %guest  %gnice   %idle
10:23:07 PM    0   68.32    0.00   24.75    0.00    0.00    4.95    0.00    0.00    0.00    1.98
10:23:07 PM    1   59.00    0.00   40.00    0.00    0.00    1.00    0.00    0.00    0.00    0.00

10:23:07 PM  CPU    %usr   %nice    %sys %iowait    %irq   %soft  %steal  %guest  %gnice   %idle
10:23:08 PM    0   77.55    0.00   15.31    0.00    0.00    6.12    0.00    0.00    0.00    1.02
10:23:08 PM    1   61.00    0.00   39.00    0.00    0.00    0.00    0.00    0.00    0.00    0.00

10:23:08 PM  CPU    %usr   %nice    %sys %iowait    %irq   %soft  %steal  %guest  %gnice   %idle
10:23:09 PM    0   76.00    0.00   17.00    0.00    0.00    6.00    0.00    0.00    0.00    1.00
10:23:09 PM    1   59.00    0.00   40.00    0.00    0.00    1.00    0.00    0.00    0.00    0.00

10:23:09 PM  CPU    %usr   %nice    %sys %iowait    %irq   %soft  %steal  %guest  %gnice   %idle
10:23:10 PM    0   71.13    0.00   21.65    0.00    0.00    5.15    0.00    0.00    0.00    2.06
10:23:10 PM    1   59.41    0.00   40.59    0.00    0.00    0.00    0.00    0.00    0.00    0.00

10:23:10 PM  CPU    %usr   %nice    %sys %iowait    %irq   %soft  %steal  %guest  %gnice   %idle
10:23:11 PM    0   71.43    0.00   19.39    0.00    0.00    8.16    0.00    0.00    0.00    1.02
10:23:11 PM    1   58.59    0.00   40.40    0.00    0.00    1.01    0.00    0.00    0.00    0.00

10:23:11 PM  CPU    %usr   %nice    %sys %iowait    %irq   %soft  %steal  %guest  %gnice   %idle
10:23:12 PM    0   68.69    0.00   21.21    0.00    0.00    9.09    0.00    0.00    0.00    1.01
10:23:12 PM    1   59.00    0.00   41.00    0.00    0.00    0.00    0.00    0.00    0.00    0.00

10:23:12 PM  CPU    %usr   %nice    %sys %iowait    %irq   %soft  %steal  %guest  %gnice   %idle
10:23:13 PM    0   71.43    0.00   21.43    0.00    0.00    6.12    0.00    0.00    0.00    1.02
10:23:13 PM    1   62.00    0.00   37.00    0.00    0.00    1.00    0.00    0.00    0.00    0.00

10:23:13 PM  CPU    %usr   %nice    %sys %iowait    %irq   %soft  %steal  %guest  %gnice   %idle
10:23:14 PM    0   69.70    0.00   23.23    0.00    0.00    6.06    0.00    0.00    0.00    1.01
10:23:14 PM    1   59.00    0.00   40.00    0.00    0.00    1.00    0.00    0.00    0.00    0.00

10:23:14 PM  CPU    %usr   %nice    %sys %iowait    %irq   %soft  %steal  %guest  %gnice   %idle
10:23:15 PM    0   69.31    0.00   22.77    0.00    0.00    5.94    0.00    0.00    0.00    1.98
10:23:15 PM    1   63.00    0.00   36.00    0.00    0.00    1.00    0.00    0.00    0.00    0.00

10:23:15 PM  CPU    %usr   %nice    %sys %iowait    %irq   %soft  %steal  %guest  %gnice   %idle
10:23:16 PM    0   69.39    0.00   21.43    0.00    0.00    8.16    0.00    0.00    0.00    1.02
10:23:16 PM    1   61.00    0.00   38.00    0.00    0.00    1.00    0.00    0.00    0.00    0.00

10:23:16 PM  CPU    %usr   %nice    %sys %iowait    %irq   %soft  %steal  %guest  %gnice   %idle
10:23:17 PM    0   75.51    0.00   18.37    0.00    0.00    5.10    0.00    0.00    0.00    1.02
10:23:17 PM    1   61.00    0.00   39.00    0.00    0.00    0.00    0.00    0.00    0.00    0.00

10:23:17 PM  CPU    %usr   %nice    %sys %iowait    %irq   %soft  %steal  %guest  %gnice   %idle
10:23:18 PM    0   20.00    0.00    6.36    0.00    0.00   12.73    0.00    0.00    0.00   60.91
10:23:18 PM    1   81.82    0.00   16.16    0.00    0.00    2.02    0.00    0.00    0.00    0.00

10:23:18 PM  CPU    %usr   %nice    %sys %iowait    %irq   %soft  %steal  %guest  %gnice   %idle
10:23:19 PM    0   66.67    0.00   27.27    0.00    0.00    5.05    0.00    0.00    0.00    1.01
10:23:19 PM    1   64.00    0.00   36.00    0.00    0.00    0.00    0.00    0.00    0.00    0.00

10:23:19 PM  CPU    %usr   %nice    %sys %iowait    %irq   %soft  %steal  %guest  %gnice   %idle
10:23:20 PM    0   72.73    0.00   19.19    0.00    0.00    6.06    0.00    0.00    0.00    2.02
10:23:20 PM    1   60.00    0.00   38.00    0.00    0.00    0.00    0.00    0.00    0.00    2.00

10:23:20 PM  CPU    %usr   %nice    %sys %iowait    %irq   %soft  %steal  %guest  %gnice   %idle
10:23:21 PM    0   70.00    0.00   24.00    0.00    0.00    5.00    0.00    0.00    0.00    1.00
10:23:21 PM    1   61.00    0.00   38.00    0.00    0.00    1.00    0.00    0.00    0.00    0.00

10:23:21 PM  CPU    %usr   %nice    %sys %iowait    %irq   %soft  %steal  %guest  %gnice   %idle
10:23:22 PM    0   77.78    0.00   13.13    0.00    0.00    8.08    0.00    0.00    0.00    1.01
10:23:22 PM    1   58.00    0.00   42.00    0.00    0.00    0.00    0.00    0.00    0.00    0.00

10:23:22 PM  CPU    %usr   %nice    %sys %iowait    %irq   %soft  %steal  %guest  %gnice   %idle
10:23:23 PM    0   68.00    0.00   23.00    0.00    0.00    8.00    0.00    0.00    0.00    1.00
10:23:23 PM    1   62.63    0.00   37.37    0.00    0.00    0.00    0.00    0.00    0.00    0.00

10:23:23 PM  CPU    %usr   %nice    %sys %iowait    %irq   %soft  %steal  %guest  %gnice   %idle
10:23:24 PM    0   72.73    0.00   20.20    0.00    0.00    6.06    0.00    0.00    0.00    1.01
10:23:24 PM    1   60.40    0.00   37.62    0.00    0.00    1.98    0.00    0.00    0.00    0.00

10:23:24 PM  CPU    %usr   %nice    %sys %iowait    %irq   %soft  %steal  %guest  %gnice   %idle
10:23:25 PM    0   70.71    0.00   22.22    0.00    0.00    6.06    0.00    0.00    0.00    1.01
10:23:25 PM    1   60.61    0.00   39.39    0.00    0.00    0.00    0.00    0.00    0.00    0.00

10:23:25 PM  CPU    %usr   %nice    %sys %iowait    %irq   %soft  %steal  %guest  %gnice   %idle
10:23:26 PM    0   75.51    0.00   16.33    0.00    0.00    7.14    0.00    0.00    0.00    1.02
10:23:26 PM    1   63.37    0.00   34.65    0.00    0.00    1.98    0.00    0.00    0.00    0.00

10:23:26 PM  CPU    %usr   %nice    %sys %iowait    %irq   %soft  %steal  %guest  %gnice   %idle
10:23:27 PM    0   71.00    0.00   21.00    0.00    0.00    7.00    0.00    0.00    0.00    1.00
10:23:27 PM    1   60.20    0.00   38.78    0.00    0.00    1.02    0.00    0.00    0.00    0.00

10:23:27 PM  CPU    %usr   %nice    %sys %iowait    %irq   %soft  %steal  %guest  %gnice   %idle
10:23:28 PM    0   73.27    0.00   18.81    0.00    0.00    6.93    0.00    0.00    0.00    0.99
10:23:28 PM    1   62.63    0.00   36.36    0.00    0.00    0.00    0.00    0.00    0.00    1.01

10:23:28 PM  CPU    %usr   %nice    %sys %iowait    %irq   %soft  %steal  %guest  %gnice   %idle
10:23:29 PM    0   71.13    0.00   22.68    0.00    0.00    5.15    0.00    0.00    0.00    1.03
10:23:29 PM    1   54.46    0.00   43.56    0.00    0.00    1.98    0.00    0.00    0.00    0.00

10:23:29 PM  CPU    %usr   %nice    %sys %iowait    %irq   %soft  %steal  %guest  %gnice   %idle
10:23:30 PM    0   73.53    0.00   18.63    0.00    0.00    5.88    0.00    0.00    0.00    1.96
10:23:30 PM    1   62.00    0.00   36.00    0.00    0.00    1.00    0.00    0.00    0.00    1.00

10:23:30 PM  CPU    %usr   %nice    %sys %iowait    %irq   %soft  %steal  %guest  %gnice   %idle
10:23:31 PM    0   72.73    0.00   19.19    0.00    0.00    8.08    0.00    0.00    0.00    0.00
10:23:31 PM    1   61.00    0.00   38.00    0.00    0.00    1.00    0.00    0.00    0.00    0.00

10:23:31 PM  CPU    %usr   %nice    %sys %iowait    %irq   %soft  %steal  %guest  %gnice   %idle
10:23:32 PM    0   69.70    0.00   22.22    0.00    0.00    7.07    0.00    0.00    0.00    1.01
10:23:32 PM    1   59.00    0.00   40.00    0.00    0.00    1.00    0.00    0.00    0.00    0.00

10:23:32 PM  CPU    %usr   %nice    %sys %iowait    %irq   %soft  %steal  %guest  %gnice   %idle
10:23:33 PM    0   71.00    0.00   22.00    0.00    0.00    5.00    0.00    0.00    0.00    2.00
10:23:33 PM    1   60.00    0.00   40.00    0.00    0.00    0.00    0.00    0.00    0.00    0.00

10:23:33 PM  CPU    %usr   %nice    %sys %iowait    %irq   %soft  %steal  %guest  %gnice   %idle
10:23:34 PM    0   74.49    0.00   19.39    0.00    0.00    6.12    0.00    0.00    0.00    0.00
10:23:34 PM    1   60.00    0.00   40.00    0.00    0.00    0.00    0.00    0.00    0.00    0.00

10:23:34 PM  CPU    %usr   %nice    %sys %iowait    %irq   %soft  %steal  %guest  %gnice   %idle
10:23:35 PM    0   70.41    0.00   19.39    0.00    0.00    8.16    0.00    0.00    0.00    2.04
10:23:35 PM    1   56.57    0.00   42.42    0.00    0.00    1.01    0.00    0.00    0.00    0.00

10:23:35 PM  CPU    %usr   %nice    %sys %iowait    %irq   %soft  %steal  %guest  %gnice   %idle
10:23:36 PM    0   71.00    0.00   22.00    0.00    0.00    6.00    0.00    0.00    0.00    1.00
10:23:36 PM    1   60.40    0.00   39.60    0.00    0.00    0.00    0.00    0.00    0.00    0.00

10:23:36 PM  CPU    %usr   %nice    %sys %iowait    %irq   %soft  %steal  %guest  %gnice   %idle
10:23:37 PM    0   77.78    0.00   19.19    0.00    0.00    3.03    0.00    0.00    0.00    0.00
10:23:37 PM    1   59.60    0.00   40.40    0.00    0.00    0.00    0.00    0.00    0.00    0.00

10:23:37 PM  CPU    %usr   %nice    %sys %iowait    %irq   %soft  %steal  %guest  %gnice   %idle
10:23:38 PM    0   70.00    0.00   20.00    0.00    0.00    8.00    0.00    0.00    0.00    2.00
10:23:38 PM    1   54.00    0.00   45.00    0.00    0.00    1.00    0.00    0.00    0.00    0.00

10:23:38 PM  CPU    %usr   %nice    %sys %iowait    %irq   %soft  %steal  %guest  %gnice   %idle
10:23:39 PM    0   73.74    0.00   22.22    0.00    0.00    4.04    0.00    0.00    0.00    0.00
10:23:39 PM    1   58.42    0.00   41.58    0.00    0.00    0.00    0.00    0.00    0.00    0.00

10:23:39 PM  CPU    %usr   %nice    %sys %iowait    %irq   %soft  %steal  %guest  %gnice   %idle
10:23:40 PM    0   70.00    0.00   21.00    0.00    0.00    7.00    0.00    0.00    0.00    2.00
10:23:40 PM    1   58.59    0.00   41.41    0.00    0.00    0.00    0.00    0.00    0.00    0.00

10:23:40 PM  CPU    %usr   %nice    %sys %iowait    %irq   %soft  %steal  %guest  %gnice   %idle
10:23:41 PM    0   73.74    0.00   22.22    0.00    0.00    3.03    0.00    0.00    0.00    1.01
10:23:41 PM    1   54.46    0.00   43.56    0.00    0.00    0.99    0.00    0.00    0.00    0.99

10:23:41 PM  CPU    %usr   %nice    %sys %iowait    %irq   %soft  %steal  %guest  %gnice   %idle
10:23:42 PM    0   76.53    0.00   20.41    0.00    0.00    3.06    0.00    0.00    0.00    0.00
10:23:42 PM    1   60.61    0.00   38.38    0.00    0.00    1.01    0.00    0.00    0.00    0.00

10:23:42 PM  CPU    %usr   %nice    %sys %iowait    %irq   %soft  %steal  %guest  %gnice   %idle
10:23:43 PM    0   67.33    0.00   23.76    0.00    0.00    6.93    0.00    0.00    0.00    1.98
10:23:43 PM    1   60.00    0.00   38.00    0.00    0.00    1.00    0.00    0.00    0.00    1.00

10:23:43 PM  CPU    %usr   %nice    %sys %iowait    %irq   %soft  %steal  %guest  %gnice   %idle
10:23:44 PM    0   72.16    0.00   20.62    0.00    0.00    6.19    0.00    0.00    0.00    1.03
10:23:44 PM    1   59.00    0.00   39.00    0.00    0.00    1.00    0.00    0.00    0.00    1.00

Average:     CPU    %usr   %nice    %sys %iowait    %irq   %soft  %steal  %guest  %gnice   %idle
Average:       0   71.29    0.00   20.32    0.00    0.00    6.25    0.00    0.00    0.00    2.14
Average:       1   61.07    0.00   38.07    0.00    0.00    0.67    0.00    0.00    0.00    0.19
