Linux 5.3.0-59-generic (ericmei) 	06/30/2020 	_x86_64_	(12 CPU)

12:32:36 AM  CPU    %usr   %nice    %sys %iowait    %irq   %soft  %steal  %guest  %gnice   %idle
12:32:37 AM    0   67.00    0.00   21.00    0.00    0.00    5.00    0.00    0.00    0.00    7.00
12:32:37 AM    1   51.72    0.00   17.24    0.00    0.00    2.30    0.00    0.00    0.00   28.74

12:32:37 AM  CPU    %usr   %nice    %sys %iowait    %irq   %soft  %steal  %guest  %gnice   %idle
12:32:38 AM    0   66.02    0.00   21.36    0.00    0.00    4.85    0.00    0.00    0.00    7.77
12:32:38 AM    1   53.33    0.00   16.67    0.00    0.00    1.11    0.00    0.00    0.00   28.89

12:32:38 AM  CPU    %usr   %nice    %sys %iowait    %irq   %soft  %steal  %guest  %gnice   %idle
12:32:39 AM    0   67.33    0.00   18.81    0.00    0.00    4.95    0.00    0.00    0.00    8.91
12:32:39 AM    1   46.15    0.00   18.68    0.00    0.00    4.40    0.00    0.00    0.00   30.77

12:32:39 AM  CPU    %usr   %nice    %sys %iowait    %irq   %soft  %steal  %guest  %gnice   %idle
12:32:40 AM    0   73.74    0.00   19.19    0.00    0.00    5.05    0.00    0.00    0.00    2.02
12:32:40 AM    1   62.11    0.00   31.58    0.00    0.00    1.05    0.00    0.00    0.00    5.26

12:32:40 AM  CPU    %usr   %nice    %sys %iowait    %irq   %soft  %steal  %guest  %gnice   %idle
12:32:41 AM    0   69.39    0.00   20.41    0.00    0.00   10.20    0.00    0.00    0.00    0.00
12:32:41 AM    1   62.00    0.00   38.00    0.00    0.00    0.00    0.00    0.00    0.00    0.00

12:32:41 AM  CPU    %usr   %nice    %sys %iowait    %irq   %soft  %steal  %guest  %gnice   %idle
12:32:42 AM    0   70.71    0.00   19.19    0.00    0.00    9.09    0.00    0.00    0.00    1.01
12:32:42 AM    1   61.39    0.00   37.62    0.00    0.00    0.99    0.00    0.00    0.00    0.00

12:32:42 AM  CPU    %usr   %nice    %sys %iowait    %irq   %soft  %steal  %guest  %gnice   %idle
12:32:43 AM    0   71.29    0.00   23.76    0.00    0.00    3.96    0.00    0.00    0.00    0.99
12:32:43 AM    1   65.66    0.00   34.34    0.00    0.00    0.00    0.00    0.00    0.00    0.00

12:32:43 AM  CPU    %usr   %nice    %sys %iowait    %irq   %soft  %steal  %guest  %gnice   %idle
12:32:44 AM    0   70.41    0.00   22.45    0.00    0.00    7.14    0.00    0.00    0.00    0.00
12:32:44 AM    1   63.00    0.00   37.00    0.00    0.00    0.00    0.00    0.00    0.00    0.00

12:32:44 AM  CPU    %usr   %nice    %sys %iowait    %irq   %soft  %steal  %guest  %gnice   %idle
12:32:45 AM    0   69.70    0.00   22.22    0.00    0.00    7.07    0.00    0.00    0.00    1.01
12:32:45 AM    1   66.34    0.00   32.67    0.00    0.00    0.99    0.00    0.00    0.00    0.00

12:32:45 AM  CPU    %usr   %nice    %sys %iowait    %irq   %soft  %steal  %guest  %gnice   %idle
12:32:46 AM    0   69.00    0.00   23.00    0.00    0.00    7.00    0.00    0.00    0.00    1.00
12:32:46 AM    1   68.69    0.00   31.31    0.00    0.00    0.00    0.00    0.00    0.00    0.00

12:32:46 AM  CPU    %usr   %nice    %sys %iowait    %irq   %soft  %steal  %guest  %gnice   %idle
12:32:47 AM    0   71.72    0.00   22.22    0.00    0.00    6.06    0.00    0.00    0.00    0.00
12:32:47 AM    1   64.00    0.00   36.00    0.00    0.00    0.00    0.00    0.00    0.00    0.00

12:32:47 AM  CPU    %usr   %nice    %sys %iowait    %irq   %soft  %steal  %guest  %gnice   %idle
12:32:48 AM    0   71.00    0.00   21.00    0.00    0.00    7.00    0.00    0.00    0.00    1.00
12:32:48 AM    1   61.62    0.00   38.38    0.00    0.00    0.00    0.00    0.00    0.00    0.00

12:32:48 AM  CPU    %usr   %nice    %sys %iowait    %irq   %soft  %steal  %guest  %gnice   %idle
12:32:49 AM    0   73.27    0.00   19.80    0.00    0.00    5.94    0.00    0.00    0.00    0.99
12:32:49 AM    1   59.41    0.00   39.60    0.00    0.00    0.99    0.00    0.00    0.00    0.00

12:32:49 AM  CPU    %usr   %nice    %sys %iowait    %irq   %soft  %steal  %guest  %gnice   %idle
12:32:50 AM    0   72.00    0.00   21.00    0.00    0.00    6.00    0.00    0.00    0.00    1.00
12:32:50 AM    1   63.00    0.00   37.00    0.00    0.00    0.00    0.00    0.00    0.00    0.00

12:32:50 AM  CPU    %usr   %nice    %sys %iowait    %irq   %soft  %steal  %guest  %gnice   %idle
12:32:51 AM    0   76.24    0.00   15.84    0.00    0.00    6.93    0.00    0.00    0.00    0.99
12:32:51 AM    1   63.00    0.00   36.00    0.00    0.00    1.00    0.00    0.00    0.00    0.00

12:32:51 AM  CPU    %usr   %nice    %sys %iowait    %irq   %soft  %steal  %guest  %gnice   %idle
12:32:52 AM    0   68.69    0.00   24.24    0.00    0.00    7.07    0.00    0.00    0.00    0.00
12:32:52 AM    1   63.00    0.00   36.00    0.00    0.00    1.00    0.00    0.00    0.00    0.00

12:32:52 AM  CPU    %usr   %nice    %sys %iowait    %irq   %soft  %steal  %guest  %gnice   %idle
12:32:53 AM    0   72.73    0.00   19.19    0.00    0.00    7.07    0.00    0.00    0.00    1.01
12:32:53 AM    1   64.00    0.00   36.00    0.00    0.00    0.00    0.00    0.00    0.00    0.00

12:32:53 AM  CPU    %usr   %nice    %sys %iowait    %irq   %soft  %steal  %guest  %gnice   %idle
12:32:54 AM    0   71.72    0.00   20.20    0.00    0.00    7.07    0.00    0.00    0.00    1.01
12:32:54 AM    1   65.00    0.00   34.00    0.00    0.00    1.00    0.00    0.00    0.00    0.00

12:32:54 AM  CPU    %usr   %nice    %sys %iowait    %irq   %soft  %steal  %guest  %gnice   %idle
12:32:55 AM    0   76.00    0.00   15.00    0.00    0.00    8.00    0.00    0.00    0.00    1.00
12:32:55 AM    1   62.00    0.00   38.00    0.00    0.00    0.00    0.00    0.00    0.00    0.00

12:32:55 AM  CPU    %usr   %nice    %sys %iowait    %irq   %soft  %steal  %guest  %gnice   %idle
12:32:56 AM    0   62.24    0.00   28.57    0.00    0.00    8.16    0.00    0.00    0.00    1.02
12:32:56 AM    1   62.00    0.00   38.00    0.00    0.00    0.00    0.00    0.00    0.00    0.00

12:32:56 AM  CPU    %usr   %nice    %sys %iowait    %irq   %soft  %steal  %guest  %gnice   %idle
12:32:57 AM    0   72.73    0.00   21.21    0.00    0.00    5.05    0.00    0.00    0.00    1.01
12:32:57 AM    1   64.00    0.00   36.00    0.00    0.00    0.00    0.00    0.00    0.00    0.00

12:32:57 AM  CPU    %usr   %nice    %sys %iowait    %irq   %soft  %steal  %guest  %gnice   %idle
12:32:58 AM    0   78.35    0.00   11.34    0.00    0.00    3.09    0.00    0.00    0.00    7.22
12:32:58 AM    1   62.00    0.00   35.00    0.00    0.00    3.00    0.00    0.00    0.00    0.00

12:32:58 AM  CPU    %usr   %nice    %sys %iowait    %irq   %soft  %steal  %guest  %gnice   %idle
12:32:59 AM    0   83.67    0.00    4.08    0.00    0.00    0.00    0.00    0.00    0.00   12.24
12:32:59 AM    1   62.00    0.00   37.00    0.00    0.00    1.00    0.00    0.00    0.00    0.00

12:32:59 AM  CPU    %usr   %nice    %sys %iowait    %irq   %soft  %steal  %guest  %gnice   %idle
12:33:00 AM    0   56.00    0.00    2.00    0.00    0.00    1.00    0.00    0.00    0.00   41.00
12:33:00 AM    1   68.00    0.00   32.00    0.00    0.00    0.00    0.00    0.00    0.00    0.00

12:33:00 AM  CPU    %usr   %nice    %sys %iowait    %irq   %soft  %steal  %guest  %gnice   %idle
12:33:01 AM    0   82.83    0.00    4.04    0.00    0.00    0.00    0.00    0.00    0.00   13.13
12:33:01 AM    1   61.00    0.00   38.00    0.00    0.00    1.00    0.00    0.00    0.00    0.00

12:33:01 AM  CPU    %usr   %nice    %sys %iowait    %irq   %soft  %steal  %guest  %gnice   %idle
12:33:02 AM    0   84.69    0.00    2.04    0.00    0.00    0.00    0.00    0.00    0.00   13.27
12:33:02 AM    1   64.00    0.00   33.00    0.00    0.00    3.00    0.00    0.00    0.00    0.00

12:33:02 AM  CPU    %usr   %nice    %sys %iowait    %irq   %soft  %steal  %guest  %gnice   %idle
12:33:03 AM    0   79.00    0.00    6.00    0.00    0.00    0.00    0.00    0.00    0.00   15.00
12:33:03 AM    1   59.18    0.00   37.76    0.00    0.00    0.00    0.00    0.00    0.00    3.06

12:33:03 AM  CPU    %usr   %nice    %sys %iowait    %irq   %soft  %steal  %guest  %gnice   %idle
12:33:04 AM    0   84.16    0.00    3.96    0.00    0.00    0.00    0.00    0.00    0.00   11.88
12:33:04 AM    1   62.63    0.00   37.37    0.00    0.00    0.00    0.00    0.00    0.00    0.00

12:33:04 AM  CPU    %usr   %nice    %sys %iowait    %irq   %soft  %steal  %guest  %gnice   %idle
12:33:05 AM    0   83.84    0.00    4.04    0.00    0.00    0.00    0.00    0.00    0.00   12.12
12:33:05 AM    1   58.42    0.00   40.59    0.00    0.00    0.99    0.00    0.00    0.00    0.00

12:33:05 AM  CPU    %usr   %nice    %sys %iowait    %irq   %soft  %steal  %guest  %gnice   %idle
12:33:06 AM    0   83.33    0.00    3.12    0.00    0.00    0.00    0.00    0.00    0.00   13.54
12:33:06 AM    1   62.00    0.00   37.00    0.00    0.00    1.00    0.00    0.00    0.00    0.00

12:33:06 AM  CPU    %usr   %nice    %sys %iowait    %irq   %soft  %steal  %guest  %gnice   %idle
12:33:07 AM    0   83.67    0.00    3.06    0.00    0.00    0.00    0.00    0.00    0.00   13.27
12:33:07 AM    1   64.00    0.00   35.00    0.00    0.00    1.00    0.00    0.00    0.00    0.00

12:33:07 AM  CPU    %usr   %nice    %sys %iowait    %irq   %soft  %steal  %guest  %gnice   %idle
12:33:08 AM    0   83.67    0.00    4.08    0.00    0.00    0.00    0.00    0.00    0.00   12.24
12:33:08 AM    1   64.65    0.00   35.35    0.00    0.00    0.00    0.00    0.00    0.00    0.00

12:33:08 AM  CPU    %usr   %nice    %sys %iowait    %irq   %soft  %steal  %guest  %gnice   %idle
12:33:09 AM    0   81.05    0.00    6.32    0.00    0.00    0.00    0.00    0.00    0.00   12.63
12:33:09 AM    1   64.00    0.00   36.00    0.00    0.00    0.00    0.00    0.00    0.00    0.00

12:33:09 AM  CPU    %usr   %nice    %sys %iowait    %irq   %soft  %steal  %guest  %gnice   %idle
12:33:10 AM    0   84.21    0.00    2.11    0.00    0.00    0.00    0.00    0.00    0.00   13.68
12:33:10 AM    1   65.00    0.00   33.00    0.00    0.00    1.00    0.00    0.00    0.00    1.00

12:33:10 AM  CPU    %usr   %nice    %sys %iowait    %irq   %soft  %steal  %guest  %gnice   %idle
12:33:11 AM    0   86.27    0.00    1.96    0.00    0.00    0.00    0.00    0.00    0.00   11.76
12:33:11 AM    1   61.00    0.00   39.00    0.00    0.00    0.00    0.00    0.00    0.00    0.00

12:33:11 AM  CPU    %usr   %nice    %sys %iowait    %irq   %soft  %steal  %guest  %gnice   %idle
12:33:12 AM    0   84.54    0.00    2.06    0.00    0.00    0.00    0.00    0.00    0.00   13.40
12:33:12 AM    1   62.38    0.00   35.64    0.00    0.00    1.98    0.00    0.00    0.00    0.00

12:33:12 AM  CPU    %usr   %nice    %sys %iowait    %irq   %soft  %steal  %guest  %gnice   %idle
12:33:13 AM    0   37.25    0.00    0.98    0.00    0.00    2.94    0.00    0.00    0.00   58.82
12:33:13 AM    1   70.00    0.00   28.00    0.00    0.00    2.00    0.00    0.00    0.00    0.00

12:33:13 AM  CPU    %usr   %nice    %sys %iowait    %irq   %soft  %steal  %guest  %gnice   %idle
12:33:14 AM    0   85.71    0.00    0.00    0.00    0.00    0.00    0.00    0.00    0.00   14.29
12:33:14 AM    1   65.00    0.00   35.00    0.00    0.00    0.00    0.00    0.00    0.00    0.00

12:33:14 AM  CPU    %usr   %nice    %sys %iowait    %irq   %soft  %steal  %guest  %gnice   %idle
12:33:15 AM    0   82.65    0.00    3.06    0.00    0.00    0.00    0.00    0.00    0.00   14.29
12:33:15 AM    1   69.70    0.00   30.30    0.00    0.00    0.00    0.00    0.00    0.00    0.00

12:33:15 AM  CPU    %usr   %nice    %sys %iowait    %irq   %soft  %steal  %guest  %gnice   %idle
12:33:16 AM    0   81.82    0.00    3.03    0.00    0.00    0.00    0.00    0.00    0.00   15.15
12:33:16 AM    1   65.35    0.00   33.66    0.00    0.00    0.99    0.00    0.00    0.00    0.00

12:33:16 AM  CPU    %usr   %nice    %sys %iowait    %irq   %soft  %steal  %guest  %gnice   %idle
12:33:17 AM    0   80.21    0.00    5.21    0.00    0.00    0.00    0.00    0.00    0.00   14.58
12:33:17 AM    1   60.00    0.00   38.00    0.00    0.00    1.00    0.00    0.00    0.00    1.00

12:33:17 AM  CPU    %usr   %nice    %sys %iowait    %irq   %soft  %steal  %guest  %gnice   %idle
12:33:18 AM    0   85.00    0.00    2.00    0.00    0.00    0.00    0.00    0.00    0.00   13.00
12:33:18 AM    1   62.63    0.00   36.36    0.00    0.00    1.01    0.00    0.00    0.00    0.00

12:33:18 AM  CPU    %usr   %nice    %sys %iowait    %irq   %soft  %steal  %guest  %gnice   %idle
12:33:19 AM    0   84.21    0.00    2.11    0.00    0.00    0.00    0.00    0.00    0.00   13.68
12:33:19 AM    1   61.39    0.00   37.62    0.00    0.00    0.99    0.00    0.00    0.00    0.00

12:33:19 AM  CPU    %usr   %nice    %sys %iowait    %irq   %soft  %steal  %guest  %gnice   %idle
12:33:20 AM    0   85.26    0.00    1.05    0.00    0.00    0.00    0.00    0.00    0.00   13.68
12:33:20 AM    1   60.20    0.00   34.69    0.00    0.00    3.06    0.00    0.00    0.00    2.04

12:33:20 AM  CPU    %usr   %nice    %sys %iowait    %irq   %soft  %steal  %guest  %gnice   %idle
12:33:21 AM    0   84.54    0.00    3.09    0.00    0.00    0.00    0.00    0.00    0.00   12.37
12:33:21 AM    1   60.61    0.00   39.39    0.00    0.00    0.00    0.00    0.00    0.00    0.00

12:33:21 AM  CPU    %usr   %nice    %sys %iowait    %irq   %soft  %steal  %guest  %gnice   %idle
12:33:22 AM    0   86.02    0.00    1.08    0.00    0.00    0.00    0.00    0.00    0.00   12.90
12:33:22 AM    1   57.43    0.00   42.57    0.00    0.00    0.00    0.00    0.00    0.00    0.00

12:33:22 AM  CPU    %usr   %nice    %sys %iowait    %irq   %soft  %steal  %guest  %gnice   %idle
12:33:23 AM    0   80.41    0.00    5.15    0.00    0.00    0.00    0.00    0.00    0.00   14.43
12:33:23 AM    1   64.00    0.00   35.00    0.00    0.00    1.00    0.00    0.00    0.00    0.00

12:33:23 AM  CPU    %usr   %nice    %sys %iowait    %irq   %soft  %steal  %guest  %gnice   %idle
12:33:24 AM    0   84.21    0.00    3.16    0.00    0.00    0.00    0.00    0.00    0.00   12.63
12:33:24 AM    1   63.00    0.00   37.00    0.00    0.00    0.00    0.00    0.00    0.00    0.00

12:33:24 AM  CPU    %usr   %nice    %sys %iowait    %irq   %soft  %steal  %guest  %gnice   %idle
12:33:25 AM    0   84.38    0.00    3.12    0.00    0.00    0.00    0.00    0.00    0.00   12.50
12:33:25 AM    1   63.00    0.00   36.00    0.00    0.00    1.00    0.00    0.00    0.00    0.00

12:33:25 AM  CPU    %usr   %nice    %sys %iowait    %irq   %soft  %steal  %guest  %gnice   %idle
12:33:26 AM    0   80.61    0.00    6.12    0.00    0.00    0.00    0.00    0.00    0.00   13.27
12:33:26 AM    1   65.00    0.00   34.00    0.00    0.00    1.00    0.00    0.00    0.00    0.00

12:33:26 AM  CPU    %usr   %nice    %sys %iowait    %irq   %soft  %steal  %guest  %gnice   %idle
12:33:27 AM    0   82.11    0.00    4.21    0.00    0.00    0.00    0.00    0.00    0.00   13.68
12:33:27 AM    1   67.00    0.00   32.00    0.00    0.00    1.00    0.00    0.00    0.00    0.00

12:33:27 AM  CPU    %usr   %nice    %sys %iowait    %irq   %soft  %steal  %guest  %gnice   %idle
12:33:28 AM    0   84.54    0.00    3.09    0.00    0.00    0.00    0.00    0.00    0.00   12.37
12:33:28 AM    1   62.00    0.00   38.00    0.00    0.00    0.00    0.00    0.00    0.00    0.00

12:33:28 AM  CPU    %usr   %nice    %sys %iowait    %irq   %soft  %steal  %guest  %gnice   %idle
12:33:29 AM    0   83.33    0.00    3.12    0.00    0.00    0.00    0.00    0.00    0.00   13.54
12:33:29 AM    1   64.00    0.00   35.00    0.00    0.00    1.00    0.00    0.00    0.00    0.00

12:33:29 AM  CPU    %usr   %nice    %sys %iowait    %irq   %soft  %steal  %guest  %gnice   %idle
12:33:30 AM    0   85.42    0.00    2.08    0.00    0.00    0.00    0.00    0.00    0.00   12.50
12:33:30 AM    1   64.65    0.00   35.35    0.00    0.00    0.00    0.00    0.00    0.00    0.00

12:33:30 AM  CPU    %usr   %nice    %sys %iowait    %irq   %soft  %steal  %guest  %gnice   %idle
12:33:31 AM    0   84.21    0.00    3.16    0.00    0.00    0.00    0.00    0.00    0.00   12.63
12:33:31 AM    1   62.38    0.00   36.63    0.00    0.00    0.99    0.00    0.00    0.00    0.00

12:33:31 AM  CPU    %usr   %nice    %sys %iowait    %irq   %soft  %steal  %guest  %gnice   %idle
12:33:32 AM    0   80.61    0.00    5.10    0.00    0.00    0.00    0.00    0.00    0.00   14.29
12:33:32 AM    1   62.00    0.00   38.00    0.00    0.00    0.00    0.00    0.00    0.00    0.00

12:33:32 AM  CPU    %usr   %nice    %sys %iowait    %irq   %soft  %steal  %guest  %gnice   %idle
12:33:33 AM    0   84.78    0.00    2.17    0.00    0.00    0.00    0.00    0.00    0.00   13.04
12:33:33 AM    1   67.68    0.00   32.32    0.00    0.00    0.00    0.00    0.00    0.00    0.00

12:33:33 AM  CPU    %usr   %nice    %sys %iowait    %irq   %soft  %steal  %guest  %gnice   %idle
12:33:34 AM    0   83.51    0.00    4.12    0.00    0.00    0.00    0.00    0.00    0.00   12.37
12:33:34 AM    1   67.33    0.00   32.67    0.00    0.00    0.00    0.00    0.00    0.00    0.00

12:33:34 AM  CPU    %usr   %nice    %sys %iowait    %irq   %soft  %steal  %guest  %gnice   %idle
12:33:35 AM    0   82.47    0.00    5.15    0.00    0.00    0.00    0.00    0.00    0.00   12.37
12:33:35 AM    1   68.00    0.00   32.00    0.00    0.00    0.00    0.00    0.00    0.00    0.00

12:33:35 AM  CPU    %usr   %nice    %sys %iowait    %irq   %soft  %steal  %guest  %gnice   %idle
12:33:36 AM    0   82.83    0.00    3.03    0.00    0.00    0.00    0.00    0.00    0.00   14.14
12:33:36 AM    1   62.63    0.00   36.36    0.00    0.00    1.01    0.00    0.00    0.00    0.00

12:33:36 AM  CPU    %usr   %nice    %sys %iowait    %irq   %soft  %steal  %guest  %gnice   %idle
12:33:37 AM    0   84.38    0.00    3.12    0.00    0.00    0.00    0.00    0.00    0.00   12.50
12:33:37 AM    1   63.00    0.00   37.00    0.00    0.00    0.00    0.00    0.00    0.00    0.00

12:33:37 AM  CPU    %usr   %nice    %sys %iowait    %irq   %soft  %steal  %guest  %gnice   %idle
12:33:38 AM    0   83.16    0.00    3.16    0.00    0.00    0.00    0.00    0.00    0.00   13.68
12:33:38 AM    1   61.00    0.00   39.00    0.00    0.00    0.00    0.00    0.00    0.00    0.00

12:33:38 AM  CPU    %usr   %nice    %sys %iowait    %irq   %soft  %steal  %guest  %gnice   %idle
12:33:39 AM    0   84.62    0.00    1.10    0.00    0.00    0.00    0.00    0.00    0.00   14.29
12:33:39 AM    1   63.00    0.00   35.00    0.00    0.00    1.00    0.00    0.00    0.00    1.00

12:33:39 AM  CPU    %usr   %nice    %sys %iowait    %irq   %soft  %steal  %guest  %gnice   %idle
12:33:40 AM    0    0.00    0.00    0.00    0.00    0.00    2.91    0.00    0.00    0.00   97.09
12:33:40 AM    1   76.77    0.00   22.22    0.00    0.00    1.01    0.00    0.00    0.00    0.00

12:33:40 AM  CPU    %usr   %nice    %sys %iowait    %irq   %soft  %steal  %guest  %gnice   %idle
12:33:41 AM    0   41.05    0.00    3.16    0.00    0.00    3.16    0.00    0.00    0.00   52.63
12:33:41 AM    1   81.19    0.00   16.83    0.00    0.00    1.98    0.00    0.00    0.00    0.00

12:33:41 AM  CPU    %usr   %nice    %sys %iowait    %irq   %soft  %steal  %guest  %gnice   %idle
12:33:42 AM    0   80.81    0.00    5.05    0.00    0.00    0.00    0.00    0.00    0.00   14.14
12:33:42 AM    1   61.62    0.00   38.38    0.00    0.00    0.00    0.00    0.00    0.00    0.00

12:33:42 AM  CPU    %usr   %nice    %sys %iowait    %irq   %soft  %steal  %guest  %gnice   %idle
12:33:43 AM    0   80.41    0.00    5.15    0.00    0.00    0.00    0.00    0.00    0.00   14.43
12:33:43 AM    1   66.34    0.00   33.66    0.00    0.00    0.00    0.00    0.00    0.00    0.00

12:33:43 AM  CPU    %usr   %nice    %sys %iowait    %irq   %soft  %steal  %guest  %gnice   %idle
12:33:44 AM    0   82.11    0.00    4.21    0.00    0.00    0.00    0.00    0.00    0.00   13.68
12:33:44 AM    1   63.27    0.00   34.69    0.00    0.00    0.00    0.00    0.00    0.00    2.04

12:33:44 AM  CPU    %usr   %nice    %sys %iowait    %irq   %soft  %steal  %guest  %gnice   %idle
12:33:45 AM    0   86.00    0.00    1.00    0.00    0.00    0.00    0.00    0.00    0.00   13.00
12:33:45 AM    1   60.00    0.00   39.00    0.00    0.00    1.00    0.00    0.00    0.00    0.00

12:33:45 AM  CPU    %usr   %nice    %sys %iowait    %irq   %soft  %steal  %guest  %gnice   %idle
12:33:46 AM    0   83.84    0.00    4.04    0.00    0.00    0.00    0.00    0.00    0.00   12.12
12:33:46 AM    1   62.00    0.00   37.00    0.00    0.00    1.00    0.00    0.00    0.00    0.00

12:33:46 AM  CPU    %usr   %nice    %sys %iowait    %irq   %soft  %steal  %guest  %gnice   %idle
12:33:47 AM    0   81.73    0.00    4.81    0.00    0.00    0.00    0.00    0.00    0.00   13.46
12:33:47 AM    1   61.00    0.00   39.00    0.00    0.00    0.00    0.00    0.00    0.00    0.00

12:33:47 AM  CPU    %usr   %nice    %sys %iowait    %irq   %soft  %steal  %guest  %gnice   %idle
12:33:48 AM    0   84.21    0.00    3.16    0.00    0.00    0.00    0.00    0.00    0.00   12.63
12:33:48 AM    1   60.00    0.00   38.00    0.00    0.00    2.00    0.00    0.00    0.00    0.00

12:33:48 AM  CPU    %usr   %nice    %sys %iowait    %irq   %soft  %steal  %guest  %gnice   %idle
12:33:49 AM    0   83.00    0.00    4.00    0.00    0.00    0.00    0.00    0.00    0.00   13.00
12:33:49 AM    1   60.61    0.00   39.39    0.00    0.00    0.00    0.00    0.00    0.00    0.00

12:33:49 AM  CPU    %usr   %nice    %sys %iowait    %irq   %soft  %steal  %guest  %gnice   %idle
12:33:50 AM    0   85.11    0.00    1.06    0.00    0.00    0.00    0.00    0.00    0.00   13.83
12:33:50 AM    1   65.35    0.00   33.66    0.00    0.00    0.99    0.00    0.00    0.00    0.00

12:33:50 AM  CPU    %usr   %nice    %sys %iowait    %irq   %soft  %steal  %guest  %gnice   %idle
12:33:51 AM    0   84.16    0.00    3.96    0.00    0.00    0.00    0.00    0.00    0.00   11.88
12:33:51 AM    1   58.59    0.00   41.41    0.00    0.00    0.00    0.00    0.00    0.00    0.00

12:33:51 AM  CPU    %usr   %nice    %sys %iowait    %irq   %soft  %steal  %guest  %gnice   %idle
12:33:52 AM    0   85.11    0.00    1.06    0.00    0.00    0.00    0.00    0.00    0.00   13.83
12:33:52 AM    1   60.40    0.00   37.62    0.00    0.00    1.98    0.00    0.00    0.00    0.00

12:33:52 AM  CPU    %usr   %nice    %sys %iowait    %irq   %soft  %steal  %guest  %gnice   %idle
12:33:53 AM    0   84.85    0.00    2.02    0.00    0.00    0.00    0.00    0.00    0.00   13.13
12:33:53 AM    1   59.00    0.00   40.00    0.00    0.00    1.00    0.00    0.00    0.00    0.00

12:33:53 AM  CPU    %usr   %nice    %sys %iowait    %irq   %soft  %steal  %guest  %gnice   %idle
12:33:54 AM    0   82.83    0.00    4.04    0.00    0.00    0.00    0.00    0.00    0.00   13.13
12:33:54 AM    1   67.00    0.00   33.00    0.00    0.00    0.00    0.00    0.00    0.00    0.00

12:33:54 AM  CPU    %usr   %nice    %sys %iowait    %irq   %soft  %steal  %guest  %gnice   %idle
12:33:55 AM    0   84.85    0.00    2.02    0.00    0.00    0.00    0.00    0.00    0.00   13.13
12:33:55 AM    1   60.00    0.00   38.00    0.00    0.00    2.00    0.00    0.00    0.00    0.00

12:33:55 AM  CPU    %usr   %nice    %sys %iowait    %irq   %soft  %steal  %guest  %gnice   %idle
12:33:56 AM    0   86.17    0.00    1.06    0.00    0.00    0.00    0.00    0.00    0.00   12.77
12:33:56 AM    1   61.00    0.00   38.00    0.00    0.00    1.00    0.00    0.00    0.00    0.00

12:33:56 AM  CPU    %usr   %nice    %sys %iowait    %irq   %soft  %steal  %guest  %gnice   %idle
12:33:57 AM    0   81.05    0.00    4.21    0.00    0.00    0.00    0.00    0.00    0.00   14.74
12:33:57 AM    1   63.37    0.00   35.64    0.00    0.00    0.99    0.00    0.00    0.00    0.00

12:33:57 AM  CPU    %usr   %nice    %sys %iowait    %irq   %soft  %steal  %guest  %gnice   %idle
12:33:58 AM    0   83.16    0.00    3.16    0.00    0.00    0.00    0.00    0.00    0.00   13.68
12:33:58 AM    1   60.61    0.00   39.39    0.00    0.00    0.00    0.00    0.00    0.00    0.00

12:33:58 AM  CPU    %usr   %nice    %sys %iowait    %irq   %soft  %steal  %guest  %gnice   %idle
12:33:59 AM    0   82.29    0.00    5.21    0.00    0.00    0.00    0.00    0.00    0.00   12.50
12:33:59 AM    1   61.00    0.00   37.00    0.00    0.00    2.00    0.00    0.00    0.00    0.00

12:33:59 AM  CPU    %usr   %nice    %sys %iowait    %irq   %soft  %steal  %guest  %gnice   %idle
12:34:00 AM    0   82.83    0.00    3.03    0.00    0.00    0.00    0.00    0.00    0.00   14.14
12:34:00 AM    1   66.00    0.00   34.00    0.00    0.00    0.00    0.00    0.00    0.00    0.00

12:34:00 AM  CPU    %usr   %nice    %sys %iowait    %irq   %soft  %steal  %guest  %gnice   %idle
12:34:01 AM    0   82.80    0.00    4.30    0.00    0.00    0.00    0.00    0.00    0.00   12.90
12:34:01 AM    1   61.00    0.00   38.00    0.00    0.00    1.00    0.00    0.00    0.00    0.00

12:34:01 AM  CPU    %usr   %nice    %sys %iowait    %irq   %soft  %steal  %guest  %gnice   %idle
12:34:02 AM    0   82.98    0.00    4.26    0.00    0.00    0.00    0.00    0.00    0.00   12.77
12:34:02 AM    1   63.00    0.00   36.00    0.00    0.00    1.00    0.00    0.00    0.00    0.00

12:34:02 AM  CPU    %usr   %nice    %sys %iowait    %irq   %soft  %steal  %guest  %gnice   %idle
12:34:03 AM    0   84.04    0.00    1.06    0.00    0.00    0.00    0.00    0.00    0.00   14.89
12:34:03 AM    1   67.00    0.00   33.00    0.00    0.00    0.00    0.00    0.00    0.00    0.00

12:34:03 AM  CPU    %usr   %nice    %sys %iowait    %irq   %soft  %steal  %guest  %gnice   %idle
12:34:04 AM    0   82.98    0.00    4.26    0.00    0.00    0.00    0.00    0.00    0.00   12.77
12:34:04 AM    1   64.36    0.00   34.65    0.00    0.00    0.99    0.00    0.00    0.00    0.00

12:34:04 AM  CPU    %usr   %nice    %sys %iowait    %irq   %soft  %steal  %guest  %gnice   %idle
12:34:05 AM    0   83.33    0.00    3.12    0.00    0.00    0.00    0.00    0.00    0.00   13.54
12:34:05 AM    1   63.64    0.00   35.35    0.00    0.00    1.01    0.00    0.00    0.00    0.00

12:34:05 AM  CPU    %usr   %nice    %sys %iowait    %irq   %soft  %steal  %guest  %gnice   %idle
12:34:06 AM    0   84.69    0.00    3.06    0.00    0.00    0.00    0.00    0.00    0.00   12.24
12:34:06 AM    1   63.37    0.00   35.64    0.00    0.00    0.99    0.00    0.00    0.00    0.00

12:34:06 AM  CPU    %usr   %nice    %sys %iowait    %irq   %soft  %steal  %guest  %gnice   %idle
12:34:07 AM    0   83.51    0.00    2.06    0.00    0.00    0.00    0.00    0.00    0.00   14.43
12:34:07 AM    1   65.66    0.00   33.33    0.00    0.00    1.01    0.00    0.00    0.00    0.00

12:34:07 AM  CPU    %usr   %nice    %sys %iowait    %irq   %soft  %steal  %guest  %gnice   %idle
12:34:08 AM    0   84.00    0.00    4.00    0.00    0.00    0.00    0.00    0.00    0.00   12.00
12:34:08 AM    1   61.00    0.00   39.00    0.00    0.00    0.00    0.00    0.00    0.00    0.00

12:34:08 AM  CPU    %usr   %nice    %sys %iowait    %irq   %soft  %steal  %guest  %gnice   %idle
12:34:09 AM    0   82.11    0.00    4.21    0.00    0.00    0.00    0.00    0.00    0.00   13.68
12:34:09 AM    1   67.00    0.00   32.00    0.00    0.00    1.00    0.00    0.00    0.00    0.00

12:34:09 AM  CPU    %usr   %nice    %sys %iowait    %irq   %soft  %steal  %guest  %gnice   %idle
12:34:10 AM    0   85.71    0.00    1.02    0.00    0.00    0.00    0.00    0.00    0.00   13.27
12:34:10 AM    1   64.00    0.00   35.00    0.00    0.00    1.00    0.00    0.00    0.00    0.00

12:34:10 AM  CPU    %usr   %nice    %sys %iowait    %irq   %soft  %steal  %guest  %gnice   %idle
12:34:11 AM    0   86.00    0.00    1.00    0.00    0.00    0.00    0.00    0.00    0.00   13.00
12:34:11 AM    1   55.45    0.00   43.56    0.00    0.00    0.99    0.00    0.00    0.00    0.00

12:34:11 AM  CPU    %usr   %nice    %sys %iowait    %irq   %soft  %steal  %guest  %gnice   %idle
12:34:12 AM    0   86.60    0.00    1.03    0.00    0.00    0.00    0.00    0.00    0.00   12.37
12:34:12 AM    1   59.60    0.00   39.39    0.00    0.00    1.01    0.00    0.00    0.00    0.00

12:34:12 AM  CPU    %usr   %nice    %sys %iowait    %irq   %soft  %steal  %guest  %gnice   %idle
12:34:13 AM    0   83.84    0.00    3.03    0.00    0.00    0.00    0.00    0.00    0.00   13.13
12:34:13 AM    1   65.00    0.00   35.00    0.00    0.00    0.00    0.00    0.00    0.00    0.00

12:34:13 AM  CPU    %usr   %nice    %sys %iowait    %irq   %soft  %steal  %guest  %gnice   %idle
12:34:14 AM    0   84.47    0.00    2.91    0.00    0.00    0.00    0.00    0.00    0.00   12.62
12:34:14 AM    1   61.62    0.00   38.38    0.00    0.00    0.00    0.00    0.00    0.00    0.00

12:34:14 AM  CPU    %usr   %nice    %sys %iowait    %irq   %soft  %steal  %guest  %gnice   %idle
12:34:15 AM    0   84.38    0.00    3.12    0.00    0.00    0.00    0.00    0.00    0.00   12.50
12:34:15 AM    1   61.39    0.00   37.62    0.00    0.00    0.99    0.00    0.00    0.00    0.00

12:34:15 AM  CPU    %usr   %nice    %sys %iowait    %irq   %soft  %steal  %guest  %gnice   %idle
12:34:16 AM    0   83.33    0.00    2.08    0.00    0.00    0.00    0.00    0.00    0.00   14.58
12:34:16 AM    1   62.00    0.00   37.00    0.00    0.00    1.00    0.00    0.00    0.00    0.00

12:34:16 AM  CPU    %usr   %nice    %sys %iowait    %irq   %soft  %steal  %guest  %gnice   %idle
12:34:17 AM    0   85.71    0.00    2.04    0.00    0.00    0.00    0.00    0.00    0.00   12.24
12:34:17 AM    1   61.00    0.00   37.00    0.00    0.00    2.00    0.00    0.00    0.00    0.00

12:34:17 AM  CPU    %usr   %nice    %sys %iowait    %irq   %soft  %steal  %guest  %gnice   %idle
12:34:18 AM    0   84.38    0.00    2.08    0.00    0.00    0.00    0.00    0.00    0.00   13.54
12:34:18 AM    1   60.00    0.00   40.00    0.00    0.00    0.00    0.00    0.00    0.00    0.00

12:34:18 AM  CPU    %usr   %nice    %sys %iowait    %irq   %soft  %steal  %guest  %gnice   %idle
12:34:19 AM    0   83.67    0.00    4.08    0.00    0.00    0.00    0.00    0.00    0.00   12.24
12:34:19 AM    1   62.63    0.00   37.37    0.00    0.00    0.00    0.00    0.00    0.00    0.00

12:34:19 AM  CPU    %usr   %nice    %sys %iowait    %irq   %soft  %steal  %guest  %gnice   %idle
12:34:20 AM    0   82.11    0.00    3.16    0.00    0.00    0.00    0.00    0.00    0.00   14.74
12:34:20 AM    1   62.38    0.00   36.63    0.00    0.00    0.99    0.00    0.00    0.00    0.00

12:34:20 AM  CPU    %usr   %nice    %sys %iowait    %irq   %soft  %steal  %guest  %gnice   %idle
12:34:21 AM    0   82.47    0.00    5.15    0.00    0.00    0.00    0.00    0.00    0.00   12.37
12:34:21 AM    1   62.00    0.00   37.00    0.00    0.00    1.00    0.00    0.00    0.00    0.00

12:34:21 AM  CPU    %usr   %nice    %sys %iowait    %irq   %soft  %steal  %guest  %gnice   %idle
12:34:22 AM    0   83.33    0.00    3.12    0.00    0.00    0.00    0.00    0.00    0.00   13.54
12:34:22 AM    1   68.00    0.00   32.00    0.00    0.00    0.00    0.00    0.00    0.00    0.00

12:34:22 AM  CPU    %usr   %nice    %sys %iowait    %irq   %soft  %steal  %guest  %gnice   %idle
12:34:23 AM    0   82.98    0.00    3.19    0.00    0.00    0.00    0.00    0.00    0.00   13.83
12:34:23 AM    1   66.67    0.00   33.33    0.00    0.00    0.00    0.00    0.00    0.00    0.00

12:34:23 AM  CPU    %usr   %nice    %sys %iowait    %irq   %soft  %steal  %guest  %gnice   %idle
12:34:24 AM    0   84.69    0.00    2.04    0.00    0.00    0.00    0.00    0.00    0.00   13.27
12:34:24 AM    1   57.00    0.00   42.00    0.00    0.00    1.00    0.00    0.00    0.00    0.00

12:34:24 AM  CPU    %usr   %nice    %sys %iowait    %irq   %soft  %steal  %guest  %gnice   %idle
12:34:25 AM    0   84.38    0.00    3.12    0.00    0.00    0.00    0.00    0.00    0.00   12.50
12:34:25 AM    1   62.00    0.00   38.00    0.00    0.00    0.00    0.00    0.00    0.00    0.00

12:34:25 AM  CPU    %usr   %nice    %sys %iowait    %irq   %soft  %steal  %guest  %gnice   %idle
12:34:26 AM    0   81.72    0.00    3.23    0.00    0.00    0.00    0.00    0.00    0.00   15.05
12:34:26 AM    1   61.76    0.00   36.27    0.00    0.00    0.98    0.00    0.00    0.00    0.98

12:34:26 AM  CPU    %usr   %nice    %sys %iowait    %irq   %soft  %steal  %guest  %gnice   %idle
12:34:27 AM    0   84.85    0.00    2.02    0.00    0.00    0.00    0.00    0.00    0.00   13.13
12:34:27 AM    1   65.66    0.00   34.34    0.00    0.00    0.00    0.00    0.00    0.00    0.00

12:34:27 AM  CPU    %usr   %nice    %sys %iowait    %irq   %soft  %steal  %guest  %gnice   %idle
12:34:28 AM    0   82.47    0.00    5.15    0.00    0.00    0.00    0.00    0.00    0.00   12.37
12:34:28 AM    1   58.00    0.00   42.00    0.00    0.00    0.00    0.00    0.00    0.00    0.00

12:34:28 AM  CPU    %usr   %nice    %sys %iowait    %irq   %soft  %steal  %guest  %gnice   %idle
12:34:29 AM    0   80.41    0.00    6.19    0.00    0.00    0.00    0.00    0.00    0.00   13.40
12:34:29 AM    1   57.43    0.00   40.59    0.00    0.00    1.98    0.00    0.00    0.00    0.00

12:34:29 AM  CPU    %usr   %nice    %sys %iowait    %irq   %soft  %steal  %guest  %gnice   %idle
12:34:30 AM    0   83.84    0.00    3.03    0.00    0.00    0.00    0.00    0.00    0.00   13.13
12:34:30 AM    1   64.29    0.00   35.71    0.00    0.00    0.00    0.00    0.00    0.00    0.00

12:34:30 AM  CPU    %usr   %nice    %sys %iowait    %irq   %soft  %steal  %guest  %gnice   %idle
12:34:31 AM    0   84.54    0.00    2.06    0.00    0.00    0.00    0.00    0.00    0.00   13.40
12:34:31 AM    1   63.00    0.00   37.00    0.00    0.00    0.00    0.00    0.00    0.00    0.00

12:34:31 AM  CPU    %usr   %nice    %sys %iowait    %irq   %soft  %steal  %guest  %gnice   %idle
12:34:32 AM    0   82.29    0.00    5.21    0.00    0.00    0.00    0.00    0.00    0.00   12.50
12:34:32 AM    1   62.00    0.00   37.00    0.00    0.00    1.00    0.00    0.00    0.00    0.00

12:34:32 AM  CPU    %usr   %nice    %sys %iowait    %irq   %soft  %steal  %guest  %gnice   %idle
12:34:33 AM    0   53.06    0.00    2.04    0.00    0.00    2.04    0.00    0.00    0.00   42.86
12:34:33 AM    1   73.27    0.00   25.74    0.00    0.00    0.99    0.00    0.00    0.00    0.00

12:34:33 AM  CPU    %usr   %nice    %sys %iowait    %irq   %soft  %steal  %guest  %gnice   %idle
12:34:34 AM    0    0.00    0.00    0.00    0.00    0.00    4.76    0.00    0.00    0.00   95.24
12:34:34 AM    1   72.73    0.00   25.25    0.00    0.00    2.02    0.00    0.00    0.00    0.00

12:34:34 AM  CPU    %usr   %nice    %sys %iowait    %irq   %soft  %steal  %guest  %gnice   %idle
12:34:35 AM    0   20.00    0.00    1.00    0.00    0.00    2.00    0.00    0.00    0.00   77.00
12:34:35 AM    1   79.00    0.00   20.00    0.00    0.00    1.00    0.00    0.00    0.00    0.00

12:34:35 AM  CPU    %usr   %nice    %sys %iowait    %irq   %soft  %steal  %guest  %gnice   %idle
12:34:36 AM    0   81.05    0.00    3.16    0.00    0.00    0.00    0.00    0.00    0.00   15.79
12:34:36 AM    1   68.32    0.00   29.70    0.00    0.00    1.98    0.00    0.00    0.00    0.00

Average:     CPU    %usr   %nice    %sys %iowait    %irq   %soft  %steal  %guest  %gnice   %idle
Average:       0   77.91    0.00    6.33    0.00    0.00    1.37    0.00    0.00    0.00   14.39
Average:       1   63.21    0.00   35.25    0.00    0.00    0.74    0.00    0.00    0.00    0.79
