Linux 5.3.0-59-generic (ericmei) 	06/30/2020 	_x86_64_	(12 CPU)

12:29:59 AM  CPU    %usr   %nice    %sys %iowait    %irq   %soft  %steal  %guest  %gnice   %idle
12:30:00 AM    0   65.69    0.00   26.47    0.00    0.00    6.86    0.00    0.00    0.00    0.98
12:30:00 AM    1   60.61    0.00   39.39    0.00    0.00    0.00    0.00    0.00    0.00    0.00

12:30:00 AM  CPU    %usr   %nice    %sys %iowait    %irq   %soft  %steal  %guest  %gnice   %idle
12:30:01 AM    0   66.00    0.00   26.00    0.00    0.00    8.00    0.00    0.00    0.00    0.00
12:30:01 AM    1   65.66    0.00   33.33    0.00    0.00    1.01    0.00    0.00    0.00    0.00

12:30:01 AM  CPU    %usr   %nice    %sys %iowait    %irq   %soft  %steal  %guest  %gnice   %idle
12:30:02 AM    0   72.73    0.00   23.23    0.00    0.00    3.03    0.00    0.00    0.00    1.01
12:30:02 AM    1   64.36    0.00   35.64    0.00    0.00    0.00    0.00    0.00    0.00    0.00

12:30:02 AM  CPU    %usr   %nice    %sys %iowait    %irq   %soft  %steal  %guest  %gnice   %idle
12:30:03 AM    0   63.37    0.00   27.72    0.00    0.00    7.92    0.00    0.00    0.00    0.99
12:30:03 AM    1   59.60    0.00   40.40    0.00    0.00    0.00    0.00    0.00    0.00    0.00

12:30:03 AM  CPU    %usr   %nice    %sys %iowait    %irq   %soft  %steal  %guest  %gnice   %idle
12:30:04 AM    0   68.00    0.00   24.00    0.00    0.00    8.00    0.00    0.00    0.00    0.00
12:30:04 AM    1   62.00    0.00   36.00    0.00    0.00    2.00    0.00    0.00    0.00    0.00

12:30:04 AM  CPU    %usr   %nice    %sys %iowait    %irq   %soft  %steal  %guest  %gnice   %idle
12:30:05 AM    0   63.37    0.00   27.72    0.00    0.00    7.92    0.00    0.00    0.00    0.99
12:30:05 AM    1   63.00    0.00   36.00    0.00    0.00    1.00    0.00    0.00    0.00    0.00

12:30:05 AM  CPU    %usr   %nice    %sys %iowait    %irq   %soft  %steal  %guest  %gnice   %idle
12:30:06 AM    0   66.67    0.00   26.26    0.00    0.00    7.07    0.00    0.00    0.00    0.00
12:30:06 AM    1   59.00    0.00   41.00    0.00    0.00    0.00    0.00    0.00    0.00    0.00

12:30:06 AM  CPU    %usr   %nice    %sys %iowait    %irq   %soft  %steal  %guest  %gnice   %idle
12:30:07 AM    0   69.31    0.00   25.74    0.00    0.00    3.96    0.00    0.00    0.00    0.99
12:30:07 AM    1   60.00    0.00   39.00    0.00    0.00    1.00    0.00    0.00    0.00    0.00

12:30:07 AM  CPU    %usr   %nice    %sys %iowait    %irq   %soft  %steal  %guest  %gnice   %idle
12:30:08 AM    0   63.64    0.00   24.24    0.00    0.00    6.06    0.00    0.00    0.00    6.06
12:30:08 AM    1   57.43    0.00   41.58    0.00    0.00    0.99    0.00    0.00    0.00    0.00

12:30:08 AM  CPU    %usr   %nice    %sys %iowait    %irq   %soft  %steal  %guest  %gnice   %idle
12:30:09 AM    0   73.00    0.00   20.00    0.00    0.00    7.00    0.00    0.00    0.00    0.00
12:30:09 AM    1   60.61    0.00   39.39    0.00    0.00    0.00    0.00    0.00    0.00    0.00

12:30:09 AM  CPU    %usr   %nice    %sys %iowait    %irq   %soft  %steal  %guest  %gnice   %idle
12:30:10 AM    0   72.00    0.00   19.00    0.00    0.00    8.00    0.00    0.00    0.00    1.00
12:30:10 AM    1   63.00    0.00   36.00    0.00    0.00    1.00    0.00    0.00    0.00    0.00

12:30:10 AM  CPU    %usr   %nice    %sys %iowait    %irq   %soft  %steal  %guest  %gnice   %idle
12:30:11 AM    0   75.00    0.00   20.00    0.00    0.00    5.00    0.00    0.00    0.00    0.00
12:30:11 AM    1   71.00    0.00   29.00    0.00    0.00    0.00    0.00    0.00    0.00    0.00

12:30:11 AM  CPU    %usr   %nice    %sys %iowait    %irq   %soft  %steal  %guest  %gnice   %idle
12:30:12 AM    0   71.43    0.00   23.47    0.00    0.00    5.10    0.00    0.00    0.00    0.00
12:30:12 AM    1   58.00    0.00   41.00    0.00    0.00    1.00    0.00    0.00    0.00    0.00

12:30:12 AM  CPU    %usr   %nice    %sys %iowait    %irq   %soft  %steal  %guest  %gnice   %idle
12:30:13 AM    0   72.00    0.00   21.00    0.00    0.00    7.00    0.00    0.00    0.00    0.00
12:30:13 AM    1   64.00    0.00   36.00    0.00    0.00    0.00    0.00    0.00    0.00    0.00

12:30:13 AM  CPU    %usr   %nice    %sys %iowait    %irq   %soft  %steal  %guest  %gnice   %idle
12:30:14 AM    0   72.00    0.00   20.00    0.00    0.00    7.00    0.00    0.00    0.00    1.00
12:30:14 AM    1   64.00    0.00   33.00    0.00    0.00    1.00    0.00    0.00    0.00    2.00

12:30:14 AM  CPU    %usr   %nice    %sys %iowait    %irq   %soft  %steal  %guest  %gnice   %idle
12:30:15 AM    0   69.31    0.00   23.76    0.00    0.00    5.94    0.00    0.00    0.00    0.99
12:30:15 AM    1   60.00    0.00   40.00    0.00    0.00    0.00    0.00    0.00    0.00    0.00

12:30:15 AM  CPU    %usr   %nice    %sys %iowait    %irq   %soft  %steal  %guest  %gnice   %idle
12:30:16 AM    0   72.45    0.00   21.43    0.00    0.00    6.12    0.00    0.00    0.00    0.00
12:30:16 AM    1   60.00    0.00   40.00    0.00    0.00    0.00    0.00    0.00    0.00    0.00

12:30:16 AM  CPU    %usr   %nice    %sys %iowait    %irq   %soft  %steal  %guest  %gnice   %idle
12:30:17 AM    0   66.00    0.00   28.00    0.00    0.00    6.00    0.00    0.00    0.00    0.00
12:30:17 AM    1   65.00    0.00   34.00    0.00    0.00    1.00    0.00    0.00    0.00    0.00

12:30:17 AM  CPU    %usr   %nice    %sys %iowait    %irq   %soft  %steal  %guest  %gnice   %idle
12:30:18 AM    0   66.34    0.00   25.74    0.00    0.00    6.93    0.00    0.00    0.00    0.99
12:30:18 AM    1   60.00    0.00   40.00    0.00    0.00    0.00    0.00    0.00    0.00    0.00

12:30:18 AM  CPU    %usr   %nice    %sys %iowait    %irq   %soft  %steal  %guest  %gnice   %idle
12:30:19 AM    0   77.00    0.00   16.00    0.00    0.00    7.00    0.00    0.00    0.00    0.00
12:30:19 AM    1   63.00    0.00   36.00    0.00    0.00    1.00    0.00    0.00    0.00    0.00

12:30:19 AM  CPU    %usr   %nice    %sys %iowait    %irq   %soft  %steal  %guest  %gnice   %idle
12:30:20 AM    0   70.71    0.00   21.21    0.00    0.00    7.07    0.00    0.00    0.00    1.01
12:30:20 AM    1   64.00    0.00   36.00    0.00    0.00    0.00    0.00    0.00    0.00    0.00

12:30:20 AM  CPU    %usr   %nice    %sys %iowait    %irq   %soft  %steal  %guest  %gnice   %idle
12:30:21 AM    0   68.69    0.00   22.22    0.00    0.00    9.09    0.00    0.00    0.00    0.00
12:30:21 AM    1   62.38    0.00   36.63    0.00    0.00    0.99    0.00    0.00    0.00    0.00

12:30:21 AM  CPU    %usr   %nice    %sys %iowait    %irq   %soft  %steal  %guest  %gnice   %idle
12:30:22 AM    0   70.71    0.00   25.25    0.00    0.00    4.04    0.00    0.00    0.00    0.00
12:30:22 AM    1   60.61    0.00   39.39    0.00    0.00    0.00    0.00    0.00    0.00    0.00

12:30:22 AM  CPU    %usr   %nice    %sys %iowait    %irq   %soft  %steal  %guest  %gnice   %idle
12:30:23 AM    0   74.00    0.00   21.00    0.00    0.00    4.00    0.00    0.00    0.00    1.00
12:30:23 AM    1   62.63    0.00   37.37    0.00    0.00    0.00    0.00    0.00    0.00    0.00

12:30:23 AM  CPU    %usr   %nice    %sys %iowait    %irq   %soft  %steal  %guest  %gnice   %idle
12:30:24 AM    0   68.32    0.00   24.75    0.00    0.00    6.93    0.00    0.00    0.00    0.00
12:30:24 AM    1   56.00    0.00   44.00    0.00    0.00    0.00    0.00    0.00    0.00    0.00

12:30:24 AM  CPU    %usr   %nice    %sys %iowait    %irq   %soft  %steal  %guest  %gnice   %idle
12:30:25 AM    0   72.45    0.00   23.47    0.00    0.00    3.06    0.00    0.00    0.00    1.02
12:30:25 AM    1   62.38    0.00   36.63    0.00    0.00    0.99    0.00    0.00    0.00    0.00

12:30:25 AM  CPU    %usr   %nice    %sys %iowait    %irq   %soft  %steal  %guest  %gnice   %idle
12:30:26 AM    0   74.00    0.00   23.00    0.00    0.00    3.00    0.00    0.00    0.00    0.00
12:30:26 AM    1   58.00    0.00   42.00    0.00    0.00    0.00    0.00    0.00    0.00    0.00

12:30:26 AM  CPU    %usr   %nice    %sys %iowait    %irq   %soft  %steal  %guest  %gnice   %idle
12:30:27 AM    0   71.00    0.00   23.00    0.00    0.00    6.00    0.00    0.00    0.00    0.00
12:30:27 AM    1   63.00    0.00   37.00    0.00    0.00    0.00    0.00    0.00    0.00    0.00

12:30:27 AM  CPU    %usr   %nice    %sys %iowait    %irq   %soft  %steal  %guest  %gnice   %idle
12:30:28 AM    0   77.78    0.00   17.17    0.00    0.00    5.05    0.00    0.00    0.00    0.00
12:30:28 AM    1   62.00    0.00   38.00    0.00    0.00    0.00    0.00    0.00    0.00    0.00

12:30:28 AM  CPU    %usr   %nice    %sys %iowait    %irq   %soft  %steal  %guest  %gnice   %idle
12:30:29 AM    0   70.00    0.00   21.00    0.00    0.00    8.00    0.00    0.00    0.00    1.00
12:30:29 AM    1   64.00    0.00   35.00    0.00    0.00    1.00    0.00    0.00    0.00    0.00

12:30:29 AM  CPU    %usr   %nice    %sys %iowait    %irq   %soft  %steal  %guest  %gnice   %idle
12:30:30 AM    0   68.00    0.00   26.00    0.00    0.00    6.00    0.00    0.00    0.00    0.00
12:30:30 AM    1   65.00    0.00   35.00    0.00    0.00    0.00    0.00    0.00    0.00    0.00

12:30:30 AM  CPU    %usr   %nice    %sys %iowait    %irq   %soft  %steal  %guest  %gnice   %idle
12:30:31 AM    0   68.69    0.00   22.22    0.00    0.00    9.09    0.00    0.00    0.00    0.00
12:30:31 AM    1   61.00    0.00   39.00    0.00    0.00    0.00    0.00    0.00    0.00    0.00

12:30:31 AM  CPU    %usr   %nice    %sys %iowait    %irq   %soft  %steal  %guest  %gnice   %idle
12:30:32 AM    0   65.69    0.00   27.45    0.00    0.00    5.88    0.00    0.00    0.00    0.98
12:30:32 AM    1   64.00    0.00   36.00    0.00    0.00    0.00    0.00    0.00    0.00    0.00

12:30:32 AM  CPU    %usr   %nice    %sys %iowait    %irq   %soft  %steal  %guest  %gnice   %idle
12:30:33 AM    0   71.00    0.00   23.00    0.00    0.00    6.00    0.00    0.00    0.00    0.00
12:30:33 AM    1   64.00    0.00   35.00    0.00    0.00    1.00    0.00    0.00    0.00    0.00

12:30:33 AM  CPU    %usr   %nice    %sys %iowait    %irq   %soft  %steal  %guest  %gnice   %idle
12:30:34 AM    0   69.31    0.00   23.76    0.00    0.00    6.93    0.00    0.00    0.00    0.00
12:30:34 AM    1   66.00    0.00   34.00    0.00    0.00    0.00    0.00    0.00    0.00    0.00

12:30:34 AM  CPU    %usr   %nice    %sys %iowait    %irq   %soft  %steal  %guest  %gnice   %idle
12:30:35 AM    0   73.47    0.00   22.45    0.00    0.00    4.08    0.00    0.00    0.00    0.00
12:30:35 AM    1   60.00    0.00   40.00    0.00    0.00    0.00    0.00    0.00    0.00    0.00

12:30:35 AM  CPU    %usr   %nice    %sys %iowait    %irq   %soft  %steal  %guest  %gnice   %idle
12:30:36 AM    0   71.00    0.00   23.00    0.00    0.00    6.00    0.00    0.00    0.00    0.00
12:30:36 AM    1   62.00    0.00   38.00    0.00    0.00    0.00    0.00    0.00    0.00    0.00

12:30:36 AM  CPU    %usr   %nice    %sys %iowait    %irq   %soft  %steal  %guest  %gnice   %idle
12:30:37 AM    0   69.31    0.00   23.76    0.00    0.00    5.94    0.00    0.00    0.00    0.99
12:30:37 AM    1   62.63    0.00   37.37    0.00    0.00    0.00    0.00    0.00    0.00    0.00

12:30:37 AM  CPU    %usr   %nice    %sys %iowait    %irq   %soft  %steal  %guest  %gnice   %idle
12:30:38 AM    0   69.70    0.00   23.23    0.00    0.00    7.07    0.00    0.00    0.00    0.00
12:30:38 AM    1   68.00    0.00   31.00    0.00    0.00    1.00    0.00    0.00    0.00    0.00

12:30:38 AM  CPU    %usr   %nice    %sys %iowait    %irq   %soft  %steal  %guest  %gnice   %idle
12:30:39 AM    0   70.00    0.00   22.00    0.00    0.00    7.00    0.00    0.00    0.00    1.00
12:30:39 AM    1   71.00    0.00   28.00    0.00    0.00    1.00    0.00    0.00    0.00    0.00

12:30:39 AM  CPU    %usr   %nice    %sys %iowait    %irq   %soft  %steal  %guest  %gnice   %idle
12:30:40 AM    0   72.00    0.00   22.00    0.00    0.00    6.00    0.00    0.00    0.00    0.00
12:30:40 AM    1   58.42    0.00   40.59    0.00    0.00    0.99    0.00    0.00    0.00    0.00

12:30:40 AM  CPU    %usr   %nice    %sys %iowait    %irq   %soft  %steal  %guest  %gnice   %idle
12:30:41 AM    0   73.47    0.00   21.43    0.00    0.00    5.10    0.00    0.00    0.00    0.00
12:30:41 AM    1   61.00    0.00   39.00    0.00    0.00    0.00    0.00    0.00    0.00    0.00

12:30:41 AM  CPU    %usr   %nice    %sys %iowait    %irq   %soft  %steal  %guest  %gnice   %idle
12:30:42 AM    0   70.30    0.00   21.78    0.00    0.00    6.93    0.00    0.00    0.00    0.99
12:30:42 AM    1   67.68    0.00   32.32    0.00    0.00    0.00    0.00    0.00    0.00    0.00

12:30:42 AM  CPU    %usr   %nice    %sys %iowait    %irq   %soft  %steal  %guest  %gnice   %idle
12:30:43 AM    0   73.74    0.00   21.21    0.00    0.00    5.05    0.00    0.00    0.00    0.00
12:30:43 AM    1   61.00    0.00   38.00    0.00    0.00    1.00    0.00    0.00    0.00    0.00

12:30:43 AM  CPU    %usr   %nice    %sys %iowait    %irq   %soft  %steal  %guest  %gnice   %idle
12:30:44 AM    0   73.00    0.00   20.00    0.00    0.00    7.00    0.00    0.00    0.00    0.00
12:30:44 AM    1   63.37    0.00   35.64    0.00    0.00    0.99    0.00    0.00    0.00    0.00

12:30:44 AM  CPU    %usr   %nice    %sys %iowait    %irq   %soft  %steal  %guest  %gnice   %idle
12:30:45 AM    0   70.00    0.00   24.00    0.00    0.00    6.00    0.00    0.00    0.00    0.00
12:30:45 AM    1   61.00    0.00   39.00    0.00    0.00    0.00    0.00    0.00    0.00    0.00

12:30:45 AM  CPU    %usr   %nice    %sys %iowait    %irq   %soft  %steal  %guest  %gnice   %idle
12:30:46 AM    0   70.30    0.00   19.80    0.00    0.00    8.91    0.00    0.00    0.00    0.99
12:30:46 AM    1   66.67    0.00   33.33    0.00    0.00    0.00    0.00    0.00    0.00    0.00

12:30:46 AM  CPU    %usr   %nice    %sys %iowait    %irq   %soft  %steal  %guest  %gnice   %idle
12:30:47 AM    0   73.00    0.00   20.00    0.00    0.00    7.00    0.00    0.00    0.00    0.00
12:30:47 AM    1   63.00    0.00   37.00    0.00    0.00    0.00    0.00    0.00    0.00    0.00

12:30:47 AM  CPU    %usr   %nice    %sys %iowait    %irq   %soft  %steal  %guest  %gnice   %idle
12:30:48 AM    0   69.00    0.00   24.00    0.00    0.00    7.00    0.00    0.00    0.00    0.00
12:30:48 AM    1   62.00    0.00   37.00    0.00    0.00    1.00    0.00    0.00    0.00    0.00

12:30:48 AM  CPU    %usr   %nice    %sys %iowait    %irq   %soft  %steal  %guest  %gnice   %idle
12:30:49 AM    0   71.00    0.00   22.00    0.00    0.00    7.00    0.00    0.00    0.00    0.00
12:30:49 AM    1   61.00    0.00   38.00    0.00    0.00    1.00    0.00    0.00    0.00    0.00

12:30:49 AM  CPU    %usr   %nice    %sys %iowait    %irq   %soft  %steal  %guest  %gnice   %idle
12:30:50 AM    0   68.69    0.00   23.23    0.00    0.00    8.08    0.00    0.00    0.00    0.00
12:30:50 AM    1   58.00    0.00   42.00    0.00    0.00    0.00    0.00    0.00    0.00    0.00

12:30:50 AM  CPU    %usr   %nice    %sys %iowait    %irq   %soft  %steal  %guest  %gnice   %idle
12:30:51 AM    0   43.56    0.00   14.85    0.00    0.00    9.90    0.00    0.00    0.00   31.68
12:30:51 AM    1   74.00    0.00   23.00    0.00    0.00    1.00    0.00    0.00    0.00    2.00

12:30:51 AM  CPU    %usr   %nice    %sys %iowait    %irq   %soft  %steal  %guest  %gnice   %idle
12:30:52 AM    0   69.00    0.00   23.00    0.00    0.00    7.00    0.00    0.00    0.00    1.00
12:30:52 AM    1   55.00    0.00   44.00    0.00    0.00    1.00    0.00    0.00    0.00    0.00

12:30:52 AM  CPU    %usr   %nice    %sys %iowait    %irq   %soft  %steal  %guest  %gnice   %idle
12:30:53 AM    0   73.27    0.00   21.78    0.00    0.00    4.95    0.00    0.00    0.00    0.00
12:30:53 AM    1   61.00    0.00   39.00    0.00    0.00    0.00    0.00    0.00    0.00    0.00

12:30:53 AM  CPU    %usr   %nice    %sys %iowait    %irq   %soft  %steal  %guest  %gnice   %idle
12:30:54 AM    0   75.51    0.00   17.35    0.00    0.00    7.14    0.00    0.00    0.00    0.00
12:30:54 AM    1   70.00    0.00   29.00    0.00    0.00    1.00    0.00    0.00    0.00    0.00

12:30:54 AM  CPU    %usr   %nice    %sys %iowait    %irq   %soft  %steal  %guest  %gnice   %idle
12:30:55 AM    0   67.33    0.00   21.78    0.00    0.00    9.90    0.00    0.00    0.00    0.99
12:30:55 AM    1   61.00    0.00   38.00    0.00    0.00    1.00    0.00    0.00    0.00    0.00

12:30:55 AM  CPU    %usr   %nice    %sys %iowait    %irq   %soft  %steal  %guest  %gnice   %idle
12:30:56 AM    0   72.73    0.00   17.17    0.00    0.00   10.10    0.00    0.00    0.00    0.00
12:30:56 AM    1   65.00    0.00   35.00    0.00    0.00    0.00    0.00    0.00    0.00    0.00

12:30:56 AM  CPU    %usr   %nice    %sys %iowait    %irq   %soft  %steal  %guest  %gnice   %idle
12:30:57 AM    0   71.29    0.00   20.79    0.00    0.00    6.93    0.00    0.00    0.00    0.99
12:30:57 AM    1   60.00    0.00   39.00    0.00    0.00    1.00    0.00    0.00    0.00    0.00

12:30:57 AM  CPU    %usr   %nice    %sys %iowait    %irq   %soft  %steal  %guest  %gnice   %idle
12:30:58 AM    0   75.00    0.00   18.00    0.00    0.00    7.00    0.00    0.00    0.00    0.00
12:30:58 AM    1   62.38    0.00   36.63    0.00    0.00    0.99    0.00    0.00    0.00    0.00

12:30:58 AM  CPU    %usr   %nice    %sys %iowait    %irq   %soft  %steal  %guest  %gnice   %idle
12:30:59 AM    0   72.73    0.00   20.20    0.00    0.00    7.07    0.00    0.00    0.00    0.00
12:30:59 AM    1   64.65    0.00   35.35    0.00    0.00    0.00    0.00    0.00    0.00    0.00

12:30:59 AM  CPU    %usr   %nice    %sys %iowait    %irq   %soft  %steal  %guest  %gnice   %idle
12:31:00 AM    0   74.00    0.00   18.00    0.00    0.00    7.00    0.00    0.00    0.00    1.00
12:31:00 AM    1   56.57    0.00   42.42    0.00    0.00    1.01    0.00    0.00    0.00    0.00

12:31:00 AM  CPU    %usr   %nice    %sys %iowait    %irq   %soft  %steal  %guest  %gnice   %idle
12:31:01 AM    0   71.72    0.00   22.22    0.00    0.00    6.06    0.00    0.00    0.00    0.00
12:31:01 AM    1   64.00    0.00   36.00    0.00    0.00    0.00    0.00    0.00    0.00    0.00

12:31:01 AM  CPU    %usr   %nice    %sys %iowait    %irq   %soft  %steal  %guest  %gnice   %idle
12:31:02 AM    0   69.00    0.00   24.00    0.00    0.00    7.00    0.00    0.00    0.00    0.00
12:31:02 AM    1   62.00    0.00   38.00    0.00    0.00    0.00    0.00    0.00    0.00    0.00

12:31:02 AM  CPU    %usr   %nice    %sys %iowait    %irq   %soft  %steal  %guest  %gnice   %idle
12:31:03 AM    0   68.00    0.00   21.00    0.00    0.00   10.00    0.00    0.00    0.00    1.00
12:31:03 AM    1   60.40    0.00   38.61    0.00    0.00    0.99    0.00    0.00    0.00    0.00

12:31:03 AM  CPU    %usr   %nice    %sys %iowait    %irq   %soft  %steal  %guest  %gnice   %idle
12:31:04 AM    0   68.37    0.00   24.49    0.00    0.00    7.14    0.00    0.00    0.00    0.00
12:31:04 AM    1   67.68    0.00   32.32    0.00    0.00    0.00    0.00    0.00    0.00    0.00

12:31:04 AM  CPU    %usr   %nice    %sys %iowait    %irq   %soft  %steal  %guest  %gnice   %idle
12:31:05 AM    0   65.00    0.00   28.00    0.00    0.00    7.00    0.00    0.00    0.00    0.00
12:31:05 AM    1   65.00    0.00   35.00    0.00    0.00    0.00    0.00    0.00    0.00    0.00

12:31:05 AM  CPU    %usr   %nice    %sys %iowait    %irq   %soft  %steal  %guest  %gnice   %idle
12:31:06 AM    0   63.37    0.00   23.76    0.00    0.00    7.92    0.00    0.00    0.00    4.95
12:31:06 AM    1   68.32    0.00   30.69    0.00    0.00    0.99    0.00    0.00    0.00    0.00

12:31:06 AM  CPU    %usr   %nice    %sys %iowait    %irq   %soft  %steal  %guest  %gnice   %idle
12:31:07 AM    0   65.66    0.00   24.24    0.00    0.00   10.10    0.00    0.00    0.00    0.00
12:31:07 AM    1   66.00    0.00   34.00    0.00    0.00    0.00    0.00    0.00    0.00    0.00

12:31:07 AM  CPU    %usr   %nice    %sys %iowait    %irq   %soft  %steal  %guest  %gnice   %idle
12:31:08 AM    0   71.29    0.00   20.79    0.00    0.00    6.93    0.00    0.00    0.00    0.99
12:31:08 AM    1   62.63    0.00   37.37    0.00    0.00    0.00    0.00    0.00    0.00    0.00

12:31:08 AM  CPU    %usr   %nice    %sys %iowait    %irq   %soft  %steal  %guest  %gnice   %idle
12:31:09 AM    0   73.00    0.00   21.00    0.00    0.00    6.00    0.00    0.00    0.00    0.00
12:31:09 AM    1   57.43    0.00   41.58    0.00    0.00    0.99    0.00    0.00    0.00    0.00

12:31:09 AM  CPU    %usr   %nice    %sys %iowait    %irq   %soft  %steal  %guest  %gnice   %idle
12:31:10 AM    0   70.30    0.00   20.79    0.00    0.00    7.92    0.00    0.00    0.00    0.99
12:31:10 AM    1   66.67    0.00   33.33    0.00    0.00    0.00    0.00    0.00    0.00    0.00

12:31:10 AM  CPU    %usr   %nice    %sys %iowait    %irq   %soft  %steal  %guest  %gnice   %idle
12:31:11 AM    0   71.72    0.00   22.22    0.00    0.00    6.06    0.00    0.00    0.00    0.00
12:31:11 AM    1   60.40    0.00   38.61    0.00    0.00    0.99    0.00    0.00    0.00    0.00

12:31:11 AM  CPU    %usr   %nice    %sys %iowait    %irq   %soft  %steal  %guest  %gnice   %idle
12:31:12 AM    0   71.29    0.00   17.82    0.00    0.00    9.90    0.00    0.00    0.00    0.99
12:31:12 AM    1   61.00    0.00   39.00    0.00    0.00    0.00    0.00    0.00    0.00    0.00

12:31:12 AM  CPU    %usr   %nice    %sys %iowait    %irq   %soft  %steal  %guest  %gnice   %idle
12:31:13 AM    0   71.00    0.00   22.00    0.00    0.00    7.00    0.00    0.00    0.00    0.00
12:31:13 AM    1   66.67    0.00   33.33    0.00    0.00    0.00    0.00    0.00    0.00    0.00

12:31:13 AM  CPU    %usr   %nice    %sys %iowait    %irq   %soft  %steal  %guest  %gnice   %idle
12:31:14 AM    0   71.72    0.00   20.20    0.00    0.00    8.08    0.00    0.00    0.00    0.00
12:31:14 AM    1   56.44    0.00   42.57    0.00    0.00    0.99    0.00    0.00    0.00    0.00

12:31:14 AM  CPU    %usr   %nice    %sys %iowait    %irq   %soft  %steal  %guest  %gnice   %idle
12:31:15 AM    0   72.00    0.00   20.00    0.00    0.00    8.00    0.00    0.00    0.00    0.00
12:31:15 AM    1   60.00    0.00   39.00    0.00    0.00    1.00    0.00    0.00    0.00    0.00

12:31:15 AM  CPU    %usr   %nice    %sys %iowait    %irq   %soft  %steal  %guest  %gnice   %idle
12:31:16 AM    0   69.00    0.00   23.00    0.00    0.00    8.00    0.00    0.00    0.00    0.00
12:31:16 AM    1   59.00    0.00   41.00    0.00    0.00    0.00    0.00    0.00    0.00    0.00

12:31:16 AM  CPU    %usr   %nice    %sys %iowait    %irq   %soft  %steal  %guest  %gnice   %idle
12:31:17 AM    0   69.70    0.00   19.19    0.00    0.00   10.10    0.00    0.00    0.00    1.01
12:31:17 AM    1   61.00    0.00   38.00    0.00    0.00    1.00    0.00    0.00    0.00    0.00

12:31:17 AM  CPU    %usr   %nice    %sys %iowait    %irq   %soft  %steal  %guest  %gnice   %idle
12:31:18 AM    0   71.72    0.00   21.21    0.00    0.00    7.07    0.00    0.00    0.00    0.00
12:31:18 AM    1   60.61    0.00   39.39    0.00    0.00    0.00    0.00    0.00    0.00    0.00

12:31:18 AM  CPU    %usr   %nice    %sys %iowait    %irq   %soft  %steal  %guest  %gnice   %idle
12:31:19 AM    0   63.00    0.00   28.00    0.00    0.00    8.00    0.00    0.00    0.00    1.00
12:31:19 AM    1   63.37    0.00   36.63    0.00    0.00    0.00    0.00    0.00    0.00    0.00

12:31:19 AM  CPU    %usr   %nice    %sys %iowait    %irq   %soft  %steal  %guest  %gnice   %idle
12:31:20 AM    0   49.00    0.00   17.00    0.00    0.00    5.00    0.00    0.00    0.00   29.00
12:31:20 AM    1   69.70    0.00   26.26    0.00    0.00    2.02    0.00    0.00    0.00    2.02

12:31:20 AM  CPU    %usr   %nice    %sys %iowait    %irq   %soft  %steal  %guest  %gnice   %idle
12:31:21 AM    0   71.29    0.00   24.75    0.00    0.00    3.96    0.00    0.00    0.00    0.00
12:31:21 AM    1   64.00    0.00   35.00    0.00    0.00    1.00    0.00    0.00    0.00    0.00

12:31:21 AM  CPU    %usr   %nice    %sys %iowait    %irq   %soft  %steal  %guest  %gnice   %idle
12:31:22 AM    0   68.00    0.00   24.00    0.00    0.00    8.00    0.00    0.00    0.00    0.00
12:31:22 AM    1   56.57    0.00   42.42    0.00    0.00    1.01    0.00    0.00    0.00    0.00

12:31:22 AM  CPU    %usr   %nice    %sys %iowait    %irq   %soft  %steal  %guest  %gnice   %idle
12:31:23 AM    0   70.00    0.00   22.00    0.00    0.00    8.00    0.00    0.00    0.00    0.00
12:31:23 AM    1   65.00    0.00   35.00    0.00    0.00    0.00    0.00    0.00    0.00    0.00

12:31:23 AM  CPU    %usr   %nice    %sys %iowait    %irq   %soft  %steal  %guest  %gnice   %idle
12:31:24 AM    0   73.74    0.00   20.20    0.00    0.00    6.06    0.00    0.00    0.00    0.00
12:31:24 AM    1   58.42    0.00   40.59    0.00    0.00    0.99    0.00    0.00    0.00    0.00

12:31:24 AM  CPU    %usr   %nice    %sys %iowait    %irq   %soft  %steal  %guest  %gnice   %idle
12:31:25 AM    0   69.31    0.00   22.77    0.00    0.00    7.92    0.00    0.00    0.00    0.00
12:31:25 AM    1   67.00    0.00   33.00    0.00    0.00    0.00    0.00    0.00    0.00    0.00

12:31:25 AM  CPU    %usr   %nice    %sys %iowait    %irq   %soft  %steal  %guest  %gnice   %idle
12:31:26 AM    0   70.71    0.00   22.22    0.00    0.00    7.07    0.00    0.00    0.00    0.00
12:31:26 AM    1   63.00    0.00   36.00    0.00    0.00    1.00    0.00    0.00    0.00    0.00

12:31:26 AM  CPU    %usr   %nice    %sys %iowait    %irq   %soft  %steal  %guest  %gnice   %idle
12:31:27 AM    0   67.00    0.00   25.00    0.00    0.00    8.00    0.00    0.00    0.00    0.00
12:31:27 AM    1   64.00    0.00   36.00    0.00    0.00    0.00    0.00    0.00    0.00    0.00

12:31:27 AM  CPU    %usr   %nice    %sys %iowait    %irq   %soft  %steal  %guest  %gnice   %idle
12:31:28 AM    0   70.00    0.00   22.00    0.00    0.00    8.00    0.00    0.00    0.00    0.00
12:31:28 AM    1   65.66    0.00   34.34    0.00    0.00    0.00    0.00    0.00    0.00    0.00

12:31:28 AM  CPU    %usr   %nice    %sys %iowait    %irq   %soft  %steal  %guest  %gnice   %idle
12:31:29 AM    0   68.00    0.00   23.00    0.00    0.00    9.00    0.00    0.00    0.00    0.00
12:31:29 AM    1   60.40    0.00   37.62    0.00    0.00    1.98    0.00    0.00    0.00    0.00

12:31:29 AM  CPU    %usr   %nice    %sys %iowait    %irq   %soft  %steal  %guest  %gnice   %idle
12:31:30 AM    0   65.00    0.00   28.00    0.00    0.00    7.00    0.00    0.00    0.00    0.00
12:31:30 AM    1   60.00    0.00   40.00    0.00    0.00    0.00    0.00    0.00    0.00    0.00

12:31:30 AM  CPU    %usr   %nice    %sys %iowait    %irq   %soft  %steal  %guest  %gnice   %idle
12:31:31 AM    0   69.00    0.00   22.00    0.00    0.00    8.00    0.00    0.00    0.00    1.00
12:31:31 AM    1   62.63    0.00   36.36    0.00    0.00    1.01    0.00    0.00    0.00    0.00

12:31:31 AM  CPU    %usr   %nice    %sys %iowait    %irq   %soft  %steal  %guest  %gnice   %idle
12:31:32 AM    0   69.39    0.00   25.51    0.00    0.00    5.10    0.00    0.00    0.00    0.00
12:31:32 AM    1   60.40    0.00   38.61    0.00    0.00    0.99    0.00    0.00    0.00    0.00

12:31:32 AM  CPU    %usr   %nice    %sys %iowait    %irq   %soft  %steal  %guest  %gnice   %idle
12:31:33 AM    0   68.00    0.00   23.00    0.00    0.00    9.00    0.00    0.00    0.00    0.00
12:31:33 AM    1   63.64    0.00   36.36    0.00    0.00    0.00    0.00    0.00    0.00    0.00

12:31:33 AM  CPU    %usr   %nice    %sys %iowait    %irq   %soft  %steal  %guest  %gnice   %idle
12:31:34 AM    0   72.00    0.00   21.00    0.00    0.00    7.00    0.00    0.00    0.00    0.00
12:31:34 AM    1   59.00    0.00   41.00    0.00    0.00    0.00    0.00    0.00    0.00    0.00

12:31:34 AM  CPU    %usr   %nice    %sys %iowait    %irq   %soft  %steal  %guest  %gnice   %idle
12:31:35 AM    0   68.00    0.00   25.00    0.00    0.00    7.00    0.00    0.00    0.00    0.00
12:31:35 AM    1   62.00    0.00   38.00    0.00    0.00    0.00    0.00    0.00    0.00    0.00

12:31:35 AM  CPU    %usr   %nice    %sys %iowait    %irq   %soft  %steal  %guest  %gnice   %idle
12:31:36 AM    0   71.72    0.00   21.21    0.00    0.00    7.07    0.00    0.00    0.00    0.00
12:31:36 AM    1   67.00    0.00   33.00    0.00    0.00    0.00    0.00    0.00    0.00    0.00

12:31:36 AM  CPU    %usr   %nice    %sys %iowait    %irq   %soft  %steal  %guest  %gnice   %idle
12:31:37 AM    0   68.32    0.00   25.74    0.00    0.00    4.95    0.00    0.00    0.00    0.99
12:31:37 AM    1   61.39    0.00   37.62    0.00    0.00    0.99    0.00    0.00    0.00    0.00

12:31:37 AM  CPU    %usr   %nice    %sys %iowait    %irq   %soft  %steal  %guest  %gnice   %idle
12:31:38 AM    0   70.00    0.00   21.00    0.00    0.00    9.00    0.00    0.00    0.00    0.00
12:31:38 AM    1   57.58    0.00   42.42    0.00    0.00    0.00    0.00    0.00    0.00    0.00

12:31:38 AM  CPU    %usr   %nice    %sys %iowait    %irq   %soft  %steal  %guest  %gnice   %idle
12:31:39 AM    0   72.73    0.00   21.21    0.00    0.00    6.06    0.00    0.00    0.00    0.00
12:31:39 AM    1   67.00    0.00   33.00    0.00    0.00    0.00    0.00    0.00    0.00    0.00

12:31:39 AM  CPU    %usr   %nice    %sys %iowait    %irq   %soft  %steal  %guest  %gnice   %idle
12:31:40 AM    0   72.73    0.00   23.23    0.00    0.00    4.04    0.00    0.00    0.00    0.00
12:31:40 AM    1   66.00    0.00   34.00    0.00    0.00    0.00    0.00    0.00    0.00    0.00

12:31:40 AM  CPU    %usr   %nice    %sys %iowait    %irq   %soft  %steal  %guest  %gnice   %idle
12:31:41 AM    0   71.29    0.00   23.76    0.00    0.00    4.95    0.00    0.00    0.00    0.00
12:31:41 AM    1   60.00    0.00   40.00    0.00    0.00    0.00    0.00    0.00    0.00    0.00

12:31:41 AM  CPU    %usr   %nice    %sys %iowait    %irq   %soft  %steal  %guest  %gnice   %idle
12:31:42 AM    0   71.00    0.00   24.00    0.00    0.00    5.00    0.00    0.00    0.00    0.00
12:31:42 AM    1   62.38    0.00   36.63    0.00    0.00    0.99    0.00    0.00    0.00    0.00

12:31:42 AM  CPU    %usr   %nice    %sys %iowait    %irq   %soft  %steal  %guest  %gnice   %idle
12:31:43 AM    0   74.49    0.00   20.41    0.00    0.00    5.10    0.00    0.00    0.00    0.00
12:31:43 AM    1   66.67    0.00   33.33    0.00    0.00    0.00    0.00    0.00    0.00    0.00

12:31:43 AM  CPU    %usr   %nice    %sys %iowait    %irq   %soft  %steal  %guest  %gnice   %idle
12:31:44 AM    0   72.00    0.00   23.00    0.00    0.00    4.00    0.00    0.00    0.00    1.00
12:31:44 AM    1   61.39    0.00   37.62    0.00    0.00    0.99    0.00    0.00    0.00    0.00

12:31:44 AM  CPU    %usr   %nice    %sys %iowait    %irq   %soft  %steal  %guest  %gnice   %idle
12:31:45 AM    0   68.00    0.00   25.00    0.00    0.00    7.00    0.00    0.00    0.00    0.00
12:31:45 AM    1   68.00    0.00   32.00    0.00    0.00    0.00    0.00    0.00    0.00    0.00

12:31:45 AM  CPU    %usr   %nice    %sys %iowait    %irq   %soft  %steal  %guest  %gnice   %idle
12:31:46 AM    0   73.00    0.00   20.00    0.00    0.00    7.00    0.00    0.00    0.00    0.00
12:31:46 AM    1   63.64    0.00   36.36    0.00    0.00    0.00    0.00    0.00    0.00    0.00

12:31:46 AM  CPU    %usr   %nice    %sys %iowait    %irq   %soft  %steal  %guest  %gnice   %idle
12:31:47 AM    0   75.00    0.00   20.00    0.00    0.00    5.00    0.00    0.00    0.00    0.00
12:31:47 AM    1   60.40    0.00   38.61    0.00    0.00    0.99    0.00    0.00    0.00    0.00

12:31:47 AM  CPU    %usr   %nice    %sys %iowait    %irq   %soft  %steal  %guest  %gnice   %idle
12:31:48 AM    0   68.00    0.00   25.00    0.00    0.00    6.00    0.00    0.00    0.00    1.00
12:31:48 AM    1   63.00    0.00   37.00    0.00    0.00    0.00    0.00    0.00    0.00    0.00

12:31:48 AM  CPU    %usr   %nice    %sys %iowait    %irq   %soft  %steal  %guest  %gnice   %idle
12:31:49 AM    0   75.25    0.00   19.80    0.00    0.00    4.95    0.00    0.00    0.00    0.00
12:31:49 AM    1   58.00    0.00   42.00    0.00    0.00    0.00    0.00    0.00    0.00    0.00

12:31:49 AM  CPU    %usr   %nice    %sys %iowait    %irq   %soft  %steal  %guest  %gnice   %idle
12:31:50 AM    0   71.72    0.00   23.23    0.00    0.00    5.05    0.00    0.00    0.00    0.00
12:31:50 AM    1   60.61    0.00   39.39    0.00    0.00    0.00    0.00    0.00    0.00    0.00

12:31:50 AM  CPU    %usr   %nice    %sys %iowait    %irq   %soft  %steal  %guest  %gnice   %idle
12:31:51 AM    0   69.31    0.00   24.75    0.00    0.00    5.94    0.00    0.00    0.00    0.00
12:31:51 AM    1   69.70    0.00   30.30    0.00    0.00    0.00    0.00    0.00    0.00    0.00

12:31:51 AM  CPU    %usr   %nice    %sys %iowait    %irq   %soft  %steal  %guest  %gnice   %idle
12:31:52 AM    0   69.70    0.00   23.23    0.00    0.00    7.07    0.00    0.00    0.00    0.00
12:31:52 AM    1   59.41    0.00   38.61    0.00    0.00    1.98    0.00    0.00    0.00    0.00

12:31:52 AM  CPU    %usr   %nice    %sys %iowait    %irq   %soft  %steal  %guest  %gnice   %idle
12:31:53 AM    0   70.30    0.00   21.78    0.00    0.00    7.92    0.00    0.00    0.00    0.00
12:31:53 AM    1   60.40    0.00   39.60    0.00    0.00    0.00    0.00    0.00    0.00    0.00

12:31:53 AM  CPU    %usr   %nice    %sys %iowait    %irq   %soft  %steal  %guest  %gnice   %idle
12:31:54 AM    0   68.69    0.00   20.20    0.00    0.00   11.11    0.00    0.00    0.00    0.00
12:31:54 AM    1   66.67    0.00   33.33    0.00    0.00    0.00    0.00    0.00    0.00    0.00

12:31:54 AM  CPU    %usr   %nice    %sys %iowait    %irq   %soft  %steal  %guest  %gnice   %idle
12:31:55 AM    0   69.31    0.00   20.79    0.00    0.00    8.91    0.00    0.00    0.00    0.99
12:31:55 AM    1   62.00    0.00   38.00    0.00    0.00    0.00    0.00    0.00    0.00    0.00

12:31:55 AM  CPU    %usr   %nice    %sys %iowait    %irq   %soft  %steal  %guest  %gnice   %idle
12:31:56 AM    0   68.00    0.00   27.00    0.00    0.00    5.00    0.00    0.00    0.00    0.00
12:31:56 AM    1   58.00    0.00   42.00    0.00    0.00    0.00    0.00    0.00    0.00    0.00

12:31:56 AM  CPU    %usr   %nice    %sys %iowait    %irq   %soft  %steal  %guest  %gnice   %idle
12:31:57 AM    0   68.00    0.00   24.00    0.00    0.00    8.00    0.00    0.00    0.00    0.00
12:31:57 AM    1   68.00    0.00   32.00    0.00    0.00    0.00    0.00    0.00    0.00    0.00

12:31:57 AM  CPU    %usr   %nice    %sys %iowait    %irq   %soft  %steal  %guest  %gnice   %idle
12:31:58 AM    0   71.00    0.00   21.00    0.00    0.00    8.00    0.00    0.00    0.00    0.00
12:31:58 AM    1   62.00    0.00   38.00    0.00    0.00    0.00    0.00    0.00    0.00    0.00

12:31:58 AM  CPU    %usr   %nice    %sys %iowait    %irq   %soft  %steal  %guest  %gnice   %idle
12:31:59 AM    0   69.31    0.00   22.77    0.00    0.00    7.92    0.00    0.00    0.00    0.00
12:31:59 AM    1   60.00    0.00   40.00    0.00    0.00    0.00    0.00    0.00    0.00    0.00

Average:     CPU    %usr   %nice    %sys %iowait    %irq   %soft  %steal  %guest  %gnice   %idle
Average:       0   69.84    0.00   22.46    0.00    0.00    6.82    0.00    0.00    0.00    0.88
Average:       1   62.58    0.00   36.93    0.00    0.00    0.43    0.00    0.00    0.00    0.05
