Linux 5.3.0-59-generic (ericmei) 	06/30/2020 	_x86_64_	(12 CPU)

12:19:31 AM  CPU    %usr   %nice    %sys %iowait    %irq   %soft  %steal  %guest  %gnice   %idle
12:19:32 AM    0   61.39    0.00   31.68    0.00    0.00    6.93    0.00    0.00    0.00    0.00
12:19:32 AM    1   70.00    0.00   30.00    0.00    0.00    0.00    0.00    0.00    0.00    0.00

12:19:32 AM  CPU    %usr   %nice    %sys %iowait    %irq   %soft  %steal  %guest  %gnice   %idle
12:19:33 AM    0   55.56    0.00   34.34    0.00    0.00   10.10    0.00    0.00    0.00    0.00
12:19:33 AM    1   63.00    0.00   37.00    0.00    0.00    0.00    0.00    0.00    0.00    0.00

12:19:33 AM  CPU    %usr   %nice    %sys %iowait    %irq   %soft  %steal  %guest  %gnice   %idle
12:19:34 AM    0   63.37    0.00   29.70    0.00    0.00    5.94    0.00    0.00    0.00    0.99
12:19:34 AM    1   64.65    0.00   35.35    0.00    0.00    0.00    0.00    0.00    0.00    0.00

12:19:34 AM  CPU    %usr   %nice    %sys %iowait    %irq   %soft  %steal  %guest  %gnice   %idle
12:19:35 AM    0   58.59    0.00   32.32    0.00    0.00    9.09    0.00    0.00    0.00    0.00
12:19:35 AM    1   68.32    0.00   31.68    0.00    0.00    0.00    0.00    0.00    0.00    0.00

12:19:35 AM  CPU    %usr   %nice    %sys %iowait    %irq   %soft  %steal  %guest  %gnice   %idle
12:19:36 AM    0   62.38    0.00   28.71    0.00    0.00    7.92    0.00    0.00    0.00    0.99
12:19:36 AM    1   69.70    0.00   30.30    0.00    0.00    0.00    0.00    0.00    0.00    0.00

12:19:36 AM  CPU    %usr   %nice    %sys %iowait    %irq   %soft  %steal  %guest  %gnice   %idle
12:19:37 AM    0   59.60    0.00   32.32    0.00    0.00    8.08    0.00    0.00    0.00    0.00
12:19:37 AM    1   65.35    0.00   34.65    0.00    0.00    0.00    0.00    0.00    0.00    0.00

12:19:37 AM  CPU    %usr   %nice    %sys %iowait    %irq   %soft  %steal  %guest  %gnice   %idle
12:19:38 AM    0   64.00    0.00   30.00    0.00    0.00    6.00    0.00    0.00    0.00    0.00
12:19:38 AM    1   70.71    0.00   29.29    0.00    0.00    0.00    0.00    0.00    0.00    0.00

12:19:38 AM  CPU    %usr   %nice    %sys %iowait    %irq   %soft  %steal  %guest  %gnice   %idle
12:19:39 AM    0   62.38    0.00   31.68    0.00    0.00    4.95    0.00    0.00    0.00    0.99
12:19:39 AM    1   59.41    0.00   40.59    0.00    0.00    0.00    0.00    0.00    0.00    0.00

12:19:39 AM  CPU    %usr   %nice    %sys %iowait    %irq   %soft  %steal  %guest  %gnice   %idle
12:19:40 AM    0   58.00    0.00   26.00    0.00    0.00    9.00    0.00    0.00    0.00    7.00
12:19:40 AM    1   65.00    0.00   35.00    0.00    0.00    0.00    0.00    0.00    0.00    0.00

12:19:40 AM  CPU    %usr   %nice    %sys %iowait    %irq   %soft  %steal  %guest  %gnice   %idle
12:19:41 AM    0   34.69    0.00   22.45    0.00    0.00   10.20    0.00    0.00    0.00   32.65
12:19:41 AM    1   78.00    0.00   20.00    0.00    0.00    2.00    0.00    0.00    0.00    0.00

12:19:41 AM  CPU    %usr   %nice    %sys %iowait    %irq   %soft  %steal  %guest  %gnice   %idle
12:19:42 AM    0   64.65    0.00   29.29    0.00    0.00    6.06    0.00    0.00    0.00    0.00
12:19:42 AM    1   62.00    0.00   38.00    0.00    0.00    0.00    0.00    0.00    0.00    0.00

12:19:42 AM  CPU    %usr   %nice    %sys %iowait    %irq   %soft  %steal  %guest  %gnice   %idle
12:19:43 AM    0   60.78    0.00   30.39    0.00    0.00    7.84    0.00    0.00    0.00    0.98
12:19:43 AM    1   61.00    0.00   38.00    0.00    0.00    1.00    0.00    0.00    0.00    0.00

12:19:43 AM  CPU    %usr   %nice    %sys %iowait    %irq   %soft  %steal  %guest  %gnice   %idle
12:19:44 AM    0   61.62    0.00   30.30    0.00    0.00    8.08    0.00    0.00    0.00    0.00
12:19:44 AM    1   64.00    0.00   35.00    0.00    0.00    1.00    0.00    0.00    0.00    0.00

12:19:44 AM  CPU    %usr   %nice    %sys %iowait    %irq   %soft  %steal  %guest  %gnice   %idle
12:19:45 AM    0   62.00    0.00   30.00    0.00    0.00    7.00    0.00    0.00    0.00    1.00
12:19:45 AM    1   56.57    0.00   39.39    0.00    0.00    0.00    0.00    0.00    0.00    4.04

12:19:45 AM  CPU    %usr   %nice    %sys %iowait    %irq   %soft  %steal  %guest  %gnice   %idle
12:19:46 AM    0   61.00    0.00   32.00    0.00    0.00    7.00    0.00    0.00    0.00    0.00
12:19:46 AM    1   62.00    0.00   38.00    0.00    0.00    0.00    0.00    0.00    0.00    0.00

12:19:46 AM  CPU    %usr   %nice    %sys %iowait    %irq   %soft  %steal  %guest  %gnice   %idle
12:19:47 AM    0   60.00    0.00   34.00    0.00    0.00    6.00    0.00    0.00    0.00    0.00
12:19:47 AM    1   60.00    0.00   39.00    0.00    0.00    1.00    0.00    0.00    0.00    0.00

12:19:47 AM  CPU    %usr   %nice    %sys %iowait    %irq   %soft  %steal  %guest  %gnice   %idle
12:19:48 AM    0   58.00    0.00   34.00    0.00    0.00    7.00    0.00    0.00    0.00    1.00
12:19:48 AM    1   59.00    0.00   39.00    0.00    0.00    1.00    0.00    0.00    0.00    1.00

12:19:48 AM  CPU    %usr   %nice    %sys %iowait    %irq   %soft  %steal  %guest  %gnice   %idle
12:19:49 AM    0   60.00    0.00   33.00    0.00    0.00    7.00    0.00    0.00    0.00    0.00
12:19:49 AM    1   61.00    0.00   38.00    0.00    0.00    1.00    0.00    0.00    0.00    0.00

12:19:49 AM  CPU    %usr   %nice    %sys %iowait    %irq   %soft  %steal  %guest  %gnice   %idle
12:19:50 AM    0   68.00    0.00   25.00    0.00    0.00    6.00    0.00    0.00    0.00    1.00
12:19:50 AM    1   66.00    0.00   33.00    0.00    0.00    1.00    0.00    0.00    0.00    0.00

12:19:50 AM  CPU    %usr   %nice    %sys %iowait    %irq   %soft  %steal  %guest  %gnice   %idle
12:19:51 AM    0   65.98    0.00   25.77    0.00    0.00    8.25    0.00    0.00    0.00    0.00
12:19:51 AM    1   68.69    0.00   30.30    0.00    0.00    1.01    0.00    0.00    0.00    0.00

12:19:51 AM  CPU    %usr   %nice    %sys %iowait    %irq   %soft  %steal  %guest  %gnice   %idle
12:19:52 AM    0   61.39    0.00   28.71    0.00    0.00    8.91    0.00    0.00    0.00    0.99
12:19:52 AM    1   66.00    0.00   33.00    0.00    0.00    1.00    0.00    0.00    0.00    0.00

12:19:52 AM  CPU    %usr   %nice    %sys %iowait    %irq   %soft  %steal  %guest  %gnice   %idle
12:19:53 AM    0   65.00    0.00   28.00    0.00    0.00    7.00    0.00    0.00    0.00    0.00
12:19:53 AM    1   66.34    0.00   33.66    0.00    0.00    0.00    0.00    0.00    0.00    0.00

12:19:53 AM  CPU    %usr   %nice    %sys %iowait    %irq   %soft  %steal  %guest  %gnice   %idle
12:19:54 AM    0   64.00    0.00   28.00    0.00    0.00    8.00    0.00    0.00    0.00    0.00
12:19:54 AM    1   67.00    0.00   33.00    0.00    0.00    0.00    0.00    0.00    0.00    0.00

12:19:54 AM  CPU    %usr   %nice    %sys %iowait    %irq   %soft  %steal  %guest  %gnice   %idle
12:19:55 AM    0   54.46    0.00   34.65    0.00    0.00    9.90    0.00    0.00    0.00    0.99
12:19:55 AM    1   63.64    0.00   36.36    0.00    0.00    0.00    0.00    0.00    0.00    0.00

12:19:55 AM  CPU    %usr   %nice    %sys %iowait    %irq   %soft  %steal  %guest  %gnice   %idle
12:19:56 AM    0   62.63    0.00   31.31    0.00    0.00    6.06    0.00    0.00    0.00    0.00
12:19:56 AM    1   67.68    0.00   31.31    0.00    0.00    1.01    0.00    0.00    0.00    0.00

12:19:56 AM  CPU    %usr   %nice    %sys %iowait    %irq   %soft  %steal  %guest  %gnice   %idle
12:19:57 AM    0   65.35    0.00   23.76    0.00    0.00    9.90    0.00    0.00    0.00    0.99
12:19:57 AM    1   65.35    0.00   33.66    0.00    0.00    0.99    0.00    0.00    0.00    0.00

12:19:57 AM  CPU    %usr   %nice    %sys %iowait    %irq   %soft  %steal  %guest  %gnice   %idle
12:19:58 AM    0   68.00    0.00   27.00    0.00    0.00    5.00    0.00    0.00    0.00    0.00
12:19:58 AM    1   64.00    0.00   35.00    0.00    0.00    1.00    0.00    0.00    0.00    0.00

12:19:58 AM  CPU    %usr   %nice    %sys %iowait    %irq   %soft  %steal  %guest  %gnice   %idle
12:19:59 AM    0   61.39    0.00   29.70    0.00    0.00    8.91    0.00    0.00    0.00    0.00
12:19:59 AM    1   61.00    0.00   37.00    0.00    0.00    1.00    0.00    0.00    0.00    1.00

12:19:59 AM  CPU    %usr   %nice    %sys %iowait    %irq   %soft  %steal  %guest  %gnice   %idle
12:20:00 AM    0   58.00    0.00   31.00    0.00    0.00   10.00    0.00    0.00    0.00    1.00
12:20:00 AM    1   67.00    0.00   33.00    0.00    0.00    0.00    0.00    0.00    0.00    0.00

12:20:00 AM  CPU    %usr   %nice    %sys %iowait    %irq   %soft  %steal  %guest  %gnice   %idle
12:20:01 AM    0   61.86    0.00   31.96    0.00    0.00    6.19    0.00    0.00    0.00    0.00
12:20:01 AM    1   61.00    0.00   39.00    0.00    0.00    0.00    0.00    0.00    0.00    0.00

12:20:01 AM  CPU    %usr   %nice    %sys %iowait    %irq   %soft  %steal  %guest  %gnice   %idle
12:20:02 AM    0   56.44    0.00   34.65    0.00    0.00    7.92    0.00    0.00    0.00    0.99
12:20:02 AM    1   65.00    0.00   35.00    0.00    0.00    0.00    0.00    0.00    0.00    0.00

12:20:02 AM  CPU    %usr   %nice    %sys %iowait    %irq   %soft  %steal  %guest  %gnice   %idle
12:20:03 AM    0   64.65    0.00   30.30    0.00    0.00    5.05    0.00    0.00    0.00    0.00
12:20:03 AM    1   64.65    0.00   35.35    0.00    0.00    0.00    0.00    0.00    0.00    0.00

12:20:03 AM  CPU    %usr   %nice    %sys %iowait    %irq   %soft  %steal  %guest  %gnice   %idle
12:20:04 AM    0   60.40    0.00   31.68    0.00    0.00    6.93    0.00    0.00    0.00    0.99
12:20:04 AM    1   62.63    0.00   34.34    0.00    0.00    1.01    0.00    0.00    0.00    2.02

12:20:04 AM  CPU    %usr   %nice    %sys %iowait    %irq   %soft  %steal  %guest  %gnice   %idle
12:20:05 AM    0   63.27    0.00   30.61    0.00    0.00    6.12    0.00    0.00    0.00    0.00
12:20:05 AM    1   63.00    0.00   37.00    0.00    0.00    0.00    0.00    0.00    0.00    0.00

12:20:05 AM  CPU    %usr   %nice    %sys %iowait    %irq   %soft  %steal  %guest  %gnice   %idle
12:20:06 AM    0   61.76    0.00   27.45    0.00    0.00    9.80    0.00    0.00    0.00    0.98
12:20:06 AM    1   60.00    0.00   39.00    0.00    0.00    1.00    0.00    0.00    0.00    0.00

12:20:06 AM  CPU    %usr   %nice    %sys %iowait    %irq   %soft  %steal  %guest  %gnice   %idle
12:20:07 AM    0   59.60    0.00   33.33    0.00    0.00    7.07    0.00    0.00    0.00    0.00
12:20:07 AM    1   58.59    0.00   40.40    0.00    0.00    0.00    0.00    0.00    0.00    1.01

12:20:07 AM  CPU    %usr   %nice    %sys %iowait    %irq   %soft  %steal  %guest  %gnice   %idle
12:20:08 AM    0   61.00    0.00   30.00    0.00    0.00    8.00    0.00    0.00    0.00    1.00
12:20:08 AM    1   58.00    0.00   41.00    0.00    0.00    1.00    0.00    0.00    0.00    0.00

12:20:08 AM  CPU    %usr   %nice    %sys %iowait    %irq   %soft  %steal  %guest  %gnice   %idle
12:20:09 AM    0   65.00    0.00   26.00    0.00    0.00    9.00    0.00    0.00    0.00    0.00
12:20:09 AM    1   62.38    0.00   37.62    0.00    0.00    0.00    0.00    0.00    0.00    0.00

12:20:09 AM  CPU    %usr   %nice    %sys %iowait    %irq   %soft  %steal  %guest  %gnice   %idle
12:20:10 AM    0   64.65    0.00   26.26    0.00    0.00    9.09    0.00    0.00    0.00    0.00
12:20:10 AM    1   62.00    0.00   37.00    0.00    0.00    1.00    0.00    0.00    0.00    0.00

12:20:10 AM  CPU    %usr   %nice    %sys %iowait    %irq   %soft  %steal  %guest  %gnice   %idle
12:20:11 AM    0   61.39    0.00   30.69    0.00    0.00    6.93    0.00    0.00    0.00    0.99
12:20:11 AM    1   64.00    0.00   34.00    0.00    0.00    2.00    0.00    0.00    0.00    0.00

12:20:11 AM  CPU    %usr   %nice    %sys %iowait    %irq   %soft  %steal  %guest  %gnice   %idle
12:20:12 AM    0   56.57    0.00   35.35    0.00    0.00    8.08    0.00    0.00    0.00    0.00
12:20:12 AM    1   63.00    0.00   37.00    0.00    0.00    0.00    0.00    0.00    0.00    0.00

12:20:12 AM  CPU    %usr   %nice    %sys %iowait    %irq   %soft  %steal  %guest  %gnice   %idle
12:20:13 AM    0   61.76    0.00   28.43    0.00    0.00    8.82    0.00    0.00    0.00    0.98
12:20:13 AM    1   62.00    0.00   37.00    0.00    0.00    1.00    0.00    0.00    0.00    0.00

12:20:13 AM  CPU    %usr   %nice    %sys %iowait    %irq   %soft  %steal  %guest  %gnice   %idle
12:20:14 AM    0   67.35    0.00   26.53    0.00    0.00    6.12    0.00    0.00    0.00    0.00
12:20:14 AM    1   61.00    0.00   38.00    0.00    0.00    1.00    0.00    0.00    0.00    0.00

12:20:14 AM  CPU    %usr   %nice    %sys %iowait    %irq   %soft  %steal  %guest  %gnice   %idle
12:20:15 AM    0   57.00    0.00   35.00    0.00    0.00    7.00    0.00    0.00    0.00    1.00
12:20:15 AM    1   61.22    0.00   36.73    0.00    0.00    0.00    0.00    0.00    0.00    2.04

12:20:15 AM  CPU    %usr   %nice    %sys %iowait    %irq   %soft  %steal  %guest  %gnice   %idle
12:20:16 AM    0   62.63    0.00   31.31    0.00    0.00    6.06    0.00    0.00    0.00    0.00
12:20:16 AM    1   61.00    0.00   39.00    0.00    0.00    0.00    0.00    0.00    0.00    0.00

12:20:16 AM  CPU    %usr   %nice    %sys %iowait    %irq   %soft  %steal  %guest  %gnice   %idle
12:20:17 AM    0   62.63    0.00   28.28    0.00    0.00    8.08    0.00    0.00    0.00    1.01
12:20:17 AM    1   63.37    0.00   34.65    0.00    0.00    0.99    0.00    0.00    0.00    0.99

12:20:17 AM  CPU    %usr   %nice    %sys %iowait    %irq   %soft  %steal  %guest  %gnice   %idle
12:20:18 AM    0   52.53    0.00   28.28    0.00    0.00    8.08    0.00    0.00    0.00   11.11
12:20:18 AM    1   62.00    0.00   38.00    0.00    0.00    0.00    0.00    0.00    0.00    0.00

12:20:18 AM  CPU    %usr   %nice    %sys %iowait    %irq   %soft  %steal  %guest  %gnice   %idle
12:20:19 AM    0   55.67    0.00   26.80    0.00    0.00    6.19    0.00    0.00    0.00   11.34
12:20:19 AM    1   63.00    0.00   36.00    0.00    0.00    1.00    0.00    0.00    0.00    0.00

12:20:19 AM  CPU    %usr   %nice    %sys %iowait    %irq   %soft  %steal  %guest  %gnice   %idle
12:20:20 AM    0   62.00    0.00   24.00    0.00    0.00    8.00    0.00    0.00    0.00    6.00
12:20:20 AM    1   59.60    0.00   39.39    0.00    0.00    1.01    0.00    0.00    0.00    0.00

12:20:20 AM  CPU    %usr   %nice    %sys %iowait    %irq   %soft  %steal  %guest  %gnice   %idle
12:20:21 AM    0   54.08    0.00   28.57    0.00    0.00    9.18    0.00    0.00    0.00    8.16
12:20:21 AM    1   66.00    0.00   33.00    0.00    0.00    1.00    0.00    0.00    0.00    0.00

12:20:21 AM  CPU    %usr   %nice    %sys %iowait    %irq   %soft  %steal  %guest  %gnice   %idle
12:20:22 AM    0    3.03    0.00    1.01    0.00    0.00    0.00    0.00    0.00    0.00   95.96
12:20:22 AM    1    2.02    0.00    3.03    0.00    0.00    0.00    0.00    0.00    0.00   94.95

12:20:22 AM  CPU    %usr   %nice    %sys %iowait    %irq   %soft  %steal  %guest  %gnice   %idle
12:20:23 AM    0    0.00    0.00    0.00    0.00    0.00    0.00    0.00    0.00    0.00  100.00
12:20:23 AM    1    0.00    0.00    0.99    0.00    0.00    0.00    0.00    0.00    0.00   99.01

12:20:23 AM  CPU    %usr   %nice    %sys %iowait    %irq   %soft  %steal  %guest  %gnice   %idle
12:20:24 AM    0    0.00    0.00    0.00    0.00    0.00    0.00    0.00    0.00    0.00  100.00
12:20:24 AM    1    0.00    0.00    0.00    0.00    0.00    0.00    0.00    0.00    0.00  100.00

12:20:24 AM  CPU    %usr   %nice    %sys %iowait    %irq   %soft  %steal  %guest  %gnice   %idle
12:20:25 AM    0    0.00    0.00    0.00    1.00    0.00    0.00    0.00    0.00    0.00   99.00
12:20:25 AM    1    0.00    0.00    0.00    0.00    0.00    0.00    0.00    0.00    0.00  100.00

12:20:25 AM  CPU    %usr   %nice    %sys %iowait    %irq   %soft  %steal  %guest  %gnice   %idle
12:20:26 AM    0    0.00    0.00    0.00    0.00    0.00    0.00    0.00    0.00    0.00  100.00
12:20:26 AM    1    1.00    0.00    0.00    0.00    0.00    0.00    0.00    0.00    0.00   99.00

12:20:26 AM  CPU    %usr   %nice    %sys %iowait    %irq   %soft  %steal  %guest  %gnice   %idle
12:20:27 AM    0    0.00    0.00    0.00    0.00    0.00    0.00    0.00    0.00    0.00  100.00
12:20:27 AM    1    0.00    0.00    0.00    0.00    0.00    0.00    0.00    0.00    0.00  100.00

12:20:27 AM  CPU    %usr   %nice    %sys %iowait    %irq   %soft  %steal  %guest  %gnice   %idle
12:20:28 AM    0    0.00    0.00    0.00    0.00    0.00    0.00    0.00    0.00    0.00  100.00
12:20:28 AM    1    0.99    0.00    0.00    0.00    0.00    0.00    0.00    0.00    0.00   99.01

12:20:28 AM  CPU    %usr   %nice    %sys %iowait    %irq   %soft  %steal  %guest  %gnice   %idle
12:20:29 AM    0    0.00    0.00    0.00    0.00    0.00    0.00    0.00    0.00    0.00  100.00
12:20:29 AM    1    0.00    0.00    0.00    0.00    0.00    0.00    0.00    0.00    0.00  100.00

12:20:29 AM  CPU    %usr   %nice    %sys %iowait    %irq   %soft  %steal  %guest  %gnice   %idle
12:20:30 AM    0    0.00    0.00    0.00    0.00    0.00    0.00    0.00    0.00    0.00  100.00
12:20:30 AM    1    0.99    0.00    0.00    0.00    0.00    0.00    0.00    0.00    0.00   99.01

12:20:30 AM  CPU    %usr   %nice    %sys %iowait    %irq   %soft  %steal  %guest  %gnice   %idle
12:20:31 AM    0    0.00    0.00    0.99    0.00    0.00    0.00    0.00    0.00    0.00   99.01
12:20:31 AM    1    0.00    0.00    0.00    0.00    0.00    0.00    0.00    0.00    0.00  100.00

12:20:31 AM  CPU    %usr   %nice    %sys %iowait    %irq   %soft  %steal  %guest  %gnice   %idle
12:20:32 AM    0    0.00    0.00    0.00    0.00    0.00    0.99    0.00    0.00    0.00   99.01
12:20:32 AM    1    0.00    0.00    0.00    0.00    0.00    0.00    0.00    0.00    0.00  100.00

12:20:32 AM  CPU    %usr   %nice    %sys %iowait    %irq   %soft  %steal  %guest  %gnice   %idle
12:20:33 AM    0    0.00    0.00    0.00    0.00    0.00    0.00    0.00    0.00    0.00  100.00
12:20:33 AM    1    0.00    0.00    0.00    0.00    0.00    0.00    0.00    0.00    0.00  100.00

12:20:33 AM  CPU    %usr   %nice    %sys %iowait    %irq   %soft  %steal  %guest  %gnice   %idle
12:20:34 AM    0    0.00    0.00    0.00    0.00    0.00    0.00    0.00    0.00    0.00  100.00
12:20:34 AM    1    0.00    0.00    0.00    0.00    0.00    0.00    0.00    0.00    0.00  100.00

12:20:34 AM  CPU    %usr   %nice    %sys %iowait    %irq   %soft  %steal  %guest  %gnice   %idle
12:20:35 AM    0    0.00    0.00    0.00    0.00    0.00    0.00    0.00    0.00    0.00  100.00
12:20:35 AM    1    0.00    0.00    0.00    0.00    0.00    0.00    0.00    0.00    0.00  100.00

12:20:35 AM  CPU    %usr   %nice    %sys %iowait    %irq   %soft  %steal  %guest  %gnice   %idle
12:20:36 AM    0    1.00    0.00    0.00    0.00    0.00    0.00    0.00    0.00    0.00   99.00
12:20:36 AM    1    0.00    0.00    0.00    0.00    0.00    0.00    0.00    0.00    0.00  100.00

12:20:36 AM  CPU    %usr   %nice    %sys %iowait    %irq   %soft  %steal  %guest  %gnice   %idle
12:20:37 AM    0    0.00    0.00    0.00    0.00    0.00    0.00    0.00    0.00    0.00  100.00
12:20:37 AM    1    0.00    0.00    0.00    0.00    0.00    0.00    0.00    0.00    0.00  100.00

12:20:37 AM  CPU    %usr   %nice    %sys %iowait    %irq   %soft  %steal  %guest  %gnice   %idle
12:20:38 AM    0    0.00    0.00    0.00    0.00    0.00    0.00    0.00    0.00    0.00  100.00
12:20:38 AM    1    0.00    0.00    0.00    0.00    0.00    0.00    0.00    0.00    0.00  100.00

12:20:38 AM  CPU    %usr   %nice    %sys %iowait    %irq   %soft  %steal  %guest  %gnice   %idle
12:20:39 AM    0    1.00    0.00    0.00    0.00    0.00    0.00    0.00    0.00    0.00   99.00
12:20:39 AM    1    0.00    0.00    0.00    0.00    0.00    0.00    0.00    0.00    0.00  100.00

12:20:39 AM  CPU    %usr   %nice    %sys %iowait    %irq   %soft  %steal  %guest  %gnice   %idle
12:20:40 AM    0    0.00    0.00    0.00    0.00    0.00    0.00    0.00    0.00    0.00  100.00
12:20:40 AM    1    0.00    0.00    0.99    0.00    0.00    0.00    0.00    0.00    0.00   99.01

12:20:40 AM  CPU    %usr   %nice    %sys %iowait    %irq   %soft  %steal  %guest  %gnice   %idle
12:20:41 AM    0    0.00    0.00    0.00    0.00    0.00    0.00    0.00    0.00    0.00  100.00
12:20:41 AM    1    0.00    0.00    0.00    0.00    0.00    0.00    0.00    0.00    0.00  100.00

12:20:41 AM  CPU    %usr   %nice    %sys %iowait    %irq   %soft  %steal  %guest  %gnice   %idle
12:20:42 AM    0    0.00    0.00    0.00    0.00    0.00    0.00    0.00    0.00    0.00  100.00
12:20:42 AM    1    1.00    0.00    0.00    0.00    0.00    0.00    0.00    0.00    0.00   99.00

12:20:42 AM  CPU    %usr   %nice    %sys %iowait    %irq   %soft  %steal  %guest  %gnice   %idle
12:20:43 AM    0    0.00    0.00    0.00    0.00    0.00    0.00    0.00    0.00    0.00  100.00
12:20:43 AM    1    0.00    0.00    0.00    0.00    0.00    0.00    0.00    0.00    0.00  100.00

12:20:43 AM  CPU    %usr   %nice    %sys %iowait    %irq   %soft  %steal  %guest  %gnice   %idle
12:20:44 AM    0    0.00    0.00    0.00    0.00    0.00    0.00    0.00    0.00    0.00  100.00
12:20:44 AM    1    0.00    0.00    0.00    0.00    0.00    0.00    0.00    0.00    0.00  100.00

12:20:44 AM  CPU    %usr   %nice    %sys %iowait    %irq   %soft  %steal  %guest  %gnice   %idle
12:20:45 AM    0    0.00    0.00    0.00    0.00    0.00    0.00    0.00    0.00    0.00  100.00
12:20:45 AM    1    0.00    0.00    0.99    0.00    0.00    0.00    0.00    0.00    0.00   99.01

12:20:45 AM  CPU    %usr   %nice    %sys %iowait    %irq   %soft  %steal  %guest  %gnice   %idle
12:20:46 AM    0    0.00    0.00    0.00    0.00    0.00    0.00    0.00    0.00    0.00  100.00
12:20:46 AM    1    0.00    0.00    0.00    0.00    0.00    0.00    0.00    0.00    0.00  100.00

12:20:46 AM  CPU    %usr   %nice    %sys %iowait    %irq   %soft  %steal  %guest  %gnice   %idle
12:20:47 AM    0    0.00    0.00    0.00    0.00    0.00    0.00    0.00    0.00    0.00  100.00
12:20:47 AM    1    0.00    0.00    0.00    0.00    0.00    0.00    0.00    0.00    0.00  100.00

12:20:47 AM  CPU    %usr   %nice    %sys %iowait    %irq   %soft  %steal  %guest  %gnice   %idle
12:20:48 AM    0    0.00    0.00    0.00    0.00    0.00    0.00    0.00    0.00    0.00  100.00
12:20:48 AM    1    0.00    0.00    0.00    0.00    0.00    0.00    0.00    0.00    0.00  100.00

12:20:48 AM  CPU    %usr   %nice    %sys %iowait    %irq   %soft  %steal  %guest  %gnice   %idle
12:20:49 AM    0    0.99    0.00    0.00    0.00    0.00    0.00    0.00    0.00    0.00   99.01
12:20:49 AM    1    0.99    0.00    0.00    0.00    0.00    0.00    0.00    0.00    0.00   99.01

12:20:49 AM  CPU    %usr   %nice    %sys %iowait    %irq   %soft  %steal  %guest  %gnice   %idle
12:20:50 AM    0    0.00    0.00    0.00    0.00    0.00    0.00    0.00    0.00    0.00  100.00
12:20:50 AM    1    0.00    0.00    0.00    0.00    0.00    0.00    0.00    0.00    0.00  100.00

12:20:50 AM  CPU    %usr   %nice    %sys %iowait    %irq   %soft  %steal  %guest  %gnice   %idle
12:20:51 AM    0    0.00    0.00    0.00    0.00    0.00    0.00    0.00    0.00    0.00  100.00
12:20:51 AM    1    0.00    0.00    0.00    0.00    0.00    0.00    0.00    0.00    0.00  100.00

12:20:51 AM  CPU    %usr   %nice    %sys %iowait    %irq   %soft  %steal  %guest  %gnice   %idle
12:20:52 AM    0    0.00    0.00    0.00    0.00    0.00    0.00    0.00    0.00    0.00  100.00
12:20:52 AM    1    0.00    0.00    0.00    0.00    0.00    0.00    0.00    0.00    0.00  100.00

12:20:52 AM  CPU    %usr   %nice    %sys %iowait    %irq   %soft  %steal  %guest  %gnice   %idle
12:20:53 AM    0    0.00    0.00    0.00    0.00    0.00    0.00    0.00    0.00    0.00  100.00
12:20:53 AM    1    0.00    0.00    0.00    0.00    0.00    0.00    0.00    0.00    0.00  100.00

12:20:53 AM  CPU    %usr   %nice    %sys %iowait    %irq   %soft  %steal  %guest  %gnice   %idle
12:20:54 AM    0    0.99    0.00    0.00    0.00    0.00    0.00    0.00    0.00    0.00   99.01
12:20:54 AM    1    0.00    0.00    0.00    0.00    0.00    0.00    0.00    0.00    0.00  100.00

12:20:54 AM  CPU    %usr   %nice    %sys %iowait    %irq   %soft  %steal  %guest  %gnice   %idle
12:20:55 AM    0    0.00    0.00    0.00    0.00    0.00    0.00    0.00    0.00    0.00  100.00
12:20:55 AM    1    0.00    0.00    0.00    0.00    0.00    0.00    0.00    0.00    0.00  100.00

12:20:55 AM  CPU    %usr   %nice    %sys %iowait    %irq   %soft  %steal  %guest  %gnice   %idle
12:20:56 AM    0    0.00    0.00    0.00    0.00    0.00    0.00    0.00    0.00    0.00  100.00
12:20:56 AM    1    0.00    0.00    0.00    0.00    0.00    0.00    0.00    0.00    0.00  100.00

12:20:56 AM  CPU    %usr   %nice    %sys %iowait    %irq   %soft  %steal  %guest  %gnice   %idle
12:20:57 AM    0    0.00    0.00    0.00    0.00    0.00    0.00    0.00    0.00    0.00  100.00
12:20:57 AM    1    0.00    0.00    0.00    0.00    0.00    0.00    0.00    0.00    0.00  100.00

12:20:57 AM  CPU    %usr   %nice    %sys %iowait    %irq   %soft  %steal  %guest  %gnice   %idle
12:20:58 AM    0    0.00    0.00    0.00    0.00    0.00    0.00    0.00    0.00    0.00  100.00
12:20:58 AM    1    0.00    0.00    0.00    0.00    0.00    0.00    0.00    0.00    0.00  100.00

12:20:58 AM  CPU    %usr   %nice    %sys %iowait    %irq   %soft  %steal  %guest  %gnice   %idle
12:20:59 AM    0    0.00    0.00    0.00    0.00    0.00    0.00    0.00    0.00    0.00  100.00
12:20:59 AM    1    0.00    0.00    0.99    0.00    0.00    0.00    0.00    0.00    0.00   99.01

12:20:59 AM  CPU    %usr   %nice    %sys %iowait    %irq   %soft  %steal  %guest  %gnice   %idle
12:21:00 AM    0    0.00    0.00    0.00    0.00    0.00    0.00    0.00    0.00    0.00  100.00
12:21:00 AM    1    0.00    0.00    0.00    0.00    0.00    0.00    0.00    0.00    0.00  100.00

12:21:00 AM  CPU    %usr   %nice    %sys %iowait    %irq   %soft  %steal  %guest  %gnice   %idle
12:21:01 AM    0    0.00    0.00    0.00    0.00    0.00    0.00    0.00    0.00    0.00  100.00
12:21:01 AM    1    0.00    0.00    0.00    0.00    0.00    0.00    0.00    0.00    0.00  100.00

12:21:01 AM  CPU    %usr   %nice    %sys %iowait    %irq   %soft  %steal  %guest  %gnice   %idle
12:21:02 AM    0    0.00    0.00    0.00    0.00    0.00    0.00    0.00    0.00    0.00  100.00
12:21:02 AM    1    0.00    0.00    0.00    0.00    0.00    0.00    0.00    0.00    0.00  100.00

12:21:02 AM  CPU    %usr   %nice    %sys %iowait    %irq   %soft  %steal  %guest  %gnice   %idle
12:21:03 AM    0    0.00    0.00    0.00    0.00    0.00    0.00    0.00    0.00    0.00  100.00
12:21:03 AM    1    0.00    0.00    0.00    0.00    0.00    0.00    0.00    0.00    0.00  100.00

12:21:03 AM  CPU    %usr   %nice    %sys %iowait    %irq   %soft  %steal  %guest  %gnice   %idle
12:21:04 AM    0    0.00    0.00    0.00    0.00    0.00    0.00    0.00    0.00    0.00  100.00
12:21:04 AM    1    0.00    0.00    0.00    0.00    0.00    0.00    0.00    0.00    0.00  100.00

12:21:04 AM  CPU    %usr   %nice    %sys %iowait    %irq   %soft  %steal  %guest  %gnice   %idle
12:21:05 AM    0    1.00    0.00    0.00    0.00    0.00    0.00    0.00    0.00    0.00   99.00
12:21:05 AM    1    0.00    0.00    0.00    0.00    0.00    0.00    0.00    0.00    0.00  100.00

12:21:05 AM  CPU    %usr   %nice    %sys %iowait    %irq   %soft  %steal  %guest  %gnice   %idle
12:21:06 AM    0    0.00    0.00    0.00    0.00    0.00    0.00    0.00    0.00    0.00  100.00
12:21:06 AM    1    0.00    0.00    0.00    0.00    0.00    0.00    0.00    0.00    0.00  100.00

12:21:06 AM  CPU    %usr   %nice    %sys %iowait    %irq   %soft  %steal  %guest  %gnice   %idle
12:21:07 AM    0    0.00    0.00    0.00    0.00    0.00    0.00    0.00    0.00    0.00  100.00
12:21:07 AM    1    0.00    0.00    0.00    0.00    0.00    0.00    0.00    0.00    0.00  100.00

12:21:07 AM  CPU    %usr   %nice    %sys %iowait    %irq   %soft  %steal  %guest  %gnice   %idle
12:21:08 AM    0    0.00    0.00    0.00    0.00    0.00    0.00    0.00    0.00    0.00  100.00
12:21:08 AM    1    0.00    0.00    0.00    0.00    0.00    0.00    0.00    0.00    0.00  100.00

12:21:08 AM  CPU    %usr   %nice    %sys %iowait    %irq   %soft  %steal  %guest  %gnice   %idle
12:21:09 AM    0    0.00    0.00    0.00    0.00    0.00    0.00    0.00    0.00    0.00  100.00
12:21:09 AM    1    0.00    0.00    0.00    0.00    0.00    0.00    0.00    0.00    0.00  100.00

12:21:09 AM  CPU    %usr   %nice    %sys %iowait    %irq   %soft  %steal  %guest  %gnice   %idle
12:21:10 AM    0    0.00    0.00    0.00    0.00    0.00    0.00    0.00    0.00    0.00  100.00
12:21:10 AM    1    0.00    0.00    0.00    0.00    0.00    0.00    0.00    0.00    0.00  100.00

12:21:10 AM  CPU    %usr   %nice    %sys %iowait    %irq   %soft  %steal  %guest  %gnice   %idle
12:21:11 AM    0    0.00    0.00    0.00    0.00    0.00    0.00    0.00    0.00    0.00  100.00
12:21:11 AM    1    0.00    0.00    0.00    0.00    0.00    0.00    0.00    0.00    0.00  100.00

12:21:11 AM  CPU    %usr   %nice    %sys %iowait    %irq   %soft  %steal  %guest  %gnice   %idle
12:21:12 AM    0    0.00    0.00    0.00    0.00    0.00    0.00    0.00    0.00    0.00  100.00
12:21:12 AM    1    0.00    0.00    0.00    0.00    0.00    0.00    0.00    0.00    0.00  100.00

12:21:12 AM  CPU    %usr   %nice    %sys %iowait    %irq   %soft  %steal  %guest  %gnice   %idle
12:21:13 AM    0    0.00    0.00    0.00    0.00    0.00    0.00    0.00    0.00    0.00  100.00
12:21:13 AM    1    0.00    0.00    0.00    0.00    0.00    0.00    0.00    0.00    0.00  100.00

12:21:13 AM  CPU    %usr   %nice    %sys %iowait    %irq   %soft  %steal  %guest  %gnice   %idle
12:21:14 AM    0    0.00    0.00    0.00    0.00    0.00    0.00    0.00    0.00    0.00  100.00
12:21:14 AM    1    0.00    0.00    0.00    0.00    0.00    0.00    0.00    0.00    0.00  100.00

12:21:14 AM  CPU    %usr   %nice    %sys %iowait    %irq   %soft  %steal  %guest  %gnice   %idle
12:21:15 AM    0    0.00    0.00    0.00    0.00    0.00    0.00    0.00    0.00    0.00  100.00
12:21:15 AM    1    0.00    0.00    0.00    0.00    0.00    0.00    0.00    0.00    0.00  100.00

12:21:15 AM  CPU    %usr   %nice    %sys %iowait    %irq   %soft  %steal  %guest  %gnice   %idle
12:21:16 AM    0    0.00    0.00    0.00    0.00    0.00    0.00    0.00    0.00    0.00  100.00
12:21:16 AM    1    0.00    0.00    0.00    0.00    0.00    0.00    0.00    0.00    0.00  100.00

12:21:16 AM  CPU    %usr   %nice    %sys %iowait    %irq   %soft  %steal  %guest  %gnice   %idle
12:21:17 AM    0    0.00    0.00    0.00    0.00    0.00    0.00    0.00    0.00    0.00  100.00
12:21:17 AM    1    0.00    0.00    0.00    0.00    0.00    0.00    0.00    0.00    0.00  100.00

12:21:17 AM  CPU    %usr   %nice    %sys %iowait    %irq   %soft  %steal  %guest  %gnice   %idle
12:21:18 AM    0    0.00    0.00    0.00    0.00    0.00    0.00    0.00    0.00    0.00  100.00
12:21:18 AM    1    0.00    0.00    0.00    0.00    0.00    0.00    0.00    0.00    0.00  100.00

12:21:18 AM  CPU    %usr   %nice    %sys %iowait    %irq   %soft  %steal  %guest  %gnice   %idle
12:21:19 AM    0    0.00    0.00    0.00    0.00    0.00    0.00    0.00    0.00    0.00  100.00
12:21:19 AM    1    0.00    0.00    0.00    0.00    0.00    0.00    0.00    0.00    0.00  100.00

12:21:19 AM  CPU    %usr   %nice    %sys %iowait    %irq   %soft  %steal  %guest  %gnice   %idle
12:21:20 AM    0    0.00    0.00    0.99    0.00    0.00    0.00    0.00    0.00    0.00   99.01
12:21:20 AM    1    1.00    0.00    0.00    0.00    0.00    0.00    0.00    0.00    0.00   99.00

12:21:20 AM  CPU    %usr   %nice    %sys %iowait    %irq   %soft  %steal  %guest  %gnice   %idle
12:21:21 AM    0    0.00    0.00    0.00    0.00    0.00    0.00    0.00    0.00    0.00  100.00
12:21:21 AM    1    0.00    0.00    0.00    0.00    0.00    0.00    0.00    0.00    0.00  100.00

12:21:21 AM  CPU    %usr   %nice    %sys %iowait    %irq   %soft  %steal  %guest  %gnice   %idle
12:21:22 AM    0    0.99    0.00    0.00    0.00    0.00    0.00    0.00    0.00    0.00   99.01
12:21:22 AM    1    0.00    0.00    0.00    0.00    0.00    0.00    0.00    0.00    0.00  100.00

12:21:22 AM  CPU    %usr   %nice    %sys %iowait    %irq   %soft  %steal  %guest  %gnice   %idle
12:21:23 AM    0    0.00    0.00    0.00    0.00    0.00    0.00    0.00    0.00    0.00  100.00
12:21:23 AM    1    0.00    0.00    0.00    0.00    0.00    0.00    0.00    0.00    0.00  100.00

12:21:23 AM  CPU    %usr   %nice    %sys %iowait    %irq   %soft  %steal  %guest  %gnice   %idle
12:21:24 AM    0    0.00    0.00    0.00    0.00    0.00    0.00    0.00    0.00    0.00  100.00
12:21:24 AM    1    0.00    0.00    0.00    0.00    0.00    0.00    0.00    0.00    0.00  100.00

12:21:24 AM  CPU    %usr   %nice    %sys %iowait    %irq   %soft  %steal  %guest  %gnice   %idle
12:21:25 AM    0    0.00    0.00    0.00    0.00    0.00    0.00    0.00    0.00    0.00  100.00
12:21:25 AM    1    0.00    0.00    0.00    0.00    0.00    0.00    0.00    0.00    0.00  100.00

12:21:25 AM  CPU    %usr   %nice    %sys %iowait    %irq   %soft  %steal  %guest  %gnice   %idle
12:21:26 AM    0    0.00    0.00    0.00    0.00    0.00    0.00    0.00    0.00    0.00  100.00
12:21:26 AM    1    0.00    0.00    0.00    0.00    0.00    0.00    0.00    0.00    0.00  100.00

12:21:26 AM  CPU    %usr   %nice    %sys %iowait    %irq   %soft  %steal  %guest  %gnice   %idle
12:21:27 AM    0    0.00    0.00    0.00    0.00    0.00    0.00    0.00    0.00    0.00  100.00
12:21:27 AM    1    0.00    0.00    0.99    0.00    0.00    0.00    0.00    0.00    0.00   99.01

12:21:27 AM  CPU    %usr   %nice    %sys %iowait    %irq   %soft  %steal  %guest  %gnice   %idle
12:21:28 AM    0    0.00    0.00    0.00    0.00    0.00    0.00    0.00    0.00    0.00  100.00
12:21:28 AM    1    0.00    0.00    0.00    0.00    0.00    0.00    0.00    0.00    0.00  100.00

12:21:28 AM  CPU    %usr   %nice    %sys %iowait    %irq   %soft  %steal  %guest  %gnice   %idle
12:21:29 AM    0    0.00    0.00    0.00    0.00    0.00    0.00    0.00    0.00    0.00  100.00
12:21:29 AM    1    0.00    0.00    0.00    0.00    0.00    0.00    0.00    0.00    0.00  100.00

12:21:29 AM  CPU    %usr   %nice    %sys %iowait    %irq   %soft  %steal  %guest  %gnice   %idle
12:21:30 AM    0    0.00    0.00    0.00    0.00    0.00    0.00    0.00    0.00    0.00  100.00
12:21:30 AM    1    0.99    0.00    0.00    0.00    0.00    0.00    0.00    0.00    0.00   99.01

12:21:30 AM  CPU    %usr   %nice    %sys %iowait    %irq   %soft  %steal  %guest  %gnice   %idle
12:21:31 AM    0    0.00    0.00    0.00    0.00    0.00    0.00    0.00    0.00    0.00  100.00
12:21:31 AM    1    0.00    0.00    0.00    0.00    0.00    0.00    0.00    0.00    0.00  100.00

Average:     CPU    %usr   %nice    %sys %iowait    %irq   %soft  %steal  %guest  %gnice   %idle
Average:       0   25.35    0.00   12.44    0.01    0.00    3.17    0.00    0.00    0.00   59.03
Average:       1   26.62    0.00   14.86    0.00    0.00    0.22    0.00    0.00    0.00   58.30
