Linux 5.3.0-59-generic (ericmei) 	06/29/2020 	_x86_64_	(12 CPU)

09:55:33 PM  CPU    %usr   %nice    %sys %iowait    %irq   %soft  %steal  %guest  %gnice   %idle
09:55:34 PM    0   31.63    0.00   22.45    0.00    0.00    7.14    0.00    0.00    0.00   38.78
09:55:34 PM    1   24.69    0.00    8.64    0.00    0.00    3.70    0.00    0.00    0.00   62.96

09:55:34 PM  CPU    %usr   %nice    %sys %iowait    %irq   %soft  %steal  %guest  %gnice   %idle
09:55:35 PM    0   39.13    0.00   13.04    0.00    0.00    6.52    0.00    0.00    0.00   41.30
09:55:35 PM    1   25.30    0.00   10.84    0.00    0.00    1.20    0.00    0.00    0.00   62.65

09:55:35 PM  CPU    %usr   %nice    %sys %iowait    %irq   %soft  %steal  %guest  %gnice   %idle
09:55:36 PM    0   35.05    0.00   18.56    0.00    0.00    6.19    0.00    0.00    0.00   40.21
09:55:36 PM    1   22.62    0.00   11.90    0.00    0.00    5.95    0.00    0.00    0.00   59.52

09:55:36 PM  CPU    %usr   %nice    %sys %iowait    %irq   %soft  %steal  %guest  %gnice   %idle
09:55:37 PM    0   36.26    0.00   16.48    0.00    0.00    5.49    0.00    0.00    0.00   41.76
09:55:37 PM    1   24.39    0.00   12.20    0.00    0.00    1.22    0.00    0.00    0.00   62.20

09:55:37 PM  CPU    %usr   %nice    %sys %iowait    %irq   %soft  %steal  %guest  %gnice   %idle
09:55:38 PM    0   33.33    0.00   20.83    0.00    0.00    5.21    0.00    0.00    0.00   40.62
09:55:38 PM    1   22.22    0.00    9.88    0.00    0.00    3.70    0.00    0.00    0.00   64.20

09:55:38 PM  CPU    %usr   %nice    %sys %iowait    %irq   %soft  %steal  %guest  %gnice   %idle
09:55:39 PM    0   34.74    0.00   15.79    0.00    0.00    9.47    0.00    0.00    0.00   40.00
09:55:39 PM    1   22.09    0.00   15.12    0.00    0.00    3.49    0.00    0.00    0.00   59.30

09:55:39 PM  CPU    %usr   %nice    %sys %iowait    %irq   %soft  %steal  %guest  %gnice   %idle
09:55:40 PM    0   33.33    0.00   17.78    0.00    0.00    6.67    0.00    0.00    0.00   42.22
09:55:40 PM    1   23.46    0.00   13.58    0.00    0.00    1.23    0.00    0.00    0.00   61.73

09:55:40 PM  CPU    %usr   %nice    %sys %iowait    %irq   %soft  %steal  %guest  %gnice   %idle
09:55:41 PM    0   31.91    0.00   17.02    0.00    0.00    9.57    0.00    0.00    0.00   41.49
09:55:41 PM    1   28.05    0.00    4.88    0.00    0.00    2.44    0.00    0.00    0.00   64.63

09:55:41 PM  CPU    %usr   %nice    %sys %iowait    %irq   %soft  %steal  %guest  %gnice   %idle
09:55:42 PM    0   34.74    0.00   17.89    0.00    0.00    7.37    0.00    0.00    0.00   40.00
09:55:42 PM    1   30.49    0.00    4.88    0.00    0.00    2.44    0.00    0.00    0.00   62.20

09:55:42 PM  CPU    %usr   %nice    %sys %iowait    %irq   %soft  %steal  %guest  %gnice   %idle
09:55:43 PM    0   35.42    0.00   18.75    0.00    0.00    5.21    0.00    0.00    0.00   40.62
09:55:43 PM    1   25.61    0.00    8.54    0.00    0.00    3.66    0.00    0.00    0.00   62.20

09:55:43 PM  CPU    %usr   %nice    %sys %iowait    %irq   %soft  %steal  %guest  %gnice   %idle
09:55:44 PM    0   33.33    0.00   18.75    0.00    0.00    7.29    0.00    0.00    0.00   40.62
09:55:44 PM    1   25.00    0.00    8.33    0.00    0.00    3.57    0.00    0.00    0.00   63.10

09:55:44 PM  CPU    %usr   %nice    %sys %iowait    %irq   %soft  %steal  %guest  %gnice   %idle
09:55:45 PM    0   32.26    0.00   17.20    0.00    0.00    7.53    0.00    0.00    0.00   43.01
09:55:45 PM    1   26.83    0.00   10.98    0.00    0.00    0.00    0.00    0.00    0.00   62.20

09:55:45 PM  CPU    %usr   %nice    %sys %iowait    %irq   %soft  %steal  %guest  %gnice   %idle
09:55:46 PM    0   30.53    0.00   22.11    0.00    0.00    7.37    0.00    0.00    0.00   40.00
09:55:46 PM    1   29.89    0.00    6.90    0.00    0.00    4.60    0.00    0.00    0.00   58.62

09:55:46 PM  CPU    %usr   %nice    %sys %iowait    %irq   %soft  %steal  %guest  %gnice   %idle
09:55:47 PM    0   36.67    0.00   14.44    0.00    0.00    5.56    0.00    0.00    0.00   43.33
09:55:47 PM    1   28.92    0.00    7.23    0.00    0.00    2.41    0.00    0.00    0.00   61.45

09:55:47 PM  CPU    %usr   %nice    %sys %iowait    %irq   %soft  %steal  %guest  %gnice   %idle
09:55:48 PM    0   33.70    0.00   18.48    0.00    0.00    5.43    0.00    0.00    0.00   42.39
09:55:48 PM    1   25.00    0.00   11.90    0.00    0.00    2.38    0.00    0.00    0.00   60.71

09:55:48 PM  CPU    %usr   %nice    %sys %iowait    %irq   %soft  %steal  %guest  %gnice   %idle
09:55:49 PM    0   35.48    0.00   17.20    0.00    0.00    6.45    0.00    0.00    0.00   40.86
09:55:49 PM    1   25.32    0.00    7.59    0.00    0.00    2.53    0.00    0.00    0.00   64.56

09:55:49 PM  CPU    %usr   %nice    %sys %iowait    %irq   %soft  %steal  %guest  %gnice   %idle
09:55:50 PM    0   34.38    0.00   18.75    0.00    0.00    6.25    0.00    0.00    0.00   40.62
09:55:50 PM    1   26.25    0.00    7.50    0.00    0.00    2.50    0.00    0.00    0.00   63.75

09:55:50 PM  CPU    %usr   %nice    %sys %iowait    %irq   %soft  %steal  %guest  %gnice   %idle
09:55:51 PM    0   37.63    0.00   15.05    0.00    0.00    6.45    0.00    0.00    0.00   40.86
09:55:51 PM    1   21.95    0.00    7.32    0.00    0.00    7.32    0.00    0.00    0.00   63.41

09:55:51 PM  CPU    %usr   %nice    %sys %iowait    %irq   %soft  %steal  %guest  %gnice   %idle
09:55:52 PM    0   36.17    0.00   17.02    0.00    0.00    4.26    0.00    0.00    0.00   42.55
09:55:52 PM    1   25.30    0.00    9.64    0.00    0.00    2.41    0.00    0.00    0.00   62.65

09:55:52 PM  CPU    %usr   %nice    %sys %iowait    %irq   %soft  %steal  %guest  %gnice   %idle
09:55:53 PM    0   34.04    0.00   19.15    0.00    0.00    6.38    0.00    0.00    0.00   40.43
09:55:53 PM    1   23.17    0.00   12.20    0.00    0.00    2.44    0.00    0.00    0.00   62.20

09:55:53 PM  CPU    %usr   %nice    %sys %iowait    %irq   %soft  %steal  %guest  %gnice   %idle
09:55:54 PM    0   30.77    0.00   19.78    0.00    0.00    6.59    0.00    0.00    0.00   42.86
09:55:54 PM    1   23.46    0.00    9.88    0.00    0.00    2.47    0.00    0.00    0.00   64.20

09:55:54 PM  CPU    %usr   %nice    %sys %iowait    %irq   %soft  %steal  %guest  %gnice   %idle
09:55:55 PM    0   35.05    0.00   17.53    0.00    0.00    7.22    0.00    0.00    0.00   40.21
09:55:55 PM    1   25.30    0.00    9.64    0.00    0.00    2.41    0.00    0.00    0.00   62.65

09:55:55 PM  CPU    %usr   %nice    %sys %iowait    %irq   %soft  %steal  %guest  %gnice   %idle
09:55:56 PM    0   38.95    0.00   16.84    0.00    0.00    3.16    0.00    0.00    0.00   41.05
09:55:56 PM    1   25.30    0.00   10.84    0.00    0.00    3.61    0.00    0.00    0.00   60.24

09:55:56 PM  CPU    %usr   %nice    %sys %iowait    %irq   %soft  %steal  %guest  %gnice   %idle
09:55:57 PM    0   33.33    0.00   17.20    0.00    0.00    7.53    0.00    0.00    0.00   41.94
09:55:57 PM    1   24.39    0.00   10.98    0.00    0.00    1.22    0.00    0.00    0.00   63.41

09:55:57 PM  CPU    %usr   %nice    %sys %iowait    %irq   %soft  %steal  %guest  %gnice   %idle
09:55:58 PM    0   37.50    0.00   17.71    0.00    0.00    6.25    0.00    0.00    0.00   38.54
09:55:58 PM    1   23.17    0.00   12.20    0.00    0.00    2.44    0.00    0.00    0.00   62.20

09:55:58 PM  CPU    %usr   %nice    %sys %iowait    %irq   %soft  %steal  %guest  %gnice   %idle
09:55:59 PM    0   36.84    0.00   15.79    0.00    0.00    7.37    0.00    0.00    0.00   40.00
09:55:59 PM    1   28.92    0.00    9.64    0.00    0.00    1.20    0.00    0.00    0.00   60.24

09:55:59 PM  CPU    %usr   %nice    %sys %iowait    %irq   %soft  %steal  %guest  %gnice   %idle
09:56:00 PM    0   29.03    0.00   21.51    0.00    0.00    8.60    0.00    0.00    0.00   40.86
09:56:00 PM    1   25.00    0.00    8.75    0.00    0.00    1.25    0.00    0.00    0.00   65.00

09:56:00 PM  CPU    %usr   %nice    %sys %iowait    %irq   %soft  %steal  %guest  %gnice   %idle
09:56:01 PM    0   35.42    0.00   16.67    0.00    0.00    8.33    0.00    0.00    0.00   39.58
09:56:01 PM    1   24.69    0.00   11.11    0.00    0.00    2.47    0.00    0.00    0.00   61.73

09:56:01 PM  CPU    %usr   %nice    %sys %iowait    %irq   %soft  %steal  %guest  %gnice   %idle
09:56:02 PM    0   34.41    0.00   17.20    0.00    0.00    8.60    0.00    0.00    0.00   39.78
09:56:02 PM    1   22.22    0.00   12.35    0.00    0.00    2.47    0.00    0.00    0.00   62.96

09:56:02 PM  CPU    %usr   %nice    %sys %iowait    %irq   %soft  %steal  %guest  %gnice   %idle
09:56:03 PM    0   31.25    0.00   19.79    0.00    0.00    8.33    0.00    0.00    0.00   40.62
09:56:03 PM    1   22.22    0.00   11.11    0.00    0.00    2.47    0.00    0.00    0.00   64.20

09:56:03 PM  CPU    %usr   %nice    %sys %iowait    %irq   %soft  %steal  %guest  %gnice   %idle
09:56:04 PM    0   32.26    0.00   20.43    0.00    0.00    6.45    0.00    0.00    0.00   40.86
09:56:04 PM    1   22.89    0.00   10.84    0.00    0.00    3.61    0.00    0.00    0.00   62.65

09:56:04 PM  CPU    %usr   %nice    %sys %iowait    %irq   %soft  %steal  %guest  %gnice   %idle
09:56:05 PM    0   31.52    0.00   16.30    0.00    0.00    6.52    0.00    0.00    0.00   45.65
09:56:05 PM    1   23.46    0.00    7.41    0.00    0.00    2.47    0.00    0.00    0.00   66.67

09:56:05 PM  CPU    %usr   %nice    %sys %iowait    %irq   %soft  %steal  %guest  %gnice   %idle
09:56:06 PM    0   29.90    0.00   18.56    0.00    0.00   10.31    0.00    0.00    0.00   41.24
09:56:06 PM    1   22.22    0.00    9.88    0.00    0.00    2.47    0.00    0.00    0.00   65.43

09:56:06 PM  CPU    %usr   %nice    %sys %iowait    %irq   %soft  %steal  %guest  %gnice   %idle
09:56:07 PM    0   31.58    0.00   22.11    0.00    0.00    6.32    0.00    0.00    0.00   40.00
09:56:07 PM    1   24.69    0.00    9.88    0.00    0.00    2.47    0.00    0.00    0.00   62.96

09:56:07 PM  CPU    %usr   %nice    %sys %iowait    %irq   %soft  %steal  %guest  %gnice   %idle
09:56:08 PM    0   36.84    0.00   15.79    0.00    0.00    6.32    0.00    0.00    0.00   41.05
09:56:08 PM    1   25.00    0.00    5.00    0.00    0.00    3.75    0.00    0.00    0.00   66.25

09:56:08 PM  CPU    %usr   %nice    %sys %iowait    %irq   %soft  %steal  %guest  %gnice   %idle
09:56:09 PM    0   36.84    0.00   16.84    0.00    0.00    6.32    0.00    0.00    0.00   40.00
09:56:09 PM    1   29.89    0.00    6.90    0.00    0.00    5.75    0.00    0.00    0.00   57.47

09:56:09 PM  CPU    %usr   %nice    %sys %iowait    %irq   %soft  %steal  %guest  %gnice   %idle
09:56:10 PM    0   32.97    0.00   18.68    0.00    0.00    6.59    0.00    0.00    0.00   41.76
09:56:10 PM    1   27.16    0.00    7.41    0.00    0.00    1.23    0.00    0.00    0.00   64.20

09:56:10 PM  CPU    %usr   %nice    %sys %iowait    %irq   %soft  %steal  %guest  %gnice   %idle
09:56:11 PM    0   31.58    0.00   20.00    0.00    0.00    6.32    0.00    0.00    0.00   42.11
09:56:11 PM    1   25.00    0.00   10.71    0.00    0.00    2.38    0.00    0.00    0.00   61.90

09:56:11 PM  CPU    %usr   %nice    %sys %iowait    %irq   %soft  %steal  %guest  %gnice   %idle
09:56:12 PM    0   36.84    0.00   14.74    0.00    0.00    7.37    0.00    0.00    0.00   41.05
09:56:12 PM    1   25.61    0.00    7.32    0.00    0.00    2.44    0.00    0.00    0.00   64.63

09:56:12 PM  CPU    %usr   %nice    %sys %iowait    %irq   %soft  %steal  %guest  %gnice   %idle
09:56:13 PM    0   35.16    0.00   16.48    0.00    0.00    6.59    0.00    0.00    0.00   41.76
09:56:13 PM    1   22.89    0.00   12.05    0.00    0.00    2.41    0.00    0.00    0.00   62.65

09:56:13 PM  CPU    %usr   %nice    %sys %iowait    %irq   %soft  %steal  %guest  %gnice   %idle
09:56:14 PM    0   35.48    0.00   16.13    0.00    0.00    6.45    0.00    0.00    0.00   41.94
09:56:14 PM    1   25.61    0.00   12.20    0.00    0.00    0.00    0.00    0.00    0.00   62.20

09:56:14 PM  CPU    %usr   %nice    %sys %iowait    %irq   %soft  %steal  %guest  %gnice   %idle
09:56:15 PM    0   30.11    0.00   19.35    0.00    0.00    9.68    0.00    0.00    0.00   40.86
09:56:15 PM    1   25.61    0.00    9.76    0.00    0.00    3.66    0.00    0.00    0.00   60.98

09:56:15 PM  CPU    %usr   %nice    %sys %iowait    %irq   %soft  %steal  %guest  %gnice   %idle
09:56:16 PM    0   37.76    0.00   21.43    0.00    0.00    4.08    0.00    0.00    0.00   36.73
09:56:16 PM    1   28.92    0.00    7.23    0.00    0.00    2.41    0.00    0.00    0.00   61.45

09:56:16 PM  CPU    %usr   %nice    %sys %iowait    %irq   %soft  %steal  %guest  %gnice   %idle
09:56:17 PM    0   35.79    0.00   16.84    0.00    0.00    8.42    0.00    0.00    0.00   38.95
09:56:17 PM    1   22.62    0.00   13.10    0.00    0.00    3.57    0.00    0.00    0.00   60.71

09:56:17 PM  CPU    %usr   %nice    %sys %iowait    %irq   %soft  %steal  %guest  %gnice   %idle
09:56:18 PM    0   37.08    0.00   14.61    0.00    0.00    5.62    0.00    0.00    0.00   42.70
09:56:18 PM    1   24.69    0.00    9.88    0.00    0.00    1.23    0.00    0.00    0.00   64.20

09:56:18 PM  CPU    %usr   %nice    %sys %iowait    %irq   %soft  %steal  %guest  %gnice   %idle
09:56:19 PM    0   39.56    0.00   13.19    0.00    0.00    5.49    0.00    0.00    0.00   41.76
09:56:19 PM    1   24.10    0.00    9.64    0.00    0.00    3.61    0.00    0.00    0.00   62.65

09:56:19 PM  CPU    %usr   %nice    %sys %iowait    %irq   %soft  %steal  %guest  %gnice   %idle
09:56:20 PM    0   32.98    0.00   21.28    0.00    0.00    5.32    0.00    0.00    0.00   40.43
09:56:20 PM    1   23.17    0.00   10.98    0.00    0.00    3.66    0.00    0.00    0.00   62.20

09:56:20 PM  CPU    %usr   %nice    %sys %iowait    %irq   %soft  %steal  %guest  %gnice   %idle
09:56:21 PM    0   36.17    0.00   17.02    0.00    0.00    6.38    0.00    0.00    0.00   40.43
09:56:21 PM    1   25.30    0.00   10.84    0.00    0.00    2.41    0.00    0.00    0.00   61.45

09:56:21 PM  CPU    %usr   %nice    %sys %iowait    %irq   %soft  %steal  %guest  %gnice   %idle
09:56:22 PM    0   36.56    0.00   13.98    0.00    0.00    8.60    0.00    0.00    0.00   40.86
09:56:22 PM    1   25.93    0.00    9.88    0.00    0.00    2.47    0.00    0.00    0.00   61.73

09:56:22 PM  CPU    %usr   %nice    %sys %iowait    %irq   %soft  %steal  %guest  %gnice   %idle
09:56:23 PM    0   34.07    0.00   18.68    0.00    0.00    5.49    0.00    0.00    0.00   41.76
09:56:23 PM    1   23.81    0.00   13.10    0.00    0.00    2.38    0.00    0.00    0.00   60.71

09:56:23 PM  CPU    %usr   %nice    %sys %iowait    %irq   %soft  %steal  %guest  %gnice   %idle
09:56:24 PM    0   34.04    0.00   15.96    0.00    0.00    8.51    0.00    0.00    0.00   41.49
09:56:24 PM    1   26.25    0.00    8.75    0.00    0.00    1.25    0.00    0.00    0.00   63.75

09:56:24 PM  CPU    %usr   %nice    %sys %iowait    %irq   %soft  %steal  %guest  %gnice   %idle
09:56:25 PM    0   36.56    0.00   22.58    0.00    0.00    2.15    0.00    0.00    0.00   38.71
09:56:25 PM    1   24.10    0.00   12.05    0.00    0.00    4.82    0.00    0.00    0.00   59.04

09:56:25 PM  CPU    %usr   %nice    %sys %iowait    %irq   %soft  %steal  %guest  %gnice   %idle
09:56:26 PM    0   35.79    0.00   15.79    0.00    0.00    8.42    0.00    0.00    0.00   40.00
09:56:26 PM    1   31.25    0.00    5.00    0.00    0.00    1.25    0.00    0.00    0.00   62.50

09:56:26 PM  CPU    %usr   %nice    %sys %iowait    %irq   %soft  %steal  %guest  %gnice   %idle
09:56:27 PM    0   37.76    0.00   16.33    0.00    0.00    6.12    0.00    0.00    0.00   39.80
09:56:27 PM    1   20.00    0.00   15.29    0.00    0.00    5.88    0.00    0.00    0.00   58.82

09:56:27 PM  CPU    %usr   %nice    %sys %iowait    %irq   %soft  %steal  %guest  %gnice   %idle
09:56:28 PM    0   33.33    0.00   18.28    0.00    0.00    7.53    0.00    0.00    0.00   40.86
09:56:28 PM    1   26.83    0.00    9.76    0.00    0.00    0.00    0.00    0.00    0.00   63.41

09:56:28 PM  CPU    %usr   %nice    %sys %iowait    %irq   %soft  %steal  %guest  %gnice   %idle
09:56:29 PM    0   35.79    0.00   17.89    0.00    0.00    5.26    0.00    0.00    0.00   41.05
09:56:29 PM    1   24.10    0.00    8.43    0.00    0.00    4.82    0.00    0.00    0.00   62.65

09:56:29 PM  CPU    %usr   %nice    %sys %iowait    %irq   %soft  %steal  %guest  %gnice   %idle
09:56:30 PM    0   34.41    0.00   19.35    0.00    0.00    4.30    0.00    0.00    0.00   41.94
09:56:30 PM    1   26.51    0.00   10.84    0.00    0.00    1.20    0.00    0.00    0.00   61.45

09:56:30 PM  CPU    %usr   %nice    %sys %iowait    %irq   %soft  %steal  %guest  %gnice   %idle
09:56:31 PM    0   40.43    0.00   17.02    0.00    0.00    4.26    0.00    0.00    0.00   38.30
09:56:31 PM    1   26.83    0.00   10.98    0.00    0.00    2.44    0.00    0.00    0.00   59.76

09:56:31 PM  CPU    %usr   %nice    %sys %iowait    %irq   %soft  %steal  %guest  %gnice   %idle
09:56:32 PM    0   34.69    0.00   17.35    0.00    0.00    7.14    0.00    0.00    0.00   40.82
09:56:32 PM    1   22.50    0.00   12.50    0.00    0.00    1.25    0.00    0.00    0.00   63.75

09:56:32 PM  CPU    %usr   %nice    %sys %iowait    %irq   %soft  %steal  %guest  %gnice   %idle
09:56:33 PM    0   30.77    0.00   20.88    0.00    0.00    7.69    0.00    0.00    0.00   40.66
09:56:33 PM    1   26.51    0.00   10.84    0.00    0.00    2.41    0.00    0.00    0.00   60.24

09:56:33 PM  CPU    %usr   %nice    %sys %iowait    %irq   %soft  %steal  %guest  %gnice   %idle
09:56:34 PM    0   32.29    0.00   19.79    0.00    0.00    6.25    0.00    0.00    0.00   41.67
09:56:34 PM    1   21.43    0.00   13.10    0.00    0.00    3.57    0.00    0.00    0.00   61.90

09:56:34 PM  CPU    %usr   %nice    %sys %iowait    %irq   %soft  %steal  %guest  %gnice   %idle
09:56:35 PM    0   34.41    0.00   19.35    0.00    0.00    6.45    0.00    0.00    0.00   39.78
09:56:35 PM    1   26.25    0.00    8.75    0.00    0.00    1.25    0.00    0.00    0.00   63.75

09:56:35 PM  CPU    %usr   %nice    %sys %iowait    %irq   %soft  %steal  %guest  %gnice   %idle
09:56:36 PM    0   28.72    0.00   22.34    0.00    0.00    6.38    0.00    0.00    0.00   42.55
09:56:36 PM    1   22.22    0.00    9.88    0.00    0.00    3.70    0.00    0.00    0.00   64.20

09:56:36 PM  CPU    %usr   %nice    %sys %iowait    %irq   %soft  %steal  %guest  %gnice   %idle
09:56:37 PM    0   35.42    0.00   19.79    0.00    0.00    5.21    0.00    0.00    0.00   39.58
09:56:37 PM    1   26.44    0.00   10.34    0.00    0.00    4.60    0.00    0.00    0.00   58.62

09:56:37 PM  CPU    %usr   %nice    %sys %iowait    %irq   %soft  %steal  %guest  %gnice   %idle
09:56:38 PM    0   31.18    0.00   22.58    0.00    0.00    4.30    0.00    0.00    0.00   41.94
09:56:38 PM    1   26.25    0.00    7.50    0.00    0.00    1.25    0.00    0.00    0.00   65.00

09:56:38 PM  CPU    %usr   %nice    %sys %iowait    %irq   %soft  %steal  %guest  %gnice   %idle
09:56:39 PM    0   32.63    0.00   20.00    0.00    0.00    7.37    0.00    0.00    0.00   40.00
09:56:39 PM    1   23.17    0.00   13.41    0.00    0.00    3.66    0.00    0.00    0.00   59.76

09:56:39 PM  CPU    %usr   %nice    %sys %iowait    %irq   %soft  %steal  %guest  %gnice   %idle
09:56:40 PM    0   35.11    0.00   14.89    0.00    0.00    9.57    0.00    0.00    0.00   40.43
09:56:40 PM    1   30.12    0.00    6.02    0.00    0.00    1.20    0.00    0.00    0.00   62.65

09:56:40 PM  CPU    %usr   %nice    %sys %iowait    %irq   %soft  %steal  %guest  %gnice   %idle
09:56:41 PM    0   32.61    0.00   18.48    0.00    0.00    6.52    0.00    0.00    0.00   42.39
09:56:41 PM    1   23.17    0.00    9.76    0.00    0.00    4.88    0.00    0.00    0.00   62.20

09:56:41 PM  CPU    %usr   %nice    %sys %iowait    %irq   %soft  %steal  %guest  %gnice   %idle
09:56:42 PM    0   30.11    0.00   22.58    0.00    0.00    5.38    0.00    0.00    0.00   41.94
09:56:42 PM    1   23.17    0.00   10.98    0.00    0.00    2.44    0.00    0.00    0.00   63.41

09:56:42 PM  CPU    %usr   %nice    %sys %iowait    %irq   %soft  %steal  %guest  %gnice   %idle
09:56:43 PM    0   39.78    0.00   13.98    0.00    0.00    4.30    0.00    0.00    0.00   41.94
09:56:43 PM    1   25.61    0.00    9.76    0.00    0.00    1.22    0.00    0.00    0.00   63.41

09:56:43 PM  CPU    %usr   %nice    %sys %iowait    %irq   %soft  %steal  %guest  %gnice   %idle
09:56:44 PM    0   34.41    0.00   18.28    0.00    0.00    4.30    0.00    0.00    0.00   43.01
09:56:44 PM    1   27.50    0.00    7.50    0.00    0.00    1.25    0.00    0.00    0.00   63.75

09:56:44 PM  CPU    %usr   %nice    %sys %iowait    %irq   %soft  %steal  %guest  %gnice   %idle
09:56:45 PM    0   35.87    0.00   17.39    0.00    0.00    6.52    0.00    0.00    0.00   40.22
09:56:45 PM    1   24.39    0.00    8.54    0.00    0.00    4.88    0.00    0.00    0.00   62.20

09:56:45 PM  CPU    %usr   %nice    %sys %iowait    %irq   %soft  %steal  %guest  %gnice   %idle
09:56:46 PM    0   34.74    0.00   15.79    0.00    0.00    8.42    0.00    0.00    0.00   41.05
09:56:46 PM    1   24.10    0.00   10.84    0.00    0.00    3.61    0.00    0.00    0.00   61.45

09:56:46 PM  CPU    %usr   %nice    %sys %iowait    %irq   %soft  %steal  %guest  %gnice   %idle
09:56:47 PM    0   29.47    0.00   22.11    0.00    0.00    7.37    0.00    0.00    0.00   41.05
09:56:47 PM    1   23.17    0.00    9.76    0.00    0.00    2.44    0.00    0.00    0.00   64.63

09:56:47 PM  CPU    %usr   %nice    %sys %iowait    %irq   %soft  %steal  %guest  %gnice   %idle
09:56:48 PM    0   34.38    0.00   20.83    0.00    0.00    5.21    0.00    0.00    0.00   39.58
09:56:48 PM    1   25.88    0.00   10.59    0.00    0.00    2.35    0.00    0.00    0.00   61.18

09:56:48 PM  CPU    %usr   %nice    %sys %iowait    %irq   %soft  %steal  %guest  %gnice   %idle
09:56:49 PM    0   31.18    0.00   19.35    0.00    0.00    8.60    0.00    0.00    0.00   40.86
09:56:49 PM    1   26.25    0.00    8.75    0.00    0.00    0.00    0.00    0.00    0.00   65.00

09:56:49 PM  CPU    %usr   %nice    %sys %iowait    %irq   %soft  %steal  %guest  %gnice   %idle
09:56:50 PM    0   32.99    0.00   19.59    0.00    0.00    9.28    0.00    0.00    0.00   38.14
09:56:50 PM    1   21.52    0.00   11.39    0.00    0.00    3.80    0.00    0.00    0.00   63.29

09:56:50 PM  CPU    %usr   %nice    %sys %iowait    %irq   %soft  %steal  %guest  %gnice   %idle
09:56:51 PM    0   33.33    0.00   18.28    0.00    0.00    5.38    0.00    0.00    0.00   43.01
09:56:51 PM    1   20.24    0.00   15.48    0.00    0.00    2.38    0.00    0.00    0.00   61.90

09:56:51 PM  CPU    %usr   %nice    %sys %iowait    %irq   %soft  %steal  %guest  %gnice   %idle
09:56:52 PM    0   35.87    0.00   18.48    0.00    0.00    5.43    0.00    0.00    0.00   40.22
09:56:52 PM    1   19.75    0.00   16.05    0.00    0.00    1.23    0.00    0.00    0.00   62.96

09:56:52 PM  CPU    %usr   %nice    %sys %iowait    %irq   %soft  %steal  %guest  %gnice   %idle
09:56:53 PM    0   34.41    0.00   18.28    0.00    0.00    5.38    0.00    0.00    0.00   41.94
09:56:53 PM    1   21.95    0.00   12.20    0.00    0.00    4.88    0.00    0.00    0.00   60.98

09:56:53 PM  CPU    %usr   %nice    %sys %iowait    %irq   %soft  %steal  %guest  %gnice   %idle
09:56:54 PM    0   31.58    0.00   16.84    0.00    0.00    9.47    0.00    0.00    0.00   42.11
09:56:54 PM    1   27.38    0.00    8.33    0.00    0.00    2.38    0.00    0.00    0.00   61.90

09:56:54 PM  CPU    %usr   %nice    %sys %iowait    %irq   %soft  %steal  %guest  %gnice   %idle
09:56:55 PM    0   36.46    0.00   16.67    0.00    0.00    7.29    0.00    0.00    0.00   39.58
09:56:55 PM    1   31.71    0.00    4.88    0.00    0.00    1.22    0.00    0.00    0.00   62.20

09:56:55 PM  CPU    %usr   %nice    %sys %iowait    %irq   %soft  %steal  %guest  %gnice   %idle
09:56:56 PM    0   38.95    0.00   13.68    0.00    0.00    5.26    0.00    0.00    0.00   42.11
09:56:56 PM    1   21.95    0.00   12.20    0.00    0.00    2.44    0.00    0.00    0.00   63.41

09:56:56 PM  CPU    %usr   %nice    %sys %iowait    %irq   %soft  %steal  %guest  %gnice   %idle
09:56:57 PM    0   31.58    0.00   20.00    0.00    0.00    9.47    0.00    0.00    0.00   38.95
09:56:57 PM    1   23.46    0.00   11.11    0.00    0.00    2.47    0.00    0.00    0.00   62.96

09:56:57 PM  CPU    %usr   %nice    %sys %iowait    %irq   %soft  %steal  %guest  %gnice   %idle
09:56:58 PM    0   31.96    0.00   18.56    0.00    0.00   10.31    0.00    0.00    0.00   39.18
09:56:58 PM    1   25.00    0.00    8.75    0.00    0.00    2.50    0.00    0.00    0.00   63.75

09:56:58 PM  CPU    %usr   %nice    %sys %iowait    %irq   %soft  %steal  %guest  %gnice   %idle
09:56:59 PM    0   34.38    0.00   19.79    0.00    0.00    7.29    0.00    0.00    0.00   38.54
09:56:59 PM    1   26.51    0.00   10.84    0.00    0.00    2.41    0.00    0.00    0.00   60.24

09:56:59 PM  CPU    %usr   %nice    %sys %iowait    %irq   %soft  %steal  %guest  %gnice   %idle
09:57:00 PM    0   35.11    0.00   18.09    0.00    0.00    7.45    0.00    0.00    0.00   39.36
09:57:00 PM    1   23.46    0.00   13.58    0.00    0.00    1.23    0.00    0.00    0.00   61.73

09:57:00 PM  CPU    %usr   %nice    %sys %iowait    %irq   %soft  %steal  %guest  %gnice   %idle
09:57:01 PM    0   42.86    0.00   12.09    0.00    0.00    4.40    0.00    0.00    0.00   40.66
09:57:01 PM    1   27.38    0.00    9.52    0.00    0.00    2.38    0.00    0.00    0.00   60.71

09:57:01 PM  CPU    %usr   %nice    %sys %iowait    %irq   %soft  %steal  %guest  %gnice   %idle
09:57:02 PM    0   33.70    0.00   18.48    0.00    0.00    6.52    0.00    0.00    0.00   41.30
09:57:02 PM    1   23.46    0.00    9.88    0.00    0.00    3.70    0.00    0.00    0.00   62.96

09:57:02 PM  CPU    %usr   %nice    %sys %iowait    %irq   %soft  %steal  %guest  %gnice   %idle
09:57:03 PM    0   39.78    0.00   15.05    0.00    0.00    4.30    0.00    0.00    0.00   40.86
09:57:03 PM    1   22.89    0.00   14.46    0.00    0.00    1.20    0.00    0.00    0.00   61.45

09:57:03 PM  CPU    %usr   %nice    %sys %iowait    %irq   %soft  %steal  %guest  %gnice   %idle
09:57:04 PM    0   32.26    0.00   19.35    0.00    0.00    6.45    0.00    0.00    0.00   41.94
09:57:04 PM    1   20.99    0.00   13.58    0.00    0.00    1.23    0.00    0.00    0.00   64.20

09:57:04 PM  CPU    %usr   %nice    %sys %iowait    %irq   %soft  %steal  %guest  %gnice   %idle
09:57:05 PM    0   38.14    0.00   17.53    0.00    0.00    4.12    0.00    0.00    0.00   40.21
09:57:05 PM    1   27.06    0.00    8.24    0.00    0.00    4.71    0.00    0.00    0.00   60.00

09:57:05 PM  CPU    %usr   %nice    %sys %iowait    %irq   %soft  %steal  %guest  %gnice   %idle
09:57:06 PM    0   36.08    0.00   19.59    0.00    0.00    5.15    0.00    0.00    0.00   39.18
09:57:06 PM    1   25.30    0.00    9.64    0.00    0.00    3.61    0.00    0.00    0.00   61.45

09:57:06 PM  CPU    %usr   %nice    %sys %iowait    %irq   %soft  %steal  %guest  %gnice   %idle
09:57:07 PM    0   35.16    0.00   16.48    0.00    0.00    5.49    0.00    0.00    0.00   42.86
09:57:07 PM    1   23.46    0.00    9.88    0.00    0.00    1.23    0.00    0.00    0.00   65.43

09:57:07 PM  CPU    %usr   %nice    %sys %iowait    %irq   %soft  %steal  %guest  %gnice   %idle
09:57:08 PM    0   39.13    0.00   15.22    0.00    0.00    3.26    0.00    0.00    0.00   42.39
09:57:08 PM    1   25.88    0.00    9.41    0.00    0.00    4.71    0.00    0.00    0.00   60.00

09:57:08 PM  CPU    %usr   %nice    %sys %iowait    %irq   %soft  %steal  %guest  %gnice   %idle
09:57:09 PM    0   31.91    0.00   20.21    0.00    0.00    5.32    0.00    0.00    0.00   42.55
09:57:09 PM    1   22.50    0.00   11.25    0.00    0.00    1.25    0.00    0.00    0.00   65.00

09:57:09 PM  CPU    %usr   %nice    %sys %iowait    %irq   %soft  %steal  %guest  %gnice   %idle
09:57:10 PM    0   37.11    0.00   14.43    0.00    0.00    7.22    0.00    0.00    0.00   41.24
09:57:10 PM    1   21.95    0.00    9.76    0.00    0.00    3.66    0.00    0.00    0.00   64.63

09:57:10 PM  CPU    %usr   %nice    %sys %iowait    %irq   %soft  %steal  %guest  %gnice   %idle
09:57:11 PM    0   36.46    0.00   13.54    0.00    0.00   11.46    0.00    0.00    0.00   38.54
09:57:11 PM    1   26.19    0.00   11.90    0.00    0.00    2.38    0.00    0.00    0.00   59.52

09:57:11 PM  CPU    %usr   %nice    %sys %iowait    %irq   %soft  %steal  %guest  %gnice   %idle
09:57:12 PM    0   32.63    0.00   17.89    0.00    0.00    9.47    0.00    0.00    0.00   40.00
09:57:12 PM    1   23.81    0.00   11.90    0.00    0.00    3.57    0.00    0.00    0.00   60.71

09:57:12 PM  CPU    %usr   %nice    %sys %iowait    %irq   %soft  %steal  %guest  %gnice   %idle
09:57:13 PM    0   34.38    0.00   17.71    0.00    0.00    8.33    0.00    0.00    0.00   39.58
09:57:13 PM    1   22.22    0.00   11.11    0.00    0.00    3.70    0.00    0.00    0.00   62.96

09:57:13 PM  CPU    %usr   %nice    %sys %iowait    %irq   %soft  %steal  %guest  %gnice   %idle
09:57:14 PM    0   32.98    0.00   20.21    0.00    0.00    5.32    0.00    0.00    0.00   41.49
09:57:14 PM    1   24.05    0.00    8.86    0.00    0.00    1.27    0.00    0.00    0.00   65.82

09:57:14 PM  CPU    %usr   %nice    %sys %iowait    %irq   %soft  %steal  %guest  %gnice   %idle
09:57:15 PM    0   33.68    0.00   16.84    0.00    0.00    8.42    0.00    0.00    0.00   41.05
09:57:15 PM    1   25.00    0.00    9.52    1.19    0.00    3.57    0.00    0.00    0.00   60.71

09:57:15 PM  CPU    %usr   %nice    %sys %iowait    %irq   %soft  %steal  %guest  %gnice   %idle
09:57:16 PM    0   33.68    0.00   18.95    0.00    0.00    6.32    0.00    0.00    0.00   41.05
09:57:16 PM    1   26.51    0.00    9.64    0.00    0.00    2.41    0.00    0.00    0.00   61.45

09:57:16 PM  CPU    %usr   %nice    %sys %iowait    %irq   %soft  %steal  %guest  %gnice   %idle
09:57:17 PM    0   34.41    0.00   18.28    0.00    0.00    5.38    0.00    0.00    0.00   41.94
09:57:17 PM    1   25.93    0.00    7.41    0.00    0.00    3.70    0.00    0.00    0.00   62.96

09:57:17 PM  CPU    %usr   %nice    %sys %iowait    %irq   %soft  %steal  %guest  %gnice   %idle
09:57:18 PM    0   34.78    0.00   18.48    0.00    0.00    5.43    0.00    0.00    0.00   41.30
09:57:18 PM    1   22.35    0.00   11.76    0.00    0.00    3.53    0.00    0.00    0.00   62.35

09:57:18 PM  CPU    %usr   %nice    %sys %iowait    %irq   %soft  %steal  %guest  %gnice   %idle
09:57:19 PM    0   30.43    0.00   23.91    0.00    0.00    4.35    0.00    0.00    0.00   41.30
09:57:19 PM    1   27.50    0.00    7.50    0.00    0.00    2.50    0.00    0.00    0.00   62.50

09:57:19 PM  CPU    %usr   %nice    %sys %iowait    %irq   %soft  %steal  %guest  %gnice   %idle
09:57:20 PM    0   39.36    0.00   17.02    0.00    0.00    4.26    0.00    0.00    0.00   39.36
09:57:20 PM    1   25.00    0.00    8.75    0.00    0.00    3.75    0.00    0.00    0.00   62.50

09:57:20 PM  CPU    %usr   %nice    %sys %iowait    %irq   %soft  %steal  %guest  %gnice   %idle
09:57:21 PM    0   37.63    0.00   17.20    0.00    0.00    4.30    0.00    0.00    0.00   40.86
09:57:21 PM    1   22.62    0.00   13.10    0.00    0.00    3.57    0.00    0.00    0.00   60.71

09:57:21 PM  CPU    %usr   %nice    %sys %iowait    %irq   %soft  %steal  %guest  %gnice   %idle
09:57:22 PM    0   32.63    0.00   20.00    0.00    0.00    6.32    0.00    0.00    0.00   41.05
09:57:22 PM    1   28.05    0.00    9.76    0.00    0.00    0.00    0.00    0.00    0.00   62.20

09:57:22 PM  CPU    %usr   %nice    %sys %iowait    %irq   %soft  %steal  %guest  %gnice   %idle
09:57:23 PM    0   37.11    0.00   19.59    0.00    0.00    4.12    0.00    0.00    0.00   39.18
09:57:23 PM    1   23.46    0.00    9.88    0.00    0.00    4.94    0.00    0.00    0.00   61.73

09:57:23 PM  CPU    %usr   %nice    %sys %iowait    %irq   %soft  %steal  %guest  %gnice   %idle
09:57:24 PM    0   34.04    0.00   19.15    0.00    0.00    5.32    0.00    0.00    0.00   41.49
09:57:24 PM    1   21.25    0.00   11.25    0.00    0.00    2.50    0.00    0.00    0.00   65.00

09:57:24 PM  CPU    %usr   %nice    %sys %iowait    %irq   %soft  %steal  %guest  %gnice   %idle
09:57:25 PM    0   36.84    0.00   15.79    0.00    0.00    6.32    0.00    0.00    0.00   41.05
09:57:25 PM    1   25.00    0.00   11.25    0.00    0.00    0.00    0.00    0.00    0.00   63.75

09:57:25 PM  CPU    %usr   %nice    %sys %iowait    %irq   %soft  %steal  %guest  %gnice   %idle
09:57:26 PM    0   35.48    0.00   17.20    0.00    0.00    5.38    0.00    0.00    0.00   41.94
09:57:26 PM    1   24.39    0.00   10.98    0.00    0.00    3.66    0.00    0.00    0.00   60.98

09:57:26 PM  CPU    %usr   %nice    %sys %iowait    %irq   %soft  %steal  %guest  %gnice   %idle
09:57:27 PM    0   31.52    0.00   18.48    0.00    0.00    6.52    0.00    0.00    0.00   43.48
09:57:27 PM    1   25.61    0.00    8.54    0.00    0.00    2.44    0.00    0.00    0.00   63.41

09:57:27 PM  CPU    %usr   %nice    %sys %iowait    %irq   %soft  %steal  %guest  %gnice   %idle
09:57:28 PM    0   38.14    0.00   21.65    0.00    0.00    4.12    0.00    0.00    0.00   36.08
09:57:28 PM    1   26.51    0.00   10.84    0.00    0.00    3.61    0.00    0.00    0.00   59.04

09:57:28 PM  CPU    %usr   %nice    %sys %iowait    %irq   %soft  %steal  %guest  %gnice   %idle
09:57:29 PM    0   36.56    0.00   17.20    0.00    0.00    4.30    0.00    0.00    0.00   41.94
09:57:29 PM    1   25.61    0.00    9.76    0.00    0.00    2.44    0.00    0.00    0.00   62.20

09:57:29 PM  CPU    %usr   %nice    %sys %iowait    %irq   %soft  %steal  %guest  %gnice   %idle
09:57:30 PM    0   37.23    0.00   15.96    0.00    0.00    6.38    0.00    0.00    0.00   40.43
09:57:30 PM    1   27.38    0.00    9.52    0.00    0.00    2.38    0.00    0.00    0.00   60.71

09:57:30 PM  CPU    %usr   %nice    %sys %iowait    %irq   %soft  %steal  %guest  %gnice   %idle
09:57:31 PM    0   36.26    0.00   14.29    0.00    0.00    8.79    0.00    0.00    0.00   40.66
09:57:31 PM    1   25.30    0.00   10.84    0.00    0.00    2.41    0.00    0.00    0.00   61.45

09:57:31 PM  CPU    %usr   %nice    %sys %iowait    %irq   %soft  %steal  %guest  %gnice   %idle
09:57:32 PM    0   37.63    0.00   16.13    0.00    0.00    6.45    0.00    0.00    0.00   39.78
09:57:32 PM    1   28.92    0.00    7.23    0.00    0.00    2.41    0.00    0.00    0.00   61.45

09:57:32 PM  CPU    %usr   %nice    %sys %iowait    %irq   %soft  %steal  %guest  %gnice   %idle
09:57:33 PM    0   33.33    0.00   17.78    0.00    0.00    6.67    0.00    0.00    0.00   42.22
09:57:33 PM    1   26.83    0.00    9.76    0.00    0.00    2.44    0.00    0.00    0.00   60.98

Average:     CPU    %usr   %nice    %sys %iowait    %irq   %soft  %steal  %guest  %gnice   %idle
Average:       0   34.66    0.00   17.99    0.00    0.00    6.51    0.00    0.00    0.00   40.84
Average:       1   24.90    0.00   10.11    0.01    0.00    2.69    0.00    0.00    0.00   62.30
