Linux 5.3.0-59-generic (ericmei) 	06/29/2020 	_x86_64_	(12 CPU)

09:42:28 PM  CPU    %usr   %nice    %sys %iowait    %irq   %soft  %steal  %guest  %gnice   %idle
09:42:29 PM    0   36.17    0.00   17.02    0.00    0.00    7.45    0.00    0.00    0.00   39.36
09:42:29 PM    1   24.69    0.00    8.64    0.00    0.00    2.47    0.00    0.00    0.00   64.20

09:42:29 PM  CPU    %usr   %nice    %sys %iowait    %irq   %soft  %steal  %guest  %gnice   %idle
09:42:30 PM    0   32.98    0.00   17.02    0.00    0.00    7.45    0.00    0.00    0.00   42.55
09:42:30 PM    1   21.25    0.00   10.00    0.00    0.00    1.25    0.00    0.00    0.00   67.50

09:42:30 PM  CPU    %usr   %nice    %sys %iowait    %irq   %soft  %steal  %guest  %gnice   %idle
09:42:31 PM    0   30.93    0.00   18.56    0.00    0.00   10.31    0.00    0.00    0.00   40.21
09:42:31 PM    1   22.50    0.00   11.25    0.00    0.00    1.25    0.00    0.00    0.00   65.00

09:42:31 PM  CPU    %usr   %nice    %sys %iowait    %irq   %soft  %steal  %guest  %gnice   %idle
09:42:32 PM    0   36.17    0.00   17.02    0.00    0.00    8.51    0.00    0.00    0.00   38.30
09:42:32 PM    1   26.74    0.00   12.79    0.00    0.00    2.33    0.00    0.00    0.00   58.14

09:42:32 PM  CPU    %usr   %nice    %sys %iowait    %irq   %soft  %steal  %guest  %gnice   %idle
09:42:33 PM    0   31.52    0.00   18.48    0.00    0.00    7.61    0.00    0.00    0.00   42.39
09:42:33 PM    1   25.61    0.00    8.54    0.00    0.00    3.66    0.00    0.00    0.00   62.20

09:42:33 PM  CPU    %usr   %nice    %sys %iowait    %irq   %soft  %steal  %guest  %gnice   %idle
09:42:34 PM    0   35.42    0.00   16.67    0.00    0.00    7.29    0.00    0.00    0.00   40.62
09:42:34 PM    1   24.10    0.00    9.64    0.00    0.00    3.61    0.00    0.00    0.00   62.65

09:42:34 PM  CPU    %usr   %nice    %sys %iowait    %irq   %soft  %steal  %guest  %gnice   %idle
09:42:35 PM    0   36.56    0.00   16.13    0.00    0.00    6.45    0.00    0.00    0.00   40.86
09:42:35 PM    1   23.46    0.00   12.35    0.00    0.00    1.23    0.00    0.00    0.00   62.96

09:42:35 PM  CPU    %usr   %nice    %sys %iowait    %irq   %soft  %steal  %guest  %gnice   %idle
09:42:36 PM    0   38.30    0.00   17.02    0.00    0.00    6.38    0.00    0.00    0.00   38.30
09:42:36 PM    1   25.61    0.00    9.76    0.00    0.00    2.44    0.00    0.00    0.00   62.20

09:42:36 PM  CPU    %usr   %nice    %sys %iowait    %irq   %soft  %steal  %guest  %gnice   %idle
09:42:37 PM    0   32.26    0.00   18.28    0.00    0.00    6.45    0.00    0.00    0.00   43.01
09:42:37 PM    1   19.28    0.00   10.84    0.00    0.00    4.82    0.00    0.00    0.00   65.06

09:42:37 PM  CPU    %usr   %nice    %sys %iowait    %irq   %soft  %steal  %guest  %gnice   %idle
09:42:38 PM    0   36.17    0.00   17.02    0.00    0.00    7.45    0.00    0.00    0.00   39.36
09:42:38 PM    1   28.05    0.00    8.54    0.00    0.00    2.44    0.00    0.00    0.00   60.98

09:42:38 PM  CPU    %usr   %nice    %sys %iowait    %irq   %soft  %steal  %guest  %gnice   %idle
09:42:39 PM    0   30.77    0.00   18.68    0.00    0.00    6.59    0.00    0.00    0.00   43.96
09:42:39 PM    1   20.73    0.00   13.41    0.00    0.00    1.22    0.00    0.00    0.00   64.63

09:42:39 PM  CPU    %usr   %nice    %sys %iowait    %irq   %soft  %steal  %guest  %gnice   %idle
09:42:40 PM    0   37.50    0.00   18.75    0.00    0.00    5.21    0.00    0.00    0.00   38.54
09:42:40 PM    1   25.93    0.00    9.88    0.00    0.00    2.47    0.00    0.00    0.00   61.73

09:42:40 PM  CPU    %usr   %nice    %sys %iowait    %irq   %soft  %steal  %guest  %gnice   %idle
09:42:41 PM    0   34.74    0.00   20.00    0.00    0.00    5.26    0.00    0.00    0.00   40.00
09:42:41 PM    1   28.57    0.00    8.33    0.00    0.00    2.38    0.00    0.00    0.00   60.71

09:42:41 PM  CPU    %usr   %nice    %sys %iowait    %irq   %soft  %steal  %guest  %gnice   %idle
09:42:42 PM    0   31.91    0.00   20.21    0.00    0.00    8.51    0.00    0.00    0.00   39.36
09:42:42 PM    1   26.83    0.00    8.54    0.00    0.00    2.44    0.00    0.00    0.00   62.20

09:42:42 PM  CPU    %usr   %nice    %sys %iowait    %irq   %soft  %steal  %guest  %gnice   %idle
09:42:43 PM    0   28.12    0.00   18.75    0.00    0.00   12.50    0.00    0.00    0.00   40.62
09:42:43 PM    1   21.95    0.00   12.20    0.00    0.00    3.66    0.00    0.00    0.00   62.20

09:42:43 PM  CPU    %usr   %nice    %sys %iowait    %irq   %soft  %steal  %guest  %gnice   %idle
09:42:44 PM    0   35.11    0.00   17.02    0.00    0.00    7.45    0.00    0.00    0.00   40.43
09:42:44 PM    1   26.51    0.00    9.64    0.00    0.00    2.41    0.00    0.00    0.00   61.45

09:42:44 PM  CPU    %usr   %nice    %sys %iowait    %irq   %soft  %steal  %guest  %gnice   %idle
09:42:45 PM    0   30.85    0.00   22.34    0.00    0.00    6.38    0.00    0.00    0.00   40.43
09:42:45 PM    1   26.83    0.00    7.32    0.00    0.00    3.66    0.00    0.00    0.00   62.20

09:42:45 PM  CPU    %usr   %nice    %sys %iowait    %irq   %soft  %steal  %guest  %gnice   %idle
09:42:46 PM    0   29.35    0.00   18.48    0.00    0.00    9.78    0.00    0.00    0.00   42.39
09:42:46 PM    1   26.51    0.00    9.64    0.00    0.00    2.41    0.00    0.00    0.00   61.45

09:42:46 PM  CPU    %usr   %nice    %sys %iowait    %irq   %soft  %steal  %guest  %gnice   %idle
09:42:47 PM    0   37.23    0.00   12.77    0.00    0.00    7.45    0.00    0.00    0.00   42.55
09:42:47 PM    1   27.16    0.00    6.17    0.00    0.00    2.47    0.00    0.00    0.00   64.20

09:42:47 PM  CPU    %usr   %nice    %sys %iowait    %irq   %soft  %steal  %guest  %gnice   %idle
09:42:48 PM    0   37.50    0.00   16.67    0.00    0.00    7.29    0.00    0.00    0.00   38.54
09:42:48 PM    1   24.72    0.00   11.24    0.00    0.00    5.62    0.00    0.00    0.00   58.43

09:42:48 PM  CPU    %usr   %nice    %sys %iowait    %irq   %soft  %steal  %guest  %gnice   %idle
09:42:49 PM    0   40.43    0.00   14.89    0.00    0.00    4.26    0.00    0.00    0.00   40.43
09:42:49 PM    1   24.10    0.00   10.84    0.00    0.00    3.61    0.00    0.00    0.00   61.45

09:42:49 PM  CPU    %usr   %nice    %sys %iowait    %irq   %soft  %steal  %guest  %gnice   %idle
09:42:50 PM    0   30.85    0.00   21.28    0.00    0.00    8.51    0.00    0.00    0.00   39.36
09:42:50 PM    1   29.27    0.00    6.10    0.00    0.00    2.44    0.00    0.00    0.00   62.20

09:42:50 PM  CPU    %usr   %nice    %sys %iowait    %irq   %soft  %steal  %guest  %gnice   %idle
09:42:51 PM    0   31.96    0.00   20.62    0.00    0.00    8.25    0.00    0.00    0.00   39.18
09:42:51 PM    1   24.39    0.00   10.98    0.00    0.00    2.44    0.00    0.00    0.00   62.20

09:42:51 PM  CPU    %usr   %nice    %sys %iowait    %irq   %soft  %steal  %guest  %gnice   %idle
09:42:52 PM    0   34.74    0.00   20.00    0.00    0.00    5.26    0.00    0.00    0.00   40.00
09:42:52 PM    1   25.88    0.00    9.41    0.00    0.00    4.71    0.00    0.00    0.00   60.00

09:42:52 PM  CPU    %usr   %nice    %sys %iowait    %irq   %soft  %steal  %guest  %gnice   %idle
09:42:53 PM    0   35.87    0.00   16.30    0.00    0.00    6.52    0.00    0.00    0.00   41.30
09:42:53 PM    1   22.89    0.00   13.25    0.00    0.00    1.20    0.00    0.00    0.00   62.65

09:42:53 PM  CPU    %usr   %nice    %sys %iowait    %irq   %soft  %steal  %guest  %gnice   %idle
09:42:54 PM    0   30.77    0.00   19.78    0.00    0.00    6.59    0.00    0.00    0.00   42.86
09:42:54 PM    1   24.10    0.00    9.64    0.00    0.00    3.61    0.00    0.00    0.00   62.65

09:42:54 PM  CPU    %usr   %nice    %sys %iowait    %irq   %soft  %steal  %guest  %gnice   %idle
09:42:55 PM    0   34.41    0.00   19.35    0.00    0.00    5.38    0.00    0.00    0.00   40.86
09:42:55 PM    1   24.69    0.00    9.88    0.00    0.00    2.47    0.00    0.00    0.00   62.96

09:42:55 PM  CPU    %usr   %nice    %sys %iowait    %irq   %soft  %steal  %guest  %gnice   %idle
09:42:56 PM    0   34.38    0.00   17.71    0.00    0.00    8.33    0.00    0.00    0.00   39.58
09:42:56 PM    1   27.71    0.00    9.64    0.00    0.00    1.20    0.00    0.00    0.00   61.45

09:42:56 PM  CPU    %usr   %nice    %sys %iowait    %irq   %soft  %steal  %guest  %gnice   %idle
09:42:57 PM    0   31.91    0.00   22.34    0.00    0.00    5.32    0.00    0.00    0.00   40.43
09:42:57 PM    1   23.75    0.00   10.00    0.00    0.00    1.25    0.00    0.00    0.00   65.00

09:42:57 PM  CPU    %usr   %nice    %sys %iowait    %irq   %soft  %steal  %guest  %gnice   %idle
09:42:58 PM    0   35.11    0.00   18.09    0.00    0.00    4.26    0.00    0.00    0.00   42.55
09:42:58 PM    1   19.51    0.00   12.20    0.00    0.00    3.66    0.00    0.00    0.00   64.63

09:42:58 PM  CPU    %usr   %nice    %sys %iowait    %irq   %soft  %steal  %guest  %gnice   %idle
09:42:59 PM    0   38.54    0.00   15.62    0.00    0.00    7.29    0.00    0.00    0.00   38.54
09:42:59 PM    1   23.81    0.00   10.71    0.00    0.00    4.76    0.00    0.00    0.00   60.71

09:42:59 PM  CPU    %usr   %nice    %sys %iowait    %irq   %soft  %steal  %guest  %gnice   %idle
09:43:00 PM    0   38.46    0.00   15.38    0.00    0.00    5.49    0.00    0.00    0.00   40.66
09:43:00 PM    1   27.38    0.00   10.71    0.00    0.00    2.38    0.00    0.00    0.00   59.52

09:43:00 PM  CPU    %usr   %nice    %sys %iowait    %irq   %soft  %steal  %guest  %gnice   %idle
09:43:01 PM    0   33.68    0.00   20.00    0.00    0.00    6.32    0.00    0.00    0.00   40.00
09:43:01 PM    1   26.19    0.00    7.14    0.00    0.00    4.76    0.00    0.00    0.00   61.90

09:43:01 PM  CPU    %usr   %nice    %sys %iowait    %irq   %soft  %steal  %guest  %gnice   %idle
09:43:02 PM    0   37.36    0.00   14.29    0.00    0.00    7.69    0.00    0.00    0.00   40.66
09:43:02 PM    1   25.30    0.00    9.64    0.00    0.00    3.61    0.00    0.00    0.00   61.45

09:43:02 PM  CPU    %usr   %nice    %sys %iowait    %irq   %soft  %steal  %guest  %gnice   %idle
09:43:03 PM    0   31.18    0.00   20.43    0.00    0.00    7.53    0.00    0.00    0.00   40.86
09:43:03 PM    1   27.06    0.00    8.24    0.00    0.00    4.71    0.00    0.00    0.00   60.00

09:43:03 PM  CPU    %usr   %nice    %sys %iowait    %irq   %soft  %steal  %guest  %gnice   %idle
09:43:04 PM    0   34.78    0.00   16.30    0.00    0.00    7.61    0.00    0.00    0.00   41.30
09:43:04 PM    1   21.95    0.00   14.63    0.00    0.00    1.22    0.00    0.00    0.00   62.20

09:43:04 PM  CPU    %usr   %nice    %sys %iowait    %irq   %soft  %steal  %guest  %gnice   %idle
09:43:05 PM    0   36.17    0.00   19.15    0.00    0.00    4.26    0.00    0.00    0.00   40.43
09:43:05 PM    1   30.95    0.00    5.95    0.00    0.00    2.38    0.00    0.00    0.00   60.71

09:43:05 PM  CPU    %usr   %nice    %sys %iowait    %irq   %soft  %steal  %guest  %gnice   %idle
09:43:06 PM    0   36.73    0.00   18.37    0.00    0.00    6.12    0.00    0.00    0.00   38.78
09:43:06 PM    1   26.25    0.00    8.75    0.00    0.00    1.25    0.00    0.00    0.00   63.75

09:43:06 PM  CPU    %usr   %nice    %sys %iowait    %irq   %soft  %steal  %guest  %gnice   %idle
09:43:07 PM    0   34.78    0.00   19.57    0.00    0.00    4.35    0.00    0.00    0.00   41.30
09:43:07 PM    1   26.19    0.00   10.71    0.00    0.00    1.19    0.00    0.00    0.00   61.90

09:43:07 PM  CPU    %usr   %nice    %sys %iowait    %irq   %soft  %steal  %guest  %gnice   %idle
09:43:08 PM    0   35.42    0.00   18.75    0.00    0.00    7.29    0.00    0.00    0.00   38.54
09:43:08 PM    1   27.16    0.00    8.64    0.00    0.00    2.47    0.00    0.00    0.00   61.73

09:43:08 PM  CPU    %usr   %nice    %sys %iowait    %irq   %soft  %steal  %guest  %gnice   %idle
09:43:09 PM    0   38.04    0.00   17.39    0.00    0.00    3.26    0.00    0.00    0.00   41.30
09:43:09 PM    1   26.51    0.00    8.43    0.00    0.00    4.82    0.00    0.00    0.00   60.24

09:43:09 PM  CPU    %usr   %nice    %sys %iowait    %irq   %soft  %steal  %guest  %gnice   %idle
09:43:10 PM    0   32.63    0.00   18.95    2.11    0.00    8.42    0.00    0.00    0.00   37.89
09:43:10 PM    1   24.10    0.00    9.64    0.00    0.00    3.61    0.00    0.00    0.00   62.65

09:43:10 PM  CPU    %usr   %nice    %sys %iowait    %irq   %soft  %steal  %guest  %gnice   %idle
09:43:11 PM    0   30.53    0.00   22.11    1.05    0.00    7.37    0.00    0.00    0.00   38.95
09:43:11 PM    1   22.89    0.00   10.84    0.00    0.00    2.41    0.00    0.00    0.00   63.86

09:43:11 PM  CPU    %usr   %nice    %sys %iowait    %irq   %soft  %steal  %guest  %gnice   %idle
09:43:12 PM    0   35.11    0.00   19.15    0.00    0.00    6.38    0.00    0.00    0.00   39.36
09:43:12 PM    1   24.69    0.00    9.88    0.00    0.00    3.70    0.00    0.00    0.00   61.73

09:43:12 PM  CPU    %usr   %nice    %sys %iowait    %irq   %soft  %steal  %guest  %gnice   %idle
09:43:13 PM    0   33.68    0.00   18.95    0.00    0.00    7.37    0.00    0.00    0.00   40.00
09:43:13 PM    1   24.39    0.00   13.41    0.00    0.00    1.22    0.00    0.00    0.00   60.98

09:43:13 PM  CPU    %usr   %nice    %sys %iowait    %irq   %soft  %steal  %guest  %gnice   %idle
09:43:14 PM    0   31.52    0.00   19.57    0.00    0.00    6.52    0.00    0.00    0.00   42.39
09:43:14 PM    1   22.22    0.00    7.41    0.00    0.00    4.94    0.00    0.00    0.00   65.43

09:43:14 PM  CPU    %usr   %nice    %sys %iowait    %irq   %soft  %steal  %guest  %gnice   %idle
09:43:15 PM    0   32.63    0.00   23.16    0.00    0.00    5.26    0.00    0.00    0.00   38.95
09:43:15 PM    1   27.85    0.00    6.33    0.00    0.00    1.27    0.00    0.00    0.00   64.56

09:43:15 PM  CPU    %usr   %nice    %sys %iowait    %irq   %soft  %steal  %guest  %gnice   %idle
09:43:16 PM    0   40.00    0.00   15.79    0.00    0.00    6.32    0.00    0.00    0.00   37.89
09:43:16 PM    1   24.42    0.00   10.47    0.00    0.00    4.65    0.00    0.00    0.00   60.47

09:43:16 PM  CPU    %usr   %nice    %sys %iowait    %irq   %soft  %steal  %guest  %gnice   %idle
09:43:17 PM    0   30.53    0.00   23.16    0.00    0.00    5.26    0.00    0.00    0.00   41.05
09:43:17 PM    1   23.75    0.00   11.25    0.00    0.00    1.25    0.00    0.00    0.00   63.75

09:43:17 PM  CPU    %usr   %nice    %sys %iowait    %irq   %soft  %steal  %guest  %gnice   %idle
09:43:18 PM    0   34.04    0.00   19.15    0.00    0.00    6.38    0.00    0.00    0.00   40.43
09:43:18 PM    1   27.71    0.00    6.02    0.00    0.00    2.41    0.00    0.00    0.00   63.86

09:43:18 PM  CPU    %usr   %nice    %sys %iowait    %irq   %soft  %steal  %guest  %gnice   %idle
09:43:19 PM    0   32.98    0.00   18.09    0.00    0.00    7.45    0.00    0.00    0.00   41.49
09:43:19 PM    1   27.38    0.00    8.33    0.00    0.00    2.38    0.00    0.00    0.00   61.90

09:43:19 PM  CPU    %usr   %nice    %sys %iowait    %irq   %soft  %steal  %guest  %gnice   %idle
09:43:20 PM    0   34.41    0.00   17.20    0.00    0.00    7.53    0.00    0.00    0.00   40.86
09:43:20 PM    1   23.17    0.00   13.41    0.00    0.00    1.22    0.00    0.00    0.00   62.20

09:43:20 PM  CPU    %usr   %nice    %sys %iowait    %irq   %soft  %steal  %guest  %gnice   %idle
09:43:21 PM    0   35.11    0.00   18.09    0.00    0.00    5.32    0.00    0.00    0.00   41.49
09:43:21 PM    1   21.95    0.00   10.98    0.00    0.00    4.88    0.00    0.00    0.00   62.20

09:43:21 PM  CPU    %usr   %nice    %sys %iowait    %irq   %soft  %steal  %guest  %gnice   %idle
09:43:22 PM    0   29.79    0.00   21.28    0.00    0.00    9.57    0.00    0.00    0.00   39.36
09:43:22 PM    1   24.69    0.00    9.88    0.00    0.00    2.47    0.00    0.00    0.00   62.96

09:43:22 PM  CPU    %usr   %nice    %sys %iowait    %irq   %soft  %steal  %guest  %gnice   %idle
09:43:23 PM    0   31.96    0.00   16.49    0.00    0.00   10.31    0.00    0.00    0.00   41.24
09:43:23 PM    1   23.46    0.00    8.64    0.00    0.00    3.70    0.00    0.00    0.00   64.20

09:43:23 PM  CPU    %usr   %nice    %sys %iowait    %irq   %soft  %steal  %guest  %gnice   %idle
09:43:24 PM    0   34.04    0.00   19.15    0.00    0.00    8.51    0.00    0.00    0.00   38.30
09:43:24 PM    1   24.10    0.00   10.84    0.00    0.00    2.41    0.00    0.00    0.00   62.65

09:43:24 PM  CPU    %usr   %nice    %sys %iowait    %irq   %soft  %steal  %guest  %gnice   %idle
09:43:25 PM    0   37.50    0.00   18.75    0.00    0.00    6.25    0.00    0.00    0.00   37.50
09:43:25 PM    1   22.09    0.00   13.95    0.00    0.00    5.81    0.00    0.00    0.00   58.14

09:43:25 PM  CPU    %usr   %nice    %sys %iowait    %irq   %soft  %steal  %guest  %gnice   %idle
09:43:26 PM    0   32.00    0.00   20.00    0.00    0.00    9.00    0.00    0.00    0.00   39.00
09:43:26 PM    1   24.39    0.00    8.54    0.00    0.00    2.44    0.00    0.00    0.00   64.63

09:43:26 PM  CPU    %usr   %nice    %sys %iowait    %irq   %soft  %steal  %guest  %gnice   %idle
09:43:27 PM    0   33.33    0.00   19.79    0.00    0.00    6.25    0.00    0.00    0.00   40.62
09:43:27 PM    1   24.10    0.00    9.64    0.00    0.00    2.41    0.00    0.00    0.00   63.86

09:43:27 PM  CPU    %usr   %nice    %sys %iowait    %irq   %soft  %steal  %guest  %gnice   %idle
09:43:28 PM    0   36.56    0.00   11.83    0.00    0.00    8.60    0.00    0.00    0.00   43.01
09:43:28 PM    1   25.61    0.00    7.32    0.00    0.00    2.44    0.00    0.00    0.00   64.63

09:43:28 PM  CPU    %usr   %nice    %sys %iowait    %irq   %soft  %steal  %guest  %gnice   %idle
09:43:29 PM    0   33.70    0.00   19.57    0.00    0.00    5.43    0.00    0.00    0.00   41.30
09:43:29 PM    1   24.39    0.00    9.76    0.00    0.00    2.44    0.00    0.00    0.00   63.41

09:43:29 PM  CPU    %usr   %nice    %sys %iowait    %irq   %soft  %steal  %guest  %gnice   %idle
09:43:30 PM    0   31.58    0.00   21.05    0.00    0.00    6.32    0.00    0.00    0.00   41.05
09:43:30 PM    1   21.95    0.00   12.20    0.00    0.00    2.44    0.00    0.00    0.00   63.41

09:43:30 PM  CPU    %usr   %nice    %sys %iowait    %irq   %soft  %steal  %guest  %gnice   %idle
09:43:31 PM    0   34.41    0.00   16.13    0.00    0.00    8.60    0.00    0.00    0.00   40.86
09:43:31 PM    1   27.16    0.00    7.41    0.00    0.00    1.23    0.00    0.00    0.00   64.20

09:43:31 PM  CPU    %usr   %nice    %sys %iowait    %irq   %soft  %steal  %guest  %gnice   %idle
09:43:32 PM    0   36.17    0.00   18.09    0.00    0.00    4.26    0.00    0.00    0.00   41.49
09:43:32 PM    1   21.95    0.00   10.98    0.00    0.00    2.44    0.00    0.00    0.00   64.63

09:43:32 PM  CPU    %usr   %nice    %sys %iowait    %irq   %soft  %steal  %guest  %gnice   %idle
09:43:33 PM    0   35.05    0.00   20.62    0.00    0.00    5.15    0.00    0.00    0.00   39.18
09:43:33 PM    1   24.10    0.00   12.05    0.00    0.00    3.61    0.00    0.00    0.00   60.24

09:43:33 PM  CPU    %usr   %nice    %sys %iowait    %irq   %soft  %steal  %guest  %gnice   %idle
09:43:34 PM    0   34.04    0.00   19.15    0.00    0.00    6.38    0.00    0.00    0.00   40.43
09:43:34 PM    1   23.46    0.00    9.88    0.00    0.00    1.23    0.00    0.00    0.00   65.43

09:43:34 PM  CPU    %usr   %nice    %sys %iowait    %irq   %soft  %steal  %guest  %gnice   %idle
09:43:35 PM    0   33.68    0.00   20.00    0.00    0.00    5.26    0.00    0.00    0.00   41.05
09:43:35 PM    1   27.71    0.00    8.43    0.00    0.00    2.41    0.00    0.00    0.00   61.45

09:43:35 PM  CPU    %usr   %nice    %sys %iowait    %irq   %soft  %steal  %guest  %gnice   %idle
09:43:36 PM    0   41.67    0.00   18.75    0.00    0.00    2.08    0.00    0.00    0.00   37.50
09:43:36 PM    1   26.25    0.00    7.50    0.00    0.00    3.75    0.00    0.00    0.00   62.50

09:43:36 PM  CPU    %usr   %nice    %sys %iowait    %irq   %soft  %steal  %guest  %gnice   %idle
09:43:37 PM    0   32.22    0.00   18.89    0.00    0.00    4.44    0.00    0.00    0.00   44.44
09:43:37 PM    1   25.00    0.00    9.52    0.00    0.00    2.38    0.00    0.00    0.00   63.10

09:43:37 PM  CPU    %usr   %nice    %sys %iowait    %irq   %soft  %steal  %guest  %gnice   %idle
09:43:38 PM    0   37.63    0.00   16.13    0.00    0.00    4.30    0.00    0.00    0.00   41.94
09:43:38 PM    1   25.00    0.00   10.00    0.00    0.00    1.25    0.00    0.00    0.00   63.75

09:43:38 PM  CPU    %usr   %nice    %sys %iowait    %irq   %soft  %steal  %guest  %gnice   %idle
09:43:39 PM    0   32.97    0.00   20.88    0.00    0.00    5.49    0.00    0.00    0.00   40.66
09:43:39 PM    1   24.69    0.00    9.88    0.00    0.00    2.47    0.00    0.00    0.00   62.96

09:43:39 PM  CPU    %usr   %nice    %sys %iowait    %irq   %soft  %steal  %guest  %gnice   %idle
09:43:40 PM    0   36.17    0.00   13.83    0.00    0.00    8.51    0.00    0.00    0.00   41.49
09:43:40 PM    1   31.33    0.00    6.02    0.00    0.00    1.20    0.00    0.00    0.00   61.45

09:43:40 PM  CPU    %usr   %nice    %sys %iowait    %irq   %soft  %steal  %guest  %gnice   %idle
09:43:41 PM    0   32.29    0.00   21.88    0.00    0.00    4.17    0.00    0.00    0.00   41.67
09:43:41 PM    1   27.16    0.00    6.17    0.00    0.00    1.23    0.00    0.00    0.00   65.43

09:43:41 PM  CPU    %usr   %nice    %sys %iowait    %irq   %soft  %steal  %guest  %gnice   %idle
09:43:42 PM    0   31.58    0.00   21.05    0.00    0.00    6.32    0.00    0.00    0.00   41.05
09:43:42 PM    1   24.69    0.00    7.41    0.00    0.00    2.47    0.00    0.00    0.00   65.43

09:43:42 PM  CPU    %usr   %nice    %sys %iowait    %irq   %soft  %steal  %guest  %gnice   %idle
09:43:43 PM    0   35.11    0.00   14.89    0.00    0.00    7.45    0.00    0.00    0.00   42.55
09:43:43 PM    1   26.19    0.00    7.14    0.00    0.00    2.38    0.00    0.00    0.00   64.29

09:43:43 PM  CPU    %usr   %nice    %sys %iowait    %irq   %soft  %steal  %guest  %gnice   %idle
09:43:44 PM    0   32.99    0.00   17.53    0.00    0.00    8.25    0.00    0.00    0.00   41.24
09:43:44 PM    1   26.19    0.00    7.14    0.00    0.00    3.57    0.00    0.00    0.00   63.10

09:43:44 PM  CPU    %usr   %nice    %sys %iowait    %irq   %soft  %steal  %guest  %gnice   %idle
09:43:45 PM    0   36.96    0.00   15.22    0.00    0.00    6.52    0.00    0.00    0.00   41.30
09:43:45 PM    1   24.71    0.00   11.76    0.00    0.00    2.35    0.00    0.00    0.00   61.18

09:43:45 PM  CPU    %usr   %nice    %sys %iowait    %irq   %soft  %steal  %guest  %gnice   %idle
09:43:46 PM    0   40.21    0.00   15.46    0.00    0.00    6.19    0.00    0.00    0.00   38.14
09:43:46 PM    1   24.69    0.00    9.88    0.00    0.00    2.47    0.00    0.00    0.00   62.96

09:43:46 PM  CPU    %usr   %nice    %sys %iowait    %irq   %soft  %steal  %guest  %gnice   %idle
09:43:47 PM    0   30.11    0.00   18.28    0.00    0.00    7.53    0.00    0.00    0.00   44.09
09:43:47 PM    1   26.83    0.00    4.88    0.00    0.00    3.66    0.00    0.00    0.00   64.63

09:43:47 PM  CPU    %usr   %nice    %sys %iowait    %irq   %soft  %steal  %guest  %gnice   %idle
09:43:48 PM    0   31.18    0.00   22.58    0.00    0.00    6.45    0.00    0.00    0.00   39.78
09:43:48 PM    1   20.99    0.00   11.11    0.00    0.00    2.47    0.00    0.00    0.00   65.43

09:43:48 PM  CPU    %usr   %nice    %sys %iowait    %irq   %soft  %steal  %guest  %gnice   %idle
09:43:49 PM    0   35.79    0.00   18.95    0.00    0.00    5.26    0.00    0.00    0.00   40.00
09:43:49 PM    1   25.61    0.00    8.54    0.00    0.00    3.66    0.00    0.00    0.00   62.20

09:43:49 PM  CPU    %usr   %nice    %sys %iowait    %irq   %soft  %steal  %guest  %gnice   %idle
09:43:50 PM    0   35.05    0.00   16.49    0.00    0.00    7.22    0.00    0.00    0.00   41.24
09:43:50 PM    1   23.46    0.00    8.64    0.00    0.00    2.47    0.00    0.00    0.00   65.43

09:43:50 PM  CPU    %usr   %nice    %sys %iowait    %irq   %soft  %steal  %guest  %gnice   %idle
09:43:51 PM    0   38.46    0.00   15.38    0.00    0.00    3.30    0.00    0.00    0.00   42.86
09:43:51 PM    1   25.30    0.00    7.23    0.00    0.00    3.61    0.00    0.00    0.00   63.86

09:43:51 PM  CPU    %usr   %nice    %sys %iowait    %irq   %soft  %steal  %guest  %gnice   %idle
09:43:52 PM    0   29.35    0.00   20.65    0.00    0.00    8.70    0.00    0.00    0.00   41.30
09:43:52 PM    1   21.25    0.00   12.50    0.00    0.00    2.50    0.00    0.00    0.00   63.75

09:43:52 PM  CPU    %usr   %nice    %sys %iowait    %irq   %soft  %steal  %guest  %gnice   %idle
09:43:53 PM    0   34.38    0.00   17.71    0.00    0.00    6.25    0.00    0.00    0.00   41.67
09:43:53 PM    1   27.06    0.00    8.24    0.00    0.00    2.35    0.00    0.00    0.00   62.35

09:43:53 PM  CPU    %usr   %nice    %sys %iowait    %irq   %soft  %steal  %guest  %gnice   %idle
09:43:54 PM    0   34.74    0.00   18.95    0.00    0.00    6.32    0.00    0.00    0.00   40.00
09:43:54 PM    1   25.61    0.00    9.76    0.00    0.00    1.22    0.00    0.00    0.00   63.41

09:43:54 PM  CPU    %usr   %nice    %sys %iowait    %irq   %soft  %steal  %guest  %gnice   %idle
09:43:55 PM    0   36.46    0.00   16.67    0.00    0.00    7.29    0.00    0.00    0.00   39.58
09:43:55 PM    1   21.52    0.00   10.13    0.00    0.00    3.80    0.00    0.00    0.00   64.56

09:43:55 PM  CPU    %usr   %nice    %sys %iowait    %irq   %soft  %steal  %guest  %gnice   %idle
09:43:56 PM    0   34.04    0.00   19.15    0.00    0.00    6.38    0.00    0.00    0.00   40.43
09:43:56 PM    1   23.46    0.00   11.11    0.00    0.00    2.47    0.00    0.00    0.00   62.96

09:43:56 PM  CPU    %usr   %nice    %sys %iowait    %irq   %soft  %steal  %guest  %gnice   %idle
09:43:57 PM    0   31.87    0.00   19.78    0.00    0.00    4.40    0.00    0.00    0.00   43.96
09:43:57 PM    1   23.81    0.00   10.71    0.00    0.00    1.19    0.00    0.00    0.00   64.29

09:43:57 PM  CPU    %usr   %nice    %sys %iowait    %irq   %soft  %steal  %guest  %gnice   %idle
09:43:58 PM    0   33.68    0.00   20.00    0.00    0.00    7.37    0.00    0.00    0.00   38.95
09:43:58 PM    1   27.16    0.00    9.88    0.00    0.00    1.23    0.00    0.00    0.00   61.73

09:43:58 PM  CPU    %usr   %nice    %sys %iowait    %irq   %soft  %steal  %guest  %gnice   %idle
09:43:59 PM    0   33.33    0.00   18.89    0.00    0.00    3.33    0.00    0.00    0.00   44.44
09:43:59 PM    1   22.89    0.00    9.64    0.00    0.00    3.61    0.00    0.00    0.00   63.86

09:43:59 PM  CPU    %usr   %nice    %sys %iowait    %irq   %soft  %steal  %guest  %gnice   %idle
09:44:00 PM    0   30.53    0.00   18.95    0.00    0.00   10.53    0.00    0.00    0.00   40.00
09:44:00 PM    1   30.95    0.00   10.71    0.00    0.00    1.19    0.00    0.00    0.00   57.14

09:44:00 PM  CPU    %usr   %nice    %sys %iowait    %irq   %soft  %steal  %guest  %gnice   %idle
09:44:01 PM    0   37.50    0.00   18.75    0.00    0.00    5.21    0.00    0.00    0.00   38.54
09:44:01 PM    1   23.26    0.00   12.79    0.00    0.00    5.81    0.00    0.00    0.00   58.14

09:44:01 PM  CPU    %usr   %nice    %sys %iowait    %irq   %soft  %steal  %guest  %gnice   %idle
09:44:02 PM    0   31.87    0.00   19.78    0.00    0.00    7.69    0.00    0.00    0.00   40.66
09:44:02 PM    1   25.30    0.00    9.64    0.00    0.00    3.61    0.00    0.00    0.00   61.45

09:44:02 PM  CPU    %usr   %nice    %sys %iowait    %irq   %soft  %steal  %guest  %gnice   %idle
09:44:03 PM    0   35.42    0.00   20.83    0.00    0.00    4.17    0.00    0.00    0.00   39.58
09:44:03 PM    1   26.25    0.00    7.50    0.00    0.00    1.25    0.00    0.00    0.00   65.00

09:44:03 PM  CPU    %usr   %nice    %sys %iowait    %irq   %soft  %steal  %guest  %gnice   %idle
09:44:04 PM    0   35.05    0.00   17.53    0.00    0.00    7.22    0.00    0.00    0.00   40.21
09:44:04 PM    1   25.00    0.00    8.33    0.00    0.00    4.76    0.00    0.00    0.00   61.90

09:44:04 PM  CPU    %usr   %nice    %sys %iowait    %irq   %soft  %steal  %guest  %gnice   %idle
09:44:05 PM    0   34.78    0.00   19.57    0.00    0.00    5.43    0.00    0.00    0.00   40.22
09:44:05 PM    1   23.17    0.00   10.98    0.00    0.00    2.44    0.00    0.00    0.00   63.41

09:44:05 PM  CPU    %usr   %nice    %sys %iowait    %irq   %soft  %steal  %guest  %gnice   %idle
09:44:06 PM    0   35.48    0.00   18.28    0.00    0.00    4.30    0.00    0.00    0.00   41.94
09:44:06 PM    1   21.25    0.00   12.50    0.00    0.00    1.25    0.00    0.00    0.00   65.00

09:44:06 PM  CPU    %usr   %nice    %sys %iowait    %irq   %soft  %steal  %guest  %gnice   %idle
09:44:07 PM    0   35.42    0.00   14.58    0.00    0.00    9.38    0.00    0.00    0.00   40.62
09:44:07 PM    1   28.05    0.00    6.10    0.00    0.00    2.44    0.00    0.00    0.00   63.41

09:44:07 PM  CPU    %usr   %nice    %sys %iowait    %irq   %soft  %steal  %guest  %gnice   %idle
09:44:08 PM    0   34.41    0.00   17.20    0.00    0.00    8.60    0.00    0.00    0.00   39.78
09:44:08 PM    1   21.95    0.00   12.20    0.00    0.00    3.66    0.00    0.00    0.00   62.20

09:44:08 PM  CPU    %usr   %nice    %sys %iowait    %irq   %soft  %steal  %guest  %gnice   %idle
09:44:09 PM    0   34.38    0.00   21.88    0.00    0.00    4.17    0.00    0.00    0.00   39.58
09:44:09 PM    1   28.05    0.00    7.32    0.00    0.00    2.44    0.00    0.00    0.00   62.20

09:44:09 PM  CPU    %usr   %nice    %sys %iowait    %irq   %soft  %steal  %guest  %gnice   %idle
09:44:10 PM    0   32.63    0.00   17.89    0.00    0.00    8.42    0.00    0.00    0.00   41.05
09:44:10 PM    1   25.00    0.00   10.71    0.00    0.00    2.38    0.00    0.00    0.00   61.90

09:44:10 PM  CPU    %usr   %nice    %sys %iowait    %irq   %soft  %steal  %guest  %gnice   %idle
09:44:11 PM    0   30.85    0.00   19.15    0.00    0.00    8.51    0.00    0.00    0.00   41.49
09:44:11 PM    1   27.16    0.00    6.17    0.00    0.00    2.47    0.00    0.00    0.00   64.20

09:44:11 PM  CPU    %usr   %nice    %sys %iowait    %irq   %soft  %steal  %guest  %gnice   %idle
09:44:12 PM    0   35.71    0.00   18.37    0.00    0.00    6.12    0.00    0.00    0.00   39.80
09:44:12 PM    1   25.00    0.00    7.50    0.00    0.00    1.25    0.00    0.00    0.00   66.25

09:44:12 PM  CPU    %usr   %nice    %sys %iowait    %irq   %soft  %steal  %guest  %gnice   %idle
09:44:13 PM    0   33.68    0.00   20.00    0.00    0.00    5.26    0.00    0.00    0.00   41.05
09:44:13 PM    1   21.95    0.00    9.76    0.00    0.00    3.66    0.00    0.00    0.00   64.63

09:44:13 PM  CPU    %usr   %nice    %sys %iowait    %irq   %soft  %steal  %guest  %gnice   %idle
09:44:14 PM    0   35.48    0.00   16.13    0.00    0.00    5.38    0.00    0.00    0.00   43.01
09:44:14 PM    1   25.61    0.00    7.32    0.00    0.00    2.44    0.00    0.00    0.00   64.63

09:44:14 PM  CPU    %usr   %nice    %sys %iowait    %irq   %soft  %steal  %guest  %gnice   %idle
09:44:15 PM    0   35.42    0.00   19.79    0.00    0.00    5.21    0.00    0.00    0.00   39.58
09:44:15 PM    1   23.46    0.00   11.11    0.00    0.00    1.23    0.00    0.00    0.00   64.20

09:44:15 PM  CPU    %usr   %nice    %sys %iowait    %irq   %soft  %steal  %guest  %gnice   %idle
09:44:16 PM    0   34.04    0.00   20.21    0.00    0.00    5.32    0.00    0.00    0.00   40.43
09:44:16 PM    1   26.25    0.00    7.50    0.00    0.00    2.50    0.00    0.00    0.00   63.75

09:44:16 PM  CPU    %usr   %nice    %sys %iowait    %irq   %soft  %steal  %guest  %gnice   %idle
09:44:17 PM    0   31.58    0.00   17.89    0.00    0.00    8.42    0.00    0.00    0.00   42.11
09:44:17 PM    1   26.51    0.00    8.43    0.00    0.00    1.20    0.00    0.00    0.00   63.86

09:44:17 PM  CPU    %usr   %nice    %sys %iowait    %irq   %soft  %steal  %guest  %gnice   %idle
09:44:18 PM    0   33.70    0.00   18.48    0.00    0.00    6.52    0.00    0.00    0.00   41.30
09:44:18 PM    1   23.75    0.00   11.25    0.00    0.00    1.25    0.00    0.00    0.00   63.75

09:44:18 PM  CPU    %usr   %nice    %sys %iowait    %irq   %soft  %steal  %guest  %gnice   %idle
09:44:19 PM    0   36.08    0.00   17.53    0.00    0.00    6.19    0.00    0.00    0.00   40.21
09:44:19 PM    1   26.74    0.00   10.47    0.00    0.00    2.33    0.00    0.00    0.00   60.47

09:44:19 PM  CPU    %usr   %nice    %sys %iowait    %irq   %soft  %steal  %guest  %gnice   %idle
09:44:20 PM    0   35.79    0.00   18.95    0.00    0.00    5.26    0.00    0.00    0.00   40.00
09:44:20 PM    1   25.00    0.00   10.00    0.00    0.00    2.50    0.00    0.00    0.00   62.50

09:44:20 PM  CPU    %usr   %nice    %sys %iowait    %irq   %soft  %steal  %guest  %gnice   %idle
09:44:21 PM    0   33.68    0.00   17.89    0.00    0.00    7.37    0.00    0.00    0.00   41.05
09:44:21 PM    1   22.22    0.00   12.35    0.00    0.00    1.23    0.00    0.00    0.00   64.20

09:44:21 PM  CPU    %usr   %nice    %sys %iowait    %irq   %soft  %steal  %guest  %gnice   %idle
09:44:22 PM    0   31.96    0.00   21.65    0.00    0.00    7.22    0.00    0.00    0.00   39.18
09:44:22 PM    1   20.48    0.00   13.25    0.00    0.00    3.61    0.00    0.00    0.00   62.65

09:44:22 PM  CPU    %usr   %nice    %sys %iowait    %irq   %soft  %steal  %guest  %gnice   %idle
09:44:23 PM    0   36.26    0.00   19.78    0.00    0.00    4.40    0.00    0.00    0.00   39.56
09:44:23 PM    1   27.50    0.00    8.75    0.00    0.00    1.25    0.00    0.00    0.00   62.50

09:44:23 PM  CPU    %usr   %nice    %sys %iowait    %irq   %soft  %steal  %guest  %gnice   %idle
09:44:24 PM    0   36.56    0.00   16.13    0.00    0.00    6.45    0.00    0.00    0.00   40.86
09:44:24 PM    1   26.51    0.00    8.43    0.00    0.00    3.61    0.00    0.00    0.00   61.45

09:44:24 PM  CPU    %usr   %nice    %sys %iowait    %irq   %soft  %steal  %guest  %gnice   %idle
09:44:25 PM    0   33.33    0.00   19.79    0.00    0.00    6.25    0.00    0.00    0.00   40.62
09:44:25 PM    1   19.51    0.00   13.41    0.00    0.00    2.44    0.00    0.00    0.00   64.63

09:44:25 PM  CPU    %usr   %nice    %sys %iowait    %irq   %soft  %steal  %guest  %gnice   %idle
09:44:26 PM    0   35.42    0.00   16.67    1.04    0.00    7.29    0.00    0.00    0.00   39.58
09:44:26 PM    1   27.16    0.00    7.41    0.00    0.00    1.23    0.00    0.00    0.00   64.20

09:44:26 PM  CPU    %usr   %nice    %sys %iowait    %irq   %soft  %steal  %guest  %gnice   %idle
09:44:27 PM    0   34.38    0.00   13.54    0.00    0.00   11.46    0.00    0.00    0.00   40.62
09:44:27 PM    1   25.61    0.00    7.32    0.00    0.00    1.22    0.00    0.00    0.00   65.85

09:44:27 PM  CPU    %usr   %nice    %sys %iowait    %irq   %soft  %steal  %guest  %gnice   %idle
09:44:28 PM    0   31.96    0.00   20.62    0.00    0.00    7.22    0.00    0.00    0.00   40.21
09:44:28 PM    1   25.00    0.00    7.50    0.00    0.00    2.50    0.00    0.00    0.00   65.00

Average:     CPU    %usr   %nice    %sys %iowait    %irq   %soft  %steal  %guest  %gnice   %idle
Average:       0   34.28    0.00   18.45    0.04    0.00    6.67    0.00    0.00    0.00   40.56
Average:       1   24.93    0.00    9.62    0.00    0.00    2.63    0.00    0.00    0.00   62.82
