Linux 5.3.0-59-generic (ericmei) 	06/29/2020 	_x86_64_	(12 CPU)

09:52:56 PM  CPU    %usr   %nice    %sys %iowait    %irq   %soft  %steal  %guest  %gnice   %idle
09:52:57 PM    0   37.23    0.00   20.21    0.00    0.00    3.19    0.00    0.00    0.00   39.36
09:52:57 PM    1   21.95    0.00   12.20    0.00    0.00    4.88    0.00    0.00    0.00   60.98

09:52:57 PM  CPU    %usr   %nice    %sys %iowait    %irq   %soft  %steal  %guest  %gnice   %idle
09:52:58 PM    0   31.96    0.00   21.65    0.00    0.00    6.19    0.00    0.00    0.00   40.21
09:52:58 PM    1   23.17    0.00   12.20    0.00    0.00    1.22    0.00    0.00    0.00   63.41

09:52:58 PM  CPU    %usr   %nice    %sys %iowait    %irq   %soft  %steal  %guest  %gnice   %idle
09:52:59 PM    0   30.53    0.00   20.00    0.00    0.00    8.42    0.00    0.00    0.00   41.05
09:52:59 PM    1   24.39    0.00    7.32    0.00    0.00    4.88    0.00    0.00    0.00   63.41

09:52:59 PM  CPU    %usr   %nice    %sys %iowait    %irq   %soft  %steal  %guest  %gnice   %idle
09:53:00 PM    0   37.50    0.00   16.67    0.00    0.00    6.25    0.00    0.00    0.00   39.58
09:53:00 PM    1   26.83    0.00    9.76    0.00    0.00    1.22    0.00    0.00    0.00   62.20

09:53:00 PM  CPU    %usr   %nice    %sys %iowait    %irq   %soft  %steal  %guest  %gnice   %idle
09:53:01 PM    0   32.97    0.00   21.98    0.00    0.00    4.40    0.00    0.00    0.00   40.66
09:53:01 PM    1   28.92    0.00    8.43    0.00    0.00    3.61    0.00    0.00    0.00   59.04

09:53:01 PM  CPU    %usr   %nice    %sys %iowait    %irq   %soft  %steal  %guest  %gnice   %idle
09:53:02 PM    0   35.79    0.00   13.68    0.00    0.00    8.42    0.00    0.00    0.00   42.11
09:53:02 PM    1   22.22    0.00   11.11    0.00    0.00    2.47    0.00    0.00    0.00   64.20

09:53:02 PM  CPU    %usr   %nice    %sys %iowait    %irq   %soft  %steal  %guest  %gnice   %idle
09:53:03 PM    0   28.72    0.00   21.28    0.00    0.00    8.51    0.00    0.00    0.00   41.49
09:53:03 PM    1   25.61    0.00    8.54    0.00    0.00    1.22    0.00    0.00    0.00   64.63

09:53:03 PM  CPU    %usr   %nice    %sys %iowait    %irq   %soft  %steal  %guest  %gnice   %idle
09:53:04 PM    0   31.18    0.00   20.43    0.00    0.00    6.45    0.00    0.00    0.00   41.94
09:53:04 PM    1   24.69    0.00    8.64    0.00    0.00    3.70    0.00    0.00    0.00   62.96

09:53:04 PM  CPU    %usr   %nice    %sys %iowait    %irq   %soft  %steal  %guest  %gnice   %idle
09:53:05 PM    0   27.37    0.00   21.05    0.00    0.00    9.47    0.00    0.00    0.00   42.11
09:53:05 PM    1   24.39    0.00    8.54    0.00    0.00    2.44    0.00    0.00    0.00   64.63

09:53:05 PM  CPU    %usr   %nice    %sys %iowait    %irq   %soft  %steal  %guest  %gnice   %idle
09:53:06 PM    0   32.29    0.00   19.79    0.00    0.00    8.33    0.00    0.00    0.00   39.58
09:53:06 PM    1   29.27    0.00    8.54    0.00    0.00    1.22    0.00    0.00    0.00   60.98

09:53:06 PM  CPU    %usr   %nice    %sys %iowait    %irq   %soft  %steal  %guest  %gnice   %idle
09:53:07 PM    0   35.11    0.00   19.15    0.00    0.00    4.26    0.00    0.00    0.00   41.49
09:53:07 PM    1   25.00    0.00   10.71    0.00    0.00    3.57    0.00    0.00    0.00   60.71

09:53:07 PM  CPU    %usr   %nice    %sys %iowait    %irq   %soft  %steal  %guest  %gnice   %idle
09:53:08 PM    0   32.32    0.00   22.22    0.00    0.00    8.08    0.00    0.00    0.00   37.37
09:53:08 PM    1   25.61    0.00    8.54    0.00    0.00    2.44    0.00    0.00    0.00   63.41

09:53:08 PM  CPU    %usr   %nice    %sys %iowait    %irq   %soft  %steal  %guest  %gnice   %idle
09:53:09 PM    0   33.33    0.00   16.67    0.00    0.00   10.42    0.00    0.00    0.00   39.58
09:53:09 PM    1   20.48    0.00   15.66    0.00    0.00    2.41    0.00    0.00    0.00   61.45

09:53:09 PM  CPU    %usr   %nice    %sys %iowait    %irq   %soft  %steal  %guest  %gnice   %idle
09:53:10 PM    0   35.79    0.00   16.84    0.00    0.00    6.32    0.00    0.00    0.00   41.05
09:53:10 PM    1   27.71    0.00    8.43    0.00    0.00    2.41    0.00    0.00    0.00   61.45

09:53:10 PM  CPU    %usr   %nice    %sys %iowait    %irq   %soft  %steal  %guest  %gnice   %idle
09:53:11 PM    0   30.11    0.00   19.35    0.00    0.00    9.68    0.00    0.00    0.00   40.86
09:53:11 PM    1   21.69    0.00   14.46    0.00    0.00    2.41    0.00    0.00    0.00   61.45

09:53:11 PM  CPU    %usr   %nice    %sys %iowait    %irq   %soft  %steal  %guest  %gnice   %idle
09:53:12 PM    0   28.87    0.00   20.62    0.00    0.00    9.28    0.00    0.00    0.00   41.24
09:53:12 PM    1   26.74    0.00    8.14    0.00    0.00    4.65    0.00    0.00    0.00   60.47

09:53:12 PM  CPU    %usr   %nice    %sys %iowait    %irq   %soft  %steal  %guest  %gnice   %idle
09:53:13 PM    0   30.68    0.00   15.91    0.00    0.00   10.23    0.00    0.00    0.00   43.18
09:53:13 PM    1   28.05    0.00    7.32    0.00    0.00    3.66    0.00    0.00    0.00   60.98

09:53:13 PM  CPU    %usr   %nice    %sys %iowait    %irq   %soft  %steal  %guest  %gnice   %idle
09:53:14 PM    0   32.63    0.00   17.89    0.00    0.00    8.42    0.00    0.00    0.00   41.05
09:53:14 PM    1   21.95    0.00   13.41    0.00    0.00    1.22    0.00    0.00    0.00   63.41

09:53:14 PM  CPU    %usr   %nice    %sys %iowait    %irq   %soft  %steal  %guest  %gnice   %idle
09:53:15 PM    0   31.18    0.00   17.20    0.00    0.00    8.60    0.00    0.00    0.00   43.01
09:53:15 PM    1   21.95    0.00    9.76    0.00    0.00    3.66    0.00    0.00    0.00   64.63

09:53:15 PM  CPU    %usr   %nice    %sys %iowait    %irq   %soft  %steal  %guest  %gnice   %idle
09:53:16 PM    0   29.79    0.00   19.15    0.00    0.00    8.51    0.00    0.00    0.00   42.55
09:53:16 PM    1   21.95    0.00   10.98    0.00    0.00    3.66    0.00    0.00    0.00   63.41

09:53:16 PM  CPU    %usr   %nice    %sys %iowait    %irq   %soft  %steal  %guest  %gnice   %idle
09:53:17 PM    0   30.77    0.00   16.48    0.00    0.00    8.79    0.00    0.00    0.00   43.96
09:53:17 PM    1   22.22    0.00    9.88    0.00    0.00    3.70    0.00    0.00    0.00   64.20

09:53:17 PM  CPU    %usr   %nice    %sys %iowait    %irq   %soft  %steal  %guest  %gnice   %idle
09:53:18 PM    0   30.77    0.00   20.88    0.00    0.00    6.59    0.00    0.00    0.00   41.76
09:53:18 PM    1   24.39    0.00   10.98    0.00    0.00    2.44    0.00    0.00    0.00   62.20

09:53:18 PM  CPU    %usr   %nice    %sys %iowait    %irq   %soft  %steal  %guest  %gnice   %idle
09:53:19 PM    0   37.23    0.00   15.96    0.00    0.00    5.32    0.00    0.00    0.00   41.49
09:53:19 PM    1   24.39    0.00   10.98    0.00    0.00    1.22    0.00    0.00    0.00   63.41

09:53:19 PM  CPU    %usr   %nice    %sys %iowait    %irq   %soft  %steal  %guest  %gnice   %idle
09:53:20 PM    0   35.79    0.00   14.74    0.00    0.00    9.47    0.00    0.00    0.00   40.00
09:53:20 PM    1   22.35    0.00   14.12    0.00    0.00    3.53    0.00    0.00    0.00   60.00

09:53:20 PM  CPU    %usr   %nice    %sys %iowait    %irq   %soft  %steal  %guest  %gnice   %idle
09:53:21 PM    0   33.33    0.00   13.98    0.00    0.00    9.68    0.00    0.00    0.00   43.01
09:53:21 PM    1   21.95    0.00   13.41    0.00    0.00    1.22    0.00    0.00    0.00   63.41

09:53:21 PM  CPU    %usr   %nice    %sys %iowait    %irq   %soft  %steal  %guest  %gnice   %idle
09:53:22 PM    0   36.46    0.00   16.67    0.00    0.00    5.21    0.00    0.00    0.00   41.67
09:53:22 PM    1   24.42    0.00    9.30    0.00    0.00    5.81    0.00    0.00    0.00   60.47

09:53:22 PM  CPU    %usr   %nice    %sys %iowait    %irq   %soft  %steal  %guest  %gnice   %idle
09:53:23 PM    0   35.42    0.00   17.71    0.00    0.00    6.25    0.00    0.00    0.00   40.62
09:53:23 PM    1   25.30    0.00    8.43    0.00    0.00    3.61    0.00    0.00    0.00   62.65

09:53:23 PM  CPU    %usr   %nice    %sys %iowait    %irq   %soft  %steal  %guest  %gnice   %idle
09:53:24 PM    0   32.63    0.00   20.00    0.00    0.00    7.37    0.00    0.00    0.00   40.00
09:53:24 PM    1   23.17    0.00   10.98    0.00    0.00    2.44    0.00    0.00    0.00   63.41

09:53:24 PM  CPU    %usr   %nice    %sys %iowait    %irq   %soft  %steal  %guest  %gnice   %idle
09:53:25 PM    0   33.68    0.00   15.79    0.00    0.00    9.47    0.00    0.00    0.00   41.05
09:53:25 PM    1   25.93    0.00    9.88    0.00    0.00    1.23    0.00    0.00    0.00   62.96

09:53:25 PM  CPU    %usr   %nice    %sys %iowait    %irq   %soft  %steal  %guest  %gnice   %idle
09:53:26 PM    0   39.56    0.00   15.38    0.00    0.00    3.30    0.00    0.00    0.00   41.76
09:53:26 PM    1   27.71    0.00    8.43    0.00    0.00    2.41    0.00    0.00    0.00   61.45

09:53:26 PM  CPU    %usr   %nice    %sys %iowait    %irq   %soft  %steal  %guest  %gnice   %idle
09:53:27 PM    0   34.74    0.00   16.84    0.00    0.00    7.37    0.00    0.00    0.00   41.05
09:53:27 PM    1   25.61    0.00   10.98    0.00    0.00    1.22    0.00    0.00    0.00   62.20

09:53:27 PM  CPU    %usr   %nice    %sys %iowait    %irq   %soft  %steal  %guest  %gnice   %idle
09:53:28 PM    0   36.56    0.00   18.28    0.00    0.00    4.30    0.00    0.00    0.00   40.86
09:53:28 PM    1   26.51    0.00    7.23    0.00    0.00    4.82    0.00    0.00    0.00   61.45

09:53:28 PM  CPU    %usr   %nice    %sys %iowait    %irq   %soft  %steal  %guest  %gnice   %idle
09:53:29 PM    0   33.68    0.00   15.79    0.00    0.00    6.32    0.00    0.00    0.00   44.21
09:53:29 PM    1   22.35    0.00   12.94    0.00    0.00    2.35    0.00    0.00    0.00   62.35

09:53:29 PM  CPU    %usr   %nice    %sys %iowait    %irq   %soft  %steal  %guest  %gnice   %idle
09:53:30 PM    0   36.56    0.00   17.20    0.00    0.00    5.38    0.00    0.00    0.00   40.86
09:53:30 PM    1   28.24    0.00    8.24    0.00    0.00    3.53    0.00    0.00    0.00   60.00

09:53:30 PM  CPU    %usr   %nice    %sys %iowait    %irq   %soft  %steal  %guest  %gnice   %idle
09:53:31 PM    0   31.96    0.00   18.56    0.00    0.00    7.22    0.00    0.00    0.00   42.27
09:53:31 PM    1   20.00    0.00   11.25    0.00    0.00    1.25    0.00    0.00    0.00   67.50

09:53:31 PM  CPU    %usr   %nice    %sys %iowait    %irq   %soft  %steal  %guest  %gnice   %idle
09:53:32 PM    0   33.33    0.00   19.35    0.00    0.00    5.38    0.00    0.00    0.00   41.94
09:53:32 PM    1   26.19    0.00    8.33    0.00    0.00    3.57    0.00    0.00    0.00   61.90

09:53:32 PM  CPU    %usr   %nice    %sys %iowait    %irq   %soft  %steal  %guest  %gnice   %idle
09:53:33 PM    0   33.68    0.00   17.89    0.00    0.00    7.37    0.00    0.00    0.00   41.05
09:53:33 PM    1   22.78    0.00   11.39    0.00    0.00    1.27    0.00    0.00    0.00   64.56

09:53:33 PM  CPU    %usr   %nice    %sys %iowait    %irq   %soft  %steal  %guest  %gnice   %idle
09:53:34 PM    0   38.54    0.00   16.67    0.00    0.00    5.21    0.00    0.00    0.00   39.58
09:53:34 PM    1   24.71    0.00   14.12    0.00    0.00    2.35    0.00    0.00    0.00   58.82

09:53:34 PM  CPU    %usr   %nice    %sys %iowait    %irq   %soft  %steal  %guest  %gnice   %idle
09:53:35 PM    0   34.38    0.00   18.75    0.00    0.00    6.25    0.00    0.00    0.00   40.62
09:53:35 PM    1   23.75    0.00    8.75    0.00    0.00    3.75    0.00    0.00    0.00   63.75

09:53:35 PM  CPU    %usr   %nice    %sys %iowait    %irq   %soft  %steal  %guest  %gnice   %idle
09:53:36 PM    0   32.26    0.00   16.13    0.00    0.00    7.53    0.00    0.00    0.00   44.09
09:53:36 PM    1   22.89    0.00   12.05    0.00    0.00    1.20    0.00    0.00    0.00   63.86

09:53:36 PM  CPU    %usr   %nice    %sys %iowait    %irq   %soft  %steal  %guest  %gnice   %idle
09:53:37 PM    0   38.14    0.00   14.43    0.00    0.00    8.25    0.00    0.00    0.00   39.18
09:53:37 PM    1   28.05    0.00    9.76    0.00    0.00    1.22    0.00    0.00    0.00   60.98

09:53:37 PM  CPU    %usr   %nice    %sys %iowait    %irq   %soft  %steal  %guest  %gnice   %idle
09:53:38 PM    0   33.33    0.00   20.83    0.00    0.00    5.21    0.00    0.00    0.00   40.62
09:53:38 PM    1   28.24    0.00    9.41    0.00    0.00    1.18    0.00    0.00    0.00   61.18

09:53:38 PM  CPU    %usr   %nice    %sys %iowait    %irq   %soft  %steal  %guest  %gnice   %idle
09:53:39 PM    0   34.74    0.00   13.68    0.00    0.00   11.58    0.00    0.00    0.00   40.00
09:53:39 PM    1   25.88    0.00    9.41    0.00    0.00    4.71    0.00    0.00    0.00   60.00

09:53:39 PM  CPU    %usr   %nice    %sys %iowait    %irq   %soft  %steal  %guest  %gnice   %idle
09:53:40 PM    0   35.11    0.00   15.96    0.00    0.00    7.45    0.00    0.00    0.00   41.49
09:53:40 PM    1   22.89    0.00   10.84    0.00    0.00    3.61    0.00    0.00    0.00   62.65

09:53:40 PM  CPU    %usr   %nice    %sys %iowait    %irq   %soft  %steal  %guest  %gnice   %idle
09:53:41 PM    0   35.11    0.00   19.15    0.00    0.00    5.32    0.00    0.00    0.00   40.43
09:53:41 PM    1   29.27    0.00    7.32    0.00    0.00    1.22    0.00    0.00    0.00   62.20

09:53:41 PM  CPU    %usr   %nice    %sys %iowait    %irq   %soft  %steal  %guest  %gnice   %idle
09:53:42 PM    0   35.79    0.00   15.79    0.00    0.00    6.32    0.00    0.00    0.00   42.11
09:53:42 PM    1   27.38    0.00    8.33    0.00    0.00    3.57    0.00    0.00    0.00   60.71

09:53:42 PM  CPU    %usr   %nice    %sys %iowait    %irq   %soft  %steal  %guest  %gnice   %idle
09:53:43 PM    0   34.38    0.00   17.71    0.00    0.00    7.29    0.00    0.00    0.00   40.62
09:53:43 PM    1   24.71    0.00   10.59    0.00    0.00    3.53    0.00    0.00    0.00   61.18

09:53:43 PM  CPU    %usr   %nice    %sys %iowait    %irq   %soft  %steal  %guest  %gnice   %idle
09:53:44 PM    0   32.98    0.00   20.21    0.00    0.00    5.32    0.00    0.00    0.00   41.49
09:53:44 PM    1   27.06    0.00   10.59    0.00    0.00    2.35    0.00    0.00    0.00   60.00

09:53:44 PM  CPU    %usr   %nice    %sys %iowait    %irq   %soft  %steal  %guest  %gnice   %idle
09:53:45 PM    0   40.43    0.00   14.89    0.00    0.00    6.38    0.00    0.00    0.00   38.30
09:53:45 PM    1   25.00    0.00   10.00    0.00    0.00    2.50    0.00    0.00    0.00   62.50

09:53:45 PM  CPU    %usr   %nice    %sys %iowait    %irq   %soft  %steal  %guest  %gnice   %idle
09:53:46 PM    0   31.18    0.00   19.35    0.00    0.00    6.45    0.00    0.00    0.00   43.01
09:53:46 PM    1   23.17    0.00   10.98    0.00    0.00    2.44    0.00    0.00    0.00   63.41

09:53:46 PM  CPU    %usr   %nice    %sys %iowait    %irq   %soft  %steal  %guest  %gnice   %idle
09:53:47 PM    0   36.67    0.00   15.56    0.00    0.00    4.44    0.00    0.00    0.00   43.33
09:53:47 PM    1   23.75    0.00   11.25    0.00    0.00    1.25    0.00    0.00    0.00   63.75

09:53:47 PM  CPU    %usr   %nice    %sys %iowait    %irq   %soft  %steal  %guest  %gnice   %idle
09:53:48 PM    0   34.69    0.00   16.33    0.00    0.00    8.16    0.00    0.00    0.00   40.82
09:53:48 PM    1   27.06    0.00   10.59    0.00    0.00    2.35    0.00    0.00    0.00   60.00

09:53:48 PM  CPU    %usr   %nice    %sys %iowait    %irq   %soft  %steal  %guest  %gnice   %idle
09:53:49 PM    0   32.99    0.00   19.59    0.00    0.00    7.22    0.00    0.00    0.00   40.21
09:53:49 PM    1   24.10    0.00   10.84    0.00    0.00    2.41    0.00    0.00    0.00   62.65

09:53:49 PM  CPU    %usr   %nice    %sys %iowait    %irq   %soft  %steal  %guest  %gnice   %idle
09:53:50 PM    0   33.67    0.00   20.41    0.00    0.00    7.14    0.00    0.00    0.00   38.78
09:53:50 PM    1   21.95    0.00    9.76    0.00    0.00    4.88    0.00    0.00    0.00   63.41

09:53:50 PM  CPU    %usr   %nice    %sys %iowait    %irq   %soft  %steal  %guest  %gnice   %idle
09:53:51 PM    0   38.54    0.00   15.62    0.00    0.00    6.25    0.00    0.00    0.00   39.58
09:53:51 PM    1   21.95    0.00   10.98    0.00    0.00    4.88    0.00    0.00    0.00   62.20

09:53:51 PM  CPU    %usr   %nice    %sys %iowait    %irq   %soft  %steal  %guest  %gnice   %idle
09:53:52 PM    0   31.11    0.00   18.89    0.00    0.00    6.67    0.00    0.00    0.00   43.33
09:53:52 PM    1   24.10    0.00   10.84    0.00    0.00    2.41    0.00    0.00    0.00   62.65

09:53:52 PM  CPU    %usr   %nice    %sys %iowait    %irq   %soft  %steal  %guest  %gnice   %idle
09:53:53 PM    0   38.54    0.00   14.58    0.00    0.00    5.21    0.00    0.00    0.00   41.67
09:53:53 PM    1   26.74    0.00    9.30    0.00    0.00    3.49    0.00    0.00    0.00   60.47

09:53:53 PM  CPU    %usr   %nice    %sys %iowait    %irq   %soft  %steal  %guest  %gnice   %idle
09:53:54 PM    0   36.17    0.00   18.09    0.00    0.00    5.32    0.00    0.00    0.00   40.43
09:53:54 PM    1   25.00    0.00    8.75    0.00    0.00    2.50    0.00    0.00    0.00   63.75

09:53:54 PM  CPU    %usr   %nice    %sys %iowait    %irq   %soft  %steal  %guest  %gnice   %idle
09:53:55 PM    0   27.37    0.00   24.21    0.00    0.00    6.32    0.00    0.00    0.00   42.11
09:53:55 PM    1   23.26    0.00   10.47    0.00    0.00    5.81    0.00    0.00    0.00   60.47

09:53:55 PM  CPU    %usr   %nice    %sys %iowait    %irq   %soft  %steal  %guest  %gnice   %idle
09:53:56 PM    0   33.33    0.00   19.79    0.00    0.00    6.25    0.00    0.00    0.00   40.62
09:53:56 PM    1   24.10    0.00   13.25    0.00    0.00    1.20    0.00    0.00    0.00   61.45

09:53:56 PM  CPU    %usr   %nice    %sys %iowait    %irq   %soft  %steal  %guest  %gnice   %idle
09:53:57 PM    0   25.00    0.00   21.74    0.00    0.00    8.70    0.00    0.00    0.00   44.57
09:53:57 PM    1   22.62    0.00    8.33    0.00    0.00    5.95    0.00    0.00    0.00   63.10

09:53:57 PM  CPU    %usr   %nice    %sys %iowait    %irq   %soft  %steal  %guest  %gnice   %idle
09:53:58 PM    0   30.85    0.00   22.34    0.00    0.00    5.32    0.00    0.00    0.00   41.49
09:53:58 PM    1   27.06    0.00    8.24    0.00    0.00    3.53    0.00    0.00    0.00   61.18

09:53:58 PM  CPU    %usr   %nice    %sys %iowait    %irq   %soft  %steal  %guest  %gnice   %idle
09:53:59 PM    0   35.87    0.00   16.30    0.00    0.00    5.43    0.00    0.00    0.00   42.39
09:53:59 PM    1   26.83    0.00    8.54    0.00    0.00    3.66    0.00    0.00    0.00   60.98

09:53:59 PM  CPU    %usr   %nice    %sys %iowait    %irq   %soft  %steal  %guest  %gnice   %idle
09:54:00 PM    0   30.85    0.00   20.21    0.00    0.00    7.45    0.00    0.00    0.00   41.49
09:54:00 PM    1   28.40    0.00    4.94    0.00    0.00    3.70    0.00    0.00    0.00   62.96

09:54:00 PM  CPU    %usr   %nice    %sys %iowait    %irq   %soft  %steal  %guest  %gnice   %idle
09:54:01 PM    0   31.25    0.00   19.79    0.00    0.00    7.29    0.00    0.00    0.00   41.67
09:54:01 PM    1   22.89    0.00   10.84    0.00    0.00    3.61    0.00    0.00    0.00   62.65

09:54:01 PM  CPU    %usr   %nice    %sys %iowait    %irq   %soft  %steal  %guest  %gnice   %idle
09:54:02 PM    0   36.67    0.00   12.22    0.00    0.00    7.78    0.00    0.00    0.00   43.33
09:54:02 PM    1   27.71    0.00    8.43    0.00    0.00    1.20    0.00    0.00    0.00   62.65

09:54:02 PM  CPU    %usr   %nice    %sys %iowait    %irq   %soft  %steal  %guest  %gnice   %idle
09:54:03 PM    0   34.41    0.00   16.13    0.00    0.00    7.53    0.00    0.00    0.00   41.94
09:54:03 PM    1   26.51    0.00    8.43    0.00    0.00    3.61    0.00    0.00    0.00   61.45

09:54:03 PM  CPU    %usr   %nice    %sys %iowait    %irq   %soft  %steal  %guest  %gnice   %idle
09:54:04 PM    0   34.41    0.00   18.28    0.00    0.00    6.45    0.00    0.00    0.00   40.86
09:54:04 PM    1   25.93    0.00    9.88    0.00    0.00    1.23    0.00    0.00    0.00   62.96

09:54:04 PM  CPU    %usr   %nice    %sys %iowait    %irq   %soft  %steal  %guest  %gnice   %idle
09:54:05 PM    0   33.68    0.00   20.00    0.00    0.00    5.26    0.00    0.00    0.00   41.05
09:54:05 PM    1   26.51    0.00    7.23    0.00    0.00    4.82    0.00    0.00    0.00   61.45

09:54:05 PM  CPU    %usr   %nice    %sys %iowait    %irq   %soft  %steal  %guest  %gnice   %idle
09:54:06 PM    0   34.74    0.00   17.89    0.00    0.00    5.26    0.00    0.00    0.00   42.11
09:54:06 PM    1   21.25    0.00   11.25    0.00    0.00    2.50    0.00    0.00    0.00   65.00

09:54:06 PM  CPU    %usr   %nice    %sys %iowait    %irq   %soft  %steal  %guest  %gnice   %idle
09:54:07 PM    0   35.23    0.00   15.91    0.00    0.00    5.68    0.00    0.00    0.00   43.18
09:54:07 PM    1   26.51    0.00    8.43    0.00    0.00    4.82    0.00    0.00    0.00   60.24

09:54:07 PM  CPU    %usr   %nice    %sys %iowait    %irq   %soft  %steal  %guest  %gnice   %idle
09:54:08 PM    0   34.38    0.00   21.88    0.00    0.00    3.12    0.00    0.00    0.00   40.62
09:54:08 PM    1   25.00    0.00    8.75    0.00    0.00    1.25    0.00    0.00    0.00   65.00

09:54:08 PM  CPU    %usr   %nice    %sys %iowait    %irq   %soft  %steal  %guest  %gnice   %idle
09:54:09 PM    0   35.79    0.00   17.89    0.00    0.00    6.32    0.00    0.00    0.00   40.00
09:54:09 PM    1   22.35    0.00   11.76    0.00    0.00    5.88    0.00    0.00    0.00   60.00

09:54:09 PM  CPU    %usr   %nice    %sys %iowait    %irq   %soft  %steal  %guest  %gnice   %idle
09:54:10 PM    0   33.68    0.00   15.79    0.00    0.00    9.47    0.00    0.00    0.00   41.05
09:54:10 PM    1   24.39    0.00   10.98    0.00    0.00    2.44    0.00    0.00    0.00   62.20

09:54:10 PM  CPU    %usr   %nice    %sys %iowait    %irq   %soft  %steal  %guest  %gnice   %idle
09:54:11 PM    0   31.91    0.00   15.96    0.00    0.00    9.57    0.00    0.00    0.00   42.55
09:54:11 PM    1   25.00    0.00    6.25    0.00    0.00    2.50    0.00    0.00    0.00   66.25

09:54:11 PM  CPU    %usr   %nice    %sys %iowait    %irq   %soft  %steal  %guest  %gnice   %idle
09:54:12 PM    0   33.33    0.00   17.78    0.00    0.00    6.67    0.00    0.00    0.00   42.22
09:54:12 PM    1   25.61    0.00    7.32    0.00    0.00    3.66    0.00    0.00    0.00   63.41

09:54:12 PM  CPU    %usr   %nice    %sys %iowait    %irq   %soft  %steal  %guest  %gnice   %idle
09:54:13 PM    0   33.33    0.00   17.20    0.00    0.00    6.45    0.00    0.00    0.00   43.01
09:54:13 PM    1   25.61    0.00    8.54    0.00    0.00    2.44    0.00    0.00    0.00   63.41

09:54:13 PM  CPU    %usr   %nice    %sys %iowait    %irq   %soft  %steal  %guest  %gnice   %idle
09:54:14 PM    0   36.56    0.00   13.98    0.00    0.00    8.60    0.00    0.00    0.00   40.86
09:54:14 PM    1   26.83    0.00    8.54    0.00    0.00    1.22    0.00    0.00    0.00   63.41

09:54:14 PM  CPU    %usr   %nice    %sys %iowait    %irq   %soft  %steal  %guest  %gnice   %idle
09:54:15 PM    0   35.79    0.00   14.74    0.00    0.00    8.42    0.00    0.00    0.00   41.05
09:54:15 PM    1   24.05    0.00    8.86    0.00    0.00    2.53    0.00    0.00    0.00   64.56

09:54:15 PM  CPU    %usr   %nice    %sys %iowait    %irq   %soft  %steal  %guest  %gnice   %idle
09:54:16 PM    0   32.22    0.00   14.44    0.00    0.00    8.89    0.00    0.00    0.00   44.44
09:54:16 PM    1   20.99    0.00   11.11    0.00    0.00    2.47    0.00    0.00    0.00   65.43

09:54:16 PM  CPU    %usr   %nice    %sys %iowait    %irq   %soft  %steal  %guest  %gnice   %idle
09:54:17 PM    0   34.74    0.00   15.79    0.00    0.00    6.32    0.00    0.00    0.00   43.16
09:54:17 PM    1   24.71    0.00   11.76    0.00    0.00    2.35    0.00    0.00    0.00   61.18

09:54:17 PM  CPU    %usr   %nice    %sys %iowait    %irq   %soft  %steal  %guest  %gnice   %idle
09:54:18 PM    0   27.47    0.00   16.48    0.00    0.00   13.19    0.00    0.00    0.00   42.86
09:54:18 PM    1   26.74    0.00    5.81    0.00    0.00    4.65    0.00    0.00    0.00   62.79

09:54:18 PM  CPU    %usr   %nice    %sys %iowait    %irq   %soft  %steal  %guest  %gnice   %idle
09:54:19 PM    0   34.38    0.00   18.75    0.00    0.00    6.25    0.00    0.00    0.00   40.62
09:54:19 PM    1   22.22    0.00   12.35    0.00    0.00    2.47    0.00    0.00    0.00   62.96

09:54:19 PM  CPU    %usr   %nice    %sys %iowait    %irq   %soft  %steal  %guest  %gnice   %idle
09:54:20 PM    0   32.61    0.00   21.74    0.00    0.00    3.26    0.00    0.00    0.00   42.39
09:54:20 PM    1   29.76    0.00    5.95    0.00    0.00    2.38    0.00    0.00    0.00   61.90

09:54:20 PM  CPU    %usr   %nice    %sys %iowait    %irq   %soft  %steal  %guest  %gnice   %idle
09:54:21 PM    0   34.38    0.00   17.71    0.00    0.00    7.29    0.00    0.00    0.00   40.62
09:54:21 PM    1   25.30    0.00   10.84    0.00    0.00    2.41    0.00    0.00    0.00   61.45

09:54:21 PM  CPU    %usr   %nice    %sys %iowait    %irq   %soft  %steal  %guest  %gnice   %idle
09:54:22 PM    0   31.63    0.00   20.41    0.00    0.00    8.16    0.00    0.00    0.00   39.80
09:54:22 PM    1   20.99    0.00   13.58    0.00    0.00    2.47    0.00    0.00    0.00   62.96

09:54:22 PM  CPU    %usr   %nice    %sys %iowait    %irq   %soft  %steal  %guest  %gnice   %idle
09:54:23 PM    0   34.07    0.00   15.38    0.00    0.00    6.59    0.00    0.00    0.00   43.96
09:54:23 PM    1   25.30    0.00    9.64    0.00    0.00    2.41    0.00    0.00    0.00   62.65

09:54:23 PM  CPU    %usr   %nice    %sys %iowait    %irq   %soft  %steal  %guest  %gnice   %idle
09:54:24 PM    0   33.70    0.00   16.30    0.00    0.00    6.52    0.00    0.00    0.00   43.48
09:54:24 PM    1   23.81    0.00   11.90    0.00    0.00    1.19    0.00    0.00    0.00   63.10

09:54:24 PM  CPU    %usr   %nice    %sys %iowait    %irq   %soft  %steal  %guest  %gnice   %idle
09:54:25 PM    0   28.89    0.00   22.22    0.00    0.00    6.67    0.00    0.00    0.00   42.22
09:54:25 PM    1   24.39    0.00   10.98    0.00    0.00    2.44    0.00    0.00    0.00   62.20

09:54:25 PM  CPU    %usr   %nice    %sys %iowait    %irq   %soft  %steal  %guest  %gnice   %idle
09:54:26 PM    0   35.11    0.00   13.83    0.00    0.00    9.57    0.00    0.00    0.00   41.49
09:54:26 PM    1   23.17    0.00   10.98    0.00    0.00    3.66    0.00    0.00    0.00   62.20

09:54:26 PM  CPU    %usr   %nice    %sys %iowait    %irq   %soft  %steal  %guest  %gnice   %idle
09:54:27 PM    0   32.98    0.00   18.09    0.00    0.00    7.45    0.00    0.00    0.00   41.49
09:54:27 PM    1   22.62    0.00   11.90    0.00    0.00    4.76    0.00    0.00    0.00   60.71

09:54:27 PM  CPU    %usr   %nice    %sys %iowait    %irq   %soft  %steal  %guest  %gnice   %idle
09:54:28 PM    0   31.91    0.00   20.21    0.00    0.00    6.38    0.00    0.00    0.00   41.49
09:54:28 PM    1   21.95    0.00   12.20    0.00    0.00    2.44    0.00    0.00    0.00   63.41

09:54:28 PM  CPU    %usr   %nice    %sys %iowait    %irq   %soft  %steal  %guest  %gnice   %idle
09:54:29 PM    0   35.11    0.00   18.09    0.00    0.00    6.38    0.00    0.00    0.00   40.43
09:54:29 PM    1   21.95    0.00   13.41    0.00    0.00    3.66    0.00    0.00    0.00   60.98

09:54:29 PM  CPU    %usr   %nice    %sys %iowait    %irq   %soft  %steal  %guest  %gnice   %idle
09:54:30 PM    0   34.38    0.00   20.83    0.00    0.00    4.17    0.00    0.00    0.00   40.62
09:54:30 PM    1   22.89    0.00    8.43    0.00    0.00    6.02    0.00    0.00    0.00   62.65

09:54:30 PM  CPU    %usr   %nice    %sys %iowait    %irq   %soft  %steal  %guest  %gnice   %idle
09:54:31 PM    0   32.97    0.00   17.58    0.00    0.00    5.49    0.00    0.00    0.00   43.96
09:54:31 PM    1   26.51    0.00    9.64    0.00    0.00    3.61    0.00    0.00    0.00   60.24

09:54:31 PM  CPU    %usr   %nice    %sys %iowait    %irq   %soft  %steal  %guest  %gnice   %idle
09:54:32 PM    0   32.61    0.00   17.39    0.00    0.00    9.78    0.00    0.00    0.00   40.22
09:54:32 PM    1   23.17    0.00   12.20    0.00    0.00    3.66    0.00    0.00    0.00   60.98

09:54:32 PM  CPU    %usr   %nice    %sys %iowait    %irq   %soft  %steal  %guest  %gnice   %idle
09:54:33 PM    0   37.89    0.00   14.74    0.00    0.00    5.26    0.00    0.00    0.00   42.11
09:54:33 PM    1   25.00    0.00    9.52    0.00    0.00    1.19    0.00    0.00    0.00   64.29

09:54:33 PM  CPU    %usr   %nice    %sys %iowait    %irq   %soft  %steal  %guest  %gnice   %idle
09:54:34 PM    0   35.16    0.00   18.68    0.00    0.00    3.30    0.00    0.00    0.00   42.86
09:54:34 PM    1   27.38    0.00    9.52    0.00    0.00    2.38    0.00    0.00    0.00   60.71

09:54:34 PM  CPU    %usr   %nice    %sys %iowait    %irq   %soft  %steal  %guest  %gnice   %idle
09:54:35 PM    0   30.43    0.00   20.65    0.00    0.00    5.43    0.00    0.00    0.00   43.48
09:54:35 PM    1   23.17    0.00    9.76    0.00    0.00    2.44    0.00    0.00    0.00   64.63

09:54:35 PM  CPU    %usr   %nice    %sys %iowait    %irq   %soft  %steal  %guest  %gnice   %idle
09:54:36 PM    0   32.98    0.00   21.28    0.00    0.00    3.19    0.00    0.00    0.00   42.55
09:54:36 PM    1   23.81    0.00   11.90    0.00    0.00    3.57    0.00    0.00    0.00   60.71

09:54:36 PM  CPU    %usr   %nice    %sys %iowait    %irq   %soft  %steal  %guest  %gnice   %idle
09:54:37 PM    0   37.23    0.00   19.15    0.00    0.00    3.19    0.00    0.00    0.00   40.43
09:54:37 PM    1   19.75    0.00   14.81    0.00    0.00    2.47    0.00    0.00    0.00   62.96

09:54:37 PM  CPU    %usr   %nice    %sys %iowait    %irq   %soft  %steal  %guest  %gnice   %idle
09:54:38 PM    0   36.56    0.00   15.05    0.00    0.00    5.38    0.00    0.00    0.00   43.01
09:54:38 PM    1   25.61    0.00    8.54    0.00    0.00    3.66    0.00    0.00    0.00   62.20

09:54:38 PM  CPU    %usr   %nice    %sys %iowait    %irq   %soft  %steal  %guest  %gnice   %idle
09:54:39 PM    0   34.74    0.00   21.05    0.00    0.00    3.16    0.00    0.00    0.00   41.05
09:54:39 PM    1   26.19    0.00   10.71    0.00    0.00    3.57    0.00    0.00    0.00   59.52

09:54:39 PM  CPU    %usr   %nice    %sys %iowait    %irq   %soft  %steal  %guest  %gnice   %idle
09:54:40 PM    0   35.35    0.00   20.20    0.00    0.00    7.07    0.00    0.00    0.00   37.37
09:54:40 PM    1   27.71    0.00    9.64    0.00    0.00    2.41    0.00    0.00    0.00   60.24

09:54:40 PM  CPU    %usr   %nice    %sys %iowait    %irq   %soft  %steal  %guest  %gnice   %idle
09:54:41 PM    0   31.25    0.00   20.83    0.00    0.00    7.29    0.00    0.00    0.00   40.62
09:54:41 PM    1   23.53    0.00   12.94    0.00    0.00    2.35    0.00    0.00    0.00   61.18

09:54:41 PM  CPU    %usr   %nice    %sys %iowait    %irq   %soft  %steal  %guest  %gnice   %idle
09:54:42 PM    0   39.13    0.00   11.96    0.00    0.00    5.43    0.00    0.00    0.00   43.48
09:54:42 PM    1   24.10    0.00   13.25    0.00    0.00    2.41    0.00    0.00    0.00   60.24

09:54:42 PM  CPU    %usr   %nice    %sys %iowait    %irq   %soft  %steal  %guest  %gnice   %idle
09:54:43 PM    0   35.79    0.00   15.79    0.00    0.00    6.32    0.00    0.00    0.00   42.11
09:54:43 PM    1   23.75    0.00    8.75    0.00    0.00    2.50    0.00    0.00    0.00   65.00

09:54:43 PM  CPU    %usr   %nice    %sys %iowait    %irq   %soft  %steal  %guest  %gnice   %idle
09:54:44 PM    0   36.96    0.00   17.39    0.00    0.00    3.26    0.00    0.00    0.00   42.39
09:54:44 PM    1   21.69    0.00   12.05    0.00    0.00    2.41    0.00    0.00    0.00   63.86

09:54:44 PM  CPU    %usr   %nice    %sys %iowait    %irq   %soft  %steal  %guest  %gnice   %idle
09:54:45 PM    0   38.95    0.00   14.74    0.00    0.00    5.26    0.00    0.00    0.00   41.05
09:54:45 PM    1   26.25    0.00    7.50    0.00    0.00    2.50    0.00    0.00    0.00   63.75

09:54:45 PM  CPU    %usr   %nice    %sys %iowait    %irq   %soft  %steal  %guest  %gnice   %idle
09:54:46 PM    0   34.38    0.00   16.67    0.00    0.00    8.33    0.00    0.00    0.00   40.62
09:54:46 PM    1   24.71    0.00   12.94    0.00    0.00    3.53    0.00    0.00    0.00   58.82

09:54:46 PM  CPU    %usr   %nice    %sys %iowait    %irq   %soft  %steal  %guest  %gnice   %idle
09:54:47 PM    0   30.85    0.00   18.09    0.00    0.00    8.51    0.00    0.00    0.00   42.55
09:54:47 PM    1   27.16    0.00    4.94    0.00    0.00    2.47    0.00    0.00    0.00   65.43

09:54:47 PM  CPU    %usr   %nice    %sys %iowait    %irq   %soft  %steal  %guest  %gnice   %idle
09:54:48 PM    0   33.70    0.00   15.22    0.00    0.00    8.70    0.00    0.00    0.00   42.39
09:54:48 PM    1   22.89    0.00   10.84    0.00    0.00    3.61    0.00    0.00    0.00   62.65

09:54:48 PM  CPU    %usr   %nice    %sys %iowait    %irq   %soft  %steal  %guest  %gnice   %idle
09:54:49 PM    0   35.42    0.00   14.58    0.00    0.00    8.33    0.00    0.00    0.00   41.67
09:54:49 PM    1   25.30    0.00    6.02    0.00    0.00    4.82    0.00    0.00    0.00   63.86

09:54:49 PM  CPU    %usr   %nice    %sys %iowait    %irq   %soft  %steal  %guest  %gnice   %idle
09:54:50 PM    0   29.17    0.00   19.79    0.00    0.00   10.42    0.00    0.00    0.00   40.62
09:54:50 PM    1   27.16    0.00    8.64    0.00    0.00    2.47    0.00    0.00    0.00   61.73

09:54:50 PM  CPU    %usr   %nice    %sys %iowait    %irq   %soft  %steal  %guest  %gnice   %idle
09:54:51 PM    0   34.38    0.00   15.62    0.00    0.00    8.33    0.00    0.00    0.00   41.67
09:54:51 PM    1   25.30    0.00    7.23    0.00    0.00    4.82    0.00    0.00    0.00   62.65

09:54:51 PM  CPU    %usr   %nice    %sys %iowait    %irq   %soft  %steal  %guest  %gnice   %idle
09:54:52 PM    0   32.63    0.00   20.00    0.00    0.00    7.37    0.00    0.00    0.00   40.00
09:54:52 PM    1   24.39    0.00    9.76    0.00    0.00    3.66    0.00    0.00    0.00   62.20

09:54:52 PM  CPU    %usr   %nice    %sys %iowait    %irq   %soft  %steal  %guest  %gnice   %idle
09:54:53 PM    0   34.41    0.00   17.20    0.00    0.00    4.30    0.00    0.00    0.00   44.09
09:54:53 PM    1   26.83    0.00    6.10    0.00    0.00    3.66    0.00    0.00    0.00   63.41

09:54:53 PM  CPU    %usr   %nice    %sys %iowait    %irq   %soft  %steal  %guest  %gnice   %idle
09:54:54 PM    0   36.56    0.00   17.20    0.00    0.00    5.38    0.00    0.00    0.00   40.86
09:54:54 PM    1   25.30    0.00   12.05    0.00    0.00    1.20    0.00    0.00    0.00   61.45

09:54:54 PM  CPU    %usr   %nice    %sys %iowait    %irq   %soft  %steal  %guest  %gnice   %idle
09:54:55 PM    0   35.42    0.00   17.71    0.00    0.00    7.29    0.00    0.00    0.00   39.58
09:54:55 PM    1   28.92    0.00    6.02    0.00    0.00    3.61    0.00    0.00    0.00   61.45

09:54:55 PM  CPU    %usr   %nice    %sys %iowait    %irq   %soft  %steal  %guest  %gnice   %idle
09:54:56 PM    0   39.18    0.00   13.40    0.00    0.00    8.25    0.00    0.00    0.00   39.18
09:54:56 PM    1   25.64    0.00    8.97    0.00    0.00    1.28    0.00    0.00    0.00   64.10

Average:     CPU    %usr   %nice    %sys %iowait    %irq   %soft  %steal  %guest  %gnice   %idle
Average:       0   33.89    0.00   17.83    0.00    0.00    6.85    0.00    0.00    0.00   41.43
Average:       1   24.76    0.00    9.99    0.00    0.00    2.93    0.00    0.00    0.00   62.32
