Linux 5.3.0-59-generic (ericmei) 	06/29/2020 	_x86_64_	(12 CPU)

09:45:05 PM  CPU    %usr   %nice    %sys %iowait    %irq   %soft  %steal  %guest  %gnice   %idle
09:45:06 PM    0   34.74    0.00   15.79    0.00    0.00    8.42    0.00    0.00    0.00   41.05
09:45:06 PM    1   20.48    0.00    9.64    0.00    0.00    6.02    0.00    0.00    0.00   63.86

09:45:06 PM  CPU    %usr   %nice    %sys %iowait    %irq   %soft  %steal  %guest  %gnice   %idle
09:45:07 PM    0   30.53    0.00   18.95    0.00    0.00    8.42    0.00    0.00    0.00   42.11
09:45:07 PM    1   24.10    0.00    7.23    0.00    0.00    3.61    0.00    0.00    0.00   65.06

09:45:07 PM  CPU    %usr   %nice    %sys %iowait    %irq   %soft  %steal  %guest  %gnice   %idle
09:45:08 PM    0   30.21    0.00   21.88    0.00    0.00    7.29    0.00    0.00    0.00   40.62
09:45:08 PM    1   23.17    0.00   10.98    0.00    0.00    1.22    0.00    0.00    0.00   64.63

09:45:08 PM  CPU    %usr   %nice    %sys %iowait    %irq   %soft  %steal  %guest  %gnice   %idle
09:45:09 PM    0   36.46    0.00   18.75    0.00    0.00    5.21    0.00    0.00    0.00   39.58
09:45:09 PM    1   24.39    0.00    9.76    0.00    0.00    2.44    0.00    0.00    0.00   63.41

09:45:09 PM  CPU    %usr   %nice    %sys %iowait    %irq   %soft  %steal  %guest  %gnice   %idle
09:45:10 PM    0   40.00    0.00   12.63    0.00    0.00    6.32    0.00    0.00    0.00   41.05
09:45:10 PM    1   26.83    0.00    6.10    0.00    0.00    2.44    0.00    0.00    0.00   64.63

09:45:10 PM  CPU    %usr   %nice    %sys %iowait    %irq   %soft  %steal  %guest  %gnice   %idle
09:45:11 PM    0   33.68    0.00   16.84    0.00    0.00    8.42    0.00    0.00    0.00   41.05
09:45:11 PM    1   23.46    0.00   11.11    0.00    0.00    0.00    0.00    0.00    0.00   65.43

09:45:11 PM  CPU    %usr   %nice    %sys %iowait    %irq   %soft  %steal  %guest  %gnice   %idle
09:45:12 PM    0   34.74    0.00   14.74    0.00    0.00    8.42    0.00    0.00    0.00   42.11
09:45:12 PM    1   24.39    0.00    6.10    0.00    0.00    3.66    0.00    0.00    0.00   65.85

09:45:12 PM  CPU    %usr   %nice    %sys %iowait    %irq   %soft  %steal  %guest  %gnice   %idle
09:45:13 PM    0   35.11    0.00   20.21    0.00    0.00    6.38    0.00    0.00    0.00   38.30
09:45:13 PM    1   25.00    0.00   10.00    0.00    0.00    1.25    0.00    0.00    0.00   63.75

09:45:13 PM  CPU    %usr   %nice    %sys %iowait    %irq   %soft  %steal  %guest  %gnice   %idle
09:45:14 PM    0   33.68    0.00   16.84    0.00    0.00    9.47    0.00    0.00    0.00   40.00
09:45:14 PM    1   25.88    0.00    8.24    0.00    0.00    3.53    0.00    0.00    0.00   62.35

09:45:14 PM  CPU    %usr   %nice    %sys %iowait    %irq   %soft  %steal  %guest  %gnice   %idle
09:45:15 PM    0   37.89    0.00   13.68    0.00    0.00    8.42    0.00    0.00    0.00   40.00
09:45:15 PM    1   25.32    0.00    8.86    0.00    0.00    1.27    0.00    0.00    0.00   64.56

09:45:15 PM  CPU    %usr   %nice    %sys %iowait    %irq   %soft  %steal  %guest  %gnice   %idle
09:45:16 PM    0   33.33    0.00   16.13    0.00    0.00    8.60    0.00    0.00    0.00   41.94
09:45:16 PM    1   24.10    0.00    9.64    0.00    0.00    2.41    0.00    0.00    0.00   63.86

09:45:16 PM  CPU    %usr   %nice    %sys %iowait    %irq   %soft  %steal  %guest  %gnice   %idle
09:45:17 PM    0   34.74    0.00   18.95    0.00    0.00    6.32    0.00    0.00    0.00   40.00
09:45:17 PM    1   24.69    0.00    8.64    0.00    0.00    2.47    0.00    0.00    0.00   64.20

09:45:17 PM  CPU    %usr   %nice    %sys %iowait    %irq   %soft  %steal  %guest  %gnice   %idle
09:45:18 PM    0   34.04    0.00   18.09    0.00    0.00    6.38    0.00    0.00    0.00   41.49
09:45:18 PM    1   19.28    0.00   10.84    0.00    0.00    4.82    0.00    0.00    0.00   65.06

09:45:18 PM  CPU    %usr   %nice    %sys %iowait    %irq   %soft  %steal  %guest  %gnice   %idle
09:45:19 PM    0   34.04    0.00   17.02    0.00    0.00    8.51    0.00    0.00    0.00   40.43
09:45:19 PM    1   28.92    0.00    7.23    0.00    0.00    1.20    0.00    0.00    0.00   62.65

09:45:19 PM  CPU    %usr   %nice    %sys %iowait    %irq   %soft  %steal  %guest  %gnice   %idle
09:45:20 PM    0   36.46    0.00   16.67    0.00    0.00    7.29    0.00    0.00    0.00   39.58
09:45:20 PM    1   22.50    0.00   10.00    0.00    0.00    2.50    0.00    0.00    0.00   65.00

09:45:20 PM  CPU    %usr   %nice    %sys %iowait    %irq   %soft  %steal  %guest  %gnice   %idle
09:45:21 PM    0   39.36    0.00   15.96    0.00    0.00    5.32    0.00    0.00    0.00   39.36
09:45:21 PM    1   23.53    0.00   11.76    0.00    0.00    3.53    0.00    0.00    0.00   61.18

09:45:21 PM  CPU    %usr   %nice    %sys %iowait    %irq   %soft  %steal  %guest  %gnice   %idle
09:45:22 PM    0   29.67    0.00   20.88    0.00    0.00    6.59    0.00    0.00    0.00   42.86
09:45:22 PM    1   28.92    0.00    8.43    0.00    0.00    1.20    0.00    0.00    0.00   61.45

09:45:22 PM  CPU    %usr   %nice    %sys %iowait    %irq   %soft  %steal  %guest  %gnice   %idle
09:45:23 PM    0   37.63    0.00   17.20    0.00    0.00    4.30    0.00    0.00    0.00   40.86
09:45:23 PM    1   22.62    0.00    9.52    0.00    0.00    5.95    0.00    0.00    0.00   61.90

09:45:23 PM  CPU    %usr   %nice    %sys %iowait    %irq   %soft  %steal  %guest  %gnice   %idle
09:45:24 PM    0   33.33    0.00   18.28    0.00    0.00    6.45    0.00    0.00    0.00   41.94
09:45:24 PM    1   23.46    0.00    7.41    0.00    0.00    3.70    0.00    0.00    0.00   65.43

09:45:24 PM  CPU    %usr   %nice    %sys %iowait    %irq   %soft  %steal  %guest  %gnice   %idle
09:45:25 PM    0   37.63    0.00   16.13    0.00    0.00    6.45    0.00    0.00    0.00   39.78
09:45:25 PM    1   25.61    0.00    9.76    0.00    0.00    2.44    0.00    0.00    0.00   62.20

09:45:25 PM  CPU    %usr   %nice    %sys %iowait    %irq   %soft  %steal  %guest  %gnice   %idle
09:45:26 PM    0   35.11    0.00   19.15    0.00    0.00    5.32    0.00    0.00    0.00   40.43
09:45:26 PM    1   23.17    0.00    9.76    0.00    0.00    3.66    0.00    0.00    0.00   63.41

09:45:26 PM  CPU    %usr   %nice    %sys %iowait    %irq   %soft  %steal  %guest  %gnice   %idle
09:45:27 PM    0   39.18    0.00   16.49    0.00    0.00    4.12    0.00    0.00    0.00   40.21
09:45:27 PM    1   26.83    0.00    6.10    0.00    0.00    2.44    0.00    0.00    0.00   64.63

09:45:27 PM  CPU    %usr   %nice    %sys %iowait    %irq   %soft  %steal  %guest  %gnice   %idle
09:45:28 PM    0   37.89    0.00   16.84    0.00    0.00    6.32    0.00    0.00    0.00   38.95
09:45:28 PM    1   23.46    0.00    9.88    0.00    0.00    2.47    0.00    0.00    0.00   64.20

09:45:28 PM  CPU    %usr   %nice    %sys %iowait    %irq   %soft  %steal  %guest  %gnice   %idle
09:45:29 PM    0   34.74    0.00   17.89    0.00    0.00    7.37    0.00    0.00    0.00   40.00
09:45:29 PM    1   24.10    0.00    9.64    0.00    0.00    2.41    0.00    0.00    0.00   63.86

09:45:29 PM  CPU    %usr   %nice    %sys %iowait    %irq   %soft  %steal  %guest  %gnice   %idle
09:45:30 PM    0   34.74    0.00   17.89    0.00    0.00    8.42    0.00    0.00    0.00   38.95
09:45:30 PM    1   27.38    0.00    8.33    0.00    0.00    2.38    0.00    0.00    0.00   61.90

09:45:30 PM  CPU    %usr   %nice    %sys %iowait    %irq   %soft  %steal  %guest  %gnice   %idle
09:45:31 PM    0   34.78    0.00   13.04    0.00    0.00    8.70    0.00    0.00    0.00   43.48
09:45:31 PM    1   23.17    0.00   10.98    0.00    0.00    1.22    0.00    0.00    0.00   64.63

09:45:31 PM  CPU    %usr   %nice    %sys %iowait    %irq   %soft  %steal  %guest  %gnice   %idle
09:45:32 PM    0   36.46    0.00   15.62    0.00    0.00    8.33    0.00    0.00    0.00   39.58
09:45:32 PM    1   22.89    0.00   10.84    0.00    0.00    2.41    0.00    0.00    0.00   63.86

09:45:32 PM  CPU    %usr   %nice    %sys %iowait    %irq   %soft  %steal  %guest  %gnice   %idle
09:45:33 PM    0   36.46    0.00   17.71    0.00    0.00    5.21    0.00    0.00    0.00   40.62
09:45:33 PM    1   25.00    0.00    7.14    0.00    0.00    5.95    0.00    0.00    0.00   61.90

09:45:33 PM  CPU    %usr   %nice    %sys %iowait    %irq   %soft  %steal  %guest  %gnice   %idle
09:45:34 PM    0   31.96    0.00   20.62    0.00    0.00    8.25    0.00    0.00    0.00   39.18
09:45:34 PM    1   28.92    0.00    8.43    0.00    0.00    0.00    0.00    0.00    0.00   62.65

09:45:34 PM  CPU    %usr   %nice    %sys %iowait    %irq   %soft  %steal  %guest  %gnice   %idle
09:45:35 PM    0   34.02    0.00   22.68    0.00    0.00    4.12    0.00    0.00    0.00   39.18
09:45:35 PM    1   22.22    0.00   12.35    0.00    0.00    1.23    0.00    0.00    0.00   64.20

09:45:35 PM  CPU    %usr   %nice    %sys %iowait    %irq   %soft  %steal  %guest  %gnice   %idle
09:45:36 PM    0   32.97    0.00   17.58    0.00    0.00    7.69    0.00    0.00    0.00   41.76
09:45:36 PM    1   22.22    0.00    9.88    0.00    0.00    2.47    0.00    0.00    0.00   65.43

09:45:36 PM  CPU    %usr   %nice    %sys %iowait    %irq   %soft  %steal  %guest  %gnice   %idle
09:45:37 PM    0   35.23    0.00   12.50    0.00    0.00    6.82    0.00    0.00    0.00   45.45
09:45:37 PM    1   24.10    0.00    8.43    0.00    0.00    2.41    0.00    0.00    0.00   65.06

09:45:37 PM  CPU    %usr   %nice    %sys %iowait    %irq   %soft  %steal  %guest  %gnice   %idle
09:45:38 PM    0   34.04    0.00   20.21    0.00    0.00    6.38    0.00    0.00    0.00   39.36
09:45:38 PM    1   23.75    0.00   10.00    0.00    0.00    1.25    0.00    0.00    0.00   65.00

09:45:38 PM  CPU    %usr   %nice    %sys %iowait    %irq   %soft  %steal  %guest  %gnice   %idle
09:45:39 PM    0   37.89    0.00   16.84    0.00    0.00    6.32    0.00    0.00    0.00   38.95
09:45:39 PM    1   25.58    0.00   10.47    0.00    0.00    4.65    0.00    0.00    0.00   59.30

09:45:39 PM  CPU    %usr   %nice    %sys %iowait    %irq   %soft  %steal  %guest  %gnice   %idle
09:45:40 PM    0   34.41    0.00   19.35    0.00    0.00    4.30    0.00    0.00    0.00   41.94
09:45:40 PM    1   25.61    0.00    8.54    0.00    0.00    1.22    0.00    0.00    0.00   64.63

09:45:40 PM  CPU    %usr   %nice    %sys %iowait    %irq   %soft  %steal  %guest  %gnice   %idle
09:45:41 PM    0   36.96    0.00   15.22    0.00    0.00    7.61    0.00    0.00    0.00   40.22
09:45:41 PM    1   21.25    0.00   11.25    0.00    0.00    2.50    0.00    0.00    0.00   65.00

09:45:41 PM  CPU    %usr   %nice    %sys %iowait    %irq   %soft  %steal  %guest  %gnice   %idle
09:45:42 PM    0   38.71    0.00   15.05    0.00    0.00    6.45    0.00    0.00    0.00   39.78
09:45:42 PM    1   23.53    0.00   10.59    0.00    0.00    3.53    0.00    0.00    0.00   62.35

09:45:42 PM  CPU    %usr   %nice    %sys %iowait    %irq   %soft  %steal  %guest  %gnice   %idle
09:45:43 PM    0   34.38    0.00   21.88    0.00    0.00    5.21    0.00    0.00    0.00   38.54
09:45:43 PM    1   23.17    0.00   10.98    0.00    0.00    2.44    0.00    0.00    0.00   63.41

09:45:43 PM  CPU    %usr   %nice    %sys %iowait    %irq   %soft  %steal  %guest  %gnice   %idle
09:45:44 PM    0   34.38    0.00   20.83    0.00    0.00    5.21    0.00    0.00    0.00   39.58
09:45:44 PM    1   23.17    0.00    9.76    0.00    0.00    3.66    0.00    0.00    0.00   63.41

09:45:44 PM  CPU    %usr   %nice    %sys %iowait    %irq   %soft  %steal  %guest  %gnice   %idle
09:45:45 PM    0   32.29    0.00   19.79    0.00    0.00    8.33    0.00    0.00    0.00   39.58
09:45:45 PM    1   25.30    0.00    7.23    0.00    0.00    2.41    0.00    0.00    0.00   65.06

09:45:45 PM  CPU    %usr   %nice    %sys %iowait    %irq   %soft  %steal  %guest  %gnice   %idle
09:45:46 PM    0   36.56    0.00   19.35    0.00    0.00    3.23    0.00    0.00    0.00   40.86
09:45:46 PM    1   27.38    0.00    8.33    0.00    0.00    2.38    0.00    0.00    0.00   61.90

09:45:46 PM  CPU    %usr   %nice    %sys %iowait    %irq   %soft  %steal  %guest  %gnice   %idle
09:45:47 PM    0   39.78    0.00   15.05    0.00    0.00    4.30    0.00    0.00    0.00   40.86
09:45:47 PM    1   25.00    0.00    8.75    0.00    0.00    1.25    0.00    0.00    0.00   65.00

09:45:47 PM  CPU    %usr   %nice    %sys %iowait    %irq   %soft  %steal  %guest  %gnice   %idle
09:45:48 PM    0   40.43    0.00   17.02    0.00    0.00    3.19    0.00    0.00    0.00   39.36
09:45:48 PM    1   23.17    0.00   12.20    0.00    0.00    2.44    0.00    0.00    0.00   62.20

09:45:48 PM  CPU    %usr   %nice    %sys %iowait    %irq   %soft  %steal  %guest  %gnice   %idle
09:45:49 PM    0   33.33    0.00   20.83    0.00    0.00    7.29    0.00    0.00    0.00   38.54
09:45:49 PM    1   25.93    0.00    7.41    0.00    0.00    2.47    0.00    0.00    0.00   64.20

09:45:49 PM  CPU    %usr   %nice    %sys %iowait    %irq   %soft  %steal  %guest  %gnice   %idle
09:45:50 PM    0   34.02    0.00   20.62    0.00    0.00    6.19    0.00    0.00    0.00   39.18
09:45:50 PM    1   26.19    0.00    8.33    0.00    0.00    3.57    0.00    0.00    0.00   61.90

09:45:50 PM  CPU    %usr   %nice    %sys %iowait    %irq   %soft  %steal  %guest  %gnice   %idle
09:45:51 PM    0   34.78    0.00   20.65    0.00    0.00    4.35    0.00    0.00    0.00   40.22
09:45:51 PM    1   25.61    0.00    8.54    0.00    0.00    2.44    0.00    0.00    0.00   63.41

09:45:51 PM  CPU    %usr   %nice    %sys %iowait    %irq   %soft  %steal  %guest  %gnice   %idle
09:45:52 PM    0   36.46    0.00   17.71    0.00    0.00    6.25    0.00    0.00    0.00   39.58
09:45:52 PM    1   22.62    0.00   11.90    0.00    0.00    2.38    0.00    0.00    0.00   63.10

09:45:52 PM  CPU    %usr   %nice    %sys %iowait    %irq   %soft  %steal  %guest  %gnice   %idle
09:45:53 PM    0   34.74    0.00   16.84    0.00    0.00    7.37    0.00    0.00    0.00   41.05
09:45:53 PM    1   23.81    0.00    7.14    0.00    0.00    4.76    0.00    0.00    0.00   64.29

09:45:53 PM  CPU    %usr   %nice    %sys %iowait    %irq   %soft  %steal  %guest  %gnice   %idle
09:45:54 PM    0   35.11    0.00   19.15    0.00    0.00    6.38    0.00    0.00    0.00   39.36
09:45:54 PM    1   25.30    0.00    9.64    0.00    0.00    3.61    0.00    0.00    0.00   61.45

09:45:54 PM  CPU    %usr   %nice    %sys %iowait    %irq   %soft  %steal  %guest  %gnice   %idle
09:45:55 PM    0   35.05    0.00   16.49    0.00    0.00    7.22    0.00    0.00    0.00   41.24
09:45:55 PM    1   22.89    0.00    9.64    0.00    0.00    2.41    0.00    0.00    0.00   65.06

09:45:55 PM  CPU    %usr   %nice    %sys %iowait    %irq   %soft  %steal  %guest  %gnice   %idle
09:45:56 PM    0   35.48    0.00   17.20    0.00    0.00    5.38    0.00    0.00    0.00   41.94
09:45:56 PM    1   26.19    0.00    9.52    0.00    0.00    2.38    0.00    0.00    0.00   61.90

09:45:56 PM  CPU    %usr   %nice    %sys %iowait    %irq   %soft  %steal  %guest  %gnice   %idle
09:45:57 PM    0   41.49    0.00   14.89    0.00    0.00    5.32    0.00    0.00    0.00   38.30
09:45:57 PM    1   24.39    0.00    9.76    0.00    0.00    2.44    0.00    0.00    0.00   63.41

09:45:57 PM  CPU    %usr   %nice    %sys %iowait    %irq   %soft  %steal  %guest  %gnice   %idle
09:45:58 PM    0   34.78    0.00   19.57    0.00    0.00    6.52    0.00    0.00    0.00   39.13
09:45:58 PM    1   24.69    0.00    9.88    0.00    0.00    2.47    0.00    0.00    0.00   62.96

09:45:58 PM  CPU    %usr   %nice    %sys %iowait    %irq   %soft  %steal  %guest  %gnice   %idle
09:45:59 PM    0   35.11    0.00   17.02    0.00    0.00    6.38    0.00    0.00    0.00   41.49
09:45:59 PM    1   26.51    0.00    7.23    0.00    0.00    2.41    0.00    0.00    0.00   63.86

09:45:59 PM  CPU    %usr   %nice    %sys %iowait    %irq   %soft  %steal  %guest  %gnice   %idle
09:46:00 PM    0   34.78    0.00   18.48    0.00    0.00    6.52    0.00    0.00    0.00   40.22
09:46:00 PM    1   22.50    0.00    7.50    0.00    0.00    5.00    0.00    0.00    0.00   65.00

09:46:00 PM  CPU    %usr   %nice    %sys %iowait    %irq   %soft  %steal  %guest  %gnice   %idle
09:46:01 PM    0   32.61    0.00   19.57    0.00    0.00    7.61    0.00    0.00    0.00   40.22
09:46:01 PM    1   25.00    0.00   11.90    0.00    0.00    1.19    0.00    0.00    0.00   61.90

09:46:01 PM  CPU    %usr   %nice    %sys %iowait    %irq   %soft  %steal  %guest  %gnice   %idle
09:46:02 PM    0   35.79    0.00   17.89    0.00    0.00    7.37    0.00    0.00    0.00   38.95
09:46:02 PM    1   21.52    0.00   11.39    0.00    0.00    1.27    0.00    0.00    0.00   65.82

09:46:02 PM  CPU    %usr   %nice    %sys %iowait    %irq   %soft  %steal  %guest  %gnice   %idle
09:46:03 PM    0   36.84    0.00   14.74    0.00    0.00    9.47    0.00    0.00    0.00   38.95
09:46:03 PM    1   28.92    0.00    6.02    0.00    0.00    3.61    0.00    0.00    0.00   61.45

09:46:03 PM  CPU    %usr   %nice    %sys %iowait    %irq   %soft  %steal  %guest  %gnice   %idle
09:46:04 PM    0   34.07    0.00   18.68    0.00    0.00    5.49    0.00    0.00    0.00   41.76
09:46:04 PM    1   19.51    0.00   13.41    0.00    0.00    3.66    0.00    0.00    0.00   63.41

09:46:04 PM  CPU    %usr   %nice    %sys %iowait    %irq   %soft  %steal  %guest  %gnice   %idle
09:46:05 PM    0   37.63    0.00   20.43    0.00    0.00    2.15    0.00    0.00    0.00   39.78
09:46:05 PM    1   23.17    0.00   12.20    0.00    0.00    2.44    0.00    0.00    0.00   62.20

09:46:05 PM  CPU    %usr   %nice    %sys %iowait    %irq   %soft  %steal  %guest  %gnice   %idle
09:46:06 PM    0   37.50    0.00   16.67    0.00    0.00    7.29    0.00    0.00    0.00   38.54
09:46:06 PM    1   23.75    0.00    8.75    0.00    0.00    2.50    0.00    0.00    0.00   65.00

09:46:06 PM  CPU    %usr   %nice    %sys %iowait    %irq   %soft  %steal  %guest  %gnice   %idle
09:46:07 PM    0   34.38    0.00   19.79    0.00    0.00    7.29    0.00    0.00    0.00   38.54
09:46:07 PM    1   23.81    0.00   11.90    0.00    0.00    3.57    0.00    0.00    0.00   60.71

09:46:07 PM  CPU    %usr   %nice    %sys %iowait    %irq   %soft  %steal  %guest  %gnice   %idle
09:46:08 PM    0   36.56    0.00   17.20    0.00    0.00    5.38    0.00    0.00    0.00   40.86
09:46:08 PM    1   26.19    0.00    9.52    0.00    0.00    2.38    0.00    0.00    0.00   61.90

09:46:08 PM  CPU    %usr   %nice    %sys %iowait    %irq   %soft  %steal  %guest  %gnice   %idle
09:46:09 PM    0   33.70    0.00   20.65    0.00    0.00    4.35    0.00    0.00    0.00   41.30
09:46:09 PM    1   23.53    0.00    9.41    0.00    0.00    4.71    0.00    0.00    0.00   62.35

09:46:09 PM  CPU    %usr   %nice    %sys %iowait    %irq   %soft  %steal  %guest  %gnice   %idle
09:46:10 PM    0   32.58    0.00   17.98    0.00    0.00    6.74    0.00    0.00    0.00   42.70
09:46:10 PM    1   24.39    0.00    9.76    0.00    0.00    2.44    0.00    0.00    0.00   63.41

09:46:10 PM  CPU    %usr   %nice    %sys %iowait    %irq   %soft  %steal  %guest  %gnice   %idle
09:46:11 PM    0   35.11    0.00   19.15    0.00    0.00    6.38    0.00    0.00    0.00   39.36
09:46:11 PM    1   24.39    0.00    9.76    0.00    0.00    2.44    0.00    0.00    0.00   63.41

09:46:11 PM  CPU    %usr   %nice    %sys %iowait    %irq   %soft  %steal  %guest  %gnice   %idle
09:46:12 PM    0   35.79    0.00   17.89    0.00    0.00    6.32    0.00    0.00    0.00   40.00
09:46:12 PM    1   22.62    0.00    9.52    0.00    0.00    5.95    0.00    0.00    0.00   61.90

09:46:12 PM  CPU    %usr   %nice    %sys %iowait    %irq   %soft  %steal  %guest  %gnice   %idle
09:46:13 PM    0   40.43    0.00   15.96    0.00    0.00    5.32    0.00    0.00    0.00   38.30
09:46:13 PM    1   27.71    0.00    7.23    0.00    0.00    3.61    0.00    0.00    0.00   61.45

09:46:13 PM  CPU    %usr   %nice    %sys %iowait    %irq   %soft  %steal  %guest  %gnice   %idle
09:46:14 PM    0   37.63    0.00   17.20    0.00    0.00    5.38    0.00    0.00    0.00   39.78
09:46:14 PM    1   30.00    0.00    5.00    0.00    0.00    1.25    0.00    0.00    0.00   63.75

09:46:14 PM  CPU    %usr   %nice    %sys %iowait    %irq   %soft  %steal  %guest  %gnice   %idle
09:46:15 PM    0   32.26    0.00   19.35    0.00    0.00    6.45    0.00    0.00    0.00   41.94
09:46:15 PM    1   22.89    0.00   10.84    0.00    0.00    2.41    0.00    0.00    0.00   63.86

09:46:15 PM  CPU    %usr   %nice    %sys %iowait    %irq   %soft  %steal  %guest  %gnice   %idle
09:46:16 PM    0   36.56    0.00   18.28    0.00    0.00    3.23    0.00    0.00    0.00   41.94
09:46:16 PM    1   26.25    0.00    7.50    0.00    0.00    0.00    0.00    0.00    0.00   66.25

09:46:16 PM  CPU    %usr   %nice    %sys %iowait    %irq   %soft  %steal  %guest  %gnice   %idle
09:46:17 PM    0   38.71    0.00   15.05    0.00    0.00    4.30    0.00    0.00    0.00   41.94
09:46:17 PM    1   19.75    0.00   11.11    0.00    0.00    2.47    0.00    0.00    0.00   66.67

09:46:17 PM  CPU    %usr   %nice    %sys %iowait    %irq   %soft  %steal  %guest  %gnice   %idle
09:46:18 PM    0   34.38    0.00   17.71    0.00    0.00    6.25    0.00    0.00    0.00   41.67
09:46:18 PM    1   24.69    0.00    8.64    0.00    0.00    0.00    0.00    0.00    0.00   66.67

09:46:18 PM  CPU    %usr   %nice    %sys %iowait    %irq   %soft  %steal  %guest  %gnice   %idle
09:46:19 PM    0   32.98    0.00   18.09    0.00    0.00    9.57    0.00    0.00    0.00   39.36
09:46:19 PM    1   22.50    0.00   11.25    0.00    0.00    2.50    0.00    0.00    0.00   63.75

09:46:19 PM  CPU    %usr   %nice    %sys %iowait    %irq   %soft  %steal  %guest  %gnice   %idle
09:46:20 PM    0   32.63    0.00   17.89    0.00    0.00    7.37    0.00    0.00    0.00   42.11
09:46:20 PM    1   23.75    0.00    7.50    0.00    0.00    1.25    0.00    0.00    0.00   67.50

09:46:20 PM  CPU    %usr   %nice    %sys %iowait    %irq   %soft  %steal  %guest  %gnice   %idle
09:46:21 PM    0   35.11    0.00   21.28    0.00    0.00    4.26    0.00    0.00    0.00   39.36
09:46:21 PM    1   20.73    0.00   13.41    0.00    0.00    2.44    0.00    0.00    0.00   63.41

09:46:21 PM  CPU    %usr   %nice    %sys %iowait    %irq   %soft  %steal  %guest  %gnice   %idle
09:46:22 PM    0   35.79    0.00   17.89    0.00    0.00    6.32    0.00    0.00    0.00   40.00
09:46:22 PM    1   27.06    0.00    8.24    0.00    0.00    4.71    0.00    0.00    0.00   60.00

09:46:22 PM  CPU    %usr   %nice    %sys %iowait    %irq   %soft  %steal  %guest  %gnice   %idle
09:46:23 PM    0   32.63    0.00   13.68    0.00    0.00   10.53    0.00    0.00    0.00   43.16
09:46:23 PM    1   25.88    0.00    5.88    0.00    0.00    3.53    0.00    0.00    0.00   64.71

09:46:23 PM  CPU    %usr   %nice    %sys %iowait    %irq   %soft  %steal  %guest  %gnice   %idle
09:46:24 PM    0   35.16    0.00   17.58    0.00    0.00    6.59    0.00    0.00    0.00   40.66
09:46:24 PM    1   25.93    0.00    8.64    0.00    0.00    2.47    0.00    0.00    0.00   62.96

09:46:24 PM  CPU    %usr   %nice    %sys %iowait    %irq   %soft  %steal  %guest  %gnice   %idle
09:46:25 PM    0   32.61    0.00   13.04    0.00    0.00   10.87    0.00    0.00    0.00   43.48
09:46:25 PM    1   23.46    0.00    7.41    0.00    0.00    2.47    0.00    0.00    0.00   66.67

09:46:25 PM  CPU    %usr   %nice    %sys %iowait    %irq   %soft  %steal  %guest  %gnice   %idle
09:46:26 PM    0   35.48    0.00   15.05    0.00    0.00    7.53    0.00    0.00    0.00   41.94
09:46:26 PM    1   21.69    0.00    8.43    0.00    0.00    4.82    0.00    0.00    0.00   65.06

09:46:26 PM  CPU    %usr   %nice    %sys %iowait    %irq   %soft  %steal  %guest  %gnice   %idle
09:46:27 PM    0   36.17    0.00   19.15    0.00    0.00    5.32    0.00    0.00    0.00   39.36
09:46:27 PM    1   22.89    0.00   12.05    0.00    0.00    3.61    0.00    0.00    0.00   61.45

09:46:27 PM  CPU    %usr   %nice    %sys %iowait    %irq   %soft  %steal  %guest  %gnice   %idle
09:46:28 PM    0   33.33    0.00   19.79    0.00    0.00    6.25    0.00    0.00    0.00   40.62
09:46:28 PM    1   25.30    0.00    8.43    0.00    0.00    1.20    0.00    0.00    0.00   65.06

09:46:28 PM  CPU    %usr   %nice    %sys %iowait    %irq   %soft  %steal  %guest  %gnice   %idle
09:46:29 PM    0   40.22    0.00   16.30    0.00    0.00    4.35    0.00    0.00    0.00   39.13
09:46:29 PM    1   25.30    0.00    7.23    0.00    0.00    4.82    0.00    0.00    0.00   62.65

09:46:29 PM  CPU    %usr   %nice    %sys %iowait    %irq   %soft  %steal  %guest  %gnice   %idle
09:46:30 PM    0   30.11    0.00   24.73    0.00    0.00    5.38    0.00    0.00    0.00   39.78
09:46:30 PM    1   23.46    0.00    9.88    0.00    0.00    3.70    0.00    0.00    0.00   62.96

09:46:30 PM  CPU    %usr   %nice    %sys %iowait    %irq   %soft  %steal  %guest  %gnice   %idle
09:46:31 PM    0   36.46    0.00   17.71    0.00    0.00    6.25    0.00    0.00    0.00   39.58
09:46:31 PM    1   23.46    0.00    9.88    0.00    0.00    1.23    0.00    0.00    0.00   65.43

09:46:31 PM  CPU    %usr   %nice    %sys %iowait    %irq   %soft  %steal  %guest  %gnice   %idle
09:46:32 PM    0   30.43    0.00   20.65    0.00    0.00    7.61    0.00    0.00    0.00   41.30
09:46:32 PM    1   24.39    0.00    8.54    0.00    0.00    2.44    0.00    0.00    0.00   64.63

09:46:32 PM  CPU    %usr   %nice    %sys %iowait    %irq   %soft  %steal  %guest  %gnice   %idle
09:46:33 PM    0   37.23    0.00   18.09    0.00    0.00    4.26    0.00    0.00    0.00   40.43
09:46:33 PM    1   23.17    0.00   12.20    0.00    0.00    1.22    0.00    0.00    0.00   63.41

09:46:33 PM  CPU    %usr   %nice    %sys %iowait    %irq   %soft  %steal  %guest  %gnice   %idle
09:46:34 PM    0   31.58    0.00   23.16    0.00    0.00    4.21    0.00    0.00    0.00   41.05
09:46:34 PM    1   25.93    0.00    4.94    0.00    0.00    3.70    0.00    0.00    0.00   65.43

09:46:34 PM  CPU    %usr   %nice    %sys %iowait    %irq   %soft  %steal  %guest  %gnice   %idle
09:46:35 PM    0   35.87    0.00   17.39    0.00    0.00    5.43    0.00    0.00    0.00   41.30
09:46:35 PM    1   24.39    0.00    9.76    0.00    0.00    2.44    0.00    0.00    0.00   63.41

09:46:35 PM  CPU    %usr   %nice    %sys %iowait    %irq   %soft  %steal  %guest  %gnice   %idle
09:46:36 PM    0   33.70    0.00   16.30    0.00    0.00    7.61    0.00    0.00    0.00   42.39
09:46:36 PM    1   25.00    0.00    8.75    0.00    0.00    0.00    0.00    0.00    0.00   66.25

09:46:36 PM  CPU    %usr   %nice    %sys %iowait    %irq   %soft  %steal  %guest  %gnice   %idle
09:46:37 PM    0   34.38    0.00   19.79    0.00    0.00    6.25    0.00    0.00    0.00   39.58
09:46:37 PM    1   26.19    0.00    9.52    0.00    0.00    3.57    0.00    0.00    0.00   60.71

09:46:37 PM  CPU    %usr   %nice    %sys %iowait    %irq   %soft  %steal  %guest  %gnice   %idle
09:46:38 PM    0   27.37    0.00   25.26    0.00    0.00    7.37    0.00    0.00    0.00   40.00
09:46:38 PM    1   23.46    0.00    7.41    0.00    0.00    2.47    0.00    0.00    0.00   66.67

09:46:38 PM  CPU    %usr   %nice    %sys %iowait    %irq   %soft  %steal  %guest  %gnice   %idle
09:46:39 PM    0   37.50    0.00   15.62    0.00    0.00    6.25    0.00    0.00    0.00   40.62
09:46:39 PM    1   23.46    0.00   11.11    0.00    0.00    1.23    0.00    0.00    0.00   64.20

09:46:39 PM  CPU    %usr   %nice    %sys %iowait    %irq   %soft  %steal  %guest  %gnice   %idle
09:46:40 PM    0   35.42    0.00   17.71    0.00    0.00    7.29    0.00    0.00    0.00   39.58
09:46:40 PM    1   23.46    0.00    9.88    0.00    0.00    2.47    0.00    0.00    0.00   64.20

09:46:40 PM  CPU    %usr   %nice    %sys %iowait    %irq   %soft  %steal  %guest  %gnice   %idle
09:46:41 PM    0   32.58    0.00   22.47    0.00    0.00    4.49    0.00    0.00    0.00   40.45
09:46:41 PM    1   23.46    0.00    8.64    0.00    0.00    2.47    0.00    0.00    0.00   65.43

09:46:41 PM  CPU    %usr   %nice    %sys %iowait    %irq   %soft  %steal  %guest  %gnice   %idle
09:46:42 PM    0   35.05    0.00   17.53    0.00    0.00    8.25    0.00    0.00    0.00   39.18
09:46:42 PM    1   21.69    0.00   13.25    0.00    0.00    3.61    0.00    0.00    0.00   61.45

09:46:42 PM  CPU    %usr   %nice    %sys %iowait    %irq   %soft  %steal  %guest  %gnice   %idle
09:46:43 PM    0   28.72    0.00   21.28    0.00    0.00    9.57    0.00    0.00    0.00   40.43
09:46:43 PM    1   24.39    0.00    8.54    0.00    0.00    1.22    0.00    0.00    0.00   65.85

09:46:43 PM  CPU    %usr   %nice    %sys %iowait    %irq   %soft  %steal  %guest  %gnice   %idle
09:46:44 PM    0   39.36    0.00   15.96    0.00    0.00    5.32    0.00    0.00    0.00   39.36
09:46:44 PM    1   23.17    0.00    9.76    0.00    0.00    3.66    0.00    0.00    0.00   63.41

09:46:44 PM  CPU    %usr   %nice    %sys %iowait    %irq   %soft  %steal  %guest  %gnice   %idle
09:46:45 PM    0   37.11    0.00   15.46    0.00    0.00    9.28    0.00    0.00    0.00   38.14
09:46:45 PM    1   22.50    0.00   10.00    0.00    0.00    1.25    0.00    0.00    0.00   66.25

09:46:45 PM  CPU    %usr   %nice    %sys %iowait    %irq   %soft  %steal  %guest  %gnice   %idle
09:46:46 PM    0   35.05    0.00   17.53    0.00    0.00    8.25    0.00    0.00    0.00   39.18
09:46:46 PM    1   22.89    0.00    9.64    0.00    0.00    3.61    0.00    0.00    0.00   63.86

09:46:46 PM  CPU    %usr   %nice    %sys %iowait    %irq   %soft  %steal  %guest  %gnice   %idle
09:46:47 PM    0   34.74    0.00   18.95    0.00    0.00    6.32    0.00    0.00    0.00   40.00
09:46:47 PM    1   20.25    0.00   12.66    0.00    0.00    1.27    0.00    0.00    0.00   65.82

09:46:47 PM  CPU    %usr   %nice    %sys %iowait    %irq   %soft  %steal  %guest  %gnice   %idle
09:46:48 PM    0   36.84    0.00   15.79    0.00    0.00    8.42    0.00    0.00    0.00   38.95
09:46:48 PM    1   23.81    0.00   11.90    0.00    0.00    2.38    0.00    0.00    0.00   61.90

09:46:48 PM  CPU    %usr   %nice    %sys %iowait    %irq   %soft  %steal  %guest  %gnice   %idle
09:46:49 PM    0   36.96    0.00   18.48    0.00    0.00    5.43    0.00    0.00    0.00   39.13
09:46:49 PM    1   26.74    0.00   10.47    0.00    0.00    3.49    0.00    0.00    0.00   59.30

09:46:49 PM  CPU    %usr   %nice    %sys %iowait    %irq   %soft  %steal  %guest  %gnice   %idle
09:46:50 PM    0   35.16    0.00   15.38    0.00    0.00    6.59    0.00    0.00    0.00   42.86
09:46:50 PM    1   27.38    0.00    5.95    0.00    0.00    3.57    0.00    0.00    0.00   63.10

09:46:50 PM  CPU    %usr   %nice    %sys %iowait    %irq   %soft  %steal  %guest  %gnice   %idle
09:46:51 PM    0   36.17    0.00   19.15    0.00    0.00    4.26    0.00    0.00    0.00   40.43
09:46:51 PM    1   23.17    0.00    9.76    0.00    0.00    2.44    0.00    0.00    0.00   64.63

09:46:51 PM  CPU    %usr   %nice    %sys %iowait    %irq   %soft  %steal  %guest  %gnice   %idle
09:46:52 PM    0   35.48    0.00   17.20    0.00    0.00    4.30    0.00    0.00    0.00   43.01
09:46:52 PM    1   22.50    0.00   10.00    0.00    0.00    0.00    0.00    0.00    0.00   67.50

09:46:52 PM  CPU    %usr   %nice    %sys %iowait    %irq   %soft  %steal  %guest  %gnice   %idle
09:46:53 PM    0   37.23    0.00   17.02    0.00    0.00    6.38    0.00    0.00    0.00   39.36
09:46:53 PM    1   24.10    0.00   10.84    0.00    0.00    2.41    0.00    0.00    0.00   62.65

09:46:53 PM  CPU    %usr   %nice    %sys %iowait    %irq   %soft  %steal  %guest  %gnice   %idle
09:46:54 PM    0   34.38    0.00   15.62    0.00    0.00    8.33    0.00    0.00    0.00   41.67
09:46:54 PM    1   23.17    0.00    7.32    0.00    0.00    3.66    0.00    0.00    0.00   65.85

09:46:54 PM  CPU    %usr   %nice    %sys %iowait    %irq   %soft  %steal  %guest  %gnice   %idle
09:46:55 PM    0   32.29    0.00   21.88    0.00    0.00    7.29    0.00    0.00    0.00   38.54
09:46:55 PM    1   24.71    0.00   10.59    0.00    0.00    3.53    0.00    0.00    0.00   61.18

09:46:55 PM  CPU    %usr   %nice    %sys %iowait    %irq   %soft  %steal  %guest  %gnice   %idle
09:46:56 PM    0   30.77    0.00   20.88    0.00    0.00    7.69    0.00    0.00    0.00   40.66
09:46:56 PM    1   25.61    0.00    7.32    0.00    0.00    3.66    0.00    0.00    0.00   63.41

09:46:56 PM  CPU    %usr   %nice    %sys %iowait    %irq   %soft  %steal  %guest  %gnice   %idle
09:46:57 PM    0   37.23    0.00   13.83    0.00    0.00    5.32    0.00    0.00    0.00   43.62
09:46:57 PM    1   24.10    0.00   10.84    0.00    0.00    1.20    0.00    0.00    0.00   63.86

09:46:57 PM  CPU    %usr   %nice    %sys %iowait    %irq   %soft  %steal  %guest  %gnice   %idle
09:46:58 PM    0   38.46    0.00   17.58    0.00    0.00    4.40    0.00    0.00    0.00   39.56
09:46:58 PM    1   23.46    0.00   11.11    0.00    0.00    2.47    0.00    0.00    0.00   62.96

09:46:58 PM  CPU    %usr   %nice    %sys %iowait    %irq   %soft  %steal  %guest  %gnice   %idle
09:46:59 PM    0   37.23    0.00   17.02    0.00    0.00    4.26    0.00    0.00    0.00   41.49
09:46:59 PM    1   21.95    0.00    8.54    0.00    0.00    4.88    0.00    0.00    0.00   64.63

09:46:59 PM  CPU    %usr   %nice    %sys %iowait    %irq   %soft  %steal  %guest  %gnice   %idle
09:47:00 PM    0   37.89    0.00   17.89    0.00    0.00    6.32    0.00    0.00    0.00   37.89
09:47:00 PM    1   25.61    0.00   10.98    0.00    0.00    2.44    0.00    0.00    0.00   60.98

09:47:00 PM  CPU    %usr   %nice    %sys %iowait    %irq   %soft  %steal  %guest  %gnice   %idle
09:47:01 PM    0   34.02    0.00   20.62    0.00    0.00    6.19    0.00    0.00    0.00   39.18
09:47:01 PM    1   25.32    0.00    6.33    0.00    0.00    2.53    0.00    0.00    0.00   65.82

09:47:01 PM  CPU    %usr   %nice    %sys %iowait    %irq   %soft  %steal  %guest  %gnice   %idle
09:47:02 PM    0   34.04    0.00   21.28    0.00    0.00    5.32    0.00    0.00    0.00   39.36
09:47:02 PM    1   28.40    0.00    6.17    0.00    0.00    2.47    0.00    0.00    0.00   62.96

09:47:02 PM  CPU    %usr   %nice    %sys %iowait    %irq   %soft  %steal  %guest  %gnice   %idle
09:47:03 PM    0   39.78    0.00   13.98    0.00    0.00    6.45    0.00    0.00    0.00   39.78
09:47:03 PM    1   26.51    0.00    9.64    0.00    0.00    2.41    0.00    0.00    0.00   61.45

09:47:03 PM  CPU    %usr   %nice    %sys %iowait    %irq   %soft  %steal  %guest  %gnice   %idle
09:47:04 PM    0   35.48    0.00   19.35    0.00    0.00    5.38    0.00    0.00    0.00   39.78
09:47:04 PM    1   23.46    0.00    8.64    0.00    0.00    2.47    0.00    0.00    0.00   65.43

09:47:04 PM  CPU    %usr   %nice    %sys %iowait    %irq   %soft  %steal  %guest  %gnice   %idle
09:47:05 PM    0   33.70    0.00   20.65    0.00    0.00    4.35    0.00    0.00    0.00   41.30
09:47:05 PM    1   25.30    0.00    9.64    0.00    0.00    2.41    0.00    0.00    0.00   62.65

Average:     CPU    %usr   %nice    %sys %iowait    %irq   %soft  %steal  %guest  %gnice   %idle
Average:       0   35.22    0.00   17.98    0.00    0.00    6.43    0.00    0.00    0.00   40.37
Average:       1   24.31    0.00    9.34    0.00    0.00    2.67    0.00    0.00    0.00   63.69
