Linux 5.3.0-59-generic (ericmei) 	06/29/2020 	_x86_64_	(12 CPU)

09:58:10 PM  CPU    %usr   %nice    %sys %iowait    %irq   %soft  %steal  %guest  %gnice   %idle
09:58:11 PM    0   36.56    0.00   18.28    0.00    0.00    5.38    0.00    0.00    0.00   39.78
09:58:11 PM    1   25.88    0.00   11.76    0.00    0.00    2.35    0.00    0.00    0.00   60.00

09:58:11 PM  CPU    %usr   %nice    %sys %iowait    %irq   %soft  %steal  %guest  %gnice   %idle
09:58:12 PM    0   32.63    0.00   20.00    0.00    0.00    7.37    0.00    0.00    0.00   40.00
09:58:12 PM    1   21.69    0.00   12.05    0.00    0.00    3.61    0.00    0.00    0.00   62.65

09:58:12 PM  CPU    %usr   %nice    %sys %iowait    %irq   %soft  %steal  %guest  %gnice   %idle
09:58:13 PM    0   34.78    0.00   18.48    0.00    0.00    5.43    0.00    0.00    0.00   41.30
09:58:13 PM    1   21.95    0.00    9.76    0.00    0.00    2.44    0.00    0.00    0.00   65.85

09:58:13 PM  CPU    %usr   %nice    %sys %iowait    %irq   %soft  %steal  %guest  %gnice   %idle
09:58:14 PM    0   34.41    0.00   18.28    0.00    0.00    6.45    0.00    0.00    0.00   40.86
09:58:14 PM    1   24.69    0.00    9.88    0.00    0.00    2.47    0.00    0.00    0.00   62.96

09:58:14 PM  CPU    %usr   %nice    %sys %iowait    %irq   %soft  %steal  %guest  %gnice   %idle
09:58:15 PM    0   37.50    0.00   18.75    0.00    0.00    5.21    0.00    0.00    0.00   38.54
09:58:15 PM    1   23.46    0.00    9.88    0.00    0.00    2.47    0.00    0.00    0.00   64.20

09:58:15 PM  CPU    %usr   %nice    %sys %iowait    %irq   %soft  %steal  %guest  %gnice   %idle
09:58:16 PM    0   34.38    0.00   17.71    0.00    0.00    8.33    0.00    0.00    0.00   39.58
09:58:16 PM    1   23.75    0.00    8.75    0.00    0.00    1.25    0.00    0.00    0.00   66.25

09:58:16 PM  CPU    %usr   %nice    %sys %iowait    %irq   %soft  %steal  %guest  %gnice   %idle
09:58:17 PM    0   35.11    0.00   18.09    0.00    0.00    7.45    0.00    0.00    0.00   39.36
09:58:17 PM    1   25.61    0.00    7.32    0.00    0.00    4.88    0.00    0.00    0.00   62.20

09:58:17 PM  CPU    %usr   %nice    %sys %iowait    %irq   %soft  %steal  %guest  %gnice   %idle
09:58:18 PM    0   35.42    0.00   18.75    0.00    0.00    5.21    0.00    0.00    0.00   40.62
09:58:18 PM    1   24.42    0.00    9.30    0.00    0.00    4.65    0.00    0.00    0.00   61.63

09:58:18 PM  CPU    %usr   %nice    %sys %iowait    %irq   %soft  %steal  %guest  %gnice   %idle
09:58:19 PM    0   33.33    0.00   19.35    0.00    0.00    7.53    0.00    0.00    0.00   39.78
09:58:19 PM    1   25.00    0.00    8.75    0.00    0.00    2.50    0.00    0.00    0.00   63.75

09:58:19 PM  CPU    %usr   %nice    %sys %iowait    %irq   %soft  %steal  %guest  %gnice   %idle
09:58:20 PM    0   32.61    0.00   16.30    0.00    0.00    9.78    0.00    0.00    0.00   41.30
09:58:20 PM    1   25.88    0.00    9.41    0.00    0.00    3.53    0.00    0.00    0.00   61.18

09:58:20 PM  CPU    %usr   %nice    %sys %iowait    %irq   %soft  %steal  %guest  %gnice   %idle
09:58:21 PM    0   36.96    0.00   20.65    0.00    0.00    2.17    0.00    0.00    0.00   40.22
09:58:21 PM    1   25.30    0.00    8.43    0.00    0.00    4.82    0.00    0.00    0.00   61.45

09:58:21 PM  CPU    %usr   %nice    %sys %iowait    %irq   %soft  %steal  %guest  %gnice   %idle
09:58:22 PM    0   37.50    0.00   18.75    0.00    0.00    5.21    0.00    0.00    0.00   38.54
09:58:22 PM    1   22.62    0.00   13.10    0.00    0.00    3.57    0.00    0.00    0.00   60.71

09:58:22 PM  CPU    %usr   %nice    %sys %iowait    %irq   %soft  %steal  %guest  %gnice   %idle
09:58:23 PM    0   35.48    0.00   16.13    0.00    0.00    6.45    0.00    0.00    0.00   41.94
09:58:23 PM    1   21.43    0.00    8.33    0.00    0.00    4.76    0.00    0.00    0.00   65.48

09:58:23 PM  CPU    %usr   %nice    %sys %iowait    %irq   %soft  %steal  %guest  %gnice   %idle
09:58:24 PM    0   39.36    0.00   17.02    0.00    0.00    5.32    0.00    0.00    0.00   38.30
09:58:24 PM    1   26.51    0.00    9.64    0.00    0.00    2.41    0.00    0.00    0.00   61.45

09:58:24 PM  CPU    %usr   %nice    %sys %iowait    %irq   %soft  %steal  %guest  %gnice   %idle
09:58:25 PM    0   37.63    0.00   13.98    0.00    0.00    8.60    0.00    0.00    0.00   39.78
09:58:25 PM    1   25.29    0.00   12.64    0.00    0.00    2.30    0.00    0.00    0.00   59.77

09:58:25 PM  CPU    %usr   %nice    %sys %iowait    %irq   %soft  %steal  %guest  %gnice   %idle
09:58:26 PM    0   32.61    0.00   16.30    0.00    0.00    8.70    0.00    0.00    0.00   42.39
09:58:26 PM    1   24.10    0.00    9.64    0.00    0.00    2.41    0.00    0.00    0.00   63.86

09:58:26 PM  CPU    %usr   %nice    %sys %iowait    %irq   %soft  %steal  %guest  %gnice   %idle
09:58:27 PM    0   35.96    0.00   14.61    0.00    0.00    6.74    0.00    0.00    0.00   42.70
09:58:27 PM    1   23.81    0.00   11.90    0.00    0.00    2.38    0.00    0.00    0.00   61.90

09:58:27 PM  CPU    %usr   %nice    %sys %iowait    %irq   %soft  %steal  %guest  %gnice   %idle
09:58:28 PM    0   33.33    0.00   18.28    0.00    0.00    8.60    0.00    0.00    0.00   39.78
09:58:28 PM    1   25.30    0.00   10.84    0.00    0.00    1.20    0.00    0.00    0.00   62.65

09:58:28 PM  CPU    %usr   %nice    %sys %iowait    %irq   %soft  %steal  %guest  %gnice   %idle
09:58:29 PM    0   32.29    0.00   17.71    0.00    0.00   10.42    0.00    0.00    0.00   39.58
09:58:29 PM    1   22.22    0.00    9.88    0.00    0.00    3.70    0.00    0.00    0.00   64.20

09:58:29 PM  CPU    %usr   %nice    %sys %iowait    %irq   %soft  %steal  %guest  %gnice   %idle
09:58:30 PM    0   36.96    0.00   14.13    0.00    0.00    7.61    0.00    0.00    0.00   41.30
09:58:30 PM    1   24.71    0.00    9.41    0.00    0.00    3.53    0.00    0.00    0.00   62.35

09:58:30 PM  CPU    %usr   %nice    %sys %iowait    %irq   %soft  %steal  %guest  %gnice   %idle
09:58:31 PM    0   36.17    0.00   18.09    0.00    0.00    5.32    0.00    0.00    0.00   40.43
09:58:31 PM    1   24.69    0.00    9.88    0.00    0.00    1.23    0.00    0.00    0.00   64.20

09:58:31 PM  CPU    %usr   %nice    %sys %iowait    %irq   %soft  %steal  %guest  %gnice   %idle
09:58:32 PM    0   37.63    0.00   15.05    0.00    0.00    6.45    0.00    0.00    0.00   40.86
09:58:32 PM    1   22.89    0.00   12.05    0.00    0.00    2.41    0.00    0.00    0.00   62.65

09:58:32 PM  CPU    %usr   %nice    %sys %iowait    %irq   %soft  %steal  %guest  %gnice   %idle
09:58:33 PM    0   40.86    0.00   12.90    0.00    0.00    5.38    0.00    0.00    0.00   40.86
09:58:33 PM    1   25.00    0.00    9.52    0.00    0.00    3.57    0.00    0.00    0.00   61.90

09:58:33 PM  CPU    %usr   %nice    %sys %iowait    %irq   %soft  %steal  %guest  %gnice   %idle
09:58:34 PM    0   36.56    0.00   18.28    0.00    0.00    4.30    0.00    0.00    0.00   40.86
09:58:34 PM    1   27.16    0.00    6.17    0.00    0.00    1.23    0.00    0.00    0.00   65.43

09:58:34 PM  CPU    %usr   %nice    %sys %iowait    %irq   %soft  %steal  %guest  %gnice   %idle
09:58:35 PM    0   34.07    0.00   19.78    0.00    0.00    5.49    0.00    0.00    0.00   40.66
09:58:35 PM    1   23.81    0.00   10.71    0.00    0.00    3.57    0.00    0.00    0.00   61.90

09:58:35 PM  CPU    %usr   %nice    %sys %iowait    %irq   %soft  %steal  %guest  %gnice   %idle
09:58:36 PM    0   34.44    0.00   17.78    0.00    0.00    6.67    0.00    0.00    0.00   41.11
09:58:36 PM    1   25.61    0.00    9.76    0.00    0.00    1.22    0.00    0.00    0.00   63.41

09:58:36 PM  CPU    %usr   %nice    %sys %iowait    %irq   %soft  %steal  %guest  %gnice   %idle
09:58:37 PM    0   35.16    0.00   18.68    0.00    0.00    5.49    0.00    0.00    0.00   40.66
09:58:37 PM    1   21.95    0.00   12.20    0.00    0.00    2.44    0.00    0.00    0.00   63.41

09:58:37 PM  CPU    %usr   %nice    %sys %iowait    %irq   %soft  %steal  %guest  %gnice   %idle
09:58:38 PM    0   34.38    0.00   15.62    0.00    0.00    9.38    0.00    0.00    0.00   40.62
09:58:38 PM    1   25.93    0.00    7.41    0.00    0.00    1.23    0.00    0.00    0.00   65.43

09:58:38 PM  CPU    %usr   %nice    %sys %iowait    %irq   %soft  %steal  %guest  %gnice   %idle
09:58:39 PM    0   36.84    0.00   15.79    0.00    0.00    8.42    0.00    0.00    0.00   38.95
09:58:39 PM    1   21.43    0.00   11.90    0.00    0.00    4.76    0.00    0.00    0.00   61.90

09:58:39 PM  CPU    %usr   %nice    %sys %iowait    %irq   %soft  %steal  %guest  %gnice   %idle
09:58:40 PM    0   31.58    0.00   20.00    0.00    0.00    8.42    0.00    0.00    0.00   40.00
09:58:40 PM    1   24.39    0.00    8.54    0.00    0.00    3.66    0.00    0.00    0.00   63.41

09:58:40 PM  CPU    %usr   %nice    %sys %iowait    %irq   %soft  %steal  %guest  %gnice   %idle
09:58:41 PM    0   32.97    0.00   16.48    0.00    0.00    7.69    0.00    0.00    0.00   42.86
09:58:41 PM    1   28.24    0.00    8.24    0.00    0.00    1.18    0.00    0.00    0.00   62.35

09:58:41 PM  CPU    %usr   %nice    %sys %iowait    %irq   %soft  %steal  %guest  %gnice   %idle
09:58:42 PM    0   34.74    0.00   18.95    0.00    0.00    6.32    0.00    0.00    0.00   40.00
09:58:42 PM    1   22.89    0.00    9.64    0.00    0.00    4.82    0.00    0.00    0.00   62.65

09:58:42 PM  CPU    %usr   %nice    %sys %iowait    %irq   %soft  %steal  %guest  %gnice   %idle
09:58:43 PM    0   31.46    0.00   19.10    0.00    0.00    6.74    0.00    0.00    0.00   42.70
09:58:43 PM    1   25.61    0.00    8.54    0.00    0.00    2.44    0.00    0.00    0.00   63.41

09:58:43 PM  CPU    %usr   %nice    %sys %iowait    %irq   %soft  %steal  %guest  %gnice   %idle
09:58:44 PM    0   34.78    0.00   16.30    0.00    0.00    7.61    0.00    0.00    0.00   41.30
09:58:44 PM    1   29.07    0.00    6.98    0.00    0.00    2.33    0.00    0.00    0.00   61.63

09:58:44 PM  CPU    %usr   %nice    %sys %iowait    %irq   %soft  %steal  %guest  %gnice   %idle
09:58:45 PM    0   38.14    0.00   14.43    0.00    0.00    8.25    0.00    0.00    0.00   39.18
09:58:45 PM    1   26.19    0.00    9.52    0.00    0.00    3.57    0.00    0.00    0.00   60.71

09:58:45 PM  CPU    %usr   %nice    %sys %iowait    %irq   %soft  %steal  %guest  %gnice   %idle
09:58:46 PM    0   35.79    0.00   16.84    0.00    0.00    5.26    0.00    0.00    0.00   42.11
09:58:46 PM    1   25.61    0.00    6.10    0.00    0.00    2.44    0.00    0.00    0.00   65.85

09:58:46 PM  CPU    %usr   %nice    %sys %iowait    %irq   %soft  %steal  %guest  %gnice   %idle
09:58:47 PM    0   34.41    0.00   17.20    0.00    0.00    7.53    0.00    0.00    0.00   40.86
09:58:47 PM    1   25.93    0.00    7.41    0.00    0.00    2.47    0.00    0.00    0.00   64.20

09:58:47 PM  CPU    %usr   %nice    %sys %iowait    %irq   %soft  %steal  %guest  %gnice   %idle
09:58:48 PM    0   30.11    0.00   19.35    0.00    0.00    8.60    0.00    0.00    0.00   41.94
09:58:48 PM    1   27.71    0.00    6.02    0.00    0.00    2.41    0.00    0.00    0.00   63.86

09:58:48 PM  CPU    %usr   %nice    %sys %iowait    %irq   %soft  %steal  %guest  %gnice   %idle
09:58:49 PM    0   34.41    0.00   17.20    0.00    0.00    8.60    0.00    0.00    0.00   39.78
09:58:49 PM    1   20.48    0.00    9.64    0.00    0.00    6.02    0.00    0.00    0.00   63.86

09:58:49 PM  CPU    %usr   %nice    %sys %iowait    %irq   %soft  %steal  %guest  %gnice   %idle
09:58:50 PM    0   34.02    0.00   19.59    0.00    0.00    7.22    0.00    0.00    0.00   39.18
09:58:50 PM    1   23.46    0.00   11.11    0.00    0.00    1.23    0.00    0.00    0.00   64.20

09:58:50 PM  CPU    %usr   %nice    %sys %iowait    %irq   %soft  %steal  %guest  %gnice   %idle
09:58:51 PM    0   37.63    0.00   16.13    0.00    0.00    4.30    0.00    0.00    0.00   41.94
09:58:51 PM    1   23.81    0.00    9.52    0.00    0.00    2.38    0.00    0.00    0.00   64.29

09:58:51 PM  CPU    %usr   %nice    %sys %iowait    %irq   %soft  %steal  %guest  %gnice   %idle
09:58:52 PM    0   33.33    0.00   21.51    0.00    0.00    5.38    0.00    0.00    0.00   39.78
09:58:52 PM    1   21.69    0.00   10.84    0.00    0.00    6.02    0.00    0.00    0.00   61.45

09:58:52 PM  CPU    %usr   %nice    %sys %iowait    %irq   %soft  %steal  %guest  %gnice   %idle
09:58:53 PM    0   33.33    0.00   17.20    0.00    0.00    8.60    0.00    0.00    0.00   40.86
09:58:53 PM    1   26.19    0.00    9.52    0.00    0.00    1.19    0.00    0.00    0.00   63.10

09:58:53 PM  CPU    %usr   %nice    %sys %iowait    %irq   %soft  %steal  %guest  %gnice   %idle
09:58:54 PM    0   35.48    0.00   15.05    0.00    0.00    7.53    0.00    0.00    0.00   41.94
09:58:54 PM    1   19.51    0.00   13.41    0.00    0.00    2.44    0.00    0.00    0.00   64.63

09:58:54 PM  CPU    %usr   %nice    %sys %iowait    %irq   %soft  %steal  %guest  %gnice   %idle
09:58:55 PM    0   34.04    0.00   19.15    0.00    0.00    7.45    0.00    0.00    0.00   39.36
09:58:55 PM    1   25.30    0.00    8.43    0.00    0.00    3.61    0.00    0.00    0.00   62.65

09:58:55 PM  CPU    %usr   %nice    %sys %iowait    %irq   %soft  %steal  %guest  %gnice   %idle
09:58:56 PM    0   31.96    0.00   18.56    0.00    0.00    8.25    0.00    0.00    0.00   41.24
09:58:56 PM    1   24.10    0.00    8.43    0.00    0.00    3.61    0.00    0.00    0.00   63.86

09:58:56 PM  CPU    %usr   %nice    %sys %iowait    %irq   %soft  %steal  %guest  %gnice   %idle
09:58:57 PM    0   31.91    0.00   17.02    0.00    0.00   10.64    0.00    0.00    0.00   40.43
09:58:57 PM    1   25.32    0.00    6.33    0.00    0.00    1.27    0.00    0.00    0.00   67.09

09:58:57 PM  CPU    %usr   %nice    %sys %iowait    %irq   %soft  %steal  %guest  %gnice   %idle
09:58:58 PM    0   33.70    0.00   18.48    0.00    0.00    5.43    0.00    0.00    0.00   42.39
09:58:58 PM    1   21.95    0.00   10.98    0.00    0.00    2.44    0.00    0.00    0.00   64.63

09:58:58 PM  CPU    %usr   %nice    %sys %iowait    %irq   %soft  %steal  %guest  %gnice   %idle
09:58:59 PM    0   34.41    0.00   18.28    0.00    0.00    6.45    0.00    0.00    0.00   40.86
09:58:59 PM    1   25.00    0.00    9.52    0.00    0.00    2.38    0.00    0.00    0.00   63.10

09:58:59 PM  CPU    %usr   %nice    %sys %iowait    %irq   %soft  %steal  %guest  %gnice   %idle
09:59:00 PM    0   36.73    0.00   17.35    0.00    0.00    8.16    0.00    0.00    0.00   37.76
09:59:00 PM    1   28.57    0.00    8.33    0.00    0.00    3.57    0.00    0.00    0.00   59.52

09:59:00 PM  CPU    %usr   %nice    %sys %iowait    %irq   %soft  %steal  %guest  %gnice   %idle
09:59:01 PM    0   32.26    0.00   18.28    0.00    0.00    7.53    0.00    0.00    0.00   41.94
09:59:01 PM    1   26.51    0.00    8.43    0.00    0.00    2.41    0.00    0.00    0.00   62.65

09:59:01 PM  CPU    %usr   %nice    %sys %iowait    %irq   %soft  %steal  %guest  %gnice   %idle
09:59:02 PM    0   32.61    0.00   20.65    0.00    0.00    6.52    0.00    0.00    0.00   40.22
09:59:02 PM    1   26.51    0.00    7.23    0.00    0.00    3.61    0.00    0.00    0.00   62.65

09:59:02 PM  CPU    %usr   %nice    %sys %iowait    %irq   %soft  %steal  %guest  %gnice   %idle
09:59:03 PM    0   34.69    0.00   17.35    0.00    0.00    8.16    0.00    0.00    0.00   39.80
09:59:03 PM    1   22.89    0.00    9.64    0.00    0.00    3.61    0.00    0.00    0.00   63.86

09:59:03 PM  CPU    %usr   %nice    %sys %iowait    %irq   %soft  %steal  %guest  %gnice   %idle
09:59:04 PM    0   38.30    0.00   14.89    0.00    0.00    6.38    0.00    0.00    0.00   40.43
09:59:04 PM    1   22.78    0.00    8.86    0.00    0.00    2.53    0.00    0.00    0.00   65.82

09:59:04 PM  CPU    %usr   %nice    %sys %iowait    %irq   %soft  %steal  %guest  %gnice   %idle
09:59:05 PM    0   34.78    0.00   16.30    0.00    0.00    6.52    0.00    0.00    0.00   42.39
09:59:05 PM    1   24.39    0.00    9.76    0.00    0.00    1.22    0.00    0.00    0.00   64.63

09:59:05 PM  CPU    %usr   %nice    %sys %iowait    %irq   %soft  %steal  %guest  %gnice   %idle
09:59:06 PM    0   33.33    0.00   16.67    0.00    0.00   10.42    0.00    0.00    0.00   39.58
09:59:06 PM    1   24.39    0.00    7.32    0.00    0.00    3.66    0.00    0.00    0.00   64.63

09:59:06 PM  CPU    %usr   %nice    %sys %iowait    %irq   %soft  %steal  %guest  %gnice   %idle
09:59:07 PM    0   38.04    0.00   18.48    0.00    0.00    4.35    0.00    0.00    0.00   39.13
09:59:07 PM    1   25.93    0.00    7.41    0.00    0.00    2.47    0.00    0.00    0.00   64.20

09:59:07 PM  CPU    %usr   %nice    %sys %iowait    %irq   %soft  %steal  %guest  %gnice   %idle
09:59:08 PM    0   36.08    0.00   15.46    0.00    0.00    9.28    0.00    0.00    0.00   39.18
09:59:08 PM    1   24.69    0.00   11.11    0.00    0.00    0.00    0.00    0.00    0.00   64.20

09:59:08 PM  CPU    %usr   %nice    %sys %iowait    %irq   %soft  %steal  %guest  %gnice   %idle
09:59:09 PM    0   31.91    0.00   19.15    0.00    0.00    9.57    0.00    0.00    0.00   39.36
09:59:09 PM    1   26.51    0.00    7.23    0.00    0.00    3.61    0.00    0.00    0.00   62.65

09:59:09 PM  CPU    %usr   %nice    %sys %iowait    %irq   %soft  %steal  %guest  %gnice   %idle
09:59:10 PM    0   31.52    0.00   19.57    0.00    0.00    8.70    0.00    0.00    0.00   40.22
09:59:10 PM    1   20.48    0.00    8.43    0.00    0.00    6.02    0.00    0.00    0.00   65.06

09:59:10 PM  CPU    %usr   %nice    %sys %iowait    %irq   %soft  %steal  %guest  %gnice   %idle
09:59:11 PM    0   33.70    0.00   19.57    0.00    0.00    5.43    0.00    0.00    0.00   41.30
09:59:11 PM    1   22.89    0.00    9.64    0.00    0.00    4.82    0.00    0.00    0.00   62.65

09:59:11 PM  CPU    %usr   %nice    %sys %iowait    %irq   %soft  %steal  %guest  %gnice   %idle
09:59:12 PM    0   34.74    0.00   16.84    0.00    0.00    6.32    0.00    0.00    0.00   42.11
09:59:12 PM    1   26.83    0.00    7.32    0.00    0.00    0.00    0.00    0.00    0.00   65.85

09:59:12 PM  CPU    %usr   %nice    %sys %iowait    %irq   %soft  %steal  %guest  %gnice   %idle
09:59:13 PM    0   32.26    0.00   19.35    0.00    0.00    8.60    0.00    0.00    0.00   39.78
09:59:13 PM    1   20.73    0.00   13.41    0.00    0.00    2.44    0.00    0.00    0.00   63.41

09:59:13 PM  CPU    %usr   %nice    %sys %iowait    %irq   %soft  %steal  %guest  %gnice   %idle
09:59:14 PM    0   31.91    0.00   18.09    0.00    0.00    7.45    0.00    0.00    0.00   42.55
09:59:14 PM    1   23.17    0.00    9.76    0.00    0.00    1.22    0.00    0.00    0.00   65.85

09:59:14 PM  CPU    %usr   %nice    %sys %iowait    %irq   %soft  %steal  %guest  %gnice   %idle
09:59:15 PM    0   35.42    0.00   17.71    0.00    0.00    6.25    0.00    0.00    0.00   40.62
09:59:15 PM    1   24.69    0.00    8.64    0.00    0.00    1.23    0.00    0.00    0.00   65.43

09:59:15 PM  CPU    %usr   %nice    %sys %iowait    %irq   %soft  %steal  %guest  %gnice   %idle
09:59:16 PM    0   37.36    0.00   14.29    0.00    0.00    6.59    0.00    0.00    0.00   41.76
09:59:16 PM    1   23.53    0.00   10.59    0.00    0.00    4.71    0.00    0.00    0.00   61.18

09:59:16 PM  CPU    %usr   %nice    %sys %iowait    %irq   %soft  %steal  %guest  %gnice   %idle
09:59:17 PM    0   38.95    0.00   12.63    0.00    0.00    8.42    0.00    0.00    0.00   40.00
09:59:17 PM    1   22.62    0.00    8.33    0.00    0.00    4.76    0.00    0.00    0.00   64.29

09:59:17 PM  CPU    %usr   %nice    %sys %iowait    %irq   %soft  %steal  %guest  %gnice   %idle
09:59:18 PM    0   37.11    0.00   15.46    0.00    0.00    8.25    0.00    0.00    0.00   39.18
09:59:18 PM    1   20.99    0.00    9.88    0.00    0.00    2.47    0.00    0.00    0.00   66.67

09:59:18 PM  CPU    %usr   %nice    %sys %iowait    %irq   %soft  %steal  %guest  %gnice   %idle
09:59:19 PM    0   33.68    0.00   17.89    0.00    0.00    7.37    0.00    0.00    0.00   41.05
09:59:19 PM    1   22.89    0.00    9.64    0.00    0.00    2.41    0.00    0.00    0.00   65.06

09:59:19 PM  CPU    %usr   %nice    %sys %iowait    %irq   %soft  %steal  %guest  %gnice   %idle
09:59:20 PM    0   34.41    0.00   19.35    0.00    0.00    5.38    0.00    0.00    0.00   40.86
09:59:20 PM    1   24.39    0.00    8.54    0.00    0.00    2.44    0.00    0.00    0.00   64.63

09:59:20 PM  CPU    %usr   %nice    %sys %iowait    %irq   %soft  %steal  %guest  %gnice   %idle
09:59:21 PM    0   31.25    0.00   17.71    0.00    0.00   10.42    0.00    0.00    0.00   40.62
09:59:21 PM    1   25.00    0.00    8.33    0.00    0.00    2.38    0.00    0.00    0.00   64.29

09:59:21 PM  CPU    %usr   %nice    %sys %iowait    %irq   %soft  %steal  %guest  %gnice   %idle
09:59:22 PM    0   37.50    0.00   16.67    0.00    0.00    6.25    0.00    0.00    0.00   39.58
09:59:22 PM    1   21.69    0.00   12.05    0.00    0.00    2.41    0.00    0.00    0.00   63.86

09:59:22 PM  CPU    %usr   %nice    %sys %iowait    %irq   %soft  %steal  %guest  %gnice   %idle
09:59:23 PM    0   33.70    0.00   17.39    0.00    0.00    6.52    0.00    0.00    0.00   42.39
09:59:23 PM    1   21.43    0.00    8.33    0.00    0.00    7.14    0.00    0.00    0.00   63.10

09:59:23 PM  CPU    %usr   %nice    %sys %iowait    %irq   %soft  %steal  %guest  %gnice   %idle
09:59:24 PM    0   36.84    0.00   20.00    0.00    0.00    4.21    0.00    0.00    0.00   38.95
09:59:24 PM    1   26.51    0.00    8.43    0.00    0.00    2.41    0.00    0.00    0.00   62.65

09:59:24 PM  CPU    %usr   %nice    %sys %iowait    %irq   %soft  %steal  %guest  %gnice   %idle
09:59:25 PM    0   37.23    0.00   13.83    0.00    0.00    8.51    0.00    0.00    0.00   40.43
09:59:25 PM    1   23.81    0.00   11.90    0.00    0.00    2.38    0.00    0.00    0.00   61.90

09:59:25 PM  CPU    %usr   %nice    %sys %iowait    %irq   %soft  %steal  %guest  %gnice   %idle
09:59:26 PM    0   40.66    0.00   10.99    0.00    0.00    6.59    0.00    0.00    0.00   41.76
09:59:26 PM    1   22.50    0.00    7.50    0.00    0.00    3.75    0.00    0.00    0.00   66.25

09:59:26 PM  CPU    %usr   %nice    %sys %iowait    %irq   %soft  %steal  %guest  %gnice   %idle
09:59:27 PM    0   32.61    0.00   19.57    0.00    0.00    6.52    0.00    0.00    0.00   41.30
09:59:27 PM    1   21.69    0.00    9.64    0.00    0.00    4.82    0.00    0.00    0.00   63.86

09:59:27 PM  CPU    %usr   %nice    %sys %iowait    %irq   %soft  %steal  %guest  %gnice   %idle
09:59:28 PM    0   37.89    0.00   17.89    0.00    0.00    4.21    0.00    0.00    0.00   40.00
09:59:28 PM    1   21.69    0.00   12.05    0.00    0.00    3.61    0.00    0.00    0.00   62.65

09:59:28 PM  CPU    %usr   %nice    %sys %iowait    %irq   %soft  %steal  %guest  %gnice   %idle
09:59:29 PM    0   33.33    0.00   16.67    0.00    0.00    9.38    0.00    0.00    0.00   40.62
09:59:29 PM    1   24.10    0.00    8.43    0.00    0.00    2.41    0.00    0.00    0.00   65.06

09:59:29 PM  CPU    %usr   %nice    %sys %iowait    %irq   %soft  %steal  %guest  %gnice   %idle
09:59:30 PM    0   31.18    0.00   21.51    0.00    0.00    6.45    0.00    0.00    0.00   40.86
09:59:30 PM    1   25.00    0.00    8.33    0.00    0.00    3.57    0.00    0.00    0.00   63.10

09:59:30 PM  CPU    %usr   %nice    %sys %iowait    %irq   %soft  %steal  %guest  %gnice   %idle
09:59:31 PM    0   34.41    0.00   20.43    0.00    0.00    5.38    0.00    0.00    0.00   39.78
09:59:31 PM    1   27.38    0.00    9.52    0.00    0.00    1.19    0.00    0.00    0.00   61.90

09:59:31 PM  CPU    %usr   %nice    %sys %iowait    %irq   %soft  %steal  %guest  %gnice   %idle
09:59:32 PM    0   35.42    0.00   14.58    0.00    0.00    9.38    0.00    0.00    0.00   40.62
09:59:32 PM    1   26.83    0.00    7.32    0.00    0.00    2.44    0.00    0.00    0.00   63.41

09:59:32 PM  CPU    %usr   %nice    %sys %iowait    %irq   %soft  %steal  %guest  %gnice   %idle
09:59:33 PM    0   34.02    0.00   21.65    0.00    0.00    5.15    0.00    0.00    0.00   39.18
09:59:33 PM    1   23.81    0.00   10.71    0.00    0.00    2.38    0.00    0.00    0.00   63.10

09:59:33 PM  CPU    %usr   %nice    %sys %iowait    %irq   %soft  %steal  %guest  %gnice   %idle
09:59:34 PM    0   33.33    0.00   21.11    0.00    0.00    4.44    0.00    0.00    0.00   41.11
09:59:34 PM    1   19.75    0.00   12.35    0.00    0.00    3.70    0.00    0.00    0.00   64.20

09:59:34 PM  CPU    %usr   %nice    %sys %iowait    %irq   %soft  %steal  %guest  %gnice   %idle
09:59:35 PM    0   32.26    0.00   22.58    0.00    0.00    3.23    0.00    0.00    0.00   41.94
09:59:35 PM    1   22.50    0.00   10.00    0.00    0.00    1.25    0.00    0.00    0.00   66.25

09:59:35 PM  CPU    %usr   %nice    %sys %iowait    %irq   %soft  %steal  %guest  %gnice   %idle
09:59:36 PM    0   37.23    0.00   17.02    0.00    0.00    5.32    0.00    0.00    0.00   40.43
09:59:36 PM    1   25.61    0.00    9.76    0.00    0.00    0.00    0.00    0.00    0.00   64.63

09:59:36 PM  CPU    %usr   %nice    %sys %iowait    %irq   %soft  %steal  %guest  %gnice   %idle
09:59:37 PM    0   36.96    0.00   16.30    0.00    0.00    6.52    0.00    0.00    0.00   40.22
09:59:37 PM    1   22.89    0.00   13.25    0.00    0.00    2.41    0.00    0.00    0.00   61.45

09:59:37 PM  CPU    %usr   %nice    %sys %iowait    %irq   %soft  %steal  %guest  %gnice   %idle
09:59:38 PM    0   33.33    0.00   16.13    0.00    0.00    9.68    0.00    0.00    0.00   40.86
09:59:38 PM    1   24.39    0.00    7.32    0.00    0.00    4.88    0.00    0.00    0.00   63.41

09:59:38 PM  CPU    %usr   %nice    %sys %iowait    %irq   %soft  %steal  %guest  %gnice   %idle
09:59:39 PM    0   32.61    0.00   21.74    0.00    0.00    4.35    0.00    0.00    0.00   41.30
09:59:39 PM    1   26.19    0.00    7.14    0.00    0.00    3.57    0.00    0.00    0.00   63.10

09:59:39 PM  CPU    %usr   %nice    %sys %iowait    %irq   %soft  %steal  %guest  %gnice   %idle
09:59:40 PM    0   34.07    0.00   17.58    0.00    0.00    5.49    0.00    0.00    0.00   42.86
09:59:40 PM    1   22.35    0.00   11.76    0.00    0.00    3.53    0.00    0.00    0.00   62.35

09:59:40 PM  CPU    %usr   %nice    %sys %iowait    %irq   %soft  %steal  %guest  %gnice   %idle
09:59:41 PM    0   34.78    0.00   21.74    0.00    0.00    4.35    0.00    0.00    0.00   39.13
09:59:41 PM    1   24.10    0.00   12.05    0.00    0.00    2.41    0.00    0.00    0.00   61.45

09:59:41 PM  CPU    %usr   %nice    %sys %iowait    %irq   %soft  %steal  %guest  %gnice   %idle
09:59:42 PM    0   35.11    0.00   21.28    0.00    0.00    3.19    0.00    0.00    0.00   40.43
09:59:42 PM    1   28.05    0.00    7.32    0.00    0.00    1.22    0.00    0.00    0.00   63.41

09:59:42 PM  CPU    %usr   %nice    %sys %iowait    %irq   %soft  %steal  %guest  %gnice   %idle
09:59:43 PM    0   35.48    0.00   17.20    0.00    0.00    5.38    0.00    0.00    0.00   41.94
09:59:43 PM    1   21.84    0.00   11.49    0.00    0.00    4.60    0.00    0.00    0.00   62.07

09:59:43 PM  CPU    %usr   %nice    %sys %iowait    %irq   %soft  %steal  %guest  %gnice   %idle
09:59:44 PM    0   34.02    0.00   17.53    0.00    0.00    9.28    0.00    0.00    0.00   39.18
09:59:44 PM    1   27.71    0.00    6.02    0.00    0.00    3.61    0.00    0.00    0.00   62.65

09:59:44 PM  CPU    %usr   %nice    %sys %iowait    %irq   %soft  %steal  %guest  %gnice   %idle
09:59:45 PM    0   35.11    0.00   19.15    0.00    0.00    5.32    0.00    0.00    0.00   40.43
09:59:45 PM    1   25.88    0.00    9.41    0.00    0.00    2.35    0.00    0.00    0.00   62.35

09:59:45 PM  CPU    %usr   %nice    %sys %iowait    %irq   %soft  %steal  %guest  %gnice   %idle
09:59:46 PM    0   38.89    0.00   15.56    0.00    0.00    3.33    0.00    0.00    0.00   42.22
09:59:46 PM    1   24.69    0.00    8.64    0.00    0.00    2.47    0.00    0.00    0.00   64.20

09:59:46 PM  CPU    %usr   %nice    %sys %iowait    %irq   %soft  %steal  %guest  %gnice   %idle
09:59:47 PM    0   37.89    0.00   15.79    0.00    0.00    7.37    0.00    0.00    0.00   38.95
09:59:47 PM    1   23.26    0.00    8.14    0.00    0.00    6.98    0.00    0.00    0.00   61.63

09:59:47 PM  CPU    %usr   %nice    %sys %iowait    %irq   %soft  %steal  %guest  %gnice   %idle
09:59:48 PM    0   33.33    0.00   18.75    0.00    0.00    8.33    0.00    0.00    0.00   39.58
09:59:48 PM    1   26.51    0.00    9.64    0.00    0.00    2.41    0.00    0.00    0.00   61.45

09:59:48 PM  CPU    %usr   %nice    %sys %iowait    %irq   %soft  %steal  %guest  %gnice   %idle
09:59:49 PM    0   34.78    0.00   16.30    0.00    0.00    6.52    0.00    0.00    0.00   42.39
09:59:49 PM    1   24.10    0.00    8.43    0.00    0.00    2.41    0.00    0.00    0.00   65.06

09:59:49 PM  CPU    %usr   %nice    %sys %iowait    %irq   %soft  %steal  %guest  %gnice   %idle
09:59:50 PM    0   36.56    0.00   18.28    0.00    0.00    4.30    0.00    0.00    0.00   40.86
09:59:50 PM    1   23.26    0.00    9.30    0.00    0.00    6.98    0.00    0.00    0.00   60.47

09:59:50 PM  CPU    %usr   %nice    %sys %iowait    %irq   %soft  %steal  %guest  %gnice   %idle
09:59:51 PM    0   34.38    0.00   19.79    0.00    0.00    7.29    0.00    0.00    0.00   38.54
09:59:51 PM    1   23.81    0.00   11.90    0.00    0.00    3.57    0.00    0.00    0.00   60.71

09:59:51 PM  CPU    %usr   %nice    %sys %iowait    %irq   %soft  %steal  %guest  %gnice   %idle
09:59:52 PM    0   30.53    0.00   20.00    0.00    0.00    7.37    0.00    0.00    0.00   42.11
09:59:52 PM    1   22.62    0.00   11.90    0.00    0.00    1.19    0.00    0.00    0.00   64.29

09:59:52 PM  CPU    %usr   %nice    %sys %iowait    %irq   %soft  %steal  %guest  %gnice   %idle
09:59:53 PM    0   34.04    0.00   19.15    0.00    0.00    5.32    0.00    0.00    0.00   41.49
09:59:53 PM    1   26.19    0.00    8.33    0.00    0.00    2.38    0.00    0.00    0.00   63.10

09:59:53 PM  CPU    %usr   %nice    %sys %iowait    %irq   %soft  %steal  %guest  %gnice   %idle
09:59:54 PM    0   30.11    0.00   19.35    0.00    0.00    8.60    0.00    0.00    0.00   41.94
09:59:54 PM    1   22.89    0.00   10.84    0.00    0.00    2.41    0.00    0.00    0.00   63.86

09:59:54 PM  CPU    %usr   %nice    %sys %iowait    %irq   %soft  %steal  %guest  %gnice   %idle
09:59:55 PM    0   34.74    0.00   18.95    0.00    0.00    7.37    0.00    0.00    0.00   38.95
09:59:55 PM    1   25.93    0.00    8.64    0.00    0.00    1.23    0.00    0.00    0.00   64.20

09:59:55 PM  CPU    %usr   %nice    %sys %iowait    %irq   %soft  %steal  %guest  %gnice   %idle
09:59:56 PM    0   32.98    0.00   19.15    0.00    0.00    7.45    0.00    0.00    0.00   40.43
09:59:56 PM    1   22.89    0.00    9.64    0.00    0.00    3.61    0.00    0.00    0.00   63.86

09:59:56 PM  CPU    %usr   %nice    %sys %iowait    %irq   %soft  %steal  %guest  %gnice   %idle
09:59:57 PM    0   36.17    0.00   13.83    0.00    0.00    9.57    0.00    0.00    0.00   40.43
09:59:57 PM    1   21.69    0.00   10.84    0.00    0.00    4.82    0.00    0.00    0.00   62.65

09:59:57 PM  CPU    %usr   %nice    %sys %iowait    %irq   %soft  %steal  %guest  %gnice   %idle
09:59:58 PM    0   34.04    0.00   18.09    0.00    0.00    6.38    0.00    0.00    0.00   41.49
09:59:58 PM    1   27.71    0.00    7.23    0.00    0.00    2.41    0.00    0.00    0.00   62.65

09:59:58 PM  CPU    %usr   %nice    %sys %iowait    %irq   %soft  %steal  %guest  %gnice   %idle
09:59:59 PM    0   32.22    0.00   18.89    0.00    0.00    6.67    0.00    0.00    0.00   42.22
09:59:59 PM    1   26.51    0.00    7.23    0.00    0.00    3.61    0.00    0.00    0.00   62.65

09:59:59 PM  CPU    %usr   %nice    %sys %iowait    %irq   %soft  %steal  %guest  %gnice   %idle
10:00:00 PM    0   34.41    0.00   21.51    0.00    0.00    4.30    0.00    0.00    0.00   39.78
10:00:00 PM    1   24.39    0.00   10.98    0.00    0.00    2.44    0.00    0.00    0.00   62.20

10:00:00 PM  CPU    %usr   %nice    %sys %iowait    %irq   %soft  %steal  %guest  %gnice   %idle
10:00:01 PM    0   33.70    0.00   16.30    0.00    0.00    6.52    0.00    0.00    0.00   43.48
10:00:01 PM    1   22.89    0.00   10.84    0.00    0.00    2.41    0.00    0.00    0.00   63.86

10:00:01 PM  CPU    %usr   %nice    %sys %iowait    %irq   %soft  %steal  %guest  %gnice   %idle
10:00:02 PM    0   32.26    0.00   21.51    0.00    0.00    7.53    0.00    0.00    0.00   38.71
10:00:02 PM    1   26.19    0.00   10.71    0.00    0.00    1.19    0.00    0.00    0.00   61.90

10:00:02 PM  CPU    %usr   %nice    %sys %iowait    %irq   %soft  %steal  %guest  %gnice   %idle
10:00:03 PM    0   35.87    0.00   17.39    0.00    0.00    5.43    0.00    0.00    0.00   41.30
10:00:03 PM    1   25.30    0.00    8.43    0.00    0.00    3.61    0.00    0.00    0.00   62.65

10:00:03 PM  CPU    %usr   %nice    %sys %iowait    %irq   %soft  %steal  %guest  %gnice   %idle
10:00:04 PM    0   35.79    0.00   18.95    0.00    0.00    6.32    0.00    0.00    0.00   38.95
10:00:04 PM    1   23.81    0.00    9.52    0.00    0.00    3.57    0.00    0.00    0.00   63.10

10:00:04 PM  CPU    %usr   %nice    %sys %iowait    %irq   %soft  %steal  %guest  %gnice   %idle
10:00:05 PM    0   33.68    0.00   18.95    0.00    0.00    5.26    0.00    0.00    0.00   42.11
10:00:05 PM    1   22.89    0.00    7.23    0.00    0.00    3.61    0.00    0.00    0.00   66.27

10:00:05 PM  CPU    %usr   %nice    %sys %iowait    %irq   %soft  %steal  %guest  %gnice   %idle
10:00:06 PM    0   32.63    0.00   17.89    0.00    0.00    9.47    0.00    0.00    0.00   40.00
10:00:06 PM    1   24.10    0.00    9.64    0.00    0.00    3.61    0.00    0.00    0.00   62.65

10:00:06 PM  CPU    %usr   %nice    %sys %iowait    %irq   %soft  %steal  %guest  %gnice   %idle
10:00:07 PM    0   31.25    0.00   16.67    0.00    0.00   12.50    0.00    0.00    0.00   39.58
10:00:07 PM    1   24.10    0.00    8.43    0.00    0.00    3.61    0.00    0.00    0.00   63.86

10:00:07 PM  CPU    %usr   %nice    %sys %iowait    %irq   %soft  %steal  %guest  %gnice   %idle
10:00:08 PM    0   38.78    0.00   13.27    0.00    0.00   10.20    0.00    0.00    0.00   37.76
10:00:08 PM    1   24.39    0.00    8.54    0.00    0.00    3.66    0.00    0.00    0.00   63.41

10:00:08 PM  CPU    %usr   %nice    %sys %iowait    %irq   %soft  %steal  %guest  %gnice   %idle
10:00:09 PM    0   40.62    0.00   13.54    0.00    0.00    7.29    0.00    0.00    0.00   38.54
10:00:09 PM    1   25.30    0.00    9.64    0.00    0.00    2.41    0.00    0.00    0.00   62.65

10:00:09 PM  CPU    %usr   %nice    %sys %iowait    %irq   %soft  %steal  %guest  %gnice   %idle
10:00:10 PM    0   39.56    0.00   14.29    0.00    0.00    5.49    0.00    0.00    0.00   40.66
10:00:10 PM    1   25.00    0.00    6.25    0.00    0.00    3.75    0.00    0.00    0.00   65.00

Average:     CPU    %usr   %nice    %sys %iowait    %irq   %soft  %steal  %guest  %gnice   %idle
Average:       0   34.82    0.00   17.71    0.00    0.00    6.92    0.00    0.00    0.00   40.54
Average:       1   24.29    0.00    9.42    0.00    0.00    2.97    0.00    0.00    0.00   63.32
