Linux 5.3.0-59-generic (ericmei) 	06/29/2020 	_x86_64_	(12 CPU)

10:00:47 PM  CPU    %usr   %nice    %sys %iowait    %irq   %soft  %steal  %guest  %gnice   %idle
10:00:48 PM    0   31.87    0.00   16.48    0.00    0.00    8.79    0.00    0.00    0.00   42.86
10:00:48 PM    1   23.17    0.00   12.20    0.00    0.00    0.00    0.00    0.00    0.00   64.63

10:00:48 PM  CPU    %usr   %nice    %sys %iowait    %irq   %soft  %steal  %guest  %gnice   %idle
10:00:49 PM    0   34.74    0.00   17.89    0.00    0.00    6.32    0.00    0.00    0.00   41.05
10:00:49 PM    1   24.39    0.00    9.76    0.00    0.00    2.44    0.00    0.00    0.00   63.41

10:00:49 PM  CPU    %usr   %nice    %sys %iowait    %irq   %soft  %steal  %guest  %gnice   %idle
10:00:50 PM    0   39.18    0.00   14.43    0.00    0.00    7.22    0.00    0.00    0.00   39.18
10:00:50 PM    1   24.69    0.00    8.64    0.00    0.00    2.47    0.00    0.00    0.00   64.20

10:00:50 PM  CPU    %usr   %nice    %sys %iowait    %irq   %soft  %steal  %guest  %gnice   %idle
10:00:51 PM    0   36.08    0.00   17.53    0.00    0.00    6.19    0.00    0.00    0.00   40.21
10:00:51 PM    1   25.61    0.00    9.76    0.00    0.00    2.44    0.00    0.00    0.00   62.20

10:00:51 PM  CPU    %usr   %nice    %sys %iowait    %irq   %soft  %steal  %guest  %gnice   %idle
10:00:52 PM    0   34.38    0.00   18.75    0.00    0.00    7.29    0.00    0.00    0.00   39.58
10:00:52 PM    1   28.24    0.00    7.06    0.00    0.00    3.53    0.00    0.00    0.00   61.18

10:00:52 PM  CPU    %usr   %nice    %sys %iowait    %irq   %soft  %steal  %guest  %gnice   %idle
10:00:53 PM    0   37.89    0.00   16.84    0.00    0.00    5.26    0.00    0.00    0.00   40.00
10:00:53 PM    1   19.75    0.00   13.58    0.00    0.00    2.47    0.00    0.00    0.00   64.20

10:00:53 PM  CPU    %usr   %nice    %sys %iowait    %irq   %soft  %steal  %guest  %gnice   %idle
10:00:54 PM    0   37.11    0.00   14.43    0.00    0.00    8.25    0.00    0.00    0.00   40.21
10:00:54 PM    1   23.75    0.00   11.25    0.00    0.00    1.25    0.00    0.00    0.00   63.75

10:00:54 PM  CPU    %usr   %nice    %sys %iowait    %irq   %soft  %steal  %guest  %gnice   %idle
10:00:55 PM    0   32.26    0.00   18.28    0.00    0.00    7.53    0.00    0.00    0.00   41.94
10:00:55 PM    1   22.22    0.00   12.35    0.00    0.00    2.47    0.00    0.00    0.00   62.96

10:00:55 PM  CPU    %usr   %nice    %sys %iowait    %irq   %soft  %steal  %guest  %gnice   %idle
10:00:56 PM    0   32.63    0.00   20.00    0.00    0.00    7.37    0.00    0.00    0.00   40.00
10:00:56 PM    1   25.61    0.00    9.76    0.00    0.00    1.22    0.00    0.00    0.00   63.41

10:00:56 PM  CPU    %usr   %nice    %sys %iowait    %irq   %soft  %steal  %guest  %gnice   %idle
10:00:57 PM    0   33.33    0.00   18.28    0.00    0.00    7.53    0.00    0.00    0.00   40.86
10:00:57 PM    1   25.30    0.00    8.43    0.00    0.00    3.61    0.00    0.00    0.00   62.65

10:00:57 PM  CPU    %usr   %nice    %sys %iowait    %irq   %soft  %steal  %guest  %gnice   %idle
10:00:58 PM    0   37.50    0.00   15.62    0.00    0.00    6.25    0.00    0.00    0.00   40.62
10:00:58 PM    1   26.51    0.00    8.43    0.00    0.00    2.41    0.00    0.00    0.00   62.65

10:00:58 PM  CPU    %usr   %nice    %sys %iowait    %irq   %soft  %steal  %guest  %gnice   %idle
10:00:59 PM    0   35.42    0.00   17.71    0.00    0.00    5.21    0.00    0.00    0.00   41.67
10:00:59 PM    1   24.10    0.00    9.64    0.00    0.00    2.41    0.00    0.00    0.00   63.86

10:00:59 PM  CPU    %usr   %nice    %sys %iowait    %irq   %soft  %steal  %guest  %gnice   %idle
10:01:00 PM    0   34.44    0.00   15.56    0.00    0.00    8.89    0.00    0.00    0.00   41.11
10:01:00 PM    1   23.75    0.00   11.25    0.00    0.00    0.00    0.00    0.00    0.00   65.00

10:01:00 PM  CPU    %usr   %nice    %sys %iowait    %irq   %soft  %steal  %guest  %gnice   %idle
10:01:01 PM    0   36.17    0.00   17.02    0.00    0.00    7.45    0.00    0.00    0.00   39.36
10:01:01 PM    1   28.05    0.00    8.54    0.00    0.00    1.22    0.00    0.00    0.00   62.20

10:01:01 PM  CPU    %usr   %nice    %sys %iowait    %irq   %soft  %steal  %guest  %gnice   %idle
10:01:02 PM    0   34.00    0.00   20.00    0.00    0.00    8.00    0.00    0.00    0.00   38.00
10:01:02 PM    1   29.76    0.00    5.95    0.00    0.00    3.57    0.00    0.00    0.00   60.71

10:01:02 PM  CPU    %usr   %nice    %sys %iowait    %irq   %soft  %steal  %guest  %gnice   %idle
10:01:03 PM    0   36.26    0.00   16.48    0.00    0.00    5.49    0.00    0.00    0.00   41.76
10:01:03 PM    1   28.40    0.00    7.41    0.00    0.00    1.23    0.00    0.00    0.00   62.96

10:01:03 PM  CPU    %usr   %nice    %sys %iowait    %irq   %soft  %steal  %guest  %gnice   %idle
10:01:04 PM    0   35.42    0.00   16.67    0.00    0.00    6.25    0.00    0.00    0.00   41.67
10:01:04 PM    1   18.07    0.00   13.25    0.00    0.00    4.82    0.00    0.00    0.00   63.86

10:01:04 PM  CPU    %usr   %nice    %sys %iowait    %irq   %soft  %steal  %guest  %gnice   %idle
10:01:05 PM    0   31.96    0.00   18.56    0.00    0.00    9.28    0.00    0.00    0.00   40.21
10:01:05 PM    1   22.78    0.00   10.13    0.00    0.00    2.53    0.00    0.00    0.00   64.56

10:01:05 PM  CPU    %usr   %nice    %sys %iowait    %irq   %soft  %steal  %guest  %gnice   %idle
10:01:06 PM    0   36.84    0.00   16.84    0.00    0.00    6.32    0.00    0.00    0.00   40.00
10:01:06 PM    1   21.69    0.00   12.05    0.00    0.00    2.41    0.00    0.00    0.00   63.86

10:01:06 PM  CPU    %usr   %nice    %sys %iowait    %irq   %soft  %steal  %guest  %gnice   %idle
10:01:07 PM    0   33.68    0.00   18.95    0.00    0.00    6.32    0.00    0.00    0.00   41.05
10:01:07 PM    1   20.99    0.00   12.35    0.00    0.00    2.47    0.00    0.00    0.00   64.20

10:01:07 PM  CPU    %usr   %nice    %sys %iowait    %irq   %soft  %steal  %guest  %gnice   %idle
10:01:08 PM    0   32.65    0.00   20.41    0.00    0.00    6.12    0.00    0.00    0.00   40.82
10:01:08 PM    1   25.61    0.00    9.76    0.00    0.00    1.22    0.00    0.00    0.00   63.41

10:01:08 PM  CPU    %usr   %nice    %sys %iowait    %irq   %soft  %steal  %guest  %gnice   %idle
10:01:09 PM    0   36.56    0.00   18.28    0.00    0.00    4.30    0.00    0.00    0.00   40.86
10:01:09 PM    1   23.46    0.00    9.88    0.00    0.00    2.47    0.00    0.00    0.00   64.20

10:01:09 PM  CPU    %usr   %nice    %sys %iowait    %irq   %soft  %steal  %guest  %gnice   %idle
10:01:10 PM    0   30.61    0.00   19.39    0.00    0.00    9.18    0.00    0.00    0.00   40.82
10:01:10 PM    1   25.30    0.00    9.64    0.00    0.00    2.41    0.00    0.00    0.00   62.65

10:01:10 PM  CPU    %usr   %nice    %sys %iowait    %irq   %soft  %steal  %guest  %gnice   %idle
10:01:11 PM    0   32.65    0.00   16.33    0.00    0.00   10.20    0.00    0.00    0.00   40.82
10:01:11 PM    1   25.61    0.00    7.32    0.00    0.00    2.44    0.00    0.00    0.00   64.63

10:01:11 PM  CPU    %usr   %nice    %sys %iowait    %irq   %soft  %steal  %guest  %gnice   %idle
10:01:12 PM    0   37.89    0.00   15.79    0.00    0.00    6.32    0.00    0.00    0.00   40.00
10:01:12 PM    1   23.81    0.00    9.52    0.00    0.00    3.57    0.00    0.00    0.00   63.10

10:01:12 PM  CPU    %usr   %nice    %sys %iowait    %irq   %soft  %steal  %guest  %gnice   %idle
10:01:13 PM    0   34.74    0.00   16.84    0.00    0.00    6.32    0.00    0.00    0.00   42.11
10:01:13 PM    1   23.75    0.00   10.00    0.00    0.00    1.25    0.00    0.00    0.00   65.00

10:01:13 PM  CPU    %usr   %nice    %sys %iowait    %irq   %soft  %steal  %guest  %gnice   %idle
10:01:14 PM    0   31.52    0.00   19.57    0.00    0.00    6.52    0.00    0.00    0.00   42.39
10:01:14 PM    1   28.05    0.00    7.32    0.00    0.00    0.00    0.00    0.00    0.00   64.63

10:01:14 PM  CPU    %usr   %nice    %sys %iowait    %irq   %soft  %steal  %guest  %gnice   %idle
10:01:15 PM    0   28.26    0.00   21.74    0.00    0.00    7.61    0.00    0.00    0.00   42.39
10:01:15 PM    1   26.83    0.00    8.54    0.00    0.00    1.22    0.00    0.00    0.00   63.41

10:01:15 PM  CPU    %usr   %nice    %sys %iowait    %irq   %soft  %steal  %guest  %gnice   %idle
10:01:16 PM    0   30.61    0.00   20.41    0.00    0.00    8.16    0.00    0.00    0.00   40.82
10:01:16 PM    1   23.81    0.00   10.71    0.00    0.00    3.57    0.00    0.00    0.00   61.90

10:01:16 PM  CPU    %usr   %nice    %sys %iowait    %irq   %soft  %steal  %guest  %gnice   %idle
10:01:17 PM    0   37.89    0.00   16.84    0.00    0.00    5.26    0.00    0.00    0.00   40.00
10:01:17 PM    1   29.63    0.00    8.64    0.00    0.00    0.00    0.00    0.00    0.00   61.73

10:01:17 PM  CPU    %usr   %nice    %sys %iowait    %irq   %soft  %steal  %guest  %gnice   %idle
10:01:18 PM    0   35.16    0.00   17.58    0.00    0.00    4.40    0.00    0.00    0.00   42.86
10:01:18 PM    1   25.61    0.00    8.54    0.00    0.00    2.44    0.00    0.00    0.00   63.41

10:01:18 PM  CPU    %usr   %nice    %sys %iowait    %irq   %soft  %steal  %guest  %gnice   %idle
10:01:19 PM    0   36.56    0.00   17.20    0.00    0.00    5.38    0.00    0.00    0.00   40.86
10:01:19 PM    1   22.89    0.00   13.25    0.00    0.00    2.41    0.00    0.00    0.00   61.45

10:01:19 PM  CPU    %usr   %nice    %sys %iowait    %irq   %soft  %steal  %guest  %gnice   %idle
10:01:20 PM    0   31.11    0.00   16.67    0.00    0.00    8.89    0.00    0.00    0.00   43.33
10:01:20 PM    1   24.39    0.00   12.20    0.00    0.00    0.00    0.00    0.00    0.00   63.41

10:01:20 PM  CPU    %usr   %nice    %sys %iowait    %irq   %soft  %steal  %guest  %gnice   %idle
10:01:21 PM    0   31.91    0.00   19.15    0.00    0.00    6.38    0.00    0.00    0.00   42.55
10:01:21 PM    1   22.35    0.00   11.76    0.00    0.00    3.53    0.00    0.00    0.00   62.35

10:01:21 PM  CPU    %usr   %nice    %sys %iowait    %irq   %soft  %steal  %guest  %gnice   %idle
10:01:22 PM    0   39.58    0.00   14.58    0.00    0.00    5.21    0.00    0.00    0.00   40.62
10:01:22 PM    1   24.05    0.00   10.13    0.00    0.00    1.27    0.00    0.00    0.00   64.56

10:01:22 PM  CPU    %usr   %nice    %sys %iowait    %irq   %soft  %steal  %guest  %gnice   %idle
10:01:23 PM    0   32.63    0.00   18.95    0.00    0.00    7.37    0.00    0.00    0.00   41.05
10:01:23 PM    1   24.10    0.00    8.43    0.00    0.00    3.61    0.00    0.00    0.00   63.86

10:01:23 PM  CPU    %usr   %nice    %sys %iowait    %irq   %soft  %steal  %guest  %gnice   %idle
10:01:24 PM    0   35.79    0.00   15.79    0.00    0.00    7.37    0.00    0.00    0.00   41.05
10:01:24 PM    1   23.75    0.00    7.50    0.00    0.00    3.75    0.00    0.00    0.00   65.00

10:01:24 PM  CPU    %usr   %nice    %sys %iowait    %irq   %soft  %steal  %guest  %gnice   %idle
10:01:25 PM    0   37.89    0.00   16.84    0.00    0.00    5.26    0.00    0.00    0.00   40.00
10:01:25 PM    1   27.06    0.00   10.59    0.00    0.00    2.35    0.00    0.00    0.00   60.00

10:01:25 PM  CPU    %usr   %nice    %sys %iowait    %irq   %soft  %steal  %guest  %gnice   %idle
10:01:26 PM    0   37.36    0.00   17.58    0.00    0.00    3.30    0.00    0.00    0.00   41.76
10:01:26 PM    1   21.95    0.00   12.20    0.00    0.00    3.66    0.00    0.00    0.00   62.20

10:01:26 PM  CPU    %usr   %nice    %sys %iowait    %irq   %soft  %steal  %guest  %gnice   %idle
10:01:27 PM    0   30.11    0.00   20.43    0.00    0.00    6.45    0.00    0.00    0.00   43.01
10:01:27 PM    1   24.69    0.00    9.88    0.00    0.00    1.23    0.00    0.00    0.00   64.20

10:01:27 PM  CPU    %usr   %nice    %sys %iowait    %irq   %soft  %steal  %guest  %gnice   %idle
10:01:28 PM    0   34.74    0.00   17.89    0.00    0.00    8.42    0.00    0.00    0.00   38.95
10:01:28 PM    1   25.58    0.00    9.30    0.00    0.00    4.65    0.00    0.00    0.00   60.47

10:01:28 PM  CPU    %usr   %nice    %sys %iowait    %irq   %soft  %steal  %guest  %gnice   %idle
10:01:29 PM    0   35.11    0.00   17.02    0.00    0.00    6.38    0.00    0.00    0.00   41.49
10:01:29 PM    1   25.30    0.00   10.84    0.00    0.00    2.41    0.00    0.00    0.00   61.45

10:01:29 PM  CPU    %usr   %nice    %sys %iowait    %irq   %soft  %steal  %guest  %gnice   %idle
10:01:30 PM    0   34.74    0.00   18.95    0.00    0.00    5.26    0.00    0.00    0.00   41.05
10:01:30 PM    1   23.17    0.00   12.20    0.00    0.00    1.22    0.00    0.00    0.00   63.41

10:01:30 PM  CPU    %usr   %nice    %sys %iowait    %irq   %soft  %steal  %guest  %gnice   %idle
10:01:31 PM    0   29.35    0.00   17.39    0.00    0.00   10.87    0.00    0.00    0.00   42.39
10:01:31 PM    1   24.69    0.00    9.88    0.00    0.00    1.23    0.00    0.00    0.00   64.20

10:01:31 PM  CPU    %usr   %nice    %sys %iowait    %irq   %soft  %steal  %guest  %gnice   %idle
10:01:32 PM    0   34.04    0.00   15.96    0.00    0.00    8.51    0.00    0.00    0.00   41.49
10:01:32 PM    1   25.30    0.00    7.23    0.00    0.00    3.61    0.00    0.00    0.00   63.86

10:01:32 PM  CPU    %usr   %nice    %sys %iowait    %irq   %soft  %steal  %guest  %gnice   %idle
10:01:33 PM    0   36.84    0.00   20.00    0.00    0.00    3.16    0.00    0.00    0.00   40.00
10:01:33 PM    1   25.00    0.00   10.71    0.00    0.00    2.38    0.00    0.00    0.00   61.90

10:01:33 PM  CPU    %usr   %nice    %sys %iowait    %irq   %soft  %steal  %guest  %gnice   %idle
10:01:34 PM    0   36.17    0.00   17.02    0.00    0.00    5.32    0.00    0.00    0.00   41.49
10:01:34 PM    1   21.25    0.00   11.25    0.00    0.00    1.25    0.00    0.00    0.00   66.25

10:01:34 PM  CPU    %usr   %nice    %sys %iowait    %irq   %soft  %steal  %guest  %gnice   %idle
10:01:35 PM    0   34.04    0.00   20.21    0.00    0.00    6.38    0.00    0.00    0.00   39.36
10:01:35 PM    1   22.50    0.00   11.25    0.00    0.00    2.50    0.00    0.00    0.00   63.75

10:01:35 PM  CPU    %usr   %nice    %sys %iowait    %irq   %soft  %steal  %guest  %gnice   %idle
10:01:36 PM    0   32.29    0.00   18.75    0.00    0.00    9.38    0.00    0.00    0.00   39.58
10:01:36 PM    1   26.83    0.00    6.10    0.00    0.00    4.88    0.00    0.00    0.00   62.20

10:01:36 PM  CPU    %usr   %nice    %sys %iowait    %irq   %soft  %steal  %guest  %gnice   %idle
10:01:37 PM    0   32.29    0.00   17.71    0.00    0.00    7.29    0.00    0.00    0.00   42.71
10:01:37 PM    1   23.81    0.00    8.33    0.00    0.00    4.76    0.00    0.00    0.00   63.10

10:01:37 PM  CPU    %usr   %nice    %sys %iowait    %irq   %soft  %steal  %guest  %gnice   %idle
10:01:38 PM    0   32.98    0.00   19.15    0.00    0.00    7.45    0.00    0.00    0.00   40.43
10:01:38 PM    1   21.95    0.00   13.41    0.00    0.00    2.44    0.00    0.00    0.00   62.20

10:01:38 PM  CPU    %usr   %nice    %sys %iowait    %irq   %soft  %steal  %guest  %gnice   %idle
10:01:39 PM    0   34.38    0.00   19.79    0.00    0.00    5.21    0.00    0.00    0.00   40.62
10:01:39 PM    1   25.00    0.00   10.71    0.00    0.00    3.57    0.00    0.00    0.00   60.71

10:01:39 PM  CPU    %usr   %nice    %sys %iowait    %irq   %soft  %steal  %guest  %gnice   %idle
10:01:40 PM    0   34.04    0.00   17.02    0.00    0.00    8.51    0.00    0.00    0.00   40.43
10:01:40 PM    1   21.95    0.00   13.41    0.00    0.00    2.44    0.00    0.00    0.00   62.20

10:01:40 PM  CPU    %usr   %nice    %sys %iowait    %irq   %soft  %steal  %guest  %gnice   %idle
10:01:41 PM    0   36.73    0.00   16.33    0.00    0.00    7.14    0.00    0.00    0.00   39.80
10:01:41 PM    1   26.19    0.00    9.52    0.00    0.00    1.19    0.00    0.00    0.00   63.10

10:01:41 PM  CPU    %usr   %nice    %sys %iowait    %irq   %soft  %steal  %guest  %gnice   %idle
10:01:42 PM    0   34.41    0.00   19.35    0.00    0.00    4.30    0.00    0.00    0.00   41.94
10:01:42 PM    1   26.83    0.00    8.54    0.00    0.00    1.22    0.00    0.00    0.00   63.41

10:01:42 PM  CPU    %usr   %nice    %sys %iowait    %irq   %soft  %steal  %guest  %gnice   %idle
10:01:43 PM    0   30.77    0.00   17.58    0.00    0.00    7.69    0.00    0.00    0.00   43.96
10:01:43 PM    1   26.19    0.00    7.14    0.00    0.00    3.57    0.00    0.00    0.00   63.10

10:01:43 PM  CPU    %usr   %nice    %sys %iowait    %irq   %soft  %steal  %guest  %gnice   %idle
10:01:44 PM    0   34.78    0.00   19.57    0.00    0.00    2.17    0.00    0.00    0.00   43.48
10:01:44 PM    1   27.16    0.00    7.41    0.00    0.00    0.00    0.00    0.00    0.00   65.43

10:01:44 PM  CPU    %usr   %nice    %sys %iowait    %irq   %soft  %steal  %guest  %gnice   %idle
10:01:45 PM    0   33.33    0.00   17.71    0.00    0.00    8.33    0.00    0.00    0.00   40.62
10:01:45 PM    1   31.33    0.00    8.43    0.00    0.00    2.41    0.00    0.00    0.00   57.83

10:01:45 PM  CPU    %usr   %nice    %sys %iowait    %irq   %soft  %steal  %guest  %gnice   %idle
10:01:46 PM    0   32.98    0.00   17.02    0.00    0.00    6.38    0.00    0.00    0.00   43.62
10:01:46 PM    1   25.30    0.00    9.64    0.00    0.00    1.20    0.00    0.00    0.00   63.86

10:01:46 PM  CPU    %usr   %nice    %sys %iowait    %irq   %soft  %steal  %guest  %gnice   %idle
10:01:47 PM    0   35.05    0.00   17.53    0.00    0.00    7.22    0.00    0.00    0.00   40.21
10:01:47 PM    1   27.38    0.00    7.14    0.00    0.00    2.38    0.00    0.00    0.00   63.10

10:01:47 PM  CPU    %usr   %nice    %sys %iowait    %irq   %soft  %steal  %guest  %gnice   %idle
10:01:48 PM    0   36.84    0.00   15.79    0.00    0.00    7.37    0.00    0.00    0.00   40.00
10:01:48 PM    1   29.27    0.00    7.32    0.00    0.00    1.22    0.00    0.00    0.00   62.20

10:01:48 PM  CPU    %usr   %nice    %sys %iowait    %irq   %soft  %steal  %guest  %gnice   %idle
10:01:49 PM    0   36.36    0.00   18.18    0.00    0.00    6.06    0.00    0.00    0.00   39.39
10:01:49 PM    1   25.93    0.00    9.88    0.00    0.00    1.23    0.00    0.00    0.00   62.96

10:01:49 PM  CPU    %usr   %nice    %sys %iowait    %irq   %soft  %steal  %guest  %gnice   %idle
10:01:50 PM    0   34.04    0.00   15.96    0.00    0.00    8.51    0.00    0.00    0.00   41.49
10:01:50 PM    1   23.75    0.00    8.75    0.00    0.00    1.25    0.00    0.00    0.00   66.25

10:01:50 PM  CPU    %usr   %nice    %sys %iowait    %irq   %soft  %steal  %guest  %gnice   %idle
10:01:51 PM    0   35.79    0.00   16.84    0.00    0.00    6.32    0.00    0.00    0.00   41.05
10:01:51 PM    1   24.10    0.00   10.84    0.00    0.00    3.61    0.00    0.00    0.00   61.45

10:01:51 PM  CPU    %usr   %nice    %sys %iowait    %irq   %soft  %steal  %guest  %gnice   %idle
10:01:52 PM    0   33.68    0.00   17.89    0.00    0.00    7.37    0.00    0.00    0.00   41.05
10:01:52 PM    1   24.42    0.00   11.63    0.00    0.00    2.33    0.00    0.00    0.00   61.63

10:01:52 PM  CPU    %usr   %nice    %sys %iowait    %irq   %soft  %steal  %guest  %gnice   %idle
10:01:53 PM    0   32.98    0.00   18.09    0.00    0.00    7.45    0.00    0.00    0.00   41.49
10:01:53 PM    1   25.30    0.00    8.43    0.00    0.00    3.61    0.00    0.00    0.00   62.65

10:01:53 PM  CPU    %usr   %nice    %sys %iowait    %irq   %soft  %steal  %guest  %gnice   %idle
10:01:54 PM    0   33.68    0.00   13.68    0.00    0.00   10.53    0.00    0.00    0.00   42.11
10:01:54 PM    1   23.53    0.00   10.59    0.00    0.00    3.53    0.00    0.00    0.00   62.35

10:01:54 PM  CPU    %usr   %nice    %sys %iowait    %irq   %soft  %steal  %guest  %gnice   %idle
10:01:55 PM    0   36.08    0.00   15.46    0.00    0.00    8.25    0.00    0.00    0.00   40.21
10:01:55 PM    1   21.95    0.00   12.20    0.00    0.00    2.44    0.00    0.00    0.00   63.41

10:01:55 PM  CPU    %usr   %nice    %sys %iowait    %irq   %soft  %steal  %guest  %gnice   %idle
10:01:56 PM    0   34.74    0.00   18.95    0.00    0.00    6.32    0.00    0.00    0.00   40.00
10:01:56 PM    1   23.75    0.00   10.00    0.00    0.00    1.25    0.00    0.00    0.00   65.00

10:01:56 PM  CPU    %usr   %nice    %sys %iowait    %irq   %soft  %steal  %guest  %gnice   %idle
10:01:57 PM    0   38.95    0.00   15.79    0.00    0.00    6.32    0.00    0.00    0.00   38.95
10:01:57 PM    1   27.38    0.00    9.52    0.00    0.00    3.57    0.00    0.00    0.00   59.52

10:01:57 PM  CPU    %usr   %nice    %sys %iowait    %irq   %soft  %steal  %guest  %gnice   %idle
10:01:58 PM    0   35.42    0.00   16.67    0.00    0.00    8.33    0.00    0.00    0.00   39.58
10:01:58 PM    1   26.51    0.00    8.43    0.00    0.00    3.61    0.00    0.00    0.00   61.45

10:01:58 PM  CPU    %usr   %nice    %sys %iowait    %irq   %soft  %steal  %guest  %gnice   %idle
10:01:59 PM    0   33.68    0.00   15.79    0.00    0.00    9.47    0.00    0.00    0.00   41.05
10:01:59 PM    1   22.22    0.00   11.11    0.00    0.00    2.47    0.00    0.00    0.00   64.20

10:01:59 PM  CPU    %usr   %nice    %sys %iowait    %irq   %soft  %steal  %guest  %gnice   %idle
10:02:00 PM    0   35.42    0.00   20.83    0.00    0.00    5.21    0.00    0.00    0.00   38.54
10:02:00 PM    1   28.57    0.00    9.52    0.00    0.00    2.38    0.00    0.00    0.00   59.52

10:02:00 PM  CPU    %usr   %nice    %sys %iowait    %irq   %soft  %steal  %guest  %gnice   %idle
10:02:01 PM    0   36.17    0.00   17.02    0.00    0.00    7.45    0.00    0.00    0.00   39.36
10:02:01 PM    1   22.89    0.00   14.46    0.00    0.00    2.41    0.00    0.00    0.00   60.24

10:02:01 PM  CPU    %usr   %nice    %sys %iowait    %irq   %soft  %steal  %guest  %gnice   %idle
10:02:02 PM    0   38.78    0.00   16.33    0.00    0.00    6.12    0.00    0.00    0.00   38.78
10:02:02 PM    1   22.50    0.00   11.25    0.00    0.00    2.50    0.00    0.00    0.00   63.75

10:02:02 PM  CPU    %usr   %nice    %sys %iowait    %irq   %soft  %steal  %guest  %gnice   %idle
10:02:03 PM    0   33.70    0.00   20.65    0.00    0.00    4.35    0.00    0.00    0.00   41.30
10:02:03 PM    1   27.71    0.00    9.64    0.00    0.00    1.20    0.00    0.00    0.00   61.45

10:02:03 PM  CPU    %usr   %nice    %sys %iowait    %irq   %soft  %steal  %guest  %gnice   %idle
10:02:04 PM    0   33.33    0.00   20.43    0.00    0.00    5.38    0.00    0.00    0.00   40.86
10:02:04 PM    1   23.46    0.00    9.88    0.00    0.00    2.47    0.00    0.00    0.00   64.20

10:02:04 PM  CPU    %usr   %nice    %sys %iowait    %irq   %soft  %steal  %guest  %gnice   %idle
10:02:05 PM    0   30.85    0.00   18.09    0.00    0.00    6.38    0.00    0.00    0.00   44.68
10:02:05 PM    1   21.95    0.00    8.54    0.00    0.00    3.66    0.00    0.00    0.00   65.85

10:02:05 PM  CPU    %usr   %nice    %sys %iowait    %irq   %soft  %steal  %guest  %gnice   %idle
10:02:06 PM    0   32.63    0.00   21.05    0.00    0.00    6.32    0.00    0.00    0.00   40.00
10:02:06 PM    1   20.73    0.00   13.41    0.00    0.00    2.44    0.00    0.00    0.00   63.41

10:02:06 PM  CPU    %usr   %nice    %sys %iowait    %irq   %soft  %steal  %guest  %gnice   %idle
10:02:07 PM    0   36.67    0.00   15.56    0.00    0.00    4.44    0.00    0.00    0.00   43.33
10:02:07 PM    1   24.71    0.00   10.59    0.00    0.00    2.35    0.00    0.00    0.00   62.35

10:02:07 PM  CPU    %usr   %nice    %sys %iowait    %irq   %soft  %steal  %guest  %gnice   %idle
10:02:08 PM    0   35.42    0.00   19.79    0.00    0.00    4.17    0.00    0.00    0.00   40.62
10:02:08 PM    1   26.25    0.00    7.50    0.00    0.00    2.50    0.00    0.00    0.00   63.75

10:02:08 PM  CPU    %usr   %nice    %sys %iowait    %irq   %soft  %steal  %guest  %gnice   %idle
10:02:09 PM    0   31.91    0.00   20.21    0.00    0.00    6.38    0.00    0.00    0.00   41.49
10:02:09 PM    1   24.71    0.00    9.41    0.00    0.00    4.71    0.00    0.00    0.00   61.18

10:02:09 PM  CPU    %usr   %nice    %sys %iowait    %irq   %soft  %steal  %guest  %gnice   %idle
10:02:10 PM    0   29.47    0.00   22.11    0.00    0.00    7.37    0.00    0.00    0.00   41.05
10:02:10 PM    1   25.30    0.00    8.43    0.00    0.00    3.61    0.00    0.00    0.00   62.65

10:02:10 PM  CPU    %usr   %nice    %sys %iowait    %irq   %soft  %steal  %guest  %gnice   %idle
10:02:11 PM    0   30.93    0.00   17.53    0.00    0.00    9.28    0.00    0.00    0.00   42.27
10:02:11 PM    1   24.10    0.00    9.64    0.00    0.00    2.41    0.00    0.00    0.00   63.86

10:02:11 PM  CPU    %usr   %nice    %sys %iowait    %irq   %soft  %steal  %guest  %gnice   %idle
10:02:12 PM    0   31.52    0.00   20.65    0.00    0.00    5.43    0.00    0.00    0.00   42.39
10:02:12 PM    1   23.81    0.00   10.71    0.00    0.00    3.57    0.00    0.00    0.00   61.90

10:02:12 PM  CPU    %usr   %nice    %sys %iowait    %irq   %soft  %steal  %guest  %gnice   %idle
10:02:13 PM    0   36.46    0.00   17.71    0.00    0.00    5.21    0.00    0.00    0.00   40.62
10:02:13 PM    1   24.69    0.00    8.64    0.00    0.00    2.47    0.00    0.00    0.00   64.20

10:02:13 PM  CPU    %usr   %nice    %sys %iowait    %irq   %soft  %steal  %guest  %gnice   %idle
10:02:14 PM    0   44.09    0.00   10.75    0.00    0.00    4.30    0.00    0.00    0.00   40.86
10:02:14 PM    1   22.62    0.00   13.10    0.00    0.00    3.57    0.00    0.00    0.00   60.71

10:02:14 PM  CPU    %usr   %nice    %sys %iowait    %irq   %soft  %steal  %guest  %gnice   %idle
10:02:15 PM    0   34.74    0.00   20.00    0.00    0.00    6.32    0.00    0.00    0.00   38.95
10:02:15 PM    1   25.00    0.00    9.52    0.00    0.00    4.76    0.00    0.00    0.00   60.71

10:02:15 PM  CPU    %usr   %nice    %sys %iowait    %irq   %soft  %steal  %guest  %gnice   %idle
10:02:16 PM    0   33.70    0.00   16.30    0.00    0.00    7.61    0.00    0.00    0.00   42.39
10:02:16 PM    1   26.51    0.00    9.64    0.00    0.00    1.20    0.00    0.00    0.00   62.65

10:02:16 PM  CPU    %usr   %nice    %sys %iowait    %irq   %soft  %steal  %guest  %gnice   %idle
10:02:17 PM    0   37.78    0.00   16.67    0.00    0.00    3.33    0.00    0.00    0.00   42.22
10:02:17 PM    1   25.88    0.00   10.59    0.00    0.00    2.35    0.00    0.00    0.00   61.18

10:02:17 PM  CPU    %usr   %nice    %sys %iowait    %irq   %soft  %steal  %guest  %gnice   %idle
10:02:18 PM    0   32.98    0.00   19.15    0.00    0.00    7.45    0.00    0.00    0.00   40.43
10:02:18 PM    1   24.39    0.00    9.76    0.00    0.00    2.44    0.00    0.00    0.00   63.41

10:02:18 PM  CPU    %usr   %nice    %sys %iowait    %irq   %soft  %steal  %guest  %gnice   %idle
10:02:19 PM    0   32.63    0.00   16.84    0.00    0.00    8.42    0.00    0.00    0.00   42.11
10:02:19 PM    1   26.51    0.00    8.43    0.00    0.00    2.41    0.00    0.00    0.00   62.65

10:02:19 PM  CPU    %usr   %nice    %sys %iowait    %irq   %soft  %steal  %guest  %gnice   %idle
10:02:20 PM    0   32.26    0.00   16.13    0.00    0.00    8.60    0.00    0.00    0.00   43.01
10:02:20 PM    1   24.10    0.00    9.64    0.00    0.00    3.61    0.00    0.00    0.00   62.65

10:02:20 PM  CPU    %usr   %nice    %sys %iowait    %irq   %soft  %steal  %guest  %gnice   %idle
10:02:21 PM    0   35.71    0.00   18.37    0.00    0.00    7.14    0.00    0.00    0.00   38.78
10:02:21 PM    1   21.95    0.00   10.98    0.00    0.00    3.66    0.00    0.00    0.00   63.41

10:02:21 PM  CPU    %usr   %nice    %sys %iowait    %irq   %soft  %steal  %guest  %gnice   %idle
10:02:22 PM    0   31.58    0.00   17.89    0.00    0.00    8.42    0.00    0.00    0.00   42.11
10:02:22 PM    1   25.88    0.00    9.41    0.00    0.00    2.35    0.00    0.00    0.00   62.35

10:02:22 PM  CPU    %usr   %nice    %sys %iowait    %irq   %soft  %steal  %guest  %gnice   %idle
10:02:23 PM    0   35.11    0.00   18.09    0.00    0.00    5.32    0.00    0.00    0.00   41.49
10:02:23 PM    1   27.71    0.00    6.02    0.00    0.00    3.61    0.00    0.00    0.00   62.65

10:02:23 PM  CPU    %usr   %nice    %sys %iowait    %irq   %soft  %steal  %guest  %gnice   %idle
10:02:24 PM    0   30.53    0.00   20.00    0.00    0.00    8.42    0.00    0.00    0.00   41.05
10:02:24 PM    1   26.51    0.00    8.43    0.00    0.00    1.20    0.00    0.00    0.00   63.86

10:02:24 PM  CPU    %usr   %nice    %sys %iowait    %irq   %soft  %steal  %guest  %gnice   %idle
10:02:25 PM    0   34.78    0.00   14.13    0.00    0.00    9.78    0.00    0.00    0.00   41.30
10:02:25 PM    1   25.61    0.00   10.98    0.00    0.00    2.44    0.00    0.00    0.00   60.98

10:02:25 PM  CPU    %usr   %nice    %sys %iowait    %irq   %soft  %steal  %guest  %gnice   %idle
10:02:26 PM    0   31.87    0.00   19.78    0.00    0.00    6.59    0.00    0.00    0.00   41.76
10:02:26 PM    1   25.93    0.00    7.41    0.00    0.00    2.47    0.00    0.00    0.00   64.20

10:02:26 PM  CPU    %usr   %nice    %sys %iowait    %irq   %soft  %steal  %guest  %gnice   %idle
10:02:27 PM    0   34.74    0.00   20.00    0.00    0.00    4.21    0.00    0.00    0.00   41.05
10:02:27 PM    1   25.30    0.00    9.64    0.00    0.00    2.41    0.00    0.00    0.00   62.65

10:02:27 PM  CPU    %usr   %nice    %sys %iowait    %irq   %soft  %steal  %guest  %gnice   %idle
10:02:28 PM    0   37.63    0.00   13.98    0.00    0.00    7.53    0.00    0.00    0.00   40.86
10:02:28 PM    1   21.43    0.00   11.90    0.00    0.00    4.76    0.00    0.00    0.00   61.90

10:02:28 PM  CPU    %usr   %nice    %sys %iowait    %irq   %soft  %steal  %guest  %gnice   %idle
10:02:29 PM    0   31.91    0.00   19.15    0.00    0.00    7.45    0.00    0.00    0.00   41.49
10:02:29 PM    1   28.05    0.00    9.76    0.00    0.00    0.00    0.00    0.00    0.00   62.20

10:02:29 PM  CPU    %usr   %nice    %sys %iowait    %irq   %soft  %steal  %guest  %gnice   %idle
10:02:30 PM    0   30.21    0.00   18.75    0.00    0.00   10.42    0.00    0.00    0.00   40.62
10:02:30 PM    1   24.10    0.00   10.84    0.00    0.00    1.20    0.00    0.00    0.00   63.86

10:02:30 PM  CPU    %usr   %nice    %sys %iowait    %irq   %soft  %steal  %guest  %gnice   %idle
10:02:31 PM    0   34.04    0.00   17.02    0.00    0.00    6.38    0.00    0.00    0.00   42.55
10:02:31 PM    1   25.61    0.00    9.76    0.00    0.00    1.22    0.00    0.00    0.00   63.41

10:02:31 PM  CPU    %usr   %nice    %sys %iowait    %irq   %soft  %steal  %guest  %gnice   %idle
10:02:32 PM    0   34.04    0.00   15.96    0.00    0.00    7.45    0.00    0.00    0.00   42.55
10:02:32 PM    1   25.30    0.00    8.43    0.00    0.00    2.41    0.00    0.00    0.00   63.86

10:02:32 PM  CPU    %usr   %nice    %sys %iowait    %irq   %soft  %steal  %guest  %gnice   %idle
10:02:33 PM    0   34.04    0.00   17.02    0.00    0.00    7.45    0.00    0.00    0.00   41.49
10:02:33 PM    1   25.93    0.00    8.64    0.00    0.00    2.47    0.00    0.00    0.00   62.96

10:02:33 PM  CPU    %usr   %nice    %sys %iowait    %irq   %soft  %steal  %guest  %gnice   %idle
10:02:34 PM    0   32.63    0.00   18.95    0.00    0.00    7.37    0.00    0.00    0.00   41.05
10:02:34 PM    1   27.59    0.00    9.20    0.00    0.00    2.30    0.00    0.00    0.00   60.92

10:02:34 PM  CPU    %usr   %nice    %sys %iowait    %irq   %soft  %steal  %guest  %gnice   %idle
10:02:35 PM    0   34.74    0.00   17.89    0.00    0.00    7.37    0.00    0.00    0.00   40.00
10:02:35 PM    1   27.16    0.00    8.64    0.00    0.00    1.23    0.00    0.00    0.00   62.96

10:02:35 PM  CPU    %usr   %nice    %sys %iowait    %irq   %soft  %steal  %guest  %gnice   %idle
10:02:36 PM    0   38.04    0.00   16.30    0.00    0.00    3.26    0.00    0.00    0.00   42.39
10:02:36 PM    1   23.75    0.00   11.25    0.00    0.00    1.25    0.00    0.00    0.00   63.75

10:02:36 PM  CPU    %usr   %nice    %sys %iowait    %irq   %soft  %steal  %guest  %gnice   %idle
10:02:37 PM    0   34.78    0.00   17.39    0.00    0.00    5.43    0.00    0.00    0.00   42.39
10:02:37 PM    1   24.39    0.00   10.98    0.00    0.00    1.22    0.00    0.00    0.00   63.41

10:02:37 PM  CPU    %usr   %nice    %sys %iowait    %irq   %soft  %steal  %guest  %gnice   %idle
10:02:38 PM    0   35.56    0.00   15.56    0.00    0.00    6.67    0.00    0.00    0.00   42.22
10:02:38 PM    1   24.10    0.00   10.84    0.00    0.00    3.61    0.00    0.00    0.00   61.45

10:02:38 PM  CPU    %usr   %nice    %sys %iowait    %irq   %soft  %steal  %guest  %gnice   %idle
10:02:39 PM    0   31.52    0.00   18.48    0.00    0.00    6.52    0.00    0.00    0.00   43.48
10:02:39 PM    1   20.48    0.00   13.25    0.00    0.00    2.41    0.00    0.00    0.00   63.86

10:02:39 PM  CPU    %usr   %nice    %sys %iowait    %irq   %soft  %steal  %guest  %gnice   %idle
10:02:40 PM    0   34.02    0.00   22.68    0.00    0.00    6.19    0.00    0.00    0.00   37.11
10:02:40 PM    1   25.32    0.00    8.86    0.00    0.00    2.53    0.00    0.00    0.00   63.29

10:02:40 PM  CPU    %usr   %nice    %sys %iowait    %irq   %soft  %steal  %guest  %gnice   %idle
10:02:41 PM    0   32.63    0.00   18.95    0.00    0.00    7.37    0.00    0.00    0.00   41.05
10:02:41 PM    1   27.16    0.00    7.41    0.00    0.00    1.23    0.00    0.00    0.00   64.20

10:02:41 PM  CPU    %usr   %nice    %sys %iowait    %irq   %soft  %steal  %guest  %gnice   %idle
10:02:42 PM    0   36.84    0.00   13.68    0.00    0.00    8.42    0.00    0.00    0.00   41.05
10:02:42 PM    1   21.25    0.00   12.50    0.00    0.00    1.25    0.00    0.00    0.00   65.00

10:02:42 PM  CPU    %usr   %nice    %sys %iowait    %irq   %soft  %steal  %guest  %gnice   %idle
10:02:43 PM    0   36.26    0.00   16.48    0.00    0.00    6.59    0.00    0.00    0.00   40.66
10:02:43 PM    1   25.30    0.00    9.64    0.00    0.00    2.41    0.00    0.00    0.00   62.65

10:02:43 PM  CPU    %usr   %nice    %sys %iowait    %irq   %soft  %steal  %guest  %gnice   %idle
10:02:44 PM    0   41.24    0.00   15.46    0.00    0.00    3.09    0.00    0.00    0.00   40.21
10:02:44 PM    1   28.05    0.00    8.54    0.00    0.00    1.22    0.00    0.00    0.00   62.20

10:02:44 PM  CPU    %usr   %nice    %sys %iowait    %irq   %soft  %steal  %guest  %gnice   %idle
10:02:45 PM    0   31.18    0.00   20.43    0.00    0.00    4.30    0.00    0.00    0.00   44.09
10:02:45 PM    1   23.17    0.00    9.76    0.00    0.00    1.22    0.00    0.00    0.00   65.85

10:02:45 PM  CPU    %usr   %nice    %sys %iowait    %irq   %soft  %steal  %guest  %gnice   %idle
10:02:46 PM    0   35.87    0.00   14.13    0.00    0.00    8.70    0.00    0.00    0.00   41.30
10:02:46 PM    1   27.38    0.00    8.33    0.00    0.00    2.38    0.00    0.00    0.00   61.90

10:02:46 PM  CPU    %usr   %nice    %sys %iowait    %irq   %soft  %steal  %guest  %gnice   %idle
10:02:47 PM    0   37.23    0.00   13.83    0.00    0.00    8.51    0.00    0.00    0.00   40.43
10:02:47 PM    1   24.10    0.00   12.05    0.00    0.00    2.41    0.00    0.00    0.00   61.45

Average:     CPU    %usr   %nice    %sys %iowait    %irq   %soft  %steal  %guest  %gnice   %idle
Average:       0   34.46    0.00   17.69    0.00    0.00    6.80    0.00    0.00    0.00   41.06
Average:       1   24.84    0.00    9.87    0.00    0.00    2.37    0.00    0.00    0.00   62.93
