Linux 5.3.0-59-generic (ericmei) 	06/29/2020 	_x86_64_	(12 CPU)

09:47:42 PM  CPU    %usr   %nice    %sys %iowait    %irq   %soft  %steal  %guest  %gnice   %idle
09:47:43 PM    0   33.33    0.00   16.13    0.00    0.00    8.60    0.00    0.00    0.00   41.94
09:47:43 PM    1   23.75    0.00   10.00    0.00    0.00    1.25    0.00    0.00    0.00   65.00

09:47:43 PM  CPU    %usr   %nice    %sys %iowait    %irq   %soft  %steal  %guest  %gnice   %idle
09:47:44 PM    0   31.58    0.00   20.00    0.00    0.00    6.32    0.00    0.00    0.00   42.11
09:47:44 PM    1   22.22    0.00    8.64    0.00    0.00    2.47    0.00    0.00    0.00   66.67

09:47:44 PM  CPU    %usr   %nice    %sys %iowait    %irq   %soft  %steal  %guest  %gnice   %idle
09:47:45 PM    0   32.61    0.00   18.48    0.00    0.00    7.61    0.00    0.00    0.00   41.30
09:47:45 PM    1   25.93    0.00    8.64    0.00    0.00    2.47    0.00    0.00    0.00   62.96

09:47:45 PM  CPU    %usr   %nice    %sys %iowait    %irq   %soft  %steal  %guest  %gnice   %idle
09:47:46 PM    0   33.33    0.00   18.75    0.00    0.00    9.38    0.00    0.00    0.00   38.54
09:47:46 PM    1   25.93    0.00    8.64    0.00    0.00    2.47    0.00    0.00    0.00   62.96

09:47:46 PM  CPU    %usr   %nice    %sys %iowait    %irq   %soft  %steal  %guest  %gnice   %idle
09:47:47 PM    0   32.63    0.00   20.00    0.00    0.00    7.37    0.00    0.00    0.00   40.00
09:47:47 PM    1   25.30    0.00   13.25    0.00    0.00    1.20    0.00    0.00    0.00   60.24

09:47:47 PM  CPU    %usr   %nice    %sys %iowait    %irq   %soft  %steal  %guest  %gnice   %idle
09:47:48 PM    0   35.87    0.00   16.30    0.00    0.00    6.52    0.00    0.00    0.00   41.30
09:47:48 PM    1   29.27    0.00    4.88    0.00    0.00    2.44    0.00    0.00    0.00   63.41

09:47:48 PM  CPU    %usr   %nice    %sys %iowait    %irq   %soft  %steal  %guest  %gnice   %idle
09:47:49 PM    0   39.58    0.00   15.62    0.00    0.00    6.25    0.00    0.00    0.00   38.54
09:47:49 PM    1   30.86    0.00    4.94    0.00    0.00    2.47    0.00    0.00    0.00   61.73

09:47:49 PM  CPU    %usr   %nice    %sys %iowait    %irq   %soft  %steal  %guest  %gnice   %idle
09:47:50 PM    0   40.00    0.00   15.79    0.00    0.00    3.16    0.00    0.00    0.00   41.05
09:47:50 PM    1   21.69    0.00    9.64    0.00    0.00    4.82    0.00    0.00    0.00   63.86

09:47:50 PM  CPU    %usr   %nice    %sys %iowait    %irq   %soft  %steal  %guest  %gnice   %idle
09:47:51 PM    0   34.74    0.00   17.89    0.00    0.00    7.37    0.00    0.00    0.00   40.00
09:47:51 PM    1   22.89    0.00   10.84    0.00    0.00    3.61    0.00    0.00    0.00   62.65

09:47:51 PM  CPU    %usr   %nice    %sys %iowait    %irq   %soft  %steal  %guest  %gnice   %idle
09:47:52 PM    0   36.46    0.00   16.67    0.00    0.00    5.21    0.00    0.00    0.00   41.67
09:47:52 PM    1   20.73    0.00   13.41    0.00    0.00    2.44    0.00    0.00    0.00   63.41

09:47:52 PM  CPU    %usr   %nice    %sys %iowait    %irq   %soft  %steal  %guest  %gnice   %idle
09:47:53 PM    0   34.78    0.00   16.30    0.00    0.00    6.52    0.00    0.00    0.00   42.39
09:47:53 PM    1   26.51    0.00    8.43    0.00    0.00    1.20    0.00    0.00    0.00   63.86

09:47:53 PM  CPU    %usr   %nice    %sys %iowait    %irq   %soft  %steal  %guest  %gnice   %idle
09:47:54 PM    0   35.48    0.00   18.28    0.00    0.00    5.38    0.00    0.00    0.00   40.86
09:47:54 PM    1   24.69    0.00    9.88    0.00    0.00    2.47    0.00    0.00    0.00   62.96

09:47:54 PM  CPU    %usr   %nice    %sys %iowait    %irq   %soft  %steal  %guest  %gnice   %idle
09:47:55 PM    0   34.41    0.00   17.20    0.00    0.00    7.53    0.00    0.00    0.00   40.86
09:47:55 PM    1   25.00    0.00    8.33    0.00    0.00    3.57    0.00    0.00    0.00   63.10

09:47:55 PM  CPU    %usr   %nice    %sys %iowait    %irq   %soft  %steal  %guest  %gnice   %idle
09:47:56 PM    0   37.36    0.00   14.29    0.00    0.00    5.49    0.00    0.00    0.00   42.86
09:47:56 PM    1   22.50    0.00   11.25    0.00    0.00    2.50    0.00    0.00    0.00   63.75

09:47:56 PM  CPU    %usr   %nice    %sys %iowait    %irq   %soft  %steal  %guest  %gnice   %idle
09:47:57 PM    0   31.25    0.00   17.71    0.00    0.00   11.46    0.00    0.00    0.00   39.58
09:47:57 PM    1   23.53    0.00   11.76    0.00    0.00    3.53    0.00    0.00    0.00   61.18

09:47:57 PM  CPU    %usr   %nice    %sys %iowait    %irq   %soft  %steal  %guest  %gnice   %idle
09:47:58 PM    0   35.42    0.00   18.75    0.00    0.00    5.21    0.00    0.00    0.00   40.62
09:47:58 PM    1   22.35    0.00   10.59    0.00    0.00    5.88    0.00    0.00    0.00   61.18

09:47:58 PM  CPU    %usr   %nice    %sys %iowait    %irq   %soft  %steal  %guest  %gnice   %idle
09:47:59 PM    0   35.48    0.00   12.90    0.00    0.00    8.60    0.00    0.00    0.00   43.01
09:47:59 PM    1   27.38    0.00    9.52    0.00    0.00    1.19    0.00    0.00    0.00   61.90

09:47:59 PM  CPU    %usr   %nice    %sys %iowait    %irq   %soft  %steal  %guest  %gnice   %idle
09:48:00 PM    0   31.18    0.00   21.51    0.00    0.00    6.45    0.00    0.00    0.00   40.86
09:48:00 PM    1   28.05    0.00    9.76    0.00    0.00    2.44    0.00    0.00    0.00   59.76

09:48:00 PM  CPU    %usr   %nice    %sys %iowait    %irq   %soft  %steal  %guest  %gnice   %idle
09:48:01 PM    0   35.11    0.00   17.02    0.00    0.00    8.51    0.00    0.00    0.00   39.36
09:48:01 PM    1   25.30    0.00    9.64    0.00    0.00    3.61    0.00    0.00    0.00   61.45

09:48:01 PM  CPU    %usr   %nice    %sys %iowait    %irq   %soft  %steal  %guest  %gnice   %idle
09:48:02 PM    0   34.04    0.00   18.09    0.00    0.00    7.45    0.00    0.00    0.00   40.43
09:48:02 PM    1   26.51    0.00    9.64    0.00    0.00    2.41    0.00    0.00    0.00   61.45

09:48:02 PM  CPU    %usr   %nice    %sys %iowait    %irq   %soft  %steal  %guest  %gnice   %idle
09:48:03 PM    0   32.61    0.00   20.65    0.00    0.00    5.43    0.00    0.00    0.00   41.30
09:48:03 PM    1   28.24    0.00    8.24    0.00    0.00    2.35    0.00    0.00    0.00   61.18

09:48:03 PM  CPU    %usr   %nice    %sys %iowait    %irq   %soft  %steal  %guest  %gnice   %idle
09:48:04 PM    0   40.86    0.00   16.13    0.00    0.00    4.30    0.00    0.00    0.00   38.71
09:48:04 PM    1   22.78    0.00   11.39    0.00    0.00    2.53    0.00    0.00    0.00   63.29

09:48:04 PM  CPU    %usr   %nice    %sys %iowait    %irq   %soft  %steal  %guest  %gnice   %idle
09:48:05 PM    0   35.11    0.00   15.96    0.00    0.00    6.38    0.00    0.00    0.00   42.55
09:48:05 PM    1   21.69    0.00   13.25    0.00    0.00    2.41    0.00    0.00    0.00   62.65

09:48:05 PM  CPU    %usr   %nice    %sys %iowait    %irq   %soft  %steal  %guest  %gnice   %idle
09:48:06 PM    0   32.63    0.00   20.00    0.00    0.00    6.32    0.00    0.00    0.00   41.05
09:48:06 PM    1   25.93    0.00    8.64    0.00    0.00    2.47    0.00    0.00    0.00   62.96

09:48:06 PM  CPU    %usr   %nice    %sys %iowait    %irq   %soft  %steal  %guest  %gnice   %idle
09:48:07 PM    0   34.04    0.00   20.21    0.00    0.00    6.38    0.00    0.00    0.00   39.36
09:48:07 PM    1   22.62    0.00    9.52    0.00    0.00    5.95    0.00    0.00    0.00   61.90

09:48:07 PM  CPU    %usr   %nice    %sys %iowait    %irq   %soft  %steal  %guest  %gnice   %idle
09:48:08 PM    0   28.72    0.00   21.28    0.00    0.00    8.51    0.00    0.00    0.00   41.49
09:48:08 PM    1   24.10    0.00    9.64    0.00    0.00    2.41    0.00    0.00    0.00   63.86

09:48:08 PM  CPU    %usr   %nice    %sys %iowait    %irq   %soft  %steal  %guest  %gnice   %idle
09:48:09 PM    0   34.74    0.00   16.84    0.00    0.00    9.47    0.00    0.00    0.00   38.95
09:48:09 PM    1   22.22    0.00   14.81    0.00    0.00    1.23    0.00    0.00    0.00   61.73

09:48:09 PM  CPU    %usr   %nice    %sys %iowait    %irq   %soft  %steal  %guest  %gnice   %idle
09:48:10 PM    0   35.79    0.00   16.84    0.00    0.00    7.37    0.00    0.00    0.00   40.00
09:48:10 PM    1   24.10    0.00    9.64    0.00    0.00    3.61    0.00    0.00    0.00   62.65

09:48:10 PM  CPU    %usr   %nice    %sys %iowait    %irq   %soft  %steal  %guest  %gnice   %idle
09:48:11 PM    0   35.16    0.00   17.58    0.00    0.00    6.59    0.00    0.00    0.00   40.66
09:48:11 PM    1   25.93    0.00    9.88    0.00    0.00    1.23    0.00    0.00    0.00   62.96

09:48:11 PM  CPU    %usr   %nice    %sys %iowait    %irq   %soft  %steal  %guest  %gnice   %idle
09:48:12 PM    0   31.25    0.00   20.83    0.00    0.00    8.33    0.00    0.00    0.00   39.58
09:48:12 PM    1   25.00    0.00   11.25    0.00    0.00    1.25    0.00    0.00    0.00   62.50

09:48:12 PM  CPU    %usr   %nice    %sys %iowait    %irq   %soft  %steal  %guest  %gnice   %idle
09:48:13 PM    0   35.11    0.00   17.02    0.00    0.00    6.38    0.00    0.00    0.00   41.49
09:48:13 PM    1   25.61    0.00    7.32    0.00    0.00    3.66    0.00    0.00    0.00   63.41

09:48:13 PM  CPU    %usr   %nice    %sys %iowait    %irq   %soft  %steal  %guest  %gnice   %idle
09:48:14 PM    0   32.63    0.00   18.95    0.00    0.00    8.42    0.00    0.00    0.00   40.00
09:48:14 PM    1   27.16    0.00    6.17    0.00    0.00    2.47    0.00    0.00    0.00   64.20

09:48:14 PM  CPU    %usr   %nice    %sys %iowait    %irq   %soft  %steal  %guest  %gnice   %idle
09:48:15 PM    0   32.26    0.00   21.51    0.00    0.00    5.38    0.00    0.00    0.00   40.86
09:48:15 PM    1   21.69    0.00   10.84    0.00    0.00    4.82    0.00    0.00    0.00   62.65

09:48:15 PM  CPU    %usr   %nice    %sys %iowait    %irq   %soft  %steal  %guest  %gnice   %idle
09:48:16 PM    0   34.78    0.00   18.48    0.00    0.00    5.43    0.00    0.00    0.00   41.30
09:48:16 PM    1   30.12    0.00    6.02    0.00    0.00    1.20    0.00    0.00    0.00   62.65

09:48:16 PM  CPU    %usr   %nice    %sys %iowait    %irq   %soft  %steal  %guest  %gnice   %idle
09:48:17 PM    0   33.70    0.00   16.30    0.00    0.00    9.78    0.00    0.00    0.00   40.22
09:48:17 PM    1   26.25    0.00    7.50    0.00    0.00    2.50    0.00    0.00    0.00   63.75

09:48:17 PM  CPU    %usr   %nice    %sys %iowait    %irq   %soft  %steal  %guest  %gnice   %idle
09:48:18 PM    0   34.02    0.00   15.46    0.00    0.00    9.28    0.00    0.00    0.00   41.24
09:48:18 PM    1   25.30    0.00    8.43    0.00    0.00    3.61    0.00    0.00    0.00   62.65

09:48:18 PM  CPU    %usr   %nice    %sys %iowait    %irq   %soft  %steal  %guest  %gnice   %idle
09:48:19 PM    0   37.36    0.00   16.48    0.00    0.00    4.40    0.00    0.00    0.00   41.76
09:48:19 PM    1   21.95    0.00   10.98    0.00    0.00    2.44    0.00    0.00    0.00   64.63

09:48:19 PM  CPU    %usr   %nice    %sys %iowait    %irq   %soft  %steal  %guest  %gnice   %idle
09:48:20 PM    0   31.96    0.00   22.68    0.00    0.00    7.22    0.00    0.00    0.00   38.14
09:48:20 PM    1   27.16    0.00    7.41    0.00    0.00    2.47    0.00    0.00    0.00   62.96

09:48:20 PM  CPU    %usr   %nice    %sys %iowait    %irq   %soft  %steal  %guest  %gnice   %idle
09:48:21 PM    0   35.71    0.00   16.33    0.00    0.00    8.16    0.00    0.00    0.00   39.80
09:48:21 PM    1   24.10    0.00   10.84    0.00    0.00    2.41    0.00    0.00    0.00   62.65

09:48:21 PM  CPU    %usr   %nice    %sys %iowait    %irq   %soft  %steal  %guest  %gnice   %idle
09:48:22 PM    0   30.11    0.00   17.20    0.00    0.00   11.83    0.00    0.00    0.00   40.86
09:48:22 PM    1   21.95    0.00   13.41    0.00    0.00    1.22    0.00    0.00    0.00   63.41

09:48:22 PM  CPU    %usr   %nice    %sys %iowait    %irq   %soft  %steal  %guest  %gnice   %idle
09:48:23 PM    0   35.11    0.00   19.15    0.00    0.00    5.32    0.00    0.00    0.00   40.43
09:48:23 PM    1   23.17    0.00   12.20    0.00    0.00    1.22    0.00    0.00    0.00   63.41

09:48:23 PM  CPU    %usr   %nice    %sys %iowait    %irq   %soft  %steal  %guest  %gnice   %idle
09:48:24 PM    0   32.98    0.00   17.02    0.00    0.00    8.51    0.00    0.00    0.00   41.49
09:48:24 PM    1   19.75    0.00   11.11    0.00    0.00    3.70    0.00    0.00    0.00   65.43

09:48:24 PM  CPU    %usr   %nice    %sys %iowait    %irq   %soft  %steal  %guest  %gnice   %idle
09:48:25 PM    0   31.58    0.00   18.95    0.00    0.00    8.42    0.00    0.00    0.00   41.05
09:48:25 PM    1   24.39    0.00    8.54    0.00    0.00    2.44    0.00    0.00    0.00   64.63

09:48:25 PM  CPU    %usr   %nice    %sys %iowait    %irq   %soft  %steal  %guest  %gnice   %idle
09:48:26 PM    0   32.97    0.00   20.88    0.00    0.00    6.59    0.00    0.00    0.00   39.56
09:48:26 PM    1   21.43    0.00   13.10    0.00    0.00    4.76    0.00    0.00    0.00   60.71

09:48:26 PM  CPU    %usr   %nice    %sys %iowait    %irq   %soft  %steal  %guest  %gnice   %idle
09:48:27 PM    0   36.17    0.00   17.02    0.00    0.00    5.32    0.00    0.00    0.00   41.49
09:48:27 PM    1   24.69    0.00   11.11    0.00    0.00    1.23    0.00    0.00    0.00   62.96

09:48:27 PM  CPU    %usr   %nice    %sys %iowait    %irq   %soft  %steal  %guest  %gnice   %idle
09:48:28 PM    0   34.41    0.00   19.35    0.00    0.00    4.30    0.00    0.00    0.00   41.94
09:48:28 PM    1   23.81    0.00   10.71    0.00    0.00    2.38    0.00    0.00    0.00   63.10

09:48:28 PM  CPU    %usr   %nice    %sys %iowait    %irq   %soft  %steal  %guest  %gnice   %idle
09:48:29 PM    0   34.41    0.00   18.28    0.00    0.00    5.38    0.00    0.00    0.00   41.94
09:48:29 PM    1   28.05    0.00    6.10    0.00    0.00    2.44    0.00    0.00    0.00   63.41

09:48:29 PM  CPU    %usr   %nice    %sys %iowait    %irq   %soft  %steal  %guest  %gnice   %idle
09:48:30 PM    0   35.11    0.00   19.15    0.00    0.00    5.32    0.00    0.00    0.00   40.43
09:48:30 PM    1   23.75    0.00   11.25    0.00    0.00    1.25    0.00    0.00    0.00   63.75

09:48:30 PM  CPU    %usr   %nice    %sys %iowait    %irq   %soft  %steal  %guest  %gnice   %idle
09:48:31 PM    0   34.34    0.00   17.17    0.00    0.00    8.08    0.00    0.00    0.00   40.40
09:48:31 PM    1   23.81    0.00    7.14    0.00    0.00    4.76    0.00    0.00    0.00   64.29

09:48:31 PM  CPU    %usr   %nice    %sys %iowait    %irq   %soft  %steal  %guest  %gnice   %idle
09:48:32 PM    0   39.36    0.00   14.89    0.00    0.00    6.38    0.00    0.00    0.00   39.36
09:48:32 PM    1   25.64    0.00    8.97    0.00    0.00    1.28    0.00    0.00    0.00   64.10

09:48:32 PM  CPU    %usr   %nice    %sys %iowait    %irq   %soft  %steal  %guest  %gnice   %idle
09:48:33 PM    0   37.89    0.00   14.74    0.00    0.00    7.37    0.00    0.00    0.00   40.00
09:48:33 PM    1   19.75    0.00   12.35    0.00    0.00    3.70    0.00    0.00    0.00   64.20

09:48:33 PM  CPU    %usr   %nice    %sys %iowait    %irq   %soft  %steal  %guest  %gnice   %idle
09:48:34 PM    0   31.87    0.00   19.78    0.00    0.00    6.59    0.00    0.00    0.00   41.76
09:48:34 PM    1   21.69    0.00   12.05    0.00    0.00    3.61    0.00    0.00    0.00   62.65

09:48:34 PM  CPU    %usr   %nice    %sys %iowait    %irq   %soft  %steal  %guest  %gnice   %idle
09:48:35 PM    0   30.61    0.00   23.47    0.00    0.00    7.14    0.00    0.00    0.00   38.78
09:48:35 PM    1   23.75    0.00   11.25    0.00    0.00    2.50    0.00    0.00    0.00   62.50

09:48:35 PM  CPU    %usr   %nice    %sys %iowait    %irq   %soft  %steal  %guest  %gnice   %idle
09:48:36 PM    0   35.42    0.00   18.75    0.00    0.00    6.25    0.00    0.00    0.00   39.58
09:48:36 PM    1   22.22    0.00    9.88    0.00    0.00    2.47    0.00    0.00    0.00   65.43

09:48:36 PM  CPU    %usr   %nice    %sys %iowait    %irq   %soft  %steal  %guest  %gnice   %idle
09:48:37 PM    0   41.49    0.00   11.70    0.00    0.00    6.38    0.00    0.00    0.00   40.43
09:48:37 PM    1   24.71    0.00    7.06    0.00    0.00    7.06    0.00    0.00    0.00   61.18

09:48:37 PM  CPU    %usr   %nice    %sys %iowait    %irq   %soft  %steal  %guest  %gnice   %idle
09:48:38 PM    0   32.61    0.00   16.30    0.00    0.00    8.70    0.00    0.00    0.00   42.39
09:48:38 PM    1   20.25    0.00   10.13    0.00    0.00    3.80    0.00    0.00    0.00   65.82

09:48:38 PM  CPU    %usr   %nice    %sys %iowait    %irq   %soft  %steal  %guest  %gnice   %idle
09:48:39 PM    0   36.96    0.00   15.22    0.00    0.00    6.52    0.00    0.00    0.00   41.30
09:48:39 PM    1   25.00    0.00    8.75    0.00    0.00    1.25    0.00    0.00    0.00   65.00

09:48:39 PM  CPU    %usr   %nice    %sys %iowait    %irq   %soft  %steal  %guest  %gnice   %idle
09:48:40 PM    0   31.58    0.00   20.00    0.00    0.00    7.37    0.00    0.00    0.00   41.05
09:48:40 PM    1   26.19    0.00   10.71    0.00    0.00    1.19    0.00    0.00    0.00   61.90

09:48:40 PM  CPU    %usr   %nice    %sys %iowait    %irq   %soft  %steal  %guest  %gnice   %idle
09:48:41 PM    0   36.46    0.00   17.71    0.00    0.00    5.21    0.00    0.00    0.00   40.62
09:48:41 PM    1   22.22    0.00   11.11    0.00    0.00    2.47    0.00    0.00    0.00   64.20

09:48:41 PM  CPU    %usr   %nice    %sys %iowait    %irq   %soft  %steal  %guest  %gnice   %idle
09:48:42 PM    0   36.17    0.00   18.09    0.00    0.00    5.32    0.00    0.00    0.00   40.43
09:48:42 PM    1   21.69    0.00   12.05    0.00    0.00    3.61    0.00    0.00    0.00   62.65

09:48:42 PM  CPU    %usr   %nice    %sys %iowait    %irq   %soft  %steal  %guest  %gnice   %idle
09:48:43 PM    0   35.79    0.00   15.79    0.00    0.00    7.37    0.00    0.00    0.00   41.05
09:48:43 PM    1   24.05    0.00    8.86    0.00    0.00    0.00    0.00    0.00    0.00   67.09

09:48:43 PM  CPU    %usr   %nice    %sys %iowait    %irq   %soft  %steal  %guest  %gnice   %idle
09:48:44 PM    0   33.33    0.00   20.83    0.00    0.00    8.33    0.00    0.00    0.00   37.50
09:48:44 PM    1   26.74    0.00   11.63    0.00    0.00    2.33    0.00    0.00    0.00   59.30

09:48:44 PM  CPU    %usr   %nice    %sys %iowait    %irq   %soft  %steal  %guest  %gnice   %idle
09:48:45 PM    0   32.65    0.00   18.37    0.00    0.00   10.20    0.00    0.00    0.00   38.78
09:48:45 PM    1   22.62    0.00   10.71    0.00    0.00    4.76    0.00    0.00    0.00   61.90

09:48:45 PM  CPU    %usr   %nice    %sys %iowait    %irq   %soft  %steal  %guest  %gnice   %idle
09:48:46 PM    0   33.33    0.00   21.51    0.00    0.00    4.30    0.00    0.00    0.00   40.86
09:48:46 PM    1   27.16    0.00    7.41    0.00    0.00    2.47    0.00    0.00    0.00   62.96

09:48:46 PM  CPU    %usr   %nice    %sys %iowait    %irq   %soft  %steal  %guest  %gnice   %idle
09:48:47 PM    0   32.98    0.00   23.40    0.00    0.00    4.26    0.00    0.00    0.00   39.36
09:48:47 PM    1   26.51    0.00    7.23    0.00    0.00    4.82    0.00    0.00    0.00   61.45

09:48:47 PM  CPU    %usr   %nice    %sys %iowait    %irq   %soft  %steal  %guest  %gnice   %idle
09:48:48 PM    0   38.04    0.00   16.30    0.00    0.00    3.26    0.00    0.00    0.00   42.39
09:48:48 PM    1   24.10    0.00   10.84    0.00    0.00    1.20    0.00    0.00    0.00   63.86

09:48:48 PM  CPU    %usr   %nice    %sys %iowait    %irq   %soft  %steal  %guest  %gnice   %idle
09:48:49 PM    0   37.63    0.00   15.05    0.00    0.00    6.45    0.00    0.00    0.00   40.86
09:48:49 PM    1   25.93    0.00    8.64    0.00    0.00    1.23    0.00    0.00    0.00   64.20

09:48:49 PM  CPU    %usr   %nice    %sys %iowait    %irq   %soft  %steal  %guest  %gnice   %idle
09:48:50 PM    0   35.48    0.00   17.20    0.00    0.00    6.45    0.00    0.00    0.00   40.86
09:48:50 PM    1   21.18    0.00   11.76    0.00    0.00    4.71    0.00    0.00    0.00   62.35

09:48:50 PM  CPU    %usr   %nice    %sys %iowait    %irq   %soft  %steal  %guest  %gnice   %idle
09:48:51 PM    0   36.46    0.00   18.75    0.00    0.00    5.21    0.00    0.00    0.00   39.58
09:48:51 PM    1   20.00    0.00   15.00    0.00    0.00    2.50    0.00    0.00    0.00   62.50

09:48:51 PM  CPU    %usr   %nice    %sys %iowait    %irq   %soft  %steal  %guest  %gnice   %idle
09:48:52 PM    0   34.07    0.00   18.68    0.00    0.00    4.40    0.00    0.00    0.00   42.86
09:48:52 PM    1   24.10    0.00    9.64    0.00    0.00    3.61    0.00    0.00    0.00   62.65

09:48:52 PM  CPU    %usr   %nice    %sys %iowait    %irq   %soft  %steal  %guest  %gnice   %idle
09:48:53 PM    0   33.68    0.00   20.00    0.00    0.00    7.37    0.00    0.00    0.00   38.95
09:48:53 PM    1   26.51    0.00    8.43    0.00    0.00    3.61    0.00    0.00    0.00   61.45

09:48:53 PM  CPU    %usr   %nice    %sys %iowait    %irq   %soft  %steal  %guest  %gnice   %idle
09:48:54 PM    0   32.98    0.00   20.21    0.00    0.00    6.38    0.00    0.00    0.00   40.43
09:48:54 PM    1   21.95    0.00    9.76    0.00    0.00    6.10    0.00    0.00    0.00   62.20

09:48:54 PM  CPU    %usr   %nice    %sys %iowait    %irq   %soft  %steal  %guest  %gnice   %idle
09:48:55 PM    0   34.41    0.00   17.20    0.00    0.00    5.38    0.00    0.00    0.00   43.01
09:48:55 PM    1   23.17    0.00   10.98    0.00    0.00    2.44    0.00    0.00    0.00   63.41

09:48:55 PM  CPU    %usr   %nice    %sys %iowait    %irq   %soft  %steal  %guest  %gnice   %idle
09:48:56 PM    0   40.86    0.00   13.98    0.00    0.00    4.30    0.00    0.00    0.00   40.86
09:48:56 PM    1   21.95    0.00   12.20    0.00    0.00    2.44    0.00    0.00    0.00   63.41

09:48:56 PM  CPU    %usr   %nice    %sys %iowait    %irq   %soft  %steal  %guest  %gnice   %idle
09:48:57 PM    0   32.98    0.00   15.96    0.00    0.00   10.64    0.00    0.00    0.00   40.43
09:48:57 PM    1   24.39    0.00    9.76    0.00    0.00    2.44    0.00    0.00    0.00   63.41

09:48:57 PM  CPU    %usr   %nice    %sys %iowait    %irq   %soft  %steal  %guest  %gnice   %idle
09:48:58 PM    0   32.29    0.00   16.67    0.00    0.00   10.42    0.00    0.00    0.00   40.62
09:48:58 PM    1   24.69    0.00    7.41    0.00    0.00    3.70    0.00    0.00    0.00   64.20

09:48:58 PM  CPU    %usr   %nice    %sys %iowait    %irq   %soft  %steal  %guest  %gnice   %idle
09:48:59 PM    0   31.18    0.00   20.43    0.00    0.00    6.45    0.00    0.00    0.00   41.94
09:48:59 PM    1   24.10    0.00    8.43    0.00    0.00    3.61    0.00    0.00    0.00   63.86

09:48:59 PM  CPU    %usr   %nice    %sys %iowait    %irq   %soft  %steal  %guest  %gnice   %idle
09:49:00 PM    0   34.04    0.00   20.21    0.00    0.00    6.38    0.00    0.00    0.00   39.36
09:49:00 PM    1   25.30    0.00   10.84    0.00    0.00    3.61    0.00    0.00    0.00   60.24

09:49:00 PM  CPU    %usr   %nice    %sys %iowait    %irq   %soft  %steal  %guest  %gnice   %idle
09:49:01 PM    0   35.11    0.00   22.34    0.00    0.00    3.19    0.00    0.00    0.00   39.36
09:49:01 PM    1   22.89    0.00   12.05    0.00    0.00    2.41    0.00    0.00    0.00   62.65

09:49:01 PM  CPU    %usr   %nice    %sys %iowait    %irq   %soft  %steal  %guest  %gnice   %idle
09:49:02 PM    0   29.79    0.00   23.40    0.00    0.00    7.45    0.00    0.00    0.00   39.36
09:49:02 PM    1   21.25    0.00   10.00    0.00    0.00    3.75    0.00    0.00    0.00   65.00

09:49:02 PM  CPU    %usr   %nice    %sys %iowait    %irq   %soft  %steal  %guest  %gnice   %idle
09:49:03 PM    0   28.42    0.00   20.00    0.00    0.00    8.42    0.00    0.00    0.00   43.16
09:49:03 PM    1   24.10    0.00    9.64    0.00    0.00    2.41    0.00    0.00    0.00   63.86

09:49:03 PM  CPU    %usr   %nice    %sys %iowait    %irq   %soft  %steal  %guest  %gnice   %idle
09:49:04 PM    0   35.87    0.00   18.48    0.00    0.00    6.52    0.00    0.00    0.00   39.13
09:49:04 PM    1   23.81    0.00   11.90    0.00    0.00    3.57    0.00    0.00    0.00   60.71

09:49:04 PM  CPU    %usr   %nice    %sys %iowait    %irq   %soft  %steal  %guest  %gnice   %idle
09:49:05 PM    0   33.33    0.00   20.83    0.00    0.00    5.21    0.00    0.00    0.00   40.62
09:49:05 PM    1   20.48    0.00   13.25    0.00    0.00    4.82    0.00    0.00    0.00   61.45

09:49:05 PM  CPU    %usr   %nice    %sys %iowait    %irq   %soft  %steal  %guest  %gnice   %idle
09:49:06 PM    0   36.84    0.00   17.89    0.00    0.00    5.26    0.00    0.00    0.00   40.00
09:49:06 PM    1   22.50    0.00    8.75    0.00    0.00    2.50    0.00    0.00    0.00   66.25

09:49:06 PM  CPU    %usr   %nice    %sys %iowait    %irq   %soft  %steal  %guest  %gnice   %idle
09:49:07 PM    0   34.38    0.00   15.62    0.00    0.00    8.33    0.00    0.00    0.00   41.67
09:49:07 PM    1   22.62    0.00    9.52    0.00    0.00    4.76    0.00    0.00    0.00   63.10

09:49:07 PM  CPU    %usr   %nice    %sys %iowait    %irq   %soft  %steal  %guest  %gnice   %idle
09:49:08 PM    0   39.13    0.00   10.87    0.00    0.00    7.61    0.00    0.00    0.00   42.39
09:49:08 PM    1   21.25    0.00   11.25    0.00    0.00    2.50    0.00    0.00    0.00   65.00

09:49:08 PM  CPU    %usr   %nice    %sys %iowait    %irq   %soft  %steal  %guest  %gnice   %idle
09:49:09 PM    0   37.23    0.00   15.96    0.00    0.00    6.38    0.00    0.00    0.00   40.43
09:49:09 PM    1   26.19    0.00    9.52    0.00    0.00    3.57    0.00    0.00    0.00   60.71

09:49:09 PM  CPU    %usr   %nice    %sys %iowait    %irq   %soft  %steal  %guest  %gnice   %idle
09:49:10 PM    0   35.56    0.00   17.78    0.00    0.00    6.67    0.00    0.00    0.00   40.00
09:49:10 PM    1   25.61    0.00    9.76    0.00    0.00    3.66    0.00    0.00    0.00   60.98

09:49:10 PM  CPU    %usr   %nice    %sys %iowait    %irq   %soft  %steal  %guest  %gnice   %idle
09:49:11 PM    0   32.63    0.00   20.00    0.00    0.00    7.37    0.00    0.00    0.00   40.00
09:49:11 PM    1   22.50    0.00   11.25    0.00    0.00    2.50    0.00    0.00    0.00   63.75

09:49:11 PM  CPU    %usr   %nice    %sys %iowait    %irq   %soft  %steal  %guest  %gnice   %idle
09:49:12 PM    0   33.70    0.00   18.48    0.00    0.00    7.61    0.00    0.00    0.00   40.22
09:49:12 PM    1   28.40    0.00    6.17    0.00    0.00    1.23    0.00    0.00    0.00   64.20

09:49:12 PM  CPU    %usr   %nice    %sys %iowait    %irq   %soft  %steal  %guest  %gnice   %idle
09:49:13 PM    0   35.42    0.00   16.67    0.00    0.00    7.29    0.00    0.00    0.00   40.62
09:49:13 PM    1   27.38    0.00    8.33    0.00    0.00    1.19    0.00    0.00    0.00   63.10

09:49:13 PM  CPU    %usr   %nice    %sys %iowait    %irq   %soft  %steal  %guest  %gnice   %idle
09:49:14 PM    0   35.71    0.00   18.37    0.00    0.00    7.14    0.00    0.00    0.00   38.78
09:49:14 PM    1   25.61    0.00    7.32    0.00    0.00    3.66    0.00    0.00    0.00   63.41

09:49:14 PM  CPU    %usr   %nice    %sys %iowait    %irq   %soft  %steal  %guest  %gnice   %idle
09:49:15 PM    0   35.11    0.00   20.21    0.00    0.00    5.32    0.00    0.00    0.00   39.36
09:49:15 PM    1   21.95    0.00   12.20    0.00    0.00    3.66    0.00    0.00    0.00   62.20

09:49:15 PM  CPU    %usr   %nice    %sys %iowait    %irq   %soft  %steal  %guest  %gnice   %idle
09:49:16 PM    0   34.74    0.00   16.84    0.00    0.00    6.32    0.00    0.00    0.00   42.11
09:49:16 PM    1   25.00    0.00    9.52    0.00    0.00    2.38    0.00    0.00    0.00   63.10

09:49:16 PM  CPU    %usr   %nice    %sys %iowait    %irq   %soft  %steal  %guest  %gnice   %idle
09:49:17 PM    0   39.18    0.00   16.49    0.00    0.00    4.12    0.00    0.00    0.00   40.21
09:49:17 PM    1   24.10    0.00   12.05    0.00    0.00    2.41    0.00    0.00    0.00   61.45

09:49:17 PM  CPU    %usr   %nice    %sys %iowait    %irq   %soft  %steal  %guest  %gnice   %idle
09:49:18 PM    0   37.50    0.00   16.67    0.00    0.00    7.29    0.00    0.00    0.00   38.54
09:49:18 PM    1   32.14    0.00    8.33    0.00    0.00    1.19    0.00    0.00    0.00   58.33

09:49:18 PM  CPU    %usr   %nice    %sys %iowait    %irq   %soft  %steal  %guest  %gnice   %idle
09:49:19 PM    0   37.50    0.00   17.71    0.00    0.00    5.21    0.00    0.00    0.00   39.58
09:49:19 PM    1   24.39    0.00   10.98    0.00    0.00    3.66    0.00    0.00    0.00   60.98

09:49:19 PM  CPU    %usr   %nice    %sys %iowait    %irq   %soft  %steal  %guest  %gnice   %idle
09:49:20 PM    0   35.42    0.00   17.71    0.00    0.00    7.29    0.00    0.00    0.00   39.58
09:49:20 PM    1   23.81    0.00   11.90    0.00    0.00    2.38    0.00    0.00    0.00   61.90

09:49:20 PM  CPU    %usr   %nice    %sys %iowait    %irq   %soft  %steal  %guest  %gnice   %idle
09:49:21 PM    0   37.11    0.00   19.59    0.00    0.00    3.09    0.00    0.00    0.00   40.21
09:49:21 PM    1   25.93    0.00    6.17    0.00    0.00    3.70    0.00    0.00    0.00   64.20

09:49:21 PM  CPU    %usr   %nice    %sys %iowait    %irq   %soft  %steal  %guest  %gnice   %idle
09:49:22 PM    0   35.87    0.00   15.22    0.00    0.00    7.61    0.00    0.00    0.00   41.30
09:49:22 PM    1   23.17    0.00   12.20    0.00    0.00    2.44    0.00    0.00    0.00   62.20

09:49:22 PM  CPU    %usr   %nice    %sys %iowait    %irq   %soft  %steal  %guest  %gnice   %idle
09:49:23 PM    0   36.56    0.00   19.35    0.00    0.00    4.30    0.00    0.00    0.00   39.78
09:49:23 PM    1   28.05    0.00    6.10    0.00    0.00    2.44    0.00    0.00    0.00   63.41

09:49:23 PM  CPU    %usr   %nice    %sys %iowait    %irq   %soft  %steal  %guest  %gnice   %idle
09:49:24 PM    0   35.42    0.00   17.71    0.00    0.00    7.29    0.00    0.00    0.00   39.58
09:49:24 PM    1   23.17    0.00   12.20    0.00    0.00    2.44    0.00    0.00    0.00   62.20

09:49:24 PM  CPU    %usr   %nice    %sys %iowait    %irq   %soft  %steal  %guest  %gnice   %idle
09:49:25 PM    0   34.04    0.00   18.09    0.00    0.00    6.38    0.00    0.00    0.00   41.49
09:49:25 PM    1   24.69    0.00    8.64    0.00    0.00    1.23    0.00    0.00    0.00   65.43

09:49:25 PM  CPU    %usr   %nice    %sys %iowait    %irq   %soft  %steal  %guest  %gnice   %idle
09:49:26 PM    0   34.44    0.00   16.67    0.00    0.00    6.67    0.00    0.00    0.00   42.22
09:49:26 PM    1   28.40    0.00    6.17    0.00    0.00    1.23    0.00    0.00    0.00   64.20

09:49:26 PM  CPU    %usr   %nice    %sys %iowait    %irq   %soft  %steal  %guest  %gnice   %idle
09:49:27 PM    0   39.39    0.00   15.15    0.00    0.00    7.07    0.00    0.00    0.00   38.38
09:49:27 PM    1   24.39    0.00    9.76    0.00    0.00    3.66    0.00    0.00    0.00   62.20

09:49:27 PM  CPU    %usr   %nice    %sys %iowait    %irq   %soft  %steal  %guest  %gnice   %idle
09:49:28 PM    0   32.63    0.00   18.95    0.00    0.00    8.42    0.00    0.00    0.00   40.00
09:49:28 PM    1   22.89    0.00    9.64    0.00    0.00    3.61    0.00    0.00    0.00   63.86

09:49:28 PM  CPU    %usr   %nice    %sys %iowait    %irq   %soft  %steal  %guest  %gnice   %idle
09:49:29 PM    0   40.66    0.00   14.29    0.00    0.00    3.30    0.00    0.00    0.00   41.76
09:49:29 PM    1   23.46    0.00    9.88    0.00    0.00    2.47    0.00    0.00    0.00   64.20

09:49:29 PM  CPU    %usr   %nice    %sys %iowait    %irq   %soft  %steal  %guest  %gnice   %idle
09:49:30 PM    0   34.83    0.00   16.85    0.00    0.00    4.49    0.00    0.00    0.00   43.82
09:49:30 PM    1   25.00    0.00    7.50    0.00    0.00    3.75    0.00    0.00    0.00   63.75

09:49:30 PM  CPU    %usr   %nice    %sys %iowait    %irq   %soft  %steal  %guest  %gnice   %idle
09:49:31 PM    0   26.53    0.00   22.45    0.00    0.00   11.22    0.00    0.00    0.00   39.80
09:49:31 PM    1   28.57    0.00    7.14    0.00    0.00    2.38    0.00    0.00    0.00   61.90

09:49:31 PM  CPU    %usr   %nice    %sys %iowait    %irq   %soft  %steal  %guest  %gnice   %idle
09:49:32 PM    0   31.58    0.00   18.95    0.00    0.00    7.37    0.00    0.00    0.00   42.11
09:49:32 PM    1   24.71    0.00    8.24    0.00    0.00    4.71    0.00    0.00    0.00   62.35

09:49:32 PM  CPU    %usr   %nice    %sys %iowait    %irq   %soft  %steal  %guest  %gnice   %idle
09:49:33 PM    0   39.80    0.00   16.33    0.00    0.00    5.10    0.00    0.00    0.00   38.78
09:49:33 PM    1   28.05    0.00    4.88    0.00    0.00    4.88    0.00    0.00    0.00   62.20

09:49:33 PM  CPU    %usr   %nice    %sys %iowait    %irq   %soft  %steal  %guest  %gnice   %idle
09:49:34 PM    0   36.56    0.00   17.20    0.00    0.00    5.38    0.00    0.00    0.00   40.86
09:49:34 PM    1   22.22    0.00   11.11    0.00    0.00    2.47    0.00    0.00    0.00   64.20

09:49:34 PM  CPU    %usr   %nice    %sys %iowait    %irq   %soft  %steal  %guest  %gnice   %idle
09:49:35 PM    0   34.04    0.00   17.02    0.00    0.00    9.57    0.00    0.00    0.00   39.36
09:49:35 PM    1   23.75    0.00   10.00    0.00    0.00    2.50    0.00    0.00    0.00   63.75

09:49:35 PM  CPU    %usr   %nice    %sys %iowait    %irq   %soft  %steal  %guest  %gnice   %idle
09:49:36 PM    0   40.00    0.00   12.63    0.00    0.00    7.37    0.00    0.00    0.00   40.00
09:49:36 PM    1   27.38    0.00    8.33    0.00    0.00    2.38    0.00    0.00    0.00   61.90

09:49:36 PM  CPU    %usr   %nice    %sys %iowait    %irq   %soft  %steal  %guest  %gnice   %idle
09:49:37 PM    0   34.38    0.00   15.62    0.00    0.00    9.38    0.00    0.00    0.00   40.62
09:49:37 PM    1   24.10    0.00    9.64    0.00    0.00    2.41    0.00    0.00    0.00   63.86

09:49:37 PM  CPU    %usr   %nice    %sys %iowait    %irq   %soft  %steal  %guest  %gnice   %idle
09:49:38 PM    0   35.48    0.00   18.28    0.00    0.00    6.45    0.00    0.00    0.00   39.78
09:49:38 PM    1   26.83    0.00    8.54    0.00    0.00    2.44    0.00    0.00    0.00   62.20

09:49:38 PM  CPU    %usr   %nice    %sys %iowait    %irq   %soft  %steal  %guest  %gnice   %idle
09:49:39 PM    0   33.68    0.00   17.89    0.00    0.00    6.32    0.00    0.00    0.00   42.11
09:49:39 PM    1   21.95    0.00   12.20    0.00    0.00    2.44    0.00    0.00    0.00   63.41

09:49:39 PM  CPU    %usr   %nice    %sys %iowait    %irq   %soft  %steal  %guest  %gnice   %idle
09:49:40 PM    0   34.04    0.00   17.02    0.00    0.00    7.45    0.00    0.00    0.00   41.49
09:49:40 PM    1   24.10    0.00    8.43    0.00    0.00    3.61    0.00    0.00    0.00   63.86

09:49:40 PM  CPU    %usr   %nice    %sys %iowait    %irq   %soft  %steal  %guest  %gnice   %idle
09:49:41 PM    0   35.11    0.00   15.96    0.00    0.00    7.45    0.00    0.00    0.00   41.49
09:49:41 PM    1   27.71    0.00    8.43    0.00    0.00    2.41    0.00    0.00    0.00   61.45

09:49:41 PM  CPU    %usr   %nice    %sys %iowait    %irq   %soft  %steal  %guest  %gnice   %idle
09:49:42 PM    0   35.11    0.00   17.02    0.00    0.00    7.45    0.00    0.00    0.00   40.43
09:49:42 PM    1   26.19    0.00   10.71    0.00    0.00    2.38    0.00    0.00    0.00   60.71

Average:     CPU    %usr   %nice    %sys %iowait    %irq   %soft  %steal  %guest  %gnice   %idle
Average:       0   34.77    0.00   17.87    0.00    0.00    6.78    0.00    0.00    0.00   40.58
Average:       1   24.47    0.00    9.76    0.00    0.00    2.84    0.00    0.00    0.00   62.93
