Linux 5.3.0-59-generic (ericmei) 	06/29/2020 	_x86_64_	(12 CPU)

09:50:19 PM  CPU    %usr   %nice    %sys %iowait    %irq   %soft  %steal  %guest  %gnice   %idle
09:50:20 PM    0   36.46    0.00   16.67    0.00    0.00    6.25    0.00    0.00    0.00   40.62
09:50:20 PM    1   22.50    0.00    8.75    0.00    0.00    3.75    0.00    0.00    0.00   65.00

09:50:20 PM  CPU    %usr   %nice    %sys %iowait    %irq   %soft  %steal  %guest  %gnice   %idle
09:50:21 PM    0   34.07    0.00   15.38    0.00    0.00    7.69    0.00    0.00    0.00   42.86
09:50:21 PM    1   28.24    0.00    5.88    0.00    0.00    2.35    0.00    0.00    0.00   63.53

09:50:21 PM  CPU    %usr   %nice    %sys %iowait    %irq   %soft  %steal  %guest  %gnice   %idle
09:50:22 PM    0   40.43    0.00   12.77    0.00    0.00    6.38    0.00    0.00    0.00   40.43
09:50:22 PM    1   21.69    0.00   10.84    0.00    0.00    3.61    0.00    0.00    0.00   63.86

09:50:22 PM  CPU    %usr   %nice    %sys %iowait    %irq   %soft  %steal  %guest  %gnice   %idle
09:50:23 PM    0   36.46    0.00   15.62    0.00    0.00    7.29    0.00    0.00    0.00   40.62
09:50:23 PM    1   24.10    0.00    7.23    0.00    0.00    4.82    0.00    0.00    0.00   63.86

09:50:23 PM  CPU    %usr   %nice    %sys %iowait    %irq   %soft  %steal  %guest  %gnice   %idle
09:50:24 PM    0   28.26    0.00   21.74    0.00    0.00    8.70    0.00    0.00    0.00   41.30
09:50:24 PM    1   26.51    0.00    9.64    0.00    0.00    1.20    0.00    0.00    0.00   62.65

09:50:24 PM  CPU    %usr   %nice    %sys %iowait    %irq   %soft  %steal  %guest  %gnice   %idle
09:50:25 PM    0   35.79    0.00   16.84    0.00    0.00    7.37    0.00    0.00    0.00   40.00
09:50:25 PM    1   23.81    0.00    9.52    0.00    0.00    3.57    0.00    0.00    0.00   63.10

09:50:25 PM  CPU    %usr   %nice    %sys %iowait    %irq   %soft  %steal  %guest  %gnice   %idle
09:50:26 PM    0   43.16    0.00   15.79    0.00    0.00    2.11    0.00    0.00    0.00   38.95
09:50:26 PM    1   28.05    0.00    8.54    0.00    0.00    2.44    0.00    0.00    0.00   60.98

09:50:26 PM  CPU    %usr   %nice    %sys %iowait    %irq   %soft  %steal  %guest  %gnice   %idle
09:50:27 PM    0   35.79    0.00   16.84    0.00    0.00    7.37    0.00    0.00    0.00   40.00
09:50:27 PM    1   25.61    0.00    8.54    0.00    0.00    2.44    0.00    0.00    0.00   63.41

09:50:27 PM  CPU    %usr   %nice    %sys %iowait    %irq   %soft  %steal  %guest  %gnice   %idle
09:50:28 PM    0   32.63    0.00   18.95    0.00    0.00    7.37    0.00    0.00    0.00   41.05
09:50:28 PM    1   16.87    0.00   14.46    0.00    0.00    3.61    0.00    0.00    0.00   65.06

09:50:28 PM  CPU    %usr   %nice    %sys %iowait    %irq   %soft  %steal  %guest  %gnice   %idle
09:50:29 PM    0   32.63    0.00   16.84    0.00    0.00    8.42    0.00    0.00    0.00   42.11
09:50:29 PM    1   24.71    0.00   10.59    0.00    0.00    1.18    0.00    0.00    0.00   63.53

09:50:29 PM  CPU    %usr   %nice    %sys %iowait    %irq   %soft  %steal  %guest  %gnice   %idle
09:50:30 PM    0   37.63    0.00   18.28    0.00    0.00    4.30    0.00    0.00    0.00   39.78
09:50:30 PM    1   24.71    0.00    9.41    0.00    0.00    4.71    0.00    0.00    0.00   61.18

09:50:30 PM  CPU    %usr   %nice    %sys %iowait    %irq   %soft  %steal  %guest  %gnice   %idle
09:50:31 PM    0   34.38    0.00   18.75    0.00    0.00    6.25    0.00    0.00    0.00   40.62
09:50:31 PM    1   22.22    0.00    9.88    0.00    0.00    2.47    0.00    0.00    0.00   65.43

09:50:31 PM  CPU    %usr   %nice    %sys %iowait    %irq   %soft  %steal  %guest  %gnice   %idle
09:50:32 PM    0   33.67    0.00   16.33    0.00    0.00   11.22    0.00    0.00    0.00   38.78
09:50:32 PM    1   23.75    0.00    8.75    0.00    0.00    2.50    0.00    0.00    0.00   65.00

09:50:32 PM  CPU    %usr   %nice    %sys %iowait    %irq   %soft  %steal  %guest  %gnice   %idle
09:50:33 PM    0   32.99    0.00   21.65    0.00    0.00    7.22    0.00    0.00    0.00   38.14
09:50:33 PM    1   23.81    0.00   10.71    0.00    0.00    3.57    0.00    0.00    0.00   61.90

09:50:33 PM  CPU    %usr   %nice    %sys %iowait    %irq   %soft  %steal  %guest  %gnice   %idle
09:50:34 PM    0   34.07    0.00   16.48    0.00    0.00    7.69    0.00    0.00    0.00   41.76
09:50:34 PM    1   23.75    0.00   10.00    0.00    0.00    1.25    0.00    0.00    0.00   65.00

09:50:34 PM  CPU    %usr   %nice    %sys %iowait    %irq   %soft  %steal  %guest  %gnice   %idle
09:50:35 PM    0   37.50    0.00   14.58    0.00    0.00    6.25    0.00    0.00    0.00   41.67
09:50:35 PM    1   23.75    0.00    7.50    0.00    0.00    2.50    0.00    0.00    0.00   66.25

09:50:35 PM  CPU    %usr   %nice    %sys %iowait    %irq   %soft  %steal  %guest  %gnice   %idle
09:50:36 PM    0   32.26    0.00   16.13    0.00    0.00    9.68    0.00    0.00    0.00   41.94
09:50:36 PM    1   24.69    0.00    8.64    0.00    0.00    1.23    0.00    0.00    0.00   65.43

09:50:36 PM  CPU    %usr   %nice    %sys %iowait    %irq   %soft  %steal  %guest  %gnice   %idle
09:50:37 PM    0   35.42    0.00   20.83    0.00    0.00    5.21    0.00    0.00    0.00   38.54
09:50:37 PM    1   25.61    0.00    9.76    0.00    0.00    2.44    0.00    0.00    0.00   62.20

09:50:37 PM  CPU    %usr   %nice    %sys %iowait    %irq   %soft  %steal  %guest  %gnice   %idle
09:50:38 PM    0   36.56    0.00   17.20    0.00    0.00    5.38    0.00    0.00    0.00   40.86
09:50:38 PM    1   24.39    0.00    8.54    0.00    0.00    2.44    0.00    0.00    0.00   64.63

09:50:38 PM  CPU    %usr   %nice    %sys %iowait    %irq   %soft  %steal  %guest  %gnice   %idle
09:50:39 PM    0   37.50    0.00   16.67    0.00    0.00    6.25    0.00    0.00    0.00   39.58
09:50:39 PM    1   25.61    0.00    8.54    0.00    0.00    1.22    0.00    0.00    0.00   64.63

09:50:39 PM  CPU    %usr   %nice    %sys %iowait    %irq   %soft  %steal  %guest  %gnice   %idle
09:50:40 PM    0   35.05    0.00   16.49    0.00    0.00    8.25    0.00    0.00    0.00   40.21
09:50:40 PM    1   27.38    0.00    7.14    0.00    0.00    2.38    0.00    0.00    0.00   63.10

09:50:40 PM  CPU    %usr   %nice    %sys %iowait    %irq   %soft  %steal  %guest  %gnice   %idle
09:50:41 PM    0   39.13    0.00   17.39    0.00    0.00    3.26    0.00    0.00    0.00   40.22
09:50:41 PM    1   22.22    0.00    8.64    0.00    0.00    4.94    0.00    0.00    0.00   64.20

09:50:41 PM  CPU    %usr   %nice    %sys %iowait    %irq   %soft  %steal  %guest  %gnice   %idle
09:50:42 PM    0   28.57    0.00   21.43    0.00    0.00   10.20    0.00    0.00    0.00   39.80
09:50:42 PM    1   24.39    0.00    9.76    0.00    0.00    1.22    0.00    0.00    0.00   64.63

09:50:42 PM  CPU    %usr   %nice    %sys %iowait    %irq   %soft  %steal  %guest  %gnice   %idle
09:50:43 PM    0   30.85    0.00   19.15    0.00    0.00    7.45    0.00    0.00    0.00   42.55
09:50:43 PM    1   25.61    0.00    6.10    0.00    0.00    2.44    0.00    0.00    0.00   65.85

09:50:43 PM  CPU    %usr   %nice    %sys %iowait    %irq   %soft  %steal  %guest  %gnice   %idle
09:50:44 PM    0   34.74    0.00   17.89    0.00    0.00    8.42    0.00    0.00    0.00   38.95
09:50:44 PM    1   23.81    0.00    9.52    0.00    0.00    3.57    0.00    0.00    0.00   63.10

09:50:44 PM  CPU    %usr   %nice    %sys %iowait    %irq   %soft  %steal  %guest  %gnice   %idle
09:50:45 PM    0   32.29    0.00   15.62    0.00    0.00   10.42    0.00    0.00    0.00   41.67
09:50:45 PM    1   22.89    0.00   10.84    0.00    0.00    2.41    0.00    0.00    0.00   63.86

09:50:45 PM  CPU    %usr   %nice    %sys %iowait    %irq   %soft  %steal  %guest  %gnice   %idle
09:50:46 PM    0   35.11    0.00   14.89    0.00    0.00    9.57    0.00    0.00    0.00   40.43
09:50:46 PM    1   26.51    0.00    7.23    0.00    0.00    3.61    0.00    0.00    0.00   62.65

09:50:46 PM  CPU    %usr   %nice    %sys %iowait    %irq   %soft  %steal  %guest  %gnice   %idle
09:50:47 PM    0   32.26    0.00   19.35    0.00    0.00    6.45    0.00    0.00    0.00   41.94
09:50:47 PM    1   25.00    0.00   10.71    0.00    0.00    2.38    0.00    0.00    0.00   61.90

09:50:47 PM  CPU    %usr   %nice    %sys %iowait    %irq   %soft  %steal  %guest  %gnice   %idle
09:50:48 PM    0   36.84    0.00   15.79    0.00    0.00    7.37    0.00    0.00    0.00   40.00
09:50:48 PM    1   23.81    0.00   11.90    0.00    0.00    3.57    0.00    0.00    0.00   60.71

09:50:48 PM  CPU    %usr   %nice    %sys %iowait    %irq   %soft  %steal  %guest  %gnice   %idle
09:50:49 PM    0   32.98    0.00   15.96    0.00    0.00    9.57    0.00    0.00    0.00   41.49
09:50:49 PM    1   22.89    0.00    9.64    0.00    0.00    2.41    0.00    0.00    0.00   65.06

09:50:49 PM  CPU    %usr   %nice    %sys %iowait    %irq   %soft  %steal  %guest  %gnice   %idle
09:50:50 PM    0   31.18    0.00   18.28    0.00    0.00    9.68    0.00    0.00    0.00   40.86
09:50:50 PM    1   25.00    0.00    7.50    0.00    0.00    2.50    0.00    0.00    0.00   65.00

09:50:50 PM  CPU    %usr   %nice    %sys %iowait    %irq   %soft  %steal  %guest  %gnice   %idle
09:50:51 PM    0   34.04    0.00   17.02    0.00    0.00    7.45    0.00    0.00    0.00   41.49
09:50:51 PM    1   25.30    0.00    8.43    0.00    0.00    3.61    0.00    0.00    0.00   62.65

09:50:51 PM  CPU    %usr   %nice    %sys %iowait    %irq   %soft  %steal  %guest  %gnice   %idle
09:50:52 PM    0   35.11    0.00   18.09    0.00    0.00    7.45    0.00    0.00    0.00   39.36
09:50:52 PM    1   23.17    0.00    9.76    0.00    0.00    3.66    0.00    0.00    0.00   63.41

09:50:52 PM  CPU    %usr   %nice    %sys %iowait    %irq   %soft  %steal  %guest  %gnice   %idle
09:50:53 PM    0   34.74    0.00   20.00    0.00    0.00    5.26    0.00    0.00    0.00   40.00
09:50:53 PM    1   21.95    0.00    8.54    0.00    0.00    6.10    0.00    0.00    0.00   63.41

09:50:53 PM  CPU    %usr   %nice    %sys %iowait    %irq   %soft  %steal  %guest  %gnice   %idle
09:50:54 PM    0   33.70    0.00   17.39    0.00    0.00    7.61    0.00    0.00    0.00   41.30
09:50:54 PM    1   25.30    0.00    8.43    0.00    0.00    2.41    0.00    0.00    0.00   63.86

09:50:54 PM  CPU    %usr   %nice    %sys %iowait    %irq   %soft  %steal  %guest  %gnice   %idle
09:50:55 PM    0   31.91    0.00   18.09    0.00    0.00    8.51    0.00    0.00    0.00   41.49
09:50:55 PM    1   24.39    0.00   10.98    0.00    0.00    1.22    0.00    0.00    0.00   63.41

09:50:55 PM  CPU    %usr   %nice    %sys %iowait    %irq   %soft  %steal  %guest  %gnice   %idle
09:50:56 PM    0   34.38    0.00   17.71    0.00    0.00    8.33    0.00    0.00    0.00   39.58
09:50:56 PM    1   25.88    0.00    9.41    0.00    0.00    3.53    0.00    0.00    0.00   61.18

09:50:56 PM  CPU    %usr   %nice    %sys %iowait    %irq   %soft  %steal  %guest  %gnice   %idle
09:50:57 PM    0   34.44    0.00   15.56    0.00    0.00    7.78    0.00    0.00    0.00   42.22
09:50:57 PM    1   22.89    0.00   12.05    0.00    0.00    1.20    0.00    0.00    0.00   63.86

09:50:57 PM  CPU    %usr   %nice    %sys %iowait    %irq   %soft  %steal  %guest  %gnice   %idle
09:50:58 PM    0   29.47    0.00   22.11    0.00    0.00    8.42    0.00    0.00    0.00   40.00
09:50:58 PM    1   23.17    0.00    9.76    0.00    0.00    3.66    0.00    0.00    0.00   63.41

09:50:58 PM  CPU    %usr   %nice    %sys %iowait    %irq   %soft  %steal  %guest  %gnice   %idle
09:50:59 PM    0   35.48    0.00   13.98    0.00    0.00    9.68    0.00    0.00    0.00   40.86
09:50:59 PM    1   22.62    0.00   10.71    0.00    0.00    3.57    0.00    0.00    0.00   63.10

09:50:59 PM  CPU    %usr   %nice    %sys %iowait    %irq   %soft  %steal  %guest  %gnice   %idle
09:51:00 PM    0   29.79    0.00   22.34    0.00    0.00    7.45    0.00    0.00    0.00   40.43
09:51:00 PM    1   23.81    0.00   11.90    0.00    0.00    2.38    0.00    0.00    0.00   61.90

09:51:00 PM  CPU    %usr   %nice    %sys %iowait    %irq   %soft  %steal  %guest  %gnice   %idle
09:51:01 PM    0   37.23    0.00   14.89    0.00    0.00    6.38    0.00    0.00    0.00   41.49
09:51:01 PM    1   23.81    0.00    9.52    0.00    0.00    3.57    0.00    0.00    0.00   63.10

09:51:01 PM  CPU    %usr   %nice    %sys %iowait    %irq   %soft  %steal  %guest  %gnice   %idle
09:51:02 PM    0   35.79    0.00   15.79    0.00    0.00    7.37    0.00    0.00    0.00   41.05
09:51:02 PM    1   20.00    0.00   11.25    0.00    0.00    3.75    0.00    0.00    0.00   65.00

09:51:02 PM  CPU    %usr   %nice    %sys %iowait    %irq   %soft  %steal  %guest  %gnice   %idle
09:51:03 PM    0   36.96    0.00   18.48    0.00    0.00    3.26    0.00    0.00    0.00   41.30
09:51:03 PM    1   22.09    0.00   11.63    0.00    0.00    4.65    0.00    0.00    0.00   61.63

09:51:03 PM  CPU    %usr   %nice    %sys %iowait    %irq   %soft  %steal  %guest  %gnice   %idle
09:51:04 PM    0   35.79    0.00   15.79    0.00    0.00    7.37    0.00    0.00    0.00   41.05
09:51:04 PM    1   25.61    0.00    8.54    0.00    0.00    1.22    0.00    0.00    0.00   64.63

09:51:04 PM  CPU    %usr   %nice    %sys %iowait    %irq   %soft  %steal  %guest  %gnice   %idle
09:51:05 PM    0   31.91    0.00   22.34    0.00    0.00    5.32    0.00    0.00    0.00   40.43
09:51:05 PM    1   26.51    0.00    7.23    0.00    0.00    3.61    0.00    0.00    0.00   62.65

09:51:05 PM  CPU    %usr   %nice    %sys %iowait    %irq   %soft  %steal  %guest  %gnice   %idle
09:51:06 PM    0   35.11    0.00   18.09    0.00    0.00    5.32    0.00    0.00    0.00   41.49
09:51:06 PM    1   24.39    0.00    8.54    0.00    0.00    3.66    0.00    0.00    0.00   63.41

09:51:06 PM  CPU    %usr   %nice    %sys %iowait    %irq   %soft  %steal  %guest  %gnice   %idle
09:51:07 PM    0   35.11    0.00   14.89    0.00    0.00    9.57    0.00    0.00    0.00   40.43
09:51:07 PM    1   23.17    0.00   10.98    0.00    0.00    2.44    0.00    0.00    0.00   63.41

09:51:07 PM  CPU    %usr   %nice    %sys %iowait    %irq   %soft  %steal  %guest  %gnice   %idle
09:51:08 PM    0   39.78    0.00   13.98    0.00    0.00    4.30    0.00    0.00    0.00   41.94
09:51:08 PM    1   21.95    0.00   12.20    0.00    0.00    1.22    0.00    0.00    0.00   64.63

09:51:08 PM  CPU    %usr   %nice    %sys %iowait    %irq   %soft  %steal  %guest  %gnice   %idle
09:51:09 PM    0   30.43    0.00   16.30    0.00    0.00    8.70    0.00    0.00    0.00   44.57
09:51:09 PM    1   24.39    0.00    6.10    0.00    0.00    2.44    0.00    0.00    0.00   67.07

09:51:09 PM  CPU    %usr   %nice    %sys %iowait    %irq   %soft  %steal  %guest  %gnice   %idle
09:51:10 PM    0   36.46    0.00   16.67    0.00    0.00    6.25    0.00    0.00    0.00   40.62
09:51:10 PM    1   27.91    0.00    5.81    0.00    0.00    4.65    0.00    0.00    0.00   61.63

09:51:10 PM  CPU    %usr   %nice    %sys %iowait    %irq   %soft  %steal  %guest  %gnice   %idle
09:51:11 PM    0   33.67    0.00   20.41    0.00    0.00    7.14    0.00    0.00    0.00   38.78
09:51:11 PM    1   21.18    0.00   12.94    0.00    0.00    3.53    0.00    0.00    0.00   62.35

09:51:11 PM  CPU    %usr   %nice    %sys %iowait    %irq   %soft  %steal  %guest  %gnice   %idle
09:51:12 PM    0   32.98    0.00   17.02    0.00    0.00    8.51    0.00    0.00    0.00   41.49
09:51:12 PM    1   20.99    0.00    9.88    0.00    0.00    3.70    0.00    0.00    0.00   65.43

09:51:12 PM  CPU    %usr   %nice    %sys %iowait    %irq   %soft  %steal  %guest  %gnice   %idle
09:51:13 PM    0   36.17    0.00   15.96    0.00    0.00    7.45    0.00    0.00    0.00   40.43
09:51:13 PM    1   20.48    0.00   13.25    0.00    0.00    2.41    0.00    0.00    0.00   63.86

09:51:13 PM  CPU    %usr   %nice    %sys %iowait    %irq   %soft  %steal  %guest  %gnice   %idle
09:51:14 PM    0   34.04    0.00   19.15    0.00    0.00    6.38    0.00    0.00    0.00   40.43
09:51:14 PM    1   22.09    0.00   11.63    0.00    0.00    4.65    0.00    0.00    0.00   61.63

09:51:14 PM  CPU    %usr   %nice    %sys %iowait    %irq   %soft  %steal  %guest  %gnice   %idle
09:51:15 PM    0   35.16    0.00   15.38    0.00    0.00    5.49    0.00    0.00    0.00   43.96
09:51:15 PM    1   23.53    0.00    8.24    0.00    0.00    4.71    0.00    0.00    0.00   63.53

09:51:15 PM  CPU    %usr   %nice    %sys %iowait    %irq   %soft  %steal  %guest  %gnice   %idle
09:51:16 PM    0   33.68    0.00   21.05    0.00    0.00    5.26    0.00    0.00    0.00   40.00
09:51:16 PM    1   25.93    0.00    7.41    0.00    0.00    2.47    0.00    0.00    0.00   64.20

09:51:16 PM  CPU    %usr   %nice    %sys %iowait    %irq   %soft  %steal  %guest  %gnice   %idle
09:51:17 PM    0   30.77    0.00   17.58    0.00    0.00    7.69    0.00    0.00    0.00   43.96
09:51:17 PM    1   21.95    0.00    9.76    0.00    0.00    2.44    0.00    0.00    0.00   65.85

09:51:17 PM  CPU    %usr   %nice    %sys %iowait    %irq   %soft  %steal  %guest  %gnice   %idle
09:51:18 PM    0   32.26    0.00   16.13    0.00    0.00    8.60    0.00    0.00    0.00   43.01
09:51:18 PM    1   22.89    0.00    8.43    0.00    0.00    3.61    0.00    0.00    0.00   65.06

09:51:18 PM  CPU    %usr   %nice    %sys %iowait    %irq   %soft  %steal  %guest  %gnice   %idle
09:51:19 PM    0   31.18    0.00   21.51    0.00    0.00    6.45    0.00    0.00    0.00   40.86
09:51:19 PM    1   21.52    0.00   10.13    0.00    0.00    2.53    0.00    0.00    0.00   65.82

09:51:19 PM  CPU    %usr   %nice    %sys %iowait    %irq   %soft  %steal  %guest  %gnice   %idle
09:51:20 PM    0   34.07    0.00   14.29    0.00    0.00    8.79    0.00    0.00    0.00   42.86
09:51:20 PM    1   16.87    0.00   13.25    0.00    0.00    3.61    0.00    0.00    0.00   66.27

09:51:20 PM  CPU    %usr   %nice    %sys %iowait    %irq   %soft  %steal  %guest  %gnice   %idle
09:51:21 PM    0   32.61    0.00   20.65    0.00    0.00    4.35    0.00    0.00    0.00   42.39
09:51:21 PM    1   21.69    0.00    9.64    0.00    0.00    4.82    0.00    0.00    0.00   63.86

09:51:21 PM  CPU    %usr   %nice    %sys %iowait    %irq   %soft  %steal  %guest  %gnice   %idle
09:51:22 PM    0   34.04    0.00   15.96    0.00    0.00    8.51    0.00    0.00    0.00   41.49
09:51:22 PM    1   20.73    0.00   10.98    0.00    0.00    4.88    0.00    0.00    0.00   63.41

09:51:22 PM  CPU    %usr   %nice    %sys %iowait    %irq   %soft  %steal  %guest  %gnice   %idle
09:51:23 PM    0   36.17    0.00   17.02    0.00    0.00    5.32    0.00    0.00    0.00   41.49
09:51:23 PM    1   22.62    0.00    9.52    0.00    0.00    3.57    0.00    0.00    0.00   64.29

09:51:23 PM  CPU    %usr   %nice    %sys %iowait    %irq   %soft  %steal  %guest  %gnice   %idle
09:51:24 PM    0   39.13    0.00   16.30    0.00    0.00    4.35    0.00    0.00    0.00   40.22
09:51:24 PM    1   25.93    0.00    6.17    0.00    0.00    3.70    0.00    0.00    0.00   64.20

09:51:24 PM  CPU    %usr   %nice    %sys %iowait    %irq   %soft  %steal  %guest  %gnice   %idle
09:51:25 PM    0   35.79    0.00   16.84    0.00    0.00    5.26    0.00    0.00    0.00   42.11
09:51:25 PM    1   20.45    0.00   12.50    0.00    0.00    5.68    0.00    0.00    0.00   61.36

09:51:25 PM  CPU    %usr   %nice    %sys %iowait    %irq   %soft  %steal  %guest  %gnice   %idle
09:51:26 PM    0   36.26    0.00   17.58    0.00    0.00    4.40    0.00    0.00    0.00   41.76
09:51:26 PM    1   23.75    0.00    7.50    0.00    0.00    2.50    0.00    0.00    0.00   66.25

09:51:26 PM  CPU    %usr   %nice    %sys %iowait    %irq   %soft  %steal  %guest  %gnice   %idle
09:51:27 PM    0   34.41    0.00   20.43    0.00    0.00    4.30    0.00    0.00    0.00   40.86
09:51:27 PM    1   24.10    0.00   10.84    0.00    0.00    2.41    0.00    0.00    0.00   62.65

09:51:27 PM  CPU    %usr   %nice    %sys %iowait    %irq   %soft  %steal  %guest  %gnice   %idle
09:51:28 PM    0   32.26    0.00   20.43    0.00    0.00    6.45    0.00    0.00    0.00   40.86
09:51:28 PM    1   26.19    0.00    8.33    0.00    0.00    2.38    0.00    0.00    0.00   63.10

09:51:28 PM  CPU    %usr   %nice    %sys %iowait    %irq   %soft  %steal  %guest  %gnice   %idle
09:51:29 PM    0   34.41    0.00   17.20    0.00    0.00    6.45    0.00    0.00    0.00   41.94
09:51:29 PM    1   22.89    0.00   13.25    0.00    0.00    1.20    0.00    0.00    0.00   62.65

09:51:29 PM  CPU    %usr   %nice    %sys %iowait    %irq   %soft  %steal  %guest  %gnice   %idle
09:51:30 PM    0   34.41    0.00   17.20    0.00    0.00    6.45    0.00    0.00    0.00   41.94
09:51:30 PM    1   24.42    0.00    5.81    0.00    0.00    6.98    0.00    0.00    0.00   62.79

09:51:30 PM  CPU    %usr   %nice    %sys %iowait    %irq   %soft  %steal  %guest  %gnice   %idle
09:51:31 PM    0   35.42    0.00   18.75    0.00    0.00    6.25    0.00    0.00    0.00   39.58
09:51:31 PM    1   22.89    0.00    9.64    0.00    0.00    3.61    0.00    0.00    0.00   63.86

09:51:31 PM  CPU    %usr   %nice    %sys %iowait    %irq   %soft  %steal  %guest  %gnice   %idle
09:51:32 PM    0   32.29    0.00   22.92    0.00    0.00    5.21    0.00    0.00    0.00   39.58
09:51:32 PM    1   27.91    0.00    5.81    0.00    0.00    5.81    0.00    0.00    0.00   60.47

09:51:32 PM  CPU    %usr   %nice    %sys %iowait    %irq   %soft  %steal  %guest  %gnice   %idle
09:51:33 PM    0   33.33    0.00   19.35    0.00    0.00    5.38    0.00    0.00    0.00   41.94
09:51:33 PM    1   25.61    0.00    9.76    0.00    0.00    2.44    0.00    0.00    0.00   62.20

09:51:33 PM  CPU    %usr   %nice    %sys %iowait    %irq   %soft  %steal  %guest  %gnice   %idle
09:51:34 PM    0   35.71    0.00   17.35    0.00    0.00    7.14    0.00    0.00    0.00   39.80
09:51:34 PM    1   25.30    0.00    8.43    0.00    0.00    2.41    0.00    0.00    0.00   63.86

09:51:34 PM  CPU    %usr   %nice    %sys %iowait    %irq   %soft  %steal  %guest  %gnice   %idle
09:51:35 PM    0   33.33    0.00   18.75    0.00    0.00    7.29    0.00    0.00    0.00   40.62
09:51:35 PM    1   25.93    0.00    8.64    0.00    0.00    0.00    0.00    0.00    0.00   65.43

09:51:35 PM  CPU    %usr   %nice    %sys %iowait    %irq   %soft  %steal  %guest  %gnice   %idle
09:51:36 PM    0   33.33    0.00   16.67    0.00    0.00    9.38    0.00    0.00    0.00   40.62
09:51:36 PM    1   25.00    0.00    9.52    0.00    0.00    2.38    0.00    0.00    0.00   63.10

09:51:36 PM  CPU    %usr   %nice    %sys %iowait    %irq   %soft  %steal  %guest  %gnice   %idle
09:51:37 PM    0   32.97    0.00   17.58    0.00    0.00    7.69    0.00    0.00    0.00   41.76
09:51:37 PM    1   22.22    0.00   11.11    0.00    0.00    1.23    0.00    0.00    0.00   65.43

09:51:37 PM  CPU    %usr   %nice    %sys %iowait    %irq   %soft  %steal  %guest  %gnice   %idle
09:51:38 PM    0   33.68    0.00   16.84    0.00    0.00    7.37    0.00    0.00    0.00   42.11
09:51:38 PM    1   22.22    0.00    8.64    0.00    0.00    2.47    0.00    0.00    0.00   66.67

09:51:38 PM  CPU    %usr   %nice    %sys %iowait    %irq   %soft  %steal  %guest  %gnice   %idle
09:51:39 PM    0   31.91    0.00   20.21    0.00    0.00    6.38    0.00    0.00    0.00   41.49
09:51:39 PM    1   24.39    0.00    8.54    0.00    0.00    3.66    0.00    0.00    0.00   63.41

09:51:39 PM  CPU    %usr   %nice    %sys %iowait    %irq   %soft  %steal  %guest  %gnice   %idle
09:51:40 PM    0   29.79    0.00   17.02    0.00    0.00   11.70    0.00    0.00    0.00   41.49
09:51:40 PM    1   23.17    0.00    9.76    0.00    0.00    1.22    0.00    0.00    0.00   65.85

09:51:40 PM  CPU    %usr   %nice    %sys %iowait    %irq   %soft  %steal  %guest  %gnice   %idle
09:51:41 PM    0   35.05    0.00   19.59    0.00    0.00    6.19    0.00    0.00    0.00   39.18
09:51:41 PM    1   20.99    0.00   12.35    0.00    0.00    2.47    0.00    0.00    0.00   64.20

09:51:41 PM  CPU    %usr   %nice    %sys %iowait    %irq   %soft  %steal  %guest  %gnice   %idle
09:51:42 PM    0   34.41    0.00   18.28    0.00    0.00    6.45    0.00    0.00    0.00   40.86
09:51:42 PM    1   25.30    0.00    9.64    0.00    0.00    2.41    0.00    0.00    0.00   62.65

09:51:42 PM  CPU    %usr   %nice    %sys %iowait    %irq   %soft  %steal  %guest  %gnice   %idle
09:51:43 PM    0   34.04    0.00   19.15    0.00    0.00    6.38    0.00    0.00    0.00   40.43
09:51:43 PM    1   23.81    0.00   10.71    0.00    0.00    3.57    0.00    0.00    0.00   61.90

09:51:43 PM  CPU    %usr   %nice    %sys %iowait    %irq   %soft  %steal  %guest  %gnice   %idle
09:51:44 PM    0   29.03    0.00   17.20    0.00    0.00   12.90    0.00    0.00    0.00   40.86
09:51:44 PM    1   25.00    0.00    9.52    0.00    0.00    2.38    0.00    0.00    0.00   63.10

09:51:44 PM  CPU    %usr   %nice    %sys %iowait    %irq   %soft  %steal  %guest  %gnice   %idle
09:51:45 PM    0   32.61    0.00   18.48    0.00    0.00    6.52    0.00    0.00    0.00   42.39
09:51:45 PM    1   19.51    0.00   14.63    0.00    0.00    1.22    0.00    0.00    0.00   64.63

09:51:45 PM  CPU    %usr   %nice    %sys %iowait    %irq   %soft  %steal  %guest  %gnice   %idle
09:51:46 PM    0   34.07    0.00   18.68    0.00    0.00    5.49    0.00    0.00    0.00   41.76
09:51:46 PM    1   24.69    0.00   11.11    0.00    0.00    1.23    0.00    0.00    0.00   62.96

09:51:46 PM  CPU    %usr   %nice    %sys %iowait    %irq   %soft  %steal  %guest  %gnice   %idle
09:51:47 PM    0   32.63    0.00   22.11    0.00    0.00    3.16    0.00    0.00    0.00   42.11
09:51:47 PM    1   25.30    0.00    8.43    0.00    0.00    2.41    0.00    0.00    0.00   63.86

09:51:47 PM  CPU    %usr   %nice    %sys %iowait    %irq   %soft  %steal  %guest  %gnice   %idle
09:51:48 PM    0   34.07    0.00   16.48    0.00    0.00    8.79    0.00    0.00    0.00   40.66
09:51:48 PM    1   24.10    0.00    8.43    0.00    0.00    3.61    0.00    0.00    0.00   63.86

09:51:48 PM  CPU    %usr   %nice    %sys %iowait    %irq   %soft  %steal  %guest  %gnice   %idle
09:51:49 PM    0   31.18    0.00   16.13    0.00    0.00   10.75    0.00    0.00    0.00   41.94
09:51:49 PM    1   26.83    0.00    7.32    0.00    0.00    1.22    0.00    0.00    0.00   64.63

09:51:49 PM  CPU    %usr   %nice    %sys %iowait    %irq   %soft  %steal  %guest  %gnice   %idle
09:51:50 PM    0   35.87    0.00   18.48    0.00    0.00    3.26    0.00    0.00    0.00   42.39
09:51:50 PM    1   24.10    0.00    9.64    0.00    0.00    3.61    0.00    0.00    0.00   62.65

09:51:50 PM  CPU    %usr   %nice    %sys %iowait    %irq   %soft  %steal  %guest  %gnice   %idle
09:51:51 PM    0   34.69    0.00   20.41    0.00    0.00    7.14    0.00    0.00    0.00   37.76
09:51:51 PM    1   26.74    0.00    8.14    0.00    0.00    3.49    0.00    0.00    0.00   61.63

09:51:51 PM  CPU    %usr   %nice    %sys %iowait    %irq   %soft  %steal  %guest  %gnice   %idle
09:51:52 PM    0   34.78    0.00   19.57    0.00    0.00    4.35    0.00    0.00    0.00   41.30
09:51:52 PM    1   22.89    0.00   10.84    0.00    0.00    3.61    0.00    0.00    0.00   62.65

09:51:52 PM  CPU    %usr   %nice    %sys %iowait    %irq   %soft  %steal  %guest  %gnice   %idle
09:51:53 PM    0   36.96    0.00   16.30    0.00    0.00    6.52    0.00    0.00    0.00   40.22
09:51:53 PM    1   20.73    0.00   12.20    0.00    0.00    3.66    0.00    0.00    0.00   63.41

09:51:53 PM  CPU    %usr   %nice    %sys %iowait    %irq   %soft  %steal  %guest  %gnice   %idle
09:51:54 PM    0   37.23    0.00   13.83    0.00    0.00    6.38    0.00    0.00    0.00   42.55
09:51:54 PM    1   19.28    0.00   12.05    0.00    0.00    3.61    0.00    0.00    0.00   65.06

09:51:54 PM  CPU    %usr   %nice    %sys %iowait    %irq   %soft  %steal  %guest  %gnice   %idle
09:51:55 PM    0   34.78    0.00   17.39    0.00    0.00    5.43    0.00    0.00    0.00   42.39
09:51:55 PM    1   26.51    0.00    7.23    0.00    0.00    3.61    0.00    0.00    0.00   62.65

09:51:55 PM  CPU    %usr   %nice    %sys %iowait    %irq   %soft  %steal  %guest  %gnice   %idle
09:51:56 PM    0   34.09    0.00   18.18    0.00    0.00    4.55    0.00    0.00    0.00   43.18
09:51:56 PM    1   22.35    0.00    9.41    0.00    0.00    4.71    0.00    0.00    0.00   63.53

09:51:56 PM  CPU    %usr   %nice    %sys %iowait    %irq   %soft  %steal  %guest  %gnice   %idle
09:51:57 PM    0   31.52    0.00   17.39    0.00    0.00    8.70    0.00    0.00    0.00   42.39
09:51:57 PM    1   22.89    0.00    9.64    0.00    0.00    3.61    0.00    0.00    0.00   63.86

09:51:57 PM  CPU    %usr   %nice    %sys %iowait    %irq   %soft  %steal  %guest  %gnice   %idle
09:51:58 PM    0   32.29    0.00   16.67    0.00    0.00    9.38    0.00    0.00    0.00   41.67
09:51:58 PM    1   24.10    0.00    9.64    0.00    0.00    1.20    0.00    0.00    0.00   65.06

09:51:58 PM  CPU    %usr   %nice    %sys %iowait    %irq   %soft  %steal  %guest  %gnice   %idle
09:51:59 PM    0   38.95    0.00   14.74    0.00    0.00    7.37    0.00    0.00    0.00   38.95
09:51:59 PM    1   24.39    0.00    9.76    0.00    0.00    2.44    0.00    0.00    0.00   63.41

09:51:59 PM  CPU    %usr   %nice    %sys %iowait    %irq   %soft  %steal  %guest  %gnice   %idle
09:52:00 PM    0   27.66    0.00   23.40    0.00    0.00    8.51    0.00    0.00    0.00   40.43
09:52:00 PM    1   23.75    0.00    7.50    0.00    0.00    3.75    0.00    0.00    0.00   65.00

09:52:00 PM  CPU    %usr   %nice    %sys %iowait    %irq   %soft  %steal  %guest  %gnice   %idle
09:52:01 PM    0   31.58    0.00   22.11    0.00    0.00    6.32    0.00    0.00    0.00   40.00
09:52:01 PM    1   23.17    0.00   10.98    0.00    0.00    2.44    0.00    0.00    0.00   63.41

09:52:01 PM  CPU    %usr   %nice    %sys %iowait    %irq   %soft  %steal  %guest  %gnice   %idle
09:52:02 PM    0   40.00    0.00   16.84    0.00    0.00    3.16    0.00    0.00    0.00   40.00
09:52:02 PM    1   24.10    0.00    8.43    0.00    0.00    3.61    0.00    0.00    0.00   63.86

09:52:02 PM  CPU    %usr   %nice    %sys %iowait    %irq   %soft  %steal  %guest  %gnice   %idle
09:52:03 PM    0   34.78    0.00   16.30    0.00    0.00    7.61    0.00    0.00    0.00   41.30
09:52:03 PM    1   24.10    0.00    9.64    0.00    0.00    2.41    0.00    0.00    0.00   63.86

09:52:03 PM  CPU    %usr   %nice    %sys %iowait    %irq   %soft  %steal  %guest  %gnice   %idle
09:52:04 PM    0   30.21    0.00   22.92    0.00    0.00    8.33    0.00    0.00    0.00   38.54
09:52:04 PM    1   24.10    0.00    8.43    0.00    0.00    6.02    0.00    0.00    0.00   61.45

09:52:04 PM  CPU    %usr   %nice    %sys %iowait    %irq   %soft  %steal  %guest  %gnice   %idle
09:52:05 PM    0   32.58    0.00   14.61    0.00    0.00    8.99    0.00    0.00    0.00   43.82
09:52:05 PM    1   25.30    0.00   10.84    0.00    0.00    1.20    0.00    0.00    0.00   62.65

09:52:05 PM  CPU    %usr   %nice    %sys %iowait    %irq   %soft  %steal  %guest  %gnice   %idle
09:52:06 PM    0   34.04    0.00   20.21    0.00    0.00    6.38    0.00    0.00    0.00   39.36
09:52:06 PM    1   28.92    0.00    8.43    0.00    0.00    2.41    0.00    0.00    0.00   60.24

09:52:06 PM  CPU    %usr   %nice    %sys %iowait    %irq   %soft  %steal  %guest  %gnice   %idle
09:52:07 PM    0   34.74    0.00   13.68    0.00    0.00   10.53    0.00    0.00    0.00   41.05
09:52:07 PM    1   24.71    0.00   10.59    0.00    0.00    2.35    0.00    0.00    0.00   62.35

09:52:07 PM  CPU    %usr   %nice    %sys %iowait    %irq   %soft  %steal  %guest  %gnice   %idle
09:52:08 PM    0   34.04    0.00   14.89    0.00    0.00    9.57    0.00    0.00    0.00   41.49
09:52:08 PM    1   22.22    0.00    7.41    0.00    0.00    4.94    0.00    0.00    0.00   65.43

09:52:08 PM  CPU    %usr   %nice    %sys %iowait    %irq   %soft  %steal  %guest  %gnice   %idle
09:52:09 PM    0   32.98    0.00   21.28    0.00    0.00    4.26    0.00    0.00    0.00   41.49
09:52:09 PM    1   24.69    0.00    8.64    0.00    0.00    1.23    0.00    0.00    0.00   65.43

09:52:09 PM  CPU    %usr   %nice    %sys %iowait    %irq   %soft  %steal  %guest  %gnice   %idle
09:52:10 PM    0   35.42    0.00   11.46    0.00    0.00   12.50    0.00    0.00    0.00   40.62
09:52:10 PM    1   22.89    0.00   10.84    0.00    0.00    1.20    0.00    0.00    0.00   65.06

09:52:10 PM  CPU    %usr   %nice    %sys %iowait    %irq   %soft  %steal  %guest  %gnice   %idle
09:52:11 PM    0   36.56    0.00   15.05    0.00    0.00    5.38    0.00    0.00    0.00   43.01
09:52:11 PM    1   21.25    0.00   10.00    0.00    0.00    2.50    0.00    0.00    0.00   66.25

09:52:11 PM  CPU    %usr   %nice    %sys %iowait    %irq   %soft  %steal  %guest  %gnice   %idle
09:52:12 PM    0   33.70    0.00   19.57    0.00    0.00    6.52    0.00    0.00    0.00   40.22
09:52:12 PM    1   24.10    0.00   10.84    0.00    0.00    2.41    0.00    0.00    0.00   62.65

09:52:12 PM  CPU    %usr   %nice    %sys %iowait    %irq   %soft  %steal  %guest  %gnice   %idle
09:52:13 PM    0   36.26    0.00   15.38    0.00    0.00    6.59    0.00    0.00    0.00   41.76
09:52:13 PM    1   20.48    0.00   14.46    0.00    0.00    1.20    0.00    0.00    0.00   63.86

09:52:13 PM  CPU    %usr   %nice    %sys %iowait    %irq   %soft  %steal  %guest  %gnice   %idle
09:52:14 PM    0   32.63    0.00   18.95    0.00    0.00    7.37    0.00    0.00    0.00   41.05
09:52:14 PM    1   23.75    0.00    7.50    0.00    0.00    3.75    0.00    0.00    0.00   65.00

09:52:14 PM  CPU    %usr   %nice    %sys %iowait    %irq   %soft  %steal  %guest  %gnice   %idle
09:52:15 PM    0   32.98    0.00   19.15    0.00    0.00    6.38    0.00    0.00    0.00   41.49
09:52:15 PM    1   22.62    0.00   10.71    0.00    0.00    3.57    0.00    0.00    0.00   63.10

09:52:15 PM  CPU    %usr   %nice    %sys %iowait    %irq   %soft  %steal  %guest  %gnice   %idle
09:52:16 PM    0   32.61    0.00   21.74    0.00    0.00    3.26    0.00    0.00    0.00   42.39
09:52:16 PM    1   24.10    0.00    9.64    0.00    0.00    2.41    0.00    0.00    0.00   63.86

09:52:16 PM  CPU    %usr   %nice    %sys %iowait    %irq   %soft  %steal  %guest  %gnice   %idle
09:52:17 PM    0   32.98    0.00   22.34    0.00    0.00    4.26    0.00    0.00    0.00   40.43
09:52:17 PM    1   22.62    0.00    8.33    0.00    0.00    5.95    0.00    0.00    0.00   63.10

09:52:17 PM  CPU    %usr   %nice    %sys %iowait    %irq   %soft  %steal  %guest  %gnice   %idle
09:52:18 PM    0   32.29    0.00   18.75    0.00    0.00    6.25    0.00    0.00    0.00   42.71
09:52:18 PM    1   20.00    0.00   11.25    0.00    0.00    1.25    0.00    0.00    0.00   67.50

09:52:18 PM  CPU    %usr   %nice    %sys %iowait    %irq   %soft  %steal  %guest  %gnice   %idle
09:52:19 PM    0   31.91    0.00   18.09    0.00    0.00    8.51    0.00    0.00    0.00   41.49
09:52:19 PM    1   21.25    0.00   10.00    0.00    0.00    2.50    0.00    0.00    0.00   66.25

Average:     CPU    %usr   %nice    %sys %iowait    %irq   %soft  %steal  %guest  %gnice   %idle
Average:       0   34.15    0.00   17.80    0.00    0.00    7.03    0.00    0.00    0.00   41.02
Average:       1   23.71    0.00    9.59    0.00    0.00    2.97    0.00    0.00    0.00   63.72
