Linux 5.3.0-59-generic (ericmei) 	06/29/2020 	_x86_64_	(12 CPU)

10:29:35 PM  CPU    %usr   %nice    %sys %iowait    %irq   %soft  %steal  %guest  %gnice   %idle
10:29:36 PM    0   12.96    0.00    7.41    0.00    0.00   12.04    0.00    0.00    0.00   67.59
10:29:36 PM    1    7.53    0.00    4.30    0.00    0.00    5.38    0.00    0.00    0.00   82.80

10:29:36 PM  CPU    %usr   %nice    %sys %iowait    %irq   %soft  %steal  %guest  %gnice   %idle
10:29:37 PM    0   11.88    0.00    7.92    0.00    0.00    5.94    0.00    0.00    0.00   74.26
10:29:37 PM    1    6.59    0.00    3.30    0.00    0.00    5.49    0.00    0.00    0.00   84.62

10:29:37 PM  CPU    %usr   %nice    %sys %iowait    %irq   %soft  %steal  %guest  %gnice   %idle
10:29:38 PM    0   11.34    0.00    7.22    0.00    0.00    6.19    0.00    0.00    0.00   75.26
10:29:38 PM    1    5.49    0.00    4.40    0.00    0.00    4.40    0.00    0.00    0.00   85.71

10:29:38 PM  CPU    %usr   %nice    %sys %iowait    %irq   %soft  %steal  %guest  %gnice   %idle
10:29:39 PM    0   11.65    0.00    8.74    0.00    0.00    6.80    0.00    0.00    0.00   72.82
10:29:39 PM    1    7.78    0.00    3.33    0.00    0.00    2.22    0.00    0.00    0.00   86.67

10:29:39 PM  CPU    %usr   %nice    %sys %iowait    %irq   %soft  %steal  %guest  %gnice   %idle
10:29:40 PM    0   10.89    0.00    5.94    0.00    0.00    9.90    0.00    0.00    0.00   73.27
10:29:40 PM    1    7.78    0.00    2.22    0.00    0.00    2.22    0.00    0.00    0.00   87.78

10:29:40 PM  CPU    %usr   %nice    %sys %iowait    %irq   %soft  %steal  %guest  %gnice   %idle
10:29:41 PM    0   14.00    0.00    7.00    0.00    0.00    5.00    0.00    0.00    0.00   74.00
10:29:41 PM    1    9.38    0.00    3.12    0.00    0.00    6.25    0.00    0.00    0.00   81.25

10:29:41 PM  CPU    %usr   %nice    %sys %iowait    %irq   %soft  %steal  %guest  %gnice   %idle
10:29:42 PM    0   10.89    0.00    6.93    0.00    0.00    7.92    0.00    0.00    0.00   74.26
10:29:42 PM    1    5.43    0.00    2.17    0.00    0.00    5.43    0.00    0.00    0.00   86.96

10:29:42 PM  CPU    %usr   %nice    %sys %iowait    %irq   %soft  %steal  %guest  %gnice   %idle
10:29:43 PM    0   12.87    0.00    7.92    0.00    0.00    6.93    0.00    0.00    0.00   72.28
10:29:43 PM    1    5.62    0.00    4.49    0.00    0.00    2.25    0.00    0.00    0.00   87.64

10:29:43 PM  CPU    %usr   %nice    %sys %iowait    %irq   %soft  %steal  %guest  %gnice   %idle
10:29:44 PM    0   18.00    0.00    7.00    0.00    0.00    2.00    0.00    0.00    0.00   73.00
10:29:44 PM    1    6.45    0.00    4.30    0.00    0.00    6.45    0.00    0.00    0.00   82.80

10:29:44 PM  CPU    %usr   %nice    %sys %iowait    %irq   %soft  %steal  %guest  %gnice   %idle
10:29:45 PM    0   14.02    0.00    4.67    0.00    0.00   11.21    0.00    0.00    0.00   70.09
10:29:45 PM    1    6.59    0.00    3.30    0.00    0.00    3.30    0.00    0.00    0.00   86.81

10:29:45 PM  CPU    %usr   %nice    %sys %iowait    %irq   %soft  %steal  %guest  %gnice   %idle
10:29:46 PM    0   12.87    0.00    5.94    0.00    0.00    7.92    0.00    0.00    0.00   73.27
10:29:46 PM    1    6.59    0.00    3.30    0.00    0.00    4.40    0.00    0.00    0.00   85.71

10:29:46 PM  CPU    %usr   %nice    %sys %iowait    %irq   %soft  %steal  %guest  %gnice   %idle
10:29:47 PM    0   10.09    0.00    6.42    0.00    0.00   15.60    0.00    0.00    0.00   67.89
10:29:47 PM    1    5.68    0.00    3.41    0.00    0.00    2.27    0.00    0.00    0.00   88.64

10:29:47 PM  CPU    %usr   %nice    %sys %iowait    %irq   %soft  %steal  %guest  %gnice   %idle
10:29:48 PM    0   11.76    0.00    6.86    0.00    0.00    8.82    0.00    0.00    0.00   72.55
10:29:48 PM    1    6.67    0.00    2.22    0.00    0.00    4.44    0.00    0.00    0.00   86.67

10:29:48 PM  CPU    %usr   %nice    %sys %iowait    %irq   %soft  %steal  %guest  %gnice   %idle
10:29:49 PM    0   13.13    0.00    8.08    0.00    0.00    3.03    0.00    0.00    0.00   75.76
10:29:49 PM    1    7.78    0.00    2.22    0.00    0.00    3.33    0.00    0.00    0.00   86.67

10:29:49 PM  CPU    %usr   %nice    %sys %iowait    %irq   %soft  %steal  %guest  %gnice   %idle
10:29:50 PM    0   10.48    0.00    7.62    0.00    0.00   10.48    0.00    0.00    0.00   71.43
10:29:50 PM    1    5.56    0.00    3.33    0.00    0.00    3.33    0.00    0.00    0.00   87.78

10:29:50 PM  CPU    %usr   %nice    %sys %iowait    %irq   %soft  %steal  %guest  %gnice   %idle
10:29:51 PM    0   14.58    0.00    4.17    0.00    0.00    4.17    0.00    0.00    0.00   77.08
10:29:51 PM    1    6.52    0.00    4.35    0.00    0.00    4.35    0.00    0.00    0.00   84.78

10:29:51 PM  CPU    %usr   %nice    %sys %iowait    %irq   %soft  %steal  %guest  %gnice   %idle
10:29:52 PM    0   11.65    0.00    5.83    0.00    0.00   10.68    0.00    0.00    0.00   71.84
10:29:52 PM    1    4.49    0.00    4.49    0.00    0.00    2.25    0.00    0.00    0.00   88.76

10:29:52 PM  CPU    %usr   %nice    %sys %iowait    %irq   %soft  %steal  %guest  %gnice   %idle
10:29:53 PM    0    9.00    0.00    9.00    0.00    0.00    7.00    0.00    0.00    0.00   75.00
10:29:53 PM    1    6.52    0.00    4.35    0.00    0.00    4.35    0.00    0.00    0.00   84.78

10:29:53 PM  CPU    %usr   %nice    %sys %iowait    %irq   %soft  %steal  %guest  %gnice   %idle
10:29:54 PM    0   13.08    0.00    5.61    0.00    0.00   13.08    0.00    0.00    0.00   68.22
10:29:54 PM    1    8.51    0.00    3.19    0.00    0.00    6.38    0.00    0.00    0.00   81.91

10:29:54 PM  CPU    %usr   %nice    %sys %iowait    %irq   %soft  %steal  %guest  %gnice   %idle
10:29:55 PM    0   14.42    0.00    4.81    0.00    0.00    7.69    0.00    0.00    0.00   73.08
10:29:55 PM    1    5.32    0.00    4.26    0.00    0.00    6.38    0.00    0.00    0.00   84.04

10:29:55 PM  CPU    %usr   %nice    %sys %iowait    %irq   %soft  %steal  %guest  %gnice   %idle
10:29:56 PM    0   11.21    0.00    7.48    0.00    0.00   12.15    0.00    0.00    0.00   69.16
10:29:56 PM    1    5.49    0.00    4.40    0.00    0.00    3.30    0.00    0.00    0.00   86.81

10:29:56 PM  CPU    %usr   %nice    %sys %iowait    %irq   %soft  %steal  %guest  %gnice   %idle
10:29:57 PM    0   11.88    0.00    5.94    0.00    0.00    6.93    0.00    0.00    0.00   75.25
10:29:57 PM    1    5.38    0.00    3.23    0.00    0.00    6.45    0.00    0.00    0.00   84.95

10:29:57 PM  CPU    %usr   %nice    %sys %iowait    %irq   %soft  %steal  %guest  %gnice   %idle
10:29:58 PM    0   12.50    0.00    4.81    0.00    0.00   10.58    0.00    0.00    0.00   72.12
10:29:58 PM    1    5.68    0.00    2.27    0.00    0.00    2.27    0.00    0.00    0.00   89.77

10:29:58 PM  CPU    %usr   %nice    %sys %iowait    %irq   %soft  %steal  %guest  %gnice   %idle
10:29:59 PM    0   16.49    0.00    5.15    0.00    0.00    3.09    0.00    0.00    0.00   75.26
10:29:59 PM    1    6.74    0.00    3.37    0.00    0.00    2.25    0.00    0.00    0.00   87.64

10:29:59 PM  CPU    %usr   %nice    %sys %iowait    %irq   %soft  %steal  %guest  %gnice   %idle
10:30:00 PM    0   13.68    0.00    6.32    0.00    0.00    2.11    0.00    0.00    0.00   77.89
10:30:00 PM    1    7.53    0.00    2.15    0.00    0.00    6.45    0.00    0.00    0.00   83.87

10:30:00 PM  CPU    %usr   %nice    %sys %iowait    %irq   %soft  %steal  %guest  %gnice   %idle
10:30:01 PM    0   14.71    0.00    4.90    0.00    0.00    7.84    0.00    0.00    0.00   72.55
10:30:01 PM    1    5.38    0.00    3.23    0.00    0.00    7.53    0.00    0.00    0.00   83.87

10:30:01 PM  CPU    %usr   %nice    %sys %iowait    %irq   %soft  %steal  %guest  %gnice   %idle
10:30:02 PM    0   14.00    0.00    5.00    0.00    0.00    7.00    0.00    0.00    0.00   74.00
10:30:02 PM    1    8.70    0.00    3.26    0.00    0.00    4.35    0.00    0.00    0.00   83.70

10:30:02 PM  CPU    %usr   %nice    %sys %iowait    %irq   %soft  %steal  %guest  %gnice   %idle
10:30:03 PM    0   12.24    0.00    6.12    0.00    0.00    6.12    0.00    0.00    0.00   75.51
10:30:03 PM    1    6.52    0.00    2.17    0.00    0.00    5.43    0.00    0.00    0.00   85.87

10:30:03 PM  CPU    %usr   %nice    %sys %iowait    %irq   %soft  %steal  %guest  %gnice   %idle
10:30:04 PM    0   16.19    0.00    5.71    0.00    0.00    7.62    0.00    0.00    0.00   70.48
10:30:04 PM    1    6.59    0.00    5.49    0.00    0.00    3.30    0.00    0.00    0.00   84.62

10:30:04 PM  CPU    %usr   %nice    %sys %iowait    %irq   %soft  %steal  %guest  %gnice   %idle
10:30:05 PM    0   12.87    0.00    4.95    0.00    0.00    8.91    0.00    0.00    0.00   73.27
10:30:05 PM    1    6.74    0.00    3.37    0.00    0.00    2.25    0.00    0.00    0.00   87.64

10:30:05 PM  CPU    %usr   %nice    %sys %iowait    %irq   %soft  %steal  %guest  %gnice   %idle
10:30:06 PM    0   13.00    0.00    7.00    0.00    0.00    6.00    0.00    0.00    0.00   74.00
10:30:06 PM    1    6.45    0.00    1.08    0.00    0.00    7.53    0.00    0.00    0.00   84.95

10:30:06 PM  CPU    %usr   %nice    %sys %iowait    %irq   %soft  %steal  %guest  %gnice   %idle
10:30:07 PM    0   12.26    0.00    5.66    0.00    0.00   11.32    0.00    0.00    0.00   70.75
10:30:07 PM    1    4.44    0.00    6.67    0.00    0.00    2.22    0.00    0.00    0.00   86.67

10:30:07 PM  CPU    %usr   %nice    %sys %iowait    %irq   %soft  %steal  %guest  %gnice   %idle
10:30:08 PM    0   12.00    0.00    7.00    0.00    0.00    6.00    0.00    0.00    0.00   75.00
10:30:08 PM    1    6.74    0.00    1.12    0.00    0.00    3.37    0.00    0.00    0.00   88.76

10:30:08 PM  CPU    %usr   %nice    %sys %iowait    %irq   %soft  %steal  %guest  %gnice   %idle
10:30:09 PM    0   16.00    0.00    4.00    0.00    0.00    6.00    0.00    0.00    0.00   74.00
10:30:09 PM    1    7.45    0.00    2.13    0.00    0.00    6.38    0.00    0.00    0.00   84.04

10:30:09 PM  CPU    %usr   %nice    %sys %iowait    %irq   %soft  %steal  %guest  %gnice   %idle
10:30:10 PM    0   12.00    0.00    7.00    0.00    0.00    6.00    0.00    0.00    0.00   75.00
10:30:10 PM    1    6.52    0.00    3.26    0.00    0.00    4.35    0.00    0.00    0.00   85.87

10:30:10 PM  CPU    %usr   %nice    %sys %iowait    %irq   %soft  %steal  %guest  %gnice   %idle
10:30:11 PM    0   13.33    0.00    5.71    0.00    0.00   11.43    0.00    0.00    0.00   69.52
10:30:11 PM    1    6.59    0.00    4.40    0.00    0.00    3.30    0.00    0.00    0.00   85.71

10:30:11 PM  CPU    %usr   %nice    %sys %iowait    %irq   %soft  %steal  %guest  %gnice   %idle
10:30:12 PM    0   14.71    0.00    4.90    0.00    0.00    7.84    0.00    0.00    0.00   72.55
10:30:12 PM    1    7.78    0.00    3.33    0.00    0.00    3.33    0.00    0.00    0.00   85.56

10:30:12 PM  CPU    %usr   %nice    %sys %iowait    %irq   %soft  %steal  %guest  %gnice   %idle
10:30:13 PM    0   11.76    0.00    6.86    0.00    0.00    8.82    0.00    0.00    0.00   72.55
10:30:13 PM    1    5.56    0.00    4.44    0.00    0.00    2.22    0.00    0.00    0.00   87.78

10:30:13 PM  CPU    %usr   %nice    %sys %iowait    %irq   %soft  %steal  %guest  %gnice   %idle
10:30:14 PM    0   13.00    0.00    6.00    0.00    0.00    6.00    0.00    0.00    0.00   75.00
10:30:14 PM    1    7.53    0.00    3.23    0.00    0.00    4.30    0.00    0.00    0.00   84.95

10:30:14 PM  CPU    %usr   %nice    %sys %iowait    %irq   %soft  %steal  %guest  %gnice   %idle
10:30:15 PM    0   12.50    0.00    3.85    0.00    0.00   12.50    0.00    0.00    0.00   71.15
10:30:15 PM    1    9.78    0.00    2.17    0.00    0.00    3.26    0.00    0.00    0.00   84.78

10:30:15 PM  CPU    %usr   %nice    %sys %iowait    %irq   %soft  %steal  %guest  %gnice   %idle
10:30:16 PM    0   14.29    0.00    6.12    0.00    0.00    4.08    0.00    0.00    0.00   75.51
10:30:16 PM    1    7.69    0.00    3.30    0.00    0.00    3.30    0.00    0.00    0.00   85.71

10:30:16 PM  CPU    %usr   %nice    %sys %iowait    %irq   %soft  %steal  %guest  %gnice   %idle
10:30:17 PM    0   11.65    0.00    8.74    0.00    0.00    7.77    0.00    0.00    0.00   71.84
10:30:17 PM    1    6.74    0.00    2.25    0.00    0.00    2.25    0.00    0.00    0.00   88.76

10:30:17 PM  CPU    %usr   %nice    %sys %iowait    %irq   %soft  %steal  %guest  %gnice   %idle
10:30:18 PM    0   13.27    0.00    7.14    0.00    0.00    3.06    0.00    0.00    0.00   76.53
10:30:18 PM    1    4.40    0.00    4.40    0.00    0.00    4.40    0.00    0.00    0.00   86.81

10:30:18 PM  CPU    %usr   %nice    %sys %iowait    %irq   %soft  %steal  %guest  %gnice   %idle
10:30:19 PM    0   10.28    0.00    5.61    0.00    0.00   14.02    0.00    0.00    0.00   70.09
10:30:19 PM    1    4.44    0.00    5.56    0.00    0.00    3.33    0.00    0.00    0.00   86.67

10:30:19 PM  CPU    %usr   %nice    %sys %iowait    %irq   %soft  %steal  %guest  %gnice   %idle
10:30:20 PM    0   13.73    0.00    6.86    0.00    0.00    7.84    0.00    0.00    0.00   71.57
10:30:20 PM    1    4.44    0.00    5.56    0.00    0.00    3.33    0.00    0.00    0.00   86.67

10:30:20 PM  CPU    %usr   %nice    %sys %iowait    %irq   %soft  %steal  %guest  %gnice   %idle
10:30:21 PM    0   12.12    0.00    5.05    0.00    0.00    7.07    0.00    0.00    0.00   75.76
10:30:21 PM    1    4.49    0.00    3.37    0.00    0.00    3.37    0.00    0.00    0.00   88.76

10:30:21 PM  CPU    %usr   %nice    %sys %iowait    %irq   %soft  %steal  %guest  %gnice   %idle
10:30:22 PM    0   15.09    0.00    5.66    0.00    0.00    9.43    0.00    0.00    0.00   69.81
10:30:22 PM    1    8.60    0.00    3.23    0.00    0.00    4.30    0.00    0.00    0.00   83.87

10:30:22 PM  CPU    %usr   %nice    %sys %iowait    %irq   %soft  %steal  %guest  %gnice   %idle
10:30:23 PM    0   13.46    0.00    4.81    0.00    0.00   10.58    0.00    0.00    0.00   71.15
10:30:23 PM    1    6.90    0.00    2.30    0.00    0.00    2.30    0.00    0.00    0.00   88.51

10:30:23 PM  CPU    %usr   %nice    %sys %iowait    %irq   %soft  %steal  %guest  %gnice   %idle
10:30:24 PM    0   12.12    0.00    7.07    0.00    0.00    5.05    0.00    0.00    0.00   75.76
10:30:24 PM    1    8.60    0.00    2.15    0.00    0.00    4.30    0.00    0.00    0.00   84.95

10:30:24 PM  CPU    %usr   %nice    %sys %iowait    %irq   %soft  %steal  %guest  %gnice   %idle
10:30:25 PM    0   14.29    0.00    4.76    0.00    0.00   10.48    0.00    0.00    0.00   70.48
10:30:25 PM    1    3.23    0.00    5.38    0.00    0.00    6.45    0.00    0.00    0.00   84.95

10:30:25 PM  CPU    %usr   %nice    %sys %iowait    %irq   %soft  %steal  %guest  %gnice   %idle
10:30:26 PM    0   14.85    0.00    4.95    0.00    0.00    7.92    0.00    0.00    0.00   72.28
10:30:26 PM    1    7.78    0.00    2.22    0.00    0.00    4.44    0.00    0.00    0.00   85.56

10:30:26 PM  CPU    %usr   %nice    %sys %iowait    %irq   %soft  %steal  %guest  %gnice   %idle
10:30:27 PM    0   12.62    0.00    5.83    0.00    0.00    8.74    0.00    0.00    0.00   72.82
10:30:27 PM    1    6.67    0.00    2.22    0.00    0.00    4.44    0.00    0.00    0.00   86.67

10:30:27 PM  CPU    %usr   %nice    %sys %iowait    %irq   %soft  %steal  %guest  %gnice   %idle
10:30:28 PM    0   12.62    0.00    8.74    3.88    0.00    6.80    0.00    0.00    0.00   67.96
10:30:28 PM    1    4.44    0.00    4.44    0.00    0.00    3.33    0.00    0.00    0.00   87.78

10:30:28 PM  CPU    %usr   %nice    %sys %iowait    %irq   %soft  %steal  %guest  %gnice   %idle
10:30:29 PM    0   15.15    0.00    6.06    0.00    0.00    4.04    0.00    0.00    0.00   74.75
10:30:29 PM    1    8.70    0.00    2.17    0.00    0.00    4.35    0.00    0.00    0.00   84.78

10:30:29 PM  CPU    %usr   %nice    %sys %iowait    %irq   %soft  %steal  %guest  %gnice   %idle
10:30:30 PM    0   12.38    0.00    5.71    0.00    0.00   11.43    0.00    0.00    0.00   70.48
10:30:30 PM    1    7.87    0.00    3.37    0.00    0.00    1.12    0.00    0.00    0.00   87.64

10:30:30 PM  CPU    %usr   %nice    %sys %iowait    %irq   %soft  %steal  %guest  %gnice   %idle
10:30:31 PM    0   12.38    0.00    6.67    0.00    0.00   10.48    0.00    0.00    0.00   70.48
10:30:31 PM    1    6.90    0.00    2.30    0.00    0.00    2.30    0.00    0.00    0.00   88.51

10:30:31 PM  CPU    %usr   %nice    %sys %iowait    %irq   %soft  %steal  %guest  %gnice   %idle
10:30:32 PM    0   10.10    0.00    8.08    0.00    0.00    6.06    0.00    0.00    0.00   75.76
10:30:32 PM    1    6.45    0.00    3.23    0.00    0.00    4.30    0.00    0.00    0.00   86.02

10:30:32 PM  CPU    %usr   %nice    %sys %iowait    %irq   %soft  %steal  %guest  %gnice   %idle
10:30:33 PM    0   12.38    0.00    5.71    0.00    0.00   11.43    0.00    0.00    0.00   70.48
10:30:33 PM    1    7.78    0.00    3.33    0.00    0.00    3.33    0.00    0.00    0.00   85.56

10:30:33 PM  CPU    %usr   %nice    %sys %iowait    %irq   %soft  %steal  %guest  %gnice   %idle
10:30:34 PM    0   16.19    0.00    3.81    0.00    0.00   10.48    0.00    0.00    0.00   69.52
10:30:34 PM    1    6.59    0.00    3.30    0.00    0.00    4.40    0.00    0.00    0.00   85.71

10:30:34 PM  CPU    %usr   %nice    %sys %iowait    %irq   %soft  %steal  %guest  %gnice   %idle
10:30:35 PM    0   11.46    0.00    6.25    0.00    0.00    4.17    0.00    0.00    0.00   78.12
10:30:35 PM    1    5.49    0.00    4.40    0.00    0.00    3.30    0.00    0.00    0.00   86.81

10:30:35 PM  CPU    %usr   %nice    %sys %iowait    %irq   %soft  %steal  %guest  %gnice   %idle
10:30:36 PM    0   13.46    0.00    5.77    0.00    0.00    8.65    0.00    0.00    0.00   72.12
10:30:36 PM    1    6.59    0.00    4.40    0.00    0.00    3.30    0.00    0.00    0.00   85.71

10:30:36 PM  CPU    %usr   %nice    %sys %iowait    %irq   %soft  %steal  %guest  %gnice   %idle
10:30:37 PM    0   12.87    0.00    6.93    0.00    0.00    6.93    0.00    0.00    0.00   73.27
10:30:37 PM    1    5.56    0.00    2.22    0.00    0.00    4.44    0.00    0.00    0.00   87.78

10:30:37 PM  CPU    %usr   %nice    %sys %iowait    %irq   %soft  %steal  %guest  %gnice   %idle
10:30:38 PM    0   13.73    0.00    4.90    0.00    0.00    9.80    0.00    0.00    0.00   71.57
10:30:38 PM    1    6.82    0.00    1.14    0.00    0.00    3.41    0.00    0.00    0.00   88.64

10:30:38 PM  CPU    %usr   %nice    %sys %iowait    %irq   %soft  %steal  %guest  %gnice   %idle
10:30:39 PM    0   12.62    0.00    6.80    0.00    0.00    8.74    0.00    0.00    0.00   71.84
10:30:39 PM    1    5.68    0.00    4.55    0.00    0.00    1.14    0.00    0.00    0.00   88.64

10:30:39 PM  CPU    %usr   %nice    %sys %iowait    %irq   %soft  %steal  %guest  %gnice   %idle
10:30:40 PM    0   14.29    0.00    5.10    0.00    0.00    5.10    0.00    0.00    0.00   75.51
10:30:40 PM    1    6.67    0.00    2.22    0.00    0.00    4.44    0.00    0.00    0.00   86.67

10:30:40 PM  CPU    %usr   %nice    %sys %iowait    %irq   %soft  %steal  %guest  %gnice   %idle
10:30:41 PM    0   14.14    0.00    6.06    0.00    0.00    5.05    0.00    0.00    0.00   74.75
10:30:41 PM    1    5.56    0.00    4.44    0.00    0.00    2.22    0.00    0.00    0.00   87.78

10:30:41 PM  CPU    %usr   %nice    %sys %iowait    %irq   %soft  %steal  %guest  %gnice   %idle
10:30:42 PM    0   12.62    0.00    7.77    0.00    0.00    7.77    0.00    0.00    0.00   71.84
10:30:42 PM    1    5.56    0.00    3.33    0.00    0.00    4.44    0.00    0.00    0.00   86.67

10:30:42 PM  CPU    %usr   %nice    %sys %iowait    %irq   %soft  %steal  %guest  %gnice   %idle
10:30:43 PM    0   14.15    0.00    5.66    0.00    0.00   10.38    0.00    0.00    0.00   69.81
10:30:43 PM    1    5.62    0.00    3.37    0.00    0.00    2.25    0.00    0.00    0.00   88.76

10:30:43 PM  CPU    %usr   %nice    %sys %iowait    %irq   %soft  %steal  %guest  %gnice   %idle
10:30:44 PM    0   11.43    0.00    6.67    0.00    0.00   10.48    0.00    0.00    0.00   71.43
10:30:44 PM    1    6.59    0.00    2.20    0.00    0.00    4.40    0.00    0.00    0.00   86.81

10:30:44 PM  CPU    %usr   %nice    %sys %iowait    %irq   %soft  %steal  %guest  %gnice   %idle
10:30:45 PM    0   14.14    0.00    6.06    0.00    0.00    5.05    0.00    0.00    0.00   74.75
10:30:45 PM    1    8.79    0.00    1.10    0.00    0.00    5.49    0.00    0.00    0.00   84.62

10:30:45 PM  CPU    %usr   %nice    %sys %iowait    %irq   %soft  %steal  %guest  %gnice   %idle
10:30:46 PM    0   10.42    0.00    9.38    0.00    0.00    3.12    0.00    0.00    0.00   77.08
10:30:46 PM    1    6.59    0.00    2.20    0.00    0.00    4.40    0.00    0.00    0.00   86.81

10:30:46 PM  CPU    %usr   %nice    %sys %iowait    %irq   %soft  %steal  %guest  %gnice   %idle
10:30:47 PM    0   14.85    0.00    4.95    0.00    0.00    6.93    0.00    0.00    0.00   73.27
10:30:47 PM    1    5.49    0.00    5.49    0.00    0.00    3.30    0.00    0.00    0.00   85.71

10:30:47 PM  CPU    %usr   %nice    %sys %iowait    %irq   %soft  %steal  %guest  %gnice   %idle
10:30:48 PM    0   14.71    0.00    5.88    0.00    0.00    5.88    0.00    0.00    0.00   73.53
10:30:48 PM    1    5.62    0.00    2.25    0.00    0.00    4.49    0.00    0.00    0.00   87.64

10:30:48 PM  CPU    %usr   %nice    %sys %iowait    %irq   %soft  %steal  %guest  %gnice   %idle
10:30:49 PM    0   12.87    0.00    5.94    0.00    0.00    7.92    0.00    0.00    0.00   73.27
10:30:49 PM    1    8.51    0.00    2.13    0.00    0.00    5.32    0.00    0.00    0.00   84.04

10:30:49 PM  CPU    %usr   %nice    %sys %iowait    %irq   %soft  %steal  %guest  %gnice   %idle
10:30:50 PM    0   10.78    0.00    6.86    0.00    0.00    8.82    0.00    0.00    0.00   73.53
10:30:50 PM    1    6.52    0.00    2.17    0.00    0.00    5.43    0.00    0.00    0.00   85.87

10:30:50 PM  CPU    %usr   %nice    %sys %iowait    %irq   %soft  %steal  %guest  %gnice   %idle
10:30:51 PM    0   10.89    0.00    6.93    0.00    0.00    8.91    0.00    0.00    0.00   73.27
10:30:51 PM    1    6.82    0.00    1.14    0.00    0.00    3.41    0.00    0.00    0.00   88.64

10:30:51 PM  CPU    %usr   %nice    %sys %iowait    %irq   %soft  %steal  %guest  %gnice   %idle
10:30:52 PM    0   13.13    0.00    7.07    0.00    0.00    4.04    0.00    0.00    0.00   75.76
10:30:52 PM    1    6.38    0.00    4.26    0.00    0.00    5.32    0.00    0.00    0.00   84.04

10:30:52 PM  CPU    %usr   %nice    %sys %iowait    %irq   %soft  %steal  %guest  %gnice   %idle
10:30:53 PM    0   13.13    0.00    6.06    0.00    0.00    6.06    0.00    0.00    0.00   74.75
10:30:53 PM    1    6.67    0.00    3.33    0.00    0.00    3.33    0.00    0.00    0.00   86.67

10:30:53 PM  CPU    %usr   %nice    %sys %iowait    %irq   %soft  %steal  %guest  %gnice   %idle
10:30:54 PM    0   12.75    0.00    7.84    0.00    0.00    6.86    0.00    0.00    0.00   72.55
10:30:54 PM    1    6.74    0.00    2.25    0.00    0.00    2.25    0.00    0.00    0.00   88.76

10:30:54 PM  CPU    %usr   %nice    %sys %iowait    %irq   %soft  %steal  %guest  %gnice   %idle
10:30:55 PM    0   11.00    0.00    8.00    0.00    0.00    5.00    0.00    0.00    0.00   76.00
10:30:55 PM    1    6.74    0.00    1.12    0.00    0.00    3.37    0.00    0.00    0.00   88.76

10:30:55 PM  CPU    %usr   %nice    %sys %iowait    %irq   %soft  %steal  %guest  %gnice   %idle
10:30:56 PM    0   12.50    0.00    6.25    0.00    0.00    4.17    0.00    0.00    0.00   77.08
10:30:56 PM    1    8.70    0.00    3.26    0.00    0.00    3.26    0.00    0.00    0.00   84.78

10:30:56 PM  CPU    %usr   %nice    %sys %iowait    %irq   %soft  %steal  %guest  %gnice   %idle
10:30:57 PM    0    9.28    0.00    6.19    0.00    0.00    6.19    0.00    0.00    0.00   78.35
10:30:57 PM    1    5.43    0.00    4.35    0.00    0.00    4.35    0.00    0.00    0.00   85.87

10:30:57 PM  CPU    %usr   %nice    %sys %iowait    %irq   %soft  %steal  %guest  %gnice   %idle
10:30:58 PM    0   11.88    0.00    6.93    0.00    0.00    7.92    0.00    0.00    0.00   73.27
10:30:58 PM    1    6.67    0.00    3.33    0.00    0.00    4.44    0.00    0.00    0.00   85.56

10:30:58 PM  CPU    %usr   %nice    %sys %iowait    %irq   %soft  %steal  %guest  %gnice   %idle
10:30:59 PM    0   11.32    0.00    8.49    0.00    0.00   10.38    0.00    0.00    0.00   69.81
10:30:59 PM    1    5.56    0.00    3.33    0.00    0.00    4.44    0.00    0.00    0.00   86.67

10:30:59 PM  CPU    %usr   %nice    %sys %iowait    %irq   %soft  %steal  %guest  %gnice   %idle
10:31:00 PM    0    9.71    0.00    9.71    0.00    0.00    8.74    0.00    0.00    0.00   71.84
10:31:00 PM    1    6.74    0.00    3.37    0.00    0.00    2.25    0.00    0.00    0.00   87.64

10:31:00 PM  CPU    %usr   %nice    %sys %iowait    %irq   %soft  %steal  %guest  %gnice   %idle
10:31:01 PM    0   11.88    0.00    5.94    0.00    0.00    7.92    0.00    0.00    0.00   74.26
10:31:01 PM    1    5.49    0.00    3.30    0.00    0.00    5.49    0.00    0.00    0.00   85.71

10:31:01 PM  CPU    %usr   %nice    %sys %iowait    %irq   %soft  %steal  %guest  %gnice   %idle
10:31:02 PM    0   12.62    0.00    5.83    0.00    0.00    9.71    0.00    0.00    0.00   71.84
10:31:02 PM    1    6.52    0.00    2.17    0.00    0.00    5.43    0.00    0.00    0.00   85.87

10:31:02 PM  CPU    %usr   %nice    %sys %iowait    %irq   %soft  %steal  %guest  %gnice   %idle
10:31:03 PM    0   14.29    0.00    4.76    0.00    0.00   10.48    0.00    0.00    0.00   70.48
10:31:03 PM    1    8.99    0.00    2.25    0.00    0.00    1.12    0.00    0.00    0.00   87.64

10:31:03 PM  CPU    %usr   %nice    %sys %iowait    %irq   %soft  %steal  %guest  %gnice   %idle
10:31:04 PM    0   13.27    0.00    5.10    0.00    0.00    5.10    0.00    0.00    0.00   76.53
10:31:04 PM    1    5.43    0.00    3.26    0.00    0.00    5.43    0.00    0.00    0.00   85.87

10:31:04 PM  CPU    %usr   %nice    %sys %iowait    %irq   %soft  %steal  %guest  %gnice   %idle
10:31:05 PM    0   13.59    0.00    6.80    0.00    0.00    8.74    0.00    0.00    0.00   70.87
10:31:05 PM    1    5.62    0.00    4.49    0.00    0.00    3.37    0.00    0.00    0.00   86.52

10:31:05 PM  CPU    %usr   %nice    %sys %iowait    %irq   %soft  %steal  %guest  %gnice   %idle
10:31:06 PM    0   12.50    0.00    6.73    0.00    0.00    8.65    0.00    0.00    0.00   72.12
10:31:06 PM    1   10.00    0.00    3.33    0.00    0.00    1.11    0.00    0.00    0.00   85.56

10:31:06 PM  CPU    %usr   %nice    %sys %iowait    %irq   %soft  %steal  %guest  %gnice   %idle
10:31:07 PM    0   11.76    0.00    6.86    0.00    0.00    8.82    0.00    0.00    0.00   72.55
10:31:07 PM    1    6.59    0.00    4.40    0.00    0.00    3.30    0.00    0.00    0.00   85.71

10:31:07 PM  CPU    %usr   %nice    %sys %iowait    %irq   %soft  %steal  %guest  %gnice   %idle
10:31:08 PM    0   14.56    0.00    7.77    0.00    0.00    6.80    0.00    0.00    0.00   70.87
10:31:08 PM    1    7.78    0.00    2.22    0.00    0.00    3.33    0.00    0.00    0.00   86.67

10:31:08 PM  CPU    %usr   %nice    %sys %iowait    %irq   %soft  %steal  %guest  %gnice   %idle
10:31:09 PM    0   13.27    0.00    6.12    0.00    0.00    4.08    0.00    0.00    0.00   76.53
10:31:09 PM    1    7.95    0.00    2.27    0.00    0.00    1.14    0.00    0.00    0.00   88.64

10:31:09 PM  CPU    %usr   %nice    %sys %iowait    %irq   %soft  %steal  %guest  %gnice   %idle
10:31:10 PM    0   12.00    0.00    8.00    0.00    0.00    6.00    0.00    0.00    0.00   74.00
10:31:10 PM    1    7.53    0.00    3.23    0.00    0.00    4.30    0.00    0.00    0.00   84.95

10:31:10 PM  CPU    %usr   %nice    %sys %iowait    %irq   %soft  %steal  %guest  %gnice   %idle
10:31:11 PM    0   11.22    0.00    8.16    0.00    0.00    4.08    0.00    0.00    0.00   76.53
10:31:11 PM    1    5.62    0.00    3.37    0.00    0.00    3.37    0.00    0.00    0.00   87.64

10:31:11 PM  CPU    %usr   %nice    %sys %iowait    %irq   %soft  %steal  %guest  %gnice   %idle
10:31:12 PM    0   13.27    0.00    6.12    0.00    0.00    5.10    0.00    0.00    0.00   75.51
10:31:12 PM    1    5.49    0.00    3.30    0.00    0.00    4.40    0.00    0.00    0.00   86.81

10:31:12 PM  CPU    %usr   %nice    %sys %iowait    %irq   %soft  %steal  %guest  %gnice   %idle
10:31:13 PM    0   11.88    0.00    6.93    0.00    0.00    6.93    0.00    0.00    0.00   74.26
10:31:13 PM    1    7.78    0.00    3.33    0.00    0.00    3.33    0.00    0.00    0.00   85.56

10:31:13 PM  CPU    %usr   %nice    %sys %iowait    %irq   %soft  %steal  %guest  %gnice   %idle
10:31:14 PM    0   12.50    0.00    6.73    0.00    0.00    9.62    0.00    0.00    0.00   71.15
10:31:14 PM    1    7.78    0.00    0.00    0.00    0.00    4.44    0.00    0.00    0.00   87.78

10:31:14 PM  CPU    %usr   %nice    %sys %iowait    %irq   %soft  %steal  %guest  %gnice   %idle
10:31:15 PM    0   12.75    0.00    6.86    0.00    0.00    6.86    0.00    0.00    0.00   73.53
10:31:15 PM    1    5.62    0.00    3.37    0.00    0.00    3.37    0.00    0.00    0.00   87.64

10:31:15 PM  CPU    %usr   %nice    %sys %iowait    %irq   %soft  %steal  %guest  %gnice   %idle
10:31:16 PM    0   12.37    0.00    8.25    0.00    0.00    3.09    0.00    0.00    0.00   76.29
10:31:16 PM    1    8.89    0.00    3.33    0.00    0.00    2.22    0.00    0.00    0.00   85.56

10:31:16 PM  CPU    %usr   %nice    %sys %iowait    %irq   %soft  %steal  %guest  %gnice   %idle
10:31:17 PM    0   14.29    0.00    5.10    0.00    0.00    6.12    0.00    0.00    0.00   74.49
10:31:17 PM    1    7.78    0.00    3.33    0.00    0.00    2.22    0.00    0.00    0.00   86.67

10:31:17 PM  CPU    %usr   %nice    %sys %iowait    %irq   %soft  %steal  %guest  %gnice   %idle
10:31:18 PM    0   12.96    0.00    4.63    0.00    0.00   14.81    0.00    0.00    0.00   67.59
10:31:18 PM    1    6.52    0.00    5.43    0.00    0.00    3.26    0.00    0.00    0.00   84.78

10:31:18 PM  CPU    %usr   %nice    %sys %iowait    %irq   %soft  %steal  %guest  %gnice   %idle
10:31:19 PM    0    8.65    0.00    8.65    0.00    0.00    9.62    0.00    0.00    0.00   73.08
10:31:19 PM    1    6.59    0.00    2.20    0.00    0.00    4.40    0.00    0.00    0.00   86.81

10:31:19 PM  CPU    %usr   %nice    %sys %iowait    %irq   %soft  %steal  %guest  %gnice   %idle
10:31:20 PM    0   12.24    0.00    7.14    0.00    0.00    5.10    0.00    0.00    0.00   75.51
10:31:20 PM    1    5.62    0.00    3.37    0.00    0.00    2.25    0.00    0.00    0.00   88.76

10:31:20 PM  CPU    %usr   %nice    %sys %iowait    %irq   %soft  %steal  %guest  %gnice   %idle
10:31:21 PM    0   11.11    0.00    8.08    0.00    0.00    6.06    0.00    0.00    0.00   74.75
10:31:21 PM    1    5.43    0.00    4.35    0.00    0.00    5.43    0.00    0.00    0.00   84.78

10:31:21 PM  CPU    %usr   %nice    %sys %iowait    %irq   %soft  %steal  %guest  %gnice   %idle
10:31:22 PM    0   10.89    0.00    7.92    0.00    0.00    7.92    0.00    0.00    0.00   73.27
10:31:22 PM    1    5.62    0.00    3.37    0.00    0.00    3.37    0.00    0.00    0.00   87.64

10:31:22 PM  CPU    %usr   %nice    %sys %iowait    %irq   %soft  %steal  %guest  %gnice   %idle
10:31:23 PM    0   15.31    0.00    4.08    0.00    0.00    4.08    0.00    0.00    0.00   76.53
10:31:23 PM    1    8.70    0.00    2.17    0.00    0.00    3.26    0.00    0.00    0.00   85.87

10:31:23 PM  CPU    %usr   %nice    %sys %iowait    %irq   %soft  %steal  %guest  %gnice   %idle
10:31:24 PM    0   12.38    0.00    5.71    0.00    0.00   11.43    0.00    0.00    0.00   70.48
10:31:24 PM    1    6.74    0.00    2.25    0.00    0.00    1.12    0.00    0.00    0.00   89.89

10:31:24 PM  CPU    %usr   %nice    %sys %iowait    %irq   %soft  %steal  %guest  %gnice   %idle
10:31:25 PM    0   14.81    0.00    3.70    0.00    0.00   12.04    0.00    0.00    0.00   69.44
10:31:25 PM    1    6.59    0.00    4.40    0.00    0.00    3.30    0.00    0.00    0.00   85.71

10:31:25 PM  CPU    %usr   %nice    %sys %iowait    %irq   %soft  %steal  %guest  %gnice   %idle
10:31:26 PM    0    9.62    0.00    8.65    0.00    0.00   10.58    0.00    0.00    0.00   71.15
10:31:26 PM    1    8.99    0.00    0.00    0.00    0.00    3.37    0.00    0.00    0.00   87.64

10:31:26 PM  CPU    %usr   %nice    %sys %iowait    %irq   %soft  %steal  %guest  %gnice   %idle
10:31:27 PM    0   12.62    0.00    4.85    0.00    0.00    9.71    0.00    0.00    0.00   72.82
10:31:27 PM    1    7.78    0.00    2.22    0.00    0.00    2.22    0.00    0.00    0.00   87.78

10:31:27 PM  CPU    %usr   %nice    %sys %iowait    %irq   %soft  %steal  %guest  %gnice   %idle
10:31:28 PM    0   11.11    0.00    7.07    0.00    0.00    5.05    0.00    0.00    0.00   76.77
10:31:28 PM    1    5.62    0.00    2.25    0.00    0.00    3.37    0.00    0.00    0.00   88.76

10:31:28 PM  CPU    %usr   %nice    %sys %iowait    %irq   %soft  %steal  %guest  %gnice   %idle
10:31:29 PM    0   12.12    0.00    7.07    0.00    0.00    6.06    0.00    0.00    0.00   74.75
10:31:29 PM    1    6.74    0.00    4.49    0.00    0.00    1.12    0.00    0.00    0.00   87.64

10:31:29 PM  CPU    %usr   %nice    %sys %iowait    %irq   %soft  %steal  %guest  %gnice   %idle
10:31:30 PM    0   10.68    0.00    8.74    0.00    0.00    7.77    0.00    0.00    0.00   72.82
10:31:30 PM    1    6.38    0.00    4.26    0.00    0.00    5.32    0.00    0.00    0.00   84.04

10:31:30 PM  CPU    %usr   %nice    %sys %iowait    %irq   %soft  %steal  %guest  %gnice   %idle
10:31:31 PM    0   14.14    0.00    5.05    0.00    0.00    6.06    0.00    0.00    0.00   74.75
10:31:31 PM    1    6.82    0.00    3.41    0.00    0.00    2.27    0.00    0.00    0.00   87.50

10:31:31 PM  CPU    %usr   %nice    %sys %iowait    %irq   %soft  %steal  %guest  %gnice   %idle
10:31:32 PM    0   14.56    0.00    3.88    0.00    0.00    8.74    0.00    0.00    0.00   72.82
10:31:32 PM    1    7.53    0.00    2.15    0.00    0.00    5.38    0.00    0.00    0.00   84.95

10:31:32 PM  CPU    %usr   %nice    %sys %iowait    %irq   %soft  %steal  %guest  %gnice   %idle
10:31:33 PM    0   11.00    0.00    6.00    0.00    0.00   10.00    0.00    0.00    0.00   73.00
10:31:33 PM    1    7.69    0.00    3.30    0.00    0.00    3.30    0.00    0.00    0.00   85.71

10:31:33 PM  CPU    %usr   %nice    %sys %iowait    %irq   %soft  %steal  %guest  %gnice   %idle
10:31:34 PM    0   12.87    0.00    4.95    0.00    0.00    7.92    0.00    0.00    0.00   74.26
10:31:34 PM    1    4.49    0.00    4.49    0.00    0.00    2.25    0.00    0.00    0.00   88.76

10:31:34 PM  CPU    %usr   %nice    %sys %iowait    %irq   %soft  %steal  %guest  %gnice   %idle
10:31:35 PM    0   13.86    0.00    4.95    0.00    0.00    6.93    0.00    0.00    0.00   74.26
10:31:35 PM    1    6.59    0.00    3.30    0.00    0.00    3.30    0.00    0.00    0.00   86.81

Average:     CPU    %usr   %nice    %sys %iowait    %irq   %soft  %steal  %guest  %gnice   %idle
Average:       0   12.73    0.00    6.37    0.03    0.00    7.78    0.00    0.00    0.00   73.09
Average:       1    6.65    0.00    3.21    0.00    0.00    3.79    0.00    0.00    0.00   86.35
