Linux 5.3.0-59-generic (ericmei) 	06/29/2020 	_x86_64_	(12 CPU)

10:32:12 PM  CPU    %usr   %nice    %sys %iowait    %irq   %soft  %steal  %guest  %gnice   %idle
10:32:13 PM    0   14.85    0.00    5.94    0.00    0.00    4.95    0.00    0.00    0.00   74.26
10:32:13 PM    1    6.59    0.00    3.30    0.00    0.00    3.30    0.00    0.00    0.00   86.81

10:32:13 PM  CPU    %usr   %nice    %sys %iowait    %irq   %soft  %steal  %guest  %gnice   %idle
10:32:14 PM    0   10.48    0.00    5.71    0.00    0.00   11.43    0.00    0.00    0.00   72.38
10:32:14 PM    1    7.87    0.00    2.25    0.00    0.00    1.12    0.00    0.00    0.00   88.76

10:32:14 PM  CPU    %usr   %nice    %sys %iowait    %irq   %soft  %steal  %guest  %gnice   %idle
10:32:15 PM    0   12.75    0.00    6.86    0.00    0.00    5.88    0.00    0.00    0.00   74.51
10:32:15 PM    1    6.25    0.00    3.12    0.00    0.00    7.29    0.00    0.00    0.00   83.33

10:32:15 PM  CPU    %usr   %nice    %sys %iowait    %irq   %soft  %steal  %guest  %gnice   %idle
10:32:16 PM    0   10.48    0.00    7.62    0.00    0.00   11.43    0.00    0.00    0.00   70.48
10:32:16 PM    1    4.60    0.00    2.30    0.00    0.00    2.30    0.00    0.00    0.00   90.80

10:32:16 PM  CPU    %usr   %nice    %sys %iowait    %irq   %soft  %steal  %guest  %gnice   %idle
10:32:17 PM    0   11.11    0.00    7.07    0.00    0.00    6.06    0.00    0.00    0.00   75.76
10:32:17 PM    1    7.61    0.00    4.35    0.00    0.00    3.26    0.00    0.00    0.00   84.78

10:32:17 PM  CPU    %usr   %nice    %sys %iowait    %irq   %soft  %steal  %guest  %gnice   %idle
10:32:18 PM    0   14.56    0.00    3.88    0.00    0.00    9.71    0.00    0.00    0.00   71.84
10:32:18 PM    1    8.89    0.00    3.33    0.00    0.00    1.11    0.00    0.00    0.00   86.67

10:32:18 PM  CPU    %usr   %nice    %sys %iowait    %irq   %soft  %steal  %guest  %gnice   %idle
10:32:19 PM    0   11.00    0.00    8.00    0.00    0.00    6.00    0.00    0.00    0.00   75.00
10:32:19 PM    1    6.74    0.00    3.37    0.00    0.00    2.25    0.00    0.00    0.00   87.64

10:32:19 PM  CPU    %usr   %nice    %sys %iowait    %irq   %soft  %steal  %guest  %gnice   %idle
10:32:20 PM    0   14.71    0.00    4.90    0.00    0.00    7.84    0.00    0.00    0.00   72.55
10:32:20 PM    1    7.61    0.00    2.17    0.00    0.00    4.35    0.00    0.00    0.00   85.87

10:32:20 PM  CPU    %usr   %nice    %sys %iowait    %irq   %soft  %steal  %guest  %gnice   %idle
10:32:21 PM    0   11.43    0.00    5.71    0.00    0.00   10.48    0.00    0.00    0.00   72.38
10:32:21 PM    1    7.53    0.00    2.15    0.00    0.00    6.45    0.00    0.00    0.00   83.87

10:32:21 PM  CPU    %usr   %nice    %sys %iowait    %irq   %soft  %steal  %guest  %gnice   %idle
10:32:22 PM    0   12.75    0.00    4.90    0.00    0.00    8.82    0.00    0.00    0.00   73.53
10:32:22 PM    1    7.87    0.00    2.25    0.00    0.00    1.12    0.00    0.00    0.00   88.76

10:32:22 PM  CPU    %usr   %nice    %sys %iowait    %irq   %soft  %steal  %guest  %gnice   %idle
10:32:23 PM    0   13.33    0.00    3.81    0.00    0.00   11.43    0.00    0.00    0.00   71.43
10:32:23 PM    1    5.49    0.00    6.59    0.00    0.00    2.20    0.00    0.00    0.00   85.71

10:32:23 PM  CPU    %usr   %nice    %sys %iowait    %irq   %soft  %steal  %guest  %gnice   %idle
10:32:24 PM    0   13.00    0.00    6.00    0.00    0.00    7.00    0.00    0.00    0.00   74.00
10:32:24 PM    1    6.74    0.00    2.25    0.00    0.00    2.25    0.00    0.00    0.00   88.76

10:32:24 PM  CPU    %usr   %nice    %sys %iowait    %irq   %soft  %steal  %guest  %gnice   %idle
10:32:25 PM    0   13.00    0.00    6.00    0.00    0.00    6.00    0.00    0.00    0.00   75.00
10:32:25 PM    1    6.67    0.00    3.33    0.00    0.00    3.33    0.00    0.00    0.00   86.67

10:32:25 PM  CPU    %usr   %nice    %sys %iowait    %irq   %soft  %steal  %guest  %gnice   %idle
10:32:26 PM    0   13.73    0.00    6.86    0.00    0.00    6.86    0.00    0.00    0.00   72.55
10:32:26 PM    1    5.49    0.00    3.30    0.00    0.00    5.49    0.00    0.00    0.00   85.71

10:32:26 PM  CPU    %usr   %nice    %sys %iowait    %irq   %soft  %steal  %guest  %gnice   %idle
10:32:27 PM    0   13.27    0.00    7.14    0.00    0.00    4.08    0.00    0.00    0.00   75.51
10:32:27 PM    1    7.61    0.00    2.17    0.00    0.00    5.43    0.00    0.00    0.00   84.78

10:32:27 PM  CPU    %usr   %nice    %sys %iowait    %irq   %soft  %steal  %guest  %gnice   %idle
10:32:28 PM    0   12.50    0.00    4.81    0.00    0.00    9.62    0.00    0.00    0.00   73.08
10:32:28 PM    1    7.87    0.00    2.25    0.00    0.00    1.12    0.00    0.00    0.00   88.76

10:32:28 PM  CPU    %usr   %nice    %sys %iowait    %irq   %soft  %steal  %guest  %gnice   %idle
10:32:29 PM    0   10.71    0.00    7.14    0.00    0.00   14.29    0.00    0.00    0.00   67.86
10:32:29 PM    1    8.99    0.00    1.12    0.00    0.00    1.12    0.00    0.00    0.00   88.76

10:32:29 PM  CPU    %usr   %nice    %sys %iowait    %irq   %soft  %steal  %guest  %gnice   %idle
10:32:30 PM    0   13.33    0.00    4.76    0.00    0.00   11.43    0.00    0.00    0.00   70.48
10:32:30 PM    1    4.55    0.00    3.41    0.00    0.00    3.41    0.00    0.00    0.00   88.64

10:32:30 PM  CPU    %usr   %nice    %sys %iowait    %irq   %soft  %steal  %guest  %gnice   %idle
10:32:31 PM    0   11.88    0.00    7.92    0.00    0.00    5.94    0.00    0.00    0.00   74.26
10:32:31 PM    1    8.79    0.00    2.20    0.00    0.00    2.20    0.00    0.00    0.00   86.81

10:32:31 PM  CPU    %usr   %nice    %sys %iowait    %irq   %soft  %steal  %guest  %gnice   %idle
10:32:32 PM    0   11.76    0.00    6.86    0.00    0.00    7.84    0.00    0.00    0.00   73.53
10:32:32 PM    1    5.56    0.00    4.44    0.00    0.00    2.22    0.00    0.00    0.00   87.78

10:32:32 PM  CPU    %usr   %nice    %sys %iowait    %irq   %soft  %steal  %guest  %gnice   %idle
10:32:33 PM    0   13.73    0.00    6.86    0.00    0.00    4.90    0.00    0.00    0.00   74.51
10:32:33 PM    1    4.26    0.00    4.26    0.00    0.00    6.38    0.00    0.00    0.00   85.11

10:32:33 PM  CPU    %usr   %nice    %sys %iowait    %irq   %soft  %steal  %guest  %gnice   %idle
10:32:34 PM    0   10.78    0.00    5.88    0.00    0.00   10.78    0.00    0.00    0.00   72.55
10:32:34 PM    1    7.87    0.00    2.25    0.00    0.00    2.25    0.00    0.00    0.00   87.64

10:32:34 PM  CPU    %usr   %nice    %sys %iowait    %irq   %soft  %steal  %guest  %gnice   %idle
10:32:35 PM    0   14.71    0.00    4.90    0.00    0.00    6.86    0.00    0.00    0.00   73.53
10:32:35 PM    1    6.52    0.00    4.35    0.00    0.00    4.35    0.00    0.00    0.00   84.78

10:32:35 PM  CPU    %usr   %nice    %sys %iowait    %irq   %soft  %steal  %guest  %gnice   %idle
10:32:36 PM    0   12.75    0.00    4.90    0.00    0.00    8.82    0.00    0.00    0.00   73.53
10:32:36 PM    1    8.51    0.00    1.06    0.00    0.00    6.38    0.00    0.00    0.00   84.04

10:32:36 PM  CPU    %usr   %nice    %sys %iowait    %irq   %soft  %steal  %guest  %gnice   %idle
10:32:37 PM    0   13.59    0.00    7.77    0.00    0.00    6.80    0.00    0.00    0.00   71.84
10:32:37 PM    1    7.87    0.00    2.25    0.00    0.00    2.25    0.00    0.00    0.00   87.64

10:32:37 PM  CPU    %usr   %nice    %sys %iowait    %irq   %soft  %steal  %guest  %gnice   %idle
10:32:38 PM    0   11.88    0.00    6.93    0.00    0.00    5.94    0.00    0.00    0.00   75.25
10:32:38 PM    1    7.69    0.00    3.30    0.00    0.00    3.30    0.00    0.00    0.00   85.71

10:32:38 PM  CPU    %usr   %nice    %sys %iowait    %irq   %soft  %steal  %guest  %gnice   %idle
10:32:39 PM    0   12.87    0.00    6.93    0.00    0.00    6.93    0.00    0.00    0.00   73.27
10:32:39 PM    1    4.44    0.00    4.44    0.00    0.00    4.44    0.00    0.00    0.00   86.67

10:32:39 PM  CPU    %usr   %nice    %sys %iowait    %irq   %soft  %steal  %guest  %gnice   %idle
10:32:40 PM    0   12.62    0.00    6.80    0.00    0.00    7.77    0.00    0.00    0.00   72.82
10:32:40 PM    1    6.59    0.00    3.30    0.00    0.00    3.30    0.00    0.00    0.00   86.81

10:32:40 PM  CPU    %usr   %nice    %sys %iowait    %irq   %soft  %steal  %guest  %gnice   %idle
10:32:41 PM    0   10.68    0.00    6.80    0.00    0.00   10.68    0.00    0.00    0.00   71.84
10:32:41 PM    1    6.52    0.00    3.26    0.00    0.00    4.35    0.00    0.00    0.00   85.87

10:32:41 PM  CPU    %usr   %nice    %sys %iowait    %irq   %soft  %steal  %guest  %gnice   %idle
10:32:42 PM    0   14.42    0.00    4.81    0.00    0.00    9.62    0.00    0.00    0.00   71.15
10:32:42 PM    1    4.44    0.00    4.44    0.00    0.00    4.44    0.00    0.00    0.00   86.67

10:32:42 PM  CPU    %usr   %nice    %sys %iowait    %irq   %soft  %steal  %guest  %gnice   %idle
10:32:43 PM    0   13.00    0.00    6.00    0.00    0.00    5.00    0.00    0.00    0.00   76.00
10:32:43 PM    1    7.61    0.00    2.17    0.00    0.00    4.35    0.00    0.00    0.00   85.87

10:32:43 PM  CPU    %usr   %nice    %sys %iowait    %irq   %soft  %steal  %guest  %gnice   %idle
10:32:44 PM    0   13.08    0.00    5.61    0.00    0.00   11.21    0.00    0.00    0.00   70.09
10:32:44 PM    1    8.89    0.00    2.22    0.00    0.00    2.22    0.00    0.00    0.00   86.67

10:32:44 PM  CPU    %usr   %nice    %sys %iowait    %irq   %soft  %steal  %guest  %gnice   %idle
10:32:45 PM    0   11.32    0.00    5.66    0.00    0.00   12.26    0.00    0.00    0.00   70.75
10:32:45 PM    1    8.60    0.00    2.15    0.00    0.00    5.38    0.00    0.00    0.00   83.87

10:32:45 PM  CPU    %usr   %nice    %sys %iowait    %irq   %soft  %steal  %guest  %gnice   %idle
10:32:46 PM    0   13.46    0.00    6.73    0.00    0.00    8.65    0.00    0.00    0.00   71.15
10:32:46 PM    1    6.67    0.00    4.44    0.00    0.00    2.22    0.00    0.00    0.00   86.67

10:32:46 PM  CPU    %usr   %nice    %sys %iowait    %irq   %soft  %steal  %guest  %gnice   %idle
10:32:47 PM    0   12.37    0.00    7.22    0.00    0.00    3.09    0.00    0.00    0.00   77.32
10:32:47 PM    1    6.59    0.00    4.40    0.00    0.00    2.20    0.00    0.00    0.00   86.81

10:32:47 PM  CPU    %usr   %nice    %sys %iowait    %irq   %soft  %steal  %guest  %gnice   %idle
10:32:48 PM    0   12.75    0.00    4.90    0.00    0.00    9.80    0.00    0.00    0.00   72.55
10:32:48 PM    1    6.59    0.00    3.30    0.00    0.00    3.30    0.00    0.00    0.00   86.81

10:32:48 PM  CPU    %usr   %nice    %sys %iowait    %irq   %soft  %steal  %guest  %gnice   %idle
10:32:49 PM    0   13.33    0.00    4.76    0.00    0.00    9.52    0.00    0.00    0.00   72.38
10:32:49 PM    1    5.56    0.00    6.67    0.00    0.00    2.22    0.00    0.00    0.00   85.56

10:32:49 PM  CPU    %usr   %nice    %sys %iowait    %irq   %soft  %steal  %guest  %gnice   %idle
10:32:50 PM    0    9.80    0.00    9.80    0.00    0.00    6.86    0.00    0.00    0.00   73.53
10:32:50 PM    1    8.60    0.00    3.23    0.00    0.00    4.30    0.00    0.00    0.00   83.87

10:32:50 PM  CPU    %usr   %nice    %sys %iowait    %irq   %soft  %steal  %guest  %gnice   %idle
10:32:51 PM    0   11.11    0.00    6.06    0.00    0.00    7.07    0.00    0.00    0.00   75.76
10:32:51 PM    1    5.49    0.00    2.20    0.00    0.00    5.49    0.00    0.00    0.00   86.81

10:32:51 PM  CPU    %usr   %nice    %sys %iowait    %irq   %soft  %steal  %guest  %gnice   %idle
10:32:52 PM    0   11.76    0.00    6.86    0.00    0.00    7.84    0.00    0.00    0.00   73.53
10:32:52 PM    1    6.52    0.00    4.35    0.00    0.00    3.26    0.00    0.00    0.00   85.87

10:32:52 PM  CPU    %usr   %nice    %sys %iowait    %irq   %soft  %steal  %guest  %gnice   %idle
10:32:53 PM    0   10.89    0.00    5.94    0.00    0.00    8.91    0.00    0.00    0.00   74.26
10:32:53 PM    1    6.74    0.00    4.49    0.00    0.00    1.12    0.00    0.00    0.00   87.64

10:32:53 PM  CPU    %usr   %nice    %sys %iowait    %irq   %soft  %steal  %guest  %gnice   %idle
10:32:54 PM    0   14.56    0.00    4.85    0.00    0.00    8.74    0.00    0.00    0.00   71.84
10:32:54 PM    1    5.75    0.00    2.30    0.00    0.00    2.30    0.00    0.00    0.00   89.66

10:32:54 PM  CPU    %usr   %nice    %sys %iowait    %irq   %soft  %steal  %guest  %gnice   %idle
10:32:55 PM    0   12.38    0.00    5.71    0.00    0.00    9.52    0.00    0.00    0.00   72.38
10:32:55 PM    1    6.59    0.00    3.30    0.00    0.00    3.30    0.00    0.00    0.00   86.81

10:32:55 PM  CPU    %usr   %nice    %sys %iowait    %irq   %soft  %steal  %guest  %gnice   %idle
10:32:56 PM    0   10.38    0.00    8.49    0.00    0.00   10.38    0.00    0.00    0.00   70.75
10:32:56 PM    1    7.78    0.00    2.22    0.00    0.00    2.22    0.00    0.00    0.00   87.78

10:32:56 PM  CPU    %usr   %nice    %sys %iowait    %irq   %soft  %steal  %guest  %gnice   %idle
10:32:57 PM    0   15.00    0.00    2.00    0.00    0.00    7.00    0.00    0.00    0.00   76.00
10:32:57 PM    1    5.38    0.00    3.23    0.00    0.00    5.38    0.00    0.00    0.00   86.02

10:32:57 PM  CPU    %usr   %nice    %sys %iowait    %irq   %soft  %steal  %guest  %gnice   %idle
10:32:58 PM    0   12.04    0.00    6.48    0.00    0.00   12.96    0.00    0.00    0.00   68.52
10:32:58 PM    1    6.67    0.00    3.33    0.00    0.00    3.33    0.00    0.00    0.00   86.67

10:32:58 PM  CPU    %usr   %nice    %sys %iowait    %irq   %soft  %steal  %guest  %gnice   %idle
10:32:59 PM    0   10.68    0.00    6.80    0.00    0.00   10.68    0.00    0.00    0.00   71.84
10:32:59 PM    1    7.78    0.00    2.22    0.00    0.00    3.33    0.00    0.00    0.00   86.67

10:32:59 PM  CPU    %usr   %nice    %sys %iowait    %irq   %soft  %steal  %guest  %gnice   %idle
10:33:00 PM    0   10.31    0.00    5.15    0.00    0.00    6.19    0.00    0.00    0.00   78.35
10:33:00 PM    1    7.87    0.00    1.12    0.00    0.00    2.25    0.00    0.00    0.00   88.76

10:33:00 PM  CPU    %usr   %nice    %sys %iowait    %irq   %soft  %steal  %guest  %gnice   %idle
10:33:01 PM    0   14.71    0.00    6.86    0.00    0.00    6.86    0.00    0.00    0.00   71.57
10:33:01 PM    1    7.95    0.00    2.27    0.00    0.00    2.27    0.00    0.00    0.00   87.50

10:33:01 PM  CPU    %usr   %nice    %sys %iowait    %irq   %soft  %steal  %guest  %gnice   %idle
10:33:02 PM    0   13.33    0.00    6.67    0.00    0.00    9.52    0.00    0.00    0.00   70.48
10:33:02 PM    1    5.68    0.00    3.41    0.00    0.00    2.27    0.00    0.00    0.00   88.64

10:33:02 PM  CPU    %usr   %nice    %sys %iowait    %irq   %soft  %steal  %guest  %gnice   %idle
10:33:03 PM    0   12.50    0.00    4.17    0.00    0.00    4.17    0.00    0.00    0.00   79.17
10:33:03 PM    1    6.82    0.00    2.27    0.00    0.00    1.14    0.00    0.00    0.00   89.77

10:33:03 PM  CPU    %usr   %nice    %sys %iowait    %irq   %soft  %steal  %guest  %gnice   %idle
10:33:04 PM    0   12.12    0.00    9.09    0.00    0.00    4.04    0.00    0.00    0.00   74.75
10:33:04 PM    1    6.45    0.00    3.23    0.00    0.00    6.45    0.00    0.00    0.00   83.87

10:33:04 PM  CPU    %usr   %nice    %sys %iowait    %irq   %soft  %steal  %guest  %gnice   %idle
10:33:05 PM    0   11.88    0.00    7.92    0.00    0.00    5.94    0.00    0.00    0.00   74.26
10:33:05 PM    1    6.74    0.00    1.12    0.00    0.00    3.37    0.00    0.00    0.00   88.76

10:33:05 PM  CPU    %usr   %nice    %sys %iowait    %irq   %soft  %steal  %guest  %gnice   %idle
10:33:06 PM    0   10.89    0.00    5.94    0.00    0.00    9.90    0.00    0.00    0.00   73.27
10:33:06 PM    1    6.67    0.00    4.44    0.00    0.00    3.33    0.00    0.00    0.00   85.56

10:33:06 PM  CPU    %usr   %nice    %sys %iowait    %irq   %soft  %steal  %guest  %gnice   %idle
10:33:07 PM    0   13.86    0.00    5.94    0.00    0.00    6.93    0.00    0.00    0.00   73.27
10:33:07 PM    1    6.59    0.00    2.20    0.00    0.00    4.40    0.00    0.00    0.00   86.81

10:33:07 PM  CPU    %usr   %nice    %sys %iowait    %irq   %soft  %steal  %guest  %gnice   %idle
10:33:08 PM    0   13.46    0.00    3.85    0.00    0.00   10.58    0.00    0.00    0.00   72.12
10:33:08 PM    1    7.95    0.00    1.14    0.00    0.00    2.27    0.00    0.00    0.00   88.64

10:33:08 PM  CPU    %usr   %nice    %sys %iowait    %irq   %soft  %steal  %guest  %gnice   %idle
10:33:09 PM    0   14.29    0.00    5.71    0.00    0.00    8.57    0.00    0.00    0.00   71.43
10:33:09 PM    1    6.45    0.00    3.23    0.00    0.00    4.30    0.00    0.00    0.00   86.02

10:33:09 PM  CPU    %usr   %nice    %sys %iowait    %irq   %soft  %steal  %guest  %gnice   %idle
10:33:10 PM    0    9.71    0.00    5.83    0.00    0.00   11.65    0.00    0.00    0.00   72.82
10:33:10 PM    1    5.62    0.00    3.37    0.00    0.00    3.37    0.00    0.00    0.00   87.64

10:33:10 PM  CPU    %usr   %nice    %sys %iowait    %irq   %soft  %steal  %guest  %gnice   %idle
10:33:11 PM    0   12.12    0.00    8.08    0.00    0.00    4.04    0.00    0.00    0.00   75.76
10:33:11 PM    1    7.78    0.00    2.22    0.00    0.00    3.33    0.00    0.00    0.00   86.67

10:33:11 PM  CPU    %usr   %nice    %sys %iowait    %irq   %soft  %steal  %guest  %gnice   %idle
10:33:12 PM    0   12.87    0.00    5.94    0.00    0.00    6.93    0.00    0.00    0.00   74.26
10:33:12 PM    1    6.52    0.00    3.26    0.00    0.00    3.26    0.00    0.00    0.00   86.96

10:33:12 PM  CPU    %usr   %nice    %sys %iowait    %irq   %soft  %steal  %guest  %gnice   %idle
10:33:13 PM    0   14.15    0.00    3.77    0.00    0.00   12.26    0.00    0.00    0.00   69.81
10:33:13 PM    1    6.67    0.00    3.33    0.00    0.00    3.33    0.00    0.00    0.00   86.67

10:33:13 PM  CPU    %usr   %nice    %sys %iowait    %irq   %soft  %steal  %guest  %gnice   %idle
10:33:14 PM    0   11.88    0.00    6.93    0.00    0.00    7.92    0.00    0.00    0.00   73.27
10:33:14 PM    1    7.95    0.00    3.41    0.00    0.00    2.27    0.00    0.00    0.00   86.36

10:33:14 PM  CPU    %usr   %nice    %sys %iowait    %irq   %soft  %steal  %guest  %gnice   %idle
10:33:15 PM    0   12.75    0.00    7.84    0.00    0.00    5.88    0.00    0.00    0.00   73.53
10:33:15 PM    1    6.52    0.00    4.35    0.00    0.00    4.35    0.00    0.00    0.00   84.78

10:33:15 PM  CPU    %usr   %nice    %sys %iowait    %irq   %soft  %steal  %guest  %gnice   %idle
10:33:16 PM    0   14.00    0.00    5.00    0.00    0.00    6.00    0.00    0.00    0.00   75.00
10:33:16 PM    1    6.59    0.00    4.40    0.00    0.00    2.20    0.00    0.00    0.00   86.81

10:33:16 PM  CPU    %usr   %nice    %sys %iowait    %irq   %soft  %steal  %guest  %gnice   %idle
10:33:17 PM    0   11.76    0.00    6.86    0.00    0.00    8.82    0.00    0.00    0.00   72.55
10:33:17 PM    1    6.74    0.00    3.37    0.00    0.00    2.25    0.00    0.00    0.00   87.64

10:33:17 PM  CPU    %usr   %nice    %sys %iowait    %irq   %soft  %steal  %guest  %gnice   %idle
10:33:18 PM    0    9.90    0.00    4.95    0.00    0.00   10.89    0.00    0.00    0.00   74.26
10:33:18 PM    1    5.38    0.00    5.38    0.00    0.00    4.30    0.00    0.00    0.00   84.95

10:33:18 PM  CPU    %usr   %nice    %sys %iowait    %irq   %soft  %steal  %guest  %gnice   %idle
10:33:19 PM    0   12.62    0.00    7.77    0.00    0.00    7.77    0.00    0.00    0.00   71.84
10:33:19 PM    1    8.70    0.00    2.17    0.00    0.00    3.26    0.00    0.00    0.00   85.87

10:33:19 PM  CPU    %usr   %nice    %sys %iowait    %irq   %soft  %steal  %guest  %gnice   %idle
10:33:20 PM    0    9.90    0.00    4.95    0.00    0.00    9.90    0.00    0.00    0.00   75.25
10:33:20 PM    1    7.61    0.00    3.26    0.00    0.00    3.26    0.00    0.00    0.00   85.87

10:33:20 PM  CPU    %usr   %nice    %sys %iowait    %irq   %soft  %steal  %guest  %gnice   %idle
10:33:21 PM    0   10.38    0.00    6.60    0.00    0.00   13.21    0.00    0.00    0.00   69.81
10:33:21 PM    1    8.79    0.00    1.10    0.00    0.00    4.40    0.00    0.00    0.00   85.71

10:33:21 PM  CPU    %usr   %nice    %sys %iowait    %irq   %soft  %steal  %guest  %gnice   %idle
10:33:22 PM    0   13.73    0.00    5.88    0.00    0.00    7.84    0.00    0.00    0.00   72.55
10:33:22 PM    1    8.99    0.00    1.12    0.00    0.00    3.37    0.00    0.00    0.00   86.52

10:33:22 PM  CPU    %usr   %nice    %sys %iowait    %irq   %soft  %steal  %guest  %gnice   %idle
10:33:23 PM    0   11.76    0.00    6.86    0.00    0.00    7.84    0.00    0.00    0.00   73.53
10:33:23 PM    1    6.52    0.00    3.26    0.00    0.00    5.43    0.00    0.00    0.00   84.78

10:33:23 PM  CPU    %usr   %nice    %sys %iowait    %irq   %soft  %steal  %guest  %gnice   %idle
10:33:24 PM    0   10.89    0.00    8.91    0.00    0.00    5.94    0.00    0.00    0.00   74.26
10:33:24 PM    1    6.67    0.00    2.22    0.00    0.00    3.33    0.00    0.00    0.00   87.78

10:33:24 PM  CPU    %usr   %nice    %sys %iowait    %irq   %soft  %steal  %guest  %gnice   %idle
10:33:25 PM    0   10.78    0.00    5.88    0.00    0.00   10.78    0.00    0.00    0.00   72.55
10:33:25 PM    1    6.74    0.00    3.37    0.00    0.00    2.25    0.00    0.00    0.00   87.64

10:33:25 PM  CPU    %usr   %nice    %sys %iowait    %irq   %soft  %steal  %guest  %gnice   %idle
10:33:26 PM    0   11.88    0.00    5.94    0.00    0.00    7.92    0.00    0.00    0.00   74.26
10:33:26 PM    1    7.87    0.00    1.12    0.00    0.00    3.37    0.00    0.00    0.00   87.64

10:33:26 PM  CPU    %usr   %nice    %sys %iowait    %irq   %soft  %steal  %guest  %gnice   %idle
10:33:27 PM    0   14.85    0.00    4.95    0.00    0.00    6.93    0.00    0.00    0.00   73.27
10:33:27 PM    1    6.67    0.00    3.33    0.00    0.00    2.22    0.00    0.00    0.00   87.78

10:33:27 PM  CPU    %usr   %nice    %sys %iowait    %irq   %soft  %steal  %guest  %gnice   %idle
10:33:28 PM    0   14.00    0.00    4.00    0.00    0.00    7.00    0.00    0.00    0.00   75.00
10:33:28 PM    1    8.70    0.00    2.17    0.00    0.00    4.35    0.00    0.00    0.00   84.78

10:33:28 PM  CPU    %usr   %nice    %sys %iowait    %irq   %soft  %steal  %guest  %gnice   %idle
10:33:29 PM    0   15.24    0.00    3.81    0.00    0.00   10.48    0.00    0.00    0.00   70.48
10:33:29 PM    1    5.62    0.00    4.49    0.00    0.00    1.12    0.00    0.00    0.00   88.76

10:33:29 PM  CPU    %usr   %nice    %sys %iowait    %irq   %soft  %steal  %guest  %gnice   %idle
10:33:30 PM    0   12.26    0.00    6.60    0.00    0.00   10.38    0.00    0.00    0.00   70.75
10:33:30 PM    1    4.55    0.00    4.55    0.00    0.00    2.27    0.00    0.00    0.00   88.64

10:33:30 PM  CPU    %usr   %nice    %sys %iowait    %irq   %soft  %steal  %guest  %gnice   %idle
10:33:31 PM    0   11.11    0.00    7.07    0.00    0.00    6.06    0.00    0.00    0.00   75.76
10:33:31 PM    1    6.67    0.00    2.22    0.00    0.00    3.33    0.00    0.00    0.00   87.78

10:33:31 PM  CPU    %usr   %nice    %sys %iowait    %irq   %soft  %steal  %guest  %gnice   %idle
10:33:32 PM    0   10.78    0.00    5.88    0.00    0.00   10.78    0.00    0.00    0.00   72.55
10:33:32 PM    1    6.82    0.00    4.55    0.00    0.00    0.00    0.00    0.00    0.00   88.64

10:33:32 PM  CPU    %usr   %nice    %sys %iowait    %irq   %soft  %steal  %guest  %gnice   %idle
10:33:33 PM    0    9.80    0.00    8.82    0.00    0.00    7.84    0.00    0.00    0.00   73.53
10:33:33 PM    1    6.52    0.00    2.17    0.00    0.00    6.52    0.00    0.00    0.00   84.78

10:33:33 PM  CPU    %usr   %nice    %sys %iowait    %irq   %soft  %steal  %guest  %gnice   %idle
10:33:34 PM    0   10.68    0.00    7.77    0.00    0.00    8.74    0.00    0.00    0.00   72.82
10:33:34 PM    1    7.87    0.00    2.25    0.00    0.00    2.25    0.00    0.00    0.00   87.64

10:33:34 PM  CPU    %usr   %nice    %sys %iowait    %irq   %soft  %steal  %guest  %gnice   %idle
10:33:35 PM    0   12.87    0.00    5.94    0.00    0.00    7.92    0.00    0.00    0.00   73.27
10:33:35 PM    1    7.61    0.00    4.35    0.00    0.00    3.26    0.00    0.00    0.00   84.78

10:33:35 PM  CPU    %usr   %nice    %sys %iowait    %irq   %soft  %steal  %guest  %gnice   %idle
10:33:36 PM    0   13.00    0.00    6.00    0.00    0.00    5.00    0.00    0.00    0.00   76.00
10:33:36 PM    1    5.43    0.00    3.26    0.00    0.00    6.52    0.00    0.00    0.00   84.78

10:33:36 PM  CPU    %usr   %nice    %sys %iowait    %irq   %soft  %steal  %guest  %gnice   %idle
10:33:37 PM    0   13.33    0.00    5.71    0.00    0.00    9.52    0.00    0.00    0.00   71.43
10:33:37 PM    1    5.56    0.00    4.44    0.00    0.00    2.22    0.00    0.00    0.00   87.78

10:33:37 PM  CPU    %usr   %nice    %sys %iowait    %irq   %soft  %steal  %guest  %gnice   %idle
10:33:38 PM    0   10.58    0.00    5.77    0.00    0.00   11.54    0.00    0.00    0.00   72.12
10:33:38 PM    1    7.69    0.00    2.20    0.00    0.00    3.30    0.00    0.00    0.00   86.81

10:33:38 PM  CPU    %usr   %nice    %sys %iowait    %irq   %soft  %steal  %guest  %gnice   %idle
10:33:39 PM    0   10.78    0.00    6.86    0.00    0.00    8.82    0.00    0.00    0.00   73.53
10:33:39 PM    1    5.62    0.00    3.37    0.00    0.00    2.25    0.00    0.00    0.00   88.76

10:33:39 PM  CPU    %usr   %nice    %sys %iowait    %irq   %soft  %steal  %guest  %gnice   %idle
10:33:40 PM    0   13.86    0.00    4.95    0.00    0.00    6.93    0.00    0.00    0.00   74.26
10:33:40 PM    1    5.68    0.00    4.55    0.00    0.00    1.14    0.00    0.00    0.00   88.64

10:33:40 PM  CPU    %usr   %nice    %sys %iowait    %irq   %soft  %steal  %guest  %gnice   %idle
10:33:41 PM    0   13.86    0.00    5.94    0.00    0.00    6.93    0.00    0.00    0.00   73.27
10:33:41 PM    1    6.74    0.00    4.49    0.00    0.00    1.12    0.00    0.00    0.00   87.64

10:33:41 PM  CPU    %usr   %nice    %sys %iowait    %irq   %soft  %steal  %guest  %gnice   %idle
10:33:42 PM    0   11.54    0.00    4.81    0.00    0.00   12.50    0.00    0.00    0.00   71.15
10:33:42 PM    1    4.44    0.00    4.44    0.00    0.00    3.33    0.00    0.00    0.00   87.78

10:33:42 PM  CPU    %usr   %nice    %sys %iowait    %irq   %soft  %steal  %guest  %gnice   %idle
10:33:43 PM    0   13.68    0.00    4.21    0.00    0.00    2.11    0.00    0.00    0.00   80.00
10:33:43 PM    1    5.56    0.00    4.44    0.00    0.00    2.22    0.00    0.00    0.00   87.78

10:33:43 PM  CPU    %usr   %nice    %sys %iowait    %irq   %soft  %steal  %guest  %gnice   %idle
10:33:44 PM    0   11.88    0.00    6.93    0.00    0.00    7.92    0.00    0.00    0.00   73.27
10:33:44 PM    1    6.52    0.00    3.26    0.00    0.00    5.43    0.00    0.00    0.00   84.78

10:33:44 PM  CPU    %usr   %nice    %sys %iowait    %irq   %soft  %steal  %guest  %gnice   %idle
10:33:45 PM    0   11.00    0.00    7.00    0.00    0.00    8.00    0.00    0.00    0.00   74.00
10:33:45 PM    1    5.56    0.00    4.44    0.00    0.00    3.33    0.00    0.00    0.00   86.67

10:33:45 PM  CPU    %usr   %nice    %sys %iowait    %irq   %soft  %steal  %guest  %gnice   %idle
10:33:46 PM    0   15.46    0.00    5.15    0.00    0.00    2.06    0.00    0.00    0.00   77.32
10:33:46 PM    1    5.49    0.00    3.30    0.00    0.00    4.40    0.00    0.00    0.00   86.81

10:33:46 PM  CPU    %usr   %nice    %sys %iowait    %irq   %soft  %steal  %guest  %gnice   %idle
10:33:47 PM    0   11.93    0.00    7.34    0.00    0.00   12.84    0.00    0.00    0.00   67.89
10:33:47 PM    1    6.67    0.00    3.33    0.00    0.00    3.33    0.00    0.00    0.00   86.67

10:33:47 PM  CPU    %usr   %nice    %sys %iowait    %irq   %soft  %steal  %guest  %gnice   %idle
10:33:48 PM    0   12.87    0.00    6.93    0.00    0.00    5.94    0.00    0.00    0.00   74.26
10:33:48 PM    1    7.61    0.00    3.26    0.00    0.00    4.35    0.00    0.00    0.00   84.78

10:33:48 PM  CPU    %usr   %nice    %sys %iowait    %irq   %soft  %steal  %guest  %gnice   %idle
10:33:49 PM    0   14.00    0.00    3.00    0.00    0.00    8.00    0.00    0.00    0.00   75.00
10:33:49 PM    1    5.49    0.00    3.30    0.00    0.00    4.40    0.00    0.00    0.00   86.81

10:33:49 PM  CPU    %usr   %nice    %sys %iowait    %irq   %soft  %steal  %guest  %gnice   %idle
10:33:50 PM    0   11.34    0.00    9.28    0.00    0.00    3.09    0.00    0.00    0.00   76.29
10:33:50 PM    1    5.75    0.00    4.60    0.00    0.00    0.00    0.00    0.00    0.00   89.66

10:33:50 PM  CPU    %usr   %nice    %sys %iowait    %irq   %soft  %steal  %guest  %gnice   %idle
10:33:51 PM    0   13.59    0.00    4.85    0.00    0.00    8.74    0.00    0.00    0.00   72.82
10:33:51 PM    1    5.43    0.00    4.35    0.00    0.00    4.35    0.00    0.00    0.00   85.87

10:33:51 PM  CPU    %usr   %nice    %sys %iowait    %irq   %soft  %steal  %guest  %gnice   %idle
10:33:52 PM    0   12.50    0.00    5.77    0.00    0.00    9.62    0.00    0.00    0.00   72.12
10:33:52 PM    1    7.69    0.00    2.20    0.00    0.00    2.20    0.00    0.00    0.00   87.91

10:33:52 PM  CPU    %usr   %nice    %sys %iowait    %irq   %soft  %steal  %guest  %gnice   %idle
10:33:53 PM    0   12.38    0.00    6.67    0.00    0.00    9.52    0.00    0.00    0.00   71.43
10:33:53 PM    1    6.45    0.00    3.23    0.00    0.00    6.45    0.00    0.00    0.00   83.87

10:33:53 PM  CPU    %usr   %nice    %sys %iowait    %irq   %soft  %steal  %guest  %gnice   %idle
10:33:54 PM    0   11.54    0.00    7.69    0.00    0.00    9.62    0.00    0.00    0.00   71.15
10:33:54 PM    1    6.82    0.00    2.27    0.00    0.00    2.27    0.00    0.00    0.00   88.64

10:33:54 PM  CPU    %usr   %nice    %sys %iowait    %irq   %soft  %steal  %guest  %gnice   %idle
10:33:55 PM    0   13.73    0.00    5.88    0.00    0.00    7.84    0.00    0.00    0.00   72.55
10:33:55 PM    1    7.87    0.00    3.37    0.00    0.00    1.12    0.00    0.00    0.00   87.64

10:33:55 PM  CPU    %usr   %nice    %sys %iowait    %irq   %soft  %steal  %guest  %gnice   %idle
10:33:56 PM    0   14.71    0.00    4.90    0.00    0.00    6.86    0.00    0.00    0.00   73.53
10:33:56 PM    1    5.56    0.00    3.33    0.00    0.00    4.44    0.00    0.00    0.00   86.67

10:33:56 PM  CPU    %usr   %nice    %sys %iowait    %irq   %soft  %steal  %guest  %gnice   %idle
10:33:57 PM    0   14.85    0.00    3.96    0.00    0.00    6.93    0.00    0.00    0.00   74.26
10:33:57 PM    1    5.43    0.00    4.35    0.00    0.00    4.35    0.00    0.00    0.00   85.87

10:33:57 PM  CPU    %usr   %nice    %sys %iowait    %irq   %soft  %steal  %guest  %gnice   %idle
10:33:58 PM    0   13.46    0.00    5.77    0.00    0.00    8.65    0.00    0.00    0.00   72.12
10:33:58 PM    1    8.79    0.00    0.00    0.00    0.00    4.40    0.00    0.00    0.00   86.81

10:33:58 PM  CPU    %usr   %nice    %sys %iowait    %irq   %soft  %steal  %guest  %gnice   %idle
10:33:59 PM    0   13.73    0.00    6.86    0.00    0.00    6.86    0.00    0.00    0.00   72.55
10:33:59 PM    1    6.67    0.00    2.22    0.00    0.00    4.44    0.00    0.00    0.00   86.67

10:33:59 PM  CPU    %usr   %nice    %sys %iowait    %irq   %soft  %steal  %guest  %gnice   %idle
10:34:00 PM    0   13.21    0.00    6.60    0.00    0.00   10.38    0.00    0.00    0.00   69.81
10:34:00 PM    1    6.52    0.00    5.43    0.00    0.00    4.35    0.00    0.00    0.00   83.70

10:34:00 PM  CPU    %usr   %nice    %sys %iowait    %irq   %soft  %steal  %guest  %gnice   %idle
10:34:01 PM    0   13.00    0.00    6.00    0.00    0.00    7.00    0.00    0.00    0.00   74.00
10:34:01 PM    1    8.60    0.00    2.15    0.00    0.00    6.45    0.00    0.00    0.00   82.80

10:34:01 PM  CPU    %usr   %nice    %sys %iowait    %irq   %soft  %steal  %guest  %gnice   %idle
10:34:02 PM    0   11.76    0.00    5.88    0.00    0.00    8.82    0.00    0.00    0.00   73.53
10:34:02 PM    1    4.60    0.00    5.75    0.00    0.00    1.15    0.00    0.00    0.00   88.51

10:34:02 PM  CPU    %usr   %nice    %sys %iowait    %irq   %soft  %steal  %guest  %gnice   %idle
10:34:03 PM    0   13.46    0.00    4.81    0.00    0.00   10.58    0.00    0.00    0.00   71.15
10:34:03 PM    1    6.67    0.00    4.44    0.00    0.00    2.22    0.00    0.00    0.00   86.67

10:34:03 PM  CPU    %usr   %nice    %sys %iowait    %irq   %soft  %steal  %guest  %gnice   %idle
10:34:04 PM    0   13.27    0.00    6.12    0.00    0.00    5.10    0.00    0.00    0.00   75.51
10:34:04 PM    1    6.67    0.00    2.22    0.00    0.00    3.33    0.00    0.00    0.00   87.78

10:34:04 PM  CPU    %usr   %nice    %sys %iowait    %irq   %soft  %steal  %guest  %gnice   %idle
10:34:05 PM    0   13.46    0.00    4.81    0.00    0.00   10.58    0.00    0.00    0.00   71.15
10:34:05 PM    1    6.59    0.00    3.30    0.00    0.00    3.30    0.00    0.00    0.00   86.81

10:34:05 PM  CPU    %usr   %nice    %sys %iowait    %irq   %soft  %steal  %guest  %gnice   %idle
10:34:06 PM    0   10.89    0.00    6.93    0.00    0.00    7.92    0.00    0.00    0.00   74.26
10:34:06 PM    1    7.61    0.00    3.26    0.00    0.00    3.26    0.00    0.00    0.00   85.87

10:34:06 PM  CPU    %usr   %nice    %sys %iowait    %irq   %soft  %steal  %guest  %gnice   %idle
10:34:07 PM    0   16.67    0.00    4.63    0.00    0.00   10.19    0.00    0.00    0.00   68.52
10:34:07 PM    1    6.67    0.00    3.33    0.00    0.00    3.33    0.00    0.00    0.00   86.67

10:34:07 PM  CPU    %usr   %nice    %sys %iowait    %irq   %soft  %steal  %guest  %gnice   %idle
10:34:08 PM    0   12.87    0.00    5.94    0.00    0.00    6.93    0.00    0.00    0.00   74.26
10:34:08 PM    1    5.68    0.00    3.41    0.00    0.00    2.27    0.00    0.00    0.00   88.64

10:34:08 PM  CPU    %usr   %nice    %sys %iowait    %irq   %soft  %steal  %guest  %gnice   %idle
10:34:09 PM    0   14.56    0.00    4.85    0.00    0.00    8.74    0.00    0.00    0.00   71.84
10:34:09 PM    1    6.67    0.00    4.44    0.00    0.00    2.22    0.00    0.00    0.00   86.67

10:34:09 PM  CPU    %usr   %nice    %sys %iowait    %irq   %soft  %steal  %guest  %gnice   %idle
10:34:10 PM    0   11.00    0.00    8.00    0.00    0.00    7.00    0.00    0.00    0.00   74.00
10:34:10 PM    1    6.59    0.00    4.40    0.00    0.00    2.20    0.00    0.00    0.00   86.81

10:34:10 PM  CPU    %usr   %nice    %sys %iowait    %irq   %soft  %steal  %guest  %gnice   %idle
10:34:11 PM    0   11.65    0.00    5.83    0.00    0.00    9.71    0.00    0.00    0.00   72.82
10:34:11 PM    1    5.49    0.00    4.40    0.00    0.00    4.40    0.00    0.00    0.00   85.71

10:34:11 PM  CPU    %usr   %nice    %sys %iowait    %irq   %soft  %steal  %guest  %gnice   %idle
10:34:12 PM    0   14.29    0.00    4.76    0.00    0.00   10.48    0.00    0.00    0.00   70.48
10:34:12 PM    1    5.49    0.00    5.49    0.00    0.00    2.20    0.00    0.00    0.00   86.81

Average:     CPU    %usr   %nice    %sys %iowait    %irq   %soft  %steal  %guest  %gnice   %idle
Average:       0   12.55    0.00    6.08    0.00    0.00    8.30    0.00    0.00    0.00   73.07
Average:       1    6.74    0.00    3.23    0.00    0.00    3.32    0.00    0.00    0.00   86.71
