Linux 5.3.0-59-generic (ericmei) 	06/29/2020 	_x86_64_	(12 CPU)

10:42:40 PM  CPU    %usr   %nice    %sys %iowait    %irq   %soft  %steal  %guest  %gnice   %idle
10:42:41 PM    0   15.69    0.00    4.90    0.00    0.00    6.86    0.00    0.00    0.00   72.55
10:42:41 PM    1    6.90    0.00    2.30    0.00    0.00    0.00    0.00    0.00    0.00   90.80

10:42:41 PM  CPU    %usr   %nice    %sys %iowait    %irq   %soft  %steal  %guest  %gnice   %idle
10:42:42 PM    0   11.76    0.00    5.88    0.00    0.00    9.80    0.00    0.00    0.00   72.55
10:42:42 PM    1    7.53    0.00    1.08    0.00    0.00    5.38    0.00    0.00    0.00   86.02

10:42:42 PM  CPU    %usr   %nice    %sys %iowait    %irq   %soft  %steal  %guest  %gnice   %idle
10:42:43 PM    0   11.88    0.00    5.94    0.00    0.00    8.91    0.00    0.00    0.00   73.27
10:42:43 PM    1    6.67    0.00    3.33    0.00    0.00    3.33    0.00    0.00    0.00   86.67

10:42:43 PM  CPU    %usr   %nice    %sys %iowait    %irq   %soft  %steal  %guest  %gnice   %idle
10:42:44 PM    0   10.19    0.00    9.26    0.00    0.00   12.96    0.00    0.00    0.00   67.59
10:42:44 PM    1    7.69    0.00    3.30    0.00    0.00    3.30    0.00    0.00    0.00   85.71

10:42:44 PM  CPU    %usr   %nice    %sys %iowait    %irq   %soft  %steal  %guest  %gnice   %idle
10:42:45 PM    0   11.76    0.00    5.88    0.00    0.00    8.82    0.00    0.00    0.00   73.53
10:42:45 PM    1    7.87    0.00    1.12    0.00    0.00    3.37    0.00    0.00    0.00   87.64

10:42:45 PM  CPU    %usr   %nice    %sys %iowait    %irq   %soft  %steal  %guest  %gnice   %idle
10:42:46 PM    0   14.29    0.00    4.08    0.00    0.00    5.10    0.00    0.00    0.00   76.53
10:42:46 PM    1    7.78    0.00    2.22    0.00    0.00    2.22    0.00    0.00    0.00   87.78

10:42:46 PM  CPU    %usr   %nice    %sys %iowait    %irq   %soft  %steal  %guest  %gnice   %idle
10:42:47 PM    0   14.43    0.00    6.19    0.00    0.00    3.09    0.00    0.00    0.00   76.29
10:42:47 PM    1    6.45    0.00    2.15    0.00    0.00    7.53    0.00    0.00    0.00   83.87

10:42:47 PM  CPU    %usr   %nice    %sys %iowait    %irq   %soft  %steal  %guest  %gnice   %idle
10:42:48 PM    0   11.21    0.00    6.54    0.00    0.00   12.15    0.00    0.00    0.00   70.09
10:42:48 PM    1    6.25    0.00    4.17    0.00    0.00    7.29    0.00    0.00    0.00   82.29

10:42:48 PM  CPU    %usr   %nice    %sys %iowait    %irq   %soft  %steal  %guest  %gnice   %idle
10:42:49 PM    0   13.21    0.00    4.72    0.00    0.00   11.32    0.00    0.00    0.00   70.75
10:42:49 PM    1    6.74    0.00    2.25    0.00    0.00    2.25    0.00    0.00    0.00   88.76

10:42:49 PM  CPU    %usr   %nice    %sys %iowait    %irq   %soft  %steal  %guest  %gnice   %idle
10:42:50 PM    0   12.50    0.00    7.14    0.00    0.00   14.29    0.00    0.00    0.00   66.07
10:42:50 PM    1    9.20    0.00    1.15    0.00    0.00    0.00    0.00    0.00    0.00   89.66

10:42:50 PM  CPU    %usr   %nice    %sys %iowait    %irq   %soft  %steal  %guest  %gnice   %idle
10:42:51 PM    0   13.46    0.00    3.85    0.00    0.00   10.58    0.00    0.00    0.00   72.12
10:42:51 PM    1    7.61    0.00    3.26    0.00    0.00    3.26    0.00    0.00    0.00   85.87

10:42:51 PM  CPU    %usr   %nice    %sys %iowait    %irq   %soft  %steal  %guest  %gnice   %idle
10:42:52 PM    0   15.53    0.00    3.88    0.00    0.00    8.74    0.00    0.00    0.00   71.84
10:42:52 PM    1    6.90    0.00    2.30    0.00    0.00    2.30    0.00    0.00    0.00   88.51

10:42:52 PM  CPU    %usr   %nice    %sys %iowait    %irq   %soft  %steal  %guest  %gnice   %idle
10:42:53 PM    0   11.88    0.00    7.92    0.00    0.00    7.92    0.00    0.00    0.00   72.28
10:42:53 PM    1    8.79    0.00    2.20    0.00    0.00    3.30    0.00    0.00    0.00   85.71

10:42:53 PM  CPU    %usr   %nice    %sys %iowait    %irq   %soft  %steal  %guest  %gnice   %idle
10:42:54 PM    0   13.00    0.00    5.00    0.00    0.00    8.00    0.00    0.00    0.00   74.00
10:42:54 PM    1    7.69    0.00    2.20    0.00    0.00    4.40    0.00    0.00    0.00   85.71

10:42:54 PM  CPU    %usr   %nice    %sys %iowait    %irq   %soft  %steal  %guest  %gnice   %idle
10:42:55 PM    0   13.40    0.00    5.15    0.00    0.00    4.12    0.00    0.00    0.00   77.32
10:42:55 PM    1    7.53    0.00    3.23    0.00    0.00    4.30    0.00    0.00    0.00   84.95

10:42:55 PM  CPU    %usr   %nice    %sys %iowait    %irq   %soft  %steal  %guest  %gnice   %idle
10:42:56 PM    0   15.15    0.00    4.04    0.00    0.00    6.06    0.00    0.00    0.00   74.75
10:42:56 PM    1    5.49    0.00    4.40    0.00    0.00    2.20    0.00    0.00    0.00   87.91

10:42:56 PM  CPU    %usr   %nice    %sys %iowait    %irq   %soft  %steal  %guest  %gnice   %idle
10:42:57 PM    0   15.84    0.00    2.97    0.00    0.00    7.92    0.00    0.00    0.00   73.27
10:42:57 PM    1    6.45    0.00    3.23    0.00    0.00    6.45    0.00    0.00    0.00   83.87

10:42:57 PM  CPU    %usr   %nice    %sys %iowait    %irq   %soft  %steal  %guest  %gnice   %idle
10:42:58 PM    0   10.89    0.00    7.92    0.00    0.00    6.93    0.00    0.00    0.00   74.26
10:42:58 PM    1    7.29    0.00    2.08    0.00    0.00    8.33    0.00    0.00    0.00   82.29

10:42:58 PM  CPU    %usr   %nice    %sys %iowait    %irq   %soft  %steal  %guest  %gnice   %idle
10:42:59 PM    0   13.33    0.00    5.71    0.00    0.00   10.48    0.00    0.00    0.00   70.48
10:42:59 PM    1    7.78    0.00    3.33    0.00    0.00    3.33    0.00    0.00    0.00   85.56

10:42:59 PM  CPU    %usr   %nice    %sys %iowait    %irq   %soft  %steal  %guest  %gnice   %idle
10:43:00 PM    0   16.98    0.00    3.77    0.00    0.00   11.32    0.00    0.00    0.00   67.92
10:43:00 PM    1    8.79    0.00    2.20    0.00    0.00    3.30    0.00    0.00    0.00   85.71

10:43:00 PM  CPU    %usr   %nice    %sys %iowait    %irq   %soft  %steal  %guest  %gnice   %idle
10:43:01 PM    0   13.21    0.00    6.60    0.00    0.00   11.32    0.00    0.00    0.00   68.87
10:43:01 PM    1    7.78    0.00    3.33    0.00    0.00    2.22    0.00    0.00    0.00   86.67

10:43:01 PM  CPU    %usr   %nice    %sys %iowait    %irq   %soft  %steal  %guest  %gnice   %idle
10:43:02 PM    0   11.54    0.00    5.77    0.00    0.00   10.58    0.00    0.00    0.00   72.12
10:43:02 PM    1    7.78    0.00    3.33    0.00    0.00    2.22    0.00    0.00    0.00   86.67

10:43:02 PM  CPU    %usr   %nice    %sys %iowait    %irq   %soft  %steal  %guest  %gnice   %idle
10:43:03 PM    0   11.43    0.00    5.71    0.00    0.00   11.43    0.00    0.00    0.00   71.43
10:43:03 PM    1    6.74    0.00    3.37    0.00    0.00    1.12    0.00    0.00    0.00   88.76

10:43:03 PM  CPU    %usr   %nice    %sys %iowait    %irq   %soft  %steal  %guest  %gnice   %idle
10:43:04 PM    0   12.84    0.00    5.50    0.00    0.00   13.76    0.00    0.00    0.00   67.89
10:43:04 PM    1    6.59    0.00    3.30    0.00    0.00    3.30    0.00    0.00    0.00   86.81

10:43:04 PM  CPU    %usr   %nice    %sys %iowait    %irq   %soft  %steal  %guest  %gnice   %idle
10:43:05 PM    0   12.00    0.00    7.00    0.00    0.00    6.00    0.00    0.00    0.00   75.00
10:43:05 PM    1    8.89    0.00    1.11    0.00    0.00    3.33    0.00    0.00    0.00   86.67

10:43:05 PM  CPU    %usr   %nice    %sys %iowait    %irq   %soft  %steal  %guest  %gnice   %idle
10:43:06 PM    0   13.21    0.00    5.66    0.00    0.00   11.32    0.00    0.00    0.00   69.81
10:43:06 PM    1    8.89    0.00    2.22    0.00    0.00    2.22    0.00    0.00    0.00   86.67

10:43:06 PM  CPU    %usr   %nice    %sys %iowait    %irq   %soft  %steal  %guest  %gnice   %idle
10:43:07 PM    0   12.87    0.00    6.93    0.00    0.00    6.93    0.00    0.00    0.00   73.27
10:43:07 PM    1    5.62    0.00    3.37    0.00    0.00    2.25    0.00    0.00    0.00   88.76

10:43:07 PM  CPU    %usr   %nice    %sys %iowait    %irq   %soft  %steal  %guest  %gnice   %idle
10:43:08 PM    0   14.42    0.00    5.77    0.00    0.00    8.65    0.00    0.00    0.00   71.15
10:43:08 PM    1    6.52    0.00    4.35    0.00    0.00    4.35    0.00    0.00    0.00   84.78

10:43:08 PM  CPU    %usr   %nice    %sys %iowait    %irq   %soft  %steal  %guest  %gnice   %idle
10:43:09 PM    0   11.76    0.00    6.86    0.00    0.00    8.82    0.00    0.00    0.00   72.55
10:43:09 PM    1    6.59    0.00    2.20    0.00    0.00    4.40    0.00    0.00    0.00   86.81

10:43:09 PM  CPU    %usr   %nice    %sys %iowait    %irq   %soft  %steal  %guest  %gnice   %idle
10:43:10 PM    0   12.38    0.00    6.67    0.00    0.00   10.48    0.00    0.00    0.00   70.48
10:43:10 PM    1    5.62    0.00    4.49    0.00    0.00    2.25    0.00    0.00    0.00   87.64

10:43:10 PM  CPU    %usr   %nice    %sys %iowait    %irq   %soft  %steal  %guest  %gnice   %idle
10:43:11 PM    0   10.68    0.00    7.77    0.00    0.00    8.74    0.00    0.00    0.00   72.82
10:43:11 PM    1    6.67    0.00    4.44    0.00    0.00    2.22    0.00    0.00    0.00   86.67

10:43:11 PM  CPU    %usr   %nice    %sys %iowait    %irq   %soft  %steal  %guest  %gnice   %idle
10:43:12 PM    0   13.00    0.00    4.00    0.00    0.00    8.00    0.00    0.00    0.00   75.00
10:43:12 PM    1    5.56    0.00    4.44    0.00    0.00    2.22    0.00    0.00    0.00   87.78

10:43:12 PM  CPU    %usr   %nice    %sys %iowait    %irq   %soft  %steal  %guest  %gnice   %idle
10:43:13 PM    0   11.82    0.00    5.45    0.00    0.00   15.45    0.00    0.00    0.00   67.27
10:43:13 PM    1    5.75    0.00    2.30    0.00    0.00    1.15    0.00    0.00    0.00   90.80

10:43:13 PM  CPU    %usr   %nice    %sys %iowait    %irq   %soft  %steal  %guest  %gnice   %idle
10:43:14 PM    0   12.50    0.00    6.73    0.00    0.00    9.62    0.00    0.00    0.00   71.15
10:43:14 PM    1    5.62    0.00    4.49    0.00    0.00    1.12    0.00    0.00    0.00   88.76

10:43:14 PM  CPU    %usr   %nice    %sys %iowait    %irq   %soft  %steal  %guest  %gnice   %idle
10:43:15 PM    0   11.34    0.00    8.25    0.00    0.00    3.09    0.00    0.00    0.00   77.32
10:43:15 PM    1    5.68    0.00    4.55    0.00    0.00    0.00    0.00    0.00    0.00   89.77

10:43:15 PM  CPU    %usr   %nice    %sys %iowait    %irq   %soft  %steal  %guest  %gnice   %idle
10:43:16 PM    0   11.65    0.00    6.80    0.00    0.00    8.74    0.00    0.00    0.00   72.82
10:43:16 PM    1    7.78    0.00    3.33    0.00    0.00    2.22    0.00    0.00    0.00   86.67

10:43:16 PM  CPU    %usr   %nice    %sys %iowait    %irq   %soft  %steal  %guest  %gnice   %idle
10:43:17 PM    0   12.26    0.00    5.66    0.00    0.00   12.26    0.00    0.00    0.00   69.81
10:43:17 PM    1    5.43    0.00    3.26    0.00    0.00    5.43    0.00    0.00    0.00   85.87

10:43:17 PM  CPU    %usr   %nice    %sys %iowait    %irq   %soft  %steal  %guest  %gnice   %idle
10:43:18 PM    0   14.14    0.00    5.05    0.00    0.00    5.05    0.00    0.00    0.00   75.76
10:43:18 PM    1    4.40    0.00    4.40    0.00    0.00    4.40    0.00    0.00    0.00   86.81

10:43:18 PM  CPU    %usr   %nice    %sys %iowait    %irq   %soft  %steal  %guest  %gnice   %idle
10:43:19 PM    0   11.32    0.00    8.49    0.00    0.00    9.43    0.00    0.00    0.00   70.75
10:43:19 PM    1    8.60    0.00    2.15    0.00    0.00    4.30    0.00    0.00    0.00   84.95

10:43:19 PM  CPU    %usr   %nice    %sys %iowait    %irq   %soft  %steal  %guest  %gnice   %idle
10:43:20 PM    0   13.86    0.00    4.95    0.00    0.00    6.93    0.00    0.00    0.00   74.26
10:43:20 PM    1    6.45    0.00    3.23    0.00    0.00    4.30    0.00    0.00    0.00   86.02

10:43:20 PM  CPU    %usr   %nice    %sys %iowait    %irq   %soft  %steal  %guest  %gnice   %idle
10:43:21 PM    0   10.20    0.00   10.20    0.00    0.00    4.08    0.00    0.00    0.00   75.51
10:43:21 PM    1    6.59    0.00    2.20    0.00    0.00    4.40    0.00    0.00    0.00   86.81

10:43:21 PM  CPU    %usr   %nice    %sys %iowait    %irq   %soft  %steal  %guest  %gnice   %idle
10:43:22 PM    0   14.42    0.00    4.81    0.00    0.00    8.65    0.00    0.00    0.00   72.12
10:43:22 PM    1    8.60    0.00    3.23    0.00    0.00    4.30    0.00    0.00    0.00   83.87

10:43:22 PM  CPU    %usr   %nice    %sys %iowait    %irq   %soft  %steal  %guest  %gnice   %idle
10:43:23 PM    0   10.00    0.00    7.27    0.00    0.00   14.55    0.00    0.00    0.00   68.18
10:43:23 PM    1    5.62    0.00    4.49    0.00    0.00    1.12    0.00    0.00    0.00   88.76

10:43:23 PM  CPU    %usr   %nice    %sys %iowait    %irq   %soft  %steal  %guest  %gnice   %idle
10:43:24 PM    0   14.29    0.00    3.81    0.00    0.00   12.38    0.00    0.00    0.00   69.52
10:43:24 PM    1    8.70    0.00    3.26    0.00    0.00    3.26    0.00    0.00    0.00   84.78

10:43:24 PM  CPU    %usr   %nice    %sys %iowait    %irq   %soft  %steal  %guest  %gnice   %idle
10:43:25 PM    0   12.12    0.00    5.05    0.00    0.00    8.08    0.00    0.00    0.00   74.75
10:43:25 PM    1    8.60    0.00    1.08    0.00    0.00    5.38    0.00    0.00    0.00   84.95

10:43:25 PM  CPU    %usr   %nice    %sys %iowait    %irq   %soft  %steal  %guest  %gnice   %idle
10:43:26 PM    0   12.87    0.00    6.93    0.00    0.00    5.94    0.00    0.00    0.00   74.26
10:43:26 PM    1    7.69    0.00    3.30    0.00    0.00    3.30    0.00    0.00    0.00   85.71

10:43:26 PM  CPU    %usr   %nice    %sys %iowait    %irq   %soft  %steal  %guest  %gnice   %idle
10:43:27 PM    0   13.86    0.00    4.95    0.00    0.00    7.92    0.00    0.00    0.00   73.27
10:43:27 PM    1    5.68    0.00    4.55    0.00    0.00    1.14    0.00    0.00    0.00   88.64

10:43:27 PM  CPU    %usr   %nice    %sys %iowait    %irq   %soft  %steal  %guest  %gnice   %idle
10:43:28 PM    0   10.38    0.00    6.60    0.00    0.00   13.21    0.00    0.00    0.00   69.81
10:43:28 PM    1    5.62    0.00    4.49    0.00    0.00    2.25    0.00    0.00    0.00   87.64

10:43:28 PM  CPU    %usr   %nice    %sys %iowait    %irq   %soft  %steal  %guest  %gnice   %idle
10:43:29 PM    0   13.33    0.00    7.62    0.00    0.00    7.62    0.00    0.00    0.00   71.43
10:43:29 PM    1    6.74    0.00    2.25    0.00    0.00    2.25    0.00    0.00    0.00   88.76

10:43:29 PM  CPU    %usr   %nice    %sys %iowait    %irq   %soft  %steal  %guest  %gnice   %idle
10:43:30 PM    0   12.84    0.00    6.42    0.00    0.00   12.84    0.00    0.00    0.00   67.89
10:43:30 PM    1    7.61    0.00    2.17    0.00    0.00    5.43    0.00    0.00    0.00   84.78

10:43:30 PM  CPU    %usr   %nice    %sys %iowait    %irq   %soft  %steal  %guest  %gnice   %idle
10:43:31 PM    0   13.73    0.00    6.86    0.00    0.00    6.86    0.00    0.00    0.00   72.55
10:43:31 PM    1    7.95    0.00    1.14    0.00    0.00    2.27    0.00    0.00    0.00   88.64

10:43:31 PM  CPU    %usr   %nice    %sys %iowait    %irq   %soft  %steal  %guest  %gnice   %idle
10:43:32 PM    0    9.38    0.00    8.33    0.00    0.00    4.17    0.00    0.00    0.00   78.12
10:43:32 PM    1    3.37    0.00    6.74    0.00    0.00    1.12    0.00    0.00    0.00   88.76

10:43:32 PM  CPU    %usr   %nice    %sys %iowait    %irq   %soft  %steal  %guest  %gnice   %idle
10:43:33 PM    0   13.33    0.00    4.76    0.00    0.00   10.48    0.00    0.00    0.00   71.43
10:43:33 PM    1    7.45    0.00    2.13    0.00    0.00    6.38    0.00    0.00    0.00   84.04

10:43:33 PM  CPU    %usr   %nice    %sys %iowait    %irq   %soft  %steal  %guest  %gnice   %idle
10:43:34 PM    0   12.75    0.00    4.90    0.00    0.00    9.80    0.00    0.00    0.00   72.55
10:43:34 PM    1    6.59    0.00    3.30    0.00    0.00    3.30    0.00    0.00    0.00   86.81

10:43:34 PM  CPU    %usr   %nice    %sys %iowait    %irq   %soft  %steal  %guest  %gnice   %idle
10:43:35 PM    0   13.00    0.00    6.00    0.00    0.00    7.00    0.00    0.00    0.00   74.00
10:43:35 PM    1    5.56    0.00    4.44    0.00    0.00    2.22    0.00    0.00    0.00   87.78

10:43:35 PM  CPU    %usr   %nice    %sys %iowait    %irq   %soft  %steal  %guest  %gnice   %idle
10:43:36 PM    0   12.75    0.00    6.86    0.00    0.00    6.86    0.00    0.00    0.00   73.53
10:43:36 PM    1    6.59    0.00    3.30    0.00    0.00    3.30    0.00    0.00    0.00   86.81

10:43:36 PM  CPU    %usr   %nice    %sys %iowait    %irq   %soft  %steal  %guest  %gnice   %idle
10:43:37 PM    0   12.38    0.00    6.67    0.00    0.00   11.43    0.00    0.00    0.00   69.52
10:43:37 PM    1    8.89    0.00    2.22    0.00    0.00    2.22    0.00    0.00    0.00   86.67

10:43:37 PM  CPU    %usr   %nice    %sys %iowait    %irq   %soft  %steal  %guest  %gnice   %idle
10:43:38 PM    0   13.86    0.00    4.95    0.00    0.00    6.93    0.00    0.00    0.00   74.26
10:43:38 PM    1    5.43    0.00    4.35    0.00    0.00    5.43    0.00    0.00    0.00   84.78

10:43:38 PM  CPU    %usr   %nice    %sys %iowait    %irq   %soft  %steal  %guest  %gnice   %idle
10:43:39 PM    0   10.78    0.00    8.82    0.00    0.00    6.86    0.00    0.00    0.00   73.53
10:43:39 PM    1    7.61    0.00    3.26    0.00    0.00    3.26    0.00    0.00    0.00   85.87

10:43:39 PM  CPU    %usr   %nice    %sys %iowait    %irq   %soft  %steal  %guest  %gnice   %idle
10:43:40 PM    0   13.86    0.00    5.94    0.00    0.00    6.93    0.00    0.00    0.00   73.27
10:43:40 PM    1    5.81    0.00    3.49    0.00    0.00    1.16    0.00    0.00    0.00   89.53

10:43:40 PM  CPU    %usr   %nice    %sys %iowait    %irq   %soft  %steal  %guest  %gnice   %idle
10:43:41 PM    0   14.00    0.00    6.00    0.00    0.00    6.00    0.00    0.00    0.00   74.00
10:43:41 PM    1    6.52    0.00    4.35    0.00    0.00    3.26    0.00    0.00    0.00   85.87

10:43:41 PM  CPU    %usr   %nice    %sys %iowait    %irq   %soft  %steal  %guest  %gnice   %idle
10:43:42 PM    0   14.85    0.00    5.94    0.00    0.00    5.94    0.00    0.00    0.00   73.27
10:43:42 PM    1    7.69    0.00    2.20    0.00    0.00    4.40    0.00    0.00    0.00   85.71

10:43:42 PM  CPU    %usr   %nice    %sys %iowait    %irq   %soft  %steal  %guest  %gnice   %idle
10:43:43 PM    0   10.89    0.00    7.92    0.00    0.00    7.92    0.00    0.00    0.00   73.27
10:43:43 PM    1    6.74    0.00    3.37    0.00    0.00    1.12    0.00    0.00    0.00   88.76

10:43:43 PM  CPU    %usr   %nice    %sys %iowait    %irq   %soft  %steal  %guest  %gnice   %idle
10:43:44 PM    0   11.00    0.00    6.00    0.00    0.00    8.00    0.00    0.00    0.00   75.00
10:43:44 PM    1    6.67    0.00    3.33    0.00    0.00    2.22    0.00    0.00    0.00   87.78

10:43:44 PM  CPU    %usr   %nice    %sys %iowait    %irq   %soft  %steal  %guest  %gnice   %idle
10:43:45 PM    0   13.73    0.00    6.86    0.00    0.00    6.86    0.00    0.00    0.00   72.55
10:43:45 PM    1    5.75    0.00    3.45    0.00    0.00    1.15    0.00    0.00    0.00   89.66

10:43:45 PM  CPU    %usr   %nice    %sys %iowait    %irq   %soft  %steal  %guest  %gnice   %idle
10:43:46 PM    0   14.56    0.00    5.83    0.00    0.00    7.77    0.00    0.00    0.00   71.84
10:43:46 PM    1    7.53    0.00    3.23    0.00    0.00    4.30    0.00    0.00    0.00   84.95

10:43:46 PM  CPU    %usr   %nice    %sys %iowait    %irq   %soft  %steal  %guest  %gnice   %idle
10:43:47 PM    0   12.00    0.00    8.00    0.00    0.00    5.00    0.00    0.00    0.00   75.00
10:43:47 PM    1    7.69    0.00    3.30    0.00    0.00    3.30    0.00    0.00    0.00   85.71

10:43:47 PM  CPU    %usr   %nice    %sys %iowait    %irq   %soft  %steal  %guest  %gnice   %idle
10:43:48 PM    0   15.53    0.00    4.85    0.00    0.00    8.74    0.00    0.00    0.00   70.87
10:43:48 PM    1    6.67    0.00    3.33    0.00    0.00    3.33    0.00    0.00    0.00   86.67

10:43:48 PM  CPU    %usr   %nice    %sys %iowait    %irq   %soft  %steal  %guest  %gnice   %idle
10:43:49 PM    0   13.00    0.00    6.00    0.00    0.00    7.00    0.00    0.00    0.00   74.00
10:43:49 PM    1    6.52    0.00    4.35    0.00    0.00    3.26    0.00    0.00    0.00   85.87

10:43:49 PM  CPU    %usr   %nice    %sys %iowait    %irq   %soft  %steal  %guest  %gnice   %idle
10:43:50 PM    0   11.00    0.00    8.00    0.00    0.00    6.00    0.00    0.00    0.00   75.00
10:43:50 PM    1    8.60    0.00    2.15    0.00    0.00    5.38    0.00    0.00    0.00   83.87

10:43:50 PM  CPU    %usr   %nice    %sys %iowait    %irq   %soft  %steal  %guest  %gnice   %idle
10:43:51 PM    0   13.00    0.00    4.00    0.00    0.00    8.00    0.00    0.00    0.00   75.00
10:43:51 PM    1    6.67    0.00    3.33    0.00    0.00    3.33    0.00    0.00    0.00   86.67

10:43:51 PM  CPU    %usr   %nice    %sys %iowait    %irq   %soft  %steal  %guest  %gnice   %idle
10:43:52 PM    0   13.00    0.00    5.00    0.00    0.00    8.00    0.00    0.00    0.00   74.00
10:43:52 PM    1   10.00    0.00    0.00    0.00    0.00    2.22    0.00    0.00    0.00   87.78

10:43:52 PM  CPU    %usr   %nice    %sys %iowait    %irq   %soft  %steal  %guest  %gnice   %idle
10:43:53 PM    0   11.00    0.00    7.00    0.00    0.00    7.00    0.00    0.00    0.00   75.00
10:43:53 PM    1    8.60    0.00    2.15    0.00    0.00    4.30    0.00    0.00    0.00   84.95

10:43:53 PM  CPU    %usr   %nice    %sys %iowait    %irq   %soft  %steal  %guest  %gnice   %idle
10:43:54 PM    0   14.29    0.00    5.71    0.00    0.00    8.57    0.00    0.00    0.00   71.43
10:43:54 PM    1    7.69    0.00    2.20    0.00    0.00    3.30    0.00    0.00    0.00   86.81

10:43:54 PM  CPU    %usr   %nice    %sys %iowait    %irq   %soft  %steal  %guest  %gnice   %idle
10:43:55 PM    0   11.54    0.00    6.73    0.00    0.00    9.62    0.00    0.00    0.00   72.12
10:43:55 PM    1    6.52    0.00    2.17    0.00    0.00    5.43    0.00    0.00    0.00   85.87

10:43:55 PM  CPU    %usr   %nice    %sys %iowait    %irq   %soft  %steal  %guest  %gnice   %idle
10:43:56 PM    0   12.63    0.00    5.26    0.00    0.00    3.16    0.00    0.00    0.00   78.95
10:43:56 PM    1    6.52    0.00    3.26    0.00    0.00    4.35    0.00    0.00    0.00   85.87

10:43:56 PM  CPU    %usr   %nice    %sys %iowait    %irq   %soft  %steal  %guest  %gnice   %idle
10:43:57 PM    0   12.26    0.00    5.66    0.00    0.00   10.38    0.00    0.00    0.00   71.70
10:43:57 PM    1    6.32    0.00    4.21    0.00    0.00    5.26    0.00    0.00    0.00   84.21

10:43:57 PM  CPU    %usr   %nice    %sys %iowait    %irq   %soft  %steal  %guest  %gnice   %idle
10:43:58 PM    0   13.73    0.00    4.90    0.00    0.00    7.84    0.00    0.00    0.00   73.53
10:43:58 PM    1    6.67    0.00    1.11    0.00    0.00    4.44    0.00    0.00    0.00   87.78

10:43:58 PM  CPU    %usr   %nice    %sys %iowait    %irq   %soft  %steal  %guest  %gnice   %idle
10:43:59 PM    0   13.73    0.00    4.90    0.00    0.00    9.80    0.00    0.00    0.00   71.57
10:43:59 PM    1    7.78    0.00    3.33    0.00    0.00    2.22    0.00    0.00    0.00   86.67

10:43:59 PM  CPU    %usr   %nice    %sys %iowait    %irq   %soft  %steal  %guest  %gnice   %idle
10:44:00 PM    0   13.54    0.00    6.25    0.00    0.00    3.12    0.00    0.00    0.00   77.08
10:44:00 PM    1    9.78    0.00    2.17    0.00    0.00    3.26    0.00    0.00    0.00   84.78

10:44:00 PM  CPU    %usr   %nice    %sys %iowait    %irq   %soft  %steal  %guest  %gnice   %idle
10:44:01 PM    0   13.00    0.00    6.00    0.00    0.00    7.00    0.00    0.00    0.00   74.00
10:44:01 PM    1    7.87    0.00    2.25    0.00    0.00    3.37    0.00    0.00    0.00   86.52

10:44:01 PM  CPU    %usr   %nice    %sys %iowait    %irq   %soft  %steal  %guest  %gnice   %idle
10:44:02 PM    0   12.26    0.00    7.55    0.00    0.00    9.43    0.00    0.00    0.00   70.75
10:44:02 PM    1    6.67    0.00    2.22    0.00    0.00    3.33    0.00    0.00    0.00   87.78

10:44:02 PM  CPU    %usr   %nice    %sys %iowait    %irq   %soft  %steal  %guest  %gnice   %idle
10:44:03 PM    0   12.50    0.00    7.69    0.00    0.00    9.62    0.00    0.00    0.00   70.19
10:44:03 PM    1    5.43    0.00    4.35    0.00    0.00    5.43    0.00    0.00    0.00   84.78

10:44:03 PM  CPU    %usr   %nice    %sys %iowait    %irq   %soft  %steal  %guest  %gnice   %idle
10:44:04 PM    0   10.89    0.00    6.93    0.00    0.00    7.92    0.00    0.00    0.00   74.26
10:44:04 PM    1    5.38    0.00    3.23    0.00    0.00    6.45    0.00    0.00    0.00   84.95

10:44:04 PM  CPU    %usr   %nice    %sys %iowait    %irq   %soft  %steal  %guest  %gnice   %idle
10:44:05 PM    0    9.90    0.00    6.93    0.00    0.00    8.91    0.00    0.00    0.00   74.26
10:44:05 PM    1    5.56    0.00    4.44    0.00    0.00    2.22    0.00    0.00    0.00   87.78

10:44:05 PM  CPU    %usr   %nice    %sys %iowait    %irq   %soft  %steal  %guest  %gnice   %idle
10:44:06 PM    0   12.00    0.00    7.00    0.00    0.00    7.00    0.00    0.00    0.00   74.00
10:44:06 PM    1    6.59    0.00    1.10    0.00    0.00    5.49    0.00    0.00    0.00   86.81

10:44:06 PM  CPU    %usr   %nice    %sys %iowait    %irq   %soft  %steal  %guest  %gnice   %idle
10:44:07 PM    0   11.32    0.00    6.60    0.00    0.00   11.32    0.00    0.00    0.00   70.75
10:44:07 PM    1    6.59    0.00    3.30    0.00    0.00    3.30    0.00    0.00    0.00   86.81

10:44:07 PM  CPU    %usr   %nice    %sys %iowait    %irq   %soft  %steal  %guest  %gnice   %idle
10:44:08 PM    0   12.87    0.00    3.96    0.00    0.00    9.90    0.00    0.00    0.00   73.27
10:44:08 PM    1    6.82    0.00    2.27    0.00    0.00    1.14    0.00    0.00    0.00   89.77

10:44:08 PM  CPU    %usr   %nice    %sys %iowait    %irq   %soft  %steal  %guest  %gnice   %idle
10:44:09 PM    0   10.09    0.00    7.34    0.00    0.00   14.68    0.00    0.00    0.00   67.89
10:44:09 PM    1    8.70    0.00    3.26    0.00    0.00    3.26    0.00    0.00    0.00   84.78

10:44:09 PM  CPU    %usr   %nice    %sys %iowait    %irq   %soft  %steal  %guest  %gnice   %idle
10:44:10 PM    0   11.54    0.00    6.73    0.00    0.00    9.62    0.00    0.00    0.00   72.12
10:44:10 PM    1    7.87    0.00    2.25    0.00    0.00    1.12    0.00    0.00    0.00   88.76

10:44:10 PM  CPU    %usr   %nice    %sys %iowait    %irq   %soft  %steal  %guest  %gnice   %idle
10:44:11 PM    0   12.84    0.00    4.59    0.00    0.00   14.68    0.00    0.00    0.00   67.89
10:44:11 PM    1    7.78    0.00    3.33    0.00    0.00    2.22    0.00    0.00    0.00   86.67

10:44:11 PM  CPU    %usr   %nice    %sys %iowait    %irq   %soft  %steal  %guest  %gnice   %idle
10:44:12 PM    0   11.76    0.00    5.88    0.00    0.00    9.80    0.00    0.00    0.00   72.55
10:44:12 PM    1    6.67    0.00    2.22    0.00    0.00    4.44    0.00    0.00    0.00   86.67

10:44:12 PM  CPU    %usr   %nice    %sys %iowait    %irq   %soft  %steal  %guest  %gnice   %idle
10:44:13 PM    0   11.22    0.00    6.12    0.00    0.00    6.12    0.00    0.00    0.00   76.53
10:44:13 PM    1    4.55    0.00    3.41    0.00    0.00    1.14    0.00    0.00    0.00   90.91

10:44:13 PM  CPU    %usr   %nice    %sys %iowait    %irq   %soft  %steal  %guest  %gnice   %idle
10:44:14 PM    0    9.00    0.00   10.00    0.00    0.00    6.00    0.00    0.00    0.00   75.00
10:44:14 PM    1    7.45    0.00    3.19    0.00    0.00    5.32    0.00    0.00    0.00   84.04

10:44:14 PM  CPU    %usr   %nice    %sys %iowait    %irq   %soft  %steal  %guest  %gnice   %idle
10:44:15 PM    0   13.21    0.00    5.66    0.00    0.00   11.32    0.00    0.00    0.00   69.81
10:44:15 PM    1    5.49    0.00    2.20    0.00    0.00    5.49    0.00    0.00    0.00   86.81

10:44:15 PM  CPU    %usr   %nice    %sys %iowait    %irq   %soft  %steal  %guest  %gnice   %idle
10:44:16 PM    0   12.96    0.00    4.63    0.00    0.00   13.89    0.00    0.00    0.00   68.52
10:44:16 PM    1    6.67    0.00    4.44    0.00    0.00    3.33    0.00    0.00    0.00   85.56

10:44:16 PM  CPU    %usr   %nice    %sys %iowait    %irq   %soft  %steal  %guest  %gnice   %idle
10:44:17 PM    0   13.13    0.00    7.07    0.00    0.00    4.04    0.00    0.00    0.00   75.76
10:44:17 PM    1    6.52    0.00    4.35    0.00    0.00    4.35    0.00    0.00    0.00   84.78

10:44:17 PM  CPU    %usr   %nice    %sys %iowait    %irq   %soft  %steal  %guest  %gnice   %idle
10:44:18 PM    0   13.00    0.00    4.00    0.00    0.00    9.00    0.00    0.00    0.00   74.00
10:44:18 PM    1    7.78    0.00    2.22    0.00    0.00    2.22    0.00    0.00    0.00   87.78

10:44:18 PM  CPU    %usr   %nice    %sys %iowait    %irq   %soft  %steal  %guest  %gnice   %idle
10:44:19 PM    0   14.29    0.00    5.71    0.00    0.00    8.57    0.00    0.00    0.00   71.43
10:44:19 PM    1    6.74    0.00    2.25    0.00    0.00    2.25    0.00    0.00    0.00   88.76

10:44:19 PM  CPU    %usr   %nice    %sys %iowait    %irq   %soft  %steal  %guest  %gnice   %idle
10:44:20 PM    0   15.31    0.00    6.12    0.00    0.00    3.06    0.00    0.00    0.00   75.51
10:44:20 PM    1    5.43    0.00    5.43    0.00    0.00    4.35    0.00    0.00    0.00   84.78

10:44:20 PM  CPU    %usr   %nice    %sys %iowait    %irq   %soft  %steal  %guest  %gnice   %idle
10:44:21 PM    0   14.00    0.00    5.00    0.00    0.00    6.00    0.00    0.00    0.00   75.00
10:44:21 PM    1    6.52    0.00    2.17    0.00    0.00    4.35    0.00    0.00    0.00   86.96

10:44:21 PM  CPU    %usr   %nice    %sys %iowait    %irq   %soft  %steal  %guest  %gnice   %idle
10:44:22 PM    0   13.21    0.00    4.72    0.00    0.00   12.26    0.00    0.00    0.00   69.81
10:44:22 PM    1    6.59    0.00    5.49    0.00    0.00    3.30    0.00    0.00    0.00   84.62

10:44:22 PM  CPU    %usr   %nice    %sys %iowait    %irq   %soft  %steal  %guest  %gnice   %idle
10:44:23 PM    0   13.73    0.00    6.86    0.00    0.00    7.84    0.00    0.00    0.00   71.57
10:44:23 PM    1    6.74    0.00    2.25    0.00    0.00    3.37    0.00    0.00    0.00   87.64

10:44:23 PM  CPU    %usr   %nice    %sys %iowait    %irq   %soft  %steal  %guest  %gnice   %idle
10:44:24 PM    0   12.24    0.00    7.14    0.00    0.00    4.08    0.00    0.00    0.00   76.53
10:44:24 PM    1    5.49    0.00    3.30    0.00    0.00    4.40    0.00    0.00    0.00   86.81

10:44:24 PM  CPU    %usr   %nice    %sys %iowait    %irq   %soft  %steal  %guest  %gnice   %idle
10:44:25 PM    0   11.65    0.00    8.74    0.00    0.00    7.77    0.00    0.00    0.00   71.84
10:44:25 PM    1    6.82    0.00    2.27    0.00    0.00    2.27    0.00    0.00    0.00   88.64

10:44:25 PM  CPU    %usr   %nice    %sys %iowait    %irq   %soft  %steal  %guest  %gnice   %idle
10:44:26 PM    0   12.50    0.00    6.73    0.00    0.00   10.58    0.00    0.00    0.00   70.19
10:44:26 PM    1    6.59    0.00    3.30    0.00    0.00    4.40    0.00    0.00    0.00   85.71

10:44:26 PM  CPU    %usr   %nice    %sys %iowait    %irq   %soft  %steal  %guest  %gnice   %idle
10:44:27 PM    0   12.62    0.00    5.83    0.00    0.00    9.71    0.00    0.00    0.00   71.84
10:44:27 PM    1    7.69    0.00    2.20    0.00    0.00    4.40    0.00    0.00    0.00   85.71

10:44:27 PM  CPU    %usr   %nice    %sys %iowait    %irq   %soft  %steal  %guest  %gnice   %idle
10:44:28 PM    0   10.10    0.00    8.08    0.00    0.00    6.06    0.00    0.00    0.00   75.76
10:44:28 PM    1    5.68    0.00    2.27    0.00    0.00    2.27    0.00    0.00    0.00   89.77

10:44:28 PM  CPU    %usr   %nice    %sys %iowait    %irq   %soft  %steal  %guest  %gnice   %idle
10:44:29 PM    0   12.00    0.00    7.00    0.00    0.00    6.00    0.00    0.00    0.00   75.00
10:44:29 PM    1    7.53    0.00    2.15    0.00    0.00    4.30    0.00    0.00    0.00   86.02

10:44:29 PM  CPU    %usr   %nice    %sys %iowait    %irq   %soft  %steal  %guest  %gnice   %idle
10:44:30 PM    0   10.78    0.00    7.84    0.00    0.00    8.82    0.00    0.00    0.00   72.55
10:44:30 PM    1    6.67    0.00    2.22    0.00    0.00    3.33    0.00    0.00    0.00   87.78

10:44:30 PM  CPU    %usr   %nice    %sys %iowait    %irq   %soft  %steal  %guest  %gnice   %idle
10:44:31 PM    0   10.10    0.00    7.07    0.00    0.00    7.07    0.00    0.00    0.00   75.76
10:44:31 PM    1    5.43    0.00    4.35    0.00    0.00    5.43    0.00    0.00    0.00   84.78

10:44:31 PM  CPU    %usr   %nice    %sys %iowait    %irq   %soft  %steal  %guest  %gnice   %idle
10:44:32 PM    0   13.27    0.00    6.12    0.00    0.00    5.10    0.00    0.00    0.00   75.51
10:44:32 PM    1    7.95    0.00    2.27    0.00    0.00    1.14    0.00    0.00    0.00   88.64

10:44:32 PM  CPU    %usr   %nice    %sys %iowait    %irq   %soft  %steal  %guest  %gnice   %idle
10:44:33 PM    0   16.04    0.00    3.77    0.00    0.00   10.38    0.00    0.00    0.00   69.81
10:44:33 PM    1    6.45    0.00    4.30    0.00    0.00    5.38    0.00    0.00    0.00   83.87

10:44:33 PM  CPU    %usr   %nice    %sys %iowait    %irq   %soft  %steal  %guest  %gnice   %idle
10:44:34 PM    0   11.00    0.00    8.00    0.00    0.00    6.00    0.00    0.00    0.00   75.00
10:44:34 PM    1    4.49    0.00    4.49    0.00    0.00    2.25    0.00    0.00    0.00   88.76

10:44:34 PM  CPU    %usr   %nice    %sys %iowait    %irq   %soft  %steal  %guest  %gnice   %idle
10:44:35 PM    0   12.50    0.00    5.77    0.00    0.00    9.62    0.00    0.00    0.00   72.12
10:44:35 PM    1    8.79    0.00    3.30    0.00    0.00    2.20    0.00    0.00    0.00   85.71

10:44:35 PM  CPU    %usr   %nice    %sys %iowait    %irq   %soft  %steal  %guest  %gnice   %idle
10:44:36 PM    0   13.46    0.00    6.73    0.00    0.00    8.65    0.00    0.00    0.00   71.15
10:44:36 PM    1    7.87    0.00    1.12    0.00    0.00    2.25    0.00    0.00    0.00   88.76

10:44:36 PM  CPU    %usr   %nice    %sys %iowait    %irq   %soft  %steal  %guest  %gnice   %idle
10:44:37 PM    0   12.00    0.00    8.00    0.00    0.00    7.00    0.00    0.00    0.00   73.00
10:44:37 PM    1    5.62    0.00    4.49    0.00    0.00    3.37    0.00    0.00    0.00   86.52

10:44:37 PM  CPU    %usr   %nice    %sys %iowait    %irq   %soft  %steal  %guest  %gnice   %idle
10:44:38 PM    0   11.88    0.00    6.93    0.00    0.00    7.92    0.00    0.00    0.00   73.27
10:44:38 PM    1    5.43    0.00    4.35    0.00    0.00    4.35    0.00    0.00    0.00   85.87

10:44:38 PM  CPU    %usr   %nice    %sys %iowait    %irq   %soft  %steal  %guest  %gnice   %idle
10:44:39 PM    0   11.88    0.00    7.92    0.00    0.00    6.93    0.00    0.00    0.00   73.27
10:44:39 PM    1    4.55    0.00    4.55    0.00    0.00    2.27    0.00    0.00    0.00   88.64

10:44:39 PM  CPU    %usr   %nice    %sys %iowait    %irq   %soft  %steal  %guest  %gnice   %idle
10:44:40 PM    0   16.16    0.00    5.05    0.00    0.00    5.05    0.00    0.00    0.00   73.74
10:44:40 PM    1    5.43    0.00    4.35    0.00    0.00    5.43    0.00    0.00    0.00   84.78

Average:     CPU    %usr   %nice    %sys %iowait    %irq   %soft  %steal  %guest  %gnice   %idle
Average:       0   12.65    0.00    6.20    0.00    0.00    8.53    0.00    0.00    0.00   72.61
Average:       1    6.88    0.00    3.07    0.00    0.00    3.40    0.00    0.00    0.00   86.65
