Linux 5.3.0-59-generic (ericmei) 	06/29/2020 	_x86_64_	(12 CPU)

07:28:59 PM  CPU    %usr   %nice    %sys %iowait    %irq   %soft  %steal  %guest  %gnice   %idle
07:29:00 PM    0   32.61    0.00   19.57    0.00    0.00    9.78    0.00    0.00    0.00   38.04
07:29:00 PM    1   27.16    0.00    7.41    0.00    0.00    3.70    0.00    0.00    0.00   61.73

07:29:00 PM  CPU    %usr   %nice    %sys %iowait    %irq   %soft  %steal  %guest  %gnice   %idle
07:29:01 PM    0   33.33    0.00   20.83    0.00    0.00    9.38    0.00    0.00    0.00   36.46
07:29:01 PM    1   28.57    0.00    9.52    0.00    0.00    2.38    0.00    0.00    0.00   59.52

07:29:01 PM  CPU    %usr   %nice    %sys %iowait    %irq   %soft  %steal  %guest  %gnice   %idle
07:29:02 PM    0   38.30    0.00   17.02    0.00    0.00    7.45    0.00    0.00    0.00   37.23
07:29:02 PM    1   28.57    0.00    8.33    0.00    0.00    2.38    0.00    0.00    0.00   60.71

07:29:02 PM  CPU    %usr   %nice    %sys %iowait    %irq   %soft  %steal  %guest  %gnice   %idle
07:29:03 PM    0   33.67    0.00   21.43    0.00    0.00    8.16    0.00    0.00    0.00   36.73
07:29:03 PM    1   24.69    0.00   11.11    0.00    0.00    2.47    0.00    0.00    0.00   61.73

07:29:03 PM  CPU    %usr   %nice    %sys %iowait    %irq   %soft  %steal  %guest  %gnice   %idle
07:29:04 PM    0   39.78    0.00   15.05    0.00    0.00    5.38    0.00    0.00    0.00   39.78
07:29:04 PM    1   19.51    0.00   13.41    0.00    0.00    2.44    0.00    0.00    0.00   64.63

07:29:04 PM  CPU    %usr   %nice    %sys %iowait    %irq   %soft  %steal  %guest  %gnice   %idle
07:29:05 PM    0   37.63    0.00   15.05    0.00    0.00    8.60    0.00    0.00    0.00   38.71
07:29:05 PM    1   26.19    0.00    9.52    0.00    0.00    3.57    0.00    0.00    0.00   60.71

07:29:05 PM  CPU    %usr   %nice    %sys %iowait    %irq   %soft  %steal  %guest  %gnice   %idle
07:29:06 PM    0   35.79    0.00   21.05    0.00    0.00    6.32    0.00    0.00    0.00   36.84
07:29:06 PM    1   28.41    0.00    7.95    0.00    0.00    5.68    0.00    0.00    0.00   57.95

07:29:06 PM  CPU    %usr   %nice    %sys %iowait    %irq   %soft  %steal  %guest  %gnice   %idle
07:29:07 PM    0   32.98    0.00   20.21    0.00    0.00    8.51    0.00    0.00    0.00   38.30
07:29:07 PM    1   25.30    0.00    9.64    0.00    0.00    3.61    0.00    0.00    0.00   61.45

07:29:07 PM  CPU    %usr   %nice    %sys %iowait    %irq   %soft  %steal  %guest  %gnice   %idle
07:29:08 PM    0   32.29    0.00   20.83    0.00    0.00    8.33    0.00    0.00    0.00   38.54
07:29:08 PM    1   26.19    0.00    9.52    0.00    0.00    2.38    0.00    0.00    0.00   61.90

07:29:08 PM  CPU    %usr   %nice    %sys %iowait    %irq   %soft  %steal  %guest  %gnice   %idle
07:29:09 PM    0   31.18    0.00   23.66    0.00    0.00    6.45    0.00    0.00    0.00   38.71
07:29:09 PM    1   22.22    0.00   11.11    0.00    0.00    3.70    0.00    0.00    0.00   62.96

07:29:09 PM  CPU    %usr   %nice    %sys %iowait    %irq   %soft  %steal  %guest  %gnice   %idle
07:29:10 PM    0   31.87    0.00   24.18    0.00    0.00    5.49    0.00    0.00    0.00   38.46
07:29:10 PM    1   24.39    0.00   10.98    0.00    0.00    2.44    0.00    0.00    0.00   62.20

07:29:10 PM  CPU    %usr   %nice    %sys %iowait    %irq   %soft  %steal  %guest  %gnice   %idle
07:29:11 PM    0   34.41    0.00   17.20    0.00    0.00    9.68    0.00    0.00    0.00   38.71
07:29:11 PM    1   22.22    0.00   12.35    0.00    0.00    2.47    0.00    0.00    0.00   62.96

07:29:11 PM  CPU    %usr   %nice    %sys %iowait    %irq   %soft  %steal  %guest  %gnice   %idle
07:29:12 PM    0   37.36    0.00   18.68    0.00    0.00    3.30    0.00    0.00    0.00   40.66
07:29:12 PM    1   26.51    0.00    8.43    0.00    0.00    2.41    0.00    0.00    0.00   62.65

07:29:12 PM  CPU    %usr   %nice    %sys %iowait    %irq   %soft  %steal  %guest  %gnice   %idle
07:29:13 PM    0   36.96    0.00   16.30    0.00    0.00    7.61    0.00    0.00    0.00   39.13
07:29:13 PM    1   25.00    0.00   10.71    0.00    0.00    3.57    0.00    0.00    0.00   60.71

07:29:13 PM  CPU    %usr   %nice    %sys %iowait    %irq   %soft  %steal  %guest  %gnice   %idle
07:29:14 PM    0   36.96    0.00   18.48    0.00    0.00    6.52    0.00    0.00    0.00   38.04
07:29:14 PM    1   26.51    0.00    9.64    0.00    0.00    2.41    0.00    0.00    0.00   61.45

07:29:14 PM  CPU    %usr   %nice    %sys %iowait    %irq   %soft  %steal  %guest  %gnice   %idle
07:29:15 PM    0   30.00    0.00   18.89    0.00    0.00   10.00    0.00    0.00    0.00   41.11
07:29:15 PM    1   24.10    0.00    9.64    0.00    0.00    4.82    0.00    0.00    0.00   61.45

07:29:15 PM  CPU    %usr   %nice    %sys %iowait    %irq   %soft  %steal  %guest  %gnice   %idle
07:29:16 PM    0   38.04    0.00   19.57    0.00    0.00    3.26    0.00    0.00    0.00   39.13
07:29:16 PM    1   27.71    0.00    8.43    0.00    0.00    2.41    0.00    0.00    0.00   61.45

07:29:16 PM  CPU    %usr   %nice    %sys %iowait    %irq   %soft  %steal  %guest  %gnice   %idle
07:29:17 PM    0   33.33    0.00   20.00    0.00    0.00    6.67    0.00    0.00    0.00   40.00
07:29:17 PM    1   28.05    0.00    7.32    0.00    0.00    2.44    0.00    0.00    0.00   62.20

07:29:17 PM  CPU    %usr   %nice    %sys %iowait    %irq   %soft  %steal  %guest  %gnice   %idle
07:29:18 PM    0   32.98    0.00   20.21    0.00    0.00    8.51    0.00    0.00    0.00   38.30
07:29:18 PM    1   27.91    0.00    9.30    0.00    0.00    3.49    0.00    0.00    0.00   59.30

07:29:18 PM  CPU    %usr   %nice    %sys %iowait    %irq   %soft  %steal  %guest  %gnice   %idle
07:29:19 PM    0   36.96    0.00   18.48    0.00    0.00    6.52    0.00    0.00    0.00   38.04
07:29:19 PM    1   25.00    0.00   11.90    0.00    0.00    2.38    0.00    0.00    0.00   60.71

07:29:19 PM  CPU    %usr   %nice    %sys %iowait    %irq   %soft  %steal  %guest  %gnice   %idle
07:29:20 PM    0   31.58    0.00   24.21    0.00    0.00    6.32    0.00    0.00    0.00   37.89
07:29:20 PM    1   26.83    0.00    8.54    0.00    0.00    2.44    0.00    0.00    0.00   62.20

07:29:20 PM  CPU    %usr   %nice    %sys %iowait    %irq   %soft  %steal  %guest  %gnice   %idle
07:29:21 PM    0   39.58    0.00   17.71    0.00    0.00    5.21    0.00    0.00    0.00   37.50
07:29:21 PM    1   25.88    0.00    9.41    0.00    0.00    3.53    0.00    0.00    0.00   61.18

07:29:21 PM  CPU    %usr   %nice    %sys %iowait    %irq   %soft  %steal  %guest  %gnice   %idle
07:29:22 PM    0   38.30    0.00   15.96    0.00    0.00    7.45    0.00    0.00    0.00   38.30
07:29:22 PM    1   29.76    0.00    7.14    0.00    0.00    1.19    0.00    0.00    0.00   61.90

07:29:22 PM  CPU    %usr   %nice    %sys %iowait    %irq   %soft  %steal  %guest  %gnice   %idle
07:29:23 PM    0   36.56    0.00   18.28    0.00    0.00    6.45    0.00    0.00    0.00   38.71
07:29:23 PM    1   24.69    0.00    7.41    0.00    0.00    3.70    0.00    0.00    0.00   64.20

07:29:23 PM  CPU    %usr   %nice    %sys %iowait    %irq   %soft  %steal  %guest  %gnice   %idle
07:29:24 PM    0   38.46    0.00   16.48    0.00    0.00    4.40    0.00    0.00    0.00   40.66
07:29:24 PM    1   27.06    0.00    8.24    0.00    0.00    4.71    0.00    0.00    0.00   60.00

07:29:24 PM  CPU    %usr   %nice    %sys %iowait    %irq   %soft  %steal  %guest  %gnice   %idle
07:29:25 PM    0   30.85    0.00   22.34    0.00    0.00    8.51    0.00    0.00    0.00   38.30
07:29:25 PM    1   25.30    0.00   12.05    0.00    0.00    1.20    0.00    0.00    0.00   61.45

07:29:25 PM  CPU    %usr   %nice    %sys %iowait    %irq   %soft  %steal  %guest  %gnice   %idle
07:29:26 PM    0   38.04    0.00   17.39    0.00    0.00    5.43    0.00    0.00    0.00   39.13
07:29:26 PM    1   26.83    0.00    8.54    0.00    0.00    1.22    0.00    0.00    0.00   63.41

07:29:26 PM  CPU    %usr   %nice    %sys %iowait    %irq   %soft  %steal  %guest  %gnice   %idle
07:29:27 PM    0   30.11    0.00   24.73    0.00    0.00    6.45    0.00    0.00    0.00   38.71
07:29:27 PM    1   24.39    0.00    9.76    0.00    0.00    3.66    0.00    0.00    0.00   62.20

07:29:27 PM  CPU    %usr   %nice    %sys %iowait    %irq   %soft  %steal  %guest  %gnice   %idle
07:29:28 PM    0   39.36    0.00   14.89    0.00    0.00    7.45    0.00    0.00    0.00   38.30
07:29:28 PM    1   25.30    0.00    9.64    0.00    0.00    2.41    0.00    0.00    0.00   62.65

07:29:28 PM  CPU    %usr   %nice    %sys %iowait    %irq   %soft  %steal  %guest  %gnice   %idle
07:29:29 PM    0   35.87    0.00   18.48    0.00    0.00    5.43    0.00    0.00    0.00   40.22
07:29:29 PM    1   23.81    0.00   10.71    0.00    0.00    3.57    0.00    0.00    0.00   61.90

07:29:29 PM  CPU    %usr   %nice    %sys %iowait    %irq   %soft  %steal  %guest  %gnice   %idle
07:29:30 PM    0   37.23    0.00   17.02    0.00    0.00    7.45    0.00    0.00    0.00   38.30
07:29:30 PM    1   29.63    0.00    4.94    0.00    0.00    2.47    0.00    0.00    0.00   62.96

07:29:30 PM  CPU    %usr   %nice    %sys %iowait    %irq   %soft  %steal  %guest  %gnice   %idle
07:29:31 PM    0   33.70    0.00   17.39    0.00    0.00    8.70    0.00    0.00    0.00   40.22
07:29:31 PM    1   24.39    0.00    8.54    0.00    0.00    3.66    0.00    0.00    0.00   63.41

07:29:31 PM  CPU    %usr   %nice    %sys %iowait    %irq   %soft  %steal  %guest  %gnice   %idle
07:29:32 PM    0   33.70    0.00   20.65    0.00    0.00    6.52    0.00    0.00    0.00   39.13
07:29:32 PM    1   24.71    0.00   11.76    0.00    0.00    2.35    0.00    0.00    0.00   61.18

07:29:32 PM  CPU    %usr   %nice    %sys %iowait    %irq   %soft  %steal  %guest  %gnice   %idle
07:29:33 PM    0   34.04    0.00   20.21    0.00    0.00    6.38    0.00    0.00    0.00   39.36
07:29:33 PM    1   28.92    0.00    4.82    0.00    0.00    3.61    0.00    0.00    0.00   62.65

07:29:33 PM  CPU    %usr   %nice    %sys %iowait    %irq   %soft  %steal  %guest  %gnice   %idle
07:29:34 PM    0   34.07    0.00   19.78    0.00    0.00    6.59    0.00    0.00    0.00   39.56
07:29:34 PM    1   24.69    0.00   11.11    0.00    0.00    1.23    0.00    0.00    0.00   62.96

07:29:34 PM  CPU    %usr   %nice    %sys %iowait    %irq   %soft  %steal  %guest  %gnice   %idle
07:29:35 PM    0   38.20    0.00   15.73    0.00    0.00    5.62    0.00    0.00    0.00   40.45
07:29:35 PM    1   27.38    0.00    8.33    0.00    0.00    4.76    0.00    0.00    0.00   59.52

07:29:35 PM  CPU    %usr   %nice    %sys %iowait    %irq   %soft  %steal  %guest  %gnice   %idle
07:29:36 PM    0   34.38    0.00   19.79    0.00    0.00    7.29    0.00    0.00    0.00   38.54
07:29:36 PM    1   26.19    0.00    8.33    0.00    0.00    3.57    0.00    0.00    0.00   61.90

07:29:36 PM  CPU    %usr   %nice    %sys %iowait    %irq   %soft  %steal  %guest  %gnice   %idle
07:29:37 PM    0   35.16    0.00   20.88    0.00    0.00    4.40    0.00    0.00    0.00   39.56
07:29:37 PM    1   23.81    0.00   11.90    0.00    0.00    3.57    0.00    0.00    0.00   60.71

07:29:37 PM  CPU    %usr   %nice    %sys %iowait    %irq   %soft  %steal  %guest  %gnice   %idle
07:29:38 PM    0   37.63    0.00   17.20    0.00    0.00    4.30    0.00    0.00    0.00   40.86
07:29:38 PM    1   25.61    0.00    8.54    0.00    0.00    1.22    0.00    0.00    0.00   64.63

07:29:38 PM  CPU    %usr   %nice    %sys %iowait    %irq   %soft  %steal  %guest  %gnice   %idle
07:29:39 PM    0   31.87    0.00   16.48    0.00    0.00   10.99    0.00    0.00    0.00   40.66
07:29:39 PM    1   27.71    0.00    8.43    0.00    0.00    2.41    0.00    0.00    0.00   61.45

07:29:39 PM  CPU    %usr   %nice    %sys %iowait    %irq   %soft  %steal  %guest  %gnice   %idle
07:29:40 PM    0   38.37    0.00   13.95    0.00    0.00    6.98    0.00    0.00    0.00   40.70
07:29:40 PM    1   26.83    0.00    9.76    0.00    0.00    1.22    0.00    0.00    0.00   62.20

07:29:40 PM  CPU    %usr   %nice    %sys %iowait    %irq   %soft  %steal  %guest  %gnice   %idle
07:29:41 PM    0   33.33    0.00   18.28    0.00    0.00    8.60    0.00    0.00    0.00   39.78
07:29:41 PM    1   21.43    0.00   11.90    0.00    0.00    3.57    0.00    0.00    0.00   63.10

07:29:41 PM  CPU    %usr   %nice    %sys %iowait    %irq   %soft  %steal  %guest  %gnice   %idle
07:29:42 PM    0   35.16    0.00   18.68    0.00    0.00    6.59    0.00    0.00    0.00   39.56
07:29:42 PM    1   28.05    0.00    9.76    0.00    0.00    1.22    0.00    0.00    0.00   60.98

07:29:42 PM  CPU    %usr   %nice    %sys %iowait    %irq   %soft  %steal  %guest  %gnice   %idle
07:29:43 PM    0   36.17    0.00   18.09    0.00    0.00    6.38    0.00    0.00    0.00   39.36
07:29:43 PM    1   20.73    0.00   12.20    0.00    0.00    3.66    0.00    0.00    0.00   63.41

07:29:43 PM  CPU    %usr   %nice    %sys %iowait    %irq   %soft  %steal  %guest  %gnice   %idle
07:29:44 PM    0   36.36    0.00   15.91    0.00    0.00    7.95    0.00    0.00    0.00   39.77
07:29:44 PM    1   27.38    0.00    8.33    0.00    0.00    3.57    0.00    0.00    0.00   60.71

07:29:44 PM  CPU    %usr   %nice    %sys %iowait    %irq   %soft  %steal  %guest  %gnice   %idle
07:29:45 PM    0   38.04    0.00   17.39    0.00    0.00    5.43    0.00    0.00    0.00   39.13
07:29:45 PM    1   26.51    0.00    8.43    0.00    0.00    3.61    0.00    0.00    0.00   61.45

07:29:45 PM  CPU    %usr   %nice    %sys %iowait    %irq   %soft  %steal  %guest  %gnice   %idle
07:29:46 PM    0   33.70    0.00   21.74    0.00    0.00    6.52    0.00    0.00    0.00   38.04
07:29:46 PM    1   25.30    0.00    9.64    0.00    0.00    3.61    0.00    0.00    0.00   61.45

07:29:46 PM  CPU    %usr   %nice    %sys %iowait    %irq   %soft  %steal  %guest  %gnice   %idle
07:29:47 PM    0   37.89    0.00   14.74    0.00    0.00    7.37    0.00    0.00    0.00   40.00
07:29:47 PM    1   25.00    0.00   11.90    0.00    0.00    2.38    0.00    0.00    0.00   60.71

07:29:47 PM  CPU    %usr   %nice    %sys %iowait    %irq   %soft  %steal  %guest  %gnice   %idle
07:29:48 PM    0   30.85    0.00   21.28    0.00    0.00    9.57    0.00    0.00    0.00   38.30
07:29:48 PM    1   27.16    0.00    8.64    0.00    0.00    1.23    0.00    0.00    0.00   62.96

07:29:48 PM  CPU    %usr   %nice    %sys %iowait    %irq   %soft  %steal  %guest  %gnice   %idle
07:29:49 PM    0   33.70    0.00   19.57    0.00    0.00    9.78    0.00    0.00    0.00   36.96
07:29:49 PM    1   26.19    0.00   11.90    0.00    0.00    1.19    0.00    0.00    0.00   60.71

07:29:49 PM  CPU    %usr   %nice    %sys %iowait    %irq   %soft  %steal  %guest  %gnice   %idle
07:29:50 PM    0   30.11    0.00   20.43    0.00    0.00    9.68    0.00    0.00    0.00   39.78
07:29:50 PM    1   25.00    0.00   10.00    0.00    0.00    1.25    0.00    0.00    0.00   63.75

07:29:50 PM  CPU    %usr   %nice    %sys %iowait    %irq   %soft  %steal  %guest  %gnice   %idle
07:29:51 PM    0   36.67    0.00   17.78    0.00    0.00    6.67    0.00    0.00    0.00   38.89
07:29:51 PM    1   25.88    0.00   11.76    0.00    0.00    2.35    0.00    0.00    0.00   60.00

07:29:51 PM  CPU    %usr   %nice    %sys %iowait    %irq   %soft  %steal  %guest  %gnice   %idle
07:29:52 PM    0   33.33    0.00   17.78    0.00    0.00    8.89    0.00    0.00    0.00   40.00
07:29:52 PM    1   25.30    0.00    8.43    0.00    0.00    2.41    0.00    0.00    0.00   63.86

07:29:52 PM  CPU    %usr   %nice    %sys %iowait    %irq   %soft  %steal  %guest  %gnice   %idle
07:29:53 PM    0   32.61    0.00   20.65    0.00    0.00    7.61    0.00    0.00    0.00   39.13
07:29:53 PM    1   25.61    0.00   10.98    0.00    0.00    1.22    0.00    0.00    0.00   62.20

07:29:53 PM  CPU    %usr   %nice    %sys %iowait    %irq   %soft  %steal  %guest  %gnice   %idle
07:29:54 PM    0   36.84    0.00   16.84    0.00    0.00    8.42    0.00    0.00    0.00   37.89
07:29:54 PM    1   29.41    0.00    9.41    0.00    0.00    2.35    0.00    0.00    0.00   58.82

07:29:54 PM  CPU    %usr   %nice    %sys %iowait    %irq   %soft  %steal  %guest  %gnice   %idle
07:29:55 PM    0   34.41    0.00   16.13    0.00    0.00    7.53    0.00    0.00    0.00   41.94
07:29:55 PM    1   26.51    0.00    8.43    0.00    0.00    1.20    0.00    0.00    0.00   63.86

07:29:55 PM  CPU    %usr   %nice    %sys %iowait    %irq   %soft  %steal  %guest  %gnice   %idle
07:29:56 PM    0   36.56    0.00   19.35    0.00    0.00    6.45    0.00    0.00    0.00   37.63
07:29:56 PM    1   24.39    0.00    9.76    0.00    0.00    3.66    0.00    0.00    0.00   62.20

07:29:56 PM  CPU    %usr   %nice    %sys %iowait    %irq   %soft  %steal  %guest  %gnice   %idle
07:29:57 PM    0   34.07    0.00   19.78    0.00    0.00    6.59    0.00    0.00    0.00   39.56
07:29:57 PM    1   24.10    0.00   10.84    0.00    0.00    3.61    0.00    0.00    0.00   61.45

07:29:57 PM  CPU    %usr   %nice    %sys %iowait    %irq   %soft  %steal  %guest  %gnice   %idle
07:29:58 PM    0   32.22    0.00   18.89    0.00    0.00    7.78    0.00    0.00    0.00   41.11
07:29:58 PM    1   27.38    0.00    7.14    0.00    0.00    3.57    0.00    0.00    0.00   61.90

07:29:58 PM  CPU    %usr   %nice    %sys %iowait    %irq   %soft  %steal  %guest  %gnice   %idle
07:29:59 PM    0   35.05    0.00   20.62    0.00    0.00    7.22    0.00    0.00    0.00   37.11
07:29:59 PM    1   25.93    0.00    9.88    0.00    0.00    2.47    0.00    0.00    0.00   61.73

07:29:59 PM  CPU    %usr   %nice    %sys %iowait    %irq   %soft  %steal  %guest  %gnice   %idle
07:30:00 PM    0   33.33    0.00   20.00    0.00    0.00    6.67    0.00    0.00    0.00   40.00
07:30:00 PM    1   24.69    0.00    8.64    0.00    0.00    2.47    0.00    0.00    0.00   64.20

07:30:00 PM  CPU    %usr   %nice    %sys %iowait    %irq   %soft  %steal  %guest  %gnice   %idle
07:30:01 PM    0   32.98    0.00   19.15    0.00    0.00   10.64    0.00    0.00    0.00   37.23
07:30:01 PM    1   26.25    0.00   10.00    0.00    0.00    1.25    0.00    0.00    0.00   62.50

07:30:01 PM  CPU    %usr   %nice    %sys %iowait    %irq   %soft  %steal  %guest  %gnice   %idle
07:30:02 PM    0   35.11    0.00   18.09    0.00    0.00    8.51    0.00    0.00    0.00   38.30
07:30:02 PM    1   26.51    0.00   10.84    0.00    0.00    1.20    0.00    0.00    0.00   61.45

07:30:02 PM  CPU    %usr   %nice    %sys %iowait    %irq   %soft  %steal  %guest  %gnice   %idle
07:30:03 PM    0   39.13    0.00   18.48    0.00    0.00    4.35    0.00    0.00    0.00   38.04
07:30:03 PM    1   25.61    0.00    9.76    0.00    0.00    3.66    0.00    0.00    0.00   60.98

07:30:03 PM  CPU    %usr   %nice    %sys %iowait    %irq   %soft  %steal  %guest  %gnice   %idle
07:30:04 PM    0   33.68    0.00   17.89    4.21    0.00   10.53    0.00    0.00    0.00   33.68
07:30:04 PM    1   28.92    0.00    8.43    0.00    0.00    1.20    0.00    0.00    0.00   61.45

07:30:04 PM  CPU    %usr   %nice    %sys %iowait    %irq   %soft  %steal  %guest  %gnice   %idle
07:30:05 PM    0   33.68    0.00   21.05    0.00    0.00    6.32    0.00    0.00    0.00   38.95
07:30:05 PM    1   24.10    0.00   10.84    0.00    0.00    2.41    0.00    0.00    0.00   62.65

07:30:05 PM  CPU    %usr   %nice    %sys %iowait    %irq   %soft  %steal  %guest  %gnice   %idle
07:30:06 PM    0   29.67    0.00   20.88    0.00    0.00    9.89    0.00    0.00    0.00   39.56
07:30:06 PM    1   22.89    0.00   13.25    0.00    0.00    2.41    0.00    0.00    0.00   61.45

07:30:06 PM  CPU    %usr   %nice    %sys %iowait    %irq   %soft  %steal  %guest  %gnice   %idle
07:30:07 PM    0   34.04    0.00   20.21    0.00    0.00    7.45    0.00    0.00    0.00   38.30
07:30:07 PM    1   25.00    0.00    9.52    0.00    0.00    3.57    0.00    0.00    0.00   61.90

07:30:07 PM  CPU    %usr   %nice    %sys %iowait    %irq   %soft  %steal  %guest  %gnice   %idle
07:30:08 PM    0   37.23    0.00   18.09    0.00    0.00    8.51    0.00    0.00    0.00   36.17
07:30:08 PM    1   28.75    0.00    8.75    0.00    0.00    0.00    0.00    0.00    0.00   62.50

07:30:08 PM  CPU    %usr   %nice    %sys %iowait    %irq   %soft  %steal  %guest  %gnice   %idle
07:30:09 PM    0   36.26    0.00   20.88    0.00    0.00    6.59    0.00    0.00    0.00   36.26
07:30:09 PM    1   30.12    0.00    7.23    0.00    0.00    1.20    0.00    0.00    0.00   61.45

07:30:09 PM  CPU    %usr   %nice    %sys %iowait    %irq   %soft  %steal  %guest  %gnice   %idle
07:30:10 PM    0   34.74    0.00   23.16    0.00    0.00    6.32    0.00    0.00    0.00   35.79
07:30:10 PM    1   24.10    0.00    9.64    0.00    0.00    3.61    0.00    0.00    0.00   62.65

07:30:10 PM  CPU    %usr   %nice    %sys %iowait    %irq   %soft  %steal  %guest  %gnice   %idle
07:30:11 PM    0   33.70    0.00   21.74    0.00    0.00    7.61    0.00    0.00    0.00   36.96
07:30:11 PM    1   25.30    0.00   13.25    0.00    0.00    1.20    0.00    0.00    0.00   60.24

07:30:11 PM  CPU    %usr   %nice    %sys %iowait    %irq   %soft  %steal  %guest  %gnice   %idle
07:30:12 PM    0   36.84    0.00   17.89    0.00    0.00    7.37    0.00    0.00    0.00   37.89
07:30:12 PM    1   25.00    0.00   10.71    0.00    0.00    2.38    0.00    0.00    0.00   61.90

07:30:12 PM  CPU    %usr   %nice    %sys %iowait    %irq   %soft  %steal  %guest  %gnice   %idle
07:30:13 PM    0   35.48    0.00   18.28    0.00    0.00    8.60    0.00    0.00    0.00   37.63
07:30:13 PM    1   28.05    0.00    8.54    0.00    0.00    3.66    0.00    0.00    0.00   59.76

07:30:13 PM  CPU    %usr   %nice    %sys %iowait    %irq   %soft  %steal  %guest  %gnice   %idle
07:30:14 PM    0   35.05    0.00   17.53    0.00    0.00   10.31    0.00    0.00    0.00   37.11
07:30:14 PM    1   27.71    0.00    8.43    0.00    0.00    3.61    0.00    0.00    0.00   60.24

07:30:14 PM  CPU    %usr   %nice    %sys %iowait    %irq   %soft  %steal  %guest  %gnice   %idle
07:30:15 PM    0   36.17    0.00   20.21    0.00    0.00    4.26    0.00    0.00    0.00   39.36
07:30:15 PM    1   23.46    0.00   11.11    0.00    0.00    1.23    0.00    0.00    0.00   64.20

07:30:15 PM  CPU    %usr   %nice    %sys %iowait    %irq   %soft  %steal  %guest  %gnice   %idle
07:30:16 PM    0   37.63    0.00   17.20    0.00    0.00    7.53    0.00    0.00    0.00   37.63
07:30:16 PM    1   25.30    0.00   10.84    0.00    0.00    3.61    0.00    0.00    0.00   60.24

07:30:16 PM  CPU    %usr   %nice    %sys %iowait    %irq   %soft  %steal  %guest  %gnice   %idle
07:30:17 PM    0   36.56    0.00   18.28    0.00    0.00    7.53    0.00    0.00    0.00   37.63
07:30:17 PM    1   25.30    0.00    9.64    0.00    0.00    2.41    0.00    0.00    0.00   62.65

07:30:17 PM  CPU    %usr   %nice    %sys %iowait    %irq   %soft  %steal  %guest  %gnice   %idle
07:30:18 PM    0   36.26    0.00   17.58    0.00    0.00    6.59    0.00    0.00    0.00   39.56
07:30:18 PM    1   23.81    0.00   11.90    0.00    0.00    3.57    0.00    0.00    0.00   60.71

07:30:18 PM  CPU    %usr   %nice    %sys %iowait    %irq   %soft  %steal  %guest  %gnice   %idle
07:30:19 PM    0   37.36    0.00   15.38    0.00    0.00    6.59    0.00    0.00    0.00   40.66
07:30:19 PM    1   25.32    0.00    8.86    0.00    0.00    0.00    0.00    0.00    0.00   65.82

07:30:19 PM  CPU    %usr   %nice    %sys %iowait    %irq   %soft  %steal  %guest  %gnice   %idle
07:30:20 PM    0   37.63    0.00   17.20    0.00    0.00    6.45    0.00    0.00    0.00   38.71
07:30:20 PM    1   22.89    0.00   13.25    0.00    0.00    3.61    0.00    0.00    0.00   60.24

07:30:20 PM  CPU    %usr   %nice    %sys %iowait    %irq   %soft  %steal  %guest  %gnice   %idle
07:30:21 PM    0   34.09    0.00   17.05    0.00    0.00    6.82    0.00    0.00    0.00   42.05
07:30:21 PM    1   22.62    0.00   13.10    0.00    0.00    2.38    0.00    0.00    0.00   61.90

07:30:21 PM  CPU    %usr   %nice    %sys %iowait    %irq   %soft  %steal  %guest  %gnice   %idle
07:30:22 PM    0   33.70    0.00   21.74    0.00    0.00    5.43    0.00    0.00    0.00   39.13
07:30:22 PM    1   23.46    0.00    9.88    0.00    0.00    3.70    0.00    0.00    0.00   62.96

07:30:22 PM  CPU    %usr   %nice    %sys %iowait    %irq   %soft  %steal  %guest  %gnice   %idle
07:30:23 PM    0   35.11    0.00   17.02    0.00    0.00    8.51    0.00    0.00    0.00   39.36
07:30:23 PM    1   23.46    0.00    7.41    0.00    0.00    3.70    0.00    0.00    0.00   65.43

07:30:23 PM  CPU    %usr   %nice    %sys %iowait    %irq   %soft  %steal  %guest  %gnice   %idle
07:30:24 PM    0   37.89    0.00   17.89    0.00    0.00    7.37    0.00    0.00    0.00   36.84
07:30:24 PM    1   26.51    0.00   10.84    0.00    0.00    1.20    0.00    0.00    0.00   61.45

07:30:24 PM  CPU    %usr   %nice    %sys %iowait    %irq   %soft  %steal  %guest  %gnice   %idle
07:30:25 PM    0   32.98    0.00   19.15    0.00    0.00    8.51    0.00    0.00    0.00   39.36
07:30:25 PM    1   25.93    0.00    9.88    0.00    0.00    2.47    0.00    0.00    0.00   61.73

07:30:25 PM  CPU    %usr   %nice    %sys %iowait    %irq   %soft  %steal  %guest  %gnice   %idle
07:30:26 PM    0   33.33    0.00   18.28    0.00    0.00    9.68    0.00    0.00    0.00   38.71
07:30:26 PM    1   25.30    0.00    9.64    0.00    0.00    2.41    0.00    0.00    0.00   62.65

07:30:26 PM  CPU    %usr   %nice    %sys %iowait    %irq   %soft  %steal  %guest  %gnice   %idle
07:30:27 PM    0   38.04    0.00   21.74    0.00    0.00    3.26    0.00    0.00    0.00   36.96
07:30:27 PM    1   21.95    0.00   15.85    0.00    0.00    2.44    0.00    0.00    0.00   59.76

07:30:27 PM  CPU    %usr   %nice    %sys %iowait    %irq   %soft  %steal  %guest  %gnice   %idle
07:30:28 PM    0   32.61    0.00   22.83    0.00    0.00    5.43    0.00    0.00    0.00   39.13
07:30:28 PM    1   27.71    0.00    9.64    0.00    0.00    2.41    0.00    0.00    0.00   60.24

07:30:28 PM  CPU    %usr   %nice    %sys %iowait    %irq   %soft  %steal  %guest  %gnice   %idle
07:30:29 PM    0   38.95    0.00   20.00    0.00    0.00    4.21    0.00    0.00    0.00   36.84
07:30:29 PM    1   23.81    0.00   13.10    0.00    0.00    2.38    0.00    0.00    0.00   60.71

07:30:29 PM  CPU    %usr   %nice    %sys %iowait    %irq   %soft  %steal  %guest  %gnice   %idle
07:30:30 PM    0   28.57    0.00   20.88    0.00    0.00    9.89    0.00    0.00    0.00   40.66
07:30:30 PM    1   27.91    0.00    9.30    0.00    0.00    2.33    0.00    0.00    0.00   60.47

07:30:30 PM  CPU    %usr   %nice    %sys %iowait    %irq   %soft  %steal  %guest  %gnice   %idle
07:30:31 PM    0   35.16    0.00   18.68    0.00    0.00    6.59    0.00    0.00    0.00   39.56
07:30:31 PM    1   29.63    0.00    6.17    0.00    0.00    2.47    0.00    0.00    0.00   61.73

07:30:31 PM  CPU    %usr   %nice    %sys %iowait    %irq   %soft  %steal  %guest  %gnice   %idle
07:30:32 PM    0   34.78    0.00   18.48    0.00    0.00    5.43    0.00    0.00    0.00   41.30
07:30:32 PM    1   21.69    0.00   12.05    0.00    0.00    2.41    0.00    0.00    0.00   63.86

07:30:32 PM  CPU    %usr   %nice    %sys %iowait    %irq   %soft  %steal  %guest  %gnice   %idle
07:30:33 PM    0   31.11    0.00   21.11    0.00    0.00   10.00    0.00    0.00    0.00   37.78
07:30:33 PM    1   29.63    0.00    7.41    0.00    0.00    1.23    0.00    0.00    0.00   61.73

07:30:33 PM  CPU    %usr   %nice    %sys %iowait    %irq   %soft  %steal  %guest  %gnice   %idle
07:30:34 PM    0   34.41    0.00   18.28    0.00    0.00    6.45    0.00    0.00    0.00   40.86
07:30:34 PM    1   27.16    0.00    8.64    0.00    0.00    1.23    0.00    0.00    0.00   62.96

07:30:34 PM  CPU    %usr   %nice    %sys %iowait    %irq   %soft  %steal  %guest  %gnice   %idle
07:30:35 PM    0   30.43    0.00   19.57    0.00    0.00    9.78    0.00    0.00    0.00   40.22
07:30:35 PM    1   24.39    0.00    8.54    0.00    0.00    2.44    0.00    0.00    0.00   64.63

07:30:35 PM  CPU    %usr   %nice    %sys %iowait    %irq   %soft  %steal  %guest  %gnice   %idle
07:30:36 PM    0   38.71    0.00   18.28    0.00    0.00    5.38    0.00    0.00    0.00   37.63
07:30:36 PM    1   32.53    0.00    6.02    0.00    0.00    1.20    0.00    0.00    0.00   60.24

07:30:36 PM  CPU    %usr   %nice    %sys %iowait    %irq   %soft  %steal  %guest  %gnice   %idle
07:30:37 PM    0   33.70    0.00   19.57    0.00    0.00    6.52    0.00    0.00    0.00   40.22
07:30:37 PM    1   25.00    0.00    7.50    0.00    0.00    2.50    0.00    0.00    0.00   65.00

07:30:37 PM  CPU    %usr   %nice    %sys %iowait    %irq   %soft  %steal  %guest  %gnice   %idle
07:30:38 PM    0   32.63    0.00   18.95    0.00    0.00    9.47    0.00    0.00    0.00   38.95
07:30:38 PM    1   26.74    0.00    9.30    0.00    0.00    4.65    0.00    0.00    0.00   59.30

07:30:38 PM  CPU    %usr   %nice    %sys %iowait    %irq   %soft  %steal  %guest  %gnice   %idle
07:30:39 PM    0   34.83    0.00   14.61    0.00    0.00    7.87    0.00    0.00    0.00   42.70
07:30:39 PM    1   19.51    0.00    9.76    0.00    0.00    4.88    0.00    0.00    0.00   65.85

07:30:39 PM  CPU    %usr   %nice    %sys %iowait    %irq   %soft  %steal  %guest  %gnice   %idle
07:30:40 PM    0   31.18    0.00   19.35    0.00    0.00    8.60    0.00    0.00    0.00   40.86
07:30:40 PM    1   25.61    0.00    7.32    0.00    0.00    3.66    0.00    0.00    0.00   63.41

07:30:40 PM  CPU    %usr   %nice    %sys %iowait    %irq   %soft  %steal  %guest  %gnice   %idle
07:30:41 PM    0   35.79    0.00   20.00    0.00    0.00    4.21    0.00    0.00    0.00   40.00
07:30:41 PM    1   23.75    0.00    8.75    0.00    0.00    2.50    0.00    0.00    0.00   65.00

07:30:41 PM  CPU    %usr   %nice    %sys %iowait    %irq   %soft  %steal  %guest  %gnice   %idle
07:30:42 PM    0   38.04    0.00   17.39    0.00    0.00    6.52    0.00    0.00    0.00   38.04
07:30:42 PM    1   28.24    0.00    7.06    0.00    0.00    2.35    0.00    0.00    0.00   62.35

07:30:42 PM  CPU    %usr   %nice    %sys %iowait    %irq   %soft  %steal  %guest  %gnice   %idle
07:30:43 PM    0   35.11    0.00   18.09    0.00    0.00    8.51    0.00    0.00    0.00   38.30
07:30:43 PM    1   27.50    0.00   10.00    0.00    0.00    0.00    0.00    0.00    0.00   62.50

07:30:43 PM  CPU    %usr   %nice    %sys %iowait    %irq   %soft  %steal  %guest  %gnice   %idle
07:30:44 PM    0   39.78    0.00   17.20    0.00    0.00    6.45    0.00    0.00    0.00   36.56
07:30:44 PM    1   22.62    0.00   13.10    0.00    0.00    3.57    0.00    0.00    0.00   60.71

07:30:44 PM  CPU    %usr   %nice    %sys %iowait    %irq   %soft  %steal  %guest  %gnice   %idle
07:30:45 PM    0   39.56    0.00   14.29    0.00    0.00    6.59    0.00    0.00    0.00   39.56
07:30:45 PM    1   28.24    0.00   11.76    0.00    0.00    1.18    0.00    0.00    0.00   58.82

07:30:45 PM  CPU    %usr   %nice    %sys %iowait    %irq   %soft  %steal  %guest  %gnice   %idle
07:30:46 PM    0   37.63    0.00   17.20    0.00    0.00    4.30    0.00    0.00    0.00   40.86
07:30:46 PM    1   21.25    0.00   11.25    0.00    0.00    2.50    0.00    0.00    0.00   65.00

07:30:46 PM  CPU    %usr   %nice    %sys %iowait    %irq   %soft  %steal  %guest  %gnice   %idle
07:30:47 PM    0   36.17    0.00   20.21    0.00    0.00    3.19    0.00    0.00    0.00   40.43
07:30:47 PM    1   25.58    0.00    8.14    0.00    0.00    4.65    0.00    0.00    0.00   61.63

07:30:47 PM  CPU    %usr   %nice    %sys %iowait    %irq   %soft  %steal  %guest  %gnice   %idle
07:30:48 PM    0   39.13    0.00   19.57    0.00    0.00    3.26    0.00    0.00    0.00   38.04
07:30:48 PM    1   25.93    0.00   11.11    0.00    0.00    0.00    0.00    0.00    0.00   62.96

07:30:48 PM  CPU    %usr   %nice    %sys %iowait    %irq   %soft  %steal  %guest  %gnice   %idle
07:30:49 PM    0   34.78    0.00   18.48    0.00    0.00    7.61    0.00    0.00    0.00   39.13
07:30:49 PM    1   27.71    0.00   10.84    0.00    0.00    1.20    0.00    0.00    0.00   60.24

07:30:49 PM  CPU    %usr   %nice    %sys %iowait    %irq   %soft  %steal  %guest  %gnice   %idle
07:30:50 PM    0   40.21    0.00   16.49    0.00    0.00    5.15    0.00    0.00    0.00   38.14
07:30:50 PM    1   24.10    0.00    9.64    0.00    0.00    3.61    0.00    0.00    0.00   62.65

07:30:50 PM  CPU    %usr   %nice    %sys %iowait    %irq   %soft  %steal  %guest  %gnice   %idle
07:30:51 PM    0   33.68    0.00   22.11    0.00    0.00    7.37    0.00    0.00    0.00   36.84
07:30:51 PM    1   27.38    0.00    8.33    0.00    0.00    3.57    0.00    0.00    0.00   60.71

07:30:51 PM  CPU    %usr   %nice    %sys %iowait    %irq   %soft  %steal  %guest  %gnice   %idle
07:30:52 PM    0   34.41    0.00   19.35    0.00    0.00    6.45    0.00    0.00    0.00   39.78
07:30:52 PM    1   27.85    0.00    6.33    0.00    0.00    1.27    0.00    0.00    0.00   64.56

07:30:52 PM  CPU    %usr   %nice    %sys %iowait    %irq   %soft  %steal  %guest  %gnice   %idle
07:30:53 PM    0   39.36    0.00   17.02    0.00    0.00    5.32    0.00    0.00    0.00   38.30
07:30:53 PM    1   26.51    0.00    9.64    0.00    0.00    1.20    0.00    0.00    0.00   62.65

07:30:53 PM  CPU    %usr   %nice    %sys %iowait    %irq   %soft  %steal  %guest  %gnice   %idle
07:30:54 PM    0   40.86    0.00   13.98    0.00    0.00    4.30    0.00    0.00    0.00   40.86
07:30:54 PM    1   25.00    0.00    9.52    0.00    0.00    4.76    0.00    0.00    0.00   60.71

07:30:54 PM  CPU    %usr   %nice    %sys %iowait    %irq   %soft  %steal  %guest  %gnice   %idle
07:30:55 PM    0   32.26    0.00   18.28    0.00    0.00   10.75    0.00    0.00    0.00   38.71
07:30:55 PM    1   26.83    0.00    7.32    0.00    0.00    3.66    0.00    0.00    0.00   62.20

07:30:55 PM  CPU    %usr   %nice    %sys %iowait    %irq   %soft  %steal  %guest  %gnice   %idle
07:30:56 PM    0   34.41    0.00   19.35    0.00    0.00    7.53    0.00    0.00    0.00   38.71
07:30:56 PM    1   24.39    0.00    8.54    0.00    0.00    3.66    0.00    0.00    0.00   63.41

07:30:56 PM  CPU    %usr   %nice    %sys %iowait    %irq   %soft  %steal  %guest  %gnice   %idle
07:30:57 PM    0   34.48    0.00   16.09    0.00    0.00    8.05    0.00    0.00    0.00   41.38
07:30:57 PM    1   22.22    0.00   12.35    0.00    0.00    2.47    0.00    0.00    0.00   62.96

07:30:57 PM  CPU    %usr   %nice    %sys %iowait    %irq   %soft  %steal  %guest  %gnice   %idle
07:30:58 PM    0   38.71    0.00   17.20    0.00    0.00    6.45    0.00    0.00    0.00   37.63
07:30:58 PM    1   24.10    0.00   14.46    0.00    0.00    1.20    0.00    0.00    0.00   60.24

07:30:58 PM  CPU    %usr   %nice    %sys %iowait    %irq   %soft  %steal  %guest  %gnice   %idle
07:30:59 PM    0   36.96    0.00   16.30    0.00    0.00    7.61    0.00    0.00    0.00   39.13
07:30:59 PM    1   23.81    0.00   13.10    0.00    0.00    2.38    0.00    0.00    0.00   60.71

Average:     CPU    %usr   %nice    %sys %iowait    %irq   %soft  %steal  %guest  %gnice   %idle
Average:       0   35.23    0.00   18.77    0.04    0.00    7.11    0.00    0.00    0.00   38.86
Average:       1   25.71    0.00    9.75    0.00    0.00    2.62    0.00    0.00    0.00   61.93
