Linux 5.3.0-59-generic (ericmei) 	06/29/2020 	_x86_64_	(12 CPU)

07:39:27 PM  CPU    %usr   %nice    %sys %iowait    %irq   %soft  %steal  %guest  %gnice   %idle
07:39:28 PM    0   36.17    0.00   19.15    0.00    0.00    5.32    0.00    0.00    0.00   39.36
07:39:28 PM    1   28.57    0.00    7.14    0.00    0.00    3.57    0.00    0.00    0.00   60.71

07:39:28 PM  CPU    %usr   %nice    %sys %iowait    %irq   %soft  %steal  %guest  %gnice   %idle
07:39:29 PM    0   32.29    0.00   21.88    0.00    0.00    7.29    0.00    0.00    0.00   38.54
07:39:29 PM    1   24.10    0.00   12.05    0.00    0.00    2.41    0.00    0.00    0.00   61.45

07:39:29 PM  CPU    %usr   %nice    %sys %iowait    %irq   %soft  %steal  %guest  %gnice   %idle
07:39:30 PM    0   34.04    0.00   18.09    0.00    0.00    8.51    0.00    0.00    0.00   39.36
07:39:30 PM    1   26.83    0.00    9.76    0.00    0.00    1.22    0.00    0.00    0.00   62.20

07:39:30 PM  CPU    %usr   %nice    %sys %iowait    %irq   %soft  %steal  %guest  %gnice   %idle
07:39:31 PM    0   36.84    0.00   14.74    0.00    0.00    8.42    0.00    0.00    0.00   40.00
07:39:31 PM    1   28.57    0.00    5.95    0.00    0.00    2.38    0.00    0.00    0.00   63.10

07:39:31 PM  CPU    %usr   %nice    %sys %iowait    %irq   %soft  %steal  %guest  %gnice   %idle
07:39:32 PM    0   35.48    0.00   18.28    0.00    0.00    5.38    0.00    0.00    0.00   40.86
07:39:32 PM    1   25.93    0.00    8.64    0.00    0.00    2.47    0.00    0.00    0.00   62.96

07:39:32 PM  CPU    %usr   %nice    %sys %iowait    %irq   %soft  %steal  %guest  %gnice   %idle
07:39:33 PM    0   36.46    0.00   15.62    0.00    0.00    8.33    0.00    0.00    0.00   39.58
07:39:33 PM    1   27.38    0.00    7.14    0.00    0.00    3.57    0.00    0.00    0.00   61.90

07:39:33 PM  CPU    %usr   %nice    %sys %iowait    %irq   %soft  %steal  %guest  %gnice   %idle
07:39:34 PM    0   32.63    0.00   18.95    0.00    0.00    7.37    0.00    0.00    0.00   41.05
07:39:34 PM    1   24.10    0.00    9.64    0.00    0.00    2.41    0.00    0.00    0.00   63.86

07:39:34 PM  CPU    %usr   %nice    %sys %iowait    %irq   %soft  %steal  %guest  %gnice   %idle
07:39:35 PM    0   35.79    0.00   17.89    0.00    0.00    7.37    0.00    0.00    0.00   38.95
07:39:35 PM    1   25.93    0.00    9.88    0.00    0.00    1.23    0.00    0.00    0.00   62.96

07:39:35 PM  CPU    %usr   %nice    %sys %iowait    %irq   %soft  %steal  %guest  %gnice   %idle
07:39:36 PM    0   36.26    0.00   15.38    0.00    0.00    8.79    0.00    0.00    0.00   39.56
07:39:36 PM    1   25.88    0.00   11.76    0.00    0.00    3.53    0.00    0.00    0.00   58.82

07:39:36 PM  CPU    %usr   %nice    %sys %iowait    %irq   %soft  %steal  %guest  %gnice   %idle
07:39:37 PM    0   36.46    0.00   21.88    0.00    0.00    4.17    0.00    0.00    0.00   37.50
07:39:37 PM    1   27.16    0.00   11.11    0.00    0.00    0.00    0.00    0.00    0.00   61.73

07:39:37 PM  CPU    %usr   %nice    %sys %iowait    %irq   %soft  %steal  %guest  %gnice   %idle
07:39:38 PM    0   35.16    0.00   18.68    0.00    0.00    5.49    0.00    0.00    0.00   40.66
07:39:38 PM    1   24.69    0.00    9.88    0.00    0.00    1.23    0.00    0.00    0.00   64.20

07:39:38 PM  CPU    %usr   %nice    %sys %iowait    %irq   %soft  %steal  %guest  %gnice   %idle
07:39:39 PM    0   35.42    0.00   19.79    0.00    0.00    6.25    0.00    0.00    0.00   38.54
07:39:39 PM    1   25.00    0.00   10.71    0.00    0.00    3.57    0.00    0.00    0.00   60.71

07:39:39 PM  CPU    %usr   %nice    %sys %iowait    %irq   %soft  %steal  %guest  %gnice   %idle
07:39:40 PM    0   39.13    0.00   15.22    0.00    0.00    5.43    0.00    0.00    0.00   40.22
07:39:40 PM    1   22.89    0.00    9.64    0.00    0.00    7.23    0.00    0.00    0.00   60.24

07:39:40 PM  CPU    %usr   %nice    %sys %iowait    %irq   %soft  %steal  %guest  %gnice   %idle
07:39:41 PM    0   35.42    0.00   18.75    0.00    0.00    8.33    0.00    0.00    0.00   37.50
07:39:41 PM    1   27.71    0.00    9.64    0.00    0.00    1.20    0.00    0.00    0.00   61.45

07:39:41 PM  CPU    %usr   %nice    %sys %iowait    %irq   %soft  %steal  %guest  %gnice   %idle
07:39:42 PM    0   36.96    0.00   19.57    0.00    0.00    4.35    0.00    0.00    0.00   39.13
07:39:42 PM    1   25.58    0.00   11.63    0.00    0.00    3.49    0.00    0.00    0.00   59.30

07:39:42 PM  CPU    %usr   %nice    %sys %iowait    %irq   %soft  %steal  %guest  %gnice   %idle
07:39:43 PM    0   36.56    0.00   16.13    0.00    0.00    6.45    0.00    0.00    0.00   40.86
07:39:43 PM    1   21.69    0.00    9.64    0.00    0.00    6.02    0.00    0.00    0.00   62.65

07:39:43 PM  CPU    %usr   %nice    %sys %iowait    %irq   %soft  %steal  %guest  %gnice   %idle
07:39:44 PM    0   35.42    0.00   19.79    0.00    0.00    5.21    0.00    0.00    0.00   39.58
07:39:44 PM    1   26.19    0.00    9.52    0.00    0.00    2.38    0.00    0.00    0.00   61.90

07:39:44 PM  CPU    %usr   %nice    %sys %iowait    %irq   %soft  %steal  %guest  %gnice   %idle
07:39:45 PM    0   35.87    0.00   17.39    0.00    0.00    6.52    0.00    0.00    0.00   40.22
07:39:45 PM    1   26.51    0.00    9.64    0.00    0.00    2.41    0.00    0.00    0.00   61.45

07:39:45 PM  CPU    %usr   %nice    %sys %iowait    %irq   %soft  %steal  %guest  %gnice   %idle
07:39:46 PM    0   35.48    0.00   17.20    0.00    0.00    7.53    0.00    0.00    0.00   39.78
07:39:46 PM    1   30.12    0.00    7.23    0.00    0.00    1.20    0.00    0.00    0.00   61.45

07:39:46 PM  CPU    %usr   %nice    %sys %iowait    %irq   %soft  %steal  %guest  %gnice   %idle
07:39:47 PM    0   37.89    0.00   18.95    0.00    0.00    4.21    0.00    0.00    0.00   38.95
07:39:47 PM    1   25.00    0.00   10.71    0.00    0.00    3.57    0.00    0.00    0.00   60.71

07:39:47 PM  CPU    %usr   %nice    %sys %iowait    %irq   %soft  %steal  %guest  %gnice   %idle
07:39:48 PM    0   36.84    0.00   18.95    0.00    0.00    5.26    0.00    0.00    0.00   38.95
07:39:48 PM    1   25.58    0.00    9.30    0.00    0.00    4.65    0.00    0.00    0.00   60.47

07:39:48 PM  CPU    %usr   %nice    %sys %iowait    %irq   %soft  %steal  %guest  %gnice   %idle
07:39:49 PM    0   32.98    0.00   19.15    0.00    0.00    6.38    0.00    0.00    0.00   41.49
07:39:49 PM    1   25.30    0.00    9.64    0.00    0.00    2.41    0.00    0.00    0.00   62.65

07:39:49 PM  CPU    %usr   %nice    %sys %iowait    %irq   %soft  %steal  %guest  %gnice   %idle
07:39:50 PM    0   31.58    0.00   21.05    0.00    0.00    8.42    0.00    0.00    0.00   38.95
07:39:50 PM    1   26.83    0.00    8.54    0.00    0.00    1.22    0.00    0.00    0.00   63.41

07:39:50 PM  CPU    %usr   %nice    %sys %iowait    %irq   %soft  %steal  %guest  %gnice   %idle
07:39:51 PM    0   40.21    0.00   14.43    0.00    0.00    7.22    0.00    0.00    0.00   38.14
07:39:51 PM    1   26.51    0.00    9.64    0.00    0.00    2.41    0.00    0.00    0.00   61.45

07:39:51 PM  CPU    %usr   %nice    %sys %iowait    %irq   %soft  %steal  %guest  %gnice   %idle
07:39:52 PM    0   38.54    0.00   14.58    0.00    0.00    9.38    0.00    0.00    0.00   37.50
07:39:52 PM    1   23.17    0.00   10.98    0.00    0.00    3.66    0.00    0.00    0.00   62.20

07:39:52 PM  CPU    %usr   %nice    %sys %iowait    %irq   %soft  %steal  %guest  %gnice   %idle
07:39:53 PM    0   34.04    0.00   17.02    0.00    0.00    8.51    0.00    0.00    0.00   40.43
07:39:53 PM    1   20.99    0.00   11.11    0.00    0.00    3.70    0.00    0.00    0.00   64.20

07:39:53 PM  CPU    %usr   %nice    %sys %iowait    %irq   %soft  %steal  %guest  %gnice   %idle
07:39:54 PM    0   38.46    0.00   17.58    0.00    0.00    4.40    0.00    0.00    0.00   39.56
07:39:54 PM    1   24.71    0.00    9.41    0.00    0.00    4.71    0.00    0.00    0.00   61.18

07:39:54 PM  CPU    %usr   %nice    %sys %iowait    %irq   %soft  %steal  %guest  %gnice   %idle
07:39:55 PM    0   34.38    0.00   19.79    0.00    0.00    7.29    0.00    0.00    0.00   38.54
07:39:55 PM    1   26.19    0.00    9.52    0.00    0.00    3.57    0.00    0.00    0.00   60.71

07:39:55 PM  CPU    %usr   %nice    %sys %iowait    %irq   %soft  %steal  %guest  %gnice   %idle
07:39:56 PM    0   34.38    0.00   18.75    0.00    0.00    9.38    0.00    0.00    0.00   37.50
07:39:56 PM    1   31.03    0.00    5.75    0.00    0.00    5.75    0.00    0.00    0.00   57.47

07:39:56 PM  CPU    %usr   %nice    %sys %iowait    %irq   %soft  %steal  %guest  %gnice   %idle
07:39:57 PM    0   32.97    0.00   19.78    0.00    0.00    6.59    0.00    0.00    0.00   40.66
07:39:57 PM    1   25.93    0.00    8.64    0.00    0.00    1.23    0.00    0.00    0.00   64.20

07:39:57 PM  CPU    %usr   %nice    %sys %iowait    %irq   %soft  %steal  %guest  %gnice   %idle
07:39:58 PM    0   34.38    0.00   18.75    0.00    0.00    7.29    0.00    0.00    0.00   39.58
07:39:58 PM    1   25.00    0.00    7.50    0.00    0.00    2.50    0.00    0.00    0.00   65.00

07:39:58 PM  CPU    %usr   %nice    %sys %iowait    %irq   %soft  %steal  %guest  %gnice   %idle
07:39:59 PM    0   38.30    0.00   14.89    0.00    0.00    8.51    0.00    0.00    0.00   38.30
07:39:59 PM    1   25.30    0.00   10.84    0.00    0.00    1.20    0.00    0.00    0.00   62.65

07:39:59 PM  CPU    %usr   %nice    %sys %iowait    %irq   %soft  %steal  %guest  %gnice   %idle
07:40:00 PM    0   38.46    0.00   15.38    0.00    0.00    6.59    0.00    0.00    0.00   39.56
07:40:00 PM    1   25.93    0.00    8.64    0.00    0.00    3.70    0.00    0.00    0.00   61.73

07:40:00 PM  CPU    %usr   %nice    %sys %iowait    %irq   %soft  %steal  %guest  %gnice   %idle
07:40:01 PM    0   33.68    0.00   18.95    0.00    0.00    8.42    0.00    0.00    0.00   38.95
07:40:01 PM    1   25.88    0.00    8.24    0.00    0.00    3.53    0.00    0.00    0.00   62.35

07:40:01 PM  CPU    %usr   %nice    %sys %iowait    %irq   %soft  %steal  %guest  %gnice   %idle
07:40:02 PM    0   36.46    0.00   19.79    0.00    0.00    6.25    0.00    0.00    0.00   37.50
07:40:02 PM    1   26.83    0.00    8.54    0.00    0.00    3.66    0.00    0.00    0.00   60.98

07:40:02 PM  CPU    %usr   %nice    %sys %iowait    %irq   %soft  %steal  %guest  %gnice   %idle
07:40:03 PM    0   32.22    0.00   18.89    0.00    0.00    6.67    0.00    0.00    0.00   42.22
07:40:03 PM    1   26.19    0.00    8.33    0.00    0.00    3.57    0.00    0.00    0.00   61.90

07:40:03 PM  CPU    %usr   %nice    %sys %iowait    %irq   %soft  %steal  %guest  %gnice   %idle
07:40:04 PM    0   34.02    0.00   18.56    0.00    0.00    7.22    0.00    0.00    0.00   40.21
07:40:04 PM    1   28.40    0.00    6.17    0.00    0.00    1.23    0.00    0.00    0.00   64.20

07:40:04 PM  CPU    %usr   %nice    %sys %iowait    %irq   %soft  %steal  %guest  %gnice   %idle
07:40:05 PM    0   36.08    0.00   14.43    0.00    0.00   10.31    0.00    0.00    0.00   39.18
07:40:05 PM    1   26.19    0.00    9.52    0.00    0.00    1.19    0.00    0.00    0.00   63.10

07:40:05 PM  CPU    %usr   %nice    %sys %iowait    %irq   %soft  %steal  %guest  %gnice   %idle
07:40:06 PM    0   32.26    0.00   19.35    0.00    0.00    9.68    0.00    0.00    0.00   38.71
07:40:06 PM    1   25.93    0.00    9.88    0.00    0.00    2.47    0.00    0.00    0.00   61.73

07:40:06 PM  CPU    %usr   %nice    %sys %iowait    %irq   %soft  %steal  %guest  %gnice   %idle
07:40:07 PM    0   34.38    0.00   17.71    0.00    0.00    8.33    0.00    0.00    0.00   39.58
07:40:07 PM    1   22.89    0.00    9.64    0.00    0.00    4.82    0.00    0.00    0.00   62.65

07:40:07 PM  CPU    %usr   %nice    %sys %iowait    %irq   %soft  %steal  %guest  %gnice   %idle
07:40:08 PM    0   38.71    0.00   16.13    0.00    0.00    5.38    0.00    0.00    0.00   39.78
07:40:08 PM    1   26.51    0.00    9.64    0.00    0.00    2.41    0.00    0.00    0.00   61.45

07:40:08 PM  CPU    %usr   %nice    %sys %iowait    %irq   %soft  %steal  %guest  %gnice   %idle
07:40:09 PM    0   35.87    0.00   16.30    0.00    0.00    5.43    0.00    0.00    0.00   42.39
07:40:09 PM    1   23.53    0.00   11.76    0.00    0.00    2.35    0.00    0.00    0.00   62.35

07:40:09 PM  CPU    %usr   %nice    %sys %iowait    %irq   %soft  %steal  %guest  %gnice   %idle
07:40:10 PM    0   32.98    0.00   18.09    0.00    0.00    8.51    0.00    0.00    0.00   40.43
07:40:10 PM    1   23.53    0.00   11.76    0.00    0.00    3.53    0.00    0.00    0.00   61.18

07:40:10 PM  CPU    %usr   %nice    %sys %iowait    %irq   %soft  %steal  %guest  %gnice   %idle
07:40:11 PM    0   36.56    0.00   19.35    0.00    0.00    6.45    0.00    0.00    0.00   37.63
07:40:11 PM    1   28.57    0.00    7.14    0.00    0.00    3.57    0.00    0.00    0.00   60.71

07:40:11 PM  CPU    %usr   %nice    %sys %iowait    %irq   %soft  %steal  %guest  %gnice   %idle
07:40:12 PM    0   35.71    0.00   17.35    0.00    0.00    9.18    0.00    0.00    0.00   37.76
07:40:12 PM    1   25.61    0.00    8.54    0.00    0.00    3.66    0.00    0.00    0.00   62.20

07:40:12 PM  CPU    %usr   %nice    %sys %iowait    %irq   %soft  %steal  %guest  %gnice   %idle
07:40:13 PM    0   36.84    0.00   15.79    0.00    0.00    7.37    0.00    0.00    0.00   40.00
07:40:13 PM    1   28.24    0.00    7.06    0.00    0.00    3.53    0.00    0.00    0.00   61.18

07:40:13 PM  CPU    %usr   %nice    %sys %iowait    %irq   %soft  %steal  %guest  %gnice   %idle
07:40:14 PM    0   36.56    0.00   16.13    0.00    0.00    7.53    0.00    0.00    0.00   39.78
07:40:14 PM    1   30.12    0.00    7.23    0.00    0.00    0.00    0.00    0.00    0.00   62.65

07:40:14 PM  CPU    %usr   %nice    %sys %iowait    %irq   %soft  %steal  %guest  %gnice   %idle
07:40:15 PM    0   34.41    0.00   19.35    0.00    0.00    7.53    0.00    0.00    0.00   38.71
07:40:15 PM    1   27.91    0.00   11.63    0.00    0.00    2.33    0.00    0.00    0.00   58.14

07:40:15 PM  CPU    %usr   %nice    %sys %iowait    %irq   %soft  %steal  %guest  %gnice   %idle
07:40:16 PM    0   34.74    0.00   20.00    0.00    0.00    5.26    0.00    0.00    0.00   40.00
07:40:16 PM    1   24.10    0.00   10.84    0.00    0.00    2.41    0.00    0.00    0.00   62.65

07:40:16 PM  CPU    %usr   %nice    %sys %iowait    %irq   %soft  %steal  %guest  %gnice   %idle
07:40:17 PM    0   32.61    0.00   18.48    0.00    0.00    7.61    0.00    0.00    0.00   41.30
07:40:17 PM    1   30.59    0.00    7.06    0.00    0.00    1.18    0.00    0.00    0.00   61.18

07:40:17 PM  CPU    %usr   %nice    %sys %iowait    %irq   %soft  %steal  %guest  %gnice   %idle
07:40:18 PM    0   36.46    0.00   17.71    0.00    0.00    8.33    0.00    0.00    0.00   37.50
07:40:18 PM    1   27.85    0.00    7.59    0.00    0.00    1.27    0.00    0.00    0.00   63.29

07:40:18 PM  CPU    %usr   %nice    %sys %iowait    %irq   %soft  %steal  %guest  %gnice   %idle
07:40:19 PM    0   38.54    0.00   15.62    0.00    0.00    6.25    0.00    0.00    0.00   39.58
07:40:19 PM    1   26.19    0.00    9.52    0.00    0.00    2.38    0.00    0.00    0.00   61.90

07:40:19 PM  CPU    %usr   %nice    %sys %iowait    %irq   %soft  %steal  %guest  %gnice   %idle
07:40:20 PM    0   29.47    0.00   23.16    0.00    0.00    8.42    0.00    0.00    0.00   38.95
07:40:20 PM    1   26.83    0.00    8.54    0.00    0.00    2.44    0.00    0.00    0.00   62.20

07:40:20 PM  CPU    %usr   %nice    %sys %iowait    %irq   %soft  %steal  %guest  %gnice   %idle
07:40:21 PM    0   36.84    0.00   16.84    0.00    0.00    7.37    0.00    0.00    0.00   38.95
07:40:21 PM    1   24.10    0.00   12.05    0.00    0.00    2.41    0.00    0.00    0.00   61.45

07:40:21 PM  CPU    %usr   %nice    %sys %iowait    %irq   %soft  %steal  %guest  %gnice   %idle
07:40:22 PM    0   33.68    0.00   20.00    0.00    0.00    7.37    0.00    0.00    0.00   38.95
07:40:22 PM    1   26.51    0.00    9.64    0.00    0.00    3.61    0.00    0.00    0.00   60.24

07:40:22 PM  CPU    %usr   %nice    %sys %iowait    %irq   %soft  %steal  %guest  %gnice   %idle
07:40:23 PM    0   33.33    0.00   18.89    0.00    0.00    6.67    0.00    0.00    0.00   41.11
07:40:23 PM    1   24.71    0.00   11.76    0.00    0.00    3.53    0.00    0.00    0.00   60.00

07:40:23 PM  CPU    %usr   %nice    %sys %iowait    %irq   %soft  %steal  %guest  %gnice   %idle
07:40:24 PM    0   35.79    0.00   16.84    0.00    0.00    7.37    0.00    0.00    0.00   40.00
07:40:24 PM    1   25.00    0.00    8.33    0.00    0.00    3.57    0.00    0.00    0.00   63.10

07:40:24 PM  CPU    %usr   %nice    %sys %iowait    %irq   %soft  %steal  %guest  %gnice   %idle
07:40:25 PM    0   43.48    0.00   10.87    0.00    0.00    6.52    0.00    0.00    0.00   39.13
07:40:25 PM    1   26.25    0.00    8.75    0.00    0.00    1.25    0.00    0.00    0.00   63.75

07:40:25 PM  CPU    %usr   %nice    %sys %iowait    %irq   %soft  %steal  %guest  %gnice   %idle
07:40:26 PM    0   36.17    0.00   17.02    0.00    0.00    6.38    0.00    0.00    0.00   40.43
07:40:26 PM    1   23.17    0.00   12.20    0.00    0.00    2.44    0.00    0.00    0.00   62.20

07:40:26 PM  CPU    %usr   %nice    %sys %iowait    %irq   %soft  %steal  %guest  %gnice   %idle
07:40:27 PM    0   31.91    0.00   21.28    0.00    0.00    7.45    0.00    0.00    0.00   39.36
07:40:27 PM    1   24.39    0.00   10.98    0.00    0.00    2.44    0.00    0.00    0.00   62.20

07:40:27 PM  CPU    %usr   %nice    %sys %iowait    %irq   %soft  %steal  %guest  %gnice   %idle
07:40:28 PM    0   35.05    0.00   20.62    0.00    0.00    7.22    0.00    0.00    0.00   37.11
07:40:28 PM    1   26.19    0.00    9.52    0.00    0.00    4.76    0.00    0.00    0.00   59.52

07:40:28 PM  CPU    %usr   %nice    %sys %iowait    %irq   %soft  %steal  %guest  %gnice   %idle
07:40:29 PM    0   36.17    0.00   15.96    0.00    0.00    7.45    0.00    0.00    0.00   40.43
07:40:29 PM    1   24.39    0.00   10.98    0.00    0.00    2.44    0.00    0.00    0.00   62.20

07:40:29 PM  CPU    %usr   %nice    %sys %iowait    %irq   %soft  %steal  %guest  %gnice   %idle
07:40:30 PM    0   36.96    0.00   16.30    0.00    0.00    5.43    0.00    0.00    0.00   41.30
07:40:30 PM    1   22.62    0.00   10.71    0.00    0.00    3.57    0.00    0.00    0.00   63.10

07:40:30 PM  CPU    %usr   %nice    %sys %iowait    %irq   %soft  %steal  %guest  %gnice   %idle
07:40:31 PM    0   35.42    0.00   20.83    0.00    0.00    5.21    0.00    0.00    0.00   38.54
07:40:31 PM    1   26.25    0.00    8.75    0.00    0.00    1.25    0.00    0.00    0.00   63.75

07:40:31 PM  CPU    %usr   %nice    %sys %iowait    %irq   %soft  %steal  %guest  %gnice   %idle
07:40:32 PM    0   40.00    0.00   16.84    0.00    0.00    3.16    0.00    0.00    0.00   40.00
07:40:32 PM    1   29.07    0.00    5.81    0.00    0.00    4.65    0.00    0.00    0.00   60.47

07:40:32 PM  CPU    %usr   %nice    %sys %iowait    %irq   %soft  %steal  %guest  %gnice   %idle
07:40:33 PM    0   35.79    0.00   15.79    0.00    0.00    7.37    0.00    0.00    0.00   41.05
07:40:33 PM    1   26.51    0.00    7.23    0.00    0.00    3.61    0.00    0.00    0.00   62.65

07:40:33 PM  CPU    %usr   %nice    %sys %iowait    %irq   %soft  %steal  %guest  %gnice   %idle
07:40:34 PM    0   37.11    0.00   15.46    0.00    0.00    9.28    0.00    0.00    0.00   38.14
07:40:34 PM    1   23.81    0.00   11.90    0.00    0.00    3.57    0.00    0.00    0.00   60.71

07:40:34 PM  CPU    %usr   %nice    %sys %iowait    %irq   %soft  %steal  %guest  %gnice   %idle
07:40:35 PM    0   36.84    0.00   18.95    0.00    0.00    6.32    0.00    0.00    0.00   37.89
07:40:35 PM    1   30.49    0.00    7.32    0.00    0.00    2.44    0.00    0.00    0.00   59.76

07:40:35 PM  CPU    %usr   %nice    %sys %iowait    %irq   %soft  %steal  %guest  %gnice   %idle
07:40:36 PM    0   37.50    0.00   16.67    0.00    0.00    7.29    0.00    0.00    0.00   38.54
07:40:36 PM    1   30.95    0.00    8.33    0.00    0.00    0.00    0.00    0.00    0.00   60.71

07:40:36 PM  CPU    %usr   %nice    %sys %iowait    %irq   %soft  %steal  %guest  %gnice   %idle
07:40:37 PM    0   34.04    0.00   19.15    0.00    0.00    7.45    0.00    0.00    0.00   39.36
07:40:37 PM    1   25.32    0.00   11.39    0.00    0.00    0.00    0.00    0.00    0.00   63.29

07:40:37 PM  CPU    %usr   %nice    %sys %iowait    %irq   %soft  %steal  %guest  %gnice   %idle
07:40:38 PM    0   36.46    0.00   15.62    0.00    0.00    9.38    0.00    0.00    0.00   38.54
07:40:38 PM    1   21.69    0.00   12.05    0.00    0.00    3.61    0.00    0.00    0.00   62.65

07:40:38 PM  CPU    %usr   %nice    %sys %iowait    %irq   %soft  %steal  %guest  %gnice   %idle
07:40:39 PM    0   33.33    0.00   18.28    0.00    0.00    8.60    0.00    0.00    0.00   39.78
07:40:39 PM    1   25.93    0.00    9.88    0.00    0.00    2.47    0.00    0.00    0.00   61.73

07:40:39 PM  CPU    %usr   %nice    %sys %iowait    %irq   %soft  %steal  %guest  %gnice   %idle
07:40:40 PM    0   37.36    0.00   17.58    0.00    0.00    3.30    0.00    0.00    0.00   41.76
07:40:40 PM    1   21.69    0.00   12.05    0.00    0.00    2.41    0.00    0.00    0.00   63.86

07:40:40 PM  CPU    %usr   %nice    %sys %iowait    %irq   %soft  %steal  %guest  %gnice   %idle
07:40:41 PM    0   34.38    0.00   14.58    0.00    0.00   10.42    0.00    0.00    0.00   40.62
07:40:41 PM    1   27.71    0.00    7.23    0.00    0.00    2.41    0.00    0.00    0.00   62.65

07:40:41 PM  CPU    %usr   %nice    %sys %iowait    %irq   %soft  %steal  %guest  %gnice   %idle
07:40:42 PM    0   38.30    0.00   19.15    0.00    0.00    5.32    0.00    0.00    0.00   37.23
07:40:42 PM    1   30.59    0.00    9.41    0.00    0.00    2.35    0.00    0.00    0.00   57.65

07:40:42 PM  CPU    %usr   %nice    %sys %iowait    %irq   %soft  %steal  %guest  %gnice   %idle
07:40:43 PM    0   33.33    0.00   17.20    0.00    0.00    9.68    0.00    0.00    0.00   39.78
07:40:43 PM    1   29.27    0.00    6.10    0.00    0.00    1.22    0.00    0.00    0.00   63.41

07:40:43 PM  CPU    %usr   %nice    %sys %iowait    %irq   %soft  %steal  %guest  %gnice   %idle
07:40:44 PM    0   34.69    0.00   19.39    0.00    0.00    7.14    0.00    0.00    0.00   38.78
07:40:44 PM    1   28.24    0.00    9.41    0.00    0.00    2.35    0.00    0.00    0.00   60.00

07:40:44 PM  CPU    %usr   %nice    %sys %iowait    %irq   %soft  %steal  %guest  %gnice   %idle
07:40:45 PM    0   37.11    0.00   18.56    0.00    0.00    7.22    0.00    0.00    0.00   37.11
07:40:45 PM    1   26.51    0.00    8.43    0.00    0.00    3.61    0.00    0.00    0.00   61.45

07:40:45 PM  CPU    %usr   %nice    %sys %iowait    %irq   %soft  %steal  %guest  %gnice   %idle
07:40:46 PM    0   34.41    0.00   20.43    0.00    0.00    5.38    0.00    0.00    0.00   39.78
07:40:46 PM    1   27.16    0.00    7.41    0.00    0.00    2.47    0.00    0.00    0.00   62.96

07:40:46 PM  CPU    %usr   %nice    %sys %iowait    %irq   %soft  %steal  %guest  %gnice   %idle
07:40:47 PM    0   37.50    0.00   18.75    0.00    0.00    5.21    0.00    0.00    0.00   38.54
07:40:47 PM    1   26.51    0.00    9.64    0.00    0.00    3.61    0.00    0.00    0.00   60.24

07:40:47 PM  CPU    %usr   %nice    %sys %iowait    %irq   %soft  %steal  %guest  %gnice   %idle
07:40:48 PM    0   36.84    0.00   18.95    0.00    0.00    7.37    0.00    0.00    0.00   36.84
07:40:48 PM    1   26.51    0.00   10.84    0.00    0.00    2.41    0.00    0.00    0.00   60.24

07:40:48 PM  CPU    %usr   %nice    %sys %iowait    %irq   %soft  %steal  %guest  %gnice   %idle
07:40:49 PM    0   34.74    0.00   17.89    0.00    0.00    8.42    0.00    0.00    0.00   38.95
07:40:49 PM    1   25.61    0.00    8.54    0.00    0.00    2.44    0.00    0.00    0.00   63.41

07:40:49 PM  CPU    %usr   %nice    %sys %iowait    %irq   %soft  %steal  %guest  %gnice   %idle
07:40:50 PM    0   34.07    0.00   18.68    0.00    0.00    6.59    0.00    0.00    0.00   40.66
07:40:50 PM    1   25.61    0.00    8.54    0.00    0.00    2.44    0.00    0.00    0.00   63.41

07:40:50 PM  CPU    %usr   %nice    %sys %iowait    %irq   %soft  %steal  %guest  %gnice   %idle
07:40:51 PM    0   37.50    0.00   18.75    0.00    0.00    5.21    0.00    0.00    0.00   38.54
07:40:51 PM    1   26.83    0.00    8.54    0.00    0.00    2.44    0.00    0.00    0.00   62.20

07:40:51 PM  CPU    %usr   %nice    %sys %iowait    %irq   %soft  %steal  %guest  %gnice   %idle
07:40:52 PM    0   32.97    0.00   17.58    0.00    0.00    8.79    0.00    0.00    0.00   40.66
07:40:52 PM    1   29.63    0.00    7.41    0.00    0.00    1.23    0.00    0.00    0.00   61.73

07:40:52 PM  CPU    %usr   %nice    %sys %iowait    %irq   %soft  %steal  %guest  %gnice   %idle
07:40:53 PM    0   36.26    0.00   16.48    0.00    0.00    4.40    0.00    0.00    0.00   42.86
07:40:53 PM    1   22.62    0.00   10.71    0.00    0.00    3.57    0.00    0.00    0.00   63.10

07:40:53 PM  CPU    %usr   %nice    %sys %iowait    %irq   %soft  %steal  %guest  %gnice   %idle
07:40:54 PM    0   36.36    0.00   18.18    0.00    0.00    6.06    0.00    0.00    0.00   39.39
07:40:54 PM    1   24.71    0.00    8.24    0.00    0.00    5.88    0.00    0.00    0.00   61.18

07:40:54 PM  CPU    %usr   %nice    %sys %iowait    %irq   %soft  %steal  %guest  %gnice   %idle
07:40:55 PM    0   31.87    0.00   20.88    0.00    0.00    7.69    0.00    0.00    0.00   39.56
07:40:55 PM    1   25.88    0.00   11.76    0.00    0.00    3.53    0.00    0.00    0.00   58.82

07:40:55 PM  CPU    %usr   %nice    %sys %iowait    %irq   %soft  %steal  %guest  %gnice   %idle
07:40:56 PM    0   35.87    0.00   18.48    0.00    0.00    4.35    0.00    0.00    0.00   41.30
07:40:56 PM    1   26.19    0.00    7.14    0.00    0.00    4.76    0.00    0.00    0.00   61.90

07:40:56 PM  CPU    %usr   %nice    %sys %iowait    %irq   %soft  %steal  %guest  %gnice   %idle
07:40:57 PM    0   32.61    0.00   18.48    0.00    0.00    8.70    0.00    0.00    0.00   40.22
07:40:57 PM    1   26.51    0.00    8.43    0.00    0.00    2.41    0.00    0.00    0.00   62.65

07:40:57 PM  CPU    %usr   %nice    %sys %iowait    %irq   %soft  %steal  %guest  %gnice   %idle
07:40:58 PM    0   35.11    0.00   18.09    0.00    0.00    7.45    0.00    0.00    0.00   39.36
07:40:58 PM    1   25.61    0.00    9.76    0.00    0.00    3.66    0.00    0.00    0.00   60.98

07:40:58 PM  CPU    %usr   %nice    %sys %iowait    %irq   %soft  %steal  %guest  %gnice   %idle
07:40:59 PM    0   37.50    0.00   16.67    0.00    0.00    6.25    0.00    0.00    0.00   39.58
07:40:59 PM    1   22.35    0.00   11.76    0.00    0.00    4.71    0.00    0.00    0.00   61.18

07:40:59 PM  CPU    %usr   %nice    %sys %iowait    %irq   %soft  %steal  %guest  %gnice   %idle
07:41:00 PM    0   38.04    0.00   16.30    0.00    0.00    7.61    0.00    0.00    0.00   38.04
07:41:00 PM    1   27.16    0.00    8.64    0.00    0.00    2.47    0.00    0.00    0.00   61.73

07:41:00 PM  CPU    %usr   %nice    %sys %iowait    %irq   %soft  %steal  %guest  %gnice   %idle
07:41:01 PM    0   29.79    0.00   23.40    0.00    0.00    6.38    0.00    0.00    0.00   40.43
07:41:01 PM    1   22.62    0.00   10.71    0.00    0.00    5.95    0.00    0.00    0.00   60.71

07:41:01 PM  CPU    %usr   %nice    %sys %iowait    %irq   %soft  %steal  %guest  %gnice   %idle
07:41:02 PM    0   35.48    0.00   19.35    0.00    0.00    6.45    0.00    0.00    0.00   38.71
07:41:02 PM    1   25.30    0.00   10.84    0.00    0.00    2.41    0.00    0.00    0.00   61.45

07:41:02 PM  CPU    %usr   %nice    %sys %iowait    %irq   %soft  %steal  %guest  %gnice   %idle
07:41:03 PM    0   42.55    0.00   12.77    0.00    0.00    6.38    0.00    0.00    0.00   38.30
07:41:03 PM    1   28.05    0.00    7.32    0.00    0.00    2.44    0.00    0.00    0.00   62.20

07:41:03 PM  CPU    %usr   %nice    %sys %iowait    %irq   %soft  %steal  %guest  %gnice   %idle
07:41:04 PM    0   39.39    0.00   14.14    0.00    0.00    9.09    0.00    0.00    0.00   37.37
07:41:04 PM    1   27.71    0.00    8.43    0.00    0.00    2.41    0.00    0.00    0.00   61.45

07:41:04 PM  CPU    %usr   %nice    %sys %iowait    %irq   %soft  %steal  %guest  %gnice   %idle
07:41:05 PM    0   38.71    0.00   16.13    0.00    0.00    5.38    0.00    0.00    0.00   39.78
07:41:05 PM    1   27.59    0.00   10.34    0.00    0.00    4.60    0.00    0.00    0.00   57.47

07:41:05 PM  CPU    %usr   %nice    %sys %iowait    %irq   %soft  %steal  %guest  %gnice   %idle
07:41:06 PM    0   34.04    0.00   22.34    0.00    0.00    4.26    0.00    0.00    0.00   39.36
07:41:06 PM    1   28.05    0.00    4.88    0.00    0.00    2.44    0.00    0.00    0.00   64.63

07:41:06 PM  CPU    %usr   %nice    %sys %iowait    %irq   %soft  %steal  %guest  %gnice   %idle
07:41:07 PM    0   32.98    0.00   19.15    0.00    0.00    8.51    0.00    0.00    0.00   39.36
07:41:07 PM    1   26.25    0.00    7.50    0.00    0.00    2.50    0.00    0.00    0.00   63.75

07:41:07 PM  CPU    %usr   %nice    %sys %iowait    %irq   %soft  %steal  %guest  %gnice   %idle
07:41:08 PM    0   33.68    0.00   18.95    0.00    0.00    6.32    0.00    0.00    0.00   41.05
07:41:08 PM    1   24.39    0.00    7.32    0.00    0.00    3.66    0.00    0.00    0.00   64.63

07:41:08 PM  CPU    %usr   %nice    %sys %iowait    %irq   %soft  %steal  %guest  %gnice   %idle
07:41:09 PM    0   34.78    0.00   19.57    0.00    0.00    5.43    0.00    0.00    0.00   40.22
07:41:09 PM    1   30.12    0.00    7.23    0.00    0.00    3.61    0.00    0.00    0.00   59.04

07:41:09 PM  CPU    %usr   %nice    %sys %iowait    %irq   %soft  %steal  %guest  %gnice   %idle
07:41:10 PM    0   35.05    0.00   18.56    0.00    0.00    9.28    0.00    0.00    0.00   37.11
07:41:10 PM    1   27.06    0.00    9.41    0.00    0.00    3.53    0.00    0.00    0.00   60.00

07:41:10 PM  CPU    %usr   %nice    %sys %iowait    %irq   %soft  %steal  %guest  %gnice   %idle
07:41:11 PM    0   33.33    0.00   21.51    0.00    0.00    4.30    0.00    0.00    0.00   40.86
07:41:11 PM    1   26.25    0.00   10.00    0.00    0.00    0.00    0.00    0.00    0.00   63.75

07:41:11 PM  CPU    %usr   %nice    %sys %iowait    %irq   %soft  %steal  %guest  %gnice   %idle
07:41:12 PM    0   35.11    0.00   18.09    0.00    0.00    6.38    0.00    0.00    0.00   40.43
07:41:12 PM    1   23.46    0.00    9.88    0.00    0.00    2.47    0.00    0.00    0.00   64.20

07:41:12 PM  CPU    %usr   %nice    %sys %iowait    %irq   %soft  %steal  %guest  %gnice   %idle
07:41:13 PM    0   33.68    0.00   23.16    0.00    0.00    4.21    0.00    0.00    0.00   38.95
07:41:13 PM    1   22.89    0.00   13.25    0.00    0.00    2.41    0.00    0.00    0.00   61.45

07:41:13 PM  CPU    %usr   %nice    %sys %iowait    %irq   %soft  %steal  %guest  %gnice   %idle
07:41:14 PM    0   36.26    0.00   17.58    0.00    0.00    6.59    0.00    0.00    0.00   39.56
07:41:14 PM    1   25.30    0.00   10.84    0.00    0.00    2.41    0.00    0.00    0.00   61.45

07:41:14 PM  CPU    %usr   %nice    %sys %iowait    %irq   %soft  %steal  %guest  %gnice   %idle
07:41:15 PM    0   39.36    0.00   18.09    0.00    0.00    4.26    0.00    0.00    0.00   38.30
07:41:15 PM    1   28.24    0.00    9.41    0.00    0.00    2.35    0.00    0.00    0.00   60.00

07:41:15 PM  CPU    %usr   %nice    %sys %iowait    %irq   %soft  %steal  %guest  %gnice   %idle
07:41:16 PM    0   35.11    0.00   18.09    0.00    0.00    6.38    0.00    0.00    0.00   40.43
07:41:16 PM    1   23.17    0.00    9.76    0.00    0.00    3.66    0.00    0.00    0.00   63.41

07:41:16 PM  CPU    %usr   %nice    %sys %iowait    %irq   %soft  %steal  %guest  %gnice   %idle
07:41:17 PM    0   34.78    0.00   16.30    0.00    0.00    7.61    0.00    0.00    0.00   41.30
07:41:17 PM    1   25.30    0.00    9.64    0.00    0.00    2.41    0.00    0.00    0.00   62.65

07:41:17 PM  CPU    %usr   %nice    %sys %iowait    %irq   %soft  %steal  %guest  %gnice   %idle
07:41:18 PM    0   36.96    0.00   18.48    0.00    0.00    6.52    0.00    0.00    0.00   38.04
07:41:18 PM    1   27.38    0.00    5.95    0.00    0.00    4.76    0.00    0.00    0.00   61.90

07:41:18 PM  CPU    %usr   %nice    %sys %iowait    %irq   %soft  %steal  %guest  %gnice   %idle
07:41:19 PM    0   36.36    0.00   13.13    0.00    0.00   12.12    0.00    0.00    0.00   38.38
07:41:19 PM    1   21.69    0.00   13.25    0.00    0.00    3.61    0.00    0.00    0.00   61.45

07:41:19 PM  CPU    %usr   %nice    %sys %iowait    %irq   %soft  %steal  %guest  %gnice   %idle
07:41:20 PM    0   37.23    0.00   19.15    0.00    0.00    5.32    0.00    0.00    0.00   38.30
07:41:20 PM    1   24.42    0.00   10.47    0.00    0.00    5.81    0.00    0.00    0.00   59.30

07:41:20 PM  CPU    %usr   %nice    %sys %iowait    %irq   %soft  %steal  %guest  %gnice   %idle
07:41:21 PM    0   40.21    0.00   14.43    0.00    0.00    6.19    0.00    0.00    0.00   39.18
07:41:21 PM    1   26.51    0.00    9.64    0.00    0.00    2.41    0.00    0.00    0.00   61.45

07:41:21 PM  CPU    %usr   %nice    %sys %iowait    %irq   %soft  %steal  %guest  %gnice   %idle
07:41:22 PM    0   39.33    0.00   16.85    0.00    0.00    4.49    0.00    0.00    0.00   39.33
07:41:22 PM    1   26.51    0.00    9.64    0.00    0.00    2.41    0.00    0.00    0.00   61.45

07:41:22 PM  CPU    %usr   %nice    %sys %iowait    %irq   %soft  %steal  %guest  %gnice   %idle
07:41:23 PM    0   38.95    0.00   14.74    0.00    0.00    5.26    0.00    0.00    0.00   41.05
07:41:23 PM    1   26.19    0.00    9.52    0.00    0.00    3.57    0.00    0.00    0.00   60.71

07:41:23 PM  CPU    %usr   %nice    %sys %iowait    %irq   %soft  %steal  %guest  %gnice   %idle
07:41:24 PM    0   36.17    0.00   19.15    0.00    0.00    6.38    0.00    0.00    0.00   38.30
07:41:24 PM    1   26.83    0.00    9.76    0.00    0.00    2.44    0.00    0.00    0.00   60.98

07:41:24 PM  CPU    %usr   %nice    %sys %iowait    %irq   %soft  %steal  %guest  %gnice   %idle
07:41:25 PM    0   35.11    0.00   15.96    0.00    0.00    9.57    0.00    0.00    0.00   39.36
07:41:25 PM    1   26.19    0.00   10.71    0.00    0.00    1.19    0.00    0.00    0.00   61.90

07:41:25 PM  CPU    %usr   %nice    %sys %iowait    %irq   %soft  %steal  %guest  %gnice   %idle
07:41:26 PM    0   31.52    0.00   18.48    0.00    0.00    7.61    0.00    0.00    0.00   42.39
07:41:26 PM    1   25.30    0.00    6.02    0.00    0.00    4.82    0.00    0.00    0.00   63.86

07:41:26 PM  CPU    %usr   %nice    %sys %iowait    %irq   %soft  %steal  %guest  %gnice   %idle
07:41:27 PM    0   37.23    0.00   21.28    0.00    0.00    4.26    0.00    0.00    0.00   37.23
07:41:27 PM    1   28.57    0.00    7.14    0.00    0.00    4.76    0.00    0.00    0.00   59.52

Average:     CPU    %usr   %nice    %sys %iowait    %irq   %soft  %steal  %guest  %gnice   %idle
Average:       0   35.72    0.00   17.97    0.00    0.00    6.90    0.00    0.00    0.00   39.41
Average:       1   26.05    0.00    9.30    0.00    0.00    2.90    0.00    0.00    0.00   61.75
