Linux 5.3.0-59-generic (ericmei) 	06/29/2020 	_x86_64_	(12 CPU)

07:26:22 PM  CPU    %usr   %nice    %sys %iowait    %irq   %soft  %steal  %guest  %gnice   %idle
07:26:23 PM    0   33.33    0.00   23.66    0.00    0.00    5.38    0.00    0.00    0.00   37.63
07:26:23 PM    1   24.71    0.00   10.59    0.00    0.00    2.35    0.00    0.00    0.00   62.35

07:26:23 PM  CPU    %usr   %nice    %sys %iowait    %irq   %soft  %steal  %guest  %gnice   %idle
07:26:24 PM    0   42.55    0.00   15.96    0.00    0.00    5.32    0.00    0.00    0.00   36.17
07:26:24 PM    1   26.19    0.00   10.71    0.00    0.00    2.38    0.00    0.00    0.00   60.71

07:26:24 PM  CPU    %usr   %nice    %sys %iowait    %irq   %soft  %steal  %guest  %gnice   %idle
07:26:25 PM    0   38.71    0.00   16.13    0.00    0.00    5.38    0.00    0.00    0.00   39.78
07:26:25 PM    1   28.57    0.00    9.52    0.00    0.00    1.19    0.00    0.00    0.00   60.71

07:26:25 PM  CPU    %usr   %nice    %sys %iowait    %irq   %soft  %steal  %guest  %gnice   %idle
07:26:26 PM    0   36.67    0.00   17.78    0.00    0.00    7.78    0.00    0.00    0.00   37.78
07:26:26 PM    1   26.83    0.00    9.76    0.00    0.00    2.44    0.00    0.00    0.00   60.98

07:26:26 PM  CPU    %usr   %nice    %sys %iowait    %irq   %soft  %steal  %guest  %gnice   %idle
07:26:27 PM    0   39.58    0.00   18.75    0.00    0.00    7.29    0.00    0.00    0.00   34.38
07:26:27 PM    1   25.88    0.00    7.06    0.00    0.00    4.71    0.00    0.00    0.00   62.35

07:26:27 PM  CPU    %usr   %nice    %sys %iowait    %irq   %soft  %steal  %guest  %gnice   %idle
07:26:28 PM    0   35.42    0.00   19.79    0.00    0.00    7.29    0.00    0.00    0.00   37.50
07:26:28 PM    1   26.51    0.00    9.64    0.00    0.00    3.61    0.00    0.00    0.00   60.24

07:26:28 PM  CPU    %usr   %nice    %sys %iowait    %irq   %soft  %steal  %guest  %gnice   %idle
07:26:29 PM    0   33.33    0.00   19.35    0.00    0.00    9.68    0.00    0.00    0.00   37.63
07:26:29 PM    1   23.53    0.00   11.76    0.00    0.00    2.35    0.00    0.00    0.00   62.35

07:26:29 PM  CPU    %usr   %nice    %sys %iowait    %irq   %soft  %steal  %guest  %gnice   %idle
07:26:30 PM    0   42.39    0.00   14.13    0.00    0.00    5.43    0.00    0.00    0.00   38.04
07:26:30 PM    1   27.16    0.00    7.41    0.00    0.00    2.47    0.00    0.00    0.00   62.96

07:26:30 PM  CPU    %usr   %nice    %sys %iowait    %irq   %soft  %steal  %guest  %gnice   %idle
07:26:31 PM    0   34.41    0.00   19.35    0.00    0.00    6.45    0.00    0.00    0.00   39.78
07:26:31 PM    1   22.89    0.00    9.64    0.00    0.00    3.61    0.00    0.00    0.00   63.86

07:26:31 PM  CPU    %usr   %nice    %sys %iowait    %irq   %soft  %steal  %guest  %gnice   %idle
07:26:32 PM    0   32.22    0.00   20.00    0.00    0.00    7.78    0.00    0.00    0.00   40.00
07:26:32 PM    1   26.25    0.00    8.75    0.00    0.00    1.25    0.00    0.00    0.00   63.75

07:26:32 PM  CPU    %usr   %nice    %sys %iowait    %irq   %soft  %steal  %guest  %gnice   %idle
07:26:33 PM    0   36.96    0.00   19.57    0.00    0.00    5.43    0.00    0.00    0.00   38.04
07:26:33 PM    1   22.62    0.00   11.90    0.00    0.00    4.76    0.00    0.00    0.00   60.71

07:26:33 PM  CPU    %usr   %nice    %sys %iowait    %irq   %soft  %steal  %guest  %gnice   %idle
07:26:34 PM    0   38.30    0.00   14.89    0.00    0.00    8.51    0.00    0.00    0.00   38.30
07:26:34 PM    1   22.89    0.00   10.84    0.00    0.00    2.41    0.00    0.00    0.00   63.86

07:26:34 PM  CPU    %usr   %nice    %sys %iowait    %irq   %soft  %steal  %guest  %gnice   %idle
07:26:35 PM    0   39.13    0.00   17.39    0.00    0.00    5.43    0.00    0.00    0.00   38.04
07:26:35 PM    1   26.51    0.00    9.64    0.00    0.00    3.61    0.00    0.00    0.00   60.24

07:26:35 PM  CPU    %usr   %nice    %sys %iowait    %irq   %soft  %steal  %guest  %gnice   %idle
07:26:36 PM    0   34.38    0.00   19.79    0.00    0.00    7.29    0.00    0.00    0.00   38.54
07:26:36 PM    1   27.71    0.00    7.23    0.00    0.00    2.41    0.00    0.00    0.00   62.65

07:26:36 PM  CPU    %usr   %nice    %sys %iowait    %irq   %soft  %steal  %guest  %gnice   %idle
07:26:37 PM    0   35.48    0.00   22.58    0.00    0.00    4.30    0.00    0.00    0.00   37.63
07:26:37 PM    1   24.10    0.00   10.84    0.00    0.00    2.41    0.00    0.00    0.00   62.65

07:26:37 PM  CPU    %usr   %nice    %sys %iowait    %irq   %soft  %steal  %guest  %gnice   %idle
07:26:38 PM    0   36.17    0.00   18.09    0.00    0.00    7.45    0.00    0.00    0.00   38.30
07:26:38 PM    1   25.30    0.00    8.43    0.00    0.00    3.61    0.00    0.00    0.00   62.65

07:26:38 PM  CPU    %usr   %nice    %sys %iowait    %irq   %soft  %steal  %guest  %gnice   %idle
07:26:39 PM    0   33.33    0.00   16.13    0.00    0.00   10.75    0.00    0.00    0.00   39.78
07:26:39 PM    1   21.95    0.00   12.20    0.00    0.00    2.44    0.00    0.00    0.00   63.41

07:26:39 PM  CPU    %usr   %nice    %sys %iowait    %irq   %soft  %steal  %guest  %gnice   %idle
07:26:40 PM    0   34.04    0.00   20.21    0.00    0.00    7.45    0.00    0.00    0.00   38.30
07:26:40 PM    1   27.06    0.00    8.24    0.00    0.00    3.53    0.00    0.00    0.00   61.18

07:26:40 PM  CPU    %usr   %nice    %sys %iowait    %irq   %soft  %steal  %guest  %gnice   %idle
07:26:41 PM    0   41.49    0.00   12.77    0.00    0.00    7.45    0.00    0.00    0.00   38.30
07:26:41 PM    1   25.29    0.00    9.20    0.00    0.00    5.75    0.00    0.00    0.00   59.77

07:26:41 PM  CPU    %usr   %nice    %sys %iowait    %irq   %soft  %steal  %guest  %gnice   %idle
07:26:42 PM    0   36.17    0.00   18.09    0.00    0.00    8.51    0.00    0.00    0.00   37.23
07:26:42 PM    1   21.69    0.00   14.46    0.00    0.00    2.41    0.00    0.00    0.00   61.45

07:26:42 PM  CPU    %usr   %nice    %sys %iowait    %irq   %soft  %steal  %guest  %gnice   %idle
07:26:43 PM    0   32.61    0.00   17.39    0.00    0.00    9.78    0.00    0.00    0.00   40.22
07:26:43 PM    1   24.39    0.00    8.54    0.00    0.00    3.66    0.00    0.00    0.00   63.41

07:26:43 PM  CPU    %usr   %nice    %sys %iowait    %irq   %soft  %steal  %guest  %gnice   %idle
07:26:44 PM    0   35.16    0.00   16.48    0.00    0.00    7.69    0.00    0.00    0.00   40.66
07:26:44 PM    1   23.81    0.00    9.52    0.00    0.00    3.57    0.00    0.00    0.00   63.10

07:26:44 PM  CPU    %usr   %nice    %sys %iowait    %irq   %soft  %steal  %guest  %gnice   %idle
07:26:45 PM    0   38.95    0.00   16.84    0.00    0.00    7.37    0.00    0.00    0.00   36.84
07:26:45 PM    1   26.74    0.00    9.30    0.00    0.00    4.65    0.00    0.00    0.00   59.30

07:26:45 PM  CPU    %usr   %nice    %sys %iowait    %irq   %soft  %steal  %guest  %gnice   %idle
07:26:46 PM    0   34.78    0.00   20.65    0.00    0.00    6.52    0.00    0.00    0.00   38.04
07:26:46 PM    1   27.71    0.00    7.23    0.00    0.00    3.61    0.00    0.00    0.00   61.45

07:26:46 PM  CPU    %usr   %nice    %sys %iowait    %irq   %soft  %steal  %guest  %gnice   %idle
07:26:47 PM    0   35.11    0.00   21.28    0.00    0.00    5.32    0.00    0.00    0.00   38.30
07:26:47 PM    1   20.93    0.00   12.79    0.00    0.00    4.65    0.00    0.00    0.00   61.63

07:26:47 PM  CPU    %usr   %nice    %sys %iowait    %irq   %soft  %steal  %guest  %gnice   %idle
07:26:48 PM    0   40.91    0.00   13.64    0.00    0.00    5.68    0.00    0.00    0.00   39.77
07:26:48 PM    1   23.46    0.00   11.11    0.00    0.00    2.47    0.00    0.00    0.00   62.96

07:26:48 PM  CPU    %usr   %nice    %sys %iowait    %irq   %soft  %steal  %guest  %gnice   %idle
07:26:49 PM    0   35.16    0.00   19.78    0.00    0.00    5.49    0.00    0.00    0.00   39.56
07:26:49 PM    1   24.69    0.00    9.88    0.00    0.00    1.23    0.00    0.00    0.00   64.20

07:26:49 PM  CPU    %usr   %nice    %sys %iowait    %irq   %soft  %steal  %guest  %gnice   %idle
07:26:50 PM    0   34.04    0.00   18.09    0.00    0.00    8.51    0.00    0.00    0.00   39.36
07:26:50 PM    1   24.10    0.00   10.84    0.00    0.00    2.41    0.00    0.00    0.00   62.65

07:26:50 PM  CPU    %usr   %nice    %sys %iowait    %irq   %soft  %steal  %guest  %gnice   %idle
07:26:51 PM    0   31.18    0.00   21.51    0.00    0.00    6.45    0.00    0.00    0.00   40.86
07:26:51 PM    1   25.00    0.00    8.33    0.00    0.00    3.57    0.00    0.00    0.00   63.10

07:26:51 PM  CPU    %usr   %nice    %sys %iowait    %irq   %soft  %steal  %guest  %gnice   %idle
07:26:52 PM    0   33.68    0.00   23.16    0.00    0.00    7.37    0.00    0.00    0.00   35.79
07:26:52 PM    1   25.93    0.00    9.88    0.00    0.00    2.47    0.00    0.00    0.00   61.73

07:26:52 PM  CPU    %usr   %nice    %sys %iowait    %irq   %soft  %steal  %guest  %gnice   %idle
07:26:53 PM    0   33.33    0.00   17.20    0.00    0.00    9.68    0.00    0.00    0.00   39.78
07:26:53 PM    1   25.61    0.00    7.32    0.00    0.00    2.44    0.00    0.00    0.00   64.63

07:26:53 PM  CPU    %usr   %nice    %sys %iowait    %irq   %soft  %steal  %guest  %gnice   %idle
07:26:54 PM    0   35.79    0.00   20.00    0.00    0.00    7.37    0.00    0.00    0.00   36.84
07:26:54 PM    1   27.71    0.00    6.02    0.00    0.00    2.41    0.00    0.00    0.00   63.86

07:26:54 PM  CPU    %usr   %nice    %sys %iowait    %irq   %soft  %steal  %guest  %gnice   %idle
07:26:55 PM    0   33.33    0.00   21.51    0.00    0.00    6.45    0.00    0.00    0.00   38.71
07:26:55 PM    1   26.19    0.00   10.71    0.00    0.00    2.38    0.00    0.00    0.00   60.71

07:26:55 PM  CPU    %usr   %nice    %sys %iowait    %irq   %soft  %steal  %guest  %gnice   %idle
07:26:56 PM    0   34.41    0.00   19.35    0.00    0.00    7.53    0.00    0.00    0.00   38.71
07:26:56 PM    1   28.40    0.00    8.64    0.00    0.00    0.00    0.00    0.00    0.00   62.96

07:26:56 PM  CPU    %usr   %nice    %sys %iowait    %irq   %soft  %steal  %guest  %gnice   %idle
07:26:57 PM    0   41.30    0.00   17.39    0.00    0.00    3.26    0.00    0.00    0.00   38.04
07:26:57 PM    1   25.00    0.00   10.71    0.00    0.00    3.57    0.00    0.00    0.00   60.71

07:26:57 PM  CPU    %usr   %nice    %sys %iowait    %irq   %soft  %steal  %guest  %gnice   %idle
07:26:58 PM    0   32.26    0.00   20.43    0.00    0.00    7.53    0.00    0.00    0.00   39.78
07:26:58 PM    1   26.51    0.00    8.43    0.00    0.00    2.41    0.00    0.00    0.00   62.65

07:26:58 PM  CPU    %usr   %nice    %sys %iowait    %irq   %soft  %steal  %guest  %gnice   %idle
07:26:59 PM    0   40.43    0.00   18.09    0.00    0.00    3.19    0.00    0.00    0.00   38.30
07:26:59 PM    1   22.35    0.00    9.41    0.00    0.00    5.88    0.00    0.00    0.00   62.35

07:26:59 PM  CPU    %usr   %nice    %sys %iowait    %irq   %soft  %steal  %guest  %gnice   %idle
07:27:00 PM    0   36.67    0.00   16.67    0.00    0.00    6.67    0.00    0.00    0.00   40.00
07:27:00 PM    1   23.75    0.00    7.50    0.00    0.00    3.75    0.00    0.00    0.00   65.00

07:27:00 PM  CPU    %usr   %nice    %sys %iowait    %irq   %soft  %steal  %guest  %gnice   %idle
07:27:01 PM    0   31.58    0.00   20.00    0.00    0.00    8.42    0.00    0.00    0.00   40.00
07:27:01 PM    1   21.43    0.00    9.52    0.00    0.00    5.95    0.00    0.00    0.00   63.10

07:27:01 PM  CPU    %usr   %nice    %sys %iowait    %irq   %soft  %steal  %guest  %gnice   %idle
07:27:02 PM    0   38.64    0.00   18.18    0.00    0.00    3.41    0.00    0.00    0.00   39.77
07:27:02 PM    1   20.48    0.00   12.05    0.00    0.00    3.61    0.00    0.00    0.00   63.86

07:27:02 PM  CPU    %usr   %nice    %sys %iowait    %irq   %soft  %steal  %guest  %gnice   %idle
07:27:03 PM    0   37.63    0.00   16.13    0.00    0.00    7.53    0.00    0.00    0.00   38.71
07:27:03 PM    1   25.30    0.00    8.43    0.00    0.00    3.61    0.00    0.00    0.00   62.65

07:27:03 PM  CPU    %usr   %nice    %sys %iowait    %irq   %soft  %steal  %guest  %gnice   %idle
07:27:04 PM    0   37.36    0.00   15.38    0.00    0.00    6.59    0.00    0.00    0.00   40.66
07:27:04 PM    1   23.75    0.00   10.00    0.00    0.00    1.25    0.00    0.00    0.00   65.00

07:27:04 PM  CPU    %usr   %nice    %sys %iowait    %irq   %soft  %steal  %guest  %gnice   %idle
07:27:05 PM    0   36.84    0.00   20.00    0.00    0.00    6.32    0.00    0.00    0.00   36.84
07:27:05 PM    1   25.00    0.00    8.33    0.00    0.00    4.76    0.00    0.00    0.00   61.90

07:27:05 PM  CPU    %usr   %nice    %sys %iowait    %irq   %soft  %steal  %guest  %gnice   %idle
07:27:06 PM    0   37.11    0.00   18.56    0.00    0.00    8.25    0.00    0.00    0.00   36.08
07:27:06 PM    1   25.30    0.00    8.43    0.00    0.00    4.82    0.00    0.00    0.00   61.45

07:27:06 PM  CPU    %usr   %nice    %sys %iowait    %irq   %soft  %steal  %guest  %gnice   %idle
07:27:07 PM    0   39.13    0.00   15.22    0.00    0.00    6.52    0.00    0.00    0.00   39.13
07:27:07 PM    1   26.19    0.00    9.52    0.00    0.00    2.38    0.00    0.00    0.00   61.90

07:27:07 PM  CPU    %usr   %nice    %sys %iowait    %irq   %soft  %steal  %guest  %gnice   %idle
07:27:08 PM    0   35.16    0.00   16.48    0.00    0.00    9.89    0.00    0.00    0.00   38.46
07:27:08 PM    1   24.39    0.00    9.76    0.00    0.00    2.44    0.00    0.00    0.00   63.41

07:27:08 PM  CPU    %usr   %nice    %sys %iowait    %irq   %soft  %steal  %guest  %gnice   %idle
07:27:09 PM    0   39.58    0.00   18.75    0.00    0.00   10.42    0.00    0.00    0.00   31.25
07:27:09 PM    1   23.81    0.00   11.90    0.00    0.00    2.38    0.00    0.00    0.00   61.90

07:27:09 PM  CPU    %usr   %nice    %sys %iowait    %irq   %soft  %steal  %guest  %gnice   %idle
07:27:10 PM    0   41.30    0.00   21.74    0.00    0.00    8.70    0.00    0.00    0.00   28.26
07:27:10 PM    1   30.12    0.00    7.23    0.00    0.00    1.20    0.00    0.00    0.00   61.45

07:27:10 PM  CPU    %usr   %nice    %sys %iowait    %irq   %soft  %steal  %guest  %gnice   %idle
07:27:11 PM    0   38.30    0.00   20.21    0.00    0.00    8.51    0.00    0.00    0.00   32.98
07:27:11 PM    1   27.50    0.00   10.00    0.00    0.00    2.50    0.00    0.00    0.00   60.00

07:27:11 PM  CPU    %usr   %nice    %sys %iowait    %irq   %soft  %steal  %guest  %gnice   %idle
07:27:12 PM    0   42.55    0.00   25.53    0.00    0.00    9.57    0.00    0.00    0.00   22.34
07:27:12 PM    1   30.95    0.00    8.33    0.00    0.00    2.38    0.00    0.00    0.00   58.33

07:27:12 PM  CPU    %usr   %nice    %sys %iowait    %irq   %soft  %steal  %guest  %gnice   %idle
07:27:13 PM    0   39.13    0.00   19.57    0.00    0.00    4.35    0.00    0.00    0.00   36.96
07:27:13 PM    1   25.61    0.00    9.76    0.00    0.00    2.44    0.00    0.00    0.00   62.20

07:27:13 PM  CPU    %usr   %nice    %sys %iowait    %irq   %soft  %steal  %guest  %gnice   %idle
07:27:14 PM    0   31.46    0.00   15.73    0.00    0.00   11.24    0.00    0.00    0.00   41.57
07:27:14 PM    1   25.00    0.00    5.95    0.00    0.00    4.76    0.00    0.00    0.00   64.29

07:27:14 PM  CPU    %usr   %nice    %sys %iowait    %irq   %soft  %steal  %guest  %gnice   %idle
07:27:15 PM    0   38.54    0.00   18.75    0.00    0.00    5.21    0.00    0.00    0.00   37.50
07:27:15 PM    1   28.05    0.00    6.10    0.00    0.00    2.44    0.00    0.00    0.00   63.41

07:27:15 PM  CPU    %usr   %nice    %sys %iowait    %irq   %soft  %steal  %guest  %gnice   %idle
07:27:16 PM    0   37.63    0.00   17.20    0.00    0.00    6.45    0.00    0.00    0.00   38.71
07:27:16 PM    1   27.71    0.00    8.43    0.00    0.00    1.20    0.00    0.00    0.00   62.65

07:27:16 PM  CPU    %usr   %nice    %sys %iowait    %irq   %soft  %steal  %guest  %gnice   %idle
07:27:17 PM    0   35.42    0.00   19.79    0.00    0.00    7.29    0.00    0.00    0.00   37.50
07:27:17 PM    1   26.83    0.00    7.32    0.00    0.00    3.66    0.00    0.00    0.00   62.20

07:27:17 PM  CPU    %usr   %nice    %sys %iowait    %irq   %soft  %steal  %guest  %gnice   %idle
07:27:18 PM    0   40.43    0.00   12.77    0.00    0.00    9.57    0.00    0.00    0.00   37.23
07:27:18 PM    1   25.00    0.00   11.90    0.00    0.00    1.19    0.00    0.00    0.00   61.90

07:27:18 PM  CPU    %usr   %nice    %sys %iowait    %irq   %soft  %steal  %guest  %gnice   %idle
07:27:19 PM    0   34.38    0.00   19.79    0.00    0.00    7.29    0.00    0.00    0.00   38.54
07:27:19 PM    1   21.69    0.00   12.05    0.00    0.00    3.61    0.00    0.00    0.00   62.65

07:27:19 PM  CPU    %usr   %nice    %sys %iowait    %irq   %soft  %steal  %guest  %gnice   %idle
07:27:20 PM    0   36.26    0.00   20.88    0.00    0.00    5.49    0.00    0.00    0.00   37.36
07:27:20 PM    1   29.27    0.00    8.54    0.00    0.00    0.00    0.00    0.00    0.00   62.20

07:27:20 PM  CPU    %usr   %nice    %sys %iowait    %irq   %soft  %steal  %guest  %gnice   %idle
07:27:21 PM    0   30.00    0.00   21.11    0.00    0.00    8.89    0.00    0.00    0.00   40.00
07:27:21 PM    1   27.16    0.00    6.17    0.00    0.00    2.47    0.00    0.00    0.00   64.20

07:27:21 PM  CPU    %usr   %nice    %sys %iowait    %irq   %soft  %steal  %guest  %gnice   %idle
07:27:22 PM    0   28.26    0.00   23.91    0.00    0.00    8.70    0.00    0.00    0.00   39.13
07:27:22 PM    1   25.30    0.00   12.05    0.00    0.00    1.20    0.00    0.00    0.00   61.45

07:27:22 PM  CPU    %usr   %nice    %sys %iowait    %irq   %soft  %steal  %guest  %gnice   %idle
07:27:23 PM    0   36.26    0.00   17.58    0.00    0.00    5.49    0.00    0.00    0.00   40.66
07:27:23 PM    1   27.38    0.00    7.14    0.00    0.00    3.57    0.00    0.00    0.00   61.90

07:27:23 PM  CPU    %usr   %nice    %sys %iowait    %irq   %soft  %steal  %guest  %gnice   %idle
07:27:24 PM    0   34.02    0.00   21.65    0.00    0.00    5.15    0.00    0.00    0.00   39.18
07:27:24 PM    1   24.14    0.00   11.49    0.00    0.00    4.60    0.00    0.00    0.00   59.77

07:27:24 PM  CPU    %usr   %nice    %sys %iowait    %irq   %soft  %steal  %guest  %gnice   %idle
07:27:25 PM    0   37.63    0.00   17.20    0.00    0.00    8.60    0.00    0.00    0.00   36.56
07:27:25 PM    1   26.51    0.00    9.64    0.00    0.00    1.20    0.00    0.00    0.00   62.65

07:27:25 PM  CPU    %usr   %nice    %sys %iowait    %irq   %soft  %steal  %guest  %gnice   %idle
07:27:26 PM    0   35.48    0.00   16.13    0.00    0.00    7.53    0.00    0.00    0.00   40.86
07:27:26 PM    1   21.95    0.00    9.76    0.00    0.00    2.44    0.00    0.00    0.00   65.85

07:27:26 PM  CPU    %usr   %nice    %sys %iowait    %irq   %soft  %steal  %guest  %gnice   %idle
07:27:27 PM    0   37.23    0.00   19.15    0.00    0.00    5.32    0.00    0.00    0.00   38.30
07:27:27 PM    1   24.39    0.00   10.98    0.00    0.00    2.44    0.00    0.00    0.00   62.20

07:27:27 PM  CPU    %usr   %nice    %sys %iowait    %irq   %soft  %steal  %guest  %gnice   %idle
07:27:28 PM    0   39.13    0.00   18.48    0.00    0.00    5.43    0.00    0.00    0.00   36.96
07:27:28 PM    1   27.71    0.00    9.64    0.00    0.00    2.41    0.00    0.00    0.00   60.24

07:27:28 PM  CPU    %usr   %nice    %sys %iowait    %irq   %soft  %steal  %guest  %gnice   %idle
07:27:29 PM    0   37.63    0.00   16.13    0.00    0.00    7.53    0.00    0.00    0.00   38.71
07:27:29 PM    1   23.53    0.00   12.94    0.00    0.00    2.35    0.00    0.00    0.00   61.18

07:27:29 PM  CPU    %usr   %nice    %sys %iowait    %irq   %soft  %steal  %guest  %gnice   %idle
07:27:30 PM    0   28.26    0.00   19.57    0.00    0.00   11.96    0.00    0.00    0.00   40.22
07:27:30 PM    1   27.06    0.00    9.41    0.00    0.00    2.35    0.00    0.00    0.00   61.18

07:27:30 PM  CPU    %usr   %nice    %sys %iowait    %irq   %soft  %steal  %guest  %gnice   %idle
07:27:31 PM    0   32.61    0.00   21.74    0.00    0.00    5.43    0.00    0.00    0.00   40.22
07:27:31 PM    1   26.83    0.00    8.54    0.00    0.00    1.22    0.00    0.00    0.00   63.41

07:27:31 PM  CPU    %usr   %nice    %sys %iowait    %irq   %soft  %steal  %guest  %gnice   %idle
07:27:32 PM    0   34.02    0.00   22.68    0.00    0.00    7.22    0.00    0.00    0.00   36.08
07:27:32 PM    1   25.88    0.00    9.41    0.00    0.00    4.71    0.00    0.00    0.00   60.00

07:27:32 PM  CPU    %usr   %nice    %sys %iowait    %irq   %soft  %steal  %guest  %gnice   %idle
07:27:33 PM    0   38.04    0.00   18.48    0.00    0.00    7.61    0.00    0.00    0.00   35.87
07:27:33 PM    1   21.95    0.00   10.98    0.00    0.00    3.66    0.00    0.00    0.00   63.41

07:27:33 PM  CPU    %usr   %nice    %sys %iowait    %irq   %soft  %steal  %guest  %gnice   %idle
07:27:34 PM    0   35.11    0.00   19.15    0.00    0.00    7.45    0.00    0.00    0.00   38.30
07:27:34 PM    1   22.89    0.00   12.05    0.00    0.00    3.61    0.00    0.00    0.00   61.45

07:27:34 PM  CPU    %usr   %nice    %sys %iowait    %irq   %soft  %steal  %guest  %gnice   %idle
07:27:35 PM    0   36.67    0.00   22.22    0.00    0.00    3.33    0.00    0.00    0.00   37.78
07:27:35 PM    1   29.41    0.00    9.41    0.00    0.00    2.35    0.00    0.00    0.00   58.82

07:27:35 PM  CPU    %usr   %nice    %sys %iowait    %irq   %soft  %steal  %guest  %gnice   %idle
07:27:36 PM    0   31.11    0.00   20.00    0.00    0.00    7.78    0.00    0.00    0.00   41.11
07:27:36 PM    1   30.95    0.00    4.76    0.00    0.00    1.19    0.00    0.00    0.00   63.10

07:27:36 PM  CPU    %usr   %nice    %sys %iowait    %irq   %soft  %steal  %guest  %gnice   %idle
07:27:37 PM    0   29.67    0.00   24.18    0.00    0.00    6.59    0.00    0.00    0.00   39.56
07:27:37 PM    1   23.17    0.00   12.20    0.00    0.00    1.22    0.00    0.00    0.00   63.41

07:27:37 PM  CPU    %usr   %nice    %sys %iowait    %irq   %soft  %steal  %guest  %gnice   %idle
07:27:38 PM    0   34.04    0.00   21.28    0.00    0.00    5.32    0.00    0.00    0.00   39.36
07:27:38 PM    1   24.39    0.00    8.54    0.00    0.00    2.44    0.00    0.00    0.00   64.63

07:27:38 PM  CPU    %usr   %nice    %sys %iowait    %irq   %soft  %steal  %guest  %gnice   %idle
07:27:39 PM    0   34.41    0.00   16.13    3.23    0.00    8.60    0.00    0.00    0.00   37.63
07:27:39 PM    1   23.17    0.00   10.98    4.88    0.00    2.44    0.00    0.00    0.00   58.54

07:27:39 PM  CPU    %usr   %nice    %sys %iowait    %irq   %soft  %steal  %guest  %gnice   %idle
07:27:40 PM    0   37.89    0.00   20.00    0.00    0.00    7.37    0.00    0.00    0.00   34.74
07:27:40 PM    1   27.50    0.00    8.75    0.00    0.00    1.25    0.00    0.00    0.00   62.50

07:27:40 PM  CPU    %usr   %nice    %sys %iowait    %irq   %soft  %steal  %guest  %gnice   %idle
07:27:41 PM    0   31.87    0.00   21.98    0.00    0.00    8.79    0.00    0.00    0.00   37.36
07:27:41 PM    1   29.76    0.00    9.52    0.00    0.00    1.19    0.00    0.00    0.00   59.52

07:27:41 PM  CPU    %usr   %nice    %sys %iowait    %irq   %soft  %steal  %guest  %gnice   %idle
07:27:42 PM    0   32.97    0.00   19.78    0.00    0.00    8.79    0.00    0.00    0.00   38.46
07:27:42 PM    1   26.83    0.00    6.10    0.00    0.00    3.66    0.00    0.00    0.00   63.41

07:27:42 PM  CPU    %usr   %nice    %sys %iowait    %irq   %soft  %steal  %guest  %gnice   %idle
07:27:43 PM    0   34.07    0.00   19.78    0.00    0.00    6.59    0.00    0.00    0.00   39.56
07:27:43 PM    1   25.30    0.00    9.64    0.00    0.00    3.61    0.00    0.00    0.00   61.45

07:27:43 PM  CPU    %usr   %nice    %sys %iowait    %irq   %soft  %steal  %guest  %gnice   %idle
07:27:44 PM    0   34.09    0.00   17.05    0.00    0.00    6.82    0.00    0.00    0.00   42.05
07:27:44 PM    1   27.38    0.00    5.95    0.00    0.00    3.57    0.00    0.00    0.00   63.10

07:27:44 PM  CPU    %usr   %nice    %sys %iowait    %irq   %soft  %steal  %guest  %gnice   %idle
07:27:45 PM    0   35.79    0.00   18.95    0.00    0.00    7.37    0.00    0.00    0.00   37.89
07:27:45 PM    1   28.40    0.00    7.41    0.00    0.00    1.23    0.00    0.00    0.00   62.96

07:27:45 PM  CPU    %usr   %nice    %sys %iowait    %irq   %soft  %steal  %guest  %gnice   %idle
07:27:46 PM    0   28.57    0.00   19.78    0.00    0.00    9.89    0.00    0.00    0.00   41.76
07:27:46 PM    1   26.74    0.00    5.81    0.00    0.00    3.49    0.00    0.00    0.00   63.95

07:27:46 PM  CPU    %usr   %nice    %sys %iowait    %irq   %soft  %steal  %guest  %gnice   %idle
07:27:47 PM    0   32.97    0.00   19.78    0.00    0.00    7.69    0.00    0.00    0.00   39.56
07:27:47 PM    1   25.30    0.00    8.43    0.00    0.00    4.82    0.00    0.00    0.00   61.45

07:27:47 PM  CPU    %usr   %nice    %sys %iowait    %irq   %soft  %steal  %guest  %gnice   %idle
07:27:48 PM    0   27.96    0.00   24.73    0.00    0.00    8.60    0.00    0.00    0.00   38.71
07:27:48 PM    1   21.95    0.00   10.98    0.00    0.00    2.44    0.00    0.00    0.00   64.63

07:27:48 PM  CPU    %usr   %nice    %sys %iowait    %irq   %soft  %steal  %guest  %gnice   %idle
07:27:49 PM    0   32.97    0.00   20.88    0.00    0.00    6.59    0.00    0.00    0.00   39.56
07:27:49 PM    1   27.71    0.00    8.43    0.00    0.00    2.41    0.00    0.00    0.00   61.45

07:27:49 PM  CPU    %usr   %nice    %sys %iowait    %irq   %soft  %steal  %guest  %gnice   %idle
07:27:50 PM    0   37.78    0.00   14.44    0.00    0.00    7.78    0.00    0.00    0.00   40.00
07:27:50 PM    1   25.61    0.00    9.76    0.00    0.00    0.00    0.00    0.00    0.00   64.63

07:27:50 PM  CPU    %usr   %nice    %sys %iowait    %irq   %soft  %steal  %guest  %gnice   %idle
07:27:51 PM    0   34.02    0.00   17.53    0.00    0.00   11.34    0.00    0.00    0.00   37.11
07:27:51 PM    1   24.71    0.00    9.41    0.00    0.00    3.53    0.00    0.00    0.00   62.35

07:27:51 PM  CPU    %usr   %nice    %sys %iowait    %irq   %soft  %steal  %guest  %gnice   %idle
07:27:52 PM    0   34.78    0.00   15.22    0.00    0.00   10.87    0.00    0.00    0.00   39.13
07:27:52 PM    1   22.89    0.00   10.84    0.00    0.00    3.61    0.00    0.00    0.00   62.65

07:27:52 PM  CPU    %usr   %nice    %sys %iowait    %irq   %soft  %steal  %guest  %gnice   %idle
07:27:53 PM    0   40.22    0.00   14.13    0.00    0.00    7.61    0.00    0.00    0.00   38.04
07:27:53 PM    1   27.06    0.00   10.59    0.00    0.00    2.35    0.00    0.00    0.00   60.00

07:27:53 PM  CPU    %usr   %nice    %sys %iowait    %irq   %soft  %steal  %guest  %gnice   %idle
07:27:54 PM    0   37.78    0.00   15.56    0.00    0.00    6.67    0.00    0.00    0.00   40.00
07:27:54 PM    1   23.46    0.00   11.11    0.00    0.00    2.47    0.00    0.00    0.00   62.96

07:27:54 PM  CPU    %usr   %nice    %sys %iowait    %irq   %soft  %steal  %guest  %gnice   %idle
07:27:55 PM    0   37.63    0.00   17.20    0.00    0.00    6.45    0.00    0.00    0.00   38.71
07:27:55 PM    1   23.53    0.00   12.94    0.00    0.00    2.35    0.00    0.00    0.00   61.18

07:27:55 PM  CPU    %usr   %nice    %sys %iowait    %irq   %soft  %steal  %guest  %gnice   %idle
07:27:56 PM    0   34.41    0.00   19.35    0.00    0.00    6.45    0.00    0.00    0.00   39.78
07:27:56 PM    1   24.10    0.00    9.64    0.00    0.00    2.41    0.00    0.00    0.00   63.86

07:27:56 PM  CPU    %usr   %nice    %sys %iowait    %irq   %soft  %steal  %guest  %gnice   %idle
07:27:57 PM    0   43.48    0.00   14.13    0.00    0.00    2.17    0.00    0.00    0.00   40.22
07:27:57 PM    1   26.83    0.00    8.54    0.00    0.00    1.22    0.00    0.00    0.00   63.41

07:27:57 PM  CPU    %usr   %nice    %sys %iowait    %irq   %soft  %steal  %guest  %gnice   %idle
07:27:58 PM    0   36.26    0.00   17.58    0.00    0.00    6.59    0.00    0.00    0.00   39.56
07:27:58 PM    1   21.69    0.00   12.05    0.00    0.00    3.61    0.00    0.00    0.00   62.65

07:27:58 PM  CPU    %usr   %nice    %sys %iowait    %irq   %soft  %steal  %guest  %gnice   %idle
07:27:59 PM    0   34.78    0.00   14.13    0.00    0.00   11.96    0.00    0.00    0.00   39.13
07:27:59 PM    1   25.32    0.00    7.59    0.00    0.00    1.27    0.00    0.00    0.00   65.82

07:27:59 PM  CPU    %usr   %nice    %sys %iowait    %irq   %soft  %steal  %guest  %gnice   %idle
07:28:00 PM    0   36.56    0.00   20.43    0.00    0.00    5.38    0.00    0.00    0.00   37.63
07:28:00 PM    1   23.81    0.00   11.90    0.00    0.00    2.38    0.00    0.00    0.00   61.90

07:28:00 PM  CPU    %usr   %nice    %sys %iowait    %irq   %soft  %steal  %guest  %gnice   %idle
07:28:01 PM    0   35.87    0.00   18.48    0.00    0.00    7.61    0.00    0.00    0.00   38.04
07:28:01 PM    1   28.05    0.00    9.76    0.00    0.00    1.22    0.00    0.00    0.00   60.98

07:28:01 PM  CPU    %usr   %nice    %sys %iowait    %irq   %soft  %steal  %guest  %gnice   %idle
07:28:02 PM    0   36.36    0.00   17.05    0.00    0.00    5.68    0.00    0.00    0.00   40.91
07:28:02 PM    1   26.19    0.00    8.33    0.00    0.00    3.57    0.00    0.00    0.00   61.90

07:28:02 PM  CPU    %usr   %nice    %sys %iowait    %irq   %soft  %steal  %guest  %gnice   %idle
07:28:03 PM    0   36.96    0.00   19.57    0.00    0.00    6.52    0.00    0.00    0.00   36.96
07:28:03 PM    1   26.19    0.00    8.33    0.00    0.00    4.76    0.00    0.00    0.00   60.71

07:28:03 PM  CPU    %usr   %nice    %sys %iowait    %irq   %soft  %steal  %guest  %gnice   %idle
07:28:04 PM    0   39.36    0.00   14.89    0.00    0.00    8.51    0.00    0.00    0.00   37.23
07:28:04 PM    1   25.30    0.00   10.84    0.00    0.00    2.41    0.00    0.00    0.00   61.45

07:28:04 PM  CPU    %usr   %nice    %sys %iowait    %irq   %soft  %steal  %guest  %gnice   %idle
07:28:05 PM    0   36.17    0.00   17.02    0.00    0.00    8.51    0.00    0.00    0.00   38.30
07:28:05 PM    1   26.58    0.00    5.06    0.00    0.00    1.27    0.00    0.00    0.00   67.09

07:28:05 PM  CPU    %usr   %nice    %sys %iowait    %irq   %soft  %steal  %guest  %gnice   %idle
07:28:06 PM    0   38.46    0.00   19.78    0.00    0.00    3.30    0.00    0.00    0.00   38.46
07:28:06 PM    1   27.71    0.00    7.23    0.00    0.00    3.61    0.00    0.00    0.00   61.45

07:28:06 PM  CPU    %usr   %nice    %sys %iowait    %irq   %soft  %steal  %guest  %gnice   %idle
07:28:07 PM    0   32.58    0.00   22.47    0.00    0.00    4.49    0.00    0.00    0.00   40.45
07:28:07 PM    1   25.88    0.00   10.59    0.00    0.00    2.35    0.00    0.00    0.00   61.18

07:28:07 PM  CPU    %usr   %nice    %sys %iowait    %irq   %soft  %steal  %guest  %gnice   %idle
07:28:08 PM    0   29.35    0.00   21.74    0.00    0.00    9.78    0.00    0.00    0.00   39.13
07:28:08 PM    1   24.69    0.00    8.64    0.00    0.00    2.47    0.00    0.00    0.00   64.20

07:28:08 PM  CPU    %usr   %nice    %sys %iowait    %irq   %soft  %steal  %guest  %gnice   %idle
07:28:09 PM    0   36.96    0.00   16.30    0.00    0.00    5.43    0.00    0.00    0.00   41.30
07:28:09 PM    1   22.62    0.00   10.71    0.00    0.00    2.38    0.00    0.00    0.00   64.29

07:28:09 PM  CPU    %usr   %nice    %sys %iowait    %irq   %soft  %steal  %guest  %gnice   %idle
07:28:10 PM    0   39.13    0.00   14.13    0.00    0.00    8.70    0.00    0.00    0.00   38.04
07:28:10 PM    1   28.40    0.00    8.64    0.00    0.00    0.00    0.00    0.00    0.00   62.96

07:28:10 PM  CPU    %usr   %nice    %sys %iowait    %irq   %soft  %steal  %guest  %gnice   %idle
07:28:11 PM    0   32.26    0.00   19.35    0.00    0.00    7.53    0.00    0.00    0.00   40.86
07:28:11 PM    1   23.53    0.00   11.76    0.00    0.00    1.18    0.00    0.00    0.00   63.53

07:28:11 PM  CPU    %usr   %nice    %sys %iowait    %irq   %soft  %steal  %guest  %gnice   %idle
07:28:12 PM    0   38.30    0.00   18.09    0.00    0.00    5.32    0.00    0.00    0.00   38.30
07:28:12 PM    1   24.10    0.00   10.84    0.00    0.00    3.61    0.00    0.00    0.00   61.45

07:28:12 PM  CPU    %usr   %nice    %sys %iowait    %irq   %soft  %steal  %guest  %gnice   %idle
07:28:13 PM    0   32.22    0.00   22.22    0.00    0.00    5.56    0.00    0.00    0.00   40.00
07:28:13 PM    1   28.05    0.00    7.32    0.00    0.00    1.22    0.00    0.00    0.00   63.41

07:28:13 PM  CPU    %usr   %nice    %sys %iowait    %irq   %soft  %steal  %guest  %gnice   %idle
07:28:14 PM    0   32.61    0.00   22.83    0.00    0.00    6.52    0.00    0.00    0.00   38.04
07:28:14 PM    1   25.30    0.00    9.64    0.00    0.00    2.41    0.00    0.00    0.00   62.65

07:28:14 PM  CPU    %usr   %nice    %sys %iowait    %irq   %soft  %steal  %guest  %gnice   %idle
07:28:15 PM    0   41.49    0.00   13.83    0.00    0.00    5.32    0.00    0.00    0.00   39.36
07:28:15 PM    1   22.35    0.00   11.76    0.00    0.00    3.53    0.00    0.00    0.00   62.35

07:28:15 PM  CPU    %usr   %nice    %sys %iowait    %irq   %soft  %steal  %guest  %gnice   %idle
07:28:16 PM    0   37.36    0.00   15.38    0.00    0.00    8.79    0.00    0.00    0.00   38.46
07:28:16 PM    1   27.06    0.00    9.41    0.00    0.00    2.35    0.00    0.00    0.00   61.18

07:28:16 PM  CPU    %usr   %nice    %sys %iowait    %irq   %soft  %steal  %guest  %gnice   %idle
07:28:17 PM    0   31.18    0.00   19.35    0.00    0.00    8.60    0.00    0.00    0.00   40.86
07:28:17 PM    1   24.10    0.00    8.43    0.00    0.00    2.41    0.00    0.00    0.00   65.06

07:28:17 PM  CPU    %usr   %nice    %sys %iowait    %irq   %soft  %steal  %guest  %gnice   %idle
07:28:18 PM    0   36.96    0.00   17.39    0.00    0.00    7.61    0.00    0.00    0.00   38.04
07:28:18 PM    1   27.16    0.00    8.64    0.00    0.00    1.23    0.00    0.00    0.00   62.96

07:28:18 PM  CPU    %usr   %nice    %sys %iowait    %irq   %soft  %steal  %guest  %gnice   %idle
07:28:19 PM    0   33.33    0.00   20.83    0.00    0.00    8.33    0.00    0.00    0.00   37.50
07:28:19 PM    1   24.42    0.00    9.30    0.00    0.00    5.81    0.00    0.00    0.00   60.47

07:28:19 PM  CPU    %usr   %nice    %sys %iowait    %irq   %soft  %steal  %guest  %gnice   %idle
07:28:20 PM    0   28.74    0.00   21.84    0.00    0.00    8.05    0.00    0.00    0.00   41.38
07:28:20 PM    1   23.81    0.00    9.52    0.00    0.00    3.57    0.00    0.00    0.00   63.10

07:28:20 PM  CPU    %usr   %nice    %sys %iowait    %irq   %soft  %steal  %guest  %gnice   %idle
07:28:21 PM    0   34.38    0.00   18.75    0.00    0.00    9.38    0.00    0.00    0.00   37.50
07:28:21 PM    1   25.00    0.00   10.00    0.00    0.00    1.25    0.00    0.00    0.00   63.75

07:28:21 PM  CPU    %usr   %nice    %sys %iowait    %irq   %soft  %steal  %guest  %gnice   %idle
07:28:22 PM    0   40.45    0.00   13.48    0.00    0.00    6.74    0.00    0.00    0.00   39.33
07:28:22 PM    1   23.53    0.00   11.76    0.00    0.00    3.53    0.00    0.00    0.00   61.18

Average:     CPU    %usr   %nice    %sys %iowait    %irq   %soft  %steal  %guest  %gnice   %idle
Average:       0   35.75    0.00   18.66    0.03    0.00    7.22    0.00    0.00    0.00   38.35
Average:       1   25.40    0.00    9.47    0.04    0.00    2.75    0.00    0.00    0.00   62.34
