Linux 5.3.0-59-generic (ericmei) 	06/29/2020 	_x86_64_	(12 CPU)

07:42:04 PM  CPU    %usr   %nice    %sys %iowait    %irq   %soft  %steal  %guest  %gnice   %idle
07:42:05 PM    0   33.33    0.00   18.28    0.00    0.00    8.60    0.00    0.00    0.00   39.78
07:42:05 PM    1   24.69    0.00    8.64    0.00    0.00    1.23    0.00    0.00    0.00   65.43

07:42:05 PM  CPU    %usr   %nice    %sys %iowait    %irq   %soft  %steal  %guest  %gnice   %idle
07:42:06 PM    0   31.96    0.00   17.53    0.00    0.00   10.31    0.00    0.00    0.00   40.21
07:42:06 PM    1   20.24    0.00   11.90    0.00    0.00    3.57    0.00    0.00    0.00   64.29

07:42:06 PM  CPU    %usr   %nice    %sys %iowait    %irq   %soft  %steal  %guest  %gnice   %idle
07:42:07 PM    0   29.03    0.00   22.58    0.00    0.00    7.53    0.00    0.00    0.00   40.86
07:42:07 PM    1   24.10    0.00   10.84    0.00    0.00    1.20    0.00    0.00    0.00   63.86

07:42:07 PM  CPU    %usr   %nice    %sys %iowait    %irq   %soft  %steal  %guest  %gnice   %idle
07:42:08 PM    0   30.93    0.00   21.65    0.00    0.00    9.28    0.00    0.00    0.00   38.14
07:42:08 PM    1   25.30    0.00    9.64    0.00    0.00    2.41    0.00    0.00    0.00   62.65

07:42:08 PM  CPU    %usr   %nice    %sys %iowait    %irq   %soft  %steal  %guest  %gnice   %idle
07:42:09 PM    0   30.11    0.00   20.43    0.00    0.00    8.60    0.00    0.00    0.00   40.86
07:42:09 PM    1   25.61    0.00    8.54    0.00    0.00    1.22    0.00    0.00    0.00   64.63

07:42:09 PM  CPU    %usr   %nice    %sys %iowait    %irq   %soft  %steal  %guest  %gnice   %idle
07:42:10 PM    0   34.74    0.00   21.05    0.00    0.00    6.32    0.00    0.00    0.00   37.89
07:42:10 PM    1   24.10    0.00   10.84    0.00    0.00    2.41    0.00    0.00    0.00   62.65

07:42:10 PM  CPU    %usr   %nice    %sys %iowait    %irq   %soft  %steal  %guest  %gnice   %idle
07:42:11 PM    0   34.38    0.00   21.88    0.00    0.00    5.21    0.00    0.00    0.00   38.54
07:42:11 PM    1   23.81    0.00    8.33    0.00    0.00    4.76    0.00    0.00    0.00   63.10

07:42:11 PM  CPU    %usr   %nice    %sys %iowait    %irq   %soft  %steal  %guest  %gnice   %idle
07:42:12 PM    0   34.74    0.00   15.79    0.00    0.00    9.47    0.00    0.00    0.00   40.00
07:42:12 PM    1   22.22    0.00   11.11    0.00    0.00    1.23    0.00    0.00    0.00   65.43

07:42:12 PM  CPU    %usr   %nice    %sys %iowait    %irq   %soft  %steal  %guest  %gnice   %idle
07:42:13 PM    0   41.57    0.00   16.85    0.00    0.00    1.12    0.00    0.00    0.00   40.45
07:42:13 PM    1   21.95    0.00   12.20    0.00    0.00    3.66    0.00    0.00    0.00   62.20

07:42:13 PM  CPU    %usr   %nice    %sys %iowait    %irq   %soft  %steal  %guest  %gnice   %idle
07:42:14 PM    0   36.46    0.00   15.62    0.00    0.00    9.38    0.00    0.00    0.00   38.54
07:42:14 PM    1   26.51    0.00    8.43    0.00    0.00    2.41    0.00    0.00    0.00   62.65

07:42:14 PM  CPU    %usr   %nice    %sys %iowait    %irq   %soft  %steal  %guest  %gnice   %idle
07:42:15 PM    0   36.84    0.00   17.89    0.00    0.00    6.32    0.00    0.00    0.00   38.95
07:42:15 PM    1   25.00    0.00    8.33    0.00    0.00    2.38    0.00    0.00    0.00   64.29

07:42:15 PM  CPU    %usr   %nice    %sys %iowait    %irq   %soft  %steal  %guest  %gnice   %idle
07:42:16 PM    0   34.41    0.00   17.20    0.00    0.00    8.60    0.00    0.00    0.00   39.78
07:42:16 PM    1   25.00    0.00   10.71    0.00    0.00    1.19    0.00    0.00    0.00   63.10

07:42:16 PM  CPU    %usr   %nice    %sys %iowait    %irq   %soft  %steal  %guest  %gnice   %idle
07:42:17 PM    0   34.74    0.00   18.95    0.00    0.00    5.26    0.00    0.00    0.00   41.05
07:42:17 PM    1   25.61    0.00    7.32    0.00    0.00    2.44    0.00    0.00    0.00   64.63

07:42:17 PM  CPU    %usr   %nice    %sys %iowait    %irq   %soft  %steal  %guest  %gnice   %idle
07:42:18 PM    0   37.76    0.00   15.31    0.00    0.00    8.16    0.00    0.00    0.00   38.78
07:42:18 PM    1   24.10    0.00    8.43    0.00    0.00    2.41    0.00    0.00    0.00   65.06

07:42:18 PM  CPU    %usr   %nice    %sys %iowait    %irq   %soft  %steal  %guest  %gnice   %idle
07:42:19 PM    0   38.46    0.00   15.38    0.00    0.00    5.49    0.00    0.00    0.00   40.66
07:42:19 PM    1   26.19    0.00    8.33    0.00    0.00    3.57    0.00    0.00    0.00   61.90

07:42:19 PM  CPU    %usr   %nice    %sys %iowait    %irq   %soft  %steal  %guest  %gnice   %idle
07:42:20 PM    0   38.30    0.00   18.09    0.00    0.00    5.32    0.00    0.00    0.00   38.30
07:42:20 PM    1   26.19    0.00    9.52    0.00    0.00    2.38    0.00    0.00    0.00   61.90

07:42:20 PM  CPU    %usr   %nice    %sys %iowait    %irq   %soft  %steal  %guest  %gnice   %idle
07:42:21 PM    0   37.23    0.00   14.89    0.00    0.00    7.45    0.00    0.00    0.00   40.43
07:42:21 PM    1   23.46    0.00    8.64    0.00    0.00    2.47    0.00    0.00    0.00   65.43

07:42:21 PM  CPU    %usr   %nice    %sys %iowait    %irq   %soft  %steal  %guest  %gnice   %idle
07:42:22 PM    0   36.46    0.00   16.67    0.00    0.00    6.25    0.00    0.00    0.00   40.62
07:42:22 PM    1   26.74    0.00    5.81    0.00    0.00    3.49    0.00    0.00    0.00   63.95

07:42:22 PM  CPU    %usr   %nice    %sys %iowait    %irq   %soft  %steal  %guest  %gnice   %idle
07:42:23 PM    0   35.16    0.00   16.48    0.00    0.00    7.69    0.00    0.00    0.00   40.66
07:42:23 PM    1   26.51    0.00    7.23    0.00    0.00    2.41    0.00    0.00    0.00   63.86

07:42:23 PM  CPU    %usr   %nice    %sys %iowait    %irq   %soft  %steal  %guest  %gnice   %idle
07:42:24 PM    0   35.79    0.00   20.00    0.00    0.00    5.26    0.00    0.00    0.00   38.95
07:42:24 PM    1   28.05    0.00    7.32    0.00    0.00    1.22    0.00    0.00    0.00   63.41

07:42:24 PM  CPU    %usr   %nice    %sys %iowait    %irq   %soft  %steal  %guest  %gnice   %idle
07:42:25 PM    0   32.58    0.00   17.98    0.00    0.00    5.62    0.00    0.00    0.00   43.82
07:42:25 PM    1   19.51    0.00   10.98    0.00    0.00    2.44    0.00    0.00    0.00   67.07

07:42:25 PM  CPU    %usr   %nice    %sys %iowait    %irq   %soft  %steal  %guest  %gnice   %idle
07:42:26 PM    0   30.21    0.00   25.00    0.00    0.00    5.21    0.00    0.00    0.00   39.58
07:42:26 PM    1   23.81    0.00   10.71    0.00    0.00    2.38    0.00    0.00    0.00   63.10

07:42:26 PM  CPU    %usr   %nice    %sys %iowait    %irq   %soft  %steal  %guest  %gnice   %idle
07:42:27 PM    0   38.95    0.00   14.74    0.00    0.00    6.32    0.00    0.00    0.00   40.00
07:42:27 PM    1   22.89    0.00    7.23    0.00    0.00    6.02    0.00    0.00    0.00   63.86

07:42:27 PM  CPU    %usr   %nice    %sys %iowait    %irq   %soft  %steal  %guest  %gnice   %idle
07:42:28 PM    0   35.42    0.00   17.71    0.00    0.00    7.29    0.00    0.00    0.00   39.58
07:42:28 PM    1   25.88    0.00    9.41    0.00    0.00    2.35    0.00    0.00    0.00   62.35

07:42:28 PM  CPU    %usr   %nice    %sys %iowait    %irq   %soft  %steal  %guest  %gnice   %idle
07:42:29 PM    0   32.97    0.00   20.88    0.00    0.00    6.59    0.00    0.00    0.00   39.56
07:42:29 PM    1   26.19    0.00    9.52    0.00    0.00    2.38    0.00    0.00    0.00   61.90

07:42:29 PM  CPU    %usr   %nice    %sys %iowait    %irq   %soft  %steal  %guest  %gnice   %idle
07:42:30 PM    0   36.56    0.00   16.13    0.00    0.00    6.45    0.00    0.00    0.00   40.86
07:42:30 PM    1   27.38    0.00    9.52    0.00    0.00    2.38    0.00    0.00    0.00   60.71

07:42:30 PM  CPU    %usr   %nice    %sys %iowait    %irq   %soft  %steal  %guest  %gnice   %idle
07:42:31 PM    0   32.63    0.00   17.89    0.00    0.00    9.47    0.00    0.00    0.00   40.00
07:42:31 PM    1   26.19    0.00    5.95    0.00    0.00    3.57    0.00    0.00    0.00   64.29

07:42:31 PM  CPU    %usr   %nice    %sys %iowait    %irq   %soft  %steal  %guest  %gnice   %idle
07:42:32 PM    0   30.85    0.00   19.15    0.00    0.00    9.57    0.00    0.00    0.00   40.43
07:42:32 PM    1   21.95    0.00    8.54    0.00    0.00    3.66    0.00    0.00    0.00   65.85

07:42:32 PM  CPU    %usr   %nice    %sys %iowait    %irq   %soft  %steal  %guest  %gnice   %idle
07:42:33 PM    0   38.95    0.00   14.74    0.00    0.00    7.37    0.00    0.00    0.00   38.95
07:42:33 PM    1   23.17    0.00   12.20    0.00    0.00    1.22    0.00    0.00    0.00   63.41

07:42:33 PM  CPU    %usr   %nice    %sys %iowait    %irq   %soft  %steal  %guest  %gnice   %idle
07:42:34 PM    0   35.48    0.00   17.20    0.00    0.00    6.45    0.00    0.00    0.00   40.86
07:42:34 PM    1   28.24    0.00    8.24    0.00    0.00    2.35    0.00    0.00    0.00   61.18

07:42:34 PM  CPU    %usr   %nice    %sys %iowait    %irq   %soft  %steal  %guest  %gnice   %idle
07:42:35 PM    0   36.67    0.00   17.78    0.00    0.00    4.44    0.00    0.00    0.00   41.11
07:42:35 PM    1   26.74    0.00    9.30    0.00    0.00    3.49    0.00    0.00    0.00   60.47

07:42:35 PM  CPU    %usr   %nice    %sys %iowait    %irq   %soft  %steal  %guest  %gnice   %idle
07:42:36 PM    0   36.84    0.00   14.74    0.00    0.00    9.47    0.00    0.00    0.00   38.95
07:42:36 PM    1   27.16    0.00    8.64    0.00    0.00    1.23    0.00    0.00    0.00   62.96

07:42:36 PM  CPU    %usr   %nice    %sys %iowait    %irq   %soft  %steal  %guest  %gnice   %idle
07:42:37 PM    0   35.42    0.00   17.71    0.00    0.00    7.29    0.00    0.00    0.00   39.58
07:42:37 PM    1   23.81    0.00    8.33    0.00    0.00    3.57    0.00    0.00    0.00   64.29

07:42:37 PM  CPU    %usr   %nice    %sys %iowait    %irq   %soft  %steal  %guest  %gnice   %idle
07:42:38 PM    0   31.25    0.00   21.88    0.00    0.00    7.29    0.00    0.00    0.00   39.58
07:42:38 PM    1   25.61    0.00    9.76    0.00    0.00    0.00    0.00    0.00    0.00   64.63

07:42:38 PM  CPU    %usr   %nice    %sys %iowait    %irq   %soft  %steal  %guest  %gnice   %idle
07:42:39 PM    0   36.17    0.00   17.02    0.00    0.00    8.51    0.00    0.00    0.00   38.30
07:42:39 PM    1   25.58    0.00    8.14    0.00    0.00    5.81    0.00    0.00    0.00   60.47

07:42:39 PM  CPU    %usr   %nice    %sys %iowait    %irq   %soft  %steal  %guest  %gnice   %idle
07:42:40 PM    0   34.74    0.00   15.79    0.00    0.00    8.42    0.00    0.00    0.00   41.05
07:42:40 PM    1   23.26    0.00    9.30    0.00    0.00    4.65    0.00    0.00    0.00   62.79

07:42:40 PM  CPU    %usr   %nice    %sys %iowait    %irq   %soft  %steal  %guest  %gnice   %idle
07:42:41 PM    0   31.87    0.00   17.58    0.00    0.00    7.69    0.00    0.00    0.00   42.86
07:42:41 PM    1   22.22    0.00    7.41    0.00    0.00    3.70    0.00    0.00    0.00   66.67

07:42:41 PM  CPU    %usr   %nice    %sys %iowait    %irq   %soft  %steal  %guest  %gnice   %idle
07:42:42 PM    0   29.79    0.00   22.34    0.00    0.00    6.38    0.00    0.00    0.00   41.49
07:42:42 PM    1   20.48    0.00   10.84    0.00    0.00    3.61    0.00    0.00    0.00   65.06

07:42:42 PM  CPU    %usr   %nice    %sys %iowait    %irq   %soft  %steal  %guest  %gnice   %idle
07:42:43 PM    0   32.97    0.00   17.58    0.00    0.00    8.79    0.00    0.00    0.00   40.66
07:42:43 PM    1   23.46    0.00    8.64    0.00    0.00    2.47    0.00    0.00    0.00   65.43

07:42:43 PM  CPU    %usr   %nice    %sys %iowait    %irq   %soft  %steal  %guest  %gnice   %idle
07:42:44 PM    0   37.76    0.00   15.31    0.00    0.00    8.16    0.00    0.00    0.00   38.78
07:42:44 PM    1   22.35    0.00   11.76    0.00    0.00    3.53    0.00    0.00    0.00   62.35

07:42:44 PM  CPU    %usr   %nice    %sys %iowait    %irq   %soft  %steal  %guest  %gnice   %idle
07:42:45 PM    0   30.43    0.00   21.74    0.00    0.00    6.52    0.00    0.00    0.00   41.30
07:42:45 PM    1   24.42    0.00    9.30    0.00    0.00    3.49    0.00    0.00    0.00   62.79

07:42:45 PM  CPU    %usr   %nice    %sys %iowait    %irq   %soft  %steal  %guest  %gnice   %idle
07:42:46 PM    0   33.33    0.00   18.28    0.00    0.00    7.53    0.00    0.00    0.00   40.86
07:42:46 PM    1   25.61    0.00    9.76    0.00    0.00    1.22    0.00    0.00    0.00   63.41

07:42:46 PM  CPU    %usr   %nice    %sys %iowait    %irq   %soft  %steal  %guest  %gnice   %idle
07:42:47 PM    0   34.78    0.00   17.39    0.00    0.00    7.61    0.00    0.00    0.00   40.22
07:42:47 PM    1   27.06    0.00    8.24    0.00    0.00    2.35    0.00    0.00    0.00   62.35

07:42:47 PM  CPU    %usr   %nice    %sys %iowait    %irq   %soft  %steal  %guest  %gnice   %idle
07:42:48 PM    0   38.30    0.00   18.09    0.00    0.00    4.26    0.00    0.00    0.00   39.36
07:42:48 PM    1   28.05    0.00    7.32    0.00    0.00    1.22    0.00    0.00    0.00   63.41

07:42:48 PM  CPU    %usr   %nice    %sys %iowait    %irq   %soft  %steal  %guest  %gnice   %idle
07:42:49 PM    0   36.84    0.00   17.89    0.00    0.00    6.32    0.00    0.00    0.00   38.95
07:42:49 PM    1   25.00    0.00    9.52    0.00    0.00    1.19    0.00    0.00    0.00   64.29

07:42:49 PM  CPU    %usr   %nice    %sys %iowait    %irq   %soft  %steal  %guest  %gnice   %idle
07:42:50 PM    0   31.25    0.00   19.79    0.00    0.00    7.29    0.00    0.00    0.00   41.67
07:42:50 PM    1   23.86    0.00    7.95    0.00    0.00    6.82    0.00    0.00    0.00   61.36

07:42:50 PM  CPU    %usr   %nice    %sys %iowait    %irq   %soft  %steal  %guest  %gnice   %idle
07:42:51 PM    0   31.18    0.00   19.35    0.00    0.00   10.75    0.00    0.00    0.00   38.71
07:42:51 PM    1   24.39    0.00   12.20    0.00    0.00    0.00    0.00    0.00    0.00   63.41

07:42:51 PM  CPU    %usr   %nice    %sys %iowait    %irq   %soft  %steal  %guest  %gnice   %idle
07:42:52 PM    0   40.62    0.00   14.58    0.00    0.00    7.29    0.00    0.00    0.00   37.50
07:42:52 PM    1   25.88    0.00    8.24    0.00    0.00    3.53    0.00    0.00    0.00   62.35

07:42:52 PM  CPU    %usr   %nice    %sys %iowait    %irq   %soft  %steal  %guest  %gnice   %idle
07:42:53 PM    0   33.33    0.00   17.20    0.00    0.00    7.53    0.00    0.00    0.00   41.94
07:42:53 PM    1   19.05    0.00   15.48    0.00    0.00    1.19    0.00    0.00    0.00   64.29

07:42:53 PM  CPU    %usr   %nice    %sys %iowait    %irq   %soft  %steal  %guest  %gnice   %idle
07:42:54 PM    0   32.98    0.00   18.09    0.00    0.00    7.45    0.00    0.00    0.00   41.49
07:42:54 PM    1   25.88    0.00    8.24    0.00    0.00    3.53    0.00    0.00    0.00   62.35

07:42:54 PM  CPU    %usr   %nice    %sys %iowait    %irq   %soft  %steal  %guest  %gnice   %idle
07:42:55 PM    0   34.07    0.00   13.19    0.00    0.00    9.89    0.00    0.00    0.00   42.86
07:42:55 PM    1   22.22    0.00    8.64    0.00    0.00    2.47    0.00    0.00    0.00   66.67

07:42:55 PM  CPU    %usr   %nice    %sys %iowait    %irq   %soft  %steal  %guest  %gnice   %idle
07:42:56 PM    0   41.05    0.00   10.53    0.00    0.00    8.42    0.00    0.00    0.00   40.00
07:42:56 PM    1   26.19    0.00    9.52    0.00    0.00    1.19    0.00    0.00    0.00   63.10

07:42:56 PM  CPU    %usr   %nice    %sys %iowait    %irq   %soft  %steal  %guest  %gnice   %idle
07:42:57 PM    0   31.58    0.00   18.95    0.00    0.00    9.47    0.00    0.00    0.00   40.00
07:42:57 PM    1   30.12    0.00    6.02    0.00    0.00    3.61    0.00    0.00    0.00   60.24

07:42:57 PM  CPU    %usr   %nice    %sys %iowait    %irq   %soft  %steal  %guest  %gnice   %idle
07:42:58 PM    0   35.11    0.00   17.02    0.00    0.00    6.38    0.00    0.00    0.00   41.49
07:42:58 PM    1   24.10    0.00    8.43    0.00    0.00    2.41    0.00    0.00    0.00   65.06

07:42:58 PM  CPU    %usr   %nice    %sys %iowait    %irq   %soft  %steal  %guest  %gnice   %idle
07:42:59 PM    0   31.52    0.00   17.39    0.00    0.00    8.70    0.00    0.00    0.00   42.39
07:42:59 PM    1   25.30    0.00    9.64    0.00    0.00    1.20    0.00    0.00    0.00   63.86

07:42:59 PM  CPU    %usr   %nice    %sys %iowait    %irq   %soft  %steal  %guest  %gnice   %idle
07:43:00 PM    0   37.63    0.00   17.20    0.00    0.00    6.45    0.00    0.00    0.00   38.71
07:43:00 PM    1   27.06    0.00    9.41    0.00    0.00    1.18    0.00    0.00    0.00   62.35

07:43:00 PM  CPU    %usr   %nice    %sys %iowait    %irq   %soft  %steal  %guest  %gnice   %idle
07:43:01 PM    0   35.48    0.00   17.20    0.00    0.00    7.53    0.00    0.00    0.00   39.78
07:43:01 PM    1   29.89    0.00    6.90    0.00    0.00    3.45    0.00    0.00    0.00   59.77

07:43:01 PM  CPU    %usr   %nice    %sys %iowait    %irq   %soft  %steal  %guest  %gnice   %idle
07:43:02 PM    0   37.63    0.00   17.20    0.00    0.00    4.30    0.00    0.00    0.00   40.86
07:43:02 PM    1   25.00    0.00    9.52    0.00    0.00    2.38    0.00    0.00    0.00   63.10

07:43:02 PM  CPU    %usr   %nice    %sys %iowait    %irq   %soft  %steal  %guest  %gnice   %idle
07:43:03 PM    0   28.72    0.00   22.34    0.00    0.00    9.57    0.00    0.00    0.00   39.36
07:43:03 PM    1   21.25    0.00   13.75    0.00    0.00    1.25    0.00    0.00    0.00   63.75

07:43:03 PM  CPU    %usr   %nice    %sys %iowait    %irq   %soft  %steal  %guest  %gnice   %idle
07:43:04 PM    0   35.48    0.00   16.13    0.00    0.00    8.60    0.00    0.00    0.00   39.78
07:43:04 PM    1   23.81    0.00   10.71    0.00    0.00    3.57    0.00    0.00    0.00   61.90

07:43:04 PM  CPU    %usr   %nice    %sys %iowait    %irq   %soft  %steal  %guest  %gnice   %idle
07:43:05 PM    0   38.04    0.00   15.22    0.00    0.00    5.43    0.00    0.00    0.00   41.30
07:43:05 PM    1   22.22    0.00    8.64    0.00    0.00    2.47    0.00    0.00    0.00   66.67

07:43:05 PM  CPU    %usr   %nice    %sys %iowait    %irq   %soft  %steal  %guest  %gnice   %idle
07:43:06 PM    0   34.38    0.00   16.67    0.00    0.00   10.42    0.00    0.00    0.00   38.54
07:43:06 PM    1   23.17    0.00   10.98    0.00    0.00    2.44    0.00    0.00    0.00   63.41

07:43:06 PM  CPU    %usr   %nice    %sys %iowait    %irq   %soft  %steal  %guest  %gnice   %idle
07:43:07 PM    0   34.69    0.00   16.33    0.00    0.00    9.18    0.00    0.00    0.00   39.80
07:43:07 PM    1   20.48    0.00    9.64    0.00    0.00    4.82    0.00    0.00    0.00   65.06

07:43:07 PM  CPU    %usr   %nice    %sys %iowait    %irq   %soft  %steal  %guest  %gnice   %idle
07:43:08 PM    0   38.78    0.00   18.37    0.00    0.00    5.10    0.00    0.00    0.00   37.76
07:43:08 PM    1   19.54    0.00   13.79    0.00    0.00    5.75    0.00    0.00    0.00   60.92

07:43:08 PM  CPU    %usr   %nice    %sys %iowait    %irq   %soft  %steal  %guest  %gnice   %idle
07:43:09 PM    0   31.00    0.00   18.00    0.00    0.00   13.00    0.00    0.00    0.00   38.00
07:43:09 PM    1   25.00    0.00   10.71    0.00    0.00    1.19    0.00    0.00    0.00   63.10

07:43:09 PM  CPU    %usr   %nice    %sys %iowait    %irq   %soft  %steal  %guest  %gnice   %idle
07:43:10 PM    0   38.95    0.00   14.74    0.00    0.00    6.32    0.00    0.00    0.00   40.00
07:43:10 PM    1   29.89    0.00    8.05    0.00    0.00    1.15    0.00    0.00    0.00   60.92

07:43:10 PM  CPU    %usr   %nice    %sys %iowait    %irq   %soft  %steal  %guest  %gnice   %idle
07:43:11 PM    0   32.29    0.00   18.75    0.00    0.00    9.38    0.00    0.00    0.00   39.58
07:43:11 PM    1   25.61    0.00    7.32    0.00    0.00    2.44    0.00    0.00    0.00   64.63

07:43:11 PM  CPU    %usr   %nice    %sys %iowait    %irq   %soft  %steal  %guest  %gnice   %idle
07:43:12 PM    0   35.11    0.00   15.96    0.00    0.00    8.51    0.00    0.00    0.00   40.43
07:43:12 PM    1   27.16    0.00    7.41    0.00    0.00    1.23    0.00    0.00    0.00   64.20

07:43:12 PM  CPU    %usr   %nice    %sys %iowait    %irq   %soft  %steal  %guest  %gnice   %idle
07:43:13 PM    0   35.11    0.00   18.09    0.00    0.00    6.38    0.00    0.00    0.00   40.43
07:43:13 PM    1   25.61    0.00    7.32    0.00    0.00    1.22    0.00    0.00    0.00   65.85

07:43:13 PM  CPU    %usr   %nice    %sys %iowait    %irq   %soft  %steal  %guest  %gnice   %idle
07:43:14 PM    0   35.48    0.00   19.35    0.00    0.00    3.23    0.00    0.00    0.00   41.94
07:43:14 PM    1   27.71    0.00    6.02    0.00    0.00    1.20    0.00    0.00    0.00   65.06

07:43:14 PM  CPU    %usr   %nice    %sys %iowait    %irq   %soft  %steal  %guest  %gnice   %idle
07:43:15 PM    0   35.79    0.00   15.79    0.00    0.00   10.53    0.00    0.00    0.00   37.89
07:43:15 PM    1   25.61    0.00    9.76    0.00    0.00    1.22    0.00    0.00    0.00   63.41

07:43:15 PM  CPU    %usr   %nice    %sys %iowait    %irq   %soft  %steal  %guest  %gnice   %idle
07:43:16 PM    0   32.26    0.00   21.51    0.00    0.00    5.38    0.00    0.00    0.00   40.86
07:43:16 PM    1   25.00    0.00   10.71    0.00    0.00    1.19    0.00    0.00    0.00   63.10

07:43:16 PM  CPU    %usr   %nice    %sys %iowait    %irq   %soft  %steal  %guest  %gnice   %idle
07:43:17 PM    0   37.36    0.00   15.38    0.00    0.00    5.49    0.00    0.00    0.00   41.76
07:43:17 PM    1   20.00    0.00   12.50    0.00    0.00    1.25    0.00    0.00    0.00   66.25

07:43:17 PM  CPU    %usr   %nice    %sys %iowait    %irq   %soft  %steal  %guest  %gnice   %idle
07:43:18 PM    0   36.17    0.00   19.15    0.00    0.00    5.32    0.00    0.00    0.00   39.36
07:43:18 PM    1   22.89    0.00   10.84    0.00    0.00    2.41    0.00    0.00    0.00   63.86

07:43:18 PM  CPU    %usr   %nice    %sys %iowait    %irq   %soft  %steal  %guest  %gnice   %idle
07:43:19 PM    0   32.29    0.00   18.75    0.00    0.00    9.38    0.00    0.00    0.00   39.58
07:43:19 PM    1   25.00    0.00    8.33    0.00    0.00    3.57    0.00    0.00    0.00   63.10

07:43:19 PM  CPU    %usr   %nice    %sys %iowait    %irq   %soft  %steal  %guest  %gnice   %idle
07:43:20 PM    0   37.23    0.00   17.02    0.00    0.00    7.45    0.00    0.00    0.00   38.30
07:43:20 PM    1   19.75    0.00   14.81    0.00    0.00    2.47    0.00    0.00    0.00   62.96

07:43:20 PM  CPU    %usr   %nice    %sys %iowait    %irq   %soft  %steal  %guest  %gnice   %idle
07:43:21 PM    0   28.89    0.00   20.00    0.00    0.00    7.78    0.00    0.00    0.00   43.33
07:43:21 PM    1   20.73    0.00   10.98    0.00    0.00    2.44    0.00    0.00    0.00   65.85

07:43:21 PM  CPU    %usr   %nice    %sys %iowait    %irq   %soft  %steal  %guest  %gnice   %idle
07:43:22 PM    0   34.04    0.00   18.09    0.00    0.00    7.45    0.00    0.00    0.00   40.43
07:43:22 PM    1   23.17    0.00    7.32    0.00    0.00    4.88    0.00    0.00    0.00   64.63

07:43:22 PM  CPU    %usr   %nice    %sys %iowait    %irq   %soft  %steal  %guest  %gnice   %idle
07:43:23 PM    0   37.63    0.00   16.13    0.00    0.00    7.53    0.00    0.00    0.00   38.71
07:43:23 PM    1   25.88    0.00    9.41    0.00    0.00    3.53    0.00    0.00    0.00   61.18

07:43:23 PM  CPU    %usr   %nice    %sys %iowait    %irq   %soft  %steal  %guest  %gnice   %idle
07:43:24 PM    0   35.48    0.00   18.28    0.00    0.00    6.45    0.00    0.00    0.00   39.78
07:43:24 PM    1   22.89    0.00   12.05    0.00    0.00    1.20    0.00    0.00    0.00   63.86

07:43:24 PM  CPU    %usr   %nice    %sys %iowait    %irq   %soft  %steal  %guest  %gnice   %idle
07:43:25 PM    0   34.74    0.00   17.89    0.00    0.00    8.42    0.00    0.00    0.00   38.95
07:43:25 PM    1   26.19    0.00    9.52    0.00    0.00    2.38    0.00    0.00    0.00   61.90

07:43:25 PM  CPU    %usr   %nice    %sys %iowait    %irq   %soft  %steal  %guest  %gnice   %idle
07:43:26 PM    0   32.26    0.00   21.51    0.00    0.00    8.60    0.00    0.00    0.00   37.63
07:43:26 PM    1   24.10    0.00    8.43    0.00    0.00    2.41    0.00    0.00    0.00   65.06

07:43:26 PM  CPU    %usr   %nice    %sys %iowait    %irq   %soft  %steal  %guest  %gnice   %idle
07:43:27 PM    0   36.56    0.00   16.13    0.00    0.00    6.45    0.00    0.00    0.00   40.86
07:43:27 PM    1   25.88    0.00    9.41    0.00    0.00    3.53    0.00    0.00    0.00   61.18

07:43:27 PM  CPU    %usr   %nice    %sys %iowait    %irq   %soft  %steal  %guest  %gnice   %idle
07:43:28 PM    0   39.18    0.00   18.56    0.00    0.00    5.15    0.00    0.00    0.00   37.11
07:43:28 PM    1   22.09    0.00   12.79    0.00    0.00    4.65    0.00    0.00    0.00   60.47

07:43:28 PM  CPU    %usr   %nice    %sys %iowait    %irq   %soft  %steal  %guest  %gnice   %idle
07:43:29 PM    0   34.74    0.00   16.84    0.00    0.00    7.37    0.00    0.00    0.00   41.05
07:43:29 PM    1   20.73    0.00   10.98    0.00    0.00    1.22    0.00    0.00    0.00   67.07

07:43:29 PM  CPU    %usr   %nice    %sys %iowait    %irq   %soft  %steal  %guest  %gnice   %idle
07:43:30 PM    0   35.79    0.00   18.95    0.00    0.00    5.26    0.00    0.00    0.00   40.00
07:43:30 PM    1   25.30    0.00    8.43    0.00    0.00    2.41    0.00    0.00    0.00   63.86

07:43:30 PM  CPU    %usr   %nice    %sys %iowait    %irq   %soft  %steal  %guest  %gnice   %idle
07:43:31 PM    0   34.78    0.00   19.57    0.00    0.00    4.35    0.00    0.00    0.00   41.30
07:43:31 PM    1   21.95    0.00    9.76    0.00    0.00    3.66    0.00    0.00    0.00   64.63

07:43:31 PM  CPU    %usr   %nice    %sys %iowait    %irq   %soft  %steal  %guest  %gnice   %idle
07:43:32 PM    0   40.43    0.00   12.77    0.00    0.00    5.32    0.00    0.00    0.00   41.49
07:43:32 PM    1   26.19    0.00    7.14    0.00    0.00    2.38    0.00    0.00    0.00   64.29

07:43:32 PM  CPU    %usr   %nice    %sys %iowait    %irq   %soft  %steal  %guest  %gnice   %idle
07:43:33 PM    0   30.53    0.00   22.11    0.00    0.00    7.37    0.00    0.00    0.00   40.00
07:43:33 PM    1   23.53    0.00   10.59    0.00    0.00    3.53    0.00    0.00    0.00   62.35

07:43:33 PM  CPU    %usr   %nice    %sys %iowait    %irq   %soft  %steal  %guest  %gnice   %idle
07:43:34 PM    0   34.41    0.00   19.35    0.00    0.00    5.38    0.00    0.00    0.00   40.86
07:43:34 PM    1   26.74    0.00   11.63    0.00    0.00    2.33    0.00    0.00    0.00   59.30

07:43:34 PM  CPU    %usr   %nice    %sys %iowait    %irq   %soft  %steal  %guest  %gnice   %idle
07:43:35 PM    0   31.96    0.00   20.62    0.00    0.00    8.25    0.00    0.00    0.00   39.18
07:43:35 PM    1   22.89    0.00   10.84    0.00    0.00    2.41    0.00    0.00    0.00   63.86

07:43:35 PM  CPU    %usr   %nice    %sys %iowait    %irq   %soft  %steal  %guest  %gnice   %idle
07:43:36 PM    0   35.05    0.00   17.53    0.00    0.00    9.28    0.00    0.00    0.00   38.14
07:43:36 PM    1   21.43    0.00   10.71    0.00    0.00    4.76    0.00    0.00    0.00   63.10

07:43:36 PM  CPU    %usr   %nice    %sys %iowait    %irq   %soft  %steal  %guest  %gnice   %idle
07:43:37 PM    0   35.11    0.00   19.15    0.00    0.00    6.38    0.00    0.00    0.00   39.36
07:43:37 PM    1   23.53    0.00    9.41    0.00    0.00    4.71    0.00    0.00    0.00   62.35

07:43:37 PM  CPU    %usr   %nice    %sys %iowait    %irq   %soft  %steal  %guest  %gnice   %idle
07:43:38 PM    0   34.38    0.00   16.67    0.00    0.00    8.33    0.00    0.00    0.00   40.62
07:43:38 PM    1   24.71    0.00    7.06    0.00    0.00    4.71    0.00    0.00    0.00   63.53

07:43:38 PM  CPU    %usr   %nice    %sys %iowait    %irq   %soft  %steal  %guest  %gnice   %idle
07:43:39 PM    0   29.17    0.00   20.83    0.00    0.00   11.46    0.00    0.00    0.00   38.54
07:43:39 PM    1   22.89    0.00   10.84    0.00    0.00    2.41    0.00    0.00    0.00   63.86

07:43:39 PM  CPU    %usr   %nice    %sys %iowait    %irq   %soft  %steal  %guest  %gnice   %idle
07:43:40 PM    0   30.85    0.00   23.40    0.00    0.00    5.32    0.00    0.00    0.00   40.43
07:43:40 PM    1   27.59    0.00    8.05    0.00    0.00    2.30    0.00    0.00    0.00   62.07

07:43:40 PM  CPU    %usr   %nice    %sys %iowait    %irq   %soft  %steal  %guest  %gnice   %idle
07:43:41 PM    0   29.90    0.00   24.74    0.00    0.00    7.22    0.00    0.00    0.00   38.14
07:43:41 PM    1   23.17    0.00   10.98    0.00    0.00    2.44    0.00    0.00    0.00   63.41

07:43:41 PM  CPU    %usr   %nice    %sys %iowait    %irq   %soft  %steal  %guest  %gnice   %idle
07:43:42 PM    0   33.33    0.00   18.28    0.00    0.00    7.53    0.00    0.00    0.00   40.86
07:43:42 PM    1   24.69    0.00    8.64    0.00    0.00    1.23    0.00    0.00    0.00   65.43

07:43:42 PM  CPU    %usr   %nice    %sys %iowait    %irq   %soft  %steal  %guest  %gnice   %idle
07:43:43 PM    0   37.63    0.00   18.28    0.00    0.00    5.38    0.00    0.00    0.00   38.71
07:43:43 PM    1   22.99    0.00   11.49    0.00    0.00    4.60    0.00    0.00    0.00   60.92

07:43:43 PM  CPU    %usr   %nice    %sys %iowait    %irq   %soft  %steal  %guest  %gnice   %idle
07:43:44 PM    0   32.98    0.00   17.02    0.00    0.00    8.51    0.00    0.00    0.00   41.49
07:43:44 PM    1   23.17    0.00    8.54    0.00    0.00    2.44    0.00    0.00    0.00   65.85

07:43:44 PM  CPU    %usr   %nice    %sys %iowait    %irq   %soft  %steal  %guest  %gnice   %idle
07:43:45 PM    0   34.74    0.00   16.84    0.00    0.00    9.47    0.00    0.00    0.00   38.95
07:43:45 PM    1   23.81    0.00    9.52    0.00    0.00    3.57    0.00    0.00    0.00   63.10

07:43:45 PM  CPU    %usr   %nice    %sys %iowait    %irq   %soft  %steal  %guest  %gnice   %idle
07:43:46 PM    0   36.26    0.00   17.58    0.00    0.00    6.59    0.00    0.00    0.00   39.56
07:43:46 PM    1   24.10    0.00   10.84    0.00    0.00    2.41    0.00    0.00    0.00   62.65

07:43:46 PM  CPU    %usr   %nice    %sys %iowait    %irq   %soft  %steal  %guest  %gnice   %idle
07:43:47 PM    0   31.18    0.00   19.35    0.00    0.00    7.53    0.00    0.00    0.00   41.94
07:43:47 PM    1   26.51    0.00    7.23    0.00    0.00    2.41    0.00    0.00    0.00   63.86

07:43:47 PM  CPU    %usr   %nice    %sys %iowait    %irq   %soft  %steal  %guest  %gnice   %idle
07:43:48 PM    0   36.26    0.00   17.58    0.00    0.00    5.49    0.00    0.00    0.00   40.66
07:43:48 PM    1   24.71    0.00    8.24    0.00    0.00    4.71    0.00    0.00    0.00   62.35

07:43:48 PM  CPU    %usr   %nice    %sys %iowait    %irq   %soft  %steal  %guest  %gnice   %idle
07:43:49 PM    0   34.74    0.00   18.95    0.00    0.00    6.32    0.00    0.00    0.00   40.00
07:43:49 PM    1   27.06    0.00    7.06    0.00    0.00    3.53    0.00    0.00    0.00   62.35

07:43:49 PM  CPU    %usr   %nice    %sys %iowait    %irq   %soft  %steal  %guest  %gnice   %idle
07:43:50 PM    0   38.71    0.00   16.13    0.00    0.00    5.38    0.00    0.00    0.00   39.78
07:43:50 PM    1   22.99    0.00   10.34    0.00    0.00    4.60    0.00    0.00    0.00   62.07

07:43:50 PM  CPU    %usr   %nice    %sys %iowait    %irq   %soft  %steal  %guest  %gnice   %idle
07:43:51 PM    0   36.84    0.00   20.00    0.00    0.00    4.21    0.00    0.00    0.00   38.95
07:43:51 PM    1   18.82    0.00   14.12    0.00    0.00    4.71    0.00    0.00    0.00   62.35

07:43:51 PM  CPU    %usr   %nice    %sys %iowait    %irq   %soft  %steal  %guest  %gnice   %idle
07:43:52 PM    0   37.23    0.00   17.02    0.00    0.00    5.32    0.00    0.00    0.00   40.43
07:43:52 PM    1   23.17    0.00    8.54    0.00    0.00    3.66    0.00    0.00    0.00   64.63

07:43:52 PM  CPU    %usr   %nice    %sys %iowait    %irq   %soft  %steal  %guest  %gnice   %idle
07:43:53 PM    0   33.68    0.00   21.05    0.00    0.00    7.37    0.00    0.00    0.00   37.89
07:43:53 PM    1   26.19    0.00    9.52    0.00    0.00    2.38    0.00    0.00    0.00   61.90

07:43:53 PM  CPU    %usr   %nice    %sys %iowait    %irq   %soft  %steal  %guest  %gnice   %idle
07:43:54 PM    0   30.00    0.00   22.22    0.00    0.00    6.67    0.00    0.00    0.00   41.11
07:43:54 PM    1   24.10    0.00    8.43    0.00    0.00    3.61    0.00    0.00    0.00   63.86

07:43:54 PM  CPU    %usr   %nice    %sys %iowait    %irq   %soft  %steal  %guest  %gnice   %idle
07:43:55 PM    0   34.74    0.00   17.89    0.00    0.00    5.26    0.00    0.00    0.00   42.11
07:43:55 PM    1   26.51    0.00    7.23    0.00    0.00    1.20    0.00    0.00    0.00   65.06

07:43:55 PM  CPU    %usr   %nice    %sys %iowait    %irq   %soft  %steal  %guest  %gnice   %idle
07:43:56 PM    0   34.04    0.00   17.02    0.00    0.00    8.51    0.00    0.00    0.00   40.43
07:43:56 PM    1   26.51    0.00    7.23    0.00    0.00    2.41    0.00    0.00    0.00   63.86

07:43:56 PM  CPU    %usr   %nice    %sys %iowait    %irq   %soft  %steal  %guest  %gnice   %idle
07:43:57 PM    0   44.21    0.00   11.58    0.00    0.00    5.26    0.00    0.00    0.00   38.95
07:43:57 PM    1   24.10    0.00   10.84    0.00    0.00    2.41    0.00    0.00    0.00   62.65

07:43:57 PM  CPU    %usr   %nice    %sys %iowait    %irq   %soft  %steal  %guest  %gnice   %idle
07:43:58 PM    0   34.74    0.00   17.89    0.00    0.00    8.42    0.00    0.00    0.00   38.95
07:43:58 PM    1   27.71    0.00    4.82    0.00    0.00    2.41    0.00    0.00    0.00   65.06

07:43:58 PM  CPU    %usr   %nice    %sys %iowait    %irq   %soft  %steal  %guest  %gnice   %idle
07:43:59 PM    0   29.79    0.00   15.96    0.00    0.00   11.70    0.00    0.00    0.00   42.55
07:43:59 PM    1   25.61    0.00    6.10    0.00    0.00    2.44    0.00    0.00    0.00   65.85

07:43:59 PM  CPU    %usr   %nice    %sys %iowait    %irq   %soft  %steal  %guest  %gnice   %idle
07:44:00 PM    0   35.42    0.00   17.71    0.00    0.00   10.42    0.00    0.00    0.00   36.46
07:44:00 PM    1   25.30    0.00   10.84    0.00    0.00    2.41    0.00    0.00    0.00   61.45

07:44:00 PM  CPU    %usr   %nice    %sys %iowait    %irq   %soft  %steal  %guest  %gnice   %idle
07:44:01 PM    0   38.30    0.00   18.09    0.00    0.00    4.26    0.00    0.00    0.00   39.36
07:44:01 PM    1   20.73    0.00   12.20    0.00    0.00    2.44    0.00    0.00    0.00   64.63

07:44:01 PM  CPU    %usr   %nice    %sys %iowait    %irq   %soft  %steal  %guest  %gnice   %idle
07:44:02 PM    0   32.98    0.00   13.83    0.00    0.00    9.57    0.00    0.00    0.00   43.62
07:44:02 PM    1   20.73    0.00    8.54    0.00    0.00    3.66    0.00    0.00    0.00   67.07

07:44:02 PM  CPU    %usr   %nice    %sys %iowait    %irq   %soft  %steal  %guest  %gnice   %idle
07:44:03 PM    0   33.33    0.00   18.89    0.00    0.00    5.56    0.00    0.00    0.00   42.22
07:44:03 PM    1   26.83    0.00    6.10    0.00    0.00    1.22    0.00    0.00    0.00   65.85

07:44:03 PM  CPU    %usr   %nice    %sys %iowait    %irq   %soft  %steal  %guest  %gnice   %idle
07:44:04 PM    0   35.42    0.00   19.79    0.00    0.00    6.25    0.00    0.00    0.00   38.54
07:44:04 PM    1   25.00    0.00   10.23    0.00    0.00    4.55    0.00    0.00    0.00   60.23

Average:     CPU    %usr   %nice    %sys %iowait    %irq   %soft  %steal  %guest  %gnice   %idle
Average:       0   34.74    0.00   17.99    0.00    0.00    7.27    0.00    0.00    0.00   40.00
Average:       1   24.45    0.00    9.38    0.00    0.00    2.73    0.00    0.00    0.00   63.44
