Linux 5.3.0-59-generic (ericmei) 	06/29/2020 	_x86_64_	(12 CPU)

07:47:18 PM  CPU    %usr   %nice    %sys %iowait    %irq   %soft  %steal  %guest  %gnice   %idle
07:47:19 PM    0   33.70    0.00   22.83    0.00    0.00    4.35    0.00    0.00    0.00   39.13
07:47:19 PM    1   23.17    0.00   12.20    0.00    0.00    1.22    0.00    0.00    0.00   63.41

07:47:19 PM  CPU    %usr   %nice    %sys %iowait    %irq   %soft  %steal  %guest  %gnice   %idle
07:47:20 PM    0   34.41    0.00   20.43    0.00    0.00    7.53    0.00    0.00    0.00   37.63
07:47:20 PM    1   27.71    0.00    9.64    0.00    0.00    0.00    0.00    0.00    0.00   62.65

07:47:20 PM  CPU    %usr   %nice    %sys %iowait    %irq   %soft  %steal  %guest  %gnice   %idle
07:47:21 PM    0   29.03    0.00   21.51    0.00    0.00    8.60    0.00    0.00    0.00   40.86
07:47:21 PM    1   22.89    0.00    7.23    0.00    0.00    6.02    0.00    0.00    0.00   63.86

07:47:21 PM  CPU    %usr   %nice    %sys %iowait    %irq   %soft  %steal  %guest  %gnice   %idle
07:47:22 PM    0   37.89    0.00   16.84    0.00    0.00    8.42    0.00    0.00    0.00   36.84
07:47:22 PM    1   25.00    0.00   11.90    0.00    0.00    2.38    0.00    0.00    0.00   60.71

07:47:22 PM  CPU    %usr   %nice    %sys %iowait    %irq   %soft  %steal  %guest  %gnice   %idle
07:47:23 PM    0   35.87    0.00   15.22    0.00    0.00    7.61    0.00    0.00    0.00   41.30
07:47:23 PM    1   25.61    0.00    7.32    0.00    0.00    1.22    0.00    0.00    0.00   65.85

07:47:23 PM  CPU    %usr   %nice    %sys %iowait    %irq   %soft  %steal  %guest  %gnice   %idle
07:47:24 PM    0   34.38    0.00   21.88    0.00    0.00    5.21    0.00    0.00    0.00   38.54
07:47:24 PM    1   27.71    0.00    4.82    0.00    0.00    4.82    0.00    0.00    0.00   62.65

07:47:24 PM  CPU    %usr   %nice    %sys %iowait    %irq   %soft  %steal  %guest  %gnice   %idle
07:47:25 PM    0   35.48    0.00   17.20    0.00    0.00    8.60    0.00    0.00    0.00   38.71
07:47:25 PM    1   25.30    0.00    9.64    0.00    0.00    2.41    0.00    0.00    0.00   62.65

07:47:25 PM  CPU    %usr   %nice    %sys %iowait    %irq   %soft  %steal  %guest  %gnice   %idle
07:47:26 PM    0   35.87    0.00   15.22    0.00    0.00    8.70    0.00    0.00    0.00   40.22
07:47:26 PM    1   25.58    0.00    8.14    0.00    0.00    3.49    0.00    0.00    0.00   62.79

07:47:26 PM  CPU    %usr   %nice    %sys %iowait    %irq   %soft  %steal  %guest  %gnice   %idle
07:47:27 PM    0   35.11    0.00   19.15    0.00    0.00    7.45    0.00    0.00    0.00   38.30
07:47:27 PM    1   25.61    0.00    8.54    0.00    0.00    2.44    0.00    0.00    0.00   63.41

07:47:27 PM  CPU    %usr   %nice    %sys %iowait    %irq   %soft  %steal  %guest  %gnice   %idle
07:47:28 PM    0   43.82    0.00   11.24    0.00    0.00    4.49    0.00    0.00    0.00   40.45
07:47:28 PM    1   28.92    0.00    6.02    0.00    0.00    2.41    0.00    0.00    0.00   62.65

07:47:28 PM  CPU    %usr   %nice    %sys %iowait    %irq   %soft  %steal  %guest  %gnice   %idle
07:47:29 PM    0   38.95    0.00   14.74    0.00    0.00    7.37    0.00    0.00    0.00   38.95
07:47:29 PM    1   26.14    0.00    7.95    0.00    0.00    5.68    0.00    0.00    0.00   60.23

07:47:29 PM  CPU    %usr   %nice    %sys %iowait    %irq   %soft  %steal  %guest  %gnice   %idle
07:47:30 PM    0   35.11    0.00   17.02    0.00    0.00    7.45    0.00    0.00    0.00   40.43
07:47:30 PM    1   23.81    0.00    8.33    0.00    0.00    2.38    0.00    0.00    0.00   65.48

07:47:30 PM  CPU    %usr   %nice    %sys %iowait    %irq   %soft  %steal  %guest  %gnice   %idle
07:47:31 PM    0   37.36    0.00   16.48    0.00    0.00    6.59    0.00    0.00    0.00   39.56
07:47:31 PM    1   25.00    0.00    9.52    0.00    0.00    2.38    0.00    0.00    0.00   63.10

07:47:31 PM  CPU    %usr   %nice    %sys %iowait    %irq   %soft  %steal  %guest  %gnice   %idle
07:47:32 PM    0   38.30    0.00   17.02    0.00    0.00    6.38    0.00    0.00    0.00   38.30
07:47:32 PM    1   26.83    0.00    6.10    0.00    0.00    2.44    0.00    0.00    0.00   64.63

07:47:32 PM  CPU    %usr   %nice    %sys %iowait    %irq   %soft  %steal  %guest  %gnice   %idle
07:47:33 PM    0   36.96    0.00   14.13    0.00    0.00    7.61    0.00    0.00    0.00   41.30
07:47:33 PM    1   24.05    0.00    6.33    0.00    0.00    2.53    0.00    0.00    0.00   67.09

07:47:33 PM  CPU    %usr   %nice    %sys %iowait    %irq   %soft  %steal  %guest  %gnice   %idle
07:47:34 PM    0   41.76    0.00   14.29    0.00    0.00    6.59    0.00    0.00    0.00   37.36
07:47:34 PM    1   25.29    0.00   11.49    0.00    0.00    3.45    0.00    0.00    0.00   59.77

07:47:34 PM  CPU    %usr   %nice    %sys %iowait    %irq   %soft  %steal  %guest  %gnice   %idle
07:47:35 PM    0   33.68    0.00   16.84    0.00    0.00    9.47    0.00    0.00    0.00   40.00
07:47:35 PM    1   23.17    0.00    9.76    0.00    0.00    2.44    0.00    0.00    0.00   64.63

07:47:35 PM  CPU    %usr   %nice    %sys %iowait    %irq   %soft  %steal  %guest  %gnice   %idle
07:47:36 PM    0   35.87    0.00   17.39    0.00    0.00    8.70    0.00    0.00    0.00   38.04
07:47:36 PM    1   26.19    0.00    9.52    0.00    0.00    2.38    0.00    0.00    0.00   61.90

07:47:36 PM  CPU    %usr   %nice    %sys %iowait    %irq   %soft  %steal  %guest  %gnice   %idle
07:47:37 PM    0   34.83    0.00   15.73    0.00    0.00    7.87    0.00    0.00    0.00   41.57
07:47:37 PM    1   26.19    0.00    9.52    0.00    0.00    1.19    0.00    0.00    0.00   63.10

07:47:37 PM  CPU    %usr   %nice    %sys %iowait    %irq   %soft  %steal  %guest  %gnice   %idle
07:47:38 PM    0   35.05    0.00   17.53    0.00    0.00    9.28    0.00    0.00    0.00   38.14
07:47:38 PM    1   25.00    0.00    9.52    0.00    0.00    2.38    0.00    0.00    0.00   63.10

07:47:38 PM  CPU    %usr   %nice    %sys %iowait    %irq   %soft  %steal  %guest  %gnice   %idle
07:47:39 PM    0   28.72    0.00   27.66    0.00    0.00    5.32    0.00    0.00    0.00   38.30
07:47:39 PM    1   27.38    0.00    7.14    0.00    0.00    3.57    0.00    0.00    0.00   61.90

07:47:39 PM  CPU    %usr   %nice    %sys %iowait    %irq   %soft  %steal  %guest  %gnice   %idle
07:47:40 PM    0   35.11    0.00   15.96    0.00    0.00    9.57    0.00    0.00    0.00   39.36
07:47:40 PM    1   25.30    0.00    7.23    0.00    0.00    2.41    0.00    0.00    0.00   65.06

07:47:40 PM  CPU    %usr   %nice    %sys %iowait    %irq   %soft  %steal  %guest  %gnice   %idle
07:47:41 PM    0   30.11    0.00   24.73    0.00    0.00    6.45    0.00    0.00    0.00   38.71
07:47:41 PM    1   27.91    0.00    5.81    0.00    0.00    3.49    0.00    0.00    0.00   62.79

07:47:41 PM  CPU    %usr   %nice    %sys %iowait    %irq   %soft  %steal  %guest  %gnice   %idle
07:47:42 PM    0   33.33    0.00   18.28    0.00    0.00    8.60    0.00    0.00    0.00   39.78
07:47:42 PM    1   18.52    0.00   12.35    0.00    0.00    2.47    0.00    0.00    0.00   66.67

07:47:42 PM  CPU    %usr   %nice    %sys %iowait    %irq   %soft  %steal  %guest  %gnice   %idle
07:47:43 PM    0   37.23    0.00   19.15    0.00    0.00    4.26    0.00    0.00    0.00   39.36
07:47:43 PM    1   25.30    0.00    9.64    0.00    0.00    1.20    0.00    0.00    0.00   63.86

07:47:43 PM  CPU    %usr   %nice    %sys %iowait    %irq   %soft  %steal  %guest  %gnice   %idle
07:47:44 PM    0   39.36    0.00   17.02    0.00    0.00    6.38    0.00    0.00    0.00   37.23
07:47:44 PM    1   23.46    0.00   11.11    0.00    0.00    1.23    0.00    0.00    0.00   64.20

07:47:44 PM  CPU    %usr   %nice    %sys %iowait    %irq   %soft  %steal  %guest  %gnice   %idle
07:47:45 PM    0   32.63    0.00   18.95    0.00    0.00   10.53    0.00    0.00    0.00   37.89
07:47:45 PM    1   28.92    0.00    4.82    0.00    0.00    2.41    0.00    0.00    0.00   63.86

07:47:45 PM  CPU    %usr   %nice    %sys %iowait    %irq   %soft  %steal  %guest  %gnice   %idle
07:47:46 PM    0   34.78    0.00   19.57    0.00    0.00    6.52    0.00    0.00    0.00   39.13
07:47:46 PM    1   25.30    0.00    8.43    0.00    0.00    2.41    0.00    0.00    0.00   63.86

07:47:46 PM  CPU    %usr   %nice    %sys %iowait    %irq   %soft  %steal  %guest  %gnice   %idle
07:47:47 PM    0   34.38    0.00   19.79    0.00    0.00    8.33    0.00    0.00    0.00   37.50
07:47:47 PM    1   25.58    0.00    9.30    0.00    0.00    4.65    0.00    0.00    0.00   60.47

07:47:47 PM  CPU    %usr   %nice    %sys %iowait    %irq   %soft  %steal  %guest  %gnice   %idle
07:47:48 PM    0   35.11    0.00   17.02    0.00    0.00    8.51    0.00    0.00    0.00   39.36
07:47:48 PM    1   25.29    0.00    8.05    0.00    0.00    4.60    0.00    0.00    0.00   62.07

07:47:48 PM  CPU    %usr   %nice    %sys %iowait    %irq   %soft  %steal  %guest  %gnice   %idle
07:47:49 PM    0   31.91    0.00   22.34    0.00    0.00    6.38    0.00    0.00    0.00   39.36
07:47:49 PM    1   24.69    0.00    6.17    0.00    0.00    4.94    0.00    0.00    0.00   64.20

07:47:49 PM  CPU    %usr   %nice    %sys %iowait    %irq   %soft  %steal  %guest  %gnice   %idle
07:47:50 PM    0   36.17    0.00   15.96    0.00    0.00    8.51    0.00    0.00    0.00   39.36
07:47:50 PM    1   26.19    0.00    7.14    0.00    0.00    2.38    0.00    0.00    0.00   64.29

07:47:50 PM  CPU    %usr   %nice    %sys %iowait    %irq   %soft  %steal  %guest  %gnice   %idle
07:47:51 PM    0   32.29    0.00   18.75    0.00    0.00    9.38    0.00    0.00    0.00   39.58
07:47:51 PM    1   23.81    0.00    8.33    0.00    0.00    3.57    0.00    0.00    0.00   64.29

07:47:51 PM  CPU    %usr   %nice    %sys %iowait    %irq   %soft  %steal  %guest  %gnice   %idle
07:47:52 PM    0   35.56    0.00   18.89    0.00    0.00    5.56    0.00    0.00    0.00   40.00
07:47:52 PM    1   24.71    0.00    9.41    0.00    0.00    3.53    0.00    0.00    0.00   62.35

07:47:52 PM  CPU    %usr   %nice    %sys %iowait    %irq   %soft  %steal  %guest  %gnice   %idle
07:47:53 PM    0   33.68    0.00   20.00    0.00    0.00    8.42    0.00    0.00    0.00   37.89
07:47:53 PM    1   28.05    0.00    4.88    0.00    0.00    2.44    0.00    0.00    0.00   64.63

07:47:53 PM  CPU    %usr   %nice    %sys %iowait    %irq   %soft  %steal  %guest  %gnice   %idle
07:47:54 PM    0   39.36    0.00   13.83    0.00    0.00    7.45    0.00    0.00    0.00   39.36
07:47:54 PM    1   25.58    0.00    6.98    0.00    0.00    4.65    0.00    0.00    0.00   62.79

07:47:54 PM  CPU    %usr   %nice    %sys %iowait    %irq   %soft  %steal  %guest  %gnice   %idle
07:47:55 PM    0   35.96    0.00   17.98    0.00    0.00    7.87    0.00    0.00    0.00   38.20
07:47:55 PM    1   25.00    0.00   10.71    0.00    0.00    3.57    0.00    0.00    0.00   60.71

07:47:55 PM  CPU    %usr   %nice    %sys %iowait    %irq   %soft  %steal  %guest  %gnice   %idle
07:47:56 PM    0   35.16    0.00   16.48    0.00    0.00    8.79    0.00    0.00    0.00   39.56
07:47:56 PM    1   25.61    0.00    8.54    0.00    0.00    2.44    0.00    0.00    0.00   63.41

07:47:56 PM  CPU    %usr   %nice    %sys %iowait    %irq   %soft  %steal  %guest  %gnice   %idle
07:47:57 PM    0   35.79    0.00   17.89    0.00    0.00    7.37    0.00    0.00    0.00   38.95
07:47:57 PM    1   21.95    0.00    9.76    0.00    0.00    3.66    0.00    0.00    0.00   64.63

07:47:57 PM  CPU    %usr   %nice    %sys %iowait    %irq   %soft  %steal  %guest  %gnice   %idle
07:47:58 PM    0   33.71    0.00   19.10    0.00    0.00    5.62    0.00    0.00    0.00   41.57
07:47:58 PM    1   26.19    0.00    8.33    0.00    0.00    2.38    0.00    0.00    0.00   63.10

07:47:58 PM  CPU    %usr   %nice    %sys %iowait    %irq   %soft  %steal  %guest  %gnice   %idle
07:47:59 PM    0   36.84    0.00   17.89    0.00    0.00    6.32    0.00    0.00    0.00   38.95
07:47:59 PM    1   27.38    0.00    7.14    0.00    0.00    2.38    0.00    0.00    0.00   63.10

07:47:59 PM  CPU    %usr   %nice    %sys %iowait    %irq   %soft  %steal  %guest  %gnice   %idle
07:48:00 PM    0   32.99    0.00   14.43    0.00    0.00   12.37    0.00    0.00    0.00   40.21
07:48:00 PM    1   26.74    0.00    8.14    0.00    0.00    3.49    0.00    0.00    0.00   61.63

07:48:00 PM  CPU    %usr   %nice    %sys %iowait    %irq   %soft  %steal  %guest  %gnice   %idle
07:48:01 PM    0   34.78    0.00   18.48    0.00    0.00    8.70    0.00    0.00    0.00   38.04
07:48:01 PM    1   21.69    0.00   12.05    0.00    0.00    3.61    0.00    0.00    0.00   62.65

07:48:01 PM  CPU    %usr   %nice    %sys %iowait    %irq   %soft  %steal  %guest  %gnice   %idle
07:48:02 PM    0   34.78    0.00   16.30    0.00    0.00    8.70    0.00    0.00    0.00   40.22
07:48:02 PM    1   25.93    0.00    6.17    0.00    0.00    1.23    0.00    0.00    0.00   66.67

07:48:02 PM  CPU    %usr   %nice    %sys %iowait    %irq   %soft  %steal  %guest  %gnice   %idle
07:48:03 PM    0   35.48    0.00   19.35    0.00    0.00    5.38    0.00    0.00    0.00   39.78
07:48:03 PM    1   25.00    0.00    8.33    0.00    0.00    3.57    0.00    0.00    0.00   63.10

07:48:03 PM  CPU    %usr   %nice    %sys %iowait    %irq   %soft  %steal  %guest  %gnice   %idle
07:48:04 PM    0   36.46    0.00   16.67    0.00    0.00    7.29    0.00    0.00    0.00   39.58
07:48:04 PM    1   28.05    0.00    4.88    0.00    0.00    1.22    0.00    0.00    0.00   65.85

07:48:04 PM  CPU    %usr   %nice    %sys %iowait    %irq   %soft  %steal  %guest  %gnice   %idle
07:48:05 PM    0   31.18    0.00   21.51    0.00    0.00    7.53    0.00    0.00    0.00   39.78
07:48:05 PM    1   21.95    0.00    8.54    0.00    0.00    3.66    0.00    0.00    0.00   65.85

07:48:05 PM  CPU    %usr   %nice    %sys %iowait    %irq   %soft  %steal  %guest  %gnice   %idle
07:48:06 PM    0   38.95    0.00   13.68    0.00    0.00    8.42    0.00    0.00    0.00   38.95
07:48:06 PM    1   22.22    0.00   11.11    0.00    0.00    2.47    0.00    0.00    0.00   64.20

07:48:06 PM  CPU    %usr   %nice    %sys %iowait    %irq   %soft  %steal  %guest  %gnice   %idle
07:48:07 PM    0   33.33    0.00   18.28    0.00    0.00    8.60    0.00    0.00    0.00   39.78
07:48:07 PM    1   23.53    0.00    9.41    0.00    0.00    4.71    0.00    0.00    0.00   62.35

07:48:07 PM  CPU    %usr   %nice    %sys %iowait    %irq   %soft  %steal  %guest  %gnice   %idle
07:48:08 PM    0   32.98    0.00   20.21    0.00    0.00    6.38    0.00    0.00    0.00   40.43
07:48:08 PM    1   20.93    0.00   12.79    0.00    0.00    3.49    0.00    0.00    0.00   62.79

07:48:08 PM  CPU    %usr   %nice    %sys %iowait    %irq   %soft  %steal  %guest  %gnice   %idle
07:48:09 PM    0   35.71    0.00   14.29    0.00    0.00   11.22    0.00    0.00    0.00   38.78
07:48:09 PM    1   26.51    0.00    7.23    0.00    0.00    2.41    0.00    0.00    0.00   63.86

07:48:09 PM  CPU    %usr   %nice    %sys %iowait    %irq   %soft  %steal  %guest  %gnice   %idle
07:48:10 PM    0   35.11    0.00   20.21    0.00    0.00    6.38    0.00    0.00    0.00   38.30
07:48:10 PM    1   23.26    0.00   10.47    0.00    0.00    4.65    0.00    0.00    0.00   61.63

07:48:10 PM  CPU    %usr   %nice    %sys %iowait    %irq   %soft  %steal  %guest  %gnice   %idle
07:48:11 PM    0   37.23    0.00   20.21    0.00    0.00    4.26    0.00    0.00    0.00   38.30
07:48:11 PM    1   30.59    0.00    8.24    0.00    0.00    1.18    0.00    0.00    0.00   60.00

07:48:11 PM  CPU    %usr   %nice    %sys %iowait    %irq   %soft  %steal  %guest  %gnice   %idle
07:48:12 PM    0   40.82    0.00   16.33    0.00    0.00    6.12    0.00    0.00    0.00   36.73
07:48:12 PM    1   23.81    0.00    8.33    0.00    0.00    4.76    0.00    0.00    0.00   63.10

07:48:12 PM  CPU    %usr   %nice    %sys %iowait    %irq   %soft  %steal  %guest  %gnice   %idle
07:48:13 PM    0   35.96    0.00   19.10    0.00    0.00    3.37    0.00    0.00    0.00   41.57
07:48:13 PM    1   25.61    0.00    9.76    0.00    0.00    0.00    0.00    0.00    0.00   64.63

07:48:13 PM  CPU    %usr   %nice    %sys %iowait    %irq   %soft  %steal  %guest  %gnice   %idle
07:48:14 PM    0   40.43    0.00   15.96    0.00    0.00    5.32    0.00    0.00    0.00   38.30
07:48:14 PM    1   21.18    0.00   11.76    0.00    0.00    4.71    0.00    0.00    0.00   62.35

07:48:14 PM  CPU    %usr   %nice    %sys %iowait    %irq   %soft  %steal  %guest  %gnice   %idle
07:48:15 PM    0   35.42    0.00   20.83    0.00    0.00    5.21    0.00    0.00    0.00   38.54
07:48:15 PM    1   23.53    0.00    7.06    0.00    0.00    5.88    0.00    0.00    0.00   63.53

07:48:15 PM  CPU    %usr   %nice    %sys %iowait    %irq   %soft  %steal  %guest  %gnice   %idle
07:48:16 PM    0   37.23    0.00   19.15    0.00    0.00    5.32    0.00    0.00    0.00   38.30
07:48:16 PM    1   28.57    0.00    7.14    0.00    0.00    2.38    0.00    0.00    0.00   61.90

07:48:16 PM  CPU    %usr   %nice    %sys %iowait    %irq   %soft  %steal  %guest  %gnice   %idle
07:48:17 PM    0   36.84    0.00   17.89    0.00    0.00    7.37    0.00    0.00    0.00   37.89
07:48:17 PM    1   22.73    0.00   13.64    0.00    0.00    4.55    0.00    0.00    0.00   59.09

07:48:17 PM  CPU    %usr   %nice    %sys %iowait    %irq   %soft  %steal  %guest  %gnice   %idle
07:48:18 PM    0   36.17    0.00   17.02    0.00    0.00    8.51    0.00    0.00    0.00   38.30
07:48:18 PM    1   25.00    0.00    9.52    0.00    0.00    2.38    0.00    0.00    0.00   63.10

07:48:18 PM  CPU    %usr   %nice    %sys %iowait    %irq   %soft  %steal  %guest  %gnice   %idle
07:48:19 PM    0   34.02    0.00   21.65    0.00    0.00    7.22    0.00    0.00    0.00   37.11
07:48:19 PM    1   25.00    0.00    9.52    0.00    0.00    2.38    0.00    0.00    0.00   63.10

07:48:19 PM  CPU    %usr   %nice    %sys %iowait    %irq   %soft  %steal  %guest  %gnice   %idle
07:48:20 PM    0   34.41    0.00   19.35    0.00    0.00    5.38    0.00    0.00    0.00   40.86
07:48:20 PM    1   24.10    0.00    9.64    0.00    0.00    1.20    0.00    0.00    0.00   65.06

07:48:20 PM  CPU    %usr   %nice    %sys %iowait    %irq   %soft  %steal  %guest  %gnice   %idle
07:48:21 PM    0   31.18    0.00   20.43    0.00    0.00    8.60    0.00    0.00    0.00   39.78
07:48:21 PM    1   27.38    0.00    7.14    0.00    0.00    1.19    0.00    0.00    0.00   64.29

07:48:21 PM  CPU    %usr   %nice    %sys %iowait    %irq   %soft  %steal  %guest  %gnice   %idle
07:48:22 PM    0   35.11    0.00   19.15    0.00    0.00    7.45    0.00    0.00    0.00   38.30
07:48:22 PM    1   23.17    0.00   10.98    0.00    0.00    2.44    0.00    0.00    0.00   63.41

07:48:22 PM  CPU    %usr   %nice    %sys %iowait    %irq   %soft  %steal  %guest  %gnice   %idle
07:48:23 PM    0   37.63    0.00   16.13    0.00    0.00    6.45    0.00    0.00    0.00   39.78
07:48:23 PM    1   25.29    0.00   10.34    0.00    0.00    3.45    0.00    0.00    0.00   60.92

07:48:23 PM  CPU    %usr   %nice    %sys %iowait    %irq   %soft  %steal  %guest  %gnice   %idle
07:48:24 PM    0   39.36    0.00   13.83    0.00    0.00    8.51    0.00    0.00    0.00   38.30
07:48:24 PM    1   27.71    0.00    6.02    0.00    0.00    2.41    0.00    0.00    0.00   63.86

07:48:24 PM  CPU    %usr   %nice    %sys %iowait    %irq   %soft  %steal  %guest  %gnice   %idle
07:48:25 PM    0   37.23    0.00   17.02    0.00    0.00    6.38    0.00    0.00    0.00   39.36
07:48:25 PM    1   26.83    0.00    8.54    0.00    0.00    0.00    0.00    0.00    0.00   64.63

07:48:25 PM  CPU    %usr   %nice    %sys %iowait    %irq   %soft  %steal  %guest  %gnice   %idle
07:48:26 PM    0   34.41    0.00   16.13    0.00    0.00    9.68    0.00    0.00    0.00   39.78
07:48:26 PM    1   20.73    0.00    9.76    0.00    0.00    3.66    0.00    0.00    0.00   65.85

07:48:26 PM  CPU    %usr   %nice    %sys %iowait    %irq   %soft  %steal  %guest  %gnice   %idle
07:48:27 PM    0   37.89    0.00   18.95    0.00    0.00    6.32    0.00    0.00    0.00   36.84
07:48:27 PM    1   24.71    0.00    9.41    0.00    0.00    5.88    0.00    0.00    0.00   60.00

07:48:27 PM  CPU    %usr   %nice    %sys %iowait    %irq   %soft  %steal  %guest  %gnice   %idle
07:48:28 PM    0   33.70    0.00   18.48    0.00    0.00    7.61    0.00    0.00    0.00   40.22
07:48:28 PM    1   27.59    0.00    8.05    0.00    0.00    3.45    0.00    0.00    0.00   60.92

07:48:28 PM  CPU    %usr   %nice    %sys %iowait    %irq   %soft  %steal  %guest  %gnice   %idle
07:48:29 PM    0   37.63    0.00   19.35    0.00    0.00    6.45    0.00    0.00    0.00   36.56
07:48:29 PM    1   25.30    0.00   10.84    0.00    0.00    2.41    0.00    0.00    0.00   61.45

07:48:29 PM  CPU    %usr   %nice    %sys %iowait    %irq   %soft  %steal  %guest  %gnice   %idle
07:48:30 PM    0   38.95    0.00   15.79    0.00    0.00    6.32    0.00    0.00    0.00   38.95
07:48:30 PM    1   24.10    0.00    8.43    0.00    0.00    3.61    0.00    0.00    0.00   63.86

07:48:30 PM  CPU    %usr   %nice    %sys %iowait    %irq   %soft  %steal  %guest  %gnice   %idle
07:48:31 PM    0   32.63    0.00   21.05    0.00    0.00    7.37    0.00    0.00    0.00   38.95
07:48:31 PM    1   25.00    0.00    8.33    0.00    0.00    3.57    0.00    0.00    0.00   63.10

07:48:31 PM  CPU    %usr   %nice    %sys %iowait    %irq   %soft  %steal  %guest  %gnice   %idle
07:48:32 PM    0   36.56    0.00   17.20    0.00    0.00    7.53    0.00    0.00    0.00   38.71
07:48:32 PM    1   25.58    0.00   11.63    0.00    0.00    2.33    0.00    0.00    0.00   60.47

07:48:32 PM  CPU    %usr   %nice    %sys %iowait    %irq   %soft  %steal  %guest  %gnice   %idle
07:48:33 PM    0   36.84    0.00   17.89    0.00    0.00    8.42    0.00    0.00    0.00   36.84
07:48:33 PM    1   25.61    0.00    7.32    0.00    0.00    3.66    0.00    0.00    0.00   63.41

07:48:33 PM  CPU    %usr   %nice    %sys %iowait    %irq   %soft  %steal  %guest  %gnice   %idle
07:48:34 PM    0   36.08    0.00   20.62    0.00    0.00    6.19    0.00    0.00    0.00   37.11
07:48:34 PM    1   26.74    0.00    9.30    0.00    0.00    2.33    0.00    0.00    0.00   61.63

07:48:34 PM  CPU    %usr   %nice    %sys %iowait    %irq   %soft  %steal  %guest  %gnice   %idle
07:48:35 PM    0   39.13    0.00   17.39    0.00    0.00    4.35    0.00    0.00    0.00   39.13
07:48:35 PM    1   26.44    0.00   10.34    0.00    0.00    2.30    0.00    0.00    0.00   60.92

07:48:35 PM  CPU    %usr   %nice    %sys %iowait    %irq   %soft  %steal  %guest  %gnice   %idle
07:48:36 PM    0   34.78    0.00   17.39    0.00    0.00    8.70    0.00    0.00    0.00   39.13
07:48:36 PM    1   25.61    0.00    7.32    0.00    0.00    2.44    0.00    0.00    0.00   64.63

07:48:36 PM  CPU    %usr   %nice    %sys %iowait    %irq   %soft  %steal  %guest  %gnice   %idle
07:48:37 PM    0   33.70    0.00   19.57    0.00    0.00    4.35    0.00    0.00    0.00   42.39
07:48:37 PM    1   22.89    0.00    8.43    0.00    0.00    2.41    0.00    0.00    0.00   66.27

07:48:37 PM  CPU    %usr   %nice    %sys %iowait    %irq   %soft  %steal  %guest  %gnice   %idle
07:48:38 PM    0   29.03    0.00   20.43    0.00    0.00   10.75    0.00    0.00    0.00   39.78
07:48:38 PM    1   26.51    0.00    8.43    0.00    0.00    1.20    0.00    0.00    0.00   63.86

07:48:38 PM  CPU    %usr   %nice    %sys %iowait    %irq   %soft  %steal  %guest  %gnice   %idle
07:48:39 PM    0   32.26    0.00   16.13    0.00    0.00   11.83    0.00    0.00    0.00   39.78
07:48:39 PM    1   27.59    0.00   10.34    0.00    0.00    2.30    0.00    0.00    0.00   59.77

07:48:39 PM  CPU    %usr   %nice    %sys %iowait    %irq   %soft  %steal  %guest  %gnice   %idle
07:48:40 PM    0   34.41    0.00   15.05    0.00    0.00    9.68    0.00    0.00    0.00   40.86
07:48:40 PM    1   21.43    0.00    9.52    0.00    0.00    4.76    0.00    0.00    0.00   64.29

07:48:40 PM  CPU    %usr   %nice    %sys %iowait    %irq   %soft  %steal  %guest  %gnice   %idle
07:48:41 PM    0   32.63    0.00   20.00    0.00    0.00    8.42    0.00    0.00    0.00   38.95
07:48:41 PM    1   25.00    0.00    8.33    0.00    0.00    4.76    0.00    0.00    0.00   61.90

07:48:41 PM  CPU    %usr   %nice    %sys %iowait    %irq   %soft  %steal  %guest  %gnice   %idle
07:48:42 PM    0   38.46    0.00   15.38    0.00    0.00    5.49    0.00    0.00    0.00   40.66
07:48:42 PM    1   25.61    0.00    9.76    0.00    0.00    1.22    0.00    0.00    0.00   63.41

07:48:42 PM  CPU    %usr   %nice    %sys %iowait    %irq   %soft  %steal  %guest  %gnice   %idle
07:48:43 PM    0   35.56    0.00   14.44    0.00    0.00    8.89    0.00    0.00    0.00   41.11
07:48:43 PM    1   22.62    0.00   11.90    0.00    0.00    2.38    0.00    0.00    0.00   63.10

07:48:43 PM  CPU    %usr   %nice    %sys %iowait    %irq   %soft  %steal  %guest  %gnice   %idle
07:48:44 PM    0   34.78    0.00   20.65    0.00    0.00    4.35    0.00    0.00    0.00   40.22
07:48:44 PM    1   25.30    0.00    8.43    0.00    0.00    2.41    0.00    0.00    0.00   63.86

07:48:44 PM  CPU    %usr   %nice    %sys %iowait    %irq   %soft  %steal  %guest  %gnice   %idle
07:48:45 PM    0   32.63    0.00   16.84    0.00    0.00   11.58    0.00    0.00    0.00   38.95
07:48:45 PM    1   26.19    0.00    8.33    0.00    0.00    2.38    0.00    0.00    0.00   63.10

07:48:45 PM  CPU    %usr   %nice    %sys %iowait    %irq   %soft  %steal  %guest  %gnice   %idle
07:48:46 PM    0   37.63    0.00   15.05    0.00    0.00    7.53    0.00    0.00    0.00   39.78
07:48:46 PM    1   22.62    0.00   10.71    0.00    0.00    3.57    0.00    0.00    0.00   63.10

07:48:46 PM  CPU    %usr   %nice    %sys %iowait    %irq   %soft  %steal  %guest  %gnice   %idle
07:48:47 PM    0   34.78    0.00   18.48    0.00    0.00    8.70    0.00    0.00    0.00   38.04
07:48:47 PM    1   30.12    0.00    4.82    0.00    0.00    2.41    0.00    0.00    0.00   62.65

07:48:47 PM  CPU    %usr   %nice    %sys %iowait    %irq   %soft  %steal  %guest  %gnice   %idle
07:48:48 PM    0   34.41    0.00   19.35    0.00    0.00    5.38    0.00    0.00    0.00   40.86
07:48:48 PM    1   25.29    0.00    9.20    0.00    0.00    4.60    0.00    0.00    0.00   60.92

07:48:48 PM  CPU    %usr   %nice    %sys %iowait    %irq   %soft  %steal  %guest  %gnice   %idle
07:48:49 PM    0   31.58    0.00   24.21    0.00    0.00    5.26    0.00    0.00    0.00   38.95
07:48:49 PM    1   21.69    0.00   10.84    0.00    0.00    3.61    0.00    0.00    0.00   63.86

07:48:49 PM  CPU    %usr   %nice    %sys %iowait    %irq   %soft  %steal  %guest  %gnice   %idle
07:48:50 PM    0   34.78    0.00   20.65    0.00    0.00    4.35    0.00    0.00    0.00   40.22
07:48:50 PM    1   23.81    0.00    9.52    0.00    0.00    3.57    0.00    0.00    0.00   63.10

07:48:50 PM  CPU    %usr   %nice    %sys %iowait    %irq   %soft  %steal  %guest  %gnice   %idle
07:48:51 PM    0   36.67    0.00   15.56    0.00    0.00    6.67    0.00    0.00    0.00   41.11
07:48:51 PM    1   24.39    0.00    9.76    0.00    0.00    1.22    0.00    0.00    0.00   64.63

07:48:51 PM  CPU    %usr   %nice    %sys %iowait    %irq   %soft  %steal  %guest  %gnice   %idle
07:48:52 PM    0   31.91    0.00   21.28    0.00    0.00    7.45    0.00    0.00    0.00   39.36
07:48:52 PM    1   24.71    0.00    9.41    0.00    0.00    2.35    0.00    0.00    0.00   63.53

07:48:52 PM  CPU    %usr   %nice    %sys %iowait    %irq   %soft  %steal  %guest  %gnice   %idle
07:48:53 PM    0   40.22    0.00   20.65    0.00    0.00    1.09    0.00    0.00    0.00   38.04
07:48:53 PM    1   25.93    0.00    6.17    0.00    0.00    2.47    0.00    0.00    0.00   65.43

07:48:53 PM  CPU    %usr   %nice    %sys %iowait    %irq   %soft  %steal  %guest  %gnice   %idle
07:48:54 PM    0   34.04    0.00   19.15    0.00    0.00    7.45    0.00    0.00    0.00   39.36
07:48:54 PM    1   24.39    0.00    7.32    0.00    0.00    3.66    0.00    0.00    0.00   64.63

07:48:54 PM  CPU    %usr   %nice    %sys %iowait    %irq   %soft  %steal  %guest  %gnice   %idle
07:48:55 PM    0   39.56    0.00   13.19    0.00    0.00    7.69    0.00    0.00    0.00   39.56
07:48:55 PM    1   27.38    0.00    8.33    0.00    0.00    1.19    0.00    0.00    0.00   63.10

07:48:55 PM  CPU    %usr   %nice    %sys %iowait    %irq   %soft  %steal  %guest  %gnice   %idle
07:48:56 PM    0   32.61    0.00   20.65    0.00    0.00    6.52    0.00    0.00    0.00   40.22
07:48:56 PM    1   26.19    0.00    8.33    0.00    0.00    2.38    0.00    0.00    0.00   63.10

07:48:56 PM  CPU    %usr   %nice    %sys %iowait    %irq   %soft  %steal  %guest  %gnice   %idle
07:48:57 PM    0   34.04    0.00   23.40    0.00    0.00    4.26    0.00    0.00    0.00   38.30
07:48:57 PM    1   24.69    0.00    7.41    0.00    0.00    4.94    0.00    0.00    0.00   62.96

07:48:57 PM  CPU    %usr   %nice    %sys %iowait    %irq   %soft  %steal  %guest  %gnice   %idle
07:48:58 PM    0   38.95    0.00   16.84    0.00    0.00    7.37    0.00    0.00    0.00   36.84
07:48:58 PM    1   22.89    0.00    9.64    0.00    0.00    3.61    0.00    0.00    0.00   63.86

07:48:58 PM  CPU    %usr   %nice    %sys %iowait    %irq   %soft  %steal  %guest  %gnice   %idle
07:48:59 PM    0   35.79    0.00   17.89    0.00    0.00    8.42    0.00    0.00    0.00   37.89
07:48:59 PM    1   23.17    0.00    9.76    0.00    0.00    2.44    0.00    0.00    0.00   64.63

07:48:59 PM  CPU    %usr   %nice    %sys %iowait    %irq   %soft  %steal  %guest  %gnice   %idle
07:49:00 PM    0   36.96    0.00   16.30    0.00    0.00    7.61    0.00    0.00    0.00   39.13
07:49:00 PM    1   27.06    0.00    7.06    0.00    0.00    3.53    0.00    0.00    0.00   62.35

07:49:00 PM  CPU    %usr   %nice    %sys %iowait    %irq   %soft  %steal  %guest  %gnice   %idle
07:49:01 PM    0   34.07    0.00   19.78    0.00    0.00    6.59    0.00    0.00    0.00   39.56
07:49:01 PM    1   21.69    0.00   12.05    0.00    0.00    2.41    0.00    0.00    0.00   63.86

07:49:01 PM  CPU    %usr   %nice    %sys %iowait    %irq   %soft  %steal  %guest  %gnice   %idle
07:49:02 PM    0   35.05    0.00   16.49    0.00    0.00   11.34    0.00    0.00    0.00   37.11
07:49:02 PM    1   28.57    0.00    7.14    0.00    0.00    2.38    0.00    0.00    0.00   61.90

07:49:02 PM  CPU    %usr   %nice    %sys %iowait    %irq   %soft  %steal  %guest  %gnice   %idle
07:49:03 PM    0   32.58    0.00   17.98    0.00    0.00    6.74    0.00    0.00    0.00   42.70
07:49:03 PM    1   22.89    0.00   10.84    0.00    0.00    2.41    0.00    0.00    0.00   63.86

07:49:03 PM  CPU    %usr   %nice    %sys %iowait    %irq   %soft  %steal  %guest  %gnice   %idle
07:49:04 PM    0   37.63    0.00   16.13    0.00    0.00    7.53    0.00    0.00    0.00   38.71
07:49:04 PM    1   24.39    0.00   10.98    0.00    0.00    1.22    0.00    0.00    0.00   63.41

07:49:04 PM  CPU    %usr   %nice    %sys %iowait    %irq   %soft  %steal  %guest  %gnice   %idle
07:49:05 PM    0   35.96    0.00   16.85    0.00    0.00    4.49    0.00    0.00    0.00   42.70
07:49:05 PM    1   25.88    0.00   10.59    0.00    0.00    1.18    0.00    0.00    0.00   62.35

07:49:05 PM  CPU    %usr   %nice    %sys %iowait    %irq   %soft  %steal  %guest  %gnice   %idle
07:49:06 PM    0   33.70    0.00   16.30    0.00    0.00    8.70    0.00    0.00    0.00   41.30
07:49:06 PM    1   21.43    0.00   10.71    0.00    0.00    3.57    0.00    0.00    0.00   64.29

07:49:06 PM  CPU    %usr   %nice    %sys %iowait    %irq   %soft  %steal  %guest  %gnice   %idle
07:49:07 PM    0   40.86    0.00   15.05    0.00    0.00    5.38    0.00    0.00    0.00   38.71
07:49:07 PM    1   22.50    0.00   10.00    0.00    0.00    2.50    0.00    0.00    0.00   65.00

07:49:07 PM  CPU    %usr   %nice    %sys %iowait    %irq   %soft  %steal  %guest  %gnice   %idle
07:49:08 PM    0   35.79    0.00   17.89    0.00    0.00    7.37    0.00    0.00    0.00   38.95
07:49:08 PM    1   24.71    0.00    9.41    0.00    0.00    3.53    0.00    0.00    0.00   62.35

07:49:08 PM  CPU    %usr   %nice    %sys %iowait    %irq   %soft  %steal  %guest  %gnice   %idle
07:49:09 PM    0   33.70    0.00   23.91    0.00    0.00    2.17    0.00    0.00    0.00   40.22
07:49:09 PM    1   21.69    0.00    9.64    0.00    0.00    2.41    0.00    0.00    0.00   66.27

07:49:09 PM  CPU    %usr   %nice    %sys %iowait    %irq   %soft  %steal  %guest  %gnice   %idle
07:49:10 PM    0   29.79    0.00   20.21    0.00    0.00   10.64    0.00    0.00    0.00   39.36
07:49:10 PM    1   24.10    0.00    9.64    0.00    0.00    2.41    0.00    0.00    0.00   63.86

07:49:10 PM  CPU    %usr   %nice    %sys %iowait    %irq   %soft  %steal  %guest  %gnice   %idle
07:49:11 PM    0   38.46    0.00   16.48    0.00    0.00    5.49    0.00    0.00    0.00   39.56
07:49:11 PM    1   26.44    0.00    9.20    0.00    0.00    4.60    0.00    0.00    0.00   59.77

07:49:11 PM  CPU    %usr   %nice    %sys %iowait    %irq   %soft  %steal  %guest  %gnice   %idle
07:49:12 PM    0   30.53    0.00   21.05    0.00    0.00    6.32    0.00    0.00    0.00   42.11
07:49:12 PM    1   26.44    0.00    9.20    0.00    0.00    2.30    0.00    0.00    0.00   62.07

07:49:12 PM  CPU    %usr   %nice    %sys %iowait    %irq   %soft  %steal  %guest  %gnice   %idle
07:49:13 PM    0   36.96    0.00   19.57    0.00    0.00    4.35    0.00    0.00    0.00   39.13
07:49:13 PM    1   21.69    0.00   10.84    0.00    0.00    3.61    0.00    0.00    0.00   63.86

07:49:13 PM  CPU    %usr   %nice    %sys %iowait    %irq   %soft  %steal  %guest  %gnice   %idle
07:49:14 PM    0   38.54    0.00   14.58    0.00    0.00    8.33    0.00    0.00    0.00   38.54
07:49:14 PM    1   25.30    0.00    8.43    0.00    0.00    3.61    0.00    0.00    0.00   62.65

07:49:14 PM  CPU    %usr   %nice    %sys %iowait    %irq   %soft  %steal  %guest  %gnice   %idle
07:49:15 PM    0   36.17    0.00   18.09    0.00    0.00    7.45    0.00    0.00    0.00   38.30
07:49:15 PM    1   25.30    0.00    9.64    0.00    0.00    1.20    0.00    0.00    0.00   63.86

07:49:15 PM  CPU    %usr   %nice    %sys %iowait    %irq   %soft  %steal  %guest  %gnice   %idle
07:49:16 PM    0   33.70    0.00   18.48    0.00    0.00    6.52    0.00    0.00    0.00   41.30
07:49:16 PM    1   23.46    0.00    8.64    0.00    0.00    1.23    0.00    0.00    0.00   66.67

07:49:16 PM  CPU    %usr   %nice    %sys %iowait    %irq   %soft  %steal  %guest  %gnice   %idle
07:49:17 PM    0   39.13    0.00   16.30    0.00    0.00    5.43    0.00    0.00    0.00   39.13
07:49:17 PM    1   25.00    0.00    7.14    0.00    0.00    4.76    0.00    0.00    0.00   63.10

07:49:17 PM  CPU    %usr   %nice    %sys %iowait    %irq   %soft  %steal  %guest  %gnice   %idle
07:49:18 PM    0   35.16    0.00   19.78    0.00    0.00    5.49    0.00    0.00    0.00   39.56
07:49:18 PM    1   22.89    0.00   10.84    0.00    0.00    1.20    0.00    0.00    0.00   65.06

Average:     CPU    %usr   %nice    %sys %iowait    %irq   %soft  %steal  %guest  %gnice   %idle
Average:       0   35.46    0.00   18.12    0.00    0.00    7.19    0.00    0.00    0.00   39.23
Average:       1   24.98    0.00    8.92    0.00    0.00    2.87    0.00    0.00    0.00   63.23
