Linux 5.3.0-59-generic (ericmei) 	06/29/2020 	_x86_64_	(12 CPU)

07:49:55 PM  CPU    %usr   %nice    %sys %iowait    %irq   %soft  %steal  %guest  %gnice   %idle
07:49:56 PM    0   30.43    0.00   20.65    0.00    0.00    7.61    0.00    0.00    0.00   41.30
07:49:56 PM    1   26.51    0.00    7.23    0.00    0.00    3.61    0.00    0.00    0.00   62.65

07:49:56 PM  CPU    %usr   %nice    %sys %iowait    %irq   %soft  %steal  %guest  %gnice   %idle
07:49:57 PM    0   29.90    0.00   21.65    0.00    0.00    8.25    0.00    0.00    0.00   40.21
07:49:57 PM    1   24.71    0.00    8.24    0.00    0.00    4.71    0.00    0.00    0.00   62.35

07:49:57 PM  CPU    %usr   %nice    %sys %iowait    %irq   %soft  %steal  %guest  %gnice   %idle
07:49:58 PM    0   35.11    0.00   17.02    0.00    0.00    8.51    0.00    0.00    0.00   39.36
07:49:58 PM    1   26.51    0.00    9.64    0.00    0.00    3.61    0.00    0.00    0.00   60.24

07:49:58 PM  CPU    %usr   %nice    %sys %iowait    %irq   %soft  %steal  %guest  %gnice   %idle
07:49:59 PM    0   41.67    0.00   13.54    0.00    0.00    5.21    0.00    0.00    0.00   39.58
07:49:59 PM    1   27.38    0.00    8.33    0.00    0.00    2.38    0.00    0.00    0.00   61.90

07:49:59 PM  CPU    %usr   %nice    %sys %iowait    %irq   %soft  %steal  %guest  %gnice   %idle
07:50:00 PM    0   33.33    0.00   21.51    0.00    0.00    5.38    0.00    0.00    0.00   39.78
07:50:00 PM    1   28.40    0.00    7.41    0.00    0.00    1.23    0.00    0.00    0.00   62.96

07:50:00 PM  CPU    %usr   %nice    %sys %iowait    %irq   %soft  %steal  %guest  %gnice   %idle
07:50:01 PM    0   31.58    0.00   17.89    0.00    0.00    9.47    0.00    0.00    0.00   41.05
07:50:01 PM    1   24.39    0.00    9.76    0.00    0.00    2.44    0.00    0.00    0.00   63.41

07:50:01 PM  CPU    %usr   %nice    %sys %iowait    %irq   %soft  %steal  %guest  %gnice   %idle
07:50:02 PM    0   41.49    0.00   17.02    0.00    0.00    4.26    0.00    0.00    0.00   37.23
07:50:02 PM    1   26.19    0.00   10.71    0.00    0.00    2.38    0.00    0.00    0.00   60.71

07:50:02 PM  CPU    %usr   %nice    %sys %iowait    %irq   %soft  %steal  %guest  %gnice   %idle
07:50:03 PM    0   34.74    0.00   22.11    0.00    0.00    5.26    0.00    0.00    0.00   37.89
07:50:03 PM    1   30.59    0.00    5.88    0.00    0.00    4.71    0.00    0.00    0.00   58.82

07:50:03 PM  CPU    %usr   %nice    %sys %iowait    %irq   %soft  %steal  %guest  %gnice   %idle
07:50:04 PM    0   35.87    0.00   18.48    0.00    0.00    5.43    0.00    0.00    0.00   40.22
07:50:04 PM    1   30.59    0.00    8.24    0.00    0.00    2.35    0.00    0.00    0.00   58.82

07:50:04 PM  CPU    %usr   %nice    %sys %iowait    %irq   %soft  %steal  %guest  %gnice   %idle
07:50:05 PM    0   35.56    0.00   16.67    0.00    0.00    4.44    0.00    0.00    0.00   43.33
07:50:05 PM    1   30.12    0.00    4.82    0.00    0.00    2.41    0.00    0.00    0.00   62.65

07:50:05 PM  CPU    %usr   %nice    %sys %iowait    %irq   %soft  %steal  %guest  %gnice   %idle
07:50:06 PM    0   33.33    0.00   20.43    0.00    0.00    6.45    0.00    0.00    0.00   39.78
07:50:06 PM    1   27.71    0.00    9.64    0.00    0.00    1.20    0.00    0.00    0.00   61.45

07:50:06 PM  CPU    %usr   %nice    %sys %iowait    %irq   %soft  %steal  %guest  %gnice   %idle
07:50:07 PM    0   40.86    0.00   15.05    0.00    0.00    4.30    0.00    0.00    0.00   39.78
07:50:07 PM    1   27.38    0.00    7.14    0.00    0.00    3.57    0.00    0.00    0.00   61.90

07:50:07 PM  CPU    %usr   %nice    %sys %iowait    %irq   %soft  %steal  %guest  %gnice   %idle
07:50:08 PM    0   37.11    0.00   16.49    0.00    0.00    7.22    0.00    0.00    0.00   39.18
07:50:08 PM    1   27.06    0.00   10.59    0.00    0.00    1.18    0.00    0.00    0.00   61.18

07:50:08 PM  CPU    %usr   %nice    %sys %iowait    %irq   %soft  %steal  %guest  %gnice   %idle
07:50:09 PM    0   39.13    0.00   13.04    0.00    0.00    5.43    0.00    0.00    0.00   42.39
07:50:09 PM    1   23.46    0.00    7.41    0.00    0.00    3.70    0.00    0.00    0.00   65.43

07:50:09 PM  CPU    %usr   %nice    %sys %iowait    %irq   %soft  %steal  %guest  %gnice   %idle
07:50:10 PM    0   35.42    0.00   16.67    0.00    0.00    6.25    0.00    0.00    0.00   41.67
07:50:10 PM    1   24.10    0.00    8.43    0.00    0.00    4.82    0.00    0.00    0.00   62.65

07:50:10 PM  CPU    %usr   %nice    %sys %iowait    %irq   %soft  %steal  %guest  %gnice   %idle
07:50:11 PM    0   39.13    0.00   14.13    0.00    0.00    6.52    0.00    0.00    0.00   40.22
07:50:11 PM    1   25.93    0.00    7.41    0.00    0.00    1.23    0.00    0.00    0.00   65.43

07:50:11 PM  CPU    %usr   %nice    %sys %iowait    %irq   %soft  %steal  %guest  %gnice   %idle
07:50:12 PM    0   38.30    0.00   12.77    0.00    0.00    9.57    0.00    0.00    0.00   39.36
07:50:12 PM    1   25.30    0.00    9.64    0.00    0.00    2.41    0.00    0.00    0.00   62.65

07:50:12 PM  CPU    %usr   %nice    %sys %iowait    %irq   %soft  %steal  %guest  %gnice   %idle
07:50:13 PM    0   36.56    0.00   21.51    0.00    0.00    3.23    0.00    0.00    0.00   38.71
07:50:13 PM    1   24.39    0.00   12.20    0.00    0.00    1.22    0.00    0.00    0.00   62.20

07:50:13 PM  CPU    %usr   %nice    %sys %iowait    %irq   %soft  %steal  %guest  %gnice   %idle
07:50:14 PM    0   36.46    0.00   17.71    0.00    0.00    8.33    0.00    0.00    0.00   37.50
07:50:14 PM    1   25.61    0.00   10.98    0.00    0.00    1.22    0.00    0.00    0.00   62.20

07:50:14 PM  CPU    %usr   %nice    %sys %iowait    %irq   %soft  %steal  %guest  %gnice   %idle
07:50:15 PM    0   33.33    0.00   18.75    0.00    0.00    6.25    0.00    0.00    0.00   41.67
07:50:15 PM    1   21.69    0.00   10.84    0.00    0.00    2.41    0.00    0.00    0.00   65.06

07:50:15 PM  CPU    %usr   %nice    %sys %iowait    %irq   %soft  %steal  %guest  %gnice   %idle
07:50:16 PM    0   32.61    0.00   19.57    0.00    0.00    7.61    0.00    0.00    0.00   40.22
07:50:16 PM    1   23.81    0.00   10.71    0.00    0.00    3.57    0.00    0.00    0.00   61.90

07:50:16 PM  CPU    %usr   %nice    %sys %iowait    %irq   %soft  %steal  %guest  %gnice   %idle
07:50:17 PM    0   36.46    0.00   16.67    0.00    0.00    7.29    0.00    0.00    0.00   39.58
07:50:17 PM    1   25.61    0.00    9.76    0.00    0.00    2.44    0.00    0.00    0.00   62.20

07:50:17 PM  CPU    %usr   %nice    %sys %iowait    %irq   %soft  %steal  %guest  %gnice   %idle
07:50:18 PM    0   37.89    0.00   14.74    0.00    0.00    6.32    0.00    0.00    0.00   41.05
07:50:18 PM    1   25.00    0.00    9.52    0.00    0.00    3.57    0.00    0.00    0.00   61.90

07:50:18 PM  CPU    %usr   %nice    %sys %iowait    %irq   %soft  %steal  %guest  %gnice   %idle
07:50:19 PM    0   32.29    0.00   21.88    0.00    0.00    7.29    0.00    0.00    0.00   38.54
07:50:19 PM    1   28.92    0.00    6.02    0.00    0.00    3.61    0.00    0.00    0.00   61.45

07:50:19 PM  CPU    %usr   %nice    %sys %iowait    %irq   %soft  %steal  %guest  %gnice   %idle
07:50:20 PM    0   35.48    0.00   16.13    0.00    0.00    6.45    0.00    0.00    0.00   41.94
07:50:20 PM    1   24.71    0.00   10.59    0.00    0.00    2.35    0.00    0.00    0.00   62.35

07:50:20 PM  CPU    %usr   %nice    %sys %iowait    %irq   %soft  %steal  %guest  %gnice   %idle
07:50:21 PM    0   42.39    0.00   11.96    0.00    0.00    4.35    0.00    0.00    0.00   41.30
07:50:21 PM    1   26.83    0.00   10.98    0.00    0.00    0.00    0.00    0.00    0.00   62.20

07:50:21 PM  CPU    %usr   %nice    %sys %iowait    %irq   %soft  %steal  %guest  %gnice   %idle
07:50:22 PM    0   36.56    0.00   20.43    0.00    0.00    4.30    0.00    0.00    0.00   38.71
07:50:22 PM    1   28.57    0.00    7.14    0.00    0.00    4.76    0.00    0.00    0.00   59.52

07:50:22 PM  CPU    %usr   %nice    %sys %iowait    %irq   %soft  %steal  %guest  %gnice   %idle
07:50:23 PM    0   37.36    0.00   14.29    0.00    0.00    6.59    0.00    0.00    0.00   41.76
07:50:23 PM    1   22.22    0.00    9.88    0.00    0.00    3.70    0.00    0.00    0.00   64.20

07:50:23 PM  CPU    %usr   %nice    %sys %iowait    %irq   %soft  %steal  %guest  %gnice   %idle
07:50:24 PM    0   40.21    0.00   16.49    0.00    0.00    5.15    0.00    0.00    0.00   38.14
07:50:24 PM    1   27.06    0.00    9.41    0.00    0.00    2.35    0.00    0.00    0.00   61.18

07:50:24 PM  CPU    %usr   %nice    %sys %iowait    %irq   %soft  %steal  %guest  %gnice   %idle
07:50:25 PM    0   36.17    0.00   17.02    0.00    0.00    6.38    0.00    0.00    0.00   40.43
07:50:25 PM    1   28.24    0.00   10.59    0.00    0.00    2.35    0.00    0.00    0.00   58.82

07:50:25 PM  CPU    %usr   %nice    %sys %iowait    %irq   %soft  %steal  %guest  %gnice   %idle
07:50:26 PM    0   32.61    0.00   19.57    0.00    0.00    5.43    0.00    0.00    0.00   42.39
07:50:26 PM    1   26.74    0.00    9.30    0.00    0.00    3.49    0.00    0.00    0.00   60.47

07:50:26 PM  CPU    %usr   %nice    %sys %iowait    %irq   %soft  %steal  %guest  %gnice   %idle
07:50:27 PM    0   39.36    0.00   15.96    0.00    0.00    3.19    0.00    0.00    0.00   41.49
07:50:27 PM    1   27.16    0.00    8.64    0.00    0.00    1.23    0.00    0.00    0.00   62.96

07:50:27 PM  CPU    %usr   %nice    %sys %iowait    %irq   %soft  %steal  %guest  %gnice   %idle
07:50:28 PM    0   38.14    0.00   18.56    0.00    0.00    5.15    0.00    0.00    0.00   38.14
07:50:28 PM    1   22.89    0.00   12.05    0.00    0.00    3.61    0.00    0.00    0.00   61.45

07:50:28 PM  CPU    %usr   %nice    %sys %iowait    %irq   %soft  %steal  %guest  %gnice   %idle
07:50:29 PM    0   34.74    0.00   14.74    0.00    0.00    9.47    0.00    0.00    0.00   41.05
07:50:29 PM    1   26.19    0.00    9.52    0.00    0.00    1.19    0.00    0.00    0.00   63.10

07:50:29 PM  CPU    %usr   %nice    %sys %iowait    %irq   %soft  %steal  %guest  %gnice   %idle
07:50:30 PM    0   32.63    0.00   21.05    0.00    0.00    4.21    0.00    0.00    0.00   42.11
07:50:30 PM    1   25.30    0.00    9.64    0.00    0.00    2.41    0.00    0.00    0.00   62.65

07:50:30 PM  CPU    %usr   %nice    %sys %iowait    %irq   %soft  %steal  %guest  %gnice   %idle
07:50:31 PM    0   30.53    0.00   18.95    0.00    0.00    9.47    0.00    0.00    0.00   41.05
07:50:31 PM    1   23.81    0.00   10.71    0.00    0.00    2.38    0.00    0.00    0.00   63.10

07:50:31 PM  CPU    %usr   %nice    %sys %iowait    %irq   %soft  %steal  %guest  %gnice   %idle
07:50:32 PM    0   38.30    0.00   15.96    0.00    0.00    6.38    0.00    0.00    0.00   39.36
07:50:32 PM    1   25.88    0.00    9.41    0.00    0.00    3.53    0.00    0.00    0.00   61.18

07:50:32 PM  CPU    %usr   %nice    %sys %iowait    %irq   %soft  %steal  %guest  %gnice   %idle
07:50:33 PM    0   36.17    0.00   13.83    0.00    0.00    8.51    0.00    0.00    0.00   41.49
07:50:33 PM    1   23.17    0.00    9.76    0.00    0.00    2.44    0.00    0.00    0.00   64.63

07:50:33 PM  CPU    %usr   %nice    %sys %iowait    %irq   %soft  %steal  %guest  %gnice   %idle
07:50:34 PM    0   30.93    0.00   21.65    0.00    0.00    7.22    0.00    0.00    0.00   40.21
07:50:34 PM    1   23.53    0.00   10.59    0.00    0.00    4.71    0.00    0.00    0.00   61.18

07:50:34 PM  CPU    %usr   %nice    %sys %iowait    %irq   %soft  %steal  %guest  %gnice   %idle
07:50:35 PM    0   30.53    0.00   23.16    0.00    0.00    6.32    0.00    0.00    0.00   40.00
07:50:35 PM    1   25.00    0.00    8.75    0.00    0.00    1.25    0.00    0.00    0.00   65.00

07:50:35 PM  CPU    %usr   %nice    %sys %iowait    %irq   %soft  %steal  %guest  %gnice   %idle
07:50:36 PM    0   34.38    0.00   19.79    0.00    0.00    7.29    0.00    0.00    0.00   38.54
07:50:36 PM    1   21.79    0.00   11.54    0.00    0.00    1.28    0.00    0.00    0.00   65.38

07:50:36 PM  CPU    %usr   %nice    %sys %iowait    %irq   %soft  %steal  %guest  %gnice   %idle
07:50:37 PM    0   35.11    0.00   18.09    0.00    0.00    7.45    0.00    0.00    0.00   39.36
07:50:37 PM    1   26.19    0.00    9.52    0.00    0.00    3.57    0.00    0.00    0.00   60.71

07:50:37 PM  CPU    %usr   %nice    %sys %iowait    %irq   %soft  %steal  %guest  %gnice   %idle
07:50:38 PM    0   36.84    0.00   16.84    0.00    0.00    6.32    0.00    0.00    0.00   40.00
07:50:38 PM    1   25.00    0.00   11.90    0.00    0.00    1.19    0.00    0.00    0.00   61.90

07:50:38 PM  CPU    %usr   %nice    %sys %iowait    %irq   %soft  %steal  %guest  %gnice   %idle
07:50:39 PM    0   34.04    0.00   18.09    0.00    0.00    6.38    0.00    0.00    0.00   41.49
07:50:39 PM    1   23.81    0.00    8.33    0.00    0.00    5.95    0.00    0.00    0.00   61.90

07:50:39 PM  CPU    %usr   %nice    %sys %iowait    %irq   %soft  %steal  %guest  %gnice   %idle
07:50:40 PM    0   36.96    0.00   17.39    0.00    0.00    6.52    0.00    0.00    0.00   39.13
07:50:40 PM    1   22.22    0.00   11.11    0.00    0.00    3.70    0.00    0.00    0.00   62.96

07:50:40 PM  CPU    %usr   %nice    %sys %iowait    %irq   %soft  %steal  %guest  %gnice   %idle
07:50:41 PM    0   32.97    0.00   17.58    0.00    0.00    6.59    0.00    0.00    0.00   42.86
07:50:41 PM    1   24.36    0.00    8.97    0.00    0.00    0.00    0.00    0.00    0.00   66.67

07:50:41 PM  CPU    %usr   %nice    %sys %iowait    %irq   %soft  %steal  %guest  %gnice   %idle
07:50:42 PM    0   36.84    0.00   14.74    0.00    0.00    6.32    0.00    0.00    0.00   42.11
07:50:42 PM    1   22.62    0.00    8.33    0.00    0.00    5.95    0.00    0.00    0.00   63.10

07:50:42 PM  CPU    %usr   %nice    %sys %iowait    %irq   %soft  %steal  %guest  %gnice   %idle
07:50:43 PM    0   32.98    0.00   19.15    0.00    0.00    7.45    0.00    0.00    0.00   40.43
07:50:43 PM    1   27.71    0.00    8.43    0.00    0.00    2.41    0.00    0.00    0.00   61.45

07:50:43 PM  CPU    %usr   %nice    %sys %iowait    %irq   %soft  %steal  %guest  %gnice   %idle
07:50:44 PM    0   37.23    0.00   17.02    0.00    0.00    5.32    0.00    0.00    0.00   40.43
07:50:44 PM    1   26.83    0.00    9.76    0.00    0.00    1.22    0.00    0.00    0.00   62.20

07:50:44 PM  CPU    %usr   %nice    %sys %iowait    %irq   %soft  %steal  %guest  %gnice   %idle
07:50:45 PM    0   32.97    0.00   19.78    0.00    0.00    3.30    0.00    0.00    0.00   43.96
07:50:45 PM    1   27.38    0.00    7.14    0.00    0.00    2.38    0.00    0.00    0.00   63.10

07:50:45 PM  CPU    %usr   %nice    %sys %iowait    %irq   %soft  %steal  %guest  %gnice   %idle
07:50:46 PM    0   34.38    0.00   17.71    0.00    0.00    8.33    0.00    0.00    0.00   39.58
07:50:46 PM    1   27.71    0.00    7.23    0.00    0.00    2.41    0.00    0.00    0.00   62.65

07:50:46 PM  CPU    %usr   %nice    %sys %iowait    %irq   %soft  %steal  %guest  %gnice   %idle
07:50:47 PM    0   29.35    0.00   19.57    0.00    0.00    9.78    0.00    0.00    0.00   41.30
07:50:47 PM    1   22.89    0.00   10.84    0.00    0.00    3.61    0.00    0.00    0.00   62.65

07:50:47 PM  CPU    %usr   %nice    %sys %iowait    %irq   %soft  %steal  %guest  %gnice   %idle
07:50:48 PM    0   32.98    0.00   17.02    0.00    0.00    9.57    0.00    0.00    0.00   40.43
07:50:48 PM    1   27.38    0.00    8.33    0.00    0.00    4.76    0.00    0.00    0.00   59.52

07:50:48 PM  CPU    %usr   %nice    %sys %iowait    %irq   %soft  %steal  %guest  %gnice   %idle
07:50:49 PM    0   37.63    0.00   17.20    0.00    0.00    4.30    0.00    0.00    0.00   40.86
07:50:49 PM    1   22.89    0.00   10.84    0.00    0.00    3.61    0.00    0.00    0.00   62.65

07:50:49 PM  CPU    %usr   %nice    %sys %iowait    %irq   %soft  %steal  %guest  %gnice   %idle
07:50:50 PM    0   34.41    0.00   19.35    0.00    0.00    5.38    0.00    0.00    0.00   40.86
07:50:50 PM    1   25.30    0.00    8.43    0.00    0.00    3.61    0.00    0.00    0.00   62.65

07:50:50 PM  CPU    %usr   %nice    %sys %iowait    %irq   %soft  %steal  %guest  %gnice   %idle
07:50:51 PM    0   34.41    0.00   17.20    0.00    0.00    6.45    0.00    0.00    0.00   41.94
07:50:51 PM    1   25.61    0.00   10.98    0.00    0.00    1.22    0.00    0.00    0.00   62.20

07:50:51 PM  CPU    %usr   %nice    %sys %iowait    %irq   %soft  %steal  %guest  %gnice   %idle
07:50:52 PM    0   35.11    0.00   20.21    0.00    0.00    5.32    0.00    0.00    0.00   39.36
07:50:52 PM    1   28.05    0.00    9.76    0.00    0.00    1.22    0.00    0.00    0.00   60.98

07:50:52 PM  CPU    %usr   %nice    %sys %iowait    %irq   %soft  %steal  %guest  %gnice   %idle
07:50:53 PM    0   32.63    0.00   18.95    0.00    0.00    7.37    0.00    0.00    0.00   41.05
07:50:53 PM    1   28.57    0.00    7.14    0.00    0.00    3.57    0.00    0.00    0.00   60.71

07:50:53 PM  CPU    %usr   %nice    %sys %iowait    %irq   %soft  %steal  %guest  %gnice   %idle
07:50:54 PM    0   35.42    0.00   15.62    0.00    0.00    9.38    0.00    0.00    0.00   39.58
07:50:54 PM    1   27.06    0.00   11.76    0.00    0.00    1.18    0.00    0.00    0.00   60.00

07:50:54 PM  CPU    %usr   %nice    %sys %iowait    %irq   %soft  %steal  %guest  %gnice   %idle
07:50:55 PM    0   31.18    0.00   20.43    0.00    0.00    7.53    0.00    0.00    0.00   40.86
07:50:55 PM    1   24.39    0.00    9.76    0.00    0.00    2.44    0.00    0.00    0.00   63.41

07:50:55 PM  CPU    %usr   %nice    %sys %iowait    %irq   %soft  %steal  %guest  %gnice   %idle
07:50:56 PM    0   36.84    0.00   16.84    0.00    0.00    6.32    0.00    0.00    0.00   40.00
07:50:56 PM    1   25.29    0.00    9.20    0.00    0.00    5.75    0.00    0.00    0.00   59.77

07:50:56 PM  CPU    %usr   %nice    %sys %iowait    %irq   %soft  %steal  %guest  %gnice   %idle
07:50:57 PM    0   36.84    0.00   18.95    0.00    0.00    5.26    0.00    0.00    0.00   38.95
07:50:57 PM    1   24.39    0.00   10.98    0.00    0.00    2.44    0.00    0.00    0.00   62.20

07:50:57 PM  CPU    %usr   %nice    %sys %iowait    %irq   %soft  %steal  %guest  %gnice   %idle
07:50:58 PM    0   29.79    0.00   19.15    0.00    0.00    9.57    0.00    0.00    0.00   41.49
07:50:58 PM    1   27.38    0.00    9.52    0.00    0.00    1.19    0.00    0.00    0.00   61.90

07:50:58 PM  CPU    %usr   %nice    %sys %iowait    %irq   %soft  %steal  %guest  %gnice   %idle
07:50:59 PM    0   29.67    0.00   17.58    0.00    0.00    9.89    0.00    0.00    0.00   42.86
07:50:59 PM    1   26.83    0.00    8.54    0.00    0.00    1.22    0.00    0.00    0.00   63.41

07:50:59 PM  CPU    %usr   %nice    %sys %iowait    %irq   %soft  %steal  %guest  %gnice   %idle
07:51:00 PM    0   35.11    0.00   19.15    0.00    0.00    6.38    0.00    0.00    0.00   39.36
07:51:00 PM    1   25.00    0.00   10.00    0.00    0.00    1.25    0.00    0.00    0.00   63.75

07:51:00 PM  CPU    %usr   %nice    %sys %iowait    %irq   %soft  %steal  %guest  %gnice   %idle
07:51:01 PM    0   32.26    0.00   16.13    0.00    0.00   10.75    0.00    0.00    0.00   40.86
07:51:01 PM    1   28.05    0.00    7.32    0.00    0.00    0.00    0.00    0.00    0.00   64.63

07:51:01 PM  CPU    %usr   %nice    %sys %iowait    %irq   %soft  %steal  %guest  %gnice   %idle
07:51:02 PM    0   40.86    0.00   13.98    0.00    0.00    5.38    0.00    0.00    0.00   39.78
07:51:02 PM    1   29.76    0.00    7.14    0.00    0.00    3.57    0.00    0.00    0.00   59.52

07:51:02 PM  CPU    %usr   %nice    %sys %iowait    %irq   %soft  %steal  %guest  %gnice   %idle
07:51:03 PM    0   35.16    0.00   17.58    0.00    0.00    4.40    0.00    0.00    0.00   42.86
07:51:03 PM    1   22.89    0.00    9.64    0.00    0.00    4.82    0.00    0.00    0.00   62.65

07:51:03 PM  CPU    %usr   %nice    %sys %iowait    %irq   %soft  %steal  %guest  %gnice   %idle
07:51:04 PM    0   35.11    0.00   18.09    0.00    0.00    6.38    0.00    0.00    0.00   40.43
07:51:04 PM    1   25.00    0.00    9.52    0.00    0.00    2.38    0.00    0.00    0.00   63.10

07:51:04 PM  CPU    %usr   %nice    %sys %iowait    %irq   %soft  %steal  %guest  %gnice   %idle
07:51:05 PM    0   33.70    0.00   19.57    0.00    0.00    6.52    0.00    0.00    0.00   40.22
07:51:05 PM    1   28.40    0.00    9.88    0.00    0.00    1.23    0.00    0.00    0.00   60.49

07:51:05 PM  CPU    %usr   %nice    %sys %iowait    %irq   %soft  %steal  %guest  %gnice   %idle
07:51:06 PM    0   36.84    0.00   17.89    0.00    0.00    6.32    0.00    0.00    0.00   38.95
07:51:06 PM    1   30.23    0.00    8.14    0.00    0.00    3.49    0.00    0.00    0.00   58.14

07:51:06 PM  CPU    %usr   %nice    %sys %iowait    %irq   %soft  %steal  %guest  %gnice   %idle
07:51:07 PM    0   32.29    0.00   18.75    0.00    0.00    8.33    0.00    0.00    0.00   40.62
07:51:07 PM    1   22.50    0.00    8.75    0.00    0.00    3.75    0.00    0.00    0.00   65.00

07:51:07 PM  CPU    %usr   %nice    %sys %iowait    %irq   %soft  %steal  %guest  %gnice   %idle
07:51:08 PM    0   33.33    0.00   20.43    0.00    0.00    6.45    0.00    0.00    0.00   39.78
07:51:08 PM    1   27.06    0.00   11.76    0.00    0.00    1.18    0.00    0.00    0.00   60.00

07:51:08 PM  CPU    %usr   %nice    %sys %iowait    %irq   %soft  %steal  %guest  %gnice   %idle
07:51:09 PM    0   32.29    0.00   18.75    0.00    0.00    8.33    0.00    0.00    0.00   40.62
07:51:09 PM    1   25.61    0.00    7.32    0.00    0.00    2.44    0.00    0.00    0.00   64.63

07:51:09 PM  CPU    %usr   %nice    %sys %iowait    %irq   %soft  %steal  %guest  %gnice   %idle
07:51:10 PM    0   33.33    0.00   17.71    0.00    0.00    8.33    0.00    0.00    0.00   40.62
07:51:10 PM    1   27.38    0.00    8.33    0.00    0.00    2.38    0.00    0.00    0.00   61.90

07:51:10 PM  CPU    %usr   %nice    %sys %iowait    %irq   %soft  %steal  %guest  %gnice   %idle
07:51:11 PM    0   36.17    0.00   17.02    0.00    0.00    6.38    0.00    0.00    0.00   40.43
07:51:11 PM    1   20.25    0.00   12.66    0.00    0.00    2.53    0.00    0.00    0.00   64.56

07:51:11 PM  CPU    %usr   %nice    %sys %iowait    %irq   %soft  %steal  %guest  %gnice   %idle
07:51:12 PM    0   34.04    0.00   17.02    0.00    0.00    6.38    0.00    0.00    0.00   42.55
07:51:12 PM    1   26.83    0.00    6.10    0.00    0.00    2.44    0.00    0.00    0.00   64.63

07:51:12 PM  CPU    %usr   %nice    %sys %iowait    %irq   %soft  %steal  %guest  %gnice   %idle
07:51:13 PM    0   37.23    0.00   15.96    0.00    0.00    6.38    0.00    0.00    0.00   40.43
07:51:13 PM    1   25.30    0.00    8.43    0.00    0.00    3.61    0.00    0.00    0.00   62.65

07:51:13 PM  CPU    %usr   %nice    %sys %iowait    %irq   %soft  %steal  %guest  %gnice   %idle
07:51:14 PM    0   38.30    0.00   17.02    0.00    0.00    5.32    0.00    0.00    0.00   39.36
07:51:14 PM    1   24.10    0.00   10.84    0.00    0.00    3.61    0.00    0.00    0.00   61.45

07:51:14 PM  CPU    %usr   %nice    %sys %iowait    %irq   %soft  %steal  %guest  %gnice   %idle
07:51:15 PM    0   39.36    0.00   15.96    0.00    0.00    5.32    0.00    0.00    0.00   39.36
07:51:15 PM    1   23.81    0.00   11.90    0.00    0.00    2.38    0.00    0.00    0.00   61.90

07:51:15 PM  CPU    %usr   %nice    %sys %iowait    %irq   %soft  %steal  %guest  %gnice   %idle
07:51:16 PM    0   33.68    0.00   16.84    0.00    0.00    8.42    0.00    0.00    0.00   41.05
07:51:16 PM    1   25.88    0.00   10.59    0.00    0.00    2.35    0.00    0.00    0.00   61.18

07:51:16 PM  CPU    %usr   %nice    %sys %iowait    %irq   %soft  %steal  %guest  %gnice   %idle
07:51:17 PM    0   35.79    0.00   17.89    0.00    0.00    6.32    0.00    0.00    0.00   40.00
07:51:17 PM    1   25.93    0.00    8.64    0.00    0.00    3.70    0.00    0.00    0.00   61.73

07:51:17 PM  CPU    %usr   %nice    %sys %iowait    %irq   %soft  %steal  %guest  %gnice   %idle
07:51:18 PM    0   35.11    0.00   18.09    0.00    0.00    7.45    0.00    0.00    0.00   39.36
07:51:18 PM    1   22.89    0.00   13.25    0.00    0.00    2.41    0.00    0.00    0.00   61.45

07:51:18 PM  CPU    %usr   %nice    %sys %iowait    %irq   %soft  %steal  %guest  %gnice   %idle
07:51:19 PM    0   34.74    0.00   18.95    0.00    0.00    5.26    0.00    0.00    0.00   41.05
07:51:19 PM    1   23.81    0.00   10.71    0.00    0.00    3.57    0.00    0.00    0.00   61.90

07:51:19 PM  CPU    %usr   %nice    %sys %iowait    %irq   %soft  %steal  %guest  %gnice   %idle
07:51:20 PM    0   36.73    0.00   18.37    0.00    0.00    6.12    0.00    0.00    0.00   38.78
07:51:20 PM    1   22.35    0.00   12.94    0.00    0.00    4.71    0.00    0.00    0.00   60.00

07:51:20 PM  CPU    %usr   %nice    %sys %iowait    %irq   %soft  %steal  %guest  %gnice   %idle
07:51:21 PM    0   35.79    0.00   15.79    0.00    0.00    8.42    0.00    0.00    0.00   40.00
07:51:21 PM    1   24.39    0.00    9.76    0.00    0.00    2.44    0.00    0.00    0.00   63.41

07:51:21 PM  CPU    %usr   %nice    %sys %iowait    %irq   %soft  %steal  %guest  %gnice   %idle
07:51:22 PM    0   32.98    0.00   19.15    0.00    0.00    7.45    0.00    0.00    0.00   40.43
07:51:22 PM    1   24.71    0.00   10.59    0.00    0.00    2.35    0.00    0.00    0.00   62.35

07:51:22 PM  CPU    %usr   %nice    %sys %iowait    %irq   %soft  %steal  %guest  %gnice   %idle
07:51:23 PM    0   36.46    0.00   13.54    0.00    0.00    9.38    0.00    0.00    0.00   40.62
07:51:23 PM    1   24.39    0.00    9.76    0.00    0.00    2.44    0.00    0.00    0.00   63.41

07:51:23 PM  CPU    %usr   %nice    %sys %iowait    %irq   %soft  %steal  %guest  %gnice   %idle
07:51:24 PM    0   37.11    0.00   20.62    0.00    0.00    5.15    0.00    0.00    0.00   37.11
07:51:24 PM    1   27.71    0.00    8.43    0.00    0.00    3.61    0.00    0.00    0.00   60.24

07:51:24 PM  CPU    %usr   %nice    %sys %iowait    %irq   %soft  %steal  %guest  %gnice   %idle
07:51:25 PM    0   32.65    0.00   23.47    0.00    0.00    5.10    0.00    0.00    0.00   38.78
07:51:25 PM    1   28.40    0.00    6.17    0.00    0.00    2.47    0.00    0.00    0.00   62.96

07:51:25 PM  CPU    %usr   %nice    %sys %iowait    %irq   %soft  %steal  %guest  %gnice   %idle
07:51:26 PM    0   37.89    0.00   15.79    0.00    0.00    6.32    0.00    0.00    0.00   40.00
07:51:26 PM    1   25.58    0.00   11.63    0.00    0.00    3.49    0.00    0.00    0.00   59.30

07:51:26 PM  CPU    %usr   %nice    %sys %iowait    %irq   %soft  %steal  %guest  %gnice   %idle
07:51:27 PM    0   36.56    0.00   17.20    0.00    0.00    6.45    0.00    0.00    0.00   39.78
07:51:27 PM    1   30.23    0.00    9.30    0.00    0.00    2.33    0.00    0.00    0.00   58.14

07:51:27 PM  CPU    %usr   %nice    %sys %iowait    %irq   %soft  %steal  %guest  %gnice   %idle
07:51:28 PM    0   34.38    0.00   19.79    0.00    0.00    7.29    0.00    0.00    0.00   38.54
07:51:28 PM    1   23.81    0.00   10.71    0.00    0.00    4.76    0.00    0.00    0.00   60.71

07:51:28 PM  CPU    %usr   %nice    %sys %iowait    %irq   %soft  %steal  %guest  %gnice   %idle
07:51:29 PM    0   33.33    0.00   15.56    0.00    0.00    6.67    0.00    0.00    0.00   44.44
07:51:29 PM    1   22.89    0.00   13.25    0.00    0.00    2.41    0.00    0.00    0.00   61.45

07:51:29 PM  CPU    %usr   %nice    %sys %iowait    %irq   %soft  %steal  %guest  %gnice   %idle
07:51:30 PM    0   35.11    0.00   17.02    0.00    0.00    8.51    0.00    0.00    0.00   39.36
07:51:30 PM    1   22.89    0.00   12.05    0.00    0.00    3.61    0.00    0.00    0.00   61.45

07:51:30 PM  CPU    %usr   %nice    %sys %iowait    %irq   %soft  %steal  %guest  %gnice   %idle
07:51:31 PM    0   32.29    0.00   20.83    0.00    0.00    6.25    0.00    0.00    0.00   40.62
07:51:31 PM    1   24.69    0.00   11.11    0.00    0.00    1.23    0.00    0.00    0.00   62.96

07:51:31 PM  CPU    %usr   %nice    %sys %iowait    %irq   %soft  %steal  %guest  %gnice   %idle
07:51:32 PM    0   34.41    0.00   19.35    0.00    0.00    5.38    0.00    0.00    0.00   40.86
07:51:32 PM    1   24.10    0.00   12.05    0.00    0.00    1.20    0.00    0.00    0.00   62.65

07:51:32 PM  CPU    %usr   %nice    %sys %iowait    %irq   %soft  %steal  %guest  %gnice   %idle
07:51:33 PM    0   37.23    0.00   17.02    0.00    0.00    4.26    0.00    0.00    0.00   41.49
07:51:33 PM    1   23.75    0.00    8.75    0.00    0.00    3.75    0.00    0.00    0.00   63.75

07:51:33 PM  CPU    %usr   %nice    %sys %iowait    %irq   %soft  %steal  %guest  %gnice   %idle
07:51:34 PM    0   34.41    0.00   19.35    0.00    0.00    4.30    0.00    0.00    0.00   41.94
07:51:34 PM    1   28.41    0.00    6.82    0.00    0.00    4.55    0.00    0.00    0.00   60.23

07:51:34 PM  CPU    %usr   %nice    %sys %iowait    %irq   %soft  %steal  %guest  %gnice   %idle
07:51:35 PM    0   34.78    0.00   18.48    0.00    0.00    5.43    0.00    0.00    0.00   41.30
07:51:35 PM    1   25.61    0.00    9.76    0.00    0.00    2.44    0.00    0.00    0.00   62.20

07:51:35 PM  CPU    %usr   %nice    %sys %iowait    %irq   %soft  %steal  %guest  %gnice   %idle
07:51:36 PM    0   39.58    0.00   17.71    0.00    0.00    5.21    0.00    0.00    0.00   37.50
07:51:36 PM    1   25.93    0.00    9.88    0.00    0.00    2.47    0.00    0.00    0.00   61.73

07:51:36 PM  CPU    %usr   %nice    %sys %iowait    %irq   %soft  %steal  %guest  %gnice   %idle
07:51:37 PM    0   35.11    0.00   18.09    0.00    0.00    6.38    0.00    0.00    0.00   40.43
07:51:37 PM    1   26.51    0.00    6.02    0.00    0.00    3.61    0.00    0.00    0.00   63.86

07:51:37 PM  CPU    %usr   %nice    %sys %iowait    %irq   %soft  %steal  %guest  %gnice   %idle
07:51:38 PM    0   35.87    0.00   18.48    0.00    0.00    5.43    0.00    0.00    0.00   40.22
07:51:38 PM    1   19.51    0.00   13.41    0.00    0.00    6.10    0.00    0.00    0.00   60.98

07:51:38 PM  CPU    %usr   %nice    %sys %iowait    %irq   %soft  %steal  %guest  %gnice   %idle
07:51:39 PM    0   34.04    0.00   19.15    0.00    0.00    6.38    0.00    0.00    0.00   40.43
07:51:39 PM    1   22.50    0.00   11.25    0.00    0.00    2.50    0.00    0.00    0.00   63.75

07:51:39 PM  CPU    %usr   %nice    %sys %iowait    %irq   %soft  %steal  %guest  %gnice   %idle
07:51:40 PM    0   34.78    0.00   18.48    0.00    0.00    4.35    0.00    0.00    0.00   42.39
07:51:40 PM    1   26.51    0.00    7.23    0.00    0.00    3.61    0.00    0.00    0.00   62.65

07:51:40 PM  CPU    %usr   %nice    %sys %iowait    %irq   %soft  %steal  %guest  %gnice   %idle
07:51:41 PM    0   32.63    0.00   21.05    0.00    0.00    6.32    0.00    0.00    0.00   40.00
07:51:41 PM    1   26.19    0.00    8.33    0.00    0.00    3.57    0.00    0.00    0.00   61.90

07:51:41 PM  CPU    %usr   %nice    %sys %iowait    %irq   %soft  %steal  %guest  %gnice   %idle
07:51:42 PM    0   34.04    0.00   21.28    0.00    0.00    5.32    0.00    0.00    0.00   39.36
07:51:42 PM    1   27.38    0.00    7.14    0.00    0.00    4.76    0.00    0.00    0.00   60.71

07:51:42 PM  CPU    %usr   %nice    %sys %iowait    %irq   %soft  %steal  %guest  %gnice   %idle
07:51:43 PM    0   38.30    0.00   15.96    0.00    0.00    6.38    0.00    0.00    0.00   39.36
07:51:43 PM    1   27.06    0.00    9.41    0.00    0.00    3.53    0.00    0.00    0.00   60.00

07:51:43 PM  CPU    %usr   %nice    %sys %iowait    %irq   %soft  %steal  %guest  %gnice   %idle
07:51:44 PM    0   34.38    0.00   17.71    0.00    0.00    6.25    0.00    0.00    0.00   41.67
07:51:44 PM    1   23.81    0.00    8.33    0.00    0.00    3.57    0.00    0.00    0.00   64.29

07:51:44 PM  CPU    %usr   %nice    %sys %iowait    %irq   %soft  %steal  %guest  %gnice   %idle
07:51:45 PM    0   36.73    0.00   17.35    0.00    0.00    6.12    0.00    0.00    0.00   39.80
07:51:45 PM    1   23.75    0.00    8.75    0.00    0.00    2.50    0.00    0.00    0.00   65.00

07:51:45 PM  CPU    %usr   %nice    %sys %iowait    %irq   %soft  %steal  %guest  %gnice   %idle
07:51:46 PM    0   30.53    0.00   20.00    0.00    0.00   10.53    0.00    0.00    0.00   38.95
07:51:46 PM    1   24.10    0.00   12.05    0.00    0.00    2.41    0.00    0.00    0.00   61.45

07:51:46 PM  CPU    %usr   %nice    %sys %iowait    %irq   %soft  %steal  %guest  %gnice   %idle
07:51:47 PM    0   36.84    0.00   16.84    0.00    0.00    6.32    0.00    0.00    0.00   40.00
07:51:47 PM    1   23.46    0.00   12.35    0.00    0.00    1.23    0.00    0.00    0.00   62.96

07:51:47 PM  CPU    %usr   %nice    %sys %iowait    %irq   %soft  %steal  %guest  %gnice   %idle
07:51:48 PM    0   36.46    0.00   15.62    0.00    0.00    8.33    0.00    0.00    0.00   39.58
07:51:48 PM    1   25.61    0.00    7.32    0.00    0.00    3.66    0.00    0.00    0.00   63.41

07:51:48 PM  CPU    %usr   %nice    %sys %iowait    %irq   %soft  %steal  %guest  %gnice   %idle
07:51:49 PM    0   38.95    0.00   15.79    0.00    0.00    6.32    0.00    0.00    0.00   38.95
07:51:49 PM    1   25.30    0.00   12.05    0.00    0.00    1.20    0.00    0.00    0.00   61.45

07:51:49 PM  CPU    %usr   %nice    %sys %iowait    %irq   %soft  %steal  %guest  %gnice   %idle
07:51:50 PM    0   38.54    0.00   17.71    0.00    0.00    4.17    0.00    0.00    0.00   39.58
07:51:50 PM    1   27.38    0.00    8.33    0.00    0.00    3.57    0.00    0.00    0.00   60.71

07:51:50 PM  CPU    %usr   %nice    %sys %iowait    %irq   %soft  %steal  %guest  %gnice   %idle
07:51:51 PM    0   36.73    0.00   17.35    0.00    0.00    6.12    0.00    0.00    0.00   39.80
07:51:51 PM    1   25.00    0.00   10.71    0.00    0.00    1.19    0.00    0.00    0.00   63.10

07:51:51 PM  CPU    %usr   %nice    %sys %iowait    %irq   %soft  %steal  %guest  %gnice   %idle
07:51:52 PM    0   35.42    0.00   19.79    0.00    0.00    4.17    0.00    0.00    0.00   40.62
07:51:52 PM    1   29.27    0.00    7.32    0.00    0.00    1.22    0.00    0.00    0.00   62.20

07:51:52 PM  CPU    %usr   %nice    %sys %iowait    %irq   %soft  %steal  %guest  %gnice   %idle
07:51:53 PM    0   35.42    0.00   17.71    0.00    0.00    8.33    0.00    0.00    0.00   38.54
07:51:53 PM    1   26.19    0.00    9.52    0.00    0.00    3.57    0.00    0.00    0.00   60.71

07:51:53 PM  CPU    %usr   %nice    %sys %iowait    %irq   %soft  %steal  %guest  %gnice   %idle
07:51:54 PM    0   33.33    0.00   21.51    0.00    0.00    4.30    0.00    0.00    0.00   40.86
07:51:54 PM    1   26.19    0.00    9.52    0.00    0.00    2.38    0.00    0.00    0.00   61.90

07:51:54 PM  CPU    %usr   %nice    %sys %iowait    %irq   %soft  %steal  %guest  %gnice   %idle
07:51:55 PM    0   36.96    0.00   16.30    0.00    0.00    4.35    0.00    0.00    0.00   42.39
07:51:55 PM    1   21.43    0.00   14.29    0.00    0.00    2.38    0.00    0.00    0.00   61.90

Average:     CPU    %usr   %nice    %sys %iowait    %irq   %soft  %steal  %guest  %gnice   %idle
Average:       0   35.28    0.00   17.90    0.00    0.00    6.51    0.00    0.00    0.00   40.31
Average:       1   25.58    0.00    9.52    0.00    0.00    2.79    0.00    0.00    0.00   62.10
