Linux 5.3.0-59-generic (ericmei) 	06/29/2020 	_x86_64_	(12 CPU)

07:34:13 PM  CPU    %usr   %nice    %sys %iowait    %irq   %soft  %steal  %guest  %gnice   %idle
07:34:14 PM    0   30.77    0.00   21.98    0.00    0.00    6.59    0.00    0.00    0.00   40.66
07:34:14 PM    1   23.17    0.00    9.76    0.00    0.00    2.44    0.00    0.00    0.00   64.63

07:34:14 PM  CPU    %usr   %nice    %sys %iowait    %irq   %soft  %steal  %guest  %gnice   %idle
07:34:15 PM    0   35.11    0.00   14.89    0.00    0.00   10.64    0.00    0.00    0.00   39.36
07:34:15 PM    1   24.42    0.00   11.63    0.00    0.00    2.33    0.00    0.00    0.00   61.63

07:34:15 PM  CPU    %usr   %nice    %sys %iowait    %irq   %soft  %steal  %guest  %gnice   %idle
07:34:16 PM    0   36.56    0.00   18.28    0.00    0.00    6.45    0.00    0.00    0.00   38.71
07:34:16 PM    1   21.43    0.00   10.71    0.00    0.00    4.76    0.00    0.00    0.00   63.10

07:34:16 PM  CPU    %usr   %nice    %sys %iowait    %irq   %soft  %steal  %guest  %gnice   %idle
07:34:17 PM    0   35.48    0.00   17.20    0.00    0.00    7.53    0.00    0.00    0.00   39.78
07:34:17 PM    1   28.05    0.00    6.10    0.00    0.00    2.44    0.00    0.00    0.00   63.41

07:34:17 PM  CPU    %usr   %nice    %sys %iowait    %irq   %soft  %steal  %guest  %gnice   %idle
07:34:18 PM    0   35.11    0.00   19.15    0.00    0.00    6.38    0.00    0.00    0.00   39.36
07:34:18 PM    1   26.51    0.00    8.43    0.00    0.00    2.41    0.00    0.00    0.00   62.65

07:34:18 PM  CPU    %usr   %nice    %sys %iowait    %irq   %soft  %steal  %guest  %gnice   %idle
07:34:19 PM    0   34.04    0.00   18.09    0.00    0.00    7.45    0.00    0.00    0.00   40.43
07:34:19 PM    1   25.29    0.00    6.90    0.00    0.00    6.90    0.00    0.00    0.00   60.92

07:34:19 PM  CPU    %usr   %nice    %sys %iowait    %irq   %soft  %steal  %guest  %gnice   %idle
07:34:20 PM    0   32.63    0.00   20.00    0.00    0.00    8.42    0.00    0.00    0.00   38.95
07:34:20 PM    1   22.62    0.00   10.71    0.00    0.00    2.38    0.00    0.00    0.00   64.29

07:34:20 PM  CPU    %usr   %nice    %sys %iowait    %irq   %soft  %steal  %guest  %gnice   %idle
07:34:21 PM    0   32.26    0.00   18.28    0.00    0.00    8.60    0.00    0.00    0.00   40.86
07:34:21 PM    1   27.71    0.00    7.23    0.00    0.00    1.20    0.00    0.00    0.00   63.86

07:34:21 PM  CPU    %usr   %nice    %sys %iowait    %irq   %soft  %steal  %guest  %gnice   %idle
07:34:22 PM    0   38.04    0.00   16.30    0.00    0.00    6.52    0.00    0.00    0.00   39.13
07:34:22 PM    1   29.07    0.00    9.30    0.00    0.00    3.49    0.00    0.00    0.00   58.14

07:34:22 PM  CPU    %usr   %nice    %sys %iowait    %irq   %soft  %steal  %guest  %gnice   %idle
07:34:23 PM    0   36.46    0.00   16.67    0.00    0.00    6.25    0.00    0.00    0.00   40.62
07:34:23 PM    1   26.74    0.00    8.14    0.00    0.00    1.16    0.00    0.00    0.00   63.95

07:34:23 PM  CPU    %usr   %nice    %sys %iowait    %irq   %soft  %steal  %guest  %gnice   %idle
07:34:24 PM    0   38.54    0.00   13.54    0.00    0.00   10.42    0.00    0.00    0.00   37.50
07:34:24 PM    1   25.30    0.00    7.23    0.00    0.00    3.61    0.00    0.00    0.00   63.86

07:34:24 PM  CPU    %usr   %nice    %sys %iowait    %irq   %soft  %steal  %guest  %gnice   %idle
07:34:25 PM    0   34.04    0.00   19.15    0.00    0.00    7.45    0.00    0.00    0.00   39.36
07:34:25 PM    1   23.46    0.00    9.88    0.00    0.00    1.23    0.00    0.00    0.00   65.43

07:34:25 PM  CPU    %usr   %nice    %sys %iowait    %irq   %soft  %steal  %guest  %gnice   %idle
07:34:26 PM    0   31.96    0.00   20.62    0.00    0.00   11.34    0.00    0.00    0.00   36.08
07:34:26 PM    1   24.71    0.00   10.59    0.00    0.00    4.71    0.00    0.00    0.00   60.00

07:34:26 PM  CPU    %usr   %nice    %sys %iowait    %irq   %soft  %steal  %guest  %gnice   %idle
07:34:27 PM    0   36.46    0.00   17.71    0.00    0.00    6.25    0.00    0.00    0.00   39.58
07:34:27 PM    1   28.57    0.00    7.14    0.00    0.00    2.38    0.00    0.00    0.00   61.90

07:34:27 PM  CPU    %usr   %nice    %sys %iowait    %irq   %soft  %steal  %guest  %gnice   %idle
07:34:28 PM    0   30.21    0.00   21.88    0.00    0.00    9.38    0.00    0.00    0.00   38.54
07:34:28 PM    1   23.81    0.00    9.52    0.00    0.00    3.57    0.00    0.00    0.00   63.10

07:34:28 PM  CPU    %usr   %nice    %sys %iowait    %irq   %soft  %steal  %guest  %gnice   %idle
07:34:29 PM    0   33.70    0.00   20.65    0.00    0.00    5.43    0.00    0.00    0.00   40.22
07:34:29 PM    1   26.19    0.00    8.33    0.00    0.00    2.38    0.00    0.00    0.00   63.10

07:34:29 PM  CPU    %usr   %nice    %sys %iowait    %irq   %soft  %steal  %guest  %gnice   %idle
07:34:30 PM    0   38.54    0.00   16.67    0.00    0.00    7.29    0.00    0.00    0.00   37.50
07:34:30 PM    1   22.62    0.00    9.52    0.00    0.00    4.76    0.00    0.00    0.00   63.10

07:34:30 PM  CPU    %usr   %nice    %sys %iowait    %irq   %soft  %steal  %guest  %gnice   %idle
07:34:31 PM    0   36.56    0.00   16.13    0.00    0.00    7.53    0.00    0.00    0.00   39.78
07:34:31 PM    1   25.88    0.00    8.24    0.00    0.00    3.53    0.00    0.00    0.00   62.35

07:34:31 PM  CPU    %usr   %nice    %sys %iowait    %irq   %soft  %steal  %guest  %gnice   %idle
07:34:32 PM    0   32.61    0.00   19.57    0.00    0.00    7.61    0.00    0.00    0.00   40.22
07:34:32 PM    1   25.00    0.00    9.52    0.00    0.00    3.57    0.00    0.00    0.00   61.90

07:34:32 PM  CPU    %usr   %nice    %sys %iowait    %irq   %soft  %steal  %guest  %gnice   %idle
07:34:33 PM    0   36.56    0.00   17.20    0.00    0.00    5.38    0.00    0.00    0.00   40.86
07:34:33 PM    1   20.93    0.00   10.47    0.00    0.00    4.65    0.00    0.00    0.00   63.95

07:34:33 PM  CPU    %usr   %nice    %sys %iowait    %irq   %soft  %steal  %guest  %gnice   %idle
07:34:34 PM    0   38.71    0.00   17.20    0.00    0.00    6.45    0.00    0.00    0.00   37.63
07:34:34 PM    1   23.17    0.00   10.98    0.00    0.00    3.66    0.00    0.00    0.00   62.20

07:34:34 PM  CPU    %usr   %nice    %sys %iowait    %irq   %soft  %steal  %guest  %gnice   %idle
07:34:35 PM    0   38.04    0.00   17.39    0.00    0.00    4.35    0.00    0.00    0.00   40.22
07:34:35 PM    1   24.39    0.00    7.32    0.00    0.00    2.44    0.00    0.00    0.00   65.85

07:34:35 PM  CPU    %usr   %nice    %sys %iowait    %irq   %soft  %steal  %guest  %gnice   %idle
07:34:36 PM    0   39.58    0.00   16.67    0.00    0.00    5.21    0.00    0.00    0.00   38.54
07:34:36 PM    1   25.00    0.00   10.71    0.00    0.00    2.38    0.00    0.00    0.00   61.90

07:34:36 PM  CPU    %usr   %nice    %sys %iowait    %irq   %soft  %steal  %guest  %gnice   %idle
07:34:37 PM    0   34.83    0.00   17.98    0.00    0.00    6.74    0.00    0.00    0.00   40.45
07:34:37 PM    1   23.17    0.00    9.76    0.00    0.00    2.44    0.00    0.00    0.00   64.63

07:34:37 PM  CPU    %usr   %nice    %sys %iowait    %irq   %soft  %steal  %guest  %gnice   %idle
07:34:38 PM    0   37.63    0.00   13.98    0.00    0.00    8.60    0.00    0.00    0.00   39.78
07:34:38 PM    1   25.58    0.00   10.47    0.00    0.00    2.33    0.00    0.00    0.00   61.63

07:34:38 PM  CPU    %usr   %nice    %sys %iowait    %irq   %soft  %steal  %guest  %gnice   %idle
07:34:39 PM    0   32.58    0.00   17.98    0.00    0.00    6.74    0.00    0.00    0.00   42.70
07:34:39 PM    1   23.46    0.00    9.88    0.00    0.00    1.23    0.00    0.00    0.00   65.43

07:34:39 PM  CPU    %usr   %nice    %sys %iowait    %irq   %soft  %steal  %guest  %gnice   %idle
07:34:40 PM    0   32.63    0.00   17.89    0.00    0.00   10.53    0.00    0.00    0.00   38.95
07:34:40 PM    1   23.26    0.00   10.47    0.00    0.00    4.65    0.00    0.00    0.00   61.63

07:34:40 PM  CPU    %usr   %nice    %sys %iowait    %irq   %soft  %steal  %guest  %gnice   %idle
07:34:41 PM    0   37.23    0.00   19.15    0.00    0.00    5.32    0.00    0.00    0.00   38.30
07:34:41 PM    1   27.16    0.00    7.41    0.00    0.00    1.23    0.00    0.00    0.00   64.20

07:34:41 PM  CPU    %usr   %nice    %sys %iowait    %irq   %soft  %steal  %guest  %gnice   %idle
07:34:42 PM    0   35.42    0.00   21.88    0.00    0.00    4.17    0.00    0.00    0.00   38.54
07:34:42 PM    1   22.62    0.00   10.71    0.00    0.00    4.76    0.00    0.00    0.00   61.90

07:34:42 PM  CPU    %usr   %nice    %sys %iowait    %irq   %soft  %steal  %guest  %gnice   %idle
07:34:43 PM    0   36.96    0.00   15.22    0.00    0.00    7.61    0.00    0.00    0.00   40.22
07:34:43 PM    1   24.71    0.00    9.41    0.00    0.00    2.35    0.00    0.00    0.00   63.53

07:34:43 PM  CPU    %usr   %nice    %sys %iowait    %irq   %soft  %steal  %guest  %gnice   %idle
07:34:44 PM    0   33.33    0.00   20.83    0.00    0.00    8.33    0.00    0.00    0.00   37.50
07:34:44 PM    1   26.19    0.00    9.52    0.00    0.00    3.57    0.00    0.00    0.00   60.71

07:34:44 PM  CPU    %usr   %nice    %sys %iowait    %irq   %soft  %steal  %guest  %gnice   %idle
07:34:45 PM    0   31.25    0.00   20.83    0.00    0.00    9.38    0.00    0.00    0.00   38.54
07:34:45 PM    1   24.71    0.00    9.41    0.00    0.00    3.53    0.00    0.00    0.00   62.35

07:34:45 PM  CPU    %usr   %nice    %sys %iowait    %irq   %soft  %steal  %guest  %gnice   %idle
07:34:46 PM    0   30.11    0.00   20.43    0.00    0.00    9.68    0.00    0.00    0.00   39.78
07:34:46 PM    1   26.83    0.00    9.76    0.00    0.00    0.00    0.00    0.00    0.00   63.41

07:34:46 PM  CPU    %usr   %nice    %sys %iowait    %irq   %soft  %steal  %guest  %gnice   %idle
07:34:47 PM    0   33.67    0.00   23.47    0.00    0.00    8.16    0.00    0.00    0.00   34.69
07:34:47 PM    1   27.38    0.00    8.33    0.00    0.00    2.38    0.00    0.00    0.00   61.90

07:34:47 PM  CPU    %usr   %nice    %sys %iowait    %irq   %soft  %steal  %guest  %gnice   %idle
07:34:48 PM    0   30.34    0.00   19.10    0.00    0.00   10.11    0.00    0.00    0.00   40.45
07:34:48 PM    1   23.46    0.00   11.11    0.00    0.00    1.23    0.00    0.00    0.00   64.20

07:34:48 PM  CPU    %usr   %nice    %sys %iowait    %irq   %soft  %steal  %guest  %gnice   %idle
07:34:49 PM    0   32.22    0.00   18.89    0.00    0.00    6.67    0.00    0.00    0.00   42.22
07:34:49 PM    1   24.10    0.00    9.64    0.00    0.00    2.41    0.00    0.00    0.00   63.86

07:34:49 PM  CPU    %usr   %nice    %sys %iowait    %irq   %soft  %steal  %guest  %gnice   %idle
07:34:50 PM    0   33.70    0.00   21.74    0.00    0.00    5.43    0.00    0.00    0.00   39.13
07:34:50 PM    1   22.35    0.00   14.12    0.00    0.00    2.35    0.00    0.00    0.00   61.18

07:34:50 PM  CPU    %usr   %nice    %sys %iowait    %irq   %soft  %steal  %guest  %gnice   %idle
07:34:51 PM    0   36.46    0.00   18.75    0.00    0.00    6.25    0.00    0.00    0.00   38.54
07:34:51 PM    1   23.46    0.00    9.88    0.00    0.00    1.23    0.00    0.00    0.00   65.43

07:34:51 PM  CPU    %usr   %nice    %sys %iowait    %irq   %soft  %steal  %guest  %gnice   %idle
07:34:52 PM    0   35.96    0.00   12.36    0.00    0.00   10.11    0.00    0.00    0.00   41.57
07:34:52 PM    1   24.10    0.00   10.84    0.00    0.00    1.20    0.00    0.00    0.00   63.86

07:34:52 PM  CPU    %usr   %nice    %sys %iowait    %irq   %soft  %steal  %guest  %gnice   %idle
07:34:53 PM    0   38.30    0.00   17.02    0.00    0.00    6.38    0.00    0.00    0.00   38.30
07:34:53 PM    1   26.83    0.00    9.76    0.00    0.00    1.22    0.00    0.00    0.00   62.20

07:34:53 PM  CPU    %usr   %nice    %sys %iowait    %irq   %soft  %steal  %guest  %gnice   %idle
07:34:54 PM    0   32.99    0.00   22.68    0.00    0.00    6.19    0.00    0.00    0.00   38.14
07:34:54 PM    1   21.69    0.00   10.84    0.00    0.00    3.61    0.00    0.00    0.00   63.86

07:34:54 PM  CPU    %usr   %nice    %sys %iowait    %irq   %soft  %steal  %guest  %gnice   %idle
07:34:55 PM    0   36.56    0.00   18.28    0.00    0.00    6.45    0.00    0.00    0.00   38.71
07:34:55 PM    1   24.39    0.00    7.32    0.00    0.00    4.88    0.00    0.00    0.00   63.41

07:34:55 PM  CPU    %usr   %nice    %sys %iowait    %irq   %soft  %steal  %guest  %gnice   %idle
07:34:56 PM    0   35.87    0.00   17.39    0.00    0.00    6.52    0.00    0.00    0.00   40.22
07:34:56 PM    1   21.43    0.00   13.10    0.00    0.00    2.38    0.00    0.00    0.00   63.10

07:34:56 PM  CPU    %usr   %nice    %sys %iowait    %irq   %soft  %steal  %guest  %gnice   %idle
07:34:57 PM    0   30.85    0.00   23.40    0.00    0.00    8.51    0.00    0.00    0.00   37.23
07:34:57 PM    1   21.43    0.00   10.71    0.00    0.00    5.95    0.00    0.00    0.00   61.90

07:34:57 PM  CPU    %usr   %nice    %sys %iowait    %irq   %soft  %steal  %guest  %gnice   %idle
07:34:58 PM    0   41.76    0.00   16.48    0.00    0.00    3.30    0.00    0.00    0.00   38.46
07:34:58 PM    1   29.07    0.00    8.14    0.00    0.00    3.49    0.00    0.00    0.00   59.30

07:34:58 PM  CPU    %usr   %nice    %sys %iowait    %irq   %soft  %steal  %guest  %gnice   %idle
07:34:59 PM    0   37.36    0.00   16.48    0.00    0.00    4.40    0.00    0.00    0.00   41.76
07:34:59 PM    1   22.89    0.00    9.64    0.00    0.00    3.61    0.00    0.00    0.00   63.86

07:34:59 PM  CPU    %usr   %nice    %sys %iowait    %irq   %soft  %steal  %guest  %gnice   %idle
07:35:00 PM    0   36.17    0.00   20.21    0.00    0.00    7.45    0.00    0.00    0.00   36.17
07:35:00 PM    1   24.39    0.00   10.98    0.00    0.00    1.22    0.00    0.00    0.00   63.41

07:35:00 PM  CPU    %usr   %nice    %sys %iowait    %irq   %soft  %steal  %guest  %gnice   %idle
07:35:01 PM    0   35.11    0.00   20.21    0.00    0.00    5.32    0.00    0.00    0.00   39.36
07:35:01 PM    1   25.58    0.00    9.30    0.00    0.00    3.49    0.00    0.00    0.00   61.63

07:35:01 PM  CPU    %usr   %nice    %sys %iowait    %irq   %soft  %steal  %guest  %gnice   %idle
07:35:02 PM    0   41.49    0.00   13.83    0.00    0.00    7.45    0.00    0.00    0.00   37.23
07:35:02 PM    1   28.24    0.00    9.41    0.00    0.00    2.35    0.00    0.00    0.00   60.00

07:35:02 PM  CPU    %usr   %nice    %sys %iowait    %irq   %soft  %steal  %guest  %gnice   %idle
07:35:03 PM    0   30.77    0.00   17.58    0.00    0.00   12.09    0.00    0.00    0.00   39.56
07:35:03 PM    1   25.00    0.00   11.90    0.00    0.00    2.38    0.00    0.00    0.00   60.71

07:35:03 PM  CPU    %usr   %nice    %sys %iowait    %irq   %soft  %steal  %guest  %gnice   %idle
07:35:04 PM    0   33.33    0.00   21.51    0.00    0.00    6.45    0.00    0.00    0.00   38.71
07:35:04 PM    1   23.17    0.00   10.98    0.00    0.00    1.22    0.00    0.00    0.00   64.63

07:35:04 PM  CPU    %usr   %nice    %sys %iowait    %irq   %soft  %steal  %guest  %gnice   %idle
07:35:05 PM    0   35.48    0.00   15.05    0.00    0.00    9.68    0.00    0.00    0.00   39.78
07:35:05 PM    1   23.53    0.00    8.24    0.00    0.00    4.71    0.00    0.00    0.00   63.53

07:35:05 PM  CPU    %usr   %nice    %sys %iowait    %irq   %soft  %steal  %guest  %gnice   %idle
07:35:06 PM    0   37.23    0.00   19.15    0.00    0.00    5.32    0.00    0.00    0.00   38.30
07:35:06 PM    1   18.07    0.00   12.05    0.00    0.00    4.82    0.00    0.00    0.00   65.06

07:35:06 PM  CPU    %usr   %nice    %sys %iowait    %irq   %soft  %steal  %guest  %gnice   %idle
07:35:07 PM    0   37.36    0.00   15.38    0.00    0.00    7.69    0.00    0.00    0.00   39.56
07:35:07 PM    1   30.95    0.00    5.95    0.00    0.00    2.38    0.00    0.00    0.00   60.71

07:35:07 PM  CPU    %usr   %nice    %sys %iowait    %irq   %soft  %steal  %guest  %gnice   %idle
07:35:08 PM    0   36.36    0.00   17.05    0.00    0.00    6.82    0.00    0.00    0.00   39.77
07:35:08 PM    1   25.30    0.00   10.84    0.00    0.00    2.41    0.00    0.00    0.00   61.45

07:35:08 PM  CPU    %usr   %nice    %sys %iowait    %irq   %soft  %steal  %guest  %gnice   %idle
07:35:09 PM    0   38.95    0.00   17.89    0.00    0.00    5.26    0.00    0.00    0.00   37.89
07:35:09 PM    1   24.10    0.00    9.64    0.00    0.00    2.41    0.00    0.00    0.00   63.86

07:35:09 PM  CPU    %usr   %nice    %sys %iowait    %irq   %soft  %steal  %guest  %gnice   %idle
07:35:10 PM    0   36.84    0.00   17.89    0.00    0.00    6.32    0.00    0.00    0.00   38.95
07:35:10 PM    1   26.51    0.00    6.02    0.00    0.00    3.61    0.00    0.00    0.00   63.86

07:35:10 PM  CPU    %usr   %nice    %sys %iowait    %irq   %soft  %steal  %guest  %gnice   %idle
07:35:11 PM    0   33.68    0.00   21.05    0.00    0.00    6.32    0.00    0.00    0.00   38.95
07:35:11 PM    1   23.81    0.00   10.71    0.00    0.00    3.57    0.00    0.00    0.00   61.90

07:35:11 PM  CPU    %usr   %nice    %sys %iowait    %irq   %soft  %steal  %guest  %gnice   %idle
07:35:12 PM    0   36.96    0.00   19.57    0.00    0.00    5.43    0.00    0.00    0.00   38.04
07:35:12 PM    1   23.17    0.00   12.20    0.00    0.00    2.44    0.00    0.00    0.00   62.20

07:35:12 PM  CPU    %usr   %nice    %sys %iowait    %irq   %soft  %steal  %guest  %gnice   %idle
07:35:13 PM    0   34.44    0.00   17.78    0.00    0.00    6.67    0.00    0.00    0.00   41.11
07:35:13 PM    1   25.00    0.00    9.52    0.00    0.00    2.38    0.00    0.00    0.00   63.10

07:35:13 PM  CPU    %usr   %nice    %sys %iowait    %irq   %soft  %steal  %guest  %gnice   %idle
07:35:14 PM    0   33.33    0.00   19.35    0.00    0.00    7.53    0.00    0.00    0.00   39.78
07:35:14 PM    1   24.39    0.00    8.54    0.00    0.00    2.44    0.00    0.00    0.00   64.63

07:35:14 PM  CPU    %usr   %nice    %sys %iowait    %irq   %soft  %steal  %guest  %gnice   %idle
07:35:15 PM    0   32.22    0.00   20.00    0.00    0.00    5.56    0.00    0.00    0.00   42.22
07:35:15 PM    1   24.71    0.00    8.24    0.00    0.00    3.53    0.00    0.00    0.00   63.53

07:35:15 PM  CPU    %usr   %nice    %sys %iowait    %irq   %soft  %steal  %guest  %gnice   %idle
07:35:16 PM    0   38.46    0.00   14.29    0.00    0.00    7.69    0.00    0.00    0.00   39.56
07:35:16 PM    1   26.19    0.00    9.52    0.00    0.00    2.38    0.00    0.00    0.00   61.90

07:35:16 PM  CPU    %usr   %nice    %sys %iowait    %irq   %soft  %steal  %guest  %gnice   %idle
07:35:17 PM    0   39.78    0.00   16.13    0.00    0.00    5.38    0.00    0.00    0.00   38.71
07:35:17 PM    1   22.89    0.00    9.64    0.00    0.00    4.82    0.00    0.00    0.00   62.65

07:35:17 PM  CPU    %usr   %nice    %sys %iowait    %irq   %soft  %steal  %guest  %gnice   %idle
07:35:18 PM    0   30.85    0.00   23.40    0.00    0.00    7.45    0.00    0.00    0.00   38.30
07:35:18 PM    1   26.51    0.00    9.64    0.00    0.00    0.00    0.00    0.00    0.00   63.86

07:35:18 PM  CPU    %usr   %nice    %sys %iowait    %irq   %soft  %steal  %guest  %gnice   %idle
07:35:19 PM    0   35.11    0.00   18.09    0.00    0.00    6.38    0.00    0.00    0.00   40.43
07:35:19 PM    1   22.22    0.00    9.88    0.00    0.00    2.47    0.00    0.00    0.00   65.43

07:35:19 PM  CPU    %usr   %nice    %sys %iowait    %irq   %soft  %steal  %guest  %gnice   %idle
07:35:20 PM    0   33.33    0.00   19.35    0.00    0.00    7.53    0.00    0.00    0.00   39.78
07:35:20 PM    1   29.41    0.00   10.59    0.00    0.00    2.35    0.00    0.00    0.00   57.65

07:35:20 PM  CPU    %usr   %nice    %sys %iowait    %irq   %soft  %steal  %guest  %gnice   %idle
07:35:21 PM    0   34.04    0.00   20.21    0.00    0.00    6.38    0.00    0.00    0.00   39.36
07:35:21 PM    1   23.81    0.00   10.71    0.00    0.00    3.57    0.00    0.00    0.00   61.90

07:35:21 PM  CPU    %usr   %nice    %sys %iowait    %irq   %soft  %steal  %guest  %gnice   %idle
07:35:22 PM    0   33.33    0.00   20.83    0.00    0.00    8.33    0.00    0.00    0.00   37.50
07:35:22 PM    1   26.44    0.00    6.90    0.00    0.00    6.90    0.00    0.00    0.00   59.77

07:35:22 PM  CPU    %usr   %nice    %sys %iowait    %irq   %soft  %steal  %guest  %gnice   %idle
07:35:23 PM    0   36.56    0.00   21.51    0.00    0.00    3.23    0.00    0.00    0.00   38.71
07:35:23 PM    1   23.53    0.00    9.41    0.00    0.00    3.53    0.00    0.00    0.00   63.53

07:35:23 PM  CPU    %usr   %nice    %sys %iowait    %irq   %soft  %steal  %guest  %gnice   %idle
07:35:24 PM    0   33.70    0.00   18.48    0.00    0.00    6.52    0.00    0.00    0.00   41.30
07:35:24 PM    1   28.05    0.00    6.10    0.00    0.00    1.22    0.00    0.00    0.00   64.63

07:35:24 PM  CPU    %usr   %nice    %sys %iowait    %irq   %soft  %steal  %guest  %gnice   %idle
07:35:25 PM    0   34.04    0.00   15.96    0.00    0.00    9.57    0.00    0.00    0.00   40.43
07:35:25 PM    1   27.06    0.00    7.06    0.00    0.00    3.53    0.00    0.00    0.00   62.35

07:35:25 PM  CPU    %usr   %nice    %sys %iowait    %irq   %soft  %steal  %guest  %gnice   %idle
07:35:26 PM    0   34.78    0.00   17.39    0.00    0.00    6.52    0.00    0.00    0.00   41.30
07:35:26 PM    1   23.26    0.00   10.47    0.00    0.00    3.49    0.00    0.00    0.00   62.79

07:35:26 PM  CPU    %usr   %nice    %sys %iowait    %irq   %soft  %steal  %guest  %gnice   %idle
07:35:27 PM    0   32.26    0.00   21.51    0.00    0.00    6.45    0.00    0.00    0.00   39.78
07:35:27 PM    1   21.69    0.00   10.84    0.00    0.00    2.41    0.00    0.00    0.00   65.06

07:35:27 PM  CPU    %usr   %nice    %sys %iowait    %irq   %soft  %steal  %guest  %gnice   %idle
07:35:28 PM    0   34.78    0.00   15.22    0.00    0.00   10.87    0.00    0.00    0.00   39.13
07:35:28 PM    1   23.81    0.00   13.10    0.00    0.00    1.19    0.00    0.00    0.00   61.90

07:35:28 PM  CPU    %usr   %nice    %sys %iowait    %irq   %soft  %steal  %guest  %gnice   %idle
07:35:29 PM    0   31.96    0.00   20.62    0.00    0.00    9.28    0.00    0.00    0.00   38.14
07:35:29 PM    1   21.69    0.00   10.84    0.00    0.00    2.41    0.00    0.00    0.00   65.06

07:35:29 PM  CPU    %usr   %nice    %sys %iowait    %irq   %soft  %steal  %guest  %gnice   %idle
07:35:30 PM    0   28.26    0.00   25.00    0.00    0.00    6.52    0.00    0.00    0.00   40.22
07:35:30 PM    1   24.39    0.00   10.98    0.00    0.00    1.22    0.00    0.00    0.00   63.41

07:35:30 PM  CPU    %usr   %nice    %sys %iowait    %irq   %soft  %steal  %guest  %gnice   %idle
07:35:31 PM    0   32.26    0.00   18.28    0.00    0.00   11.83    0.00    0.00    0.00   37.63
07:35:31 PM    1   27.71    0.00    7.23    0.00    0.00    2.41    0.00    0.00    0.00   62.65

07:35:31 PM  CPU    %usr   %nice    %sys %iowait    %irq   %soft  %steal  %guest  %gnice   %idle
07:35:32 PM    0   32.26    0.00   19.35    0.00    0.00    7.53    0.00    0.00    0.00   40.86
07:35:32 PM    1   25.30    0.00    9.64    0.00    0.00    1.20    0.00    0.00    0.00   63.86

07:35:32 PM  CPU    %usr   %nice    %sys %iowait    %irq   %soft  %steal  %guest  %gnice   %idle
07:35:33 PM    0   37.36    0.00   16.48    0.00    0.00    5.49    0.00    0.00    0.00   40.66
07:35:33 PM    1   25.88    0.00   10.59    0.00    0.00    2.35    0.00    0.00    0.00   61.18

07:35:33 PM  CPU    %usr   %nice    %sys %iowait    %irq   %soft  %steal  %guest  %gnice   %idle
07:35:34 PM    0   30.11    0.00   19.35    0.00    0.00   10.75    0.00    0.00    0.00   39.78
07:35:34 PM    1   26.83    0.00    8.54    0.00    0.00    1.22    0.00    0.00    0.00   63.41

07:35:34 PM  CPU    %usr   %nice    %sys %iowait    %irq   %soft  %steal  %guest  %gnice   %idle
07:35:35 PM    0   36.84    0.00   15.79    0.00    0.00    8.42    0.00    0.00    0.00   38.95
07:35:35 PM    1   27.06    0.00    5.88    0.00    0.00    4.71    0.00    0.00    0.00   62.35

07:35:35 PM  CPU    %usr   %nice    %sys %iowait    %irq   %soft  %steal  %guest  %gnice   %idle
07:35:36 PM    0   36.26    0.00   16.48    0.00    0.00    4.40    0.00    0.00    0.00   42.86
07:35:36 PM    1   24.71    0.00    8.24    0.00    0.00    3.53    0.00    0.00    0.00   63.53

07:35:36 PM  CPU    %usr   %nice    %sys %iowait    %irq   %soft  %steal  %guest  %gnice   %idle
07:35:37 PM    0   30.85    0.00   21.28    0.00    0.00    8.51    0.00    0.00    0.00   39.36
07:35:37 PM    1   25.00    0.00    7.50    0.00    0.00    1.25    0.00    0.00    0.00   66.25

07:35:37 PM  CPU    %usr   %nice    %sys %iowait    %irq   %soft  %steal  %guest  %gnice   %idle
07:35:38 PM    0   34.74    0.00   14.74    0.00    0.00   11.58    0.00    0.00    0.00   38.95
07:35:38 PM    1   28.57    0.00    7.14    0.00    0.00    1.19    0.00    0.00    0.00   63.10

07:35:38 PM  CPU    %usr   %nice    %sys %iowait    %irq   %soft  %steal  %guest  %gnice   %idle
07:35:39 PM    0   33.67    0.00   17.35    0.00    0.00   10.20    0.00    0.00    0.00   38.78
07:35:39 PM    1   26.51    0.00    8.43    0.00    0.00    1.20    0.00    0.00    0.00   63.86

07:35:39 PM  CPU    %usr   %nice    %sys %iowait    %irq   %soft  %steal  %guest  %gnice   %idle
07:35:40 PM    0   29.21    0.00   22.47    0.00    0.00    7.87    0.00    0.00    0.00   40.45
07:35:40 PM    1   27.38    0.00    8.33    0.00    0.00    2.38    0.00    0.00    0.00   61.90

07:35:40 PM  CPU    %usr   %nice    %sys %iowait    %irq   %soft  %steal  %guest  %gnice   %idle
07:35:41 PM    0   36.08    0.00   17.53    0.00    0.00    7.22    0.00    0.00    0.00   39.18
07:35:41 PM    1   27.38    0.00    7.14    0.00    0.00    2.38    0.00    0.00    0.00   63.10

07:35:41 PM  CPU    %usr   %nice    %sys %iowait    %irq   %soft  %steal  %guest  %gnice   %idle
07:35:42 PM    0   34.07    0.00   16.48    0.00    0.00    8.79    0.00    0.00    0.00   40.66
07:35:42 PM    1   21.18    0.00   11.76    0.00    0.00    3.53    0.00    0.00    0.00   63.53

07:35:42 PM  CPU    %usr   %nice    %sys %iowait    %irq   %soft  %steal  %guest  %gnice   %idle
07:35:43 PM    0   41.41    0.00   16.16    0.00    0.00    6.06    0.00    0.00    0.00   36.36
07:35:43 PM    1   23.86    0.00   10.23    0.00    0.00    6.82    0.00    0.00    0.00   59.09

07:35:43 PM  CPU    %usr   %nice    %sys %iowait    %irq   %soft  %steal  %guest  %gnice   %idle
07:35:44 PM    0   35.79    0.00   16.84    0.00    0.00    9.47    0.00    0.00    0.00   37.89
07:35:44 PM    1   25.00    0.00   10.71    0.00    0.00    3.57    0.00    0.00    0.00   60.71

07:35:44 PM  CPU    %usr   %nice    %sys %iowait    %irq   %soft  %steal  %guest  %gnice   %idle
07:35:45 PM    0   32.61    0.00   18.48    0.00    0.00    8.70    0.00    0.00    0.00   40.22
07:35:45 PM    1   25.00    0.00    9.52    0.00    0.00    1.19    0.00    0.00    0.00   64.29

07:35:45 PM  CPU    %usr   %nice    %sys %iowait    %irq   %soft  %steal  %guest  %gnice   %idle
07:35:46 PM    0   35.11    0.00   15.96    0.00    0.00    9.57    0.00    0.00    0.00   39.36
07:35:46 PM    1   22.89    0.00    9.64    0.00    0.00    4.82    0.00    0.00    0.00   62.65

07:35:46 PM  CPU    %usr   %nice    %sys %iowait    %irq   %soft  %steal  %guest  %gnice   %idle
07:35:47 PM    0   35.42    0.00   17.71    0.00    0.00    7.29    0.00    0.00    0.00   39.58
07:35:47 PM    1   27.38    0.00    7.14    0.00    0.00    1.19    0.00    0.00    0.00   64.29

07:35:47 PM  CPU    %usr   %nice    %sys %iowait    %irq   %soft  %steal  %guest  %gnice   %idle
07:35:48 PM    0   34.78    0.00   18.48    0.00    0.00    5.43    0.00    0.00    0.00   41.30
07:35:48 PM    1   27.06    0.00    7.06    0.00    0.00    4.71    0.00    0.00    0.00   61.18

07:35:48 PM  CPU    %usr   %nice    %sys %iowait    %irq   %soft  %steal  %guest  %gnice   %idle
07:35:49 PM    0   35.87    0.00   18.48    0.00    0.00    6.52    0.00    0.00    0.00   39.13
07:35:49 PM    1   26.51    0.00    9.64    0.00    0.00    2.41    0.00    0.00    0.00   61.45

07:35:49 PM  CPU    %usr   %nice    %sys %iowait    %irq   %soft  %steal  %guest  %gnice   %idle
07:35:50 PM    0   31.58    0.00   22.11    0.00    0.00    8.42    0.00    0.00    0.00   37.89
07:35:50 PM    1   27.38    0.00    9.52    0.00    0.00    2.38    0.00    0.00    0.00   60.71

07:35:50 PM  CPU    %usr   %nice    %sys %iowait    %irq   %soft  %steal  %guest  %gnice   %idle
07:35:51 PM    0   37.63    0.00   15.05    0.00    0.00    7.53    0.00    0.00    0.00   39.78
07:35:51 PM    1   23.26    0.00   12.79    0.00    0.00    2.33    0.00    0.00    0.00   61.63

07:35:51 PM  CPU    %usr   %nice    %sys %iowait    %irq   %soft  %steal  %guest  %gnice   %idle
07:35:52 PM    0   33.33    0.00   17.20    0.00    0.00    8.60    0.00    0.00    0.00   40.86
07:35:52 PM    1   23.46    0.00    6.17    0.00    0.00    2.47    0.00    0.00    0.00   67.90

07:35:52 PM  CPU    %usr   %nice    %sys %iowait    %irq   %soft  %steal  %guest  %gnice   %idle
07:35:53 PM    0   37.63    0.00   15.05    0.00    0.00    7.53    0.00    0.00    0.00   39.78
07:35:53 PM    1   23.81    0.00   13.10    0.00    0.00    2.38    0.00    0.00    0.00   60.71

07:35:53 PM  CPU    %usr   %nice    %sys %iowait    %irq   %soft  %steal  %guest  %gnice   %idle
07:35:54 PM    0   34.07    0.00   21.98    0.00    0.00    5.49    0.00    0.00    0.00   38.46
07:35:54 PM    1   25.61    0.00    9.76    0.00    0.00    1.22    0.00    0.00    0.00   63.41

07:35:54 PM  CPU    %usr   %nice    %sys %iowait    %irq   %soft  %steal  %guest  %gnice   %idle
07:35:55 PM    0   34.41    0.00   13.98    0.00    0.00   10.75    0.00    0.00    0.00   40.86
07:35:55 PM    1   25.61    0.00    6.10    0.00    0.00    2.44    0.00    0.00    0.00   65.85

07:35:55 PM  CPU    %usr   %nice    %sys %iowait    %irq   %soft  %steal  %guest  %gnice   %idle
07:35:56 PM    0   34.04    0.00   15.96    0.00    0.00    9.57    0.00    0.00    0.00   40.43
07:35:56 PM    1   22.22    0.00    8.64    0.00    0.00    2.47    0.00    0.00    0.00   66.67

07:35:56 PM  CPU    %usr   %nice    %sys %iowait    %irq   %soft  %steal  %guest  %gnice   %idle
07:35:57 PM    0   35.11    0.00   17.02    0.00    0.00    7.45    0.00    0.00    0.00   40.43
07:35:57 PM    1   21.69    0.00   12.05    0.00    0.00    3.61    0.00    0.00    0.00   62.65

07:35:57 PM  CPU    %usr   %nice    %sys %iowait    %irq   %soft  %steal  %guest  %gnice   %idle
07:35:58 PM    0   32.98    0.00   21.28    0.00    0.00    9.57    0.00    0.00    0.00   36.17
07:35:58 PM    1   27.38    0.00    8.33    0.00    0.00    3.57    0.00    0.00    0.00   60.71

07:35:58 PM  CPU    %usr   %nice    %sys %iowait    %irq   %soft  %steal  %guest  %gnice   %idle
07:35:59 PM    0   30.77    0.00   23.08    0.00    0.00    5.49    0.00    0.00    0.00   40.66
07:35:59 PM    1   23.81    0.00   11.90    0.00    0.00    2.38    0.00    0.00    0.00   61.90

07:35:59 PM  CPU    %usr   %nice    %sys %iowait    %irq   %soft  %steal  %guest  %gnice   %idle
07:36:00 PM    0   38.04    0.00   18.48    0.00    0.00    5.43    0.00    0.00    0.00   38.04
07:36:00 PM    1   23.81    0.00   11.90    0.00    0.00    3.57    0.00    0.00    0.00   60.71

07:36:00 PM  CPU    %usr   %nice    %sys %iowait    %irq   %soft  %steal  %guest  %gnice   %idle
07:36:01 PM    0   34.74    0.00   18.95    0.00    0.00    9.47    0.00    0.00    0.00   36.84
07:36:01 PM    1   28.24    0.00    9.41    0.00    0.00    2.35    0.00    0.00    0.00   60.00

07:36:01 PM  CPU    %usr   %nice    %sys %iowait    %irq   %soft  %steal  %guest  %gnice   %idle
07:36:02 PM    0   32.61    0.00   19.57    0.00    0.00    8.70    0.00    0.00    0.00   39.13
07:36:02 PM    1   22.62    0.00   11.90    0.00    0.00    3.57    0.00    0.00    0.00   61.90

07:36:02 PM  CPU    %usr   %nice    %sys %iowait    %irq   %soft  %steal  %guest  %gnice   %idle
07:36:03 PM    0   36.17    0.00   17.02    0.00    0.00    7.45    0.00    0.00    0.00   39.36
07:36:03 PM    1   24.10    0.00    9.64    0.00    0.00    2.41    0.00    0.00    0.00   63.86

07:36:03 PM  CPU    %usr   %nice    %sys %iowait    %irq   %soft  %steal  %guest  %gnice   %idle
07:36:04 PM    0   36.26    0.00   15.38    0.00    0.00    7.69    0.00    0.00    0.00   40.66
07:36:04 PM    1   23.26    0.00   10.47    0.00    0.00    4.65    0.00    0.00    0.00   61.63

07:36:04 PM  CPU    %usr   %nice    %sys %iowait    %irq   %soft  %steal  %guest  %gnice   %idle
07:36:05 PM    0   37.63    0.00   13.98    0.00    0.00    8.60    0.00    0.00    0.00   39.78
07:36:05 PM    1   23.53    0.00    9.41    0.00    0.00    3.53    0.00    0.00    0.00   63.53

07:36:05 PM  CPU    %usr   %nice    %sys %iowait    %irq   %soft  %steal  %guest  %gnice   %idle
07:36:06 PM    0   35.79    0.00   17.89    0.00    0.00    8.42    0.00    0.00    0.00   37.89
07:36:06 PM    1   23.81    0.00    9.52    0.00    0.00    4.76    0.00    0.00    0.00   61.90

07:36:06 PM  CPU    %usr   %nice    %sys %iowait    %irq   %soft  %steal  %guest  %gnice   %idle
07:36:07 PM    0   32.61    0.00   18.48    0.00    0.00    8.70    0.00    0.00    0.00   40.22
07:36:07 PM    1   27.38    0.00    8.33    0.00    0.00    2.38    0.00    0.00    0.00   61.90

07:36:07 PM  CPU    %usr   %nice    %sys %iowait    %irq   %soft  %steal  %guest  %gnice   %idle
07:36:08 PM    0   40.43    0.00   15.96    0.00    0.00    5.32    0.00    0.00    0.00   38.30
07:36:08 PM    1   27.91    0.00    6.98    0.00    0.00    4.65    0.00    0.00    0.00   60.47

07:36:08 PM  CPU    %usr   %nice    %sys %iowait    %irq   %soft  %steal  %guest  %gnice   %idle
07:36:09 PM    0   32.61    0.00   17.39    0.00    0.00    8.70    0.00    0.00    0.00   41.30
07:36:09 PM    1   28.92    0.00    8.43    0.00    0.00    1.20    0.00    0.00    0.00   61.45

07:36:09 PM  CPU    %usr   %nice    %sys %iowait    %irq   %soft  %steal  %guest  %gnice   %idle
07:36:10 PM    0   33.68    0.00   21.05    0.00    0.00    7.37    0.00    0.00    0.00   37.89
07:36:10 PM    1   24.71    0.00    9.41    0.00    0.00    3.53    0.00    0.00    0.00   62.35

07:36:10 PM  CPU    %usr   %nice    %sys %iowait    %irq   %soft  %steal  %guest  %gnice   %idle
07:36:11 PM    0   39.56    0.00   15.38    0.00    0.00    5.49    0.00    0.00    0.00   39.56
07:36:11 PM    1   28.92    0.00    7.23    0.00    0.00    3.61    0.00    0.00    0.00   60.24

07:36:11 PM  CPU    %usr   %nice    %sys %iowait    %irq   %soft  %steal  %guest  %gnice   %idle
07:36:12 PM    0   32.61    0.00   19.57    0.00    0.00    7.61    0.00    0.00    0.00   40.22
07:36:12 PM    1   23.26    0.00   10.47    0.00    0.00    4.65    0.00    0.00    0.00   61.63

07:36:12 PM  CPU    %usr   %nice    %sys %iowait    %irq   %soft  %steal  %guest  %gnice   %idle
07:36:13 PM    0   31.18    0.00   17.20    0.00    0.00    8.60    0.00    0.00    0.00   43.01
07:36:13 PM    1   23.53    0.00    9.41    0.00    0.00    3.53    0.00    0.00    0.00   63.53

Average:     CPU    %usr   %nice    %sys %iowait    %irq   %soft  %steal  %guest  %gnice   %idle
Average:       0   34.85    0.00   18.30    0.00    0.00    7.49    0.00    0.00    0.00   39.36
Average:       1   24.93    0.00    9.45    0.00    0.00    2.91    0.00    0.00    0.00   62.72
