Performing C SOURCE FILE Test CMAKE_HAVE_LIBC_PTHREAD failed with the following output:
Change Dir: /home/mei/tutorial/Lab3/Sec3/cmake/build/CMakeFiles/CMakeTmp

Run Build Command(s):/usr/bin/make cmTC_15182/fast && /usr/bin/make -f CMakeFiles/cmTC_15182.dir/build.make CMakeFiles/cmTC_15182.dir/build
make[1]: Entering directory '/home/mei/tutorial/Lab3/Sec3/cmake/build/CMakeFiles/CMakeTmp'
Building C object CMakeFiles/cmTC_15182.dir/src.c.o
/usr/bin/cc   -DCMAKE_HAVE_LIBC_PTHREAD   -o CMakeFiles/cmTC_15182.dir/src.c.o   -c /home/mei/tutorial/Lab3/Sec3/cmake/build/CMakeFiles/CMakeTmp/src.c
Linking C executable cmTC_15182
/home/mei/local/bin/cmake -E cmake_link_script CMakeFiles/cmTC_15182.dir/link.txt --verbose=1
/usr/bin/cc  -DCMAKE_HAVE_LIBC_PTHREAD    CMakeFiles/cmTC_15182.dir/src.c.o  -o cmTC_15182 
CMakeFiles/cmTC_15182.dir/src.c.o: In function `main':
src.c:(.text+0x3e): undefined reference to `pthread_create'
src.c:(.text+0x4a): undefined reference to `pthread_detach'
src.c:(.text+0x56): undefined reference to `pthread_cancel'
src.c:(.text+0x67): undefined reference to `pthread_join'
src.c:(.text+0x7b): undefined reference to `pthread_atfork'
collect2: error: ld returned 1 exit status
CMakeFiles/cmTC_15182.dir/build.make:103: recipe for target 'cmTC_15182' failed
make[1]: *** [cmTC_15182] Error 1
make[1]: Leaving directory '/home/mei/tutorial/Lab3/Sec3/cmake/build/CMakeFiles/CMakeTmp'
Makefile:138: recipe for target 'cmTC_15182/fast' failed
make: *** [cmTC_15182/fast] Error 2


Source file was:
#include <pthread.h>

void* test_func(void* data)
{
  return data;
}

int main(void)
{
  pthread_t thread;
  pthread_create(&thread, NULL, test_func, NULL);
  pthread_detach(thread);
  pthread_cancel(thread);
  pthread_join(thread, NULL);
  pthread_atfork(NULL, NULL, NULL);
  pthread_exit(NULL);

  return 0;
}

Determining if the function pthread_create exists in the pthreads failed with the following output:
Change Dir: /home/mei/tutorial/Lab3/Sec3/cmake/build/CMakeFiles/CMakeTmp

Run Build Command(s):/usr/bin/make cmTC_014e8/fast && /usr/bin/make -f CMakeFiles/cmTC_014e8.dir/build.make CMakeFiles/cmTC_014e8.dir/build
make[1]: Entering directory '/home/mei/tutorial/Lab3/Sec3/cmake/build/CMakeFiles/CMakeTmp'
Building C object CMakeFiles/cmTC_014e8.dir/CheckFunctionExists.c.o
/usr/bin/cc   -DCHECK_FUNCTION_EXISTS=pthread_create   -o CMakeFiles/cmTC_014e8.dir/CheckFunctionExists.c.o   -c /home/mei/local/share/cmake-3.17/Modules/CheckFunctionExists.c
Linking C executable cmTC_014e8
/home/mei/local/bin/cmake -E cmake_link_script CMakeFiles/cmTC_014e8.dir/link.txt --verbose=1
/usr/bin/cc  -DCHECK_FUNCTION_EXISTS=pthread_create    CMakeFiles/cmTC_014e8.dir/CheckFunctionExists.c.o  -o cmTC_014e8  -lpthreads 
/usr/bin/ld: cannot find -lpthreads
collect2: error: ld returned 1 exit status
CMakeFiles/cmTC_014e8.dir/build.make:103: recipe for target 'cmTC_014e8' failed
make[1]: *** [cmTC_014e8] Error 1
make[1]: Leaving directory '/home/mei/tutorial/Lab3/Sec3/cmake/build/CMakeFiles/CMakeTmp'
Makefile:138: recipe for target 'cmTC_014e8/fast' failed
make: *** [cmTC_014e8/fast] Error 2



