Linux 5.3.0-59-generic (ericmei) 	06/29/2020 	_x86_64_	(12 CPU)

07:52:33 PM  CPU    %usr   %nice    %sys %iowait    %irq   %soft  %steal  %guest  %gnice   %idle
07:52:34 PM    0   67.68    0.00   24.24    0.00    0.00    6.06    0.00    0.00    0.00    2.02
07:52:34 PM    1   59.00    0.00   41.00    0.00    0.00    0.00    0.00    0.00    0.00    0.00

07:52:34 PM  CPU    %usr   %nice    %sys %iowait    %irq   %soft  %steal  %guest  %gnice   %idle
07:52:35 PM    0   74.23    0.00   18.56    0.00    0.00    7.22    0.00    0.00    0.00    0.00
07:52:35 PM    1   66.00    0.00   34.00    0.00    0.00    0.00    0.00    0.00    0.00    0.00

07:52:35 PM  CPU    %usr   %nice    %sys %iowait    %irq   %soft  %steal  %guest  %gnice   %idle
07:52:36 PM    0   68.63    0.00   23.53    0.00    0.00    4.90    0.00    0.00    0.00    2.94
07:52:36 PM    1   59.00    0.00   41.00    0.00    0.00    0.00    0.00    0.00    0.00    0.00

07:52:36 PM  CPU    %usr   %nice    %sys %iowait    %irq   %soft  %steal  %guest  %gnice   %idle
07:52:37 PM    0   71.72    0.00   19.19    0.00    0.00    9.09    0.00    0.00    0.00    0.00
07:52:37 PM    1   59.00    0.00   41.00    0.00    0.00    0.00    0.00    0.00    0.00    0.00

07:52:37 PM  CPU    %usr   %nice    %sys %iowait    %irq   %soft  %steal  %guest  %gnice   %idle
07:52:38 PM    0   74.00    0.00   20.00    0.00    0.00    5.00    0.00    0.00    0.00    1.00
07:52:38 PM    1   64.00    0.00   36.00    0.00    0.00    0.00    0.00    0.00    0.00    0.00

07:52:38 PM  CPU    %usr   %nice    %sys %iowait    %irq   %soft  %steal  %guest  %gnice   %idle
07:52:39 PM    0   73.00    0.00   20.00    0.00    0.00    6.00    0.00    0.00    0.00    1.00
07:52:39 PM    1   65.00    0.00   35.00    0.00    0.00    0.00    0.00    0.00    0.00    0.00

07:52:39 PM  CPU    %usr   %nice    %sys %iowait    %irq   %soft  %steal  %guest  %gnice   %idle
07:52:40 PM    0   68.32    0.00   18.81    0.00    0.00    9.90    0.00    0.00    0.00    2.97
07:52:40 PM    1   61.00    0.00   39.00    0.00    0.00    0.00    0.00    0.00    0.00    0.00

07:52:40 PM  CPU    %usr   %nice    %sys %iowait    %irq   %soft  %steal  %guest  %gnice   %idle
07:52:41 PM    0   72.00    0.00   18.00    0.00    0.00    9.00    0.00    0.00    0.00    1.00
07:52:41 PM    1   58.59    0.00   41.41    0.00    0.00    0.00    0.00    0.00    0.00    0.00

07:52:41 PM  CPU    %usr   %nice    %sys %iowait    %irq   %soft  %steal  %guest  %gnice   %idle
07:52:42 PM    0   78.79    0.00   17.17    0.00    0.00    3.03    0.00    0.00    0.00    1.01
07:52:42 PM    1   64.36    0.00   35.64    0.00    0.00    0.00    0.00    0.00    0.00    0.00

07:52:42 PM  CPU    %usr   %nice    %sys %iowait    %irq   %soft  %steal  %guest  %gnice   %idle
07:52:43 PM    0   69.70    0.00   23.23    0.00    0.00    6.06    0.00    0.00    0.00    1.01
07:52:43 PM    1   62.00    0.00   38.00    0.00    0.00    0.00    0.00    0.00    0.00    0.00

07:52:43 PM  CPU    %usr   %nice    %sys %iowait    %irq   %soft  %steal  %guest  %gnice   %idle
07:52:44 PM    0   70.71    0.00   19.19    0.00    0.00    7.07    0.00    0.00    0.00    3.03
07:52:44 PM    1   64.00    0.00   36.00    0.00    0.00    0.00    0.00    0.00    0.00    0.00

07:52:44 PM  CPU    %usr   %nice    %sys %iowait    %irq   %soft  %steal  %guest  %gnice   %idle
07:52:45 PM    0   73.00    0.00   18.00    0.00    0.00    8.00    0.00    0.00    0.00    1.00
07:52:45 PM    1   59.00    0.00   40.00    0.00    0.00    1.00    0.00    0.00    0.00    0.00

07:52:45 PM  CPU    %usr   %nice    %sys %iowait    %irq   %soft  %steal  %guest  %gnice   %idle
07:52:46 PM    0   72.45    0.00   19.39    0.00    0.00    7.14    0.00    0.00    0.00    1.02
07:52:46 PM    1   55.00    0.00   44.00    0.00    0.00    1.00    0.00    0.00    0.00    0.00

07:52:46 PM  CPU    %usr   %nice    %sys %iowait    %irq   %soft  %steal  %guest  %gnice   %idle
07:52:47 PM    0   56.86    0.00   21.57    0.00    0.00    8.82    0.00    0.00    0.00   12.75
07:52:47 PM    1   70.41    0.00   25.51    0.00    0.00    0.00    0.00    0.00    0.00    4.08

07:52:47 PM  CPU    %usr   %nice    %sys %iowait    %irq   %soft  %steal  %guest  %gnice   %idle
07:52:48 PM    0   69.07    0.00   20.62    0.00    0.00    9.28    0.00    0.00    0.00    1.03
07:52:48 PM    1   58.00    0.00   41.00    0.00    0.00    1.00    0.00    0.00    0.00    0.00

07:52:48 PM  CPU    %usr   %nice    %sys %iowait    %irq   %soft  %steal  %guest  %gnice   %idle
07:52:49 PM    0   69.31    0.00   21.78    0.00    0.00    6.93    0.00    0.00    0.00    1.98
07:52:49 PM    1   63.37    0.00   35.64    0.00    0.00    0.99    0.00    0.00    0.00    0.00

07:52:49 PM  CPU    %usr   %nice    %sys %iowait    %irq   %soft  %steal  %guest  %gnice   %idle
07:52:50 PM    0   72.73    0.00   19.19    0.00    0.00    7.07    0.00    0.00    0.00    1.01
07:52:50 PM    1   59.00    0.00   40.00    0.00    0.00    1.00    0.00    0.00    0.00    0.00

07:52:50 PM  CPU    %usr   %nice    %sys %iowait    %irq   %soft  %steal  %guest  %gnice   %idle
07:52:51 PM    0   69.00    0.00   21.00    0.00    0.00    9.00    0.00    0.00    0.00    1.00
07:52:51 PM    1   58.59    0.00   40.40    0.00    0.00    1.01    0.00    0.00    0.00    0.00

07:52:51 PM  CPU    %usr   %nice    %sys %iowait    %irq   %soft  %steal  %guest  %gnice   %idle
07:52:52 PM    0   71.43    0.00   21.43    0.00    0.00    5.10    0.00    0.00    0.00    2.04
07:52:52 PM    1   60.00    0.00   38.00    0.00    0.00    1.00    0.00    0.00    0.00    1.00

07:52:52 PM  CPU    %usr   %nice    %sys %iowait    %irq   %soft  %steal  %guest  %gnice   %idle
07:52:53 PM    0   72.45    0.00   17.35    0.00    0.00    9.18    0.00    0.00    0.00    1.02
07:52:53 PM    1   66.00    0.00   34.00    0.00    0.00    0.00    0.00    0.00    0.00    0.00

07:52:53 PM  CPU    %usr   %nice    %sys %iowait    %irq   %soft  %steal  %guest  %gnice   %idle
07:52:54 PM    0   71.72    0.00   20.20    0.00    0.00    7.07    0.00    0.00    0.00    1.01
07:52:54 PM    1   65.00    0.00   34.00    0.00    0.00    1.00    0.00    0.00    0.00    0.00

07:52:54 PM  CPU    %usr   %nice    %sys %iowait    %irq   %soft  %steal  %guest  %gnice   %idle
07:52:55 PM    0   70.71    0.00   19.19    0.00    0.00    9.09    0.00    0.00    0.00    1.01
07:52:55 PM    1   62.00    0.00   38.00    0.00    0.00    0.00    0.00    0.00    0.00    0.00

07:52:55 PM  CPU    %usr   %nice    %sys %iowait    %irq   %soft  %steal  %guest  %gnice   %idle
07:52:56 PM    0   70.71    0.00   21.21    0.00    0.00    7.07    0.00    0.00    0.00    1.01
07:52:56 PM    1   64.00    0.00   35.00    0.00    0.00    1.00    0.00    0.00    0.00    0.00

07:52:56 PM  CPU    %usr   %nice    %sys %iowait    %irq   %soft  %steal  %guest  %gnice   %idle
07:52:57 PM    0   70.41    0.00   19.39    0.00    0.00    9.18    0.00    0.00    0.00    1.02
07:52:57 PM    1   66.00    0.00   34.00    0.00    0.00    0.00    0.00    0.00    0.00    0.00

07:52:57 PM  CPU    %usr   %nice    %sys %iowait    %irq   %soft  %steal  %guest  %gnice   %idle
07:52:58 PM    0   76.77    0.00   17.17    0.00    0.00    5.05    0.00    0.00    0.00    1.01
07:52:58 PM    1   57.58    0.00   41.41    0.00    0.00    1.01    0.00    0.00    0.00    0.00

07:52:58 PM  CPU    %usr   %nice    %sys %iowait    %irq   %soft  %steal  %guest  %gnice   %idle
07:52:59 PM    0   79.00    0.00   13.00    0.00    0.00    7.00    0.00    0.00    0.00    1.00
07:52:59 PM    1   62.38    0.00   36.63    0.00    0.00    0.99    0.00    0.00    0.00    0.00

07:52:59 PM  CPU    %usr   %nice    %sys %iowait    %irq   %soft  %steal  %guest  %gnice   %idle
07:53:00 PM    0   75.25    0.00   17.82    0.00    0.00    5.94    0.00    0.00    0.00    0.99
07:53:00 PM    1   60.61    0.00   39.39    0.00    0.00    0.00    0.00    0.00    0.00    0.00

07:53:00 PM  CPU    %usr   %nice    %sys %iowait    %irq   %soft  %steal  %guest  %gnice   %idle
07:53:01 PM    0   76.00    0.00   16.00    0.00    0.00    7.00    0.00    0.00    0.00    1.00
07:53:01 PM    1   53.00    0.00   46.00    0.00    0.00    1.00    0.00    0.00    0.00    0.00

07:53:01 PM  CPU    %usr   %nice    %sys %iowait    %irq   %soft  %steal  %guest  %gnice   %idle
07:53:02 PM    0   57.14    0.00   18.37    0.00    0.00    6.12    0.00    0.00    0.00   18.37
07:53:02 PM    1   68.69    0.00   29.29    0.00    0.00    0.00    0.00    0.00    0.00    2.02

07:53:02 PM  CPU    %usr   %nice    %sys %iowait    %irq   %soft  %steal  %guest  %gnice   %idle
07:53:03 PM    0   73.00    0.00   20.00    0.00    0.00    6.00    0.00    0.00    0.00    1.00
07:53:03 PM    1   59.41    0.00   35.64    0.00    0.00    1.98    0.00    0.00    0.00    2.97

07:53:03 PM  CPU    %usr   %nice    %sys %iowait    %irq   %soft  %steal  %guest  %gnice   %idle
07:53:04 PM    0   72.45    0.00   20.41    0.00    0.00    6.12    0.00    0.00    0.00    1.02
07:53:04 PM    1   61.62    0.00   37.37    0.00    0.00    1.01    0.00    0.00    0.00    0.00

07:53:04 PM  CPU    %usr   %nice    %sys %iowait    %irq   %soft  %steal  %guest  %gnice   %idle
07:53:05 PM    0   68.04    0.00   21.65    0.00    0.00    9.28    0.00    0.00    0.00    1.03
07:53:05 PM    1   57.58    0.00   42.42    0.00    0.00    0.00    0.00    0.00    0.00    0.00

07:53:05 PM  CPU    %usr   %nice    %sys %iowait    %irq   %soft  %steal  %guest  %gnice   %idle
07:53:06 PM    0   69.39    0.00   23.47    0.00    0.00    6.12    0.00    0.00    0.00    1.02
07:53:06 PM    1   62.00    0.00   38.00    0.00    0.00    0.00    0.00    0.00    0.00    0.00

07:53:06 PM  CPU    %usr   %nice    %sys %iowait    %irq   %soft  %steal  %guest  %gnice   %idle
07:53:07 PM    0   70.00    0.00   21.00    0.00    0.00    7.00    0.00    0.00    0.00    2.00
07:53:07 PM    1   62.00    0.00   38.00    0.00    0.00    0.00    0.00    0.00    0.00    0.00

07:53:07 PM  CPU    %usr   %nice    %sys %iowait    %irq   %soft  %steal  %guest  %gnice   %idle
07:53:08 PM    0   69.07    0.00   23.71    0.00    0.00    6.19    0.00    0.00    0.00    1.03
07:53:08 PM    1   58.00    0.00   41.00    0.00    0.00    1.00    0.00    0.00    0.00    0.00

07:53:08 PM  CPU    %usr   %nice    %sys %iowait    %irq   %soft  %steal  %guest  %gnice   %idle
07:53:09 PM    0   73.00    0.00   19.00    0.00    0.00    7.00    0.00    0.00    0.00    1.00
07:53:09 PM    1   56.00    0.00   44.00    0.00    0.00    0.00    0.00    0.00    0.00    0.00

07:53:09 PM  CPU    %usr   %nice    %sys %iowait    %irq   %soft  %steal  %guest  %gnice   %idle
07:53:10 PM    0   68.00    0.00   21.00    0.00    0.00    9.00    0.00    0.00    0.00    2.00
07:53:10 PM    1   63.00    0.00   37.00    0.00    0.00    0.00    0.00    0.00    0.00    0.00

07:53:10 PM  CPU    %usr   %nice    %sys %iowait    %irq   %soft  %steal  %guest  %gnice   %idle
07:53:11 PM    0   70.83    0.00   20.83    0.00    0.00    7.29    0.00    0.00    0.00    1.04
07:53:11 PM    1   58.59    0.00   41.41    0.00    0.00    0.00    0.00    0.00    0.00    0.00

07:53:11 PM  CPU    %usr   %nice    %sys %iowait    %irq   %soft  %steal  %guest  %gnice   %idle
07:53:12 PM    0   71.00    0.00   21.00    0.00    0.00    7.00    0.00    0.00    0.00    1.00
07:53:12 PM    1   62.00    0.00   38.00    0.00    0.00    0.00    0.00    0.00    0.00    0.00

07:53:12 PM  CPU    %usr   %nice    %sys %iowait    %irq   %soft  %steal  %guest  %gnice   %idle
07:53:13 PM    0   67.68    0.00   22.22    0.00    0.00    8.08    0.00    0.00    0.00    2.02
07:53:13 PM    1   59.00    0.00   39.00    0.00    0.00    1.00    0.00    0.00    0.00    1.00

07:53:13 PM  CPU    %usr   %nice    %sys %iowait    %irq   %soft  %steal  %guest  %gnice   %idle
07:53:14 PM    0   72.16    0.00   18.56    0.00    0.00    9.28    0.00    0.00    0.00    0.00
07:53:14 PM    1   58.59    0.00   41.41    0.00    0.00    0.00    0.00    0.00    0.00    0.00

07:53:14 PM  CPU    %usr   %nice    %sys %iowait    %irq   %soft  %steal  %guest  %gnice   %idle
07:53:15 PM    0   75.76    0.00   16.16    0.00    0.00    6.06    0.00    0.00    0.00    2.02
07:53:15 PM    1   66.00    0.00   33.00    0.00    0.00    1.00    0.00    0.00    0.00    0.00

07:53:15 PM  CPU    %usr   %nice    %sys %iowait    %irq   %soft  %steal  %guest  %gnice   %idle
07:53:16 PM    0   74.49    0.00   18.37    0.00    0.00    6.12    0.00    0.00    0.00    1.02
07:53:16 PM    1   58.42    0.00   40.59    0.00    0.00    0.99    0.00    0.00    0.00    0.00

07:53:16 PM  CPU    %usr   %nice    %sys %iowait    %irq   %soft  %steal  %guest  %gnice   %idle
07:53:17 PM    0   72.16    0.00   19.59    0.00    0.00    7.22    0.00    0.00    0.00    1.03
07:53:17 PM    1   57.58    0.00   42.42    0.00    0.00    0.00    0.00    0.00    0.00    0.00

07:53:17 PM  CPU    %usr   %nice    %sys %iowait    %irq   %soft  %steal  %guest  %gnice   %idle
07:53:18 PM    0   73.20    0.00   18.56    0.00    0.00    7.22    0.00    0.00    0.00    1.03
07:53:18 PM    1   66.00    0.00   33.00    0.00    0.00    1.00    0.00    0.00    0.00    0.00

07:53:18 PM  CPU    %usr   %nice    %sys %iowait    %irq   %soft  %steal  %guest  %gnice   %idle
07:53:19 PM    0   74.75    0.00   17.17    0.00    0.00    7.07    0.00    0.00    0.00    1.01
07:53:19 PM    1   61.39    0.00   37.62    0.00    0.00    0.99    0.00    0.00    0.00    0.00

07:53:19 PM  CPU    %usr   %nice    %sys %iowait    %irq   %soft  %steal  %guest  %gnice   %idle
07:53:20 PM    0   76.77    0.00   15.15    0.00    0.00    6.06    0.00    0.00    0.00    2.02
07:53:20 PM    1   58.59    0.00   40.40    0.00    0.00    1.01    0.00    0.00    0.00    0.00

07:53:20 PM  CPU    %usr   %nice    %sys %iowait    %irq   %soft  %steal  %guest  %gnice   %idle
07:53:21 PM    0   75.25    0.00   16.83    0.00    0.00    6.93    0.00    0.00    0.00    0.99
07:53:21 PM    1   61.00    0.00   39.00    0.00    0.00    0.00    0.00    0.00    0.00    0.00

07:53:21 PM  CPU    %usr   %nice    %sys %iowait    %irq   %soft  %steal  %guest  %gnice   %idle
07:53:22 PM    0   71.43    0.00   19.39    0.00    0.00    8.16    0.00    0.00    0.00    1.02
07:53:22 PM    1   64.00    0.00   35.00    0.00    0.00    1.00    0.00    0.00    0.00    0.00

07:53:22 PM  CPU    %usr   %nice    %sys %iowait    %irq   %soft  %steal  %guest  %gnice   %idle
07:53:23 PM    0   69.00    0.00   21.00    0.00    0.00    9.00    0.00    0.00    0.00    1.00
07:53:23 PM    1   59.60    0.00   38.38    0.00    0.00    1.01    0.00    0.00    0.00    1.01

07:53:23 PM  CPU    %usr   %nice    %sys %iowait    %irq   %soft  %steal  %guest  %gnice   %idle
07:53:24 PM    0   67.33    0.00   23.76    0.00    0.00    6.93    0.00    0.00    0.00    1.98
07:53:24 PM    1   62.00    0.00   36.00    0.00    0.00    2.00    0.00    0.00    0.00    0.00

07:53:24 PM  CPU    %usr   %nice    %sys %iowait    %irq   %soft  %steal  %guest  %gnice   %idle
07:53:25 PM    0   72.73    0.00   20.20    0.00    0.00    6.06    0.00    0.00    0.00    1.01
07:53:25 PM    1   62.00    0.00   38.00    0.00    0.00    0.00    0.00    0.00    0.00    0.00

07:53:25 PM  CPU    %usr   %nice    %sys %iowait    %irq   %soft  %steal  %guest  %gnice   %idle
07:53:26 PM    0   74.00    0.00   17.00    0.00    0.00    8.00    0.00    0.00    0.00    1.00
07:53:26 PM    1   65.00    0.00   35.00    0.00    0.00    0.00    0.00    0.00    0.00    0.00

07:53:26 PM  CPU    %usr   %nice    %sys %iowait    %irq   %soft  %steal  %guest  %gnice   %idle
07:53:27 PM    0   72.45    0.00   21.43    0.00    0.00    6.12    0.00    0.00    0.00    0.00
07:53:27 PM    1   58.42    0.00   40.59    0.00    0.00    0.99    0.00    0.00    0.00    0.00

07:53:27 PM  CPU    %usr   %nice    %sys %iowait    %irq   %soft  %steal  %guest  %gnice   %idle
07:53:28 PM    0   67.00    0.00   23.00    0.00    0.00    8.00    0.00    0.00    0.00    2.00
07:53:28 PM    1   60.00    0.00   40.00    0.00    0.00    0.00    0.00    0.00    0.00    0.00

07:53:28 PM  CPU    %usr   %nice    %sys %iowait    %irq   %soft  %steal  %guest  %gnice   %idle
07:53:29 PM    0   66.00    0.00   22.00    0.00    0.00   11.00    0.00    0.00    0.00    1.00
07:53:29 PM    1   62.63    0.00   37.37    0.00    0.00    0.00    0.00    0.00    0.00    0.00

07:53:29 PM  CPU    %usr   %nice    %sys %iowait    %irq   %soft  %steal  %guest  %gnice   %idle
07:53:30 PM    0   66.33    0.00   23.47    0.00    0.00    9.18    0.00    0.00    0.00    1.02
07:53:30 PM    1   59.00    0.00   39.00    0.00    0.00    2.00    0.00    0.00    0.00    0.00

07:53:30 PM  CPU    %usr   %nice    %sys %iowait    %irq   %soft  %steal  %guest  %gnice   %idle
07:53:31 PM    0   78.22    0.00   13.86    0.00    0.00    6.93    0.00    0.00    0.00    0.99
07:53:31 PM    1   65.00    0.00   33.00    0.00    0.00    1.00    0.00    0.00    0.00    1.00

07:53:31 PM  CPU    %usr   %nice    %sys %iowait    %irq   %soft  %steal  %guest  %gnice   %idle
07:53:32 PM    0   71.43    0.00   20.41    0.00    0.00    7.14    0.00    0.00    0.00    1.02
07:53:32 PM    1   60.00    0.00   40.00    0.00    0.00    0.00    0.00    0.00    0.00    0.00

07:53:32 PM  CPU    %usr   %nice    %sys %iowait    %irq   %soft  %steal  %guest  %gnice   %idle
07:53:33 PM    0   74.26    0.00   18.81    0.00    0.00    4.95    0.00    0.00    0.00    1.98
07:53:33 PM    1   59.00    0.00   39.00    0.00    0.00    1.00    0.00    0.00    0.00    1.00

07:53:33 PM  CPU    %usr   %nice    %sys %iowait    %irq   %soft  %steal  %guest  %gnice   %idle
07:53:34 PM    0   59.60    0.00   22.22    0.00    0.00    6.06    0.00    0.00    0.00   12.12
07:53:34 PM    1   63.00    0.00   35.00    0.00    0.00    2.00    0.00    0.00    0.00    0.00

07:53:34 PM  CPU    %usr   %nice    %sys %iowait    %irq   %soft  %steal  %guest  %gnice   %idle
07:53:35 PM    0   52.00    0.00   13.00    0.00    0.00    8.00    0.00    0.00    0.00   27.00
07:53:35 PM    1   65.00    0.00   34.00    0.00    0.00    0.00    0.00    0.00    0.00    1.00

07:53:35 PM  CPU    %usr   %nice    %sys %iowait    %irq   %soft  %steal  %guest  %gnice   %idle
07:53:36 PM    0   76.00    0.00   18.00    0.00    0.00    5.00    0.00    0.00    0.00    1.00
07:53:36 PM    1   60.00    0.00   40.00    0.00    0.00    0.00    0.00    0.00    0.00    0.00

07:53:36 PM  CPU    %usr   %nice    %sys %iowait    %irq   %soft  %steal  %guest  %gnice   %idle
07:53:37 PM    0   71.43    0.00   21.43    0.00    0.00    5.10    0.00    0.00    0.00    2.04
07:53:37 PM    1   60.00    0.00   40.00    0.00    0.00    0.00    0.00    0.00    0.00    0.00

07:53:37 PM  CPU    %usr   %nice    %sys %iowait    %irq   %soft  %steal  %guest  %gnice   %idle
07:53:38 PM    0   68.00    0.00   20.00    0.00    0.00   11.00    0.00    0.00    0.00    1.00
07:53:38 PM    1   63.00    0.00   37.00    0.00    0.00    0.00    0.00    0.00    0.00    0.00

07:53:38 PM  CPU    %usr   %nice    %sys %iowait    %irq   %soft  %steal  %guest  %gnice   %idle
07:53:39 PM    0   71.43    0.00   18.37    0.00    0.00    9.18    0.00    0.00    0.00    1.02
07:53:39 PM    1   63.64    0.00   35.35    0.00    0.00    1.01    0.00    0.00    0.00    0.00

07:53:39 PM  CPU    %usr   %nice    %sys %iowait    %irq   %soft  %steal  %guest  %gnice   %idle
07:53:40 PM    0   72.73    0.00   21.21    0.00    0.00    5.05    0.00    0.00    0.00    1.01
07:53:40 PM    1   58.00    0.00   41.00    0.00    0.00    1.00    0.00    0.00    0.00    0.00

07:53:40 PM  CPU    %usr   %nice    %sys %iowait    %irq   %soft  %steal  %guest  %gnice   %idle
07:53:41 PM    0   71.00    0.00   22.00    0.00    0.00    6.00    0.00    0.00    0.00    1.00
07:53:41 PM    1   61.00    0.00   38.00    0.00    0.00    1.00    0.00    0.00    0.00    0.00

07:53:41 PM  CPU    %usr   %nice    %sys %iowait    %irq   %soft  %steal  %guest  %gnice   %idle
07:53:42 PM    0   72.73    0.00   21.21    0.00    0.00    4.04    0.00    0.00    0.00    2.02
07:53:42 PM    1   68.00    0.00   32.00    0.00    0.00    0.00    0.00    0.00    0.00    0.00

07:53:42 PM  CPU    %usr   %nice    %sys %iowait    %irq   %soft  %steal  %guest  %gnice   %idle
07:53:43 PM    0   68.69    0.00   19.19    0.00    0.00   11.11    0.00    0.00    0.00    1.01
07:53:43 PM    1   56.00    0.00   44.00    0.00    0.00    0.00    0.00    0.00    0.00    0.00

07:53:43 PM  CPU    %usr   %nice    %sys %iowait    %irq   %soft  %steal  %guest  %gnice   %idle
07:53:44 PM    0   78.57    0.00   16.33    0.00    0.00    4.08    0.00    0.00    0.00    1.02
07:53:44 PM    1   62.00    0.00   36.00    0.00    0.00    2.00    0.00    0.00    0.00    0.00

07:53:44 PM  CPU    %usr   %nice    %sys %iowait    %irq   %soft  %steal  %guest  %gnice   %idle
07:53:45 PM    0   75.00    0.00   17.00    0.00    0.00    6.00    0.00    0.00    0.00    2.00
07:53:45 PM    1   57.58    0.00   42.42    0.00    0.00    0.00    0.00    0.00    0.00    0.00

07:53:45 PM  CPU    %usr   %nice    %sys %iowait    %irq   %soft  %steal  %guest  %gnice   %idle
07:53:46 PM    0   70.71    0.00   20.20    0.00    0.00    8.08    0.00    0.00    0.00    1.01
07:53:46 PM    1   67.33    0.00   31.68    0.00    0.00    0.99    0.00    0.00    0.00    0.00

07:53:46 PM  CPU    %usr   %nice    %sys %iowait    %irq   %soft  %steal  %guest  %gnice   %idle
07:53:47 PM    0   74.49    0.00   20.41    0.00    0.00    4.08    0.00    0.00    0.00    1.02
07:53:47 PM    1   55.00    0.00   44.00    0.00    0.00    1.00    0.00    0.00    0.00    0.00

07:53:47 PM  CPU    %usr   %nice    %sys %iowait    %irq   %soft  %steal  %guest  %gnice   %idle
07:53:48 PM    0   69.70    0.00   22.22    0.00    0.00    7.07    0.00    0.00    0.00    1.01
07:53:48 PM    1   58.59    0.00   41.41    0.00    0.00    0.00    0.00    0.00    0.00    0.00

07:53:48 PM  CPU    %usr   %nice    %sys %iowait    %irq   %soft  %steal  %guest  %gnice   %idle
07:53:49 PM    0   75.00    0.00   17.00    0.00    0.00    7.00    0.00    0.00    0.00    1.00
07:53:49 PM    1   58.00    0.00   42.00    0.00    0.00    0.00    0.00    0.00    0.00    0.00

07:53:49 PM  CPU    %usr   %nice    %sys %iowait    %irq   %soft  %steal  %guest  %gnice   %idle
07:53:50 PM    0   66.00    0.00   24.00    0.00    0.00    8.00    0.00    0.00    0.00    2.00
07:53:50 PM    1   63.37    0.00   34.65    0.00    0.00    0.99    0.00    0.00    0.00    0.99

07:53:50 PM  CPU    %usr   %nice    %sys %iowait    %irq   %soft  %steal  %guest  %gnice   %idle
07:53:51 PM    0   71.43    0.00   18.37    0.00    0.00    9.18    0.00    0.00    0.00    1.02
07:53:51 PM    1   58.00    0.00   41.00    0.00    0.00    1.00    0.00    0.00    0.00    0.00

07:53:51 PM  CPU    %usr   %nice    %sys %iowait    %irq   %soft  %steal  %guest  %gnice   %idle
07:53:52 PM    0   70.41    0.00   22.45    0.00    0.00    6.12    0.00    0.00    0.00    1.02
07:53:52 PM    1   62.63    0.00   37.37    0.00    0.00    0.00    0.00    0.00    0.00    0.00

07:53:52 PM  CPU    %usr   %nice    %sys %iowait    %irq   %soft  %steal  %guest  %gnice   %idle
07:53:53 PM    0   71.72    0.00   22.22    0.00    0.00    5.05    0.00    0.00    0.00    1.01
07:53:53 PM    1   61.00    0.00   39.00    0.00    0.00    0.00    0.00    0.00    0.00    0.00

07:53:53 PM  CPU    %usr   %nice    %sys %iowait    %irq   %soft  %steal  %guest  %gnice   %idle
07:53:54 PM    0   74.75    0.00   17.17    0.00    0.00    7.07    0.00    0.00    0.00    1.01
07:53:54 PM    1   60.00    0.00   39.00    0.00    0.00    1.00    0.00    0.00    0.00    0.00

07:53:54 PM  CPU    %usr   %nice    %sys %iowait    %irq   %soft  %steal  %guest  %gnice   %idle
07:53:55 PM    0   71.72    0.00   19.19    0.00    0.00    7.07    0.00    0.00    0.00    2.02
07:53:55 PM    1   65.00    0.00   35.00    0.00    0.00    0.00    0.00    0.00    0.00    0.00

07:53:55 PM  CPU    %usr   %nice    %sys %iowait    %irq   %soft  %steal  %guest  %gnice   %idle
07:53:56 PM    0   72.16    0.00   20.62    0.00    0.00    6.19    0.00    0.00    0.00    1.03
07:53:56 PM    1   60.00    0.00   39.00    0.00    0.00    1.00    0.00    0.00    0.00    0.00

07:53:56 PM  CPU    %usr   %nice    %sys %iowait    %irq   %soft  %steal  %guest  %gnice   %idle
07:53:57 PM    0   75.00    0.00   18.00    0.00    0.00    6.00    0.00    0.00    0.00    1.00
07:53:57 PM    1   61.00    0.00   39.00    0.00    0.00    0.00    0.00    0.00    0.00    0.00

07:53:57 PM  CPU    %usr   %nice    %sys %iowait    %irq   %soft  %steal  %guest  %gnice   %idle
07:53:58 PM    0   70.00    0.00   20.00    0.00    0.00    8.00    0.00    0.00    0.00    2.00
07:53:58 PM    1   61.62    0.00   38.38    0.00    0.00    0.00    0.00    0.00    0.00    0.00

07:53:58 PM  CPU    %usr   %nice    %sys %iowait    %irq   %soft  %steal  %guest  %gnice   %idle
07:53:59 PM    0   70.41    0.00   20.41    0.00    0.00    8.16    0.00    0.00    0.00    1.02
07:53:59 PM    1   56.44    0.00   42.57    0.00    0.00    0.99    0.00    0.00    0.00    0.00

07:53:59 PM  CPU    %usr   %nice    %sys %iowait    %irq   %soft  %steal  %guest  %gnice   %idle
07:54:00 PM    0   69.70    0.00   19.19    0.00    0.00   10.10    0.00    0.00    0.00    1.01
07:54:00 PM    1   59.00    0.00   40.00    0.00    0.00    1.00    0.00    0.00    0.00    0.00

07:54:00 PM  CPU    %usr   %nice    %sys %iowait    %irq   %soft  %steal  %guest  %gnice   %idle
07:54:01 PM    0   72.45    0.00   19.39    0.00    0.00    6.12    0.00    0.00    0.00    2.04
07:54:01 PM    1   60.00    0.00   39.00    0.00    0.00    1.00    0.00    0.00    0.00    0.00

07:54:01 PM  CPU    %usr   %nice    %sys %iowait    %irq   %soft  %steal  %guest  %gnice   %idle
07:54:02 PM    0   73.00    0.00   19.00    0.00    0.00    7.00    0.00    0.00    0.00    1.00
07:54:02 PM    1   57.00    0.00   42.00    0.00    0.00    1.00    0.00    0.00    0.00    0.00

07:54:02 PM  CPU    %usr   %nice    %sys %iowait    %irq   %soft  %steal  %guest  %gnice   %idle
07:54:03 PM    0   65.00    0.00   28.00    0.00    0.00    6.00    0.00    0.00    0.00    1.00
07:54:03 PM    1   63.64    0.00   35.35    0.00    0.00    0.00    0.00    0.00    0.00    1.01

07:54:03 PM  CPU    %usr   %nice    %sys %iowait    %irq   %soft  %steal  %guest  %gnice   %idle
07:54:04 PM    0   70.41    0.00   21.43    0.00    0.00    7.14    0.00    0.00    0.00    1.02
07:54:04 PM    1   60.00    0.00   38.00    0.00    0.00    2.00    0.00    0.00    0.00    0.00

07:54:04 PM  CPU    %usr   %nice    %sys %iowait    %irq   %soft  %steal  %guest  %gnice   %idle
07:54:05 PM    0   71.72    0.00   19.19    0.00    0.00    8.08    0.00    0.00    0.00    1.01
07:54:05 PM    1   59.00    0.00   40.00    0.00    0.00    1.00    0.00    0.00    0.00    0.00

07:54:05 PM  CPU    %usr   %nice    %sys %iowait    %irq   %soft  %steal  %guest  %gnice   %idle
07:54:06 PM    0   70.41    0.00   19.39    0.00    0.00    8.16    0.00    0.00    0.00    2.04
07:54:06 PM    1   63.00    0.00   34.00    0.00    0.00    1.00    0.00    0.00    0.00    2.00

07:54:06 PM  CPU    %usr   %nice    %sys %iowait    %irq   %soft  %steal  %guest  %gnice   %idle
07:54:07 PM    0   70.00    0.00   21.00    0.00    0.00    8.00    0.00    0.00    0.00    1.00
07:54:07 PM    1   58.00    0.00   42.00    0.00    0.00    0.00    0.00    0.00    0.00    0.00

07:54:07 PM  CPU    %usr   %nice    %sys %iowait    %irq   %soft  %steal  %guest  %gnice   %idle
07:54:08 PM    0   66.67    0.00   25.25    0.00    0.00    7.07    0.00    0.00    0.00    1.01
07:54:08 PM    1   61.00    0.00   38.00    0.00    0.00    1.00    0.00    0.00    0.00    0.00

07:54:08 PM  CPU    %usr   %nice    %sys %iowait    %irq   %soft  %steal  %guest  %gnice   %idle
07:54:09 PM    0   68.00    0.00   24.00    0.00    0.00    7.00    0.00    0.00    0.00    1.00
07:54:09 PM    1   63.00    0.00   37.00    0.00    0.00    0.00    0.00    0.00    0.00    0.00

07:54:09 PM  CPU    %usr   %nice    %sys %iowait    %irq   %soft  %steal  %guest  %gnice   %idle
07:54:10 PM    0   71.00    0.00   21.00    0.00    0.00    7.00    0.00    0.00    0.00    1.00
07:54:10 PM    1   58.00    0.00   41.00    0.00    0.00    1.00    0.00    0.00    0.00    0.00

07:54:10 PM  CPU    %usr   %nice    %sys %iowait    %irq   %soft  %steal  %guest  %gnice   %idle
07:54:11 PM    0   69.61    0.00   19.61    0.00    0.00    8.82    0.00    0.00    0.00    1.96
07:54:11 PM    1   56.00    0.00   44.00    0.00    0.00    0.00    0.00    0.00    0.00    0.00

07:54:11 PM  CPU    %usr   %nice    %sys %iowait    %irq   %soft  %steal  %guest  %gnice   %idle
07:54:12 PM    0   75.51    0.00   17.35    0.00    0.00    6.12    0.00    0.00    0.00    1.02
07:54:12 PM    1   58.59    0.00   40.40    0.00    0.00    1.01    0.00    0.00    0.00    0.00

07:54:12 PM  CPU    %usr   %nice    %sys %iowait    %irq   %soft  %steal  %guest  %gnice   %idle
07:54:13 PM    0   71.43    0.00   22.45    0.00    0.00    5.10    0.00    0.00    0.00    1.02
07:54:13 PM    1   56.00    0.00   44.00    0.00    0.00    0.00    0.00    0.00    0.00    0.00

07:54:13 PM  CPU    %usr   %nice    %sys %iowait    %irq   %soft  %steal  %guest  %gnice   %idle
07:54:14 PM    0   73.74    0.00   19.19    0.00    0.00    6.06    0.00    0.00    0.00    1.01
07:54:14 PM    1   59.41    0.00   39.60    0.00    0.00    0.99    0.00    0.00    0.00    0.00

07:54:14 PM  CPU    %usr   %nice    %sys %iowait    %irq   %soft  %steal  %guest  %gnice   %idle
07:54:15 PM    0   72.73    0.00   19.19    0.00    0.00    8.08    0.00    0.00    0.00    0.00
07:54:15 PM    1   59.60    0.00   40.40    0.00    0.00    0.00    0.00    0.00    0.00    0.00

07:54:15 PM  CPU    %usr   %nice    %sys %iowait    %irq   %soft  %steal  %guest  %gnice   %idle
07:54:16 PM    0   69.00    0.00   20.00    0.00    0.00    9.00    0.00    0.00    0.00    2.00
07:54:16 PM    1   57.58    0.00   42.42    0.00    0.00    0.00    0.00    0.00    0.00    0.00

07:54:16 PM  CPU    %usr   %nice    %sys %iowait    %irq   %soft  %steal  %guest  %gnice   %idle
07:54:17 PM    0   75.00    0.00   16.00    0.00    0.00    8.00    0.00    0.00    0.00    1.00
07:54:17 PM    1   58.42    0.00   40.59    0.00    0.00    0.99    0.00    0.00    0.00    0.00

07:54:17 PM  CPU    %usr   %nice    %sys %iowait    %irq   %soft  %steal  %guest  %gnice   %idle
07:54:18 PM    0   73.00    0.00   18.00    0.00    0.00    7.00    0.00    0.00    0.00    2.00
07:54:18 PM    1   56.44    0.00   42.57    0.00    0.00    0.99    0.00    0.00    0.00    0.00

07:54:18 PM  CPU    %usr   %nice    %sys %iowait    %irq   %soft  %steal  %guest  %gnice   %idle
07:54:19 PM    0   71.13    0.00   21.65    0.00    0.00    6.19    0.00    0.00    0.00    1.03
07:54:19 PM    1   57.58    0.00   41.41    0.00    0.00    1.01    0.00    0.00    0.00    0.00

07:54:19 PM  CPU    %usr   %nice    %sys %iowait    %irq   %soft  %steal  %guest  %gnice   %idle
07:54:20 PM    0   68.00    0.00   20.00    0.00    0.00   11.00    0.00    0.00    0.00    1.00
07:54:20 PM    1   66.00    0.00   34.00    0.00    0.00    0.00    0.00    0.00    0.00    0.00

07:54:20 PM  CPU    %usr   %nice    %sys %iowait    %irq   %soft  %steal  %guest  %gnice   %idle
07:54:21 PM    0   71.88    0.00   20.83    0.00    0.00    6.25    0.00    0.00    0.00    1.04
07:54:21 PM    1   55.56    0.00   43.43    0.00    0.00    1.01    0.00    0.00    0.00    0.00

07:54:21 PM  CPU    %usr   %nice    %sys %iowait    %irq   %soft  %steal  %guest  %gnice   %idle
07:54:22 PM    0   71.29    0.00   20.79    0.00    0.00    6.93    0.00    0.00    0.00    0.99
07:54:22 PM    1   65.00    0.00   34.00    0.00    0.00    1.00    0.00    0.00    0.00    0.00

07:54:22 PM  CPU    %usr   %nice    %sys %iowait    %irq   %soft  %steal  %guest  %gnice   %idle
07:54:23 PM    0   72.73    0.00   21.21    0.00    0.00    5.05    0.00    0.00    0.00    1.01
07:54:23 PM    1   62.00    0.00   38.00    0.00    0.00    0.00    0.00    0.00    0.00    0.00

07:54:23 PM  CPU    %usr   %nice    %sys %iowait    %irq   %soft  %steal  %guest  %gnice   %idle
07:54:24 PM    0   70.71    0.00   20.20    0.00    0.00    7.07    0.00    0.00    0.00    2.02
07:54:24 PM    1   61.00    0.00   38.00    0.00    0.00    1.00    0.00    0.00    0.00    0.00

07:54:24 PM  CPU    %usr   %nice    %sys %iowait    %irq   %soft  %steal  %guest  %gnice   %idle
07:54:25 PM    0   78.22    0.00   18.81    0.00    0.00    1.98    0.00    0.00    0.00    0.99
07:54:25 PM    1   58.00    0.00   42.00    0.00    0.00    0.00    0.00    0.00    0.00    0.00

07:54:25 PM  CPU    %usr   %nice    %sys %iowait    %irq   %soft  %steal  %guest  %gnice   %idle
07:54:26 PM    0   73.74    0.00   17.17    0.00    0.00    7.07    0.00    0.00    0.00    2.02
07:54:26 PM    1   61.39    0.00   36.63    0.00    0.00    0.99    0.00    0.00    0.00    0.99

07:54:26 PM  CPU    %usr   %nice    %sys %iowait    %irq   %soft  %steal  %guest  %gnice   %idle
07:54:27 PM    0   75.51    0.00   16.33    0.00    0.00    7.14    0.00    0.00    0.00    1.02
07:54:27 PM    1   62.00    0.00   36.00    0.00    0.00    2.00    0.00    0.00    0.00    0.00

07:54:27 PM  CPU    %usr   %nice    %sys %iowait    %irq   %soft  %steal  %guest  %gnice   %idle
07:54:28 PM    0   71.00    0.00   21.00    0.00    0.00    7.00    0.00    0.00    0.00    1.00
07:54:28 PM    1   58.00    0.00   42.00    0.00    0.00    0.00    0.00    0.00    0.00    0.00

07:54:28 PM  CPU    %usr   %nice    %sys %iowait    %irq   %soft  %steal  %guest  %gnice   %idle
07:54:29 PM    0   76.00    0.00   18.00    0.00    0.00    5.00    0.00    0.00    0.00    1.00
07:54:29 PM    1   67.00    0.00   33.00    0.00    0.00    0.00    0.00    0.00    0.00    0.00

07:54:29 PM  CPU    %usr   %nice    %sys %iowait    %irq   %soft  %steal  %guest  %gnice   %idle
07:54:30 PM    0   71.72    0.00   22.22    0.00    0.00    5.05    0.00    0.00    0.00    1.01
07:54:30 PM    1   58.00    0.00   42.00    0.00    0.00    0.00    0.00    0.00    0.00    0.00

07:54:30 PM  CPU    %usr   %nice    %sys %iowait    %irq   %soft  %steal  %guest  %gnice   %idle
07:54:31 PM    0   68.00    0.00   21.00    0.00    0.00    9.00    0.00    0.00    0.00    2.00
07:54:31 PM    1   56.57    0.00   41.41    0.00    0.00    2.02    0.00    0.00    0.00    0.00

07:54:31 PM  CPU    %usr   %nice    %sys %iowait    %irq   %soft  %steal  %guest  %gnice   %idle
07:54:32 PM    0   69.39    0.00   22.45    0.00    0.00    7.14    0.00    0.00    0.00    1.02
07:54:32 PM    1   60.40    0.00   37.62    0.00    0.00    0.99    0.00    0.00    0.00    0.99

07:54:32 PM  CPU    %usr   %nice    %sys %iowait    %irq   %soft  %steal  %guest  %gnice   %idle
07:54:33 PM    0   70.41    0.00   22.45    0.00    0.00    6.12    0.00    0.00    0.00    1.02
07:54:33 PM    1   60.61    0.00   39.39    0.00    0.00    0.00    0.00    0.00    0.00    0.00

Average:     CPU    %usr   %nice    %sys %iowait    %irq   %soft  %steal  %guest  %gnice   %idle
Average:       0   71.24    0.00   19.90    0.00    0.00    7.08    0.00    0.00    0.00    1.78
Average:       1   60.77    0.00   38.49    0.00    0.00    0.57    0.00    0.00    0.00    0.18
