Linux 5.3.0-59-generic (ericmei) 	06/29/2020 	_x86_64_	(12 CPU)

08:10:52 PM  CPU    %usr   %nice    %sys %iowait    %irq   %soft  %steal  %guest  %gnice   %idle
08:10:53 PM    0   65.31    0.00   27.55    0.00    0.00    5.10    0.00    0.00    0.00    2.04
08:10:53 PM    1   56.12    0.00   43.88    0.00    0.00    0.00    0.00    0.00    0.00    0.00

08:10:53 PM  CPU    %usr   %nice    %sys %iowait    %irq   %soft  %steal  %guest  %gnice   %idle
08:10:54 PM    0   56.12    0.00   28.57    0.00    0.00    9.18    0.00    0.00    0.00    6.12
08:10:54 PM    1   62.63    0.00   37.37    0.00    0.00    0.00    0.00    0.00    0.00    0.00

08:10:54 PM  CPU    %usr   %nice    %sys %iowait    %irq   %soft  %steal  %guest  %gnice   %idle
08:10:55 PM    0   62.63    0.00   25.25    0.00    0.00    9.09    0.00    0.00    0.00    3.03
08:10:55 PM    1   61.00    0.00   38.00    0.00    0.00    1.00    0.00    0.00    0.00    0.00

08:10:55 PM  CPU    %usr   %nice    %sys %iowait    %irq   %soft  %steal  %guest  %gnice   %idle
08:10:56 PM    0   67.35    0.00   25.51    0.00    0.00    5.10    0.00    0.00    0.00    2.04
08:10:56 PM    1   61.76    0.00   37.25    0.00    0.00    0.98    0.00    0.00    0.00    0.00

08:10:56 PM  CPU    %usr   %nice    %sys %iowait    %irq   %soft  %steal  %guest  %gnice   %idle
08:10:57 PM    0   68.32    0.00   22.77    0.00    0.00    6.93    0.00    0.00    0.00    1.98
08:10:57 PM    1   55.10    0.00   44.90    0.00    0.00    0.00    0.00    0.00    0.00    0.00

08:10:57 PM  CPU    %usr   %nice    %sys %iowait    %irq   %soft  %steal  %guest  %gnice   %idle
08:10:58 PM    0   73.00    0.00   20.00    0.00    0.00    5.00    0.00    0.00    0.00    2.00
08:10:58 PM    1   61.39    0.00   37.62    0.00    0.00    0.99    0.00    0.00    0.00    0.00

08:10:58 PM  CPU    %usr   %nice    %sys %iowait    %irq   %soft  %steal  %guest  %gnice   %idle
08:10:59 PM    0   71.00    0.00   19.00    0.00    0.00    9.00    0.00    0.00    0.00    1.00
08:10:59 PM    1   61.62    0.00   37.37    0.00    0.00    1.01    0.00    0.00    0.00    0.00

08:10:59 PM  CPU    %usr   %nice    %sys %iowait    %irq   %soft  %steal  %guest  %gnice   %idle
08:11:00 PM    0   73.47    0.00   18.37    0.00    0.00    6.12    0.00    0.00    0.00    2.04
08:11:00 PM    1   63.37    0.00   35.64    0.00    0.00    0.99    0.00    0.00    0.00    0.00

08:11:00 PM  CPU    %usr   %nice    %sys %iowait    %irq   %soft  %steal  %guest  %gnice   %idle
08:11:01 PM    0   73.47    0.00   20.41    0.00    0.00    5.10    0.00    0.00    0.00    1.02
08:11:01 PM    1   66.67    0.00   33.33    0.00    0.00    0.00    0.00    0.00    0.00    0.00

08:11:01 PM  CPU    %usr   %nice    %sys %iowait    %irq   %soft  %steal  %guest  %gnice   %idle
08:11:02 PM    0   69.07    0.00   25.77    0.00    0.00    4.12    0.00    0.00    0.00    1.03
08:11:02 PM    1   64.00    0.00   36.00    0.00    0.00    0.00    0.00    0.00    0.00    0.00

08:11:02 PM  CPU    %usr   %nice    %sys %iowait    %irq   %soft  %steal  %guest  %gnice   %idle
08:11:03 PM    0   66.00    0.00   25.00    0.00    0.00    4.00    0.00    0.00    0.00    5.00
08:11:03 PM    1   64.00    0.00   36.00    0.00    0.00    0.00    0.00    0.00    0.00    0.00

08:11:03 PM  CPU    %usr   %nice    %sys %iowait    %irq   %soft  %steal  %guest  %gnice   %idle
08:11:04 PM    0   70.10    0.00   20.62    0.00    0.00    7.22    0.00    0.00    0.00    2.06
08:11:04 PM    1   61.39    0.00   38.61    0.00    0.00    0.00    0.00    0.00    0.00    0.00

08:11:04 PM  CPU    %usr   %nice    %sys %iowait    %irq   %soft  %steal  %guest  %gnice   %idle
08:11:05 PM    0   67.37    0.00   23.16    0.00    0.00    7.37    0.00    0.00    0.00    2.11
08:11:05 PM    1   64.65    0.00   35.35    0.00    0.00    0.00    0.00    0.00    0.00    0.00

08:11:05 PM  CPU    %usr   %nice    %sys %iowait    %irq   %soft  %steal  %guest  %gnice   %idle
08:11:06 PM    0   72.00    0.00   21.00    0.00    0.00    4.00    0.00    0.00    0.00    3.00
08:11:06 PM    1   68.00    0.00   32.00    0.00    0.00    0.00    0.00    0.00    0.00    0.00

08:11:06 PM  CPU    %usr   %nice    %sys %iowait    %irq   %soft  %steal  %guest  %gnice   %idle
08:11:07 PM    0   50.51    0.00   17.17    0.00    0.00    7.07    0.00    0.00    0.00   25.25
08:11:07 PM    1   71.29    0.00   25.74    0.00    0.00    1.98    0.00    0.00    0.00    0.99

08:11:07 PM  CPU    %usr   %nice    %sys %iowait    %irq   %soft  %steal  %guest  %gnice   %idle
08:11:08 PM    0   70.71    0.00   22.22    0.00    0.00    6.06    0.00    0.00    0.00    1.01
08:11:08 PM    1   61.62    0.00   38.38    0.00    0.00    0.00    0.00    0.00    0.00    0.00

08:11:08 PM  CPU    %usr   %nice    %sys %iowait    %irq   %soft  %steal  %guest  %gnice   %idle
08:11:09 PM    0   76.77    0.00   18.18    0.00    0.00    3.03    0.00    0.00    0.00    2.02
08:11:09 PM    1   65.00    0.00   33.00    0.00    0.00    2.00    0.00    0.00    0.00    0.00

08:11:09 PM  CPU    %usr   %nice    %sys %iowait    %irq   %soft  %steal  %guest  %gnice   %idle
08:11:10 PM    0   67.35    0.00   24.49    0.00    0.00    7.14    0.00    0.00    0.00    1.02
08:11:10 PM    1   59.41    0.00   39.60    0.00    0.00    0.99    0.00    0.00    0.00    0.00

08:11:10 PM  CPU    %usr   %nice    %sys %iowait    %irq   %soft  %steal  %guest  %gnice   %idle
08:11:11 PM    0   68.37    0.00   23.47    0.00    0.00    7.14    0.00    0.00    0.00    1.02
08:11:11 PM    1   59.60    0.00   40.40    0.00    0.00    0.00    0.00    0.00    0.00    0.00

08:11:11 PM  CPU    %usr   %nice    %sys %iowait    %irq   %soft  %steal  %guest  %gnice   %idle
08:11:12 PM    0   67.33    0.00   24.75    0.00    0.00    5.94    0.00    0.00    0.00    1.98
08:11:12 PM    1   67.00    0.00   33.00    0.00    0.00    0.00    0.00    0.00    0.00    0.00

08:11:12 PM  CPU    %usr   %nice    %sys %iowait    %irq   %soft  %steal  %guest  %gnice   %idle
08:11:13 PM    0   74.23    0.00   20.62    0.00    0.00    5.15    0.00    0.00    0.00    0.00
08:11:13 PM    1   61.00    0.00   38.00    0.00    0.00    1.00    0.00    0.00    0.00    0.00

08:11:13 PM  CPU    %usr   %nice    %sys %iowait    %irq   %soft  %steal  %guest  %gnice   %idle
08:11:14 PM    0   71.00    0.00   20.00    0.00    0.00    7.00    0.00    0.00    0.00    2.00
08:11:14 PM    1   65.00    0.00   35.00    0.00    0.00    0.00    0.00    0.00    0.00    0.00

08:11:14 PM  CPU    %usr   %nice    %sys %iowait    %irq   %soft  %steal  %guest  %gnice   %idle
08:11:15 PM    0   75.76    0.00   19.19    0.00    0.00    4.04    0.00    0.00    0.00    1.01
08:11:15 PM    1   64.36    0.00   34.65    0.00    0.00    0.99    0.00    0.00    0.00    0.00

08:11:15 PM  CPU    %usr   %nice    %sys %iowait    %irq   %soft  %steal  %guest  %gnice   %idle
08:11:16 PM    0   74.26    0.00   18.81    0.00    0.00    4.95    0.00    0.00    0.00    1.98
08:11:16 PM    1   63.64    0.00   34.34    0.00    0.00    2.02    0.00    0.00    0.00    0.00

08:11:16 PM  CPU    %usr   %nice    %sys %iowait    %irq   %soft  %steal  %guest  %gnice   %idle
08:11:17 PM    0   73.74    0.00   19.19    0.00    0.00    6.06    0.00    0.00    0.00    1.01
08:11:17 PM    1   63.00    0.00   37.00    0.00    0.00    0.00    0.00    0.00    0.00    0.00

08:11:17 PM  CPU    %usr   %nice    %sys %iowait    %irq   %soft  %steal  %guest  %gnice   %idle
08:11:18 PM    0   73.20    0.00   19.59    0.00    0.00    6.19    0.00    0.00    0.00    1.03
08:11:18 PM    1   62.00    0.00   37.00    0.00    0.00    1.00    0.00    0.00    0.00    0.00

08:11:18 PM  CPU    %usr   %nice    %sys %iowait    %irq   %soft  %steal  %guest  %gnice   %idle
08:11:19 PM    0   60.61    0.00   15.15    0.00    0.00    5.05    0.00    0.00    0.00   19.19
08:11:19 PM    1   69.00    0.00   29.00    0.00    0.00    1.00    0.00    0.00    0.00    1.00

08:11:19 PM  CPU    %usr   %nice    %sys %iowait    %irq   %soft  %steal  %guest  %gnice   %idle
08:11:20 PM    0   74.75    0.00   18.18    0.00    0.00    6.06    0.00    0.00    0.00    1.01
08:11:20 PM    1   67.35    0.00   31.63    0.00    0.00    0.00    0.00    0.00    0.00    1.02

08:11:20 PM  CPU    %usr   %nice    %sys %iowait    %irq   %soft  %steal  %guest  %gnice   %idle
08:11:21 PM    0   74.00    0.00   16.00    0.00    0.00    9.00    0.00    0.00    0.00    1.00
08:11:21 PM    1   61.39    0.00   37.62    0.00    0.00    0.99    0.00    0.00    0.00    0.00

08:11:21 PM  CPU    %usr   %nice    %sys %iowait    %irq   %soft  %steal  %guest  %gnice   %idle
08:11:22 PM    0   69.07    0.00   22.68    0.00    0.00    7.22    0.00    0.00    0.00    1.03
08:11:22 PM    1   61.00    0.00   38.00    0.00    0.00    0.00    0.00    0.00    0.00    1.00

08:11:22 PM  CPU    %usr   %nice    %sys %iowait    %irq   %soft  %steal  %guest  %gnice   %idle
08:11:23 PM    0   72.73    0.00   18.18    0.00    0.00    8.08    0.00    0.00    0.00    1.01
08:11:23 PM    1   61.00    0.00   38.00    0.00    0.00    1.00    0.00    0.00    0.00    0.00

08:11:23 PM  CPU    %usr   %nice    %sys %iowait    %irq   %soft  %steal  %guest  %gnice   %idle
08:11:24 PM    0   73.00    0.00   21.00    0.00    0.00    4.00    0.00    0.00    0.00    2.00
08:11:24 PM    1   60.00    0.00   40.00    0.00    0.00    0.00    0.00    0.00    0.00    0.00

08:11:24 PM  CPU    %usr   %nice    %sys %iowait    %irq   %soft  %steal  %guest  %gnice   %idle
08:11:25 PM    0   75.00    0.00   18.75    0.00    0.00    5.21    0.00    0.00    0.00    1.04
08:11:25 PM    1   63.37    0.00   36.63    0.00    0.00    0.00    0.00    0.00    0.00    0.00

08:11:25 PM  CPU    %usr   %nice    %sys %iowait    %irq   %soft  %steal  %guest  %gnice   %idle
08:11:26 PM    0   70.00    0.00   21.00    0.00    0.00    8.00    0.00    0.00    0.00    1.00
08:11:26 PM    1   60.20    0.00   39.80    0.00    0.00    0.00    0.00    0.00    0.00    0.00

08:11:26 PM  CPU    %usr   %nice    %sys %iowait    %irq   %soft  %steal  %guest  %gnice   %idle
08:11:27 PM    0   74.75    0.00   21.21    0.00    0.00    3.03    0.00    0.00    0.00    1.01
08:11:27 PM    1   62.63    0.00   36.36    0.00    0.00    1.01    0.00    0.00    0.00    0.00

08:11:27 PM  CPU    %usr   %nice    %sys %iowait    %irq   %soft  %steal  %guest  %gnice   %idle
08:11:28 PM    0   68.04    0.00   21.65    0.00    0.00    9.28    0.00    0.00    0.00    1.03
08:11:28 PM    1   64.00    0.00   36.00    0.00    0.00    0.00    0.00    0.00    0.00    0.00

08:11:28 PM  CPU    %usr   %nice    %sys %iowait    %irq   %soft  %steal  %guest  %gnice   %idle
08:11:29 PM    0   67.00    0.00   23.00    0.00    0.00    8.00    0.00    0.00    0.00    2.00
08:11:29 PM    1   58.00    0.00   42.00    0.00    0.00    0.00    0.00    0.00    0.00    0.00

08:11:29 PM  CPU    %usr   %nice    %sys %iowait    %irq   %soft  %steal  %guest  %gnice   %idle
08:11:30 PM    0   71.72    0.00   19.19    0.00    0.00    8.08    0.00    0.00    0.00    1.01
08:11:30 PM    1   58.00    0.00   41.00    0.00    0.00    1.00    0.00    0.00    0.00    0.00

08:11:30 PM  CPU    %usr   %nice    %sys %iowait    %irq   %soft  %steal  %guest  %gnice   %idle
08:11:31 PM    0   72.00    0.00   21.00    0.00    0.00    6.00    0.00    0.00    0.00    1.00
08:11:31 PM    1   58.00    0.00   42.00    0.00    0.00    0.00    0.00    0.00    0.00    0.00

08:11:31 PM  CPU    %usr   %nice    %sys %iowait    %irq   %soft  %steal  %guest  %gnice   %idle
08:11:32 PM    0   68.75    0.00   22.92    0.00    0.00    7.29    0.00    0.00    0.00    1.04
08:11:32 PM    1   65.00    0.00   35.00    0.00    0.00    0.00    0.00    0.00    0.00    0.00

08:11:32 PM  CPU    %usr   %nice    %sys %iowait    %irq   %soft  %steal  %guest  %gnice   %idle
08:11:33 PM    0   69.00    0.00   20.00    0.00    0.00   10.00    0.00    0.00    0.00    1.00
08:11:33 PM    1   59.41    0.00   39.60    0.00    0.00    0.99    0.00    0.00    0.00    0.00

08:11:33 PM  CPU    %usr   %nice    %sys %iowait    %irq   %soft  %steal  %guest  %gnice   %idle
08:11:34 PM    0   73.74    0.00   20.20    0.00    0.00    4.04    0.00    0.00    0.00    2.02
08:11:34 PM    1   57.58    0.00   42.42    0.00    0.00    0.00    0.00    0.00    0.00    0.00

08:11:34 PM  CPU    %usr   %nice    %sys %iowait    %irq   %soft  %steal  %guest  %gnice   %idle
08:11:35 PM    0   67.35    0.00   23.47    0.00    0.00    8.16    0.00    0.00    0.00    1.02
08:11:35 PM    1   66.00    0.00   34.00    0.00    0.00    0.00    0.00    0.00    0.00    0.00

08:11:35 PM  CPU    %usr   %nice    %sys %iowait    %irq   %soft  %steal  %guest  %gnice   %idle
08:11:36 PM    0   72.73    0.00   18.18    0.00    0.00    8.08    0.00    0.00    0.00    1.01
08:11:36 PM    1   57.00    0.00   43.00    0.00    0.00    0.00    0.00    0.00    0.00    0.00

08:11:36 PM  CPU    %usr   %nice    %sys %iowait    %irq   %soft  %steal  %guest  %gnice   %idle
08:11:37 PM    0   74.00    0.00   20.00    0.00    0.00    5.00    0.00    0.00    0.00    1.00
08:11:37 PM    1   60.00    0.00   39.00    0.00    0.00    1.00    0.00    0.00    0.00    0.00

08:11:37 PM  CPU    %usr   %nice    %sys %iowait    %irq   %soft  %steal  %guest  %gnice   %idle
08:11:38 PM    0   76.00    0.00   17.00    0.00    0.00    6.00    0.00    0.00    0.00    1.00
08:11:38 PM    1   66.00    0.00   34.00    0.00    0.00    0.00    0.00    0.00    0.00    0.00

08:11:38 PM  CPU    %usr   %nice    %sys %iowait    %irq   %soft  %steal  %guest  %gnice   %idle
08:11:39 PM    0   74.75    0.00   20.20    0.00    0.00    4.04    0.00    0.00    0.00    1.01
08:11:39 PM    1   61.39    0.00   37.62    0.00    0.00    0.99    0.00    0.00    0.00    0.00

08:11:39 PM  CPU    %usr   %nice    %sys %iowait    %irq   %soft  %steal  %guest  %gnice   %idle
08:11:40 PM    0   77.00    0.00   16.00    0.00    0.00    5.00    0.00    0.00    0.00    2.00
08:11:40 PM    1   60.61    0.00   38.38    0.00    0.00    1.01    0.00    0.00    0.00    0.00

08:11:40 PM  CPU    %usr   %nice    %sys %iowait    %irq   %soft  %steal  %guest  %gnice   %idle
08:11:41 PM    0   73.74    0.00   21.21    0.00    0.00    4.04    0.00    0.00    0.00    1.01
08:11:41 PM    1   58.00    0.00   41.00    0.00    0.00    1.00    0.00    0.00    0.00    0.00

08:11:41 PM  CPU    %usr   %nice    %sys %iowait    %irq   %soft  %steal  %guest  %gnice   %idle
08:11:42 PM    0   72.00    0.00   19.00    0.00    0.00    8.00    0.00    0.00    0.00    1.00
08:11:42 PM    1   62.00    0.00   37.00    0.00    0.00    1.00    0.00    0.00    0.00    0.00

08:11:42 PM  CPU    %usr   %nice    %sys %iowait    %irq   %soft  %steal  %guest  %gnice   %idle
08:11:43 PM    0   71.72    0.00   19.19    0.00    0.00    8.08    0.00    0.00    0.00    1.01
08:11:43 PM    1   56.44    0.00   43.56    0.00    0.00    0.00    0.00    0.00    0.00    0.00

08:11:43 PM  CPU    %usr   %nice    %sys %iowait    %irq   %soft  %steal  %guest  %gnice   %idle
08:11:44 PM    0   65.66    0.00   24.24    0.00    0.00    9.09    0.00    0.00    0.00    1.01
08:11:44 PM    1   59.60    0.00   40.40    0.00    0.00    0.00    0.00    0.00    0.00    0.00

08:11:44 PM  CPU    %usr   %nice    %sys %iowait    %irq   %soft  %steal  %guest  %gnice   %idle
08:11:45 PM    0   68.00    0.00   23.00    0.00    0.00    7.00    0.00    0.00    0.00    2.00
08:11:45 PM    1   58.59    0.00   40.40    0.00    0.00    0.00    0.00    0.00    0.00    1.01

08:11:45 PM  CPU    %usr   %nice    %sys %iowait    %irq   %soft  %steal  %guest  %gnice   %idle
08:11:46 PM    0   73.74    0.00   20.20    0.00    0.00    5.05    0.00    0.00    0.00    1.01
08:11:46 PM    1   59.00    0.00   39.00    0.00    0.00    2.00    0.00    0.00    0.00    0.00

08:11:46 PM  CPU    %usr   %nice    %sys %iowait    %irq   %soft  %steal  %guest  %gnice   %idle
08:11:47 PM    0   66.67    0.00   25.25    0.00    0.00    7.07    0.00    0.00    0.00    1.01
08:11:47 PM    1   56.44    0.00   41.58    0.00    0.00    0.99    0.00    0.00    0.00    0.99

08:11:47 PM  CPU    %usr   %nice    %sys %iowait    %irq   %soft  %steal  %guest  %gnice   %idle
08:11:48 PM    0   74.26    0.00   17.82    0.00    0.00    6.93    0.00    0.00    0.00    0.99
08:11:48 PM    1   60.00    0.00   39.00    0.00    0.00    1.00    0.00    0.00    0.00    0.00

08:11:48 PM  CPU    %usr   %nice    %sys %iowait    %irq   %soft  %steal  %guest  %gnice   %idle
08:11:49 PM    0   72.73    0.00   19.19    0.00    0.00    7.07    0.00    0.00    0.00    1.01
08:11:49 PM    1   62.00    0.00   37.00    0.00    0.00    1.00    0.00    0.00    0.00    0.00

08:11:49 PM  CPU    %usr   %nice    %sys %iowait    %irq   %soft  %steal  %guest  %gnice   %idle
08:11:50 PM    0   49.06    0.00   12.26    0.00    0.00   10.38    0.00    0.00    0.00   28.30
08:11:50 PM    1   67.00    0.00   32.00    0.00    0.00    1.00    0.00    0.00    0.00    0.00

08:11:50 PM  CPU    %usr   %nice    %sys %iowait    %irq   %soft  %steal  %guest  %gnice   %idle
08:11:51 PM    0   76.77    0.00   19.19    0.00    0.00    4.04    0.00    0.00    0.00    0.00
08:11:51 PM    1   60.00    0.00   40.00    0.00    0.00    0.00    0.00    0.00    0.00    0.00

08:11:51 PM  CPU    %usr   %nice    %sys %iowait    %irq   %soft  %steal  %guest  %gnice   %idle
08:11:52 PM    0   69.70    0.00   19.19    0.00    0.00    9.09    0.00    0.00    0.00    2.02
08:11:52 PM    1   55.56    0.00   44.44    0.00    0.00    0.00    0.00    0.00    0.00    0.00

08:11:52 PM  CPU    %usr   %nice    %sys %iowait    %irq   %soft  %steal  %guest  %gnice   %idle
08:11:53 PM    0   68.00    0.00   23.00    0.00    0.00    8.00    0.00    0.00    0.00    1.00
08:11:53 PM    1   59.41    0.00   38.61    0.00    0.00    1.98    0.00    0.00    0.00    0.00

08:11:53 PM  CPU    %usr   %nice    %sys %iowait    %irq   %soft  %steal  %guest  %gnice   %idle
08:11:54 PM    0   67.35    0.00   26.53    0.00    0.00    5.10    0.00    0.00    0.00    1.02
08:11:54 PM    1   58.59    0.00   41.41    0.00    0.00    0.00    0.00    0.00    0.00    0.00

08:11:54 PM  CPU    %usr   %nice    %sys %iowait    %irq   %soft  %steal  %guest  %gnice   %idle
08:11:55 PM    0   74.26    0.00   17.82    0.00    0.00    5.94    0.00    0.00    0.00    1.98
08:11:55 PM    1   62.00    0.00   38.00    0.00    0.00    0.00    0.00    0.00    0.00    0.00

08:11:55 PM  CPU    %usr   %nice    %sys %iowait    %irq   %soft  %steal  %guest  %gnice   %idle
08:11:56 PM    0   74.49    0.00   18.37    0.00    0.00    6.12    0.00    0.00    0.00    1.02
08:11:56 PM    1   55.00    0.00   44.00    0.00    0.00    1.00    0.00    0.00    0.00    0.00

08:11:56 PM  CPU    %usr   %nice    %sys %iowait    %irq   %soft  %steal  %guest  %gnice   %idle
08:11:57 PM    0   74.75    0.00   18.18    0.00    0.00    6.06    0.00    0.00    0.00    1.01
08:11:57 PM    1   66.00    0.00   34.00    0.00    0.00    0.00    0.00    0.00    0.00    0.00

08:11:57 PM  CPU    %usr   %nice    %sys %iowait    %irq   %soft  %steal  %guest  %gnice   %idle
08:11:58 PM    0   69.39    0.00   22.45    0.00    0.00    6.12    0.00    0.00    0.00    2.04
08:11:58 PM    1   59.00    0.00   41.00    0.00    0.00    0.00    0.00    0.00    0.00    0.00

08:11:58 PM  CPU    %usr   %nice    %sys %iowait    %irq   %soft  %steal  %guest  %gnice   %idle
08:11:59 PM    0   65.66    0.00   26.26    0.00    0.00    7.07    0.00    0.00    0.00    1.01
08:11:59 PM    1   61.00    0.00   38.00    0.00    0.00    1.00    0.00    0.00    0.00    0.00

08:11:59 PM  CPU    %usr   %nice    %sys %iowait    %irq   %soft  %steal  %guest  %gnice   %idle
08:12:00 PM    0   69.39    0.00   24.49    0.00    0.00    5.10    0.00    0.00    0.00    1.02
08:12:00 PM    1   65.00    0.00   35.00    0.00    0.00    0.00    0.00    0.00    0.00    0.00

08:12:00 PM  CPU    %usr   %nice    %sys %iowait    %irq   %soft  %steal  %guest  %gnice   %idle
08:12:01 PM    0   71.00    0.00   21.00    0.00    0.00    7.00    0.00    0.00    0.00    1.00
08:12:01 PM    1   65.00    0.00   35.00    0.00    0.00    0.00    0.00    0.00    0.00    0.00

08:12:01 PM  CPU    %usr   %nice    %sys %iowait    %irq   %soft  %steal  %guest  %gnice   %idle
08:12:02 PM    0   77.78    0.00   16.16    0.00    0.00    5.05    0.00    0.00    0.00    1.01
08:12:02 PM    1   61.00    0.00   38.00    0.00    0.00    1.00    0.00    0.00    0.00    0.00

08:12:02 PM  CPU    %usr   %nice    %sys %iowait    %irq   %soft  %steal  %guest  %gnice   %idle
08:12:03 PM    0   70.00    0.00   22.00    0.00    0.00    6.00    0.00    0.00    0.00    2.00
08:12:03 PM    1   59.00    0.00   40.00    0.00    0.00    1.00    0.00    0.00    0.00    0.00

08:12:03 PM  CPU    %usr   %nice    %sys %iowait    %irq   %soft  %steal  %guest  %gnice   %idle
08:12:04 PM    0   72.45    0.00   23.47    0.00    0.00    3.06    0.00    0.00    0.00    1.02
08:12:04 PM    1   61.62    0.00   38.38    0.00    0.00    0.00    0.00    0.00    0.00    0.00

08:12:04 PM  CPU    %usr   %nice    %sys %iowait    %irq   %soft  %steal  %guest  %gnice   %idle
08:12:05 PM    0   75.00    0.00   19.00    0.00    0.00    5.00    0.00    0.00    0.00    1.00
08:12:05 PM    1   63.00    0.00   37.00    0.00    0.00    0.00    0.00    0.00    0.00    0.00

08:12:05 PM  CPU    %usr   %nice    %sys %iowait    %irq   %soft  %steal  %guest  %gnice   %idle
08:12:06 PM    0   71.72    0.00   21.21    0.00    0.00    6.06    0.00    0.00    0.00    1.01
08:12:06 PM    1   54.46    0.00   43.56    0.00    0.00    1.98    0.00    0.00    0.00    0.00

08:12:06 PM  CPU    %usr   %nice    %sys %iowait    %irq   %soft  %steal  %guest  %gnice   %idle
08:12:07 PM    0   72.45    0.00   21.43    0.00    0.00    5.10    0.00    0.00    0.00    1.02
08:12:07 PM    1   59.60    0.00   40.40    0.00    0.00    0.00    0.00    0.00    0.00    0.00

08:12:07 PM  CPU    %usr   %nice    %sys %iowait    %irq   %soft  %steal  %guest  %gnice   %idle
08:12:08 PM    0   69.70    0.00   22.22    0.00    0.00    6.06    0.00    0.00    0.00    2.02
08:12:08 PM    1   64.36    0.00   34.65    0.00    0.00    0.99    0.00    0.00    0.00    0.00

08:12:08 PM  CPU    %usr   %nice    %sys %iowait    %irq   %soft  %steal  %guest  %gnice   %idle
08:12:09 PM    0   70.30    0.00   22.77    0.00    0.00    5.94    0.00    0.00    0.00    0.99
08:12:09 PM    1   60.00    0.00   39.00    0.00    0.00    1.00    0.00    0.00    0.00    0.00

08:12:09 PM  CPU    %usr   %nice    %sys %iowait    %irq   %soft  %steal  %guest  %gnice   %idle
08:12:10 PM    0   68.69    0.00   22.22    0.00    0.00    8.08    0.00    0.00    0.00    1.01
08:12:10 PM    1   58.00    0.00   41.00    0.00    0.00    1.00    0.00    0.00    0.00    0.00

08:12:10 PM  CPU    %usr   %nice    %sys %iowait    %irq   %soft  %steal  %guest  %gnice   %idle
08:12:11 PM    0   73.47    0.00   18.37    0.00    0.00    6.12    0.00    0.00    0.00    2.04
08:12:11 PM    1   63.64    0.00   34.34    0.00    0.00    1.01    0.00    0.00    0.00    1.01

08:12:11 PM  CPU    %usr   %nice    %sys %iowait    %irq   %soft  %steal  %guest  %gnice   %idle
08:12:12 PM    0   73.74    0.00   20.20    0.00    0.00    5.05    0.00    0.00    0.00    1.01
08:12:12 PM    1   61.62    0.00   38.38    0.00    0.00    0.00    0.00    0.00    0.00    0.00

08:12:12 PM  CPU    %usr   %nice    %sys %iowait    %irq   %soft  %steal  %guest  %gnice   %idle
08:12:13 PM    0   74.49    0.00   18.37    0.00    0.00    6.12    0.00    0.00    0.00    1.02
08:12:13 PM    1   55.88    0.00   41.18    0.00    0.00    1.96    0.00    0.00    0.00    0.98

08:12:13 PM  CPU    %usr   %nice    %sys %iowait    %irq   %soft  %steal  %guest  %gnice   %idle
08:12:14 PM    0   73.74    0.00   18.18    0.00    0.00    7.07    0.00    0.00    0.00    1.01
08:12:14 PM    1   60.61    0.00   39.39    0.00    0.00    0.00    0.00    0.00    0.00    0.00

08:12:14 PM  CPU    %usr   %nice    %sys %iowait    %irq   %soft  %steal  %guest  %gnice   %idle
08:12:15 PM    0   75.26    0.00   17.53    0.00    0.00    6.19    0.00    0.00    0.00    1.03
08:12:15 PM    1   58.00    0.00   42.00    0.00    0.00    0.00    0.00    0.00    0.00    0.00

08:12:15 PM  CPU    %usr   %nice    %sys %iowait    %irq   %soft  %steal  %guest  %gnice   %idle
08:12:16 PM    0   73.27    0.00   19.80    0.00    0.00    4.95    0.00    0.00    0.00    1.98
08:12:16 PM    1   55.00    0.00   43.00    0.00    0.00    1.00    0.00    0.00    0.00    1.00

08:12:16 PM  CPU    %usr   %nice    %sys %iowait    %irq   %soft  %steal  %guest  %gnice   %idle
08:12:17 PM    0   73.47    0.00   18.37    0.00    0.00    7.14    0.00    0.00    0.00    1.02
08:12:17 PM    1   65.00    0.00   35.00    0.00    0.00    0.00    0.00    0.00    0.00    0.00

08:12:17 PM  CPU    %usr   %nice    %sys %iowait    %irq   %soft  %steal  %guest  %gnice   %idle
08:12:18 PM    0   72.45    0.00   20.41    0.00    0.00    6.12    0.00    0.00    0.00    1.02
08:12:18 PM    1   62.00    0.00   37.00    0.00    0.00    1.00    0.00    0.00    0.00    0.00

08:12:18 PM  CPU    %usr   %nice    %sys %iowait    %irq   %soft  %steal  %guest  %gnice   %idle
08:12:19 PM    0   78.35    0.00   17.53    0.00    0.00    3.09    0.00    0.00    0.00    1.03
08:12:19 PM    1   59.00    0.00   40.00    0.00    0.00    1.00    0.00    0.00    0.00    0.00

08:12:19 PM  CPU    %usr   %nice    %sys %iowait    %irq   %soft  %steal  %guest  %gnice   %idle
08:12:20 PM    0   68.00    0.00   24.00    0.00    0.00    7.00    0.00    0.00    0.00    1.00
08:12:20 PM    1   59.00    0.00   41.00    0.00    0.00    0.00    0.00    0.00    0.00    0.00

08:12:20 PM  CPU    %usr   %nice    %sys %iowait    %irq   %soft  %steal  %guest  %gnice   %idle
08:12:21 PM    0   73.47    0.00   18.37    0.00    0.00    6.12    0.00    0.00    0.00    2.04
08:12:21 PM    1   62.00    0.00   37.00    0.00    0.00    1.00    0.00    0.00    0.00    0.00

08:12:21 PM  CPU    %usr   %nice    %sys %iowait    %irq   %soft  %steal  %guest  %gnice   %idle
08:12:22 PM    0   65.66    0.00   24.24    0.00    0.00    9.09    0.00    0.00    0.00    1.01
08:12:22 PM    1   58.59    0.00   41.41    0.00    0.00    0.00    0.00    0.00    0.00    0.00

08:12:22 PM  CPU    %usr   %nice    %sys %iowait    %irq   %soft  %steal  %guest  %gnice   %idle
08:12:23 PM    0   71.72    0.00   20.20    0.00    0.00    6.06    0.00    0.00    0.00    2.02
08:12:23 PM    1   62.38    0.00   36.63    0.00    0.00    0.99    0.00    0.00    0.00    0.00

08:12:23 PM  CPU    %usr   %nice    %sys %iowait    %irq   %soft  %steal  %guest  %gnice   %idle
08:12:24 PM    0   71.00    0.00   20.00    0.00    0.00    8.00    0.00    0.00    0.00    1.00
08:12:24 PM    1   63.64    0.00   36.36    0.00    0.00    0.00    0.00    0.00    0.00    0.00

08:12:24 PM  CPU    %usr   %nice    %sys %iowait    %irq   %soft  %steal  %guest  %gnice   %idle
08:12:25 PM    0   74.23    0.00   18.56    0.00    0.00    7.22    0.00    0.00    0.00    0.00
08:12:25 PM    1   60.00    0.00   40.00    0.00    0.00    0.00    0.00    0.00    0.00    0.00

08:12:25 PM  CPU    %usr   %nice    %sys %iowait    %irq   %soft  %steal  %guest  %gnice   %idle
08:12:26 PM    0   70.71    0.00   22.22    0.00    0.00    5.05    0.00    0.00    0.00    2.02
08:12:26 PM    1   61.62    0.00   36.36    0.00    0.00    2.02    0.00    0.00    0.00    0.00

08:12:26 PM  CPU    %usr   %nice    %sys %iowait    %irq   %soft  %steal  %guest  %gnice   %idle
08:12:27 PM    0   74.00    0.00   19.00    0.00    0.00    5.00    0.00    0.00    0.00    2.00
08:12:27 PM    1   64.00    0.00   36.00    0.00    0.00    0.00    0.00    0.00    0.00    0.00

08:12:27 PM  CPU    %usr   %nice    %sys %iowait    %irq   %soft  %steal  %guest  %gnice   %idle
08:12:28 PM    0   72.45    0.00   21.43    0.00    0.00    5.10    0.00    0.00    0.00    1.02
08:12:28 PM    1   56.00    0.00   43.00    0.00    0.00    1.00    0.00    0.00    0.00    0.00

08:12:28 PM  CPU    %usr   %nice    %sys %iowait    %irq   %soft  %steal  %guest  %gnice   %idle
08:12:29 PM    0   78.00    0.00   17.00    0.00    0.00    4.00    0.00    0.00    0.00    1.00
08:12:29 PM    1   66.00    0.00   33.00    0.00    0.00    0.00    0.00    0.00    0.00    1.00

08:12:29 PM  CPU    %usr   %nice    %sys %iowait    %irq   %soft  %steal  %guest  %gnice   %idle
08:12:30 PM    0   74.26    0.00   18.81    0.00    0.00    5.94    0.00    0.00    0.00    0.99
08:12:30 PM    1   59.00    0.00   40.00    0.00    0.00    1.00    0.00    0.00    0.00    0.00

08:12:30 PM  CPU    %usr   %nice    %sys %iowait    %irq   %soft  %steal  %guest  %gnice   %idle
08:12:31 PM    0   70.41    0.00   23.47    0.00    0.00    4.08    0.00    0.00    0.00    2.04
08:12:31 PM    1   61.00    0.00   38.00    0.00    0.00    0.00    0.00    0.00    0.00    1.00

08:12:31 PM  CPU    %usr   %nice    %sys %iowait    %irq   %soft  %steal  %guest  %gnice   %idle
08:12:32 PM    0   73.74    0.00   19.19    0.00    0.00    6.06    0.00    0.00    0.00    1.01
08:12:32 PM    1   61.39    0.00   38.61    0.00    0.00    0.00    0.00    0.00    0.00    0.00

08:12:32 PM  CPU    %usr   %nice    %sys %iowait    %irq   %soft  %steal  %guest  %gnice   %idle
08:12:33 PM    0   73.74    0.00   20.20    0.00    0.00    5.05    0.00    0.00    0.00    1.01
08:12:33 PM    1   64.00    0.00   35.00    0.00    0.00    1.00    0.00    0.00    0.00    0.00

08:12:33 PM  CPU    %usr   %nice    %sys %iowait    %irq   %soft  %steal  %guest  %gnice   %idle
08:12:34 PM    0   73.74    0.00   19.19    0.00    0.00    6.06    0.00    0.00    0.00    1.01
08:12:34 PM    1   63.64    0.00   36.36    0.00    0.00    0.00    0.00    0.00    0.00    0.00

08:12:34 PM  CPU    %usr   %nice    %sys %iowait    %irq   %soft  %steal  %guest  %gnice   %idle
08:12:35 PM    0   74.00    0.00   17.00    0.00    0.00    8.00    0.00    0.00    0.00    1.00
08:12:35 PM    1   66.00    0.00   34.00    0.00    0.00    0.00    0.00    0.00    0.00    0.00

08:12:35 PM  CPU    %usr   %nice    %sys %iowait    %irq   %soft  %steal  %guest  %gnice   %idle
08:12:36 PM    0   67.33    0.00   24.75    0.00    0.00    5.94    0.00    0.00    0.00    1.98
08:12:36 PM    1   55.00    0.00   44.00    0.00    0.00    0.00    0.00    0.00    0.00    1.00

08:12:36 PM  CPU    %usr   %nice    %sys %iowait    %irq   %soft  %steal  %guest  %gnice   %idle
08:12:37 PM    0   69.70    0.00   23.23    0.00    0.00    6.06    0.00    0.00    0.00    1.01
08:12:37 PM    1   66.67    0.00   33.33    0.00    0.00    0.00    0.00    0.00    0.00    0.00

08:12:37 PM  CPU    %usr   %nice    %sys %iowait    %irq   %soft  %steal  %guest  %gnice   %idle
08:12:38 PM    0   69.31    0.00   21.78    0.00    0.00    7.92    0.00    0.00    0.00    0.99
08:12:38 PM    1   55.45    0.00   43.56    0.00    0.00    0.99    0.00    0.00    0.00    0.00

08:12:38 PM  CPU    %usr   %nice    %sys %iowait    %irq   %soft  %steal  %guest  %gnice   %idle
08:12:39 PM    0   72.45    0.00   18.37    0.00    0.00    8.16    0.00    0.00    0.00    1.02
08:12:39 PM    1   59.00    0.00   39.00    0.00    0.00    1.00    0.00    0.00    0.00    1.00

08:12:39 PM  CPU    %usr   %nice    %sys %iowait    %irq   %soft  %steal  %guest  %gnice   %idle
08:12:40 PM    0   64.36    0.00   21.78    0.00    0.00   11.88    0.00    0.00    0.00    1.98
08:12:40 PM    1   61.62    0.00   38.38    0.00    0.00    0.00    0.00    0.00    0.00    0.00

08:12:40 PM  CPU    %usr   %nice    %sys %iowait    %irq   %soft  %steal  %guest  %gnice   %idle
08:12:41 PM    0   70.41    0.00   22.45    0.00    0.00    6.12    0.00    0.00    0.00    1.02
08:12:41 PM    1   66.00    0.00   34.00    0.00    0.00    0.00    0.00    0.00    0.00    0.00

08:12:41 PM  CPU    %usr   %nice    %sys %iowait    %irq   %soft  %steal  %guest  %gnice   %idle
08:12:42 PM    0   70.00    0.00   22.00    0.00    0.00    7.00    0.00    0.00    0.00    1.00
08:12:42 PM    1   59.00    0.00   39.00    0.00    0.00    2.00    0.00    0.00    0.00    0.00

08:12:42 PM  CPU    %usr   %nice    %sys %iowait    %irq   %soft  %steal  %guest  %gnice   %idle
08:12:43 PM    0   73.47    0.00   20.41    0.00    0.00    5.10    0.00    0.00    0.00    1.02
08:12:43 PM    1   62.38    0.00   37.62    0.00    0.00    0.00    0.00    0.00    0.00    0.00

08:12:43 PM  CPU    %usr   %nice    %sys %iowait    %irq   %soft  %steal  %guest  %gnice   %idle
08:12:44 PM    0   72.00    0.00   21.00    0.00    0.00    5.00    0.00    0.00    0.00    2.00
08:12:44 PM    1   63.27    0.00   35.71    0.00    0.00    0.00    0.00    0.00    0.00    1.02

08:12:44 PM  CPU    %usr   %nice    %sys %iowait    %irq   %soft  %steal  %guest  %gnice   %idle
08:12:45 PM    0   72.16    0.00   19.59    0.00    0.00    7.22    0.00    0.00    0.00    1.03
08:12:45 PM    1   61.00    0.00   39.00    0.00    0.00    0.00    0.00    0.00    0.00    0.00

08:12:45 PM  CPU    %usr   %nice    %sys %iowait    %irq   %soft  %steal  %guest  %gnice   %idle
08:12:46 PM    0   69.39    0.00   24.49    0.00    0.00    5.10    0.00    0.00    0.00    1.02
08:12:46 PM    1   57.43    0.00   42.57    0.00    0.00    0.00    0.00    0.00    0.00    0.00

08:12:46 PM  CPU    %usr   %nice    %sys %iowait    %irq   %soft  %steal  %guest  %gnice   %idle
08:12:47 PM    0   70.00    0.00   23.00    0.00    0.00    5.00    0.00    0.00    0.00    2.00
08:12:47 PM    1   62.63    0.00   37.37    0.00    0.00    0.00    0.00    0.00    0.00    0.00

08:12:47 PM  CPU    %usr   %nice    %sys %iowait    %irq   %soft  %steal  %guest  %gnice   %idle
08:12:48 PM    0   70.00    0.00   23.00    0.00    0.00    6.00    0.00    0.00    0.00    1.00
08:12:48 PM    1   64.65    0.00   35.35    0.00    0.00    0.00    0.00    0.00    0.00    0.00

08:12:48 PM  CPU    %usr   %nice    %sys %iowait    %irq   %soft  %steal  %guest  %gnice   %idle
08:12:49 PM    0   72.00    0.00   21.00    0.00    0.00    6.00    0.00    0.00    0.00    1.00
08:12:49 PM    1   61.39    0.00   35.64    0.00    0.00    1.98    0.00    0.00    0.00    0.99

08:12:49 PM  CPU    %usr   %nice    %sys %iowait    %irq   %soft  %steal  %guest  %gnice   %idle
08:12:50 PM    0   68.00    0.00   25.00    0.00    0.00    6.00    0.00    0.00    0.00    1.00
08:12:50 PM    1   54.55    0.00   45.45    0.00    0.00    0.00    0.00    0.00    0.00    0.00

08:12:50 PM  CPU    %usr   %nice    %sys %iowait    %irq   %soft  %steal  %guest  %gnice   %idle
08:12:51 PM    0   74.00    0.00   19.00    0.00    0.00    6.00    0.00    0.00    0.00    1.00
08:12:51 PM    1   59.00    0.00   41.00    0.00    0.00    0.00    0.00    0.00    0.00    0.00

08:12:51 PM  CPU    %usr   %nice    %sys %iowait    %irq   %soft  %steal  %guest  %gnice   %idle
08:12:52 PM    0   35.35    0.00   12.12    0.00    0.00    2.02    0.00    0.00    0.00   50.51
08:12:52 PM    1   67.00    0.00   29.00    0.00    0.00    3.00    0.00    0.00    0.00    1.00

Average:     CPU    %usr   %nice    %sys %iowait    %irq   %soft  %steal  %guest  %gnice   %idle
Average:       0   70.64    0.00   20.73    0.00    0.00    6.26    0.00    0.00    0.00    2.37
Average:       1   61.36    0.00   37.97    0.00    0.00    0.54    0.00    0.00    0.00    0.13
