Linux 5.3.0-59-generic (ericmei) 	06/29/2020 	_x86_64_	(12 CPU)

08:00:24 PM  CPU    %usr   %nice    %sys %iowait    %irq   %soft  %steal  %guest  %gnice   %idle
08:00:25 PM    0   54.46    0.00   22.77    0.00    0.00    4.95    0.00    0.00    0.00   17.82
08:00:25 PM    1   69.70    0.00   30.30    0.00    0.00    0.00    0.00    0.00    0.00    0.00

08:00:25 PM  CPU    %usr   %nice    %sys %iowait    %irq   %soft  %steal  %guest  %gnice   %idle
08:00:26 PM    0   56.44    0.00   26.73    0.00    0.00    6.93    0.00    0.00    0.00    9.90
08:00:26 PM    1   65.35    0.00   30.69    0.00    0.00    1.98    0.00    0.00    0.00    1.98

08:00:26 PM  CPU    %usr   %nice    %sys %iowait    %irq   %soft  %steal  %guest  %gnice   %idle
08:00:27 PM    0   68.69    0.00   23.23    0.00    0.00    7.07    0.00    0.00    0.00    1.01
08:00:27 PM    1   65.31    0.00   34.69    0.00    0.00    0.00    0.00    0.00    0.00    0.00

08:00:27 PM  CPU    %usr   %nice    %sys %iowait    %irq   %soft  %steal  %guest  %gnice   %idle
08:00:28 PM    0   66.00    0.00   27.00    0.00    0.00    6.00    0.00    0.00    0.00    1.00
08:00:28 PM    1   55.45    0.00   43.56    0.00    0.00    0.99    0.00    0.00    0.00    0.00

08:00:28 PM  CPU    %usr   %nice    %sys %iowait    %irq   %soft  %steal  %guest  %gnice   %idle
08:00:29 PM    0   66.67    0.00   27.27    0.00    0.00    6.06    0.00    0.00    0.00    0.00
08:00:29 PM    1   58.59    0.00   41.41    0.00    0.00    0.00    0.00    0.00    0.00    0.00

08:00:29 PM  CPU    %usr   %nice    %sys %iowait    %irq   %soft  %steal  %guest  %gnice   %idle
08:00:30 PM    0   62.00    0.00   29.00    0.00    0.00    8.00    0.00    0.00    0.00    1.00
08:00:30 PM    1   62.38    0.00   34.65    0.00    0.00    1.98    0.00    0.00    0.00    0.99

08:00:30 PM  CPU    %usr   %nice    %sys %iowait    %irq   %soft  %steal  %guest  %gnice   %idle
08:00:31 PM    0   62.00    0.00   31.00    0.00    0.00    7.00    0.00    0.00    0.00    0.00
08:00:31 PM    1   58.00    0.00   42.00    0.00    0.00    0.00    0.00    0.00    0.00    0.00

08:00:31 PM  CPU    %usr   %nice    %sys %iowait    %irq   %soft  %steal  %guest  %gnice   %idle
08:00:32 PM    0   69.70    0.00   24.24    0.00    0.00    5.05    0.00    0.00    0.00    1.01
08:00:32 PM    1   68.69    0.00   31.31    0.00    0.00    0.00    0.00    0.00    0.00    0.00

08:00:32 PM  CPU    %usr   %nice    %sys %iowait    %irq   %soft  %steal  %guest  %gnice   %idle
08:00:33 PM    0   68.00    0.00   23.00    0.00    0.00    8.00    0.00    0.00    0.00    1.00
08:00:33 PM    1   59.00    0.00   41.00    0.00    0.00    0.00    0.00    0.00    0.00    0.00

08:00:33 PM  CPU    %usr   %nice    %sys %iowait    %irq   %soft  %steal  %guest  %gnice   %idle
08:00:34 PM    0   64.65    0.00   29.29    0.00    0.00    6.06    0.00    0.00    0.00    0.00
08:00:34 PM    1   67.00    0.00   32.00    0.00    0.00    1.00    0.00    0.00    0.00    0.00

08:00:34 PM  CPU    %usr   %nice    %sys %iowait    %irq   %soft  %steal  %guest  %gnice   %idle
08:00:35 PM    0   62.38    0.00   26.73    0.00    0.00    9.90    0.00    0.00    0.00    0.99
08:00:35 PM    1   57.00    0.00   42.00    0.00    0.00    0.00    0.00    0.00    0.00    1.00

08:00:35 PM  CPU    %usr   %nice    %sys %iowait    %irq   %soft  %steal  %guest  %gnice   %idle
08:00:36 PM    0   66.67    0.00   26.26    0.00    0.00    6.06    0.00    0.00    0.00    1.01
08:00:36 PM    1   60.00    0.00   39.00    0.00    0.00    1.00    0.00    0.00    0.00    0.00

08:00:36 PM  CPU    %usr   %nice    %sys %iowait    %irq   %soft  %steal  %guest  %gnice   %idle
08:00:37 PM    0   63.37    0.00   25.74    0.00    0.00    9.90    0.00    0.00    0.00    0.99
08:00:37 PM    1   63.00    0.00   37.00    0.00    0.00    0.00    0.00    0.00    0.00    0.00

08:00:37 PM  CPU    %usr   %nice    %sys %iowait    %irq   %soft  %steal  %guest  %gnice   %idle
08:00:38 PM    0   64.65    0.00   28.28    0.00    0.00    6.06    0.00    0.00    0.00    1.01
08:00:38 PM    1   62.00    0.00   38.00    0.00    0.00    0.00    0.00    0.00    0.00    0.00

08:00:38 PM  CPU    %usr   %nice    %sys %iowait    %irq   %soft  %steal  %guest  %gnice   %idle
08:00:39 PM    0   64.65    0.00   27.27    0.00    0.00    8.08    0.00    0.00    0.00    0.00
08:00:39 PM    1   60.40    0.00   39.60    0.00    0.00    0.00    0.00    0.00    0.00    0.00

08:00:39 PM  CPU    %usr   %nice    %sys %iowait    %irq   %soft  %steal  %guest  %gnice   %idle
08:00:40 PM    0   67.33    0.00   25.74    0.00    0.00    5.94    0.00    0.00    0.00    0.99
08:00:40 PM    1   61.86    0.00   37.11    0.00    0.00    0.00    0.00    0.00    0.00    1.03

08:00:40 PM  CPU    %usr   %nice    %sys %iowait    %irq   %soft  %steal  %guest  %gnice   %idle
08:00:41 PM    0   67.68    0.00   26.26    0.00    0.00    5.05    0.00    0.00    0.00    1.01
08:00:41 PM    1   61.39    0.00   37.62    0.00    0.00    0.99    0.00    0.00    0.00    0.00

08:00:41 PM  CPU    %usr   %nice    %sys %iowait    %irq   %soft  %steal  %guest  %gnice   %idle
08:00:42 PM    0   67.00    0.00   26.00    0.00    0.00    6.00    0.00    0.00    0.00    1.00
08:00:42 PM    1   66.00    0.00   33.00    0.00    0.00    1.00    0.00    0.00    0.00    0.00

08:00:42 PM  CPU    %usr   %nice    %sys %iowait    %irq   %soft  %steal  %guest  %gnice   %idle
08:00:43 PM    0   67.68    0.00   24.24    0.00    0.00    7.07    0.00    0.00    0.00    1.01
08:00:43 PM    1   64.00    0.00   35.00    0.00    0.00    1.00    0.00    0.00    0.00    0.00

08:00:43 PM  CPU    %usr   %nice    %sys %iowait    %irq   %soft  %steal  %guest  %gnice   %idle
08:00:44 PM    0   64.29    0.00   27.55    0.00    0.00    8.16    0.00    0.00    0.00    0.00
08:00:44 PM    1   66.67    0.00   33.33    0.00    0.00    0.00    0.00    0.00    0.00    0.00

08:00:44 PM  CPU    %usr   %nice    %sys %iowait    %irq   %soft  %steal  %guest  %gnice   %idle
08:00:45 PM    0   62.63    0.00   26.26    0.00    0.00   10.10    0.00    0.00    0.00    1.01
08:00:45 PM    1   66.67    0.00   32.35    0.00    0.00    0.98    0.00    0.00    0.00    0.00

08:00:45 PM  CPU    %usr   %nice    %sys %iowait    %irq   %soft  %steal  %guest  %gnice   %idle
08:00:46 PM    0   64.00    0.00   27.00    0.00    0.00    8.00    0.00    0.00    0.00    1.00
08:00:46 PM    1   61.62    0.00   38.38    0.00    0.00    0.00    0.00    0.00    0.00    0.00

08:00:46 PM  CPU    %usr   %nice    %sys %iowait    %irq   %soft  %steal  %guest  %gnice   %idle
08:00:47 PM    0   60.20    0.00   31.63    0.00    0.00    7.14    0.00    0.00    0.00    1.02
08:00:47 PM    1   61.62    0.00   38.38    0.00    0.00    0.00    0.00    0.00    0.00    0.00

08:00:47 PM  CPU    %usr   %nice    %sys %iowait    %irq   %soft  %steal  %guest  %gnice   %idle
08:00:48 PM    0   67.00    0.00   25.00    0.00    0.00    7.00    0.00    0.00    0.00    1.00
08:00:48 PM    1   67.00    0.00   33.00    0.00    0.00    0.00    0.00    0.00    0.00    0.00

08:00:48 PM  CPU    %usr   %nice    %sys %iowait    %irq   %soft  %steal  %guest  %gnice   %idle
08:00:49 PM    0   64.65    0.00   28.28    0.00    0.00    7.07    0.00    0.00    0.00    0.00
08:00:49 PM    1   68.32    0.00   30.69    0.00    0.00    0.99    0.00    0.00    0.00    0.00

08:00:49 PM  CPU    %usr   %nice    %sys %iowait    %irq   %soft  %steal  %guest  %gnice   %idle
08:00:50 PM    0   63.27    0.00   25.51    0.00    0.00   10.20    0.00    0.00    0.00    1.02
08:00:50 PM    1   59.00    0.00   40.00    0.00    0.00    1.00    0.00    0.00    0.00    0.00

08:00:50 PM  CPU    %usr   %nice    %sys %iowait    %irq   %soft  %steal  %guest  %gnice   %idle
08:00:51 PM    0   62.00    0.00   28.00    0.00    0.00    9.00    0.00    0.00    0.00    1.00
08:00:51 PM    1   60.61    0.00   38.38    0.00    0.00    0.00    0.00    0.00    0.00    1.01

08:00:51 PM  CPU    %usr   %nice    %sys %iowait    %irq   %soft  %steal  %guest  %gnice   %idle
08:00:52 PM    0   65.66    0.00   23.23    0.00    0.00   10.10    0.00    0.00    0.00    1.01
08:00:52 PM    1   57.58    0.00   42.42    0.00    0.00    0.00    0.00    0.00    0.00    0.00

08:00:52 PM  CPU    %usr   %nice    %sys %iowait    %irq   %soft  %steal  %guest  %gnice   %idle
08:00:53 PM    0   63.64    0.00   26.26    0.00    0.00    9.09    0.00    0.00    0.00    1.01
08:00:53 PM    1   64.36    0.00   34.65    0.00    0.00    0.99    0.00    0.00    0.00    0.00

08:00:53 PM  CPU    %usr   %nice    %sys %iowait    %irq   %soft  %steal  %guest  %gnice   %idle
08:00:54 PM    0   62.00    0.00   31.00    0.00    0.00    6.00    0.00    0.00    0.00    1.00
08:00:54 PM    1   58.00    0.00   40.00    0.00    0.00    2.00    0.00    0.00    0.00    0.00

08:00:54 PM  CPU    %usr   %nice    %sys %iowait    %irq   %soft  %steal  %guest  %gnice   %idle
08:00:55 PM    0   63.00    0.00   27.00    0.00    0.00    9.00    0.00    0.00    0.00    1.00
08:00:55 PM    1   62.63    0.00   37.37    0.00    0.00    0.00    0.00    0.00    0.00    0.00

08:00:55 PM  CPU    %usr   %nice    %sys %iowait    %irq   %soft  %steal  %guest  %gnice   %idle
08:00:56 PM    0   63.64    0.00   26.26    0.00    0.00    9.09    0.00    0.00    0.00    1.01
08:00:56 PM    1   63.00    0.00   36.00    0.00    0.00    0.00    0.00    0.00    0.00    1.00

08:00:56 PM  CPU    %usr   %nice    %sys %iowait    %irq   %soft  %steal  %guest  %gnice   %idle
08:00:57 PM    0   64.00    0.00   28.00    0.00    0.00    8.00    0.00    0.00    0.00    0.00
08:00:57 PM    1   61.00    0.00   38.00    0.00    0.00    1.00    0.00    0.00    0.00    0.00

08:00:57 PM  CPU    %usr   %nice    %sys %iowait    %irq   %soft  %steal  %guest  %gnice   %idle
08:00:58 PM    0   68.69    0.00   22.22    0.00    0.00    8.08    0.00    0.00    0.00    1.01
08:00:58 PM    1   64.00    0.00   34.00    0.00    0.00    2.00    0.00    0.00    0.00    0.00

08:00:58 PM  CPU    %usr   %nice    %sys %iowait    %irq   %soft  %steal  %guest  %gnice   %idle
08:00:59 PM    0   62.63    0.00   29.29    0.00    0.00    7.07    0.00    0.00    0.00    1.01
08:00:59 PM    1   69.70    0.00   30.30    0.00    0.00    0.00    0.00    0.00    0.00    0.00

08:00:59 PM  CPU    %usr   %nice    %sys %iowait    %irq   %soft  %steal  %guest  %gnice   %idle
08:01:00 PM    0   63.00    0.00   28.00    0.00    0.00    8.00    0.00    0.00    0.00    1.00
08:01:00 PM    1   63.37    0.00   36.63    0.00    0.00    0.00    0.00    0.00    0.00    0.00

08:01:00 PM  CPU    %usr   %nice    %sys %iowait    %irq   %soft  %steal  %guest  %gnice   %idle
08:01:01 PM    0   59.00    0.00   30.00    0.00    0.00   10.00    0.00    0.00    0.00    1.00
08:01:01 PM    1   65.31    0.00   34.69    0.00    0.00    0.00    0.00    0.00    0.00    0.00

08:01:01 PM  CPU    %usr   %nice    %sys %iowait    %irq   %soft  %steal  %guest  %gnice   %idle
08:01:02 PM    0   67.68    0.00   24.24    0.00    0.00    8.08    0.00    0.00    0.00    0.00
08:01:02 PM    1   62.38    0.00   37.62    0.00    0.00    0.00    0.00    0.00    0.00    0.00

08:01:02 PM  CPU    %usr   %nice    %sys %iowait    %irq   %soft  %steal  %guest  %gnice   %idle
08:01:03 PM    0   58.59    0.00   33.33    0.00    0.00    7.07    0.00    0.00    0.00    1.01
08:01:03 PM    1   65.66    0.00   33.33    0.00    0.00    1.01    0.00    0.00    0.00    0.00

08:01:03 PM  CPU    %usr   %nice    %sys %iowait    %irq   %soft  %steal  %guest  %gnice   %idle
08:01:04 PM    0   63.64    0.00   25.25    0.00    0.00   10.10    0.00    0.00    0.00    1.01
08:01:04 PM    1   58.82    0.00   39.22    0.00    0.00    0.98    0.00    0.00    0.00    0.98

08:01:04 PM  CPU    %usr   %nice    %sys %iowait    %irq   %soft  %steal  %guest  %gnice   %idle
08:01:05 PM    0   67.33    0.00   25.74    0.00    0.00    5.94    0.00    0.00    0.00    0.99
08:01:05 PM    1   53.00    0.00   45.00    0.00    0.00    2.00    0.00    0.00    0.00    0.00

08:01:05 PM  CPU    %usr   %nice    %sys %iowait    %irq   %soft  %steal  %guest  %gnice   %idle
08:01:06 PM    0   67.68    0.00   25.25    0.00    0.00    7.07    0.00    0.00    0.00    0.00
08:01:06 PM    1   62.00    0.00   35.00    0.00    0.00    2.00    0.00    0.00    0.00    1.00

08:01:06 PM  CPU    %usr   %nice    %sys %iowait    %irq   %soft  %steal  %guest  %gnice   %idle
08:01:07 PM    0   64.00    0.00   27.00    0.00    0.00    8.00    0.00    0.00    0.00    1.00
08:01:07 PM    1   62.63    0.00   37.37    0.00    0.00    0.00    0.00    0.00    0.00    0.00

08:01:07 PM  CPU    %usr   %nice    %sys %iowait    %irq   %soft  %steal  %guest  %gnice   %idle
08:01:08 PM    0   63.00    0.00   28.00    0.00    0.00    8.00    0.00    0.00    0.00    1.00
08:01:08 PM    1   64.36    0.00   33.66    0.00    0.00    1.98    0.00    0.00    0.00    0.00

08:01:08 PM  CPU    %usr   %nice    %sys %iowait    %irq   %soft  %steal  %guest  %gnice   %idle
08:01:09 PM    0   66.00    0.00   26.00    0.00    0.00    7.00    0.00    0.00    0.00    1.00
08:01:09 PM    1   62.63    0.00   37.37    0.00    0.00    0.00    0.00    0.00    0.00    0.00

08:01:09 PM  CPU    %usr   %nice    %sys %iowait    %irq   %soft  %steal  %guest  %gnice   %idle
08:01:10 PM    0   63.00    0.00   31.00    0.00    0.00    6.00    0.00    0.00    0.00    0.00
08:01:10 PM    1   59.00    0.00   41.00    0.00    0.00    0.00    0.00    0.00    0.00    0.00

08:01:10 PM  CPU    %usr   %nice    %sys %iowait    %irq   %soft  %steal  %guest  %gnice   %idle
08:01:11 PM    0   64.00    0.00   26.00    0.00    0.00    9.00    0.00    0.00    0.00    1.00
08:01:11 PM    1   62.00    0.00   38.00    0.00    0.00    0.00    0.00    0.00    0.00    0.00

08:01:11 PM  CPU    %usr   %nice    %sys %iowait    %irq   %soft  %steal  %guest  %gnice   %idle
08:01:12 PM    0   58.42    0.00   32.67    0.00    0.00    7.92    0.00    0.00    0.00    0.99
08:01:12 PM    1   57.00    0.00   43.00    0.00    0.00    0.00    0.00    0.00    0.00    0.00

08:01:12 PM  CPU    %usr   %nice    %sys %iowait    %irq   %soft  %steal  %guest  %gnice   %idle
08:01:13 PM    0   74.23    0.00   22.68    0.00    0.00    3.09    0.00    0.00    0.00    0.00
08:01:13 PM    1   66.00    0.00   34.00    0.00    0.00    0.00    0.00    0.00    0.00    0.00

08:01:13 PM  CPU    %usr   %nice    %sys %iowait    %irq   %soft  %steal  %guest  %gnice   %idle
08:01:14 PM    0   66.34    0.00   24.75    0.00    0.00    7.92    0.00    0.00    0.00    0.99
08:01:14 PM    1   60.61    0.00   39.39    0.00    0.00    0.00    0.00    0.00    0.00    0.00

08:01:14 PM  CPU    %usr   %nice    %sys %iowait    %irq   %soft  %steal  %guest  %gnice   %idle
08:01:15 PM    0   63.00    0.00   30.00    0.00    0.00    6.00    0.00    0.00    0.00    1.00
08:01:15 PM    1   60.00    0.00   39.00    0.00    0.00    1.00    0.00    0.00    0.00    0.00

08:01:15 PM  CPU    %usr   %nice    %sys %iowait    %irq   %soft  %steal  %guest  %gnice   %idle
08:01:16 PM    0   59.80    0.00   32.35    0.00    0.00    6.86    0.00    0.00    0.00    0.98
08:01:16 PM    1   62.00    0.00   37.00    0.00    0.00    1.00    0.00    0.00    0.00    0.00

08:01:16 PM  CPU    %usr   %nice    %sys %iowait    %irq   %soft  %steal  %guest  %gnice   %idle
08:01:17 PM    0   61.62    0.00   31.31    0.00    0.00    6.06    0.00    0.00    0.00    1.01
08:01:17 PM    1   60.00    0.00   40.00    0.00    0.00    0.00    0.00    0.00    0.00    0.00

08:01:17 PM  CPU    %usr   %nice    %sys %iowait    %irq   %soft  %steal  %guest  %gnice   %idle
08:01:18 PM    0   62.00    0.00   29.00    0.00    0.00    9.00    0.00    0.00    0.00    0.00
08:01:18 PM    1   58.00    0.00   42.00    0.00    0.00    0.00    0.00    0.00    0.00    0.00

08:01:18 PM  CPU    %usr   %nice    %sys %iowait    %irq   %soft  %steal  %guest  %gnice   %idle
08:01:19 PM    0   57.14    0.00   35.71    0.00    0.00    6.12    0.00    0.00    0.00    1.02
08:01:19 PM    1   61.39    0.00   36.63    0.00    0.00    0.99    0.00    0.00    0.00    0.99

08:01:19 PM  CPU    %usr   %nice    %sys %iowait    %irq   %soft  %steal  %guest  %gnice   %idle
08:01:20 PM    0   62.63    0.00   27.27    0.00    0.00    9.09    0.00    0.00    0.00    1.01
08:01:20 PM    1   61.62    0.00   37.37    0.00    0.00    1.01    0.00    0.00    0.00    0.00

08:01:20 PM  CPU    %usr   %nice    %sys %iowait    %irq   %soft  %steal  %guest  %gnice   %idle
08:01:21 PM    0   64.65    0.00   28.28    0.00    0.00    6.06    0.00    0.00    0.00    1.01
08:01:21 PM    1   68.00    0.00   32.00    0.00    0.00    0.00    0.00    0.00    0.00    0.00

08:01:21 PM  CPU    %usr   %nice    %sys %iowait    %irq   %soft  %steal  %guest  %gnice   %idle
08:01:22 PM    0   64.71    0.00   27.45    0.00    0.00    7.84    0.00    0.00    0.00    0.00
08:01:22 PM    1   60.00    0.00   39.00    0.00    0.00    1.00    0.00    0.00    0.00    0.00

08:01:22 PM  CPU    %usr   %nice    %sys %iowait    %irq   %soft  %steal  %guest  %gnice   %idle
08:01:23 PM    0   67.35    0.00   24.49    0.00    0.00    7.14    0.00    0.00    0.00    1.02
08:01:23 PM    1   60.00    0.00   40.00    0.00    0.00    0.00    0.00    0.00    0.00    0.00

08:01:23 PM  CPU    %usr   %nice    %sys %iowait    %irq   %soft  %steal  %guest  %gnice   %idle
08:01:24 PM    0   65.66    0.00   27.27    0.00    0.00    6.06    0.00    0.00    0.00    1.01
08:01:24 PM    1   69.70    0.00   30.30    0.00    0.00    0.00    0.00    0.00    0.00    0.00

08:01:24 PM  CPU    %usr   %nice    %sys %iowait    %irq   %soft  %steal  %guest  %gnice   %idle
08:01:25 PM    0   64.65    0.00   29.29    0.00    0.00    6.06    0.00    0.00    0.00    0.00
08:01:25 PM    1   62.38    0.00   36.63    0.00    0.00    0.99    0.00    0.00    0.00    0.00

08:01:25 PM  CPU    %usr   %nice    %sys %iowait    %irq   %soft  %steal  %guest  %gnice   %idle
08:01:26 PM    0   67.00    0.00   25.00    0.00    0.00    5.00    0.00    0.00    0.00    3.00
08:01:26 PM    1   58.59    0.00   40.40    0.00    0.00    1.01    0.00    0.00    0.00    0.00

08:01:26 PM  CPU    %usr   %nice    %sys %iowait    %irq   %soft  %steal  %guest  %gnice   %idle
08:01:27 PM    0   61.76    0.00   25.49    0.00    0.00    9.80    0.00    0.00    0.00    2.94
08:01:27 PM    1   65.00    0.00   34.00    0.00    0.00    1.00    0.00    0.00    0.00    0.00

08:01:27 PM  CPU    %usr   %nice    %sys %iowait    %irq   %soft  %steal  %guest  %gnice   %idle
08:01:28 PM    0   17.00    0.00    8.00    0.00    0.00    3.00    0.00    0.00    0.00   72.00
08:01:28 PM    1   17.00    0.00   12.00    0.00    0.00    0.00    0.00    0.00    0.00   71.00

08:01:28 PM  CPU    %usr   %nice    %sys %iowait    %irq   %soft  %steal  %guest  %gnice   %idle
08:01:29 PM    0    0.00    0.00    0.00    0.00    0.00    0.00    0.00    0.00    0.00  100.00
08:01:29 PM    1    0.99    0.00    0.00    0.00    0.00    0.00    0.00    0.00    0.00   99.01

08:01:29 PM  CPU    %usr   %nice    %sys %iowait    %irq   %soft  %steal  %guest  %gnice   %idle
08:01:30 PM    0    0.00    0.00    0.00    0.00    0.00    0.00    0.00    0.00    0.00  100.00
08:01:30 PM    1    0.00    0.00    0.00    0.00    0.00    0.00    0.00    0.00    0.00  100.00

08:01:30 PM  CPU    %usr   %nice    %sys %iowait    %irq   %soft  %steal  %guest  %gnice   %idle
08:01:31 PM    0    0.00    0.00    0.00    0.00    0.00    0.00    0.00    0.00    0.00  100.00
08:01:31 PM    1    0.00    0.00    0.00    0.00    0.00    0.00    0.00    0.00    0.00  100.00

08:01:31 PM  CPU    %usr   %nice    %sys %iowait    %irq   %soft  %steal  %guest  %gnice   %idle
08:01:32 PM    0    0.99    0.00    0.00    0.00    0.00    0.00    0.00    0.00    0.00   99.01
08:01:32 PM    1    0.00    0.00    0.00    0.00    0.00    0.00    0.00    0.00    0.00  100.00

08:01:32 PM  CPU    %usr   %nice    %sys %iowait    %irq   %soft  %steal  %guest  %gnice   %idle
08:01:33 PM    0    0.00    0.00    0.00    0.00    0.00    0.00    0.00    0.00    0.00  100.00
08:01:33 PM    1    0.00    0.00    0.00    0.00    0.00    0.00    0.00    0.00    0.00  100.00

08:01:33 PM  CPU    %usr   %nice    %sys %iowait    %irq   %soft  %steal  %guest  %gnice   %idle
08:01:34 PM    0    0.00    0.00    0.99    0.00    0.00    0.00    0.00    0.00    0.00   99.01
08:01:34 PM    1    0.00    0.00    0.00    0.00    0.00    0.00    0.00    0.00    0.00  100.00

08:01:34 PM  CPU    %usr   %nice    %sys %iowait    %irq   %soft  %steal  %guest  %gnice   %idle
08:01:35 PM    0    0.00    0.00    0.00    0.00    0.00    0.00    0.00    0.00    0.00  100.00
08:01:35 PM    1    0.00    0.00    0.00    0.00    0.00    0.00    0.00    0.00    0.00  100.00

08:01:35 PM  CPU    %usr   %nice    %sys %iowait    %irq   %soft  %steal  %guest  %gnice   %idle
08:01:36 PM    0    0.00    0.00    0.00    0.00    0.00    0.00    0.00    0.00    0.00  100.00
08:01:36 PM    1    0.00    0.00    0.00    0.00    0.00    0.00    0.00    0.00    0.00  100.00

08:01:36 PM  CPU    %usr   %nice    %sys %iowait    %irq   %soft  %steal  %guest  %gnice   %idle
08:01:37 PM    0    0.00    0.00    0.00    0.00    0.00    0.00    0.00    0.00    0.00  100.00
08:01:37 PM    1    0.00    0.00    0.00    0.00    0.00    0.00    0.00    0.00    0.00  100.00

08:01:37 PM  CPU    %usr   %nice    %sys %iowait    %irq   %soft  %steal  %guest  %gnice   %idle
08:01:38 PM    0    0.00    0.00    0.00    0.00    0.00    0.00    0.00    0.00    0.00  100.00
08:01:38 PM    1    0.00    0.00    0.00    0.00    0.00    0.00    0.00    0.00    0.00  100.00

08:01:38 PM  CPU    %usr   %nice    %sys %iowait    %irq   %soft  %steal  %guest  %gnice   %idle
08:01:39 PM    0    0.00    0.00    0.00    0.00    0.00    0.00    0.00    0.00    0.00  100.00
08:01:39 PM    1    0.00    0.00    0.00    0.00    0.00    0.00    0.00    0.00    0.00  100.00

08:01:39 PM  CPU    %usr   %nice    %sys %iowait    %irq   %soft  %steal  %guest  %gnice   %idle
08:01:40 PM    0    0.00    0.00    0.00    0.00    0.00    0.00    0.00    0.00    0.00  100.00
08:01:40 PM    1    0.00    0.00    0.00    0.00    0.00    0.00    0.00    0.00    0.00  100.00

08:01:40 PM  CPU    %usr   %nice    %sys %iowait    %irq   %soft  %steal  %guest  %gnice   %idle
08:01:41 PM    0    0.00    0.00    0.00    0.00    0.00    0.00    0.00    0.00    0.00  100.00
08:01:41 PM    1    0.00    0.00    0.99    0.00    0.00    0.00    0.00    0.00    0.00   99.01

08:01:41 PM  CPU    %usr   %nice    %sys %iowait    %irq   %soft  %steal  %guest  %gnice   %idle
08:01:42 PM    0    0.00    0.00    0.00    0.00    0.00    0.00    0.00    0.00    0.00  100.00
08:01:42 PM    1    0.99    0.00    0.00    0.00    0.00    0.00    0.00    0.00    0.00   99.01

08:01:42 PM  CPU    %usr   %nice    %sys %iowait    %irq   %soft  %steal  %guest  %gnice   %idle
08:01:43 PM    0    1.01    0.00    0.00    0.00    0.00    0.00    0.00    0.00    0.00   98.99
08:01:43 PM    1    0.00    0.00    0.00    0.00    0.00    0.00    0.00    0.00    0.00  100.00

08:01:43 PM  CPU    %usr   %nice    %sys %iowait    %irq   %soft  %steal  %guest  %gnice   %idle
08:01:44 PM    0    0.00    0.00    0.00    0.00    0.00    0.00    0.00    0.00    0.00  100.00
08:01:44 PM    1    0.00    0.00    0.00    0.00    0.00    0.00    0.00    0.00    0.00  100.00

08:01:44 PM  CPU    %usr   %nice    %sys %iowait    %irq   %soft  %steal  %guest  %gnice   %idle
08:01:45 PM    0    0.00    0.00    0.00    0.00    0.00    0.00    0.00    0.00    0.00  100.00
08:01:45 PM    1    0.00    0.00    0.00    0.00    0.00    0.00    0.00    0.00    0.00  100.00

08:01:45 PM  CPU    %usr   %nice    %sys %iowait    %irq   %soft  %steal  %guest  %gnice   %idle
08:01:46 PM    0    0.00    0.00    0.00    0.00    0.00    0.00    0.00    0.00    0.00  100.00
08:01:46 PM    1    0.00    0.00    0.00    0.00    0.00    0.00    0.00    0.00    0.00  100.00

08:01:46 PM  CPU    %usr   %nice    %sys %iowait    %irq   %soft  %steal  %guest  %gnice   %idle
08:01:47 PM    0    0.00    0.00    0.00    0.00    0.00    0.00    0.00    0.00    0.00  100.00
08:01:47 PM    1    0.00    0.00    0.00    0.00    0.00    0.00    0.00    0.00    0.00  100.00

08:01:47 PM  CPU    %usr   %nice    %sys %iowait    %irq   %soft  %steal  %guest  %gnice   %idle
08:01:48 PM    0    0.00    0.00    0.00    0.00    0.00    0.00    0.00    0.00    0.00  100.00
08:01:48 PM    1    0.00    0.00    0.00    0.00    0.00    0.00    0.00    0.00    0.00  100.00

08:01:48 PM  CPU    %usr   %nice    %sys %iowait    %irq   %soft  %steal  %guest  %gnice   %idle
08:01:49 PM    0    0.00    0.00    0.00    0.00    0.00    0.00    0.00    0.00    0.00  100.00
08:01:49 PM    1    0.00    0.00    0.00    0.00    0.00    0.00    0.00    0.00    0.00  100.00

08:01:49 PM  CPU    %usr   %nice    %sys %iowait    %irq   %soft  %steal  %guest  %gnice   %idle
08:01:50 PM    0    0.00    0.00    0.00    0.00    0.00    0.00    0.00    0.00    0.00  100.00
08:01:50 PM    1    0.00    0.00    0.00    0.00    0.00    0.00    0.00    0.00    0.00  100.00

08:01:50 PM  CPU    %usr   %nice    %sys %iowait    %irq   %soft  %steal  %guest  %gnice   %idle
08:01:51 PM    0    0.00    0.00    0.00    0.00    0.00    0.99    0.00    0.00    0.00   99.01
08:01:51 PM    1    0.00    0.00    0.00    0.00    0.00    0.00    0.00    0.00    0.00  100.00

08:01:51 PM  CPU    %usr   %nice    %sys %iowait    %irq   %soft  %steal  %guest  %gnice   %idle
08:01:52 PM    0    0.00    0.00    0.00    0.00    0.00    0.00    0.00    0.00    0.00  100.00
08:01:52 PM    1    0.00    0.00    0.00    0.00    0.00    0.00    0.00    0.00    0.00  100.00

08:01:52 PM  CPU    %usr   %nice    %sys %iowait    %irq   %soft  %steal  %guest  %gnice   %idle
08:01:53 PM    0    0.00    0.00    0.00    0.00    0.00    0.00    0.00    0.00    0.00  100.00
08:01:53 PM    1    0.99    0.00    0.00    0.00    0.00    0.00    0.00    0.00    0.00   99.01

08:01:53 PM  CPU    %usr   %nice    %sys %iowait    %irq   %soft  %steal  %guest  %gnice   %idle
08:01:54 PM    0    0.00    0.00    0.00    0.00    0.00    0.00    0.00    0.00    0.00  100.00
08:01:54 PM    1    0.00    0.00    0.00    0.00    0.00    0.00    0.00    0.00    0.00  100.00

08:01:54 PM  CPU    %usr   %nice    %sys %iowait    %irq   %soft  %steal  %guest  %gnice   %idle
08:01:55 PM    0    1.00    0.00    0.00    0.00    0.00    0.00    0.00    0.00    0.00   99.00
08:01:55 PM    1    0.00    0.00    0.00    0.00    0.00    0.00    0.00    0.00    0.00  100.00

08:01:55 PM  CPU    %usr   %nice    %sys %iowait    %irq   %soft  %steal  %guest  %gnice   %idle
08:01:56 PM    0    0.00    0.00    0.00    0.00    0.00    0.00    0.00    0.00    0.00  100.00
08:01:56 PM    1    0.00    0.00    0.00    0.00    0.00    0.00    0.00    0.00    0.00  100.00

08:01:56 PM  CPU    %usr   %nice    %sys %iowait    %irq   %soft  %steal  %guest  %gnice   %idle
08:01:57 PM    0    0.00    0.00    0.00    0.00    0.00    0.00    0.00    0.00    0.00  100.00
08:01:57 PM    1    0.00    0.00    0.00    0.00    0.00    0.00    0.00    0.00    0.00  100.00

08:01:57 PM  CPU    %usr   %nice    %sys %iowait    %irq   %soft  %steal  %guest  %gnice   %idle
08:01:58 PM    0    0.00    0.00    0.00    0.00    0.00    0.00    0.00    0.00    0.00  100.00
08:01:58 PM    1    0.00    0.00    0.00    0.00    0.00    0.00    0.00    0.00    0.00  100.00

08:01:58 PM  CPU    %usr   %nice    %sys %iowait    %irq   %soft  %steal  %guest  %gnice   %idle
08:01:59 PM    0    0.00    0.00    0.00    0.00    0.00    0.00    0.00    0.00    0.00  100.00
08:01:59 PM    1    0.00    0.00    0.00    0.00    0.00    0.00    0.00    0.00    0.00  100.00

08:01:59 PM  CPU    %usr   %nice    %sys %iowait    %irq   %soft  %steal  %guest  %gnice   %idle
08:02:00 PM    0    0.00    0.00    0.00    0.00    0.00    0.00    0.00    0.00    0.00  100.00
08:02:00 PM    1    0.00    0.00    0.00    0.00    0.00    0.00    0.00    0.00    0.00  100.00

08:02:00 PM  CPU    %usr   %nice    %sys %iowait    %irq   %soft  %steal  %guest  %gnice   %idle
08:02:01 PM    0    0.00    0.00    0.99    0.00    0.00    0.00    0.00    0.00    0.00   99.01
08:02:01 PM    1    0.00    0.00    0.00    0.00    0.00    0.00    0.00    0.00    0.00  100.00

08:02:01 PM  CPU    %usr   %nice    %sys %iowait    %irq   %soft  %steal  %guest  %gnice   %idle
08:02:02 PM    0    0.00    0.00    0.00    0.00    0.00    0.00    0.00    0.00    0.00  100.00
08:02:02 PM    1    0.00    0.00    0.00    0.00    0.00    0.00    0.00    0.00    0.00  100.00

08:02:02 PM  CPU    %usr   %nice    %sys %iowait    %irq   %soft  %steal  %guest  %gnice   %idle
08:02:03 PM    0    0.00    0.00    0.00    0.00    0.00    0.00    0.00    0.00    0.00  100.00
08:02:03 PM    1    0.00    0.00    0.00    0.00    0.00    0.00    0.00    0.00    0.00  100.00

08:02:03 PM  CPU    %usr   %nice    %sys %iowait    %irq   %soft  %steal  %guest  %gnice   %idle
08:02:04 PM    0    0.00    0.00    0.00    0.00    0.00    0.00    0.00    0.00    0.00  100.00
08:02:04 PM    1    0.00    0.00    0.00    0.00    0.00    0.00    0.00    0.00    0.00  100.00

08:02:04 PM  CPU    %usr   %nice    %sys %iowait    %irq   %soft  %steal  %guest  %gnice   %idle
08:02:05 PM    0    0.00    0.00    0.00    0.00    0.00    0.00    0.00    0.00    0.00  100.00
08:02:05 PM    1    0.00    0.00    0.00    0.00    0.00    0.00    0.00    0.00    0.00  100.00

08:02:05 PM  CPU    %usr   %nice    %sys %iowait    %irq   %soft  %steal  %guest  %gnice   %idle
08:02:06 PM    0    0.00    0.00    0.00    0.00    0.00    0.00    0.00    0.00    0.00  100.00
08:02:06 PM    1    0.00    0.00    0.00    0.00    0.00    0.00    0.00    0.00    0.00  100.00

08:02:06 PM  CPU    %usr   %nice    %sys %iowait    %irq   %soft  %steal  %guest  %gnice   %idle
08:02:07 PM    0    0.00    0.00    0.00    0.00    0.00    0.00    0.00    0.00    0.00  100.00
08:02:07 PM    1    0.00    0.00    0.00    0.00    0.00    0.00    0.00    0.00    0.00  100.00

08:02:07 PM  CPU    %usr   %nice    %sys %iowait    %irq   %soft  %steal  %guest  %gnice   %idle
08:02:08 PM    0    0.99    0.00    0.00    0.00    0.00    0.00    0.00    0.00    0.00   99.01
08:02:08 PM    1    0.98    0.00    0.98    0.00    0.00    0.00    0.00    0.00    0.00   98.04

08:02:08 PM  CPU    %usr   %nice    %sys %iowait    %irq   %soft  %steal  %guest  %gnice   %idle
08:02:09 PM    0    0.00    0.00    0.00    0.00    0.00    0.00    0.00    0.00    0.00  100.00
08:02:09 PM    1    0.00    0.00    0.00    0.00    0.00    0.00    0.00    0.00    0.00  100.00

08:02:09 PM  CPU    %usr   %nice    %sys %iowait    %irq   %soft  %steal  %guest  %gnice   %idle
08:02:10 PM    0    0.00    0.00    0.00    0.00    0.00    0.00    0.00    0.00    0.00  100.00
08:02:10 PM    1    0.00    0.00    1.00    0.00    0.00    0.00    0.00    0.00    0.00   99.00

08:02:10 PM  CPU    %usr   %nice    %sys %iowait    %irq   %soft  %steal  %guest  %gnice   %idle
08:02:11 PM    0    0.00    0.00    0.00    2.04    0.00    0.00    0.00    0.00    0.00   97.96
08:02:11 PM    1    0.00    0.00    0.00    0.00    0.00    0.00    0.00    0.00    0.00  100.00

08:02:11 PM  CPU    %usr   %nice    %sys %iowait    %irq   %soft  %steal  %guest  %gnice   %idle
08:02:12 PM    0    0.00    0.00    0.00    0.00    0.00    0.00    0.00    0.00    0.00  100.00
08:02:12 PM    1    0.00    0.00    0.00    0.00    0.00    0.00    0.00    0.00    0.00  100.00

08:02:12 PM  CPU    %usr   %nice    %sys %iowait    %irq   %soft  %steal  %guest  %gnice   %idle
08:02:13 PM    0    0.00    0.00    0.00    0.00    0.00    0.00    0.00    0.00    0.00  100.00
08:02:13 PM    1    0.00    0.00    0.00    0.00    0.00    0.00    0.00    0.00    0.00  100.00

08:02:13 PM  CPU    %usr   %nice    %sys %iowait    %irq   %soft  %steal  %guest  %gnice   %idle
08:02:14 PM    0    0.00    0.00    0.00    0.00    0.00    0.00    0.00    0.00    0.00  100.00
08:02:14 PM    1    0.00    0.00    0.00    0.00    0.00    0.00    0.00    0.00    0.00  100.00

08:02:14 PM  CPU    %usr   %nice    %sys %iowait    %irq   %soft  %steal  %guest  %gnice   %idle
08:02:15 PM    0    0.00    0.00    0.00    0.00    0.00    0.00    0.00    0.00    0.00  100.00
08:02:15 PM    1    0.00    0.00    0.00    0.00    0.00    0.00    0.00    0.00    0.00  100.00

08:02:15 PM  CPU    %usr   %nice    %sys %iowait    %irq   %soft  %steal  %guest  %gnice   %idle
08:02:16 PM    0    0.00    0.00    0.00    0.00    0.00    0.00    0.00    0.00    0.00  100.00
08:02:16 PM    1    0.00    0.00    0.00    0.00    0.00    0.00    0.00    0.00    0.00  100.00

08:02:16 PM  CPU    %usr   %nice    %sys %iowait    %irq   %soft  %steal  %guest  %gnice   %idle
08:02:17 PM    0    0.00    0.00    0.00    0.00    0.00    0.00    0.00    0.00    0.00  100.00
08:02:17 PM    1    0.00    0.00    0.00    0.00    0.00    0.00    0.00    0.00    0.00  100.00

08:02:17 PM  CPU    %usr   %nice    %sys %iowait    %irq   %soft  %steal  %guest  %gnice   %idle
08:02:18 PM    0    0.00    0.00    0.00    0.00    0.00    0.00    0.00    0.00    0.00  100.00
08:02:18 PM    1    0.00    0.00    0.00    0.00    0.00    0.00    0.00    0.00    0.00  100.00

08:02:18 PM  CPU    %usr   %nice    %sys %iowait    %irq   %soft  %steal  %guest  %gnice   %idle
08:02:19 PM    0    0.00    0.00    0.00    0.00    0.00    0.00    0.00    0.00    0.00  100.00
08:02:19 PM    1    0.00    0.00    0.00    0.00    0.00    0.00    0.00    0.00    0.00  100.00

08:02:19 PM  CPU    %usr   %nice    %sys %iowait    %irq   %soft  %steal  %guest  %gnice   %idle
08:02:20 PM    0    0.00    0.00    0.00    0.00    0.00    0.00    0.00    0.00    0.00  100.00
08:02:20 PM    1    0.00    0.00    0.00    0.00    0.00    0.00    0.00    0.00    0.00  100.00

08:02:20 PM  CPU    %usr   %nice    %sys %iowait    %irq   %soft  %steal  %guest  %gnice   %idle
08:02:21 PM    0    0.00    0.00    0.00    6.00    0.00    0.00    0.00    0.00    0.00   94.00
08:02:21 PM    1    0.00    0.00    0.00    0.00    0.00    0.00    0.00    0.00    0.00  100.00

08:02:21 PM  CPU    %usr   %nice    %sys %iowait    %irq   %soft  %steal  %guest  %gnice   %idle
08:02:22 PM    0    0.00    0.00    0.00    0.00    0.00    0.00    0.00    0.00    0.00  100.00
08:02:22 PM    1    0.99    0.00    0.00    0.00    0.00    0.00    0.00    0.00    0.00   99.01

08:02:22 PM  CPU    %usr   %nice    %sys %iowait    %irq   %soft  %steal  %guest  %gnice   %idle
08:02:23 PM    0    1.00    0.00    0.00    3.00    0.00    0.00    0.00    0.00    0.00   96.00
08:02:23 PM    1    0.00    0.00    0.00    0.00    0.00    0.00    0.00    0.00    0.00  100.00

08:02:23 PM  CPU    %usr   %nice    %sys %iowait    %irq   %soft  %steal  %guest  %gnice   %idle
08:02:24 PM    0    0.00    0.00    0.00    0.00    0.00    0.00    0.00    0.00    0.00  100.00
08:02:24 PM    1    0.00    0.00    0.00    0.00    0.00    0.00    0.00    0.00    0.00  100.00

Average:     CPU    %usr   %nice    %sys %iowait    %irq   %soft  %steal  %guest  %gnice   %idle
Average:       0   33.80    0.00   14.36    0.09    0.00    3.92    0.00    0.00    0.00   47.83
Average:       1   32.89    0.00   19.50    0.00    0.00    0.29    0.00    0.00    0.00   47.32
