Linux 5.3.0-59-generic (ericmei) 	06/29/2020 	_x86_64_	(12 CPU)

08:08:15 PM  CPU    %usr   %nice    %sys %iowait    %irq   %soft  %steal  %guest  %gnice   %idle
08:08:16 PM    0   76.53    0.00   16.33    0.00    0.00    7.14    0.00    0.00    0.00    0.00
08:08:16 PM    1   64.36    0.00   34.65    0.00    0.00    0.99    0.00    0.00    0.00    0.00

08:08:16 PM  CPU    %usr   %nice    %sys %iowait    %irq   %soft  %steal  %guest  %gnice   %idle
08:08:17 PM    0   69.70    0.00   23.23    0.00    0.00    6.06    0.00    0.00    0.00    1.01
08:08:17 PM    1   58.00    0.00   42.00    0.00    0.00    0.00    0.00    0.00    0.00    0.00

08:08:17 PM  CPU    %usr   %nice    %sys %iowait    %irq   %soft  %steal  %guest  %gnice   %idle
08:08:18 PM    0   73.00    0.00   18.00    0.00    0.00    8.00    0.00    0.00    0.00    1.00
08:08:18 PM    1   62.00    0.00   38.00    0.00    0.00    0.00    0.00    0.00    0.00    0.00

08:08:18 PM  CPU    %usr   %nice    %sys %iowait    %irq   %soft  %steal  %guest  %gnice   %idle
08:08:19 PM    0   67.00    0.00   24.00    0.00    0.00    8.00    0.00    0.00    0.00    1.00
08:08:19 PM    1   63.64    0.00   36.36    0.00    0.00    0.00    0.00    0.00    0.00    0.00

08:08:19 PM  CPU    %usr   %nice    %sys %iowait    %irq   %soft  %steal  %guest  %gnice   %idle
08:08:20 PM    0   71.72    0.00   20.20    0.00    0.00    8.08    0.00    0.00    0.00    0.00
08:08:20 PM    1   63.00    0.00   37.00    0.00    0.00    0.00    0.00    0.00    0.00    0.00

08:08:20 PM  CPU    %usr   %nice    %sys %iowait    %irq   %soft  %steal  %guest  %gnice   %idle
08:08:21 PM    0   75.49    0.00   16.67    0.00    0.00    6.86    0.00    0.00    0.00    0.98
08:08:21 PM    1   61.39    0.00   38.61    0.00    0.00    0.00    0.00    0.00    0.00    0.00

08:08:21 PM  CPU    %usr   %nice    %sys %iowait    %irq   %soft  %steal  %guest  %gnice   %idle
08:08:22 PM    0   67.00    0.00   21.00    0.00    0.00   11.00    0.00    0.00    0.00    1.00
08:08:22 PM    1   61.62    0.00   38.38    0.00    0.00    0.00    0.00    0.00    0.00    0.00

08:08:22 PM  CPU    %usr   %nice    %sys %iowait    %irq   %soft  %steal  %guest  %gnice   %idle
08:08:23 PM    0   65.31    0.00   25.51    0.00    0.00    8.16    0.00    0.00    0.00    1.02
08:08:23 PM    1   62.38    0.00   37.62    0.00    0.00    0.00    0.00    0.00    0.00    0.00

08:08:23 PM  CPU    %usr   %nice    %sys %iowait    %irq   %soft  %steal  %guest  %gnice   %idle
08:08:24 PM    0   59.60    0.00   13.13    0.00    0.00    8.08    0.00    0.00    0.00   19.19
08:08:24 PM    1   67.68    0.00   32.32    0.00    0.00    0.00    0.00    0.00    0.00    0.00

08:08:24 PM  CPU    %usr   %nice    %sys %iowait    %irq   %soft  %steal  %guest  %gnice   %idle
08:08:25 PM    0   57.29    0.00   18.75    0.00    0.00    6.25    0.00    0.00    0.00   17.71
08:08:25 PM    1   70.00    0.00   27.00    0.00    0.00    0.00    0.00    0.00    0.00    3.00

08:08:25 PM  CPU    %usr   %nice    %sys %iowait    %irq   %soft  %steal  %guest  %gnice   %idle
08:08:26 PM    0   70.41    0.00   23.47    0.00    0.00    5.10    0.00    0.00    0.00    1.02
08:08:26 PM    1   65.00    0.00   33.00    0.00    0.00    2.00    0.00    0.00    0.00    0.00

08:08:26 PM  CPU    %usr   %nice    %sys %iowait    %irq   %soft  %steal  %guest  %gnice   %idle
08:08:27 PM    0   69.31    0.00   21.78    0.00    0.00    6.93    0.00    0.00    0.00    1.98
08:08:27 PM    1   60.61    0.00   38.38    0.00    0.00    1.01    0.00    0.00    0.00    0.00

08:08:27 PM  CPU    %usr   %nice    %sys %iowait    %irq   %soft  %steal  %guest  %gnice   %idle
08:08:28 PM    0   77.78    0.00   12.12    0.00    0.00    9.09    0.00    0.00    0.00    1.01
08:08:28 PM    1   59.00    0.00   40.00    0.00    0.00    1.00    0.00    0.00    0.00    0.00

08:08:28 PM  CPU    %usr   %nice    %sys %iowait    %irq   %soft  %steal  %guest  %gnice   %idle
08:08:29 PM    0   72.16    0.00   19.59    0.00    0.00    7.22    0.00    0.00    0.00    1.03
08:08:29 PM    1   61.62    0.00   36.36    0.00    0.00    1.01    0.00    0.00    0.00    1.01

08:08:29 PM  CPU    %usr   %nice    %sys %iowait    %irq   %soft  %steal  %guest  %gnice   %idle
08:08:30 PM    0   72.73    0.00   19.19    0.00    0.00    7.07    0.00    0.00    0.00    1.01
08:08:30 PM    1   58.00    0.00   42.00    0.00    0.00    0.00    0.00    0.00    0.00    0.00

08:08:30 PM  CPU    %usr   %nice    %sys %iowait    %irq   %soft  %steal  %guest  %gnice   %idle
08:08:31 PM    0   74.75    0.00   19.19    0.00    0.00    5.05    0.00    0.00    0.00    1.01
08:08:31 PM    1   63.37    0.00   35.64    0.00    0.00    0.99    0.00    0.00    0.00    0.00

08:08:31 PM  CPU    %usr   %nice    %sys %iowait    %irq   %soft  %steal  %guest  %gnice   %idle
08:08:32 PM    0   74.49    0.00   20.41    0.00    0.00    4.08    0.00    0.00    0.00    1.02
08:08:32 PM    1   62.63    0.00   37.37    0.00    0.00    0.00    0.00    0.00    0.00    0.00

08:08:32 PM  CPU    %usr   %nice    %sys %iowait    %irq   %soft  %steal  %guest  %gnice   %idle
08:08:33 PM    0   70.30    0.00   23.76    0.00    0.00    4.95    0.00    0.00    0.00    0.99
08:08:33 PM    1   61.00    0.00   39.00    0.00    0.00    0.00    0.00    0.00    0.00    0.00

08:08:33 PM  CPU    %usr   %nice    %sys %iowait    %irq   %soft  %steal  %guest  %gnice   %idle
08:08:34 PM    0   75.76    0.00   17.17    0.00    0.00    6.06    0.00    0.00    0.00    1.01
08:08:34 PM    1   67.33    0.00   31.68    0.00    0.00    0.99    0.00    0.00    0.00    0.00

08:08:34 PM  CPU    %usr   %nice    %sys %iowait    %irq   %soft  %steal  %guest  %gnice   %idle
08:08:35 PM    0   69.39    0.00   20.41    0.00    0.00    8.16    0.00    0.00    0.00    2.04
08:08:35 PM    1   63.00    0.00   36.00    0.00    0.00    0.00    0.00    0.00    0.00    1.00

08:08:35 PM  CPU    %usr   %nice    %sys %iowait    %irq   %soft  %steal  %guest  %gnice   %idle
08:08:36 PM    0   52.04    0.00   19.39    0.00    0.00    6.12    0.00    0.00    0.00   22.45
08:08:36 PM    1   68.69    0.00   31.31    0.00    0.00    0.00    0.00    0.00    0.00    0.00

08:08:36 PM  CPU    %usr   %nice    %sys %iowait    %irq   %soft  %steal  %guest  %gnice   %idle
08:08:37 PM    0   70.10    0.00   21.65    0.00    0.00    7.22    0.00    0.00    0.00    1.03
08:08:37 PM    1   60.00    0.00   38.00    0.00    0.00    1.00    0.00    0.00    0.00    1.00

08:08:37 PM  CPU    %usr   %nice    %sys %iowait    %irq   %soft  %steal  %guest  %gnice   %idle
08:08:38 PM    0   73.00    0.00   20.00    0.00    0.00    6.00    0.00    0.00    0.00    1.00
08:08:38 PM    1   60.00    0.00   39.00    0.00    0.00    1.00    0.00    0.00    0.00    0.00

08:08:38 PM  CPU    %usr   %nice    %sys %iowait    %irq   %soft  %steal  %guest  %gnice   %idle
08:08:39 PM    0   70.71    0.00   19.19    0.00    0.00    9.09    0.00    0.00    0.00    1.01
08:08:39 PM    1   57.00    0.00   42.00    0.00    0.00    1.00    0.00    0.00    0.00    0.00

08:08:39 PM  CPU    %usr   %nice    %sys %iowait    %irq   %soft  %steal  %guest  %gnice   %idle
08:08:40 PM    0   70.00    0.00   19.00    0.00    0.00    9.00    0.00    0.00    0.00    2.00
08:08:40 PM    1   60.61    0.00   38.38    0.00    0.00    1.01    0.00    0.00    0.00    0.00

08:08:40 PM  CPU    %usr   %nice    %sys %iowait    %irq   %soft  %steal  %guest  %gnice   %idle
08:08:41 PM    0   73.74    0.00   19.19    0.00    0.00    6.06    0.00    0.00    0.00    1.01
08:08:41 PM    1   65.00    0.00   35.00    0.00    0.00    0.00    0.00    0.00    0.00    0.00

08:08:41 PM  CPU    %usr   %nice    %sys %iowait    %irq   %soft  %steal  %guest  %gnice   %idle
08:08:42 PM    0   64.95    0.00   26.80    0.00    0.00    7.22    0.00    0.00    0.00    1.03
08:08:42 PM    1   61.39    0.00   37.62    0.00    0.00    0.00    0.00    0.00    0.00    0.99

08:08:42 PM  CPU    %usr   %nice    %sys %iowait    %irq   %soft  %steal  %guest  %gnice   %idle
08:08:43 PM    0   73.74    0.00   20.20    0.00    0.00    5.05    0.00    0.00    0.00    1.01
08:08:43 PM    1   56.57    0.00   43.43    0.00    0.00    0.00    0.00    0.00    0.00    0.00

08:08:43 PM  CPU    %usr   %nice    %sys %iowait    %irq   %soft  %steal  %guest  %gnice   %idle
08:08:44 PM    0   68.69    0.00   26.26    0.00    0.00    4.04    0.00    0.00    0.00    1.01
08:08:44 PM    1   58.42    0.00   41.58    0.00    0.00    0.00    0.00    0.00    0.00    0.00

08:08:44 PM  CPU    %usr   %nice    %sys %iowait    %irq   %soft  %steal  %guest  %gnice   %idle
08:08:45 PM    0   68.00    0.00   27.00    0.00    0.00    4.00    0.00    0.00    0.00    1.00
08:08:45 PM    1   61.00    0.00   38.00    0.00    0.00    1.00    0.00    0.00    0.00    0.00

08:08:45 PM  CPU    %usr   %nice    %sys %iowait    %irq   %soft  %steal  %guest  %gnice   %idle
08:08:46 PM    0   71.00    0.00   22.00    0.00    0.00    6.00    0.00    0.00    0.00    1.00
08:08:46 PM    1   60.61    0.00   39.39    0.00    0.00    0.00    0.00    0.00    0.00    0.00

08:08:46 PM  CPU    %usr   %nice    %sys %iowait    %irq   %soft  %steal  %guest  %gnice   %idle
08:08:47 PM    0   77.78    0.00   17.17    0.00    0.00    4.04    0.00    0.00    0.00    1.01
08:08:47 PM    1   53.47    0.00   45.54    0.00    0.00    0.99    0.00    0.00    0.00    0.00

08:08:47 PM  CPU    %usr   %nice    %sys %iowait    %irq   %soft  %steal  %guest  %gnice   %idle
08:08:48 PM    0   69.39    0.00   21.43    0.00    0.00    8.16    0.00    0.00    0.00    1.02
08:08:48 PM    1   56.44    0.00   42.57    0.00    0.00    0.99    0.00    0.00    0.00    0.00

08:08:48 PM  CPU    %usr   %nice    %sys %iowait    %irq   %soft  %steal  %guest  %gnice   %idle
08:08:49 PM    0   69.70    0.00   22.22    0.00    0.00    6.06    0.00    0.00    0.00    2.02
08:08:49 PM    1   64.65    0.00   35.35    0.00    0.00    0.00    0.00    0.00    0.00    0.00

08:08:49 PM  CPU    %usr   %nice    %sys %iowait    %irq   %soft  %steal  %guest  %gnice   %idle
08:08:50 PM    0   73.74    0.00   21.21    0.00    0.00    4.04    0.00    0.00    0.00    1.01
08:08:50 PM    1   58.59    0.00   41.41    0.00    0.00    0.00    0.00    0.00    0.00    0.00

08:08:50 PM  CPU    %usr   %nice    %sys %iowait    %irq   %soft  %steal  %guest  %gnice   %idle
08:08:51 PM    0   73.74    0.00   17.17    0.00    0.00    8.08    0.00    0.00    0.00    1.01
08:08:51 PM    1   57.43    0.00   41.58    0.00    0.00    0.99    0.00    0.00    0.00    0.00

08:08:51 PM  CPU    %usr   %nice    %sys %iowait    %irq   %soft  %steal  %guest  %gnice   %idle
08:08:52 PM    0   75.26    0.00   19.59    0.00    0.00    4.12    0.00    0.00    0.00    1.03
08:08:52 PM    1   60.00    0.00   40.00    0.00    0.00    0.00    0.00    0.00    0.00    0.00

08:08:52 PM  CPU    %usr   %nice    %sys %iowait    %irq   %soft  %steal  %guest  %gnice   %idle
08:08:53 PM    0   66.00    0.00   23.00    0.00    0.00    9.00    0.00    0.00    0.00    2.00
08:08:53 PM    1   63.64    0.00   35.35    0.00    0.00    1.01    0.00    0.00    0.00    0.00

08:08:53 PM  CPU    %usr   %nice    %sys %iowait    %irq   %soft  %steal  %guest  %gnice   %idle
08:08:54 PM    0   68.69    0.00   20.20    0.00    0.00   10.10    0.00    0.00    0.00    1.01
08:08:54 PM    1   57.00    0.00   43.00    0.00    0.00    0.00    0.00    0.00    0.00    0.00

08:08:54 PM  CPU    %usr   %nice    %sys %iowait    %irq   %soft  %steal  %guest  %gnice   %idle
08:08:55 PM    0   67.68    0.00   25.25    0.00    0.00    7.07    0.00    0.00    0.00    0.00
08:08:55 PM    1   53.00    0.00   47.00    0.00    0.00    0.00    0.00    0.00    0.00    0.00

08:08:55 PM  CPU    %usr   %nice    %sys %iowait    %irq   %soft  %steal  %guest  %gnice   %idle
08:08:56 PM    0   74.75    0.00   15.15    0.00    0.00    9.09    0.00    0.00    0.00    1.01
08:08:56 PM    1   60.00    0.00   40.00    0.00    0.00    0.00    0.00    0.00    0.00    0.00

08:08:56 PM  CPU    %usr   %nice    %sys %iowait    %irq   %soft  %steal  %guest  %gnice   %idle
08:08:57 PM    0   69.00    0.00   20.00    0.00    0.00    9.00    0.00    0.00    0.00    2.00
08:08:57 PM    1   63.00    0.00   36.00    0.00    0.00    1.00    0.00    0.00    0.00    0.00

08:08:57 PM  CPU    %usr   %nice    %sys %iowait    %irq   %soft  %steal  %guest  %gnice   %idle
08:08:58 PM    0   74.75    0.00   20.20    0.00    0.00    4.04    0.00    0.00    0.00    1.01
08:08:58 PM    1   62.00    0.00   36.00    0.00    0.00    2.00    0.00    0.00    0.00    0.00

08:08:58 PM  CPU    %usr   %nice    %sys %iowait    %irq   %soft  %steal  %guest  %gnice   %idle
08:08:59 PM    0   73.47    0.00   20.41    0.00    0.00    5.10    0.00    0.00    0.00    1.02
08:08:59 PM    1   60.00    0.00   40.00    0.00    0.00    0.00    0.00    0.00    0.00    0.00

08:08:59 PM  CPU    %usr   %nice    %sys %iowait    %irq   %soft  %steal  %guest  %gnice   %idle
08:09:00 PM    0   70.00    0.00   20.00    0.00    0.00    9.00    0.00    0.00    0.00    1.00
08:09:00 PM    1   62.00    0.00   38.00    0.00    0.00    0.00    0.00    0.00    0.00    0.00

08:09:00 PM  CPU    %usr   %nice    %sys %iowait    %irq   %soft  %steal  %guest  %gnice   %idle
08:09:01 PM    0   76.53    0.00   18.37    0.00    0.00    4.08    0.00    0.00    0.00    1.02
08:09:01 PM    1   60.40    0.00   37.62    0.00    0.00    1.98    0.00    0.00    0.00    0.00

08:09:01 PM  CPU    %usr   %nice    %sys %iowait    %irq   %soft  %steal  %guest  %gnice   %idle
08:09:02 PM    0   68.37    0.00   21.43    0.00    0.00    7.14    0.00    0.00    0.00    3.06
08:09:02 PM    1   59.00    0.00   38.00    0.00    0.00    1.00    0.00    0.00    0.00    2.00

08:09:02 PM  CPU    %usr   %nice    %sys %iowait    %irq   %soft  %steal  %guest  %gnice   %idle
08:09:03 PM    0   73.74    0.00   19.19    0.00    0.00    6.06    0.00    0.00    0.00    1.01
08:09:03 PM    1   57.00    0.00   43.00    0.00    0.00    0.00    0.00    0.00    0.00    0.00

08:09:03 PM  CPU    %usr   %nice    %sys %iowait    %irq   %soft  %steal  %guest  %gnice   %idle
08:09:04 PM    0   73.74    0.00   18.18    0.00    0.00    7.07    0.00    0.00    0.00    1.01
08:09:04 PM    1   58.59    0.00   41.41    0.00    0.00    0.00    0.00    0.00    0.00    0.00

08:09:04 PM  CPU    %usr   %nice    %sys %iowait    %irq   %soft  %steal  %guest  %gnice   %idle
08:09:05 PM    0   69.70    0.00   22.22    0.00    0.00    7.07    0.00    0.00    0.00    1.01
08:09:05 PM    1   60.00    0.00   39.00    0.00    0.00    1.00    0.00    0.00    0.00    0.00

08:09:05 PM  CPU    %usr   %nice    %sys %iowait    %irq   %soft  %steal  %guest  %gnice   %idle
08:09:06 PM    0   78.79    0.00   14.14    0.00    0.00    6.06    0.00    0.00    0.00    1.01
08:09:06 PM    1   58.42    0.00   40.59    0.00    0.00    0.99    0.00    0.00    0.00    0.00

08:09:06 PM  CPU    %usr   %nice    %sys %iowait    %irq   %soft  %steal  %guest  %gnice   %idle
08:09:07 PM    0   74.49    0.00   18.37    0.00    0.00    6.12    0.00    0.00    0.00    1.02
08:09:07 PM    1   60.00    0.00   40.00    0.00    0.00    0.00    0.00    0.00    0.00    0.00

08:09:07 PM  CPU    %usr   %nice    %sys %iowait    %irq   %soft  %steal  %guest  %gnice   %idle
08:09:08 PM    0   36.89    0.00    8.74    0.00    0.00    6.80    0.00    0.00    0.00   47.57
08:09:08 PM    1   75.51    0.00   21.43    0.00    0.00    1.02    0.00    0.00    0.00    2.04

08:09:08 PM  CPU    %usr   %nice    %sys %iowait    %irq   %soft  %steal  %guest  %gnice   %idle
08:09:09 PM    0   67.00    0.00   25.00    0.00    0.00    7.00    0.00    0.00    0.00    1.00
08:09:09 PM    1   60.00    0.00   38.00    0.00    0.00    1.00    0.00    0.00    0.00    1.00

08:09:09 PM  CPU    %usr   %nice    %sys %iowait    %irq   %soft  %steal  %guest  %gnice   %idle
08:09:10 PM    0   70.71    0.00   22.22    0.00    0.00    6.06    0.00    0.00    0.00    1.01
08:09:10 PM    1   59.00    0.00   40.00    0.00    0.00    1.00    0.00    0.00    0.00    0.00

08:09:10 PM  CPU    %usr   %nice    %sys %iowait    %irq   %soft  %steal  %guest  %gnice   %idle
08:09:11 PM    0   71.43    0.00   20.41    0.00    0.00    7.14    0.00    0.00    0.00    1.02
08:09:11 PM    1   61.39    0.00   38.61    0.00    0.00    0.00    0.00    0.00    0.00    0.00

08:09:11 PM  CPU    %usr   %nice    %sys %iowait    %irq   %soft  %steal  %guest  %gnice   %idle
08:09:12 PM    0   70.71    0.00   20.20    0.00    0.00    7.07    0.00    0.00    0.00    2.02
08:09:12 PM    1   64.00    0.00   34.00    0.00    0.00    1.00    0.00    0.00    0.00    1.00

08:09:12 PM  CPU    %usr   %nice    %sys %iowait    %irq   %soft  %steal  %guest  %gnice   %idle
08:09:13 PM    0   71.43    0.00   22.45    0.00    0.00    5.10    0.00    0.00    0.00    1.02
08:09:13 PM    1   67.00    0.00   33.00    0.00    0.00    0.00    0.00    0.00    0.00    0.00

08:09:13 PM  CPU    %usr   %nice    %sys %iowait    %irq   %soft  %steal  %guest  %gnice   %idle
08:09:14 PM    0   74.49    0.00   18.37    0.00    0.00    6.12    0.00    0.00    0.00    1.02
08:09:14 PM    1   60.61    0.00   38.38    0.00    0.00    1.01    0.00    0.00    0.00    0.00

08:09:14 PM  CPU    %usr   %nice    %sys %iowait    %irq   %soft  %steal  %guest  %gnice   %idle
08:09:15 PM    0   74.49    0.00   18.37    0.00    0.00    6.12    0.00    0.00    0.00    1.02
08:09:15 PM    1   56.00    0.00   44.00    0.00    0.00    0.00    0.00    0.00    0.00    0.00

08:09:15 PM  CPU    %usr   %nice    %sys %iowait    %irq   %soft  %steal  %guest  %gnice   %idle
08:09:16 PM    0   68.37    0.00   21.43    0.00    0.00    7.14    0.00    0.00    0.00    3.06
08:09:16 PM    1   66.67    0.00   31.31    0.00    0.00    0.00    0.00    0.00    0.00    2.02

08:09:16 PM  CPU    %usr   %nice    %sys %iowait    %irq   %soft  %steal  %guest  %gnice   %idle
08:09:17 PM    0   68.04    0.00   22.68    0.00    0.00    8.25    0.00    0.00    0.00    1.03
08:09:17 PM    1   63.00    0.00   36.00    0.00    0.00    1.00    0.00    0.00    0.00    0.00

08:09:17 PM  CPU    %usr   %nice    %sys %iowait    %irq   %soft  %steal  %guest  %gnice   %idle
08:09:18 PM    0   70.41    0.00   22.45    0.00    0.00    6.12    0.00    0.00    0.00    1.02
08:09:18 PM    1   60.00    0.00   40.00    0.00    0.00    0.00    0.00    0.00    0.00    0.00

08:09:18 PM  CPU    %usr   %nice    %sys %iowait    %irq   %soft  %steal  %guest  %gnice   %idle
08:09:19 PM    0   68.00    0.00   23.00    0.00    0.00    8.00    0.00    0.00    0.00    1.00
08:09:19 PM    1   64.65    0.00   35.35    0.00    0.00    0.00    0.00    0.00    0.00    0.00

08:09:19 PM  CPU    %usr   %nice    %sys %iowait    %irq   %soft  %steal  %guest  %gnice   %idle
08:09:20 PM    0   67.00    0.00   24.00    0.00    0.00    7.00    0.00    0.00    0.00    2.00
08:09:20 PM    1   60.40    0.00   37.62    0.00    0.00    0.00    0.00    0.00    0.00    1.98

08:09:20 PM  CPU    %usr   %nice    %sys %iowait    %irq   %soft  %steal  %guest  %gnice   %idle
08:09:21 PM    0   76.29    0.00   18.56    0.00    0.00    4.12    0.00    0.00    0.00    1.03
08:09:21 PM    1   57.00    0.00   43.00    0.00    0.00    0.00    0.00    0.00    0.00    0.00

08:09:21 PM  CPU    %usr   %nice    %sys %iowait    %irq   %soft  %steal  %guest  %gnice   %idle
08:09:22 PM    0   70.71    0.00   20.20    0.00    0.00    8.08    0.00    0.00    0.00    1.01
08:09:22 PM    1   53.54    0.00   46.46    0.00    0.00    0.00    0.00    0.00    0.00    0.00

08:09:22 PM  CPU    %usr   %nice    %sys %iowait    %irq   %soft  %steal  %guest  %gnice   %idle
08:09:23 PM    0   72.92    0.00   18.75    0.00    0.00    7.29    0.00    0.00    0.00    1.04
08:09:23 PM    1   64.36    0.00   34.65    0.00    0.00    0.99    0.00    0.00    0.00    0.00

08:09:23 PM  CPU    %usr   %nice    %sys %iowait    %irq   %soft  %steal  %guest  %gnice   %idle
08:09:24 PM    0   68.04    0.00   20.62    0.00    0.00   10.31    0.00    0.00    0.00    1.03
08:09:24 PM    1   59.60    0.00   40.40    0.00    0.00    0.00    0.00    0.00    0.00    0.00

08:09:24 PM  CPU    %usr   %nice    %sys %iowait    %irq   %soft  %steal  %guest  %gnice   %idle
08:09:25 PM    0   72.00    0.00   19.00    0.00    0.00    8.00    0.00    0.00    0.00    1.00
08:09:25 PM    1   63.73    0.00   35.29    0.00    0.00    0.98    0.00    0.00    0.00    0.00

08:09:25 PM  CPU    %usr   %nice    %sys %iowait    %irq   %soft  %steal  %guest  %gnice   %idle
08:09:26 PM    0   70.00    0.00   22.00    0.00    0.00    7.00    0.00    0.00    0.00    1.00
08:09:26 PM    1   60.61    0.00   38.38    0.00    0.00    1.01    0.00    0.00    0.00    0.00

08:09:26 PM  CPU    %usr   %nice    %sys %iowait    %irq   %soft  %steal  %guest  %gnice   %idle
08:09:27 PM    0   75.25    0.00   17.82    0.00    0.00    4.95    0.00    0.00    0.00    1.98
08:09:27 PM    1   58.00    0.00   42.00    0.00    0.00    0.00    0.00    0.00    0.00    0.00

08:09:27 PM  CPU    %usr   %nice    %sys %iowait    %irq   %soft  %steal  %guest  %gnice   %idle
08:09:28 PM    0   72.00    0.00   21.00    0.00    0.00    6.00    0.00    0.00    0.00    1.00
08:09:28 PM    1   58.59    0.00   40.40    0.00    0.00    1.01    0.00    0.00    0.00    0.00

08:09:28 PM  CPU    %usr   %nice    %sys %iowait    %irq   %soft  %steal  %guest  %gnice   %idle
08:09:29 PM    0   66.00    0.00   20.00    0.00    0.00    8.00    0.00    0.00    0.00    6.00
08:09:29 PM    1   65.35    0.00   34.65    0.00    0.00    0.00    0.00    0.00    0.00    0.00

08:09:29 PM  CPU    %usr   %nice    %sys %iowait    %irq   %soft  %steal  %guest  %gnice   %idle
08:09:30 PM    0   72.92    0.00   18.75    0.00    0.00    7.29    0.00    0.00    0.00    1.04
08:09:30 PM    1   59.60    0.00   39.39    0.00    0.00    1.01    0.00    0.00    0.00    0.00

08:09:30 PM  CPU    %usr   %nice    %sys %iowait    %irq   %soft  %steal  %guest  %gnice   %idle
08:09:31 PM    0   72.45    0.00   20.41    0.00    0.00    6.12    0.00    0.00    0.00    1.02
08:09:31 PM    1   60.40    0.00   39.60    0.00    0.00    0.00    0.00    0.00    0.00    0.00

08:09:31 PM  CPU    %usr   %nice    %sys %iowait    %irq   %soft  %steal  %guest  %gnice   %idle
08:09:32 PM    0   70.71    0.00   20.20    0.00    0.00    8.08    0.00    0.00    0.00    1.01
08:09:32 PM    1   60.00    0.00   39.00    0.00    0.00    1.00    0.00    0.00    0.00    0.00

08:09:32 PM  CPU    %usr   %nice    %sys %iowait    %irq   %soft  %steal  %guest  %gnice   %idle
08:09:33 PM    0   71.00    0.00   22.00    0.00    0.00    6.00    0.00    0.00    0.00    1.00
08:09:33 PM    1   56.57    0.00   43.43    0.00    0.00    0.00    0.00    0.00    0.00    0.00

08:09:33 PM  CPU    %usr   %nice    %sys %iowait    %irq   %soft  %steal  %guest  %gnice   %idle
08:09:34 PM    0   75.25    0.00   15.84    0.00    0.00    7.92    0.00    0.00    0.00    0.99
08:09:34 PM    1   58.00    0.00   42.00    0.00    0.00    0.00    0.00    0.00    0.00    0.00

08:09:34 PM  CPU    %usr   %nice    %sys %iowait    %irq   %soft  %steal  %guest  %gnice   %idle
08:09:35 PM    0   67.68    0.00   23.23    0.00    0.00    7.07    0.00    0.00    0.00    2.02
08:09:35 PM    1   61.00    0.00   39.00    0.00    0.00    0.00    0.00    0.00    0.00    0.00

08:09:35 PM  CPU    %usr   %nice    %sys %iowait    %irq   %soft  %steal  %guest  %gnice   %idle
08:09:36 PM    0   72.73    0.00   19.19    0.00    0.00    7.07    0.00    0.00    0.00    1.01
08:09:36 PM    1   62.00    0.00   38.00    0.00    0.00    0.00    0.00    0.00    0.00    0.00

08:09:36 PM  CPU    %usr   %nice    %sys %iowait    %irq   %soft  %steal  %guest  %gnice   %idle
08:09:37 PM    0   67.33    0.00   21.78    0.00    0.00    9.90    0.00    0.00    0.00    0.99
08:09:37 PM    1   60.00    0.00   39.00    0.00    0.00    1.00    0.00    0.00    0.00    0.00

08:09:37 PM  CPU    %usr   %nice    %sys %iowait    %irq   %soft  %steal  %guest  %gnice   %idle
08:09:38 PM    0   71.72    0.00   22.22    0.00    0.00    5.05    0.00    0.00    0.00    1.01
08:09:38 PM    1   56.44    0.00   43.56    0.00    0.00    0.00    0.00    0.00    0.00    0.00

08:09:38 PM  CPU    %usr   %nice    %sys %iowait    %irq   %soft  %steal  %guest  %gnice   %idle
08:09:39 PM    0   87.25    0.00    4.90    0.00    0.00    0.98    0.00    0.00    0.00    6.86
08:09:39 PM    1   67.35    0.00   32.65    0.00    0.00    0.00    0.00    0.00    0.00    0.00

08:09:39 PM  CPU    %usr   %nice    %sys %iowait    %irq   %soft  %steal  %guest  %gnice   %idle
08:09:40 PM    0   89.69    0.00    3.09    0.00    0.00    0.00    0.00    0.00    0.00    7.22
08:09:40 PM    1   61.39    0.00   37.62    0.00    0.00    0.99    0.00    0.00    0.00    0.00

08:09:40 PM  CPU    %usr   %nice    %sys %iowait    %irq   %soft  %steal  %guest  %gnice   %idle
08:09:41 PM    0   90.62    0.00    2.08    0.00    0.00    0.00    0.00    0.00    0.00    7.29
08:09:41 PM    1   59.00    0.00   39.00    0.00    0.00    2.00    0.00    0.00    0.00    0.00

08:09:41 PM  CPU    %usr   %nice    %sys %iowait    %irq   %soft  %steal  %guest  %gnice   %idle
08:09:42 PM    0   87.63    0.00    4.12    0.00    0.00    0.00    0.00    0.00    0.00    8.25
08:09:42 PM    1   67.68    0.00   32.32    0.00    0.00    0.00    0.00    0.00    0.00    0.00

08:09:42 PM  CPU    %usr   %nice    %sys %iowait    %irq   %soft  %steal  %guest  %gnice   %idle
08:09:43 PM    0   86.00    0.00    6.00    0.00    0.00    0.00    0.00    0.00    0.00    8.00
08:09:43 PM    1   60.00    0.00   39.00    0.00    0.00    0.00    0.00    0.00    0.00    1.00

08:09:43 PM  CPU    %usr   %nice    %sys %iowait    %irq   %soft  %steal  %guest  %gnice   %idle
08:09:44 PM    0   89.69    0.00    3.09    0.00    0.00    0.00    0.00    0.00    0.00    7.22
08:09:44 PM    1   66.00    0.00   32.00    0.00    0.00    2.00    0.00    0.00    0.00    0.00

08:09:44 PM  CPU    %usr   %nice    %sys %iowait    %irq   %soft  %steal  %guest  %gnice   %idle
08:09:45 PM    0   34.65    0.00    2.97    0.00    0.00    1.98    0.00    0.00    0.00   60.40
08:09:45 PM    1   75.25    0.00   23.76    0.00    0.00    0.99    0.00    0.00    0.00    0.00

08:09:45 PM  CPU    %usr   %nice    %sys %iowait    %irq   %soft  %steal  %guest  %gnice   %idle
08:09:46 PM    0   82.80    0.00    2.15    0.00    0.00    0.00    0.00    0.00    0.00   15.05
08:09:46 PM    1   70.00    0.00   30.00    0.00    0.00    0.00    0.00    0.00    0.00    0.00

08:09:46 PM  CPU    %usr   %nice    %sys %iowait    %irq   %soft  %steal  %guest  %gnice   %idle
08:09:47 PM    0   87.63    0.00    4.12    0.00    0.00    0.00    0.00    0.00    0.00    8.25
08:09:47 PM    1   61.86    0.00   31.96    0.00    0.00    0.00    0.00    0.00    0.00    6.19

08:09:47 PM  CPU    %usr   %nice    %sys %iowait    %irq   %soft  %steal  %guest  %gnice   %idle
08:09:48 PM    0   87.63    0.00    4.12    0.00    0.00    0.00    0.00    0.00    0.00    8.25
08:09:48 PM    1   59.60    0.00   39.39    0.00    0.00    1.01    0.00    0.00    0.00    0.00

08:09:48 PM  CPU    %usr   %nice    %sys %iowait    %irq   %soft  %steal  %guest  %gnice   %idle
08:09:49 PM    0   86.46    0.00    6.25    0.00    0.00    0.00    0.00    0.00    0.00    7.29
08:09:49 PM    1   62.00    0.00   37.00    0.00    0.00    1.00    0.00    0.00    0.00    0.00

08:09:49 PM  CPU    %usr   %nice    %sys %iowait    %irq   %soft  %steal  %guest  %gnice   %idle
08:09:50 PM    0   91.40    0.00    0.00    0.00    0.00    0.00    0.00    0.00    0.00    8.60
08:09:50 PM    1   56.44    0.00   42.57    0.00    0.00    0.99    0.00    0.00    0.00    0.00

08:09:50 PM  CPU    %usr   %nice    %sys %iowait    %irq   %soft  %steal  %guest  %gnice   %idle
08:09:51 PM    0   86.46    0.00    5.21    0.00    0.00    0.00    0.00    0.00    0.00    8.33
08:09:51 PM    1   62.00    0.00   38.00    0.00    0.00    0.00    0.00    0.00    0.00    0.00

08:09:51 PM  CPU    %usr   %nice    %sys %iowait    %irq   %soft  %steal  %guest  %gnice   %idle
08:09:52 PM    0   88.78    0.00    4.08    0.00    0.00    0.00    0.00    0.00    0.00    7.14
08:09:52 PM    1   58.59    0.00   40.40    0.00    0.00    1.01    0.00    0.00    0.00    0.00

08:09:52 PM  CPU    %usr   %nice    %sys %iowait    %irq   %soft  %steal  %guest  %gnice   %idle
08:09:53 PM    0   88.89    0.00    3.03    0.00    0.00    0.00    0.00    0.00    0.00    8.08
08:09:53 PM    1   61.00    0.00   38.00    0.00    0.00    1.00    0.00    0.00    0.00    0.00

08:09:53 PM  CPU    %usr   %nice    %sys %iowait    %irq   %soft  %steal  %guest  %gnice   %idle
08:09:54 PM    0   89.58    0.00    2.08    0.00    0.00    0.00    0.00    0.00    0.00    8.33
08:09:54 PM    1   65.00    0.00   35.00    0.00    0.00    0.00    0.00    0.00    0.00    0.00

08:09:54 PM  CPU    %usr   %nice    %sys %iowait    %irq   %soft  %steal  %guest  %gnice   %idle
08:09:55 PM    0   89.69    0.00    3.09    0.00    0.00    0.00    0.00    0.00    0.00    7.22
08:09:55 PM    1   57.00    0.00   43.00    0.00    0.00    0.00    0.00    0.00    0.00    0.00

08:09:55 PM  CPU    %usr   %nice    %sys %iowait    %irq   %soft  %steal  %guest  %gnice   %idle
08:09:56 PM    0   88.89    0.00    3.03    0.00    0.00    0.00    0.00    0.00    0.00    8.08
08:09:56 PM    1   62.00    0.00   37.00    0.00    0.00    1.00    0.00    0.00    0.00    0.00

08:09:56 PM  CPU    %usr   %nice    %sys %iowait    %irq   %soft  %steal  %guest  %gnice   %idle
08:09:57 PM    0   86.46    0.00    6.25    0.00    0.00    0.00    0.00    0.00    0.00    7.29
08:09:57 PM    1   69.00    0.00   30.00    0.00    0.00    1.00    0.00    0.00    0.00    0.00

08:09:57 PM  CPU    %usr   %nice    %sys %iowait    %irq   %soft  %steal  %guest  %gnice   %idle
08:09:58 PM    0   84.62    0.00    6.59    0.00    0.00    0.00    0.00    0.00    0.00    8.79
08:09:58 PM    1   60.00    0.00   39.00    0.00    0.00    1.00    0.00    0.00    0.00    0.00

08:09:58 PM  CPU    %usr   %nice    %sys %iowait    %irq   %soft  %steal  %guest  %gnice   %idle
08:09:59 PM    0   89.80    0.00    3.06    0.00    0.00    0.00    0.00    0.00    0.00    7.14
08:09:59 PM    1   51.00    0.00   48.00    0.00    0.00    1.00    0.00    0.00    0.00    0.00

08:09:59 PM  CPU    %usr   %nice    %sys %iowait    %irq   %soft  %steal  %guest  %gnice   %idle
08:10:00 PM    0   89.47    0.00    3.16    0.00    0.00    0.00    0.00    0.00    0.00    7.37
08:10:00 PM    1   63.00    0.00   36.00    0.00    0.00    1.00    0.00    0.00    0.00    0.00

08:10:00 PM  CPU    %usr   %nice    %sys %iowait    %irq   %soft  %steal  %guest  %gnice   %idle
08:10:01 PM    0   88.78    0.00    4.08    0.00    0.00    0.00    0.00    0.00    0.00    7.14
08:10:01 PM    1   60.61    0.00   39.39    0.00    0.00    0.00    0.00    0.00    0.00    0.00

08:10:01 PM  CPU    %usr   %nice    %sys %iowait    %irq   %soft  %steal  %guest  %gnice   %idle
08:10:02 PM    0   89.69    0.00    3.09    0.00    0.00    0.00    0.00    0.00    0.00    7.22
08:10:02 PM    1   58.00    0.00   41.00    0.00    0.00    1.00    0.00    0.00    0.00    0.00

08:10:02 PM  CPU    %usr   %nice    %sys %iowait    %irq   %soft  %steal  %guest  %gnice   %idle
08:10:03 PM    0   89.25    0.00    3.23    0.00    0.00    0.00    0.00    0.00    0.00    7.53
08:10:03 PM    1   61.00    0.00   38.00    0.00    0.00    1.00    0.00    0.00    0.00    0.00

08:10:03 PM  CPU    %usr   %nice    %sys %iowait    %irq   %soft  %steal  %guest  %gnice   %idle
08:10:04 PM    0   87.88    0.00    4.04    0.00    0.00    0.00    0.00    0.00    0.00    8.08
08:10:04 PM    1   63.64    0.00   36.36    0.00    0.00    0.00    0.00    0.00    0.00    0.00

08:10:04 PM  CPU    %usr   %nice    %sys %iowait    %irq   %soft  %steal  %guest  %gnice   %idle
08:10:05 PM    0   87.63    0.00    5.15    0.00    0.00    0.00    0.00    0.00    0.00    7.22
08:10:05 PM    1   60.00    0.00   40.00    0.00    0.00    0.00    0.00    0.00    0.00    0.00

08:10:05 PM  CPU    %usr   %nice    %sys %iowait    %irq   %soft  %steal  %guest  %gnice   %idle
08:10:06 PM    0   91.09    0.00    1.98    0.00    0.00    0.00    0.00    0.00    0.00    6.93
08:10:06 PM    1   58.00    0.00   40.00    0.00    0.00    1.00    0.00    0.00    0.00    1.00

08:10:06 PM  CPU    %usr   %nice    %sys %iowait    %irq   %soft  %steal  %guest  %gnice   %idle
08:10:07 PM    0   88.66    0.00    4.12    0.00    0.00    0.00    0.00    0.00    0.00    7.22
08:10:07 PM    1   65.66    0.00   34.34    0.00    0.00    0.00    0.00    0.00    0.00    0.00

08:10:07 PM  CPU    %usr   %nice    %sys %iowait    %irq   %soft  %steal  %guest  %gnice   %idle
08:10:08 PM    0   89.69    0.00    3.09    0.00    0.00    0.00    0.00    0.00    0.00    7.22
08:10:08 PM    1   64.00    0.00   36.00    0.00    0.00    0.00    0.00    0.00    0.00    0.00

08:10:08 PM  CPU    %usr   %nice    %sys %iowait    %irq   %soft  %steal  %guest  %gnice   %idle
08:10:09 PM    0   90.82    0.00    2.04    0.00    0.00    0.00    0.00    0.00    0.00    7.14
08:10:09 PM    1   60.00    0.00   39.00    0.00    0.00    1.00    0.00    0.00    0.00    0.00

08:10:09 PM  CPU    %usr   %nice    %sys %iowait    %irq   %soft  %steal  %guest  %gnice   %idle
08:10:10 PM    0   46.00    0.00    1.00    0.00    0.00    3.00    0.00    0.00    0.00   50.00
08:10:10 PM    1   65.00    0.00   32.00    0.00    0.00    3.00    0.00    0.00    0.00    0.00

08:10:10 PM  CPU    %usr   %nice    %sys %iowait    %irq   %soft  %steal  %guest  %gnice   %idle
08:10:11 PM    0   23.01    0.00    2.65    0.00    0.00   11.50    0.00    0.00    0.00   62.83
08:10:11 PM    1   69.00    0.00   29.00    0.00    0.00    2.00    0.00    0.00    0.00    0.00

08:10:11 PM  CPU    %usr   %nice    %sys %iowait    %irq   %soft  %steal  %guest  %gnice   %idle
08:10:12 PM    0   87.76    0.00    4.08    0.00    0.00    0.00    0.00    0.00    0.00    8.16
08:10:12 PM    1   61.00    0.00   39.00    0.00    0.00    0.00    0.00    0.00    0.00    0.00

08:10:12 PM  CPU    %usr   %nice    %sys %iowait    %irq   %soft  %steal  %guest  %gnice   %idle
08:10:13 PM    0   88.17    0.00    4.30    0.00    0.00    0.00    0.00    0.00    0.00    7.53
08:10:13 PM    1   63.37    0.00   36.63    0.00    0.00    0.00    0.00    0.00    0.00    0.00

08:10:13 PM  CPU    %usr   %nice    %sys %iowait    %irq   %soft  %steal  %guest  %gnice   %idle
08:10:14 PM    0   89.13    0.00    3.26    0.00    0.00    0.00    0.00    0.00    0.00    7.61
08:10:14 PM    1   60.61    0.00   39.39    0.00    0.00    0.00    0.00    0.00    0.00    0.00

08:10:14 PM  CPU    %usr   %nice    %sys %iowait    %irq   %soft  %steal  %guest  %gnice   %idle
08:10:15 PM    0   87.23    0.00    4.26    0.00    0.00    0.00    0.00    0.00    0.00    8.51
08:10:15 PM    1   56.57    0.00   43.43    0.00    0.00    0.00    0.00    0.00    0.00    0.00

Average:     CPU    %usr   %nice    %sys %iowait    %irq   %soft  %steal  %guest  %gnice   %idle
Average:       0   74.48    0.00   15.17    0.00    0.00    4.92    0.00    0.00    0.00    5.44
Average:       1   61.36    0.00   37.90    0.00    0.00    0.53    0.00    0.00    0.00    0.21
