Linux 5.3.0-59-generic (ericmei) 	06/30/2020 	_x86_64_	(12 CPU)

12:03:48 AM  CPU    %usr   %nice    %sys %iowait    %irq   %soft  %steal  %guest  %gnice   %idle
12:03:49 AM    0   36.56    0.00   19.35    0.00    0.00    5.38    0.00    0.00    0.00   38.71
12:03:49 AM    1   26.83    0.00    8.54    0.00    0.00    1.22    0.00    0.00    0.00   63.41

12:03:49 AM  CPU    %usr   %nice    %sys %iowait    %irq   %soft  %steal  %guest  %gnice   %idle
12:03:50 AM    0   35.87    0.00   18.48    0.00    0.00    6.52    0.00    0.00    0.00   39.13
12:03:50 AM    1   22.62    0.00    9.52    0.00    0.00    4.76    0.00    0.00    0.00   63.10

12:03:50 AM  CPU    %usr   %nice    %sys %iowait    %irq   %soft  %steal  %guest  %gnice   %idle
12:03:51 AM    0   37.63    0.00   20.43    0.00    0.00    3.23    0.00    0.00    0.00   38.71
12:03:51 AM    1   25.30    0.00   10.84    0.00    0.00    2.41    0.00    0.00    0.00   61.45

12:03:51 AM  CPU    %usr   %nice    %sys %iowait    %irq   %soft  %steal  %guest  %gnice   %idle
12:03:52 AM    0   33.33    0.00   21.11    0.00    0.00    5.56    0.00    0.00    0.00   40.00
12:03:52 AM    1   27.71    0.00   10.84    0.00    0.00    1.20    0.00    0.00    0.00   60.24

12:03:52 AM  CPU    %usr   %nice    %sys %iowait    %irq   %soft  %steal  %guest  %gnice   %idle
12:03:53 AM    0   34.09    0.00   17.05    0.00    0.00    7.95    0.00    0.00    0.00   40.91
12:03:53 AM    1   26.19    0.00   10.71    0.00    0.00    2.38    0.00    0.00    0.00   60.71

12:03:53 AM  CPU    %usr   %nice    %sys %iowait    %irq   %soft  %steal  %guest  %gnice   %idle
12:03:54 AM    0   34.74    0.00   18.95    0.00    0.00    7.37    0.00    0.00    0.00   38.95
12:03:54 AM    1   27.71    0.00    9.64    0.00    0.00    1.20    0.00    0.00    0.00   61.45

12:03:54 AM  CPU    %usr   %nice    %sys %iowait    %irq   %soft  %steal  %guest  %gnice   %idle
12:03:55 AM    0   35.79    0.00   16.84    0.00    0.00    9.47    0.00    0.00    0.00   37.89
12:03:55 AM    1   25.00    0.00   10.00    0.00    0.00    1.25    0.00    0.00    0.00   63.75

12:03:55 AM  CPU    %usr   %nice    %sys %iowait    %irq   %soft  %steal  %guest  %gnice   %idle
12:03:56 AM    0   36.17    0.00   17.02    0.00    0.00    7.45    0.00    0.00    0.00   39.36
12:03:56 AM    1   25.30    0.00   10.84    0.00    0.00    1.20    0.00    0.00    0.00   62.65

12:03:56 AM  CPU    %usr   %nice    %sys %iowait    %irq   %soft  %steal  %guest  %gnice   %idle
12:03:57 AM    0   34.07    0.00   16.48    0.00    0.00    8.79    0.00    0.00    0.00   40.66
12:03:57 AM    1   26.83    0.00    8.54    0.00    0.00    2.44    0.00    0.00    0.00   62.20

12:03:57 AM  CPU    %usr   %nice    %sys %iowait    %irq   %soft  %steal  %guest  %gnice   %idle
12:03:58 AM    0   34.38    0.00   18.75    0.00    0.00    8.33    0.00    0.00    0.00   38.54
12:03:58 AM    1   25.29    0.00    9.20    0.00    0.00    4.60    0.00    0.00    0.00   60.92

12:03:58 AM  CPU    %usr   %nice    %sys %iowait    %irq   %soft  %steal  %guest  %gnice   %idle
12:03:59 AM    0   40.86    0.00   17.20    0.00    0.00    4.30    0.00    0.00    0.00   37.63
12:03:59 AM    1   28.57    0.00   10.71    0.00    0.00    1.19    0.00    0.00    0.00   59.52

12:03:59 AM  CPU    %usr   %nice    %sys %iowait    %irq   %soft  %steal  %guest  %gnice   %idle
12:04:00 AM    0   35.87    0.00   20.65    0.00    0.00    6.52    0.00    0.00    0.00   36.96
12:04:00 AM    1   29.76    0.00    7.14    0.00    0.00    2.38    0.00    0.00    0.00   60.71

12:04:00 AM  CPU    %usr   %nice    %sys %iowait    %irq   %soft  %steal  %guest  %gnice   %idle
12:04:01 AM    0   37.36    0.00   13.19    0.00    0.00    8.79    0.00    0.00    0.00   40.66
12:04:01 AM    1   24.10    0.00   10.84    0.00    0.00    2.41    0.00    0.00    0.00   62.65

12:04:01 AM  CPU    %usr   %nice    %sys %iowait    %irq   %soft  %steal  %guest  %gnice   %idle
12:04:02 AM    0   39.78    0.00   16.13    0.00    0.00    6.45    0.00    0.00    0.00   37.63
12:04:02 AM    1   27.16    0.00    8.64    0.00    0.00    1.23    0.00    0.00    0.00   62.96

12:04:02 AM  CPU    %usr   %nice    %sys %iowait    %irq   %soft  %steal  %guest  %gnice   %idle
12:04:03 AM    0   36.56    0.00   13.98    0.00    0.00    9.68    0.00    0.00    0.00   39.78
12:04:03 AM    1   21.95    0.00   12.20    0.00    0.00    2.44    0.00    0.00    0.00   63.41

12:04:03 AM  CPU    %usr   %nice    %sys %iowait    %irq   %soft  %steal  %guest  %gnice   %idle
12:04:04 AM    0   36.17    0.00   15.96    0.00    0.00   10.64    0.00    0.00    0.00   37.23
12:04:04 AM    1   26.51    0.00    6.02    0.00    0.00    6.02    0.00    0.00    0.00   61.45

12:04:04 AM  CPU    %usr   %nice    %sys %iowait    %irq   %soft  %steal  %guest  %gnice   %idle
12:04:05 AM    0   36.17    0.00   18.09    0.00    0.00    6.38    0.00    0.00    0.00   39.36
12:04:05 AM    1   25.00    0.00    9.52    0.00    0.00    2.38    0.00    0.00    0.00   63.10

12:04:05 AM  CPU    %usr   %nice    %sys %iowait    %irq   %soft  %steal  %guest  %gnice   %idle
12:04:06 AM    0   40.22    0.00   17.39    0.00    0.00    5.43    0.00    0.00    0.00   36.96
12:04:06 AM    1   25.61    0.00    7.32    0.00    0.00    3.66    0.00    0.00    0.00   63.41

12:04:06 AM  CPU    %usr   %nice    %sys %iowait    %irq   %soft  %steal  %guest  %gnice   %idle
12:04:07 AM    0   34.41    0.00   17.20    0.00    0.00    8.60    0.00    0.00    0.00   39.78
12:04:07 AM    1   26.51    0.00    9.64    0.00    0.00    1.20    0.00    0.00    0.00   62.65

12:04:07 AM  CPU    %usr   %nice    %sys %iowait    %irq   %soft  %steal  %guest  %gnice   %idle
12:04:08 AM    0   31.91    0.00   21.28    0.00    0.00    6.38    0.00    0.00    0.00   40.43
12:04:08 AM    1   24.42    0.00    8.14    0.00    0.00    4.65    0.00    0.00    0.00   62.79

12:04:08 AM  CPU    %usr   %nice    %sys %iowait    %irq   %soft  %steal  %guest  %gnice   %idle
12:04:09 AM    0   33.70    0.00   17.39    0.00    0.00    8.70    0.00    0.00    0.00   40.22
12:04:09 AM    1   26.25    0.00    8.75    0.00    0.00    2.50    0.00    0.00    0.00   62.50

12:04:09 AM  CPU    %usr   %nice    %sys %iowait    %irq   %soft  %steal  %guest  %gnice   %idle
12:04:10 AM    0   33.33    0.00   21.51    0.00    0.00    5.38    0.00    0.00    0.00   39.78
12:04:10 AM    1   27.38    0.00   10.71    0.00    0.00    1.19    0.00    0.00    0.00   60.71

12:04:10 AM  CPU    %usr   %nice    %sys %iowait    %irq   %soft  %steal  %guest  %gnice   %idle
12:04:11 AM    0   34.41    0.00   20.43    0.00    0.00    6.45    0.00    0.00    0.00   38.71
12:04:11 AM    1   25.61    0.00    7.32    0.00    0.00    3.66    0.00    0.00    0.00   63.41

12:04:11 AM  CPU    %usr   %nice    %sys %iowait    %irq   %soft  %steal  %guest  %gnice   %idle
12:04:12 AM    0   32.63    0.00   17.89    0.00    0.00   10.53    0.00    0.00    0.00   38.95
12:04:12 AM    1   24.71    0.00    8.24    0.00    0.00    4.71    0.00    0.00    0.00   62.35

12:04:12 AM  CPU    %usr   %nice    %sys %iowait    %irq   %soft  %steal  %guest  %gnice   %idle
12:04:13 AM    0   34.44    0.00   17.78    0.00    0.00    8.89    0.00    0.00    0.00   38.89
12:04:13 AM    1   24.69    0.00   11.11    0.00    0.00    1.23    0.00    0.00    0.00   62.96

12:04:13 AM  CPU    %usr   %nice    %sys %iowait    %irq   %soft  %steal  %guest  %gnice   %idle
12:04:14 AM    0   38.95    0.00   17.89    0.00    0.00    5.26    0.00    0.00    0.00   37.89
12:04:14 AM    1   24.71    0.00    9.41    0.00    0.00    4.71    0.00    0.00    0.00   61.18

12:04:14 AM  CPU    %usr   %nice    %sys %iowait    %irq   %soft  %steal  %guest  %gnice   %idle
12:04:15 AM    0   35.79    0.00   16.84    0.00    0.00    7.37    0.00    0.00    0.00   40.00
12:04:15 AM    1   25.88    0.00    9.41    0.00    0.00    2.35    0.00    0.00    0.00   62.35

12:04:15 AM  CPU    %usr   %nice    %sys %iowait    %irq   %soft  %steal  %guest  %gnice   %idle
12:04:16 AM    0   37.36    0.00   17.58    0.00    0.00    5.49    0.00    0.00    0.00   39.56
12:04:16 AM    1   25.61    0.00    9.76    0.00    0.00    2.44    0.00    0.00    0.00   62.20

12:04:16 AM  CPU    %usr   %nice    %sys %iowait    %irq   %soft  %steal  %guest  %gnice   %idle
12:04:17 AM    0   35.11    0.00   19.15    0.00    0.00    7.45    0.00    0.00    0.00   38.30
12:04:17 AM    1   28.05    0.00    6.10    0.00    0.00    3.66    0.00    0.00    0.00   62.20

12:04:17 AM  CPU    %usr   %nice    %sys %iowait    %irq   %soft  %steal  %guest  %gnice   %idle
12:04:18 AM    0   36.46    0.00   14.58    0.00    0.00   10.42    0.00    0.00    0.00   38.54
12:04:18 AM    1   24.10    0.00   12.05    0.00    0.00    2.41    0.00    0.00    0.00   61.45

12:04:18 AM  CPU    %usr   %nice    %sys %iowait    %irq   %soft  %steal  %guest  %gnice   %idle
12:04:19 AM    0   32.18    0.00   21.84    0.00    0.00    4.60    0.00    0.00    0.00   41.38
12:04:19 AM    1   22.89    0.00    9.64    0.00    0.00    4.82    0.00    0.00    0.00   62.65

12:04:19 AM  CPU    %usr   %nice    %sys %iowait    %irq   %soft  %steal  %guest  %gnice   %idle
12:04:20 AM    0   36.84    0.00   18.95    0.00    0.00    6.32    0.00    0.00    0.00   37.89
12:04:20 AM    1   26.19    0.00   10.71    0.00    0.00    2.38    0.00    0.00    0.00   60.71

12:04:20 AM  CPU    %usr   %nice    %sys %iowait    %irq   %soft  %steal  %guest  %gnice   %idle
12:04:21 AM    0   38.04    0.00   17.39    0.00    0.00    6.52    0.00    0.00    0.00   38.04
12:04:21 AM    1   22.35    0.00   12.94    0.00    0.00    4.71    0.00    0.00    0.00   60.00

12:04:21 AM  CPU    %usr   %nice    %sys %iowait    %irq   %soft  %steal  %guest  %gnice   %idle
12:04:22 AM    0   39.78    0.00   12.90    0.00    0.00    6.45    0.00    0.00    0.00   40.86
12:04:22 AM    1   27.91    0.00    6.98    0.00    0.00    4.65    0.00    0.00    0.00   60.47

12:04:22 AM  CPU    %usr   %nice    %sys %iowait    %irq   %soft  %steal  %guest  %gnice   %idle
12:04:23 AM    0   38.04    0.00   18.48    0.00    0.00    4.35    0.00    0.00    0.00   39.13
12:04:23 AM    1   25.88    0.00   10.59    0.00    0.00    2.35    0.00    0.00    0.00   61.18

12:04:23 AM  CPU    %usr   %nice    %sys %iowait    %irq   %soft  %steal  %guest  %gnice   %idle
12:04:24 AM    0   33.70    0.00   20.65    0.00    0.00    5.43    0.00    0.00    0.00   40.22
12:04:24 AM    1   25.61    0.00    8.54    0.00    0.00    2.44    0.00    0.00    0.00   63.41

12:04:24 AM  CPU    %usr   %nice    %sys %iowait    %irq   %soft  %steal  %guest  %gnice   %idle
12:04:25 AM    0   38.95    0.00   14.74    0.00    0.00    7.37    0.00    0.00    0.00   38.95
12:04:25 AM    1   23.26    0.00    9.30    0.00    0.00    5.81    0.00    0.00    0.00   61.63

12:04:25 AM  CPU    %usr   %nice    %sys %iowait    %irq   %soft  %steal  %guest  %gnice   %idle
12:04:26 AM    0   36.67    0.00   17.78    0.00    0.00    5.56    0.00    0.00    0.00   40.00
12:04:26 AM    1   25.61    0.00    8.54    0.00    0.00    2.44    0.00    0.00    0.00   63.41

12:04:26 AM  CPU    %usr   %nice    %sys %iowait    %irq   %soft  %steal  %guest  %gnice   %idle
12:04:27 AM    0   33.70    0.00   20.65    0.00    0.00    5.43    0.00    0.00    0.00   40.22
12:04:27 AM    1   24.10    0.00    9.64    0.00    0.00    3.61    0.00    0.00    0.00   62.65

12:04:27 AM  CPU    %usr   %nice    %sys %iowait    %irq   %soft  %steal  %guest  %gnice   %idle
12:04:28 AM    0   34.02    0.00   15.46    0.00    0.00   13.40    0.00    0.00    0.00   37.11
12:04:28 AM    1   26.51    0.00    9.64    0.00    0.00    1.20    0.00    0.00    0.00   62.65

12:04:28 AM  CPU    %usr   %nice    %sys %iowait    %irq   %soft  %steal  %guest  %gnice   %idle
12:04:29 AM    0   31.87    0.00   19.78    0.00    0.00    6.59    0.00    0.00    0.00   41.76
12:04:29 AM    1   26.51    0.00    7.23    0.00    0.00    3.61    0.00    0.00    0.00   62.65

12:04:29 AM  CPU    %usr   %nice    %sys %iowait    %irq   %soft  %steal  %guest  %gnice   %idle
12:04:30 AM    0   32.63    0.00   24.21    0.00    0.00    6.32    0.00    0.00    0.00   36.84
12:04:30 AM    1   25.88    0.00    8.24    0.00    0.00    7.06    0.00    0.00    0.00   58.82

12:04:30 AM  CPU    %usr   %nice    %sys %iowait    %irq   %soft  %steal  %guest  %gnice   %idle
12:04:31 AM    0   32.26    0.00   18.28    0.00    0.00    9.68    0.00    0.00    0.00   39.78
12:04:31 AM    1   21.43    0.00   11.90    0.00    0.00    3.57    0.00    0.00    0.00   63.10

12:04:31 AM  CPU    %usr   %nice    %sys %iowait    %irq   %soft  %steal  %guest  %gnice   %idle
12:04:32 AM    0   35.87    0.00   19.57    0.00    0.00    4.35    0.00    0.00    0.00   40.22
12:04:32 AM    1   24.10    0.00    8.43    0.00    0.00    3.61    0.00    0.00    0.00   63.86

12:04:32 AM  CPU    %usr   %nice    %sys %iowait    %irq   %soft  %steal  %guest  %gnice   %idle
12:04:33 AM    0   35.11    0.00   19.15    0.00    0.00    6.38    0.00    0.00    0.00   39.36
12:04:33 AM    1   22.89    0.00   10.84    0.00    0.00    3.61    0.00    0.00    0.00   62.65

12:04:33 AM  CPU    %usr   %nice    %sys %iowait    %irq   %soft  %steal  %guest  %gnice   %idle
12:04:34 AM    0   37.50    0.00   14.58    0.00    0.00    8.33    0.00    0.00    0.00   39.58
12:04:34 AM    1   31.40    0.00    6.98    0.00    0.00    1.16    0.00    0.00    0.00   60.47

12:04:34 AM  CPU    %usr   %nice    %sys %iowait    %irq   %soft  %steal  %guest  %gnice   %idle
12:04:35 AM    0   37.23    0.00   17.02    0.00    0.00    6.38    0.00    0.00    0.00   39.36
12:04:35 AM    1   26.25    0.00    7.50    0.00    0.00    1.25    0.00    0.00    0.00   65.00

12:04:35 AM  CPU    %usr   %nice    %sys %iowait    %irq   %soft  %steal  %guest  %gnice   %idle
12:04:36 AM    0   37.50    0.00   16.67    0.00    0.00    7.29    0.00    0.00    0.00   38.54
12:04:36 AM    1   22.09    0.00   11.63    0.00    0.00    5.81    0.00    0.00    0.00   60.47

12:04:36 AM  CPU    %usr   %nice    %sys %iowait    %irq   %soft  %steal  %guest  %gnice   %idle
12:04:37 AM    0   38.46    0.00   14.29    0.00    0.00    7.69    0.00    0.00    0.00   39.56
12:04:37 AM    1   25.61    0.00   10.98    0.00    0.00    2.44    0.00    0.00    0.00   60.98

12:04:37 AM  CPU    %usr   %nice    %sys %iowait    %irq   %soft  %steal  %guest  %gnice   %idle
12:04:38 AM    0   38.04    0.00   16.30    0.00    0.00    4.35    0.00    0.00    0.00   41.30
12:04:38 AM    1   26.51    0.00    8.43    0.00    0.00    1.20    0.00    0.00    0.00   63.86

12:04:38 AM  CPU    %usr   %nice    %sys %iowait    %irq   %soft  %steal  %guest  %gnice   %idle
12:04:39 AM    0   33.33    0.00   18.89    0.00    0.00    7.78    0.00    0.00    0.00   40.00
12:04:39 AM    1   25.00    0.00    9.52    0.00    0.00    3.57    0.00    0.00    0.00   61.90

12:04:39 AM  CPU    %usr   %nice    %sys %iowait    %irq   %soft  %steal  %guest  %gnice   %idle
12:04:40 AM    0   36.56    0.00   18.28    0.00    0.00    7.53    0.00    0.00    0.00   37.63
12:04:40 AM    1   25.61    0.00    9.76    0.00    0.00    2.44    0.00    0.00    0.00   62.20

12:04:40 AM  CPU    %usr   %nice    %sys %iowait    %irq   %soft  %steal  %guest  %gnice   %idle
12:04:41 AM    0   36.17    0.00   19.15    0.00    0.00    6.38    0.00    0.00    0.00   38.30
12:04:41 AM    1   25.30    0.00    9.64    0.00    0.00    3.61    0.00    0.00    0.00   61.45

12:04:41 AM  CPU    %usr   %nice    %sys %iowait    %irq   %soft  %steal  %guest  %gnice   %idle
12:04:42 AM    0   30.53    0.00   23.16    0.00    0.00    9.47    0.00    0.00    0.00   36.84
12:04:42 AM    1   28.40    0.00    4.94    0.00    0.00    3.70    0.00    0.00    0.00   62.96

12:04:42 AM  CPU    %usr   %nice    %sys %iowait    %irq   %soft  %steal  %guest  %gnice   %idle
12:04:43 AM    0   34.83    0.00   15.73    0.00    0.00    6.74    0.00    0.00    0.00   42.70
12:04:43 AM    1   28.40    0.00    4.94    0.00    0.00    2.47    0.00    0.00    0.00   64.20

12:04:43 AM  CPU    %usr   %nice    %sys %iowait    %irq   %soft  %steal  %guest  %gnice   %idle
12:04:44 AM    0   32.98    0.00   19.15    0.00    0.00    8.51    0.00    0.00    0.00   39.36
12:04:44 AM    1   24.71    0.00   11.76    0.00    0.00    2.35    0.00    0.00    0.00   61.18

12:04:44 AM  CPU    %usr   %nice    %sys %iowait    %irq   %soft  %steal  %guest  %gnice   %idle
12:04:45 AM    0   36.67    0.00   20.00    0.00    0.00    5.56    0.00    0.00    0.00   37.78
12:04:45 AM    1   25.93    0.00    8.64    0.00    0.00    1.23    0.00    0.00    0.00   64.20

12:04:45 AM  CPU    %usr   %nice    %sys %iowait    %irq   %soft  %steal  %guest  %gnice   %idle
12:04:46 AM    0   36.17    0.00   17.02    0.00    0.00    7.45    0.00    0.00    0.00   39.36
12:04:46 AM    1   27.71    0.00    7.23    0.00    0.00    2.41    0.00    0.00    0.00   62.65

12:04:46 AM  CPU    %usr   %nice    %sys %iowait    %irq   %soft  %steal  %guest  %gnice   %idle
12:04:47 AM    0   32.58    0.00   19.10    0.00    0.00    6.74    0.00    0.00    0.00   41.57
12:04:47 AM    1   27.38    0.00    8.33    0.00    0.00    3.57    0.00    0.00    0.00   60.71

12:04:47 AM  CPU    %usr   %nice    %sys %iowait    %irq   %soft  %steal  %guest  %gnice   %idle
12:04:48 AM    0   35.42    0.00   19.79    0.00    0.00    7.29    0.00    0.00    0.00   37.50
12:04:48 AM    1   27.71    0.00    7.23    0.00    0.00    2.41    0.00    0.00    0.00   62.65

12:04:48 AM  CPU    %usr   %nice    %sys %iowait    %irq   %soft  %steal  %guest  %gnice   %idle
12:04:49 AM    0   34.04    0.00   19.15    0.00    0.00    7.45    0.00    0.00    0.00   39.36
12:04:49 AM    1   21.69    0.00   12.05    0.00    0.00    3.61    0.00    0.00    0.00   62.65

12:04:49 AM  CPU    %usr   %nice    %sys %iowait    %irq   %soft  %steal  %guest  %gnice   %idle
12:04:50 AM    0   36.17    0.00   19.15    0.00    0.00    4.26    0.00    0.00    0.00   40.43
12:04:50 AM    1   25.00    0.00    9.52    0.00    0.00    3.57    0.00    0.00    0.00   61.90

12:04:50 AM  CPU    %usr   %nice    %sys %iowait    %irq   %soft  %steal  %guest  %gnice   %idle
12:04:51 AM    0   32.29    0.00   18.75    0.00    0.00   10.42    0.00    0.00    0.00   38.54
12:04:51 AM    1   25.30    0.00    9.64    0.00    0.00    2.41    0.00    0.00    0.00   62.65

12:04:51 AM  CPU    %usr   %nice    %sys %iowait    %irq   %soft  %steal  %guest  %gnice   %idle
12:04:52 AM    0   30.53    0.00   21.05    0.00    0.00    9.47    0.00    0.00    0.00   38.95
12:04:52 AM    1   25.30    0.00    9.64    0.00    0.00    2.41    0.00    0.00    0.00   62.65

12:04:52 AM  CPU    %usr   %nice    %sys %iowait    %irq   %soft  %steal  %guest  %gnice   %idle
12:04:53 AM    0   33.68    0.00   17.89    0.00    0.00    8.42    0.00    0.00    0.00   40.00
12:04:53 AM    1   25.88    0.00    8.24    0.00    0.00    4.71    0.00    0.00    0.00   61.18

12:04:53 AM  CPU    %usr   %nice    %sys %iowait    %irq   %soft  %steal  %guest  %gnice   %idle
12:04:54 AM    0   31.87    0.00   18.68    0.00    0.00    8.79    0.00    0.00    0.00   40.66
12:04:54 AM    1   23.81    0.00   10.71    0.00    0.00    2.38    0.00    0.00    0.00   63.10

12:04:54 AM  CPU    %usr   %nice    %sys %iowait    %irq   %soft  %steal  %guest  %gnice   %idle
12:04:55 AM    0   38.04    0.00   18.48    0.00    0.00    4.35    0.00    0.00    0.00   39.13
12:04:55 AM    1   26.83    0.00    9.76    0.00    0.00    2.44    0.00    0.00    0.00   60.98

12:04:55 AM  CPU    %usr   %nice    %sys %iowait    %irq   %soft  %steal  %guest  %gnice   %idle
12:04:56 AM    0   38.95    0.00   16.84    0.00    0.00    6.32    0.00    0.00    0.00   37.89
12:04:56 AM    1   27.16    0.00    8.64    0.00    0.00    1.23    0.00    0.00    0.00   62.96

12:04:56 AM  CPU    %usr   %nice    %sys %iowait    %irq   %soft  %steal  %guest  %gnice   %idle
12:04:57 AM    0   34.04    0.00   20.21    0.00    0.00    7.45    0.00    0.00    0.00   38.30
12:04:57 AM    1   24.69    0.00    8.64    0.00    0.00    2.47    0.00    0.00    0.00   64.20

12:04:57 AM  CPU    %usr   %nice    %sys %iowait    %irq   %soft  %steal  %guest  %gnice   %idle
12:04:58 AM    0   31.25    0.00   20.83    0.00    0.00    9.38    0.00    0.00    0.00   38.54
12:04:58 AM    1   27.06    0.00    8.24    0.00    0.00    3.53    0.00    0.00    0.00   61.18

12:04:58 AM  CPU    %usr   %nice    %sys %iowait    %irq   %soft  %steal  %guest  %gnice   %idle
12:04:59 AM    0   32.26    0.00   20.43    0.00    0.00    6.45    0.00    0.00    0.00   40.86
12:04:59 AM    1   22.62    0.00   10.71    0.00    0.00    3.57    0.00    0.00    0.00   63.10

12:04:59 AM  CPU    %usr   %nice    %sys %iowait    %irq   %soft  %steal  %guest  %gnice   %idle
12:05:00 AM    0   35.11    0.00   20.21    0.00    0.00    6.38    0.00    0.00    0.00   38.30
12:05:00 AM    1   26.19    0.00   10.71    0.00    0.00    3.57    0.00    0.00    0.00   59.52

12:05:00 AM  CPU    %usr   %nice    %sys %iowait    %irq   %soft  %steal  %guest  %gnice   %idle
12:05:01 AM    0   35.11    0.00   17.02    0.00    0.00    8.51    0.00    0.00    0.00   39.36
12:05:01 AM    1   22.50    0.00   10.00    0.00    0.00    2.50    0.00    0.00    0.00   65.00

12:05:01 AM  CPU    %usr   %nice    %sys %iowait    %irq   %soft  %steal  %guest  %gnice   %idle
12:05:02 AM    0   40.43    0.00   14.89    0.00    0.00    7.45    0.00    0.00    0.00   37.23
12:05:02 AM    1   27.06    0.00    9.41    0.00    0.00    2.35    0.00    0.00    0.00   61.18

12:05:02 AM  CPU    %usr   %nice    %sys %iowait    %irq   %soft  %steal  %guest  %gnice   %idle
12:05:03 AM    0   41.05    0.00   17.89    0.00    0.00    2.11    0.00    0.00    0.00   38.95
12:05:03 AM    1   25.30    0.00    8.43    0.00    0.00    3.61    0.00    0.00    0.00   62.65

12:05:03 AM  CPU    %usr   %nice    %sys %iowait    %irq   %soft  %steal  %guest  %gnice   %idle
12:05:04 AM    0   38.30    0.00   15.96    0.00    0.00    7.45    0.00    0.00    0.00   38.30
12:05:04 AM    1   25.30    0.00    9.64    0.00    0.00    3.61    0.00    0.00    0.00   61.45

12:05:04 AM  CPU    %usr   %nice    %sys %iowait    %irq   %soft  %steal  %guest  %gnice   %idle
12:05:05 AM    0   35.48    0.00   19.35    0.00    0.00    6.45    0.00    0.00    0.00   38.71
12:05:05 AM    1   28.05    0.00    8.54    0.00    0.00    1.22    0.00    0.00    0.00   62.20

12:05:05 AM  CPU    %usr   %nice    %sys %iowait    %irq   %soft  %steal  %guest  %gnice   %idle
12:05:06 AM    0   39.36    0.00   15.96    0.00    0.00    7.45    0.00    0.00    0.00   37.23
12:05:06 AM    1   30.59    0.00    7.06    0.00    0.00    3.53    0.00    0.00    0.00   58.82

12:05:06 AM  CPU    %usr   %nice    %sys %iowait    %irq   %soft  %steal  %guest  %gnice   %idle
12:05:07 AM    0   30.85    0.00   18.09    0.00    0.00    9.57    0.00    0.00    0.00   41.49
12:05:07 AM    1   27.91    0.00    8.14    0.00    0.00    2.33    0.00    0.00    0.00   61.63

12:05:07 AM  CPU    %usr   %nice    %sys %iowait    %irq   %soft  %steal  %guest  %gnice   %idle
12:05:08 AM    0   36.56    0.00   15.05    0.00    0.00    9.68    0.00    0.00    0.00   38.71
12:05:08 AM    1   30.12    0.00    7.23    0.00    0.00    2.41    0.00    0.00    0.00   60.24

12:05:08 AM  CPU    %usr   %nice    %sys %iowait    %irq   %soft  %steal  %guest  %gnice   %idle
12:05:09 AM    0   36.56    0.00   18.28    0.00    0.00    5.38    0.00    0.00    0.00   39.78
12:05:09 AM    1   27.06    0.00    8.24    0.00    0.00    3.53    0.00    0.00    0.00   61.18

12:05:09 AM  CPU    %usr   %nice    %sys %iowait    %irq   %soft  %steal  %guest  %gnice   %idle
12:05:10 AM    0   33.68    0.00   18.95    0.00    0.00    9.47    0.00    0.00    0.00   37.89
12:05:10 AM    1   27.71    0.00    7.23    0.00    0.00    2.41    0.00    0.00    0.00   62.65

12:05:10 AM  CPU    %usr   %nice    %sys %iowait    %irq   %soft  %steal  %guest  %gnice   %idle
12:05:11 AM    0   32.98    0.00   19.15    0.00    0.00    8.51    0.00    0.00    0.00   39.36
12:05:11 AM    1   26.19    0.00    8.33    0.00    0.00    3.57    0.00    0.00    0.00   61.90

12:05:11 AM  CPU    %usr   %nice    %sys %iowait    %irq   %soft  %steal  %guest  %gnice   %idle
12:05:12 AM    0   34.04    0.00   18.09    0.00    0.00    9.57    0.00    0.00    0.00   38.30
12:05:12 AM    1   28.75    0.00    6.25    0.00    0.00    1.25    0.00    0.00    0.00   63.75

12:05:12 AM  CPU    %usr   %nice    %sys %iowait    %irq   %soft  %steal  %guest  %gnice   %idle
12:05:13 AM    0   37.78    0.00   15.56    0.00    0.00    4.44    0.00    0.00    0.00   42.22
12:05:13 AM    1   26.83    0.00    8.54    0.00    0.00    1.22    0.00    0.00    0.00   63.41

12:05:13 AM  CPU    %usr   %nice    %sys %iowait    %irq   %soft  %steal  %guest  %gnice   %idle
12:05:14 AM    0   36.17    0.00   18.09    0.00    0.00    7.45    0.00    0.00    0.00   38.30
12:05:14 AM    1   21.95    0.00   10.98    0.00    0.00    3.66    0.00    0.00    0.00   63.41

12:05:14 AM  CPU    %usr   %nice    %sys %iowait    %irq   %soft  %steal  %guest  %gnice   %idle
12:05:15 AM    0   36.84    0.00   17.89    0.00    0.00    4.21    0.00    0.00    0.00   41.05
12:05:15 AM    1   27.16    0.00    6.17    0.00    0.00    1.23    0.00    0.00    0.00   65.43

12:05:15 AM  CPU    %usr   %nice    %sys %iowait    %irq   %soft  %steal  %guest  %gnice   %idle
12:05:16 AM    0   42.55    0.00   13.83    0.00    0.00    5.32    0.00    0.00    0.00   38.30
12:05:16 AM    1   22.62    0.00   13.10    0.00    0.00    2.38    0.00    0.00    0.00   61.90

12:05:16 AM  CPU    %usr   %nice    %sys %iowait    %irq   %soft  %steal  %guest  %gnice   %idle
12:05:17 AM    0   39.13    0.00   13.04    0.00    0.00    8.70    0.00    0.00    0.00   39.13
12:05:17 AM    1   26.83    0.00    8.54    0.00    0.00    2.44    0.00    0.00    0.00   62.20

12:05:17 AM  CPU    %usr   %nice    %sys %iowait    %irq   %soft  %steal  %guest  %gnice   %idle
12:05:18 AM    0   31.18    0.00   20.43    0.00    0.00    9.68    0.00    0.00    0.00   38.71
12:05:18 AM    1   25.30    0.00    9.64    0.00    0.00    2.41    0.00    0.00    0.00   62.65

12:05:18 AM  CPU    %usr   %nice    %sys %iowait    %irq   %soft  %steal  %guest  %gnice   %idle
12:05:19 AM    0   32.98    0.00   22.34    0.00    0.00    6.38    0.00    0.00    0.00   38.30
12:05:19 AM    1   27.71    0.00    9.64    0.00    0.00    1.20    0.00    0.00    0.00   61.45

12:05:19 AM  CPU    %usr   %nice    %sys %iowait    %irq   %soft  %steal  %guest  %gnice   %idle
12:05:20 AM    0   34.04    0.00   17.02    0.00    0.00    9.57    0.00    0.00    0.00   39.36
12:05:20 AM    1   26.19    0.00    7.14    0.00    0.00    3.57    0.00    0.00    0.00   63.10

12:05:20 AM  CPU    %usr   %nice    %sys %iowait    %irq   %soft  %steal  %guest  %gnice   %idle
12:05:21 AM    0   30.43    0.00   18.48    0.00    0.00   10.87    0.00    0.00    0.00   40.22
12:05:21 AM    1   23.17    0.00   10.98    0.00    0.00    2.44    0.00    0.00    0.00   63.41

12:05:21 AM  CPU    %usr   %nice    %sys %iowait    %irq   %soft  %steal  %guest  %gnice   %idle
12:05:22 AM    0   36.17    0.00   18.09    0.00    0.00    6.38    0.00    0.00    0.00   39.36
12:05:22 AM    1   24.39    0.00   10.98    0.00    0.00    1.22    0.00    0.00    0.00   63.41

12:05:22 AM  CPU    %usr   %nice    %sys %iowait    %irq   %soft  %steal  %guest  %gnice   %idle
12:05:23 AM    0   39.78    0.00   11.83    0.00    0.00   10.75    0.00    0.00    0.00   37.63
12:05:23 AM    1   29.27    0.00    8.54    0.00    0.00    1.22    0.00    0.00    0.00   60.98

12:05:23 AM  CPU    %usr   %nice    %sys %iowait    %irq   %soft  %steal  %guest  %gnice   %idle
12:05:24 AM    0   32.98    0.00   21.28    0.00    0.00    5.32    0.00    0.00    0.00   40.43
12:05:24 AM    1   23.17    0.00    6.10    0.00    0.00    4.88    0.00    0.00    0.00   65.85

12:05:24 AM  CPU    %usr   %nice    %sys %iowait    %irq   %soft  %steal  %guest  %gnice   %idle
12:05:25 AM    0   35.48    0.00   20.43    0.00    0.00    3.23    0.00    0.00    0.00   40.86
12:05:25 AM    1   27.71    0.00    7.23    0.00    0.00    1.20    0.00    0.00    0.00   63.86

12:05:25 AM  CPU    %usr   %nice    %sys %iowait    %irq   %soft  %steal  %guest  %gnice   %idle
12:05:26 AM    0   32.98    0.00   18.09    0.00    0.00    9.57    0.00    0.00    0.00   39.36
12:05:26 AM    1   23.46    0.00    8.64    0.00    0.00    3.70    0.00    0.00    0.00   64.20

12:05:26 AM  CPU    %usr   %nice    %sys %iowait    %irq   %soft  %steal  %guest  %gnice   %idle
12:05:27 AM    0   30.85    0.00   19.15    0.00    0.00    9.57    0.00    0.00    0.00   40.43
12:05:27 AM    1   22.89    0.00   12.05    0.00    0.00    2.41    0.00    0.00    0.00   62.65

12:05:27 AM  CPU    %usr   %nice    %sys %iowait    %irq   %soft  %steal  %guest  %gnice   %idle
12:05:28 AM    0   33.33    0.00   21.11    0.00    0.00    5.56    0.00    0.00    0.00   40.00
12:05:28 AM    1   22.89    0.00   13.25    0.00    0.00    2.41    0.00    0.00    0.00   61.45

12:05:28 AM  CPU    %usr   %nice    %sys %iowait    %irq   %soft  %steal  %guest  %gnice   %idle
12:05:29 AM    0   33.33    0.00   18.75    0.00    0.00    9.38    0.00    0.00    0.00   38.54
12:05:29 AM    1   28.05    0.00    7.32    0.00    0.00    2.44    0.00    0.00    0.00   62.20

12:05:29 AM  CPU    %usr   %nice    %sys %iowait    %irq   %soft  %steal  %guest  %gnice   %idle
12:05:30 AM    0   33.70    0.00   17.39    0.00    0.00    8.70    0.00    0.00    0.00   40.22
12:05:30 AM    1   26.19    0.00    9.52    0.00    0.00    2.38    0.00    0.00    0.00   61.90

12:05:30 AM  CPU    %usr   %nice    %sys %iowait    %irq   %soft  %steal  %guest  %gnice   %idle
12:05:31 AM    0   39.56    0.00   14.29    0.00    0.00    5.49    0.00    0.00    0.00   40.66
12:05:31 AM    1   26.19    0.00    9.52    0.00    0.00    3.57    0.00    0.00    0.00   60.71

12:05:31 AM  CPU    %usr   %nice    %sys %iowait    %irq   %soft  %steal  %guest  %gnice   %idle
12:05:32 AM    0   38.30    0.00   18.09    0.00    0.00    4.26    0.00    0.00    0.00   39.36
12:05:32 AM    1   22.89    0.00   10.84    0.00    0.00    3.61    0.00    0.00    0.00   62.65

12:05:32 AM  CPU    %usr   %nice    %sys %iowait    %irq   %soft  %steal  %guest  %gnice   %idle
12:05:33 AM    0   39.56    0.00   14.29    0.00    0.00    6.59    0.00    0.00    0.00   39.56
12:05:33 AM    1   22.89    0.00   13.25    0.00    0.00    2.41    0.00    0.00    0.00   61.45

12:05:33 AM  CPU    %usr   %nice    %sys %iowait    %irq   %soft  %steal  %guest  %gnice   %idle
12:05:34 AM    0   30.77    0.00   19.78    0.00    0.00    9.89    0.00    0.00    0.00   39.56
12:05:34 AM    1   28.57    0.00    9.52    0.00    0.00    2.38    0.00    0.00    0.00   59.52

12:05:34 AM  CPU    %usr   %nice    %sys %iowait    %irq   %soft  %steal  %guest  %gnice   %idle
12:05:35 AM    0   25.81    0.00   21.51    0.00    0.00   12.90    0.00    0.00    0.00   39.78
12:05:35 AM    1   26.19    0.00    9.52    0.00    0.00    2.38    0.00    0.00    0.00   61.90

12:05:35 AM  CPU    %usr   %nice    %sys %iowait    %irq   %soft  %steal  %guest  %gnice   %idle
12:05:36 AM    0   28.26    0.00   19.57    0.00    0.00   10.87    0.00    0.00    0.00   41.30
12:05:36 AM    1   21.95    0.00    9.76    0.00    0.00    3.66    0.00    0.00    0.00   64.63

12:05:36 AM  CPU    %usr   %nice    %sys %iowait    %irq   %soft  %steal  %guest  %gnice   %idle
12:05:37 AM    0   34.41    0.00   16.13    0.00    0.00   10.75    0.00    0.00    0.00   38.71
12:05:37 AM    1   25.93    0.00    8.64    0.00    0.00    2.47    0.00    0.00    0.00   62.96

12:05:37 AM  CPU    %usr   %nice    %sys %iowait    %irq   %soft  %steal  %guest  %gnice   %idle
12:05:38 AM    0   40.43    0.00   15.96    0.00    0.00    6.38    0.00    0.00    0.00   37.23
12:05:38 AM    1   23.60    0.00   12.36    0.00    0.00    6.74    0.00    0.00    0.00   57.30

12:05:38 AM  CPU    %usr   %nice    %sys %iowait    %irq   %soft  %steal  %guest  %gnice   %idle
12:05:39 AM    0   35.16    0.00   16.48    0.00    0.00    8.79    0.00    0.00    0.00   39.56
12:05:39 AM    1   27.16    0.00    7.41    0.00    0.00    1.23    0.00    0.00    0.00   64.20

12:05:39 AM  CPU    %usr   %nice    %sys %iowait    %irq   %soft  %steal  %guest  %gnice   %idle
12:05:40 AM    0   32.26    0.00   18.28    0.00    0.00    8.60    0.00    0.00    0.00   40.86
12:05:40 AM    1   28.40    0.00    4.94    0.00    0.00    2.47    0.00    0.00    0.00   64.20

12:05:40 AM  CPU    %usr   %nice    %sys %iowait    %irq   %soft  %steal  %guest  %gnice   %idle
12:05:41 AM    0   36.46    0.00   16.67    0.00    0.00    8.33    0.00    0.00    0.00   38.54
12:05:41 AM    1   24.71    0.00    9.41    0.00    0.00    3.53    0.00    0.00    0.00   62.35

12:05:41 AM  CPU    %usr   %nice    %sys %iowait    %irq   %soft  %steal  %guest  %gnice   %idle
12:05:42 AM    0   35.87    0.00   17.39    0.00    0.00    7.61    0.00    0.00    0.00   39.13
12:05:42 AM    1   30.59    0.00   10.59    0.00    0.00    1.18    0.00    0.00    0.00   57.65

12:05:42 AM  CPU    %usr   %nice    %sys %iowait    %irq   %soft  %steal  %guest  %gnice   %idle
12:05:43 AM    0   35.11    0.00   19.15    0.00    0.00    7.45    0.00    0.00    0.00   38.30
12:05:43 AM    1   23.81    0.00    9.52    0.00    0.00    5.95    0.00    0.00    0.00   60.71

12:05:43 AM  CPU    %usr   %nice    %sys %iowait    %irq   %soft  %steal  %guest  %gnice   %idle
12:05:44 AM    0   37.63    0.00   15.05    0.00    0.00    7.53    0.00    0.00    0.00   39.78
12:05:44 AM    1   24.39    0.00    8.54    0.00    0.00    1.22    0.00    0.00    0.00   65.85

12:05:44 AM  CPU    %usr   %nice    %sys %iowait    %irq   %soft  %steal  %guest  %gnice   %idle
12:05:45 AM    0   34.78    0.00   16.30    0.00    0.00    7.61    0.00    0.00    0.00   41.30
12:05:45 AM    1   26.19    0.00   10.71    0.00    0.00    1.19    0.00    0.00    0.00   61.90

12:05:45 AM  CPU    %usr   %nice    %sys %iowait    %irq   %soft  %steal  %guest  %gnice   %idle
12:05:46 AM    0   31.58    0.00   23.16    0.00    0.00    8.42    0.00    0.00    0.00   36.84
12:05:46 AM    1   28.57    0.00    5.95    0.00    0.00    4.76    0.00    0.00    0.00   60.71

12:05:46 AM  CPU    %usr   %nice    %sys %iowait    %irq   %soft  %steal  %guest  %gnice   %idle
12:05:47 AM    0   34.04    0.00   14.89    0.00    0.00    9.57    0.00    0.00    0.00   41.49
12:05:47 AM    1   24.10    0.00   10.84    0.00    0.00    2.41    0.00    0.00    0.00   62.65

12:05:47 AM  CPU    %usr   %nice    %sys %iowait    %irq   %soft  %steal  %guest  %gnice   %idle
12:05:48 AM    0   39.18    0.00   16.49    0.00    0.00    8.25    0.00    0.00    0.00   36.08
12:05:48 AM    1   26.51    0.00    7.23    0.00    0.00    4.82    0.00    0.00    0.00   61.45

Average:     CPU    %usr   %nice    %sys %iowait    %irq   %soft  %steal  %guest  %gnice   %idle
Average:       0   35.33    0.00   18.02    0.00    0.00    7.43    0.00    0.00    0.00   39.22
Average:       1   25.76    0.00    9.21    0.00    0.00    2.86    0.00    0.00    0.00   62.18
