Linux 5.3.0-59-generic (ericmei) 	06/29/2020 	_x86_64_	(12 CPU)

11:58:34 PM  CPU    %usr   %nice    %sys %iowait    %irq   %soft  %steal  %guest  %gnice   %idle
11:58:35 PM    0   34.04    0.00   21.28    0.00    0.00    6.38    0.00    0.00    0.00   38.30
11:58:35 PM    1   28.24    0.00    5.88    0.00    0.00    2.35    0.00    0.00    0.00   63.53

11:58:35 PM  CPU    %usr   %nice    %sys %iowait    %irq   %soft  %steal  %guest  %gnice   %idle
11:58:36 PM    0   31.96    0.00   18.56    0.00    0.00    9.28    0.00    0.00    0.00   40.21
11:58:36 PM    1   26.51    0.00    6.02    0.00    0.00    2.41    0.00    0.00    0.00   65.06

11:58:36 PM  CPU    %usr   %nice    %sys %iowait    %irq   %soft  %steal  %guest  %gnice   %idle
11:58:37 PM    0   36.26    0.00   15.38    0.00    0.00    8.79    0.00    0.00    0.00   39.56
11:58:37 PM    1   22.89    0.00    8.43    0.00    0.00    3.61    0.00    0.00    0.00   65.06

11:58:37 PM  CPU    %usr   %nice    %sys %iowait    %irq   %soft  %steal  %guest  %gnice   %idle
11:58:38 PM    0   36.84    0.00   14.74    0.00    0.00    9.47    0.00    0.00    0.00   38.95
11:58:38 PM    1   25.61    0.00    8.54    0.00    0.00    2.44    0.00    0.00    0.00   63.41

11:58:38 PM  CPU    %usr   %nice    %sys %iowait    %irq   %soft  %steal  %guest  %gnice   %idle
11:58:39 PM    0   37.23    0.00   18.09    0.00    0.00    6.38    0.00    0.00    0.00   38.30
11:58:39 PM    1   23.26    0.00    9.30    0.00    0.00    4.65    0.00    0.00    0.00   62.79

11:58:39 PM  CPU    %usr   %nice    %sys %iowait    %irq   %soft  %steal  %guest  %gnice   %idle
11:58:40 PM    0   38.38    0.00   17.17    0.00    0.00    6.06    0.00    0.00    0.00   38.38
11:58:40 PM    1   26.19    0.00    7.14    0.00    0.00    3.57    0.00    0.00    0.00   63.10

11:58:40 PM  CPU    %usr   %nice    %sys %iowait    %irq   %soft  %steal  %guest  %gnice   %idle
11:58:41 PM    0   32.61    0.00   16.30    0.00    0.00   10.87    0.00    0.00    0.00   40.22
11:58:41 PM    1   25.58    0.00    6.98    0.00    0.00    4.65    0.00    0.00    0.00   62.79

11:58:41 PM  CPU    %usr   %nice    %sys %iowait    %irq   %soft  %steal  %guest  %gnice   %idle
11:58:42 PM    0   36.84    0.00   13.68    0.00    0.00   11.58    0.00    0.00    0.00   37.89
11:58:42 PM    1   26.51    0.00    7.23    0.00    0.00    2.41    0.00    0.00    0.00   63.86

11:58:42 PM  CPU    %usr   %nice    %sys %iowait    %irq   %soft  %steal  %guest  %gnice   %idle
11:58:43 PM    0   36.56    0.00   16.13    0.00    0.00    7.53    0.00    0.00    0.00   39.78
11:58:43 PM    1   24.71    0.00    8.24    0.00    0.00    4.71    0.00    0.00    0.00   62.35

11:58:43 PM  CPU    %usr   %nice    %sys %iowait    %irq   %soft  %steal  %guest  %gnice   %idle
11:58:44 PM    0   36.67    0.00   16.67    0.00    0.00    4.44    0.00    0.00    0.00   42.22
11:58:44 PM    1   27.06    0.00    7.06    0.00    0.00    2.35    0.00    0.00    0.00   63.53

11:58:44 PM  CPU    %usr   %nice    %sys %iowait    %irq   %soft  %steal  %guest  %gnice   %idle
11:58:45 PM    0   37.63    0.00   12.90    0.00    0.00    9.68    0.00    0.00    0.00   39.78
11:58:45 PM    1   27.16    0.00    4.94    0.00    0.00    2.47    0.00    0.00    0.00   65.43

11:58:45 PM  CPU    %usr   %nice    %sys %iowait    %irq   %soft  %steal  %guest  %gnice   %idle
11:58:46 PM    0   35.11    0.00   19.15    0.00    0.00    7.45    0.00    0.00    0.00   38.30
11:58:46 PM    1   23.53    0.00   10.59    0.00    0.00    3.53    0.00    0.00    0.00   62.35

11:58:46 PM  CPU    %usr   %nice    %sys %iowait    %irq   %soft  %steal  %guest  %gnice   %idle
11:58:47 PM    0   34.44    0.00   18.89    0.00    0.00    6.67    0.00    0.00    0.00   40.00
11:58:47 PM    1   27.91    0.00    8.14    0.00    0.00    3.49    0.00    0.00    0.00   60.47

11:58:47 PM  CPU    %usr   %nice    %sys %iowait    %irq   %soft  %steal  %guest  %gnice   %idle
11:58:48 PM    0   35.11    0.00   19.15    0.00    0.00    5.32    0.00    0.00    0.00   40.43
11:58:48 PM    1   24.10    0.00    8.43    0.00    0.00    2.41    0.00    0.00    0.00   65.06

11:58:48 PM  CPU    %usr   %nice    %sys %iowait    %irq   %soft  %steal  %guest  %gnice   %idle
11:58:49 PM    0   30.85    0.00   23.40    0.00    0.00    6.38    0.00    0.00    0.00   39.36
11:58:49 PM    1   23.26    0.00   10.47    0.00    0.00    4.65    0.00    0.00    0.00   61.63

11:58:49 PM  CPU    %usr   %nice    %sys %iowait    %irq   %soft  %steal  %guest  %gnice   %idle
11:58:50 PM    0   34.78    0.00   17.39    0.00    0.00    7.61    0.00    0.00    0.00   40.22
11:58:50 PM    1   26.51    0.00    7.23    0.00    0.00    2.41    0.00    0.00    0.00   63.86

11:58:50 PM  CPU    %usr   %nice    %sys %iowait    %irq   %soft  %steal  %guest  %gnice   %idle
11:58:51 PM    0   39.36    0.00   15.96    0.00    0.00    4.26    0.00    0.00    0.00   40.43
11:58:51 PM    1   24.10    0.00    7.23    0.00    0.00    3.61    0.00    0.00    0.00   65.06

11:58:51 PM  CPU    %usr   %nice    %sys %iowait    %irq   %soft  %steal  %guest  %gnice   %idle
11:58:52 PM    0   32.26    0.00   21.51    0.00    0.00    7.53    0.00    0.00    0.00   38.71
11:58:52 PM    1   25.00    0.00   10.71    0.00    0.00    2.38    0.00    0.00    0.00   61.90

11:58:52 PM  CPU    %usr   %nice    %sys %iowait    %irq   %soft  %steal  %guest  %gnice   %idle
11:58:53 PM    0   36.46    0.00   15.62    0.00    0.00    8.33    0.00    0.00    0.00   39.58
11:58:53 PM    1   24.39    0.00    8.54    0.00    0.00    2.44    0.00    0.00    0.00   64.63

11:58:53 PM  CPU    %usr   %nice    %sys %iowait    %irq   %soft  %steal  %guest  %gnice   %idle
11:58:54 PM    0   39.58    0.00   14.58    0.00    0.00    6.25    0.00    0.00    0.00   39.58
11:58:54 PM    1   24.42    0.00    8.14    0.00    0.00    4.65    0.00    0.00    0.00   62.79

11:58:54 PM  CPU    %usr   %nice    %sys %iowait    %irq   %soft  %steal  %guest  %gnice   %idle
11:58:55 PM    0   37.63    0.00   20.43    0.00    0.00    1.08    0.00    0.00    0.00   40.86
11:58:55 PM    1   22.89    0.00    8.43    0.00    0.00    3.61    0.00    0.00    0.00   65.06

11:58:55 PM  CPU    %usr   %nice    %sys %iowait    %irq   %soft  %steal  %guest  %gnice   %idle
11:58:56 PM    0   32.61    0.00   19.57    0.00    0.00    9.78    0.00    0.00    0.00   38.04
11:58:56 PM    1   28.05    0.00    7.32    0.00    0.00    0.00    0.00    0.00    0.00   64.63

11:58:56 PM  CPU    %usr   %nice    %sys %iowait    %irq   %soft  %steal  %guest  %gnice   %idle
11:58:57 PM    0   32.98    0.00   17.02    0.00    0.00    9.57    0.00    0.00    0.00   40.43
11:58:57 PM    1   22.35    0.00    9.41    0.00    0.00    4.71    0.00    0.00    0.00   63.53

11:58:57 PM  CPU    %usr   %nice    %sys %iowait    %irq   %soft  %steal  %guest  %gnice   %idle
11:58:58 PM    0   32.98    0.00   20.21    0.00    0.00    6.38    0.00    0.00    0.00   40.43
11:58:58 PM    1   23.17    0.00    9.76    0.00    0.00    1.22    0.00    0.00    0.00   65.85

11:58:58 PM  CPU    %usr   %nice    %sys %iowait    %irq   %soft  %steal  %guest  %gnice   %idle
11:58:59 PM    0   41.05    0.00   15.79    0.00    0.00    6.32    0.00    0.00    0.00   36.84
11:58:59 PM    1   23.17    0.00   12.20    0.00    0.00    2.44    0.00    0.00    0.00   62.20

11:58:59 PM  CPU    %usr   %nice    %sys %iowait    %irq   %soft  %steal  %guest  %gnice   %idle
11:59:00 PM    0   34.04    0.00   20.21    0.00    0.00    6.38    0.00    0.00    0.00   39.36
11:59:00 PM    1   25.88    0.00    8.24    0.00    0.00    2.35    0.00    0.00    0.00   63.53

11:59:00 PM  CPU    %usr   %nice    %sys %iowait    %irq   %soft  %steal  %guest  %gnice   %idle
11:59:01 PM    0   34.41    0.00   19.35    0.00    0.00    7.53    0.00    0.00    0.00   38.71
11:59:01 PM    1   25.88    0.00    8.24    0.00    0.00    3.53    0.00    0.00    0.00   62.35

11:59:01 PM  CPU    %usr   %nice    %sys %iowait    %irq   %soft  %steal  %guest  %gnice   %idle
11:59:02 PM    0   37.23    0.00   15.96    0.00    0.00    8.51    0.00    0.00    0.00   38.30
11:59:02 PM    1   23.53    0.00   10.59    0.00    0.00    4.71    0.00    0.00    0.00   61.18

11:59:02 PM  CPU    %usr   %nice    %sys %iowait    %irq   %soft  %steal  %guest  %gnice   %idle
11:59:03 PM    0   34.78    0.00   19.57    0.00    0.00    5.43    0.00    0.00    0.00   40.22
11:59:03 PM    1   31.03    0.00    4.60    0.00    0.00    3.45    0.00    0.00    0.00   60.92

11:59:03 PM  CPU    %usr   %nice    %sys %iowait    %irq   %soft  %steal  %guest  %gnice   %idle
11:59:04 PM    0   32.26    0.00   21.51    0.00    0.00    6.45    0.00    0.00    0.00   39.78
11:59:04 PM    1   25.30    0.00    7.23    0.00    0.00    3.61    0.00    0.00    0.00   63.86

11:59:04 PM  CPU    %usr   %nice    %sys %iowait    %irq   %soft  %steal  %guest  %gnice   %idle
11:59:05 PM    0   37.89    0.00   13.68    0.00    0.00   10.53    0.00    0.00    0.00   37.89
11:59:05 PM    1   23.53    0.00    9.41    0.00    0.00    4.71    0.00    0.00    0.00   62.35

11:59:05 PM  CPU    %usr   %nice    %sys %iowait    %irq   %soft  %steal  %guest  %gnice   %idle
11:59:06 PM    0   35.05    0.00   20.62    0.00    0.00    6.19    0.00    0.00    0.00   38.14
11:59:06 PM    1   24.71    0.00    9.41    0.00    0.00    2.35    0.00    0.00    0.00   63.53

11:59:06 PM  CPU    %usr   %nice    %sys %iowait    %irq   %soft  %steal  %guest  %gnice   %idle
11:59:07 PM    0   39.36    0.00   14.89    0.00    0.00    7.45    0.00    0.00    0.00   38.30
11:59:07 PM    1   25.00    0.00    9.52    0.00    0.00    2.38    0.00    0.00    0.00   63.10

11:59:07 PM  CPU    %usr   %nice    %sys %iowait    %irq   %soft  %steal  %guest  %gnice   %idle
11:59:08 PM    0   37.11    0.00   16.49    0.00    0.00    8.25    0.00    0.00    0.00   38.14
11:59:08 PM    1   25.30    0.00    7.23    0.00    0.00    3.61    0.00    0.00    0.00   63.86

11:59:08 PM  CPU    %usr   %nice    %sys %iowait    %irq   %soft  %steal  %guest  %gnice   %idle
11:59:09 PM    0   35.79    0.00   17.89    0.00    0.00    8.42    0.00    0.00    0.00   37.89
11:59:09 PM    1   26.19    0.00   10.71    0.00    0.00    2.38    0.00    0.00    0.00   60.71

11:59:09 PM  CPU    %usr   %nice    %sys %iowait    %irq   %soft  %steal  %guest  %gnice   %idle
11:59:10 PM    0   34.07    0.00   18.68    0.00    0.00    7.69    0.00    0.00    0.00   39.56
11:59:10 PM    1   23.53    0.00   11.76    0.00    0.00    2.35    0.00    0.00    0.00   62.35

11:59:10 PM  CPU    %usr   %nice    %sys %iowait    %irq   %soft  %steal  %guest  %gnice   %idle
11:59:11 PM    0   38.38    0.00   16.16    0.00    0.00    7.07    0.00    0.00    0.00   38.38
11:59:11 PM    1   25.58    0.00    9.30    0.00    0.00    3.49    0.00    0.00    0.00   61.63

11:59:11 PM  CPU    %usr   %nice    %sys %iowait    %irq   %soft  %steal  %guest  %gnice   %idle
11:59:12 PM    0   37.36    0.00   15.38    0.00    0.00    5.49    0.00    0.00    0.00   41.76
11:59:12 PM    1   26.51    0.00    7.23    0.00    0.00    1.20    0.00    0.00    0.00   65.06

11:59:12 PM  CPU    %usr   %nice    %sys %iowait    %irq   %soft  %steal  %guest  %gnice   %idle
11:59:13 PM    0   34.74    0.00   14.74    0.00    0.00   11.58    0.00    0.00    0.00   38.95
11:59:13 PM    1   23.17    0.00    8.54    0.00    0.00    2.44    0.00    0.00    0.00   65.85

11:59:13 PM  CPU    %usr   %nice    %sys %iowait    %irq   %soft  %steal  %guest  %gnice   %idle
11:59:14 PM    0   30.00    0.00   21.11    0.00    0.00    7.78    0.00    0.00    0.00   41.11
11:59:14 PM    1   26.83    0.00    8.54    0.00    0.00    1.22    0.00    0.00    0.00   63.41

11:59:14 PM  CPU    %usr   %nice    %sys %iowait    %irq   %soft  %steal  %guest  %gnice   %idle
11:59:15 PM    0   37.63    0.00   18.28    0.00    0.00    5.38    0.00    0.00    0.00   38.71
11:59:15 PM    1   25.88    0.00    7.06    0.00    0.00    4.71    0.00    0.00    0.00   62.35

11:59:15 PM  CPU    %usr   %nice    %sys %iowait    %irq   %soft  %steal  %guest  %gnice   %idle
11:59:16 PM    0   34.78    0.00   15.22    0.00    0.00    6.52    0.00    0.00    0.00   43.48
11:59:16 PM    1   20.00    0.00    9.41    0.00    0.00    4.71    0.00    0.00    0.00   65.88

11:59:16 PM  CPU    %usr   %nice    %sys %iowait    %irq   %soft  %steal  %guest  %gnice   %idle
11:59:17 PM    0   32.63    0.00   18.95    0.00    0.00    9.47    0.00    0.00    0.00   38.95
11:59:17 PM    1   22.62    0.00   10.71    0.00    0.00    3.57    0.00    0.00    0.00   63.10

11:59:17 PM  CPU    %usr   %nice    %sys %iowait    %irq   %soft  %steal  %guest  %gnice   %idle
11:59:18 PM    0   32.63    0.00   21.05    0.00    0.00    7.37    0.00    0.00    0.00   38.95
11:59:18 PM    1   22.62    0.00   10.71    0.00    0.00    2.38    0.00    0.00    0.00   64.29

11:59:18 PM  CPU    %usr   %nice    %sys %iowait    %irq   %soft  %steal  %guest  %gnice   %idle
11:59:19 PM    0   35.11    0.00   20.21    0.00    0.00    5.32    0.00    0.00    0.00   39.36
11:59:19 PM    1   29.41    0.00    4.71    0.00    0.00    3.53    0.00    0.00    0.00   62.35

11:59:19 PM  CPU    %usr   %nice    %sys %iowait    %irq   %soft  %steal  %guest  %gnice   %idle
11:59:20 PM    0   32.98    0.00   18.09    0.00    0.00    9.57    0.00    0.00    0.00   39.36
11:59:20 PM    1   27.38    0.00    5.95    0.00    0.00    4.76    0.00    0.00    0.00   61.90

11:59:20 PM  CPU    %usr   %nice    %sys %iowait    %irq   %soft  %steal  %guest  %gnice   %idle
11:59:21 PM    0   33.70    0.00   16.30    0.00    0.00    8.70    0.00    0.00    0.00   41.30
11:59:21 PM    1   24.10    0.00    8.43    0.00    0.00    2.41    0.00    0.00    0.00   65.06

11:59:21 PM  CPU    %usr   %nice    %sys %iowait    %irq   %soft  %steal  %guest  %gnice   %idle
11:59:22 PM    0   35.11    0.00   18.09    0.00    0.00    7.45    0.00    0.00    0.00   39.36
11:59:22 PM    1   27.16    0.00    7.41    0.00    0.00    0.00    0.00    0.00    0.00   65.43

11:59:22 PM  CPU    %usr   %nice    %sys %iowait    %irq   %soft  %steal  %guest  %gnice   %idle
11:59:23 PM    0   36.56    0.00   16.13    0.00    0.00    7.53    0.00    0.00    0.00   39.78
11:59:23 PM    1   21.95    0.00    9.76    0.00    0.00    2.44    0.00    0.00    0.00   65.85

11:59:23 PM  CPU    %usr   %nice    %sys %iowait    %irq   %soft  %steal  %guest  %gnice   %idle
11:59:24 PM    0   36.17    0.00   18.09    0.00    0.00    6.38    0.00    0.00    0.00   39.36
11:59:24 PM    1   23.81    0.00    9.52    0.00    0.00    2.38    0.00    0.00    0.00   64.29

11:59:24 PM  CPU    %usr   %nice    %sys %iowait    %irq   %soft  %steal  %guest  %gnice   %idle
11:59:25 PM    0   37.23    0.00   15.96    0.00    0.00    6.38    0.00    0.00    0.00   40.43
11:59:25 PM    1   23.81    0.00    8.33    0.00    0.00    3.57    0.00    0.00    0.00   64.29

11:59:25 PM  CPU    %usr   %nice    %sys %iowait    %irq   %soft  %steal  %guest  %gnice   %idle
11:59:26 PM    0   35.16    0.00   17.58    0.00    0.00    6.59    0.00    0.00    0.00   40.66
11:59:26 PM    1   20.73    0.00   12.20    0.00    0.00    2.44    0.00    0.00    0.00   64.63

11:59:26 PM  CPU    %usr   %nice    %sys %iowait    %irq   %soft  %steal  %guest  %gnice   %idle
11:59:27 PM    0   29.35    0.00   20.65    0.00    0.00    9.78    0.00    0.00    0.00   40.22
11:59:27 PM    1   22.09    0.00   10.47    0.00    0.00    3.49    0.00    0.00    0.00   63.95

11:59:27 PM  CPU    %usr   %nice    %sys %iowait    %irq   %soft  %steal  %guest  %gnice   %idle
11:59:28 PM    0   33.70    0.00   13.04    0.00    0.00   11.96    0.00    0.00    0.00   41.30
11:59:28 PM    1   24.69    0.00    7.41    0.00    0.00    1.23    0.00    0.00    0.00   66.67

11:59:28 PM  CPU    %usr   %nice    %sys %iowait    %irq   %soft  %steal  %guest  %gnice   %idle
11:59:29 PM    0   37.23    0.00   14.89    0.00    0.00    7.45    0.00    0.00    0.00   40.43
11:59:29 PM    1   25.00    0.00    5.95    0.00    0.00    4.76    0.00    0.00    0.00   64.29

11:59:29 PM  CPU    %usr   %nice    %sys %iowait    %irq   %soft  %steal  %guest  %gnice   %idle
11:59:30 PM    0   36.56    0.00   16.13    0.00    0.00    7.53    0.00    0.00    0.00   39.78
11:59:30 PM    1   24.71    0.00   10.59    0.00    0.00    2.35    0.00    0.00    0.00   62.35

11:59:30 PM  CPU    %usr   %nice    %sys %iowait    %irq   %soft  %steal  %guest  %gnice   %idle
11:59:31 PM    0   36.84    0.00   18.95    0.00    0.00    5.26    0.00    0.00    0.00   38.95
11:59:31 PM    1   22.62    0.00   10.71    0.00    0.00    3.57    0.00    0.00    0.00   63.10

11:59:31 PM  CPU    %usr   %nice    %sys %iowait    %irq   %soft  %steal  %guest  %gnice   %idle
11:59:32 PM    0   34.04    0.00   18.09    0.00    0.00    8.51    0.00    0.00    0.00   39.36
11:59:32 PM    1   22.89    0.00    9.64    0.00    0.00    2.41    0.00    0.00    0.00   65.06

11:59:32 PM  CPU    %usr   %nice    %sys %iowait    %irq   %soft  %steal  %guest  %gnice   %idle
11:59:33 PM    0   32.26    0.00   20.43    0.00    0.00    6.45    0.00    0.00    0.00   40.86
11:59:33 PM    1   23.53    0.00    8.24    0.00    0.00    4.71    0.00    0.00    0.00   63.53

11:59:33 PM  CPU    %usr   %nice    %sys %iowait    %irq   %soft  %steal  %guest  %gnice   %idle
11:59:34 PM    0   36.96    0.00   17.39    0.00    0.00    5.43    0.00    0.00    0.00   40.22
11:59:34 PM    1   23.46    0.00    7.41    0.00    0.00    2.47    0.00    0.00    0.00   66.67

11:59:34 PM  CPU    %usr   %nice    %sys %iowait    %irq   %soft  %steal  %guest  %gnice   %idle
11:59:35 PM    0   34.04    0.00   19.15    0.00    0.00    6.38    0.00    0.00    0.00   40.43
11:59:35 PM    1   23.26    0.00   11.63    0.00    0.00    3.49    0.00    0.00    0.00   61.63

11:59:35 PM  CPU    %usr   %nice    %sys %iowait    %irq   %soft  %steal  %guest  %gnice   %idle
11:59:36 PM    0   35.79    0.00   16.84    0.00    0.00    8.42    0.00    0.00    0.00   38.95
11:59:36 PM    1   25.00    0.00    5.95    0.00    0.00    3.57    0.00    0.00    0.00   65.48

11:59:36 PM  CPU    %usr   %nice    %sys %iowait    %irq   %soft  %steal  %guest  %gnice   %idle
11:59:37 PM    0   36.67    0.00   16.67    0.00    0.00    4.44    0.00    0.00    0.00   42.22
11:59:37 PM    1   21.18    0.00    8.24    0.00    0.00    5.88    0.00    0.00    0.00   64.71

11:59:37 PM  CPU    %usr   %nice    %sys %iowait    %irq   %soft  %steal  %guest  %gnice   %idle
11:59:38 PM    0   32.98    0.00   14.89    0.00    0.00    9.57    0.00    0.00    0.00   42.55
11:59:38 PM    1   23.75    0.00    5.00    0.00    0.00    3.75    0.00    0.00    0.00   67.50

11:59:38 PM  CPU    %usr   %nice    %sys %iowait    %irq   %soft  %steal  %guest  %gnice   %idle
11:59:39 PM    0   29.47    0.00   23.16    0.00    0.00   10.53    0.00    0.00    0.00   36.84
11:59:39 PM    1   22.62    0.00    9.52    0.00    0.00    4.76    0.00    0.00    0.00   63.10

11:59:39 PM  CPU    %usr   %nice    %sys %iowait    %irq   %soft  %steal  %guest  %gnice   %idle
11:59:40 PM    0   34.41    0.00   15.05    0.00    0.00    9.68    0.00    0.00    0.00   40.86
11:59:40 PM    1   26.83    0.00    7.32    0.00    0.00    1.22    0.00    0.00    0.00   64.63

11:59:40 PM  CPU    %usr   %nice    %sys %iowait    %irq   %soft  %steal  %guest  %gnice   %idle
11:59:41 PM    0   33.33    0.00   19.35    0.00    0.00    8.60    0.00    0.00    0.00   38.71
11:59:41 PM    1   28.40    0.00    4.94    0.00    0.00    1.23    0.00    0.00    0.00   65.43

11:59:41 PM  CPU    %usr   %nice    %sys %iowait    %irq   %soft  %steal  %guest  %gnice   %idle
11:59:42 PM    0   37.93    0.00   17.24    0.00    0.00    2.30    0.00    0.00    0.00   42.53
11:59:42 PM    1   21.95    0.00   10.98    0.00    0.00    2.44    0.00    0.00    0.00   64.63

11:59:42 PM  CPU    %usr   %nice    %sys %iowait    %irq   %soft  %steal  %guest  %gnice   %idle
11:59:43 PM    0   32.61    0.00   16.30    0.00    0.00    8.70    0.00    0.00    0.00   42.39
11:59:43 PM    1   20.00    0.00   10.59    0.00    0.00    4.71    0.00    0.00    0.00   64.71

11:59:43 PM  CPU    %usr   %nice    %sys %iowait    %irq   %soft  %steal  %guest  %gnice   %idle
11:59:44 PM    0   33.68    0.00   20.00    0.00    0.00    8.42    0.00    0.00    0.00   37.89
11:59:44 PM    1   26.25    0.00    7.50    0.00    0.00    0.00    0.00    0.00    0.00   66.25

11:59:44 PM  CPU    %usr   %nice    %sys %iowait    %irq   %soft  %steal  %guest  %gnice   %idle
11:59:45 PM    0   37.11    0.00   16.49    0.00    0.00    8.25    0.00    0.00    0.00   38.14
11:59:45 PM    1   24.39    0.00    8.54    0.00    0.00    2.44    0.00    0.00    0.00   64.63

11:59:45 PM  CPU    %usr   %nice    %sys %iowait    %irq   %soft  %steal  %guest  %gnice   %idle
11:59:46 PM    0   35.11    0.00   19.15    0.00    0.00    7.45    0.00    0.00    0.00   38.30
11:59:46 PM    1   25.30    0.00    8.43    0.00    0.00    2.41    0.00    0.00    0.00   63.86

11:59:46 PM  CPU    %usr   %nice    %sys %iowait    %irq   %soft  %steal  %guest  %gnice   %idle
11:59:47 PM    0   31.18    0.00   20.43    0.00    0.00    8.60    0.00    0.00    0.00   39.78
11:59:47 PM    1   24.39    0.00    7.32    0.00    0.00    1.22    0.00    0.00    0.00   67.07

11:59:47 PM  CPU    %usr   %nice    %sys %iowait    %irq   %soft  %steal  %guest  %gnice   %idle
11:59:48 PM    0   33.33    0.00   20.43    0.00    0.00    5.38    0.00    0.00    0.00   40.86
11:59:48 PM    1   26.14    0.00    7.95    0.00    0.00    4.55    0.00    0.00    0.00   61.36

11:59:48 PM  CPU    %usr   %nice    %sys %iowait    %irq   %soft  %steal  %guest  %gnice   %idle
11:59:49 PM    0   38.95    0.00   14.74    0.00    0.00    7.37    0.00    0.00    0.00   38.95
11:59:49 PM    1   22.35    0.00    8.24    0.00    0.00    5.88    0.00    0.00    0.00   63.53

11:59:49 PM  CPU    %usr   %nice    %sys %iowait    %irq   %soft  %steal  %guest  %gnice   %idle
11:59:50 PM    0   30.11    0.00   18.28    0.00    0.00   10.75    0.00    0.00    0.00   40.86
11:59:50 PM    1   26.19    0.00    7.14    0.00    0.00    3.57    0.00    0.00    0.00   63.10

11:59:50 PM  CPU    %usr   %nice    %sys %iowait    %irq   %soft  %steal  %guest  %gnice   %idle
11:59:51 PM    0   31.91    0.00   17.02    0.00    0.00   11.70    0.00    0.00    0.00   39.36
11:59:51 PM    1   21.69    0.00   12.05    0.00    0.00    1.20    0.00    0.00    0.00   65.06

11:59:51 PM  CPU    %usr   %nice    %sys %iowait    %irq   %soft  %steal  %guest  %gnice   %idle
11:59:52 PM    0   36.96    0.00   16.30    0.00    0.00    6.52    0.00    0.00    0.00   40.22
11:59:52 PM    1   23.53    0.00    9.41    0.00    0.00    4.71    0.00    0.00    0.00   62.35

11:59:52 PM  CPU    %usr   %nice    %sys %iowait    %irq   %soft  %steal  %guest  %gnice   %idle
11:59:53 PM    0   31.91    0.00   22.34    0.00    0.00    6.38    0.00    0.00    0.00   39.36
11:59:53 PM    1   25.88    0.00    8.24    0.00    0.00    2.35    0.00    0.00    0.00   63.53

11:59:53 PM  CPU    %usr   %nice    %sys %iowait    %irq   %soft  %steal  %guest  %gnice   %idle
11:59:54 PM    0   35.48    0.00   18.28    0.00    0.00    6.45    0.00    0.00    0.00   39.78
11:59:54 PM    1   24.71    0.00    8.24    0.00    0.00    4.71    0.00    0.00    0.00   62.35

11:59:54 PM  CPU    %usr   %nice    %sys %iowait    %irq   %soft  %steal  %guest  %gnice   %idle
11:59:55 PM    0   38.04    0.00   17.39    0.00    0.00    4.35    0.00    0.00    0.00   40.22
11:59:55 PM    1   22.62    0.00    9.52    0.00    0.00    3.57    0.00    0.00    0.00   64.29

11:59:55 PM  CPU    %usr   %nice    %sys %iowait    %irq   %soft  %steal  %guest  %gnice   %idle
11:59:56 PM    0   40.00    0.00   13.68    0.00    0.00    7.37    0.00    0.00    0.00   38.95
11:59:56 PM    1   25.00    0.00    7.14    0.00    0.00    3.57    0.00    0.00    0.00   64.29

11:59:56 PM  CPU    %usr   %nice    %sys %iowait    %irq   %soft  %steal  %guest  %gnice   %idle
11:59:57 PM    0   37.23    0.00   17.02    0.00    0.00    7.45    0.00    0.00    0.00   38.30
11:59:57 PM    1   23.46    0.00   11.11    0.00    0.00    1.23    0.00    0.00    0.00   64.20

11:59:57 PM  CPU    %usr   %nice    %sys %iowait    %irq   %soft  %steal  %guest  %gnice   %idle
11:59:58 PM    0   31.11    0.00   18.89    0.00    0.00    7.78    0.00    0.00    0.00   42.22
11:59:58 PM    1   26.51    0.00    6.02    0.00    0.00    1.20    0.00    0.00    0.00   66.27

11:59:58 PM  CPU    %usr   %nice    %sys %iowait    %irq   %soft  %steal  %guest  %gnice   %idle
11:59:59 PM    0   32.61    0.00   20.65    0.00    0.00    6.52    0.00    0.00    0.00   40.22
11:59:59 PM    1   26.19    0.00    9.52    0.00    0.00    1.19    0.00    0.00    0.00   63.10

11:59:59 PM  CPU    %usr   %nice    %sys %iowait    %irq   %soft  %steal  %guest  %gnice   %idle
12:00:00 AM    0   30.68    0.00   18.18    0.00    0.00    7.95    0.00    0.00    0.00   43.18
12:00:00 AM    1   25.30    0.00    7.23    0.00    0.00    2.41    0.00    0.00    0.00   65.06

12:00:00 AM  CPU    %usr   %nice    %sys %iowait    %irq   %soft  %steal  %guest  %gnice   %idle
12:00:01 AM    0   34.02    0.00   16.49    0.00    0.00   10.31    0.00    0.00    0.00   39.18
12:00:01 AM    1   21.69    0.00    9.64    0.00    0.00    2.41    0.00    0.00    0.00   66.27

12:00:01 AM  CPU    %usr   %nice    %sys %iowait    %irq   %soft  %steal  %guest  %gnice   %idle
12:00:02 AM    0   36.84    0.00   16.84    0.00    0.00    9.47    0.00    0.00    0.00   36.84
12:00:02 AM    1   25.58    0.00   10.47    0.00    0.00    3.49    0.00    0.00    0.00   60.47

12:00:02 AM  CPU    %usr   %nice    %sys %iowait    %irq   %soft  %steal  %guest  %gnice   %idle
12:00:03 AM    0   31.58    0.00   16.84    0.00    0.00   12.63    0.00    0.00    0.00   38.95
12:00:03 AM    1   25.93    0.00    7.41    0.00    0.00    1.23    0.00    0.00    0.00   65.43

12:00:03 AM  CPU    %usr   %nice    %sys %iowait    %irq   %soft  %steal  %guest  %gnice   %idle
12:00:04 AM    0   35.16    0.00   17.58    0.00    0.00    5.49    0.00    0.00    0.00   41.76
12:00:04 AM    1   22.89    0.00    9.64    0.00    0.00    2.41    0.00    0.00    0.00   65.06

12:00:04 AM  CPU    %usr   %nice    %sys %iowait    %irq   %soft  %steal  %guest  %gnice   %idle
12:00:05 AM    0   30.30    0.00   18.18    0.00    0.00   13.13    0.00    0.00    0.00   38.38
12:00:05 AM    1   25.30    0.00    6.02    0.00    0.00    2.41    0.00    0.00    0.00   66.27

12:00:05 AM  CPU    %usr   %nice    %sys %iowait    %irq   %soft  %steal  %guest  %gnice   %idle
12:00:06 AM    0   33.33    0.00   15.56    0.00    0.00    8.89    0.00    0.00    0.00   42.22
12:00:06 AM    1   20.99    0.00    9.88    0.00    0.00    2.47    0.00    0.00    0.00   66.67

12:00:06 AM  CPU    %usr   %nice    %sys %iowait    %irq   %soft  %steal  %guest  %gnice   %idle
12:00:07 AM    0   39.18    0.00   16.49    0.00    0.00    5.15    0.00    0.00    0.00   39.18
12:00:07 AM    1   26.74    0.00    5.81    0.00    0.00    3.49    0.00    0.00    0.00   63.95

12:00:07 AM  CPU    %usr   %nice    %sys %iowait    %irq   %soft  %steal  %guest  %gnice   %idle
12:00:08 AM    0   30.93    0.00   22.68    0.00    0.00    8.25    0.00    0.00    0.00   38.14
12:00:08 AM    1   28.24    0.00    7.06    0.00    0.00    2.35    0.00    0.00    0.00   62.35

12:00:08 AM  CPU    %usr   %nice    %sys %iowait    %irq   %soft  %steal  %guest  %gnice   %idle
12:00:09 AM    0   40.00    0.00   15.79    0.00    0.00    5.26    0.00    0.00    0.00   38.95
12:00:09 AM    1   21.69    0.00    9.64    0.00    0.00    2.41    0.00    0.00    0.00   66.27

12:00:09 AM  CPU    %usr   %nice    %sys %iowait    %irq   %soft  %steal  %guest  %gnice   %idle
12:00:10 AM    0   37.89    0.00   17.89    0.00    0.00    6.32    0.00    0.00    0.00   37.89
12:00:10 AM    1   23.81    0.00    9.52    0.00    0.00    4.76    0.00    0.00    0.00   61.90

12:00:10 AM  CPU    %usr   %nice    %sys %iowait    %irq   %soft  %steal  %guest  %gnice   %idle
12:00:11 AM    0   35.48    0.00   16.13    0.00    0.00    8.60    0.00    0.00    0.00   39.78
12:00:11 AM    1   24.71    0.00    8.24    0.00    0.00    3.53    0.00    0.00    0.00   63.53

12:00:11 AM  CPU    %usr   %nice    %sys %iowait    %irq   %soft  %steal  %guest  %gnice   %idle
12:00:12 AM    0   36.17    0.00   18.09    0.00    0.00    5.32    0.00    0.00    0.00   40.43
12:00:12 AM    1   21.25    0.00   10.00    0.00    0.00    1.25    0.00    0.00    0.00   67.50

12:00:12 AM  CPU    %usr   %nice    %sys %iowait    %irq   %soft  %steal  %guest  %gnice   %idle
12:00:13 AM    0   36.84    0.00   18.95    0.00    0.00    5.26    0.00    0.00    0.00   38.95
12:00:13 AM    1   26.44    0.00    9.20    0.00    0.00    3.45    0.00    0.00    0.00   60.92

12:00:13 AM  CPU    %usr   %nice    %sys %iowait    %irq   %soft  %steal  %guest  %gnice   %idle
12:00:14 AM    0   38.30    0.00   15.96    0.00    0.00    5.32    0.00    0.00    0.00   40.43
12:00:14 AM    1   22.62    0.00    8.33    0.00    0.00    3.57    0.00    0.00    0.00   65.48

12:00:14 AM  CPU    %usr   %nice    %sys %iowait    %irq   %soft  %steal  %guest  %gnice   %idle
12:00:15 AM    0   33.68    0.00   15.79    0.00    0.00   11.58    0.00    0.00    0.00   38.95
12:00:15 AM    1   24.42    0.00    9.30    0.00    0.00    3.49    0.00    0.00    0.00   62.79

12:00:15 AM  CPU    %usr   %nice    %sys %iowait    %irq   %soft  %steal  %guest  %gnice   %idle
12:00:16 AM    0   37.63    0.00   18.28    0.00    0.00    4.30    0.00    0.00    0.00   39.78
12:00:16 AM    1   21.43    0.00   11.90    0.00    0.00    3.57    0.00    0.00    0.00   63.10

12:00:16 AM  CPU    %usr   %nice    %sys %iowait    %irq   %soft  %steal  %guest  %gnice   %idle
12:00:17 AM    0   35.11    0.00   20.21    0.00    0.00    5.32    0.00    0.00    0.00   39.36
12:00:17 AM    1   24.71    0.00    8.24    0.00    0.00    4.71    0.00    0.00    0.00   62.35

12:00:17 AM  CPU    %usr   %nice    %sys %iowait    %irq   %soft  %steal  %guest  %gnice   %idle
12:00:18 AM    0   36.84    0.00   15.79    0.00    0.00    7.37    0.00    0.00    0.00   40.00
12:00:18 AM    1   24.71    0.00    7.06    0.00    0.00    3.53    0.00    0.00    0.00   64.71

12:00:18 AM  CPU    %usr   %nice    %sys %iowait    %irq   %soft  %steal  %guest  %gnice   %idle
12:00:19 AM    0   31.11    0.00   18.89    0.00    0.00   10.00    0.00    0.00    0.00   40.00
12:00:19 AM    1   25.61    0.00    8.54    0.00    0.00    1.22    0.00    0.00    0.00   64.63

12:00:19 AM  CPU    %usr   %nice    %sys %iowait    %irq   %soft  %steal  %guest  %gnice   %idle
12:00:20 AM    0   32.98    0.00   22.34    0.00    0.00    4.26    0.00    0.00    0.00   40.43
12:00:20 AM    1   27.38    0.00    5.95    0.00    0.00    2.38    0.00    0.00    0.00   64.29

12:00:20 AM  CPU    %usr   %nice    %sys %iowait    %irq   %soft  %steal  %guest  %gnice   %idle
12:00:21 AM    0   34.41    0.00   19.35    0.00    0.00    6.45    0.00    0.00    0.00   39.78
12:00:21 AM    1   26.83    0.00    7.32    0.00    0.00    1.22    0.00    0.00    0.00   64.63

12:00:21 AM  CPU    %usr   %nice    %sys %iowait    %irq   %soft  %steal  %guest  %gnice   %idle
12:00:22 AM    0   33.33    0.00   16.67    0.00    0.00    8.89    0.00    0.00    0.00   41.11
12:00:22 AM    1   23.53    0.00   10.59    0.00    0.00    3.53    0.00    0.00    0.00   62.35

12:00:22 AM  CPU    %usr   %nice    %sys %iowait    %irq   %soft  %steal  %guest  %gnice   %idle
12:00:23 AM    0   35.05    0.00   17.53    0.00    0.00    9.28    0.00    0.00    0.00   38.14
12:00:23 AM    1   27.91    0.00    6.98    0.00    0.00    3.49    0.00    0.00    0.00   61.63

12:00:23 AM  CPU    %usr   %nice    %sys %iowait    %irq   %soft  %steal  %guest  %gnice   %idle
12:00:24 AM    0   37.50    0.00   17.71    0.00    0.00    5.21    0.00    0.00    0.00   39.58
12:00:24 AM    1   25.58    0.00   12.79    0.00    0.00    2.33    0.00    0.00    0.00   59.30

12:00:24 AM  CPU    %usr   %nice    %sys %iowait    %irq   %soft  %steal  %guest  %gnice   %idle
12:00:25 AM    0   31.18    0.00   17.20    0.00    0.00   10.75    0.00    0.00    0.00   40.86
12:00:25 AM    1   22.89    0.00    9.64    0.00    0.00    2.41    0.00    0.00    0.00   65.06

12:00:25 AM  CPU    %usr   %nice    %sys %iowait    %irq   %soft  %steal  %guest  %gnice   %idle
12:00:26 AM    0   35.79    0.00   21.05    0.00    0.00    5.26    0.00    0.00    0.00   37.89
12:00:26 AM    1   21.18    0.00   14.12    0.00    0.00    3.53    0.00    0.00    0.00   61.18

12:00:26 AM  CPU    %usr   %nice    %sys %iowait    %irq   %soft  %steal  %guest  %gnice   %idle
12:00:27 AM    0   37.08    0.00   12.36    0.00    0.00    6.74    0.00    0.00    0.00   43.82
12:00:27 AM    1   21.43    0.00    8.33    0.00    0.00    4.76    0.00    0.00    0.00   65.48

12:00:27 AM  CPU    %usr   %nice    %sys %iowait    %irq   %soft  %steal  %guest  %gnice   %idle
12:00:28 AM    0   31.11    0.00   16.67    0.00    0.00    7.78    0.00    0.00    0.00   44.44
12:00:28 AM    1   24.14    0.00    8.05    0.00    0.00    3.45    0.00    0.00    0.00   64.37

12:00:28 AM  CPU    %usr   %nice    %sys %iowait    %irq   %soft  %steal  %guest  %gnice   %idle
12:00:29 AM    0   36.96    0.00   17.39    0.00    0.00    5.43    0.00    0.00    0.00   40.22
12:00:29 AM    1   25.30    0.00   10.84    0.00    0.00    1.20    0.00    0.00    0.00   62.65

12:00:29 AM  CPU    %usr   %nice    %sys %iowait    %irq   %soft  %steal  %guest  %gnice   %idle
12:00:30 AM    0   30.77    0.00   20.88    0.00    0.00    6.59    0.00    0.00    0.00   41.76
12:00:30 AM    1   24.10    0.00    9.64    0.00    0.00    1.20    0.00    0.00    0.00   65.06

12:00:30 AM  CPU    %usr   %nice    %sys %iowait    %irq   %soft  %steal  %guest  %gnice   %idle
12:00:31 AM    0   34.41    0.00   16.13    0.00    0.00    7.53    0.00    0.00    0.00   41.94
12:00:31 AM    1   24.71    0.00    9.41    0.00    0.00    2.35    0.00    0.00    0.00   63.53

12:00:31 AM  CPU    %usr   %nice    %sys %iowait    %irq   %soft  %steal  %guest  %gnice   %idle
12:00:32 AM    0   31.91    0.00   22.34    0.00    0.00    6.38    0.00    0.00    0.00   39.36
12:00:32 AM    1   23.17    0.00    7.32    0.00    0.00    3.66    0.00    0.00    0.00   65.85

12:00:32 AM  CPU    %usr   %nice    %sys %iowait    %irq   %soft  %steal  %guest  %gnice   %idle
12:00:33 AM    0   38.04    0.00   14.13    0.00    0.00    7.61    0.00    0.00    0.00   40.22
12:00:33 AM    1   25.00    0.00    5.95    0.00    0.00    4.76    0.00    0.00    0.00   64.29

12:00:33 AM  CPU    %usr   %nice    %sys %iowait    %irq   %soft  %steal  %guest  %gnice   %idle
12:00:34 AM    0   35.05    0.00   17.53    0.00    0.00    8.25    0.00    0.00    0.00   39.18
12:00:34 AM    1   23.46    0.00    9.88    0.00    0.00    1.23    0.00    0.00    0.00   65.43

Average:     CPU    %usr   %nice    %sys %iowait    %irq   %soft  %steal  %guest  %gnice   %idle
Average:       0   35.00    0.00   17.74    0.00    0.00    7.50    0.00    0.00    0.00   39.76
Average:       1   24.55    0.00    8.60    0.00    0.00    2.99    0.00    0.00    0.00   63.86
