Linux 5.3.0-59-generic (ericmei) 	06/29/2020 	_x86_64_	(12 CPU)

11:48:06 PM  CPU    %usr   %nice    %sys %iowait    %irq   %soft  %steal  %guest  %gnice   %idle
11:48:07 PM    0   30.85    0.00   19.15    0.00    0.00    9.57    0.00    0.00    0.00   40.43
11:48:07 PM    1   27.38    0.00    8.33    0.00    0.00    2.38    0.00    0.00    0.00   61.90

11:48:07 PM  CPU    %usr   %nice    %sys %iowait    %irq   %soft  %steal  %guest  %gnice   %idle
11:48:08 PM    0   30.21    0.00   16.67    0.00    0.00   13.54    0.00    0.00    0.00   39.58
11:48:08 PM    1   23.46    0.00    8.64    0.00    0.00    2.47    0.00    0.00    0.00   65.43

11:48:08 PM  CPU    %usr   %nice    %sys %iowait    %irq   %soft  %steal  %guest  %gnice   %idle
11:48:09 PM    0   29.79    0.00   23.40    0.00    0.00    6.38    0.00    0.00    0.00   40.43
11:48:09 PM    1   24.42    0.00   10.47    0.00    0.00    3.49    0.00    0.00    0.00   61.63

11:48:09 PM  CPU    %usr   %nice    %sys %iowait    %irq   %soft  %steal  %guest  %gnice   %idle
11:48:10 PM    0   38.04    0.00   15.22    0.00    0.00    6.52    0.00    0.00    0.00   40.22
11:48:10 PM    1   27.71    0.00    7.23    0.00    0.00    2.41    0.00    0.00    0.00   62.65

11:48:10 PM  CPU    %usr   %nice    %sys %iowait    %irq   %soft  %steal  %guest  %gnice   %idle
11:48:11 PM    0   38.04    0.00   16.30    0.00    0.00    5.43    0.00    0.00    0.00   40.22
11:48:11 PM    1   26.83    0.00    6.10    0.00    0.00    3.66    0.00    0.00    0.00   63.41

11:48:11 PM  CPU    %usr   %nice    %sys %iowait    %irq   %soft  %steal  %guest  %gnice   %idle
11:48:12 PM    0   32.98    0.00   19.15    0.00    0.00    8.51    0.00    0.00    0.00   39.36
11:48:12 PM    1   21.95    0.00   12.20    0.00    0.00    1.22    0.00    0.00    0.00   64.63

11:48:12 PM  CPU    %usr   %nice    %sys %iowait    %irq   %soft  %steal  %guest  %gnice   %idle
11:48:13 PM    0   38.30    0.00   12.77    0.00    0.00    8.51    0.00    0.00    0.00   40.43
11:48:13 PM    1   26.51    0.00    7.23    0.00    0.00    2.41    0.00    0.00    0.00   63.86

11:48:13 PM  CPU    %usr   %nice    %sys %iowait    %irq   %soft  %steal  %guest  %gnice   %idle
11:48:14 PM    0   36.56    0.00   18.28    0.00    0.00    4.30    0.00    0.00    0.00   40.86
11:48:14 PM    1   24.10    0.00    8.43    0.00    0.00    3.61    0.00    0.00    0.00   63.86

11:48:14 PM  CPU    %usr   %nice    %sys %iowait    %irq   %soft  %steal  %guest  %gnice   %idle
11:48:15 PM    0   34.00    0.00   18.00    0.00    0.00   10.00    0.00    0.00    0.00   38.00
11:48:15 PM    1   25.58    0.00    6.98    0.00    0.00    4.65    0.00    0.00    0.00   62.79

11:48:15 PM  CPU    %usr   %nice    %sys %iowait    %irq   %soft  %steal  %guest  %gnice   %idle
11:48:16 PM    0   35.11    0.00   17.02    0.00    0.00    8.51    0.00    0.00    0.00   39.36
11:48:16 PM    1   28.57    0.00    5.95    0.00    0.00    3.57    0.00    0.00    0.00   61.90

11:48:16 PM  CPU    %usr   %nice    %sys %iowait    %irq   %soft  %steal  %guest  %gnice   %idle
11:48:17 PM    0   36.56    0.00   18.28    0.00    0.00    5.38    0.00    0.00    0.00   39.78
11:48:17 PM    1   25.58    0.00   10.47    0.00    0.00    3.49    0.00    0.00    0.00   60.47

11:48:17 PM  CPU    %usr   %nice    %sys %iowait    %irq   %soft  %steal  %guest  %gnice   %idle
11:48:18 PM    0   32.29    0.00   16.67    0.00    0.00   10.42    0.00    0.00    0.00   40.62
11:48:18 PM    1   28.24    0.00    5.88    0.00    0.00    2.35    0.00    0.00    0.00   63.53

11:48:18 PM  CPU    %usr   %nice    %sys %iowait    %irq   %soft  %steal  %guest  %gnice   %idle
11:48:19 PM    0   37.50    0.00   19.79    0.00    0.00    7.29    0.00    0.00    0.00   35.42
11:48:19 PM    1   23.17    0.00   10.98    0.00    0.00    3.66    0.00    0.00    0.00   62.20

11:48:19 PM  CPU    %usr   %nice    %sys %iowait    %irq   %soft  %steal  %guest  %gnice   %idle
11:48:20 PM    0   33.70    0.00   19.57    0.00    0.00    6.52    0.00    0.00    0.00   40.22
11:48:20 PM    1   25.30    0.00   10.84    0.00    0.00    1.20    0.00    0.00    0.00   62.65

11:48:20 PM  CPU    %usr   %nice    %sys %iowait    %irq   %soft  %steal  %guest  %gnice   %idle
11:48:21 PM    0   34.78    0.00   16.30    0.00    0.00    7.61    0.00    0.00    0.00   41.30
11:48:21 PM    1   28.57    0.00    4.76    0.00    0.00    3.57    0.00    0.00    0.00   63.10

11:48:21 PM  CPU    %usr   %nice    %sys %iowait    %irq   %soft  %steal  %guest  %gnice   %idle
11:48:22 PM    0   34.38    0.00   18.75    1.04    0.00    6.25    0.00    0.00    0.00   39.58
11:48:22 PM    1   24.71    0.00    7.06    0.00    0.00    4.71    0.00    0.00    0.00   63.53

11:48:22 PM  CPU    %usr   %nice    %sys %iowait    %irq   %soft  %steal  %guest  %gnice   %idle
11:48:23 PM    0   35.16    0.00   16.48    0.00    0.00    8.79    0.00    0.00    0.00   39.56
11:48:23 PM    1   25.61    0.00    8.54    0.00    0.00    1.22    0.00    0.00    0.00   64.63

11:48:23 PM  CPU    %usr   %nice    %sys %iowait    %irq   %soft  %steal  %guest  %gnice   %idle
11:48:24 PM    0   38.30    0.00   17.02    1.06    0.00    6.38    0.00    0.00    0.00   37.23
11:48:24 PM    1   26.83    0.00    8.54    0.00    0.00    1.22    0.00    0.00    0.00   63.41

11:48:24 PM  CPU    %usr   %nice    %sys %iowait    %irq   %soft  %steal  %guest  %gnice   %idle
11:48:25 PM    0   31.52    0.00   19.57    0.00    0.00    6.52    0.00    0.00    0.00   42.39
11:48:25 PM    1   23.46    0.00    7.41    0.00    0.00    2.47    0.00    0.00    0.00   66.67

11:48:25 PM  CPU    %usr   %nice    %sys %iowait    %irq   %soft  %steal  %guest  %gnice   %idle
11:48:26 PM    0   32.98    0.00   20.21    0.00    0.00    8.51    0.00    0.00    0.00   38.30
11:48:26 PM    1   29.76    0.00    7.14    0.00    0.00    1.19    0.00    0.00    0.00   61.90

11:48:26 PM  CPU    %usr   %nice    %sys %iowait    %irq   %soft  %steal  %guest  %gnice   %idle
11:48:27 PM    0   32.98    0.00   19.15    0.00    0.00    6.38    0.00    0.00    0.00   41.49
11:48:27 PM    1   21.18    0.00   10.59    0.00    0.00    4.71    0.00    0.00    0.00   63.53

11:48:27 PM  CPU    %usr   %nice    %sys %iowait    %irq   %soft  %steal  %guest  %gnice   %idle
11:48:28 PM    0   29.67    0.00   18.68    0.00    0.00    9.89    0.00    0.00    0.00   41.76
11:48:28 PM    1   28.92    0.00    7.23    0.00    0.00    1.20    0.00    0.00    0.00   62.65

11:48:28 PM  CPU    %usr   %nice    %sys %iowait    %irq   %soft  %steal  %guest  %gnice   %idle
11:48:29 PM    0   39.78    0.00   17.20    0.00    0.00    3.23    0.00    0.00    0.00   39.78
11:48:29 PM    1   25.93    0.00    7.41    0.00    0.00    2.47    0.00    0.00    0.00   64.20

11:48:29 PM  CPU    %usr   %nice    %sys %iowait    %irq   %soft  %steal  %guest  %gnice   %idle
11:48:30 PM    0   37.89    0.00   14.74    0.00    0.00    8.42    0.00    0.00    0.00   38.95
11:48:30 PM    1   27.38    0.00    8.33    0.00    0.00    2.38    0.00    0.00    0.00   61.90

11:48:30 PM  CPU    %usr   %nice    %sys %iowait    %irq   %soft  %steal  %guest  %gnice   %idle
11:48:31 PM    0   35.05    0.00   18.56    0.00    0.00    8.25    0.00    0.00    0.00   38.14
11:48:31 PM    1   24.42    0.00    8.14    0.00    0.00    5.81    0.00    0.00    0.00   61.63

11:48:31 PM  CPU    %usr   %nice    %sys %iowait    %irq   %soft  %steal  %guest  %gnice   %idle
11:48:32 PM    0   38.30    0.00   14.89    0.00    0.00    7.45    0.00    0.00    0.00   39.36
11:48:32 PM    1   25.30    0.00    8.43    0.00    0.00    2.41    0.00    0.00    0.00   63.86

11:48:32 PM  CPU    %usr   %nice    %sys %iowait    %irq   %soft  %steal  %guest  %gnice   %idle
11:48:33 PM    0   37.50    0.00   15.62    0.00    0.00    8.33    0.00    0.00    0.00   38.54
11:48:33 PM    1   28.05    0.00    8.54    0.00    0.00    1.22    0.00    0.00    0.00   62.20

11:48:33 PM  CPU    %usr   %nice    %sys %iowait    %irq   %soft  %steal  %guest  %gnice   %idle
11:48:34 PM    0   36.26    0.00   18.68    0.00    0.00    5.49    0.00    0.00    0.00   39.56
11:48:34 PM    1   28.24    0.00    9.41    0.00    0.00    1.18    0.00    0.00    0.00   61.18

11:48:34 PM  CPU    %usr   %nice    %sys %iowait    %irq   %soft  %steal  %guest  %gnice   %idle
11:48:35 PM    0   34.69    0.00   18.37    0.00    0.00   10.20    0.00    0.00    0.00   36.73
11:48:35 PM    1   25.88    0.00    8.24    0.00    0.00    5.88    0.00    0.00    0.00   60.00

11:48:35 PM  CPU    %usr   %nice    %sys %iowait    %irq   %soft  %steal  %guest  %gnice   %idle
11:48:36 PM    0   36.84    0.00   16.84    0.00    0.00    7.37    0.00    0.00    0.00   38.95
11:48:36 PM    1   25.00    0.00   10.71    0.00    0.00    2.38    0.00    0.00    0.00   61.90

11:48:36 PM  CPU    %usr   %nice    %sys %iowait    %irq   %soft  %steal  %guest  %gnice   %idle
11:48:37 PM    0   35.11    0.00   17.02    0.00    0.00    7.45    0.00    0.00    0.00   40.43
11:48:37 PM    1   25.29    0.00    9.20    0.00    0.00    3.45    0.00    0.00    0.00   62.07

11:48:37 PM  CPU    %usr   %nice    %sys %iowait    %irq   %soft  %steal  %guest  %gnice   %idle
11:48:38 PM    0   35.42    0.00   16.67    0.00    0.00    9.38    0.00    0.00    0.00   38.54
11:48:38 PM    1   26.19    0.00    7.14    0.00    0.00    3.57    0.00    0.00    0.00   63.10

11:48:38 PM  CPU    %usr   %nice    %sys %iowait    %irq   %soft  %steal  %guest  %gnice   %idle
11:48:39 PM    0   36.46    0.00   16.67    0.00    0.00    8.33    0.00    0.00    0.00   38.54
11:48:39 PM    1   21.18    0.00   11.76    0.00    0.00    2.35    0.00    0.00    0.00   64.71

11:48:39 PM  CPU    %usr   %nice    %sys %iowait    %irq   %soft  %steal  %guest  %gnice   %idle
11:48:40 PM    0   34.78    0.00   16.30    0.00    0.00    7.61    0.00    0.00    0.00   41.30
11:48:40 PM    1   24.10    0.00    9.64    0.00    0.00    3.61    0.00    0.00    0.00   62.65

11:48:40 PM  CPU    %usr   %nice    %sys %iowait    %irq   %soft  %steal  %guest  %gnice   %idle
11:48:41 PM    0   30.85    0.00   22.34    0.00    0.00    7.45    0.00    0.00    0.00   39.36
11:48:41 PM    1   28.05    0.00    7.32    0.00    0.00    1.22    0.00    0.00    0.00   63.41

11:48:41 PM  CPU    %usr   %nice    %sys %iowait    %irq   %soft  %steal  %guest  %gnice   %idle
11:48:42 PM    0   35.79    0.00   17.89    0.00    0.00    5.26    0.00    0.00    0.00   41.05
11:48:42 PM    1   23.53    0.00    8.24    0.00    0.00    3.53    0.00    0.00    0.00   64.71

11:48:42 PM  CPU    %usr   %nice    %sys %iowait    %irq   %soft  %steal  %guest  %gnice   %idle
11:48:43 PM    0   38.30    0.00   18.09    0.00    0.00    4.26    0.00    0.00    0.00   39.36
11:48:43 PM    1   22.89    0.00   10.84    0.00    0.00    3.61    0.00    0.00    0.00   62.65

11:48:43 PM  CPU    %usr   %nice    %sys %iowait    %irq   %soft  %steal  %guest  %gnice   %idle
11:48:44 PM    0   38.54    0.00   17.71    0.00    0.00    6.25    0.00    0.00    0.00   37.50
11:48:44 PM    1   25.00    0.00    9.52    0.00    0.00    3.57    0.00    0.00    0.00   61.90

11:48:44 PM  CPU    %usr   %nice    %sys %iowait    %irq   %soft  %steal  %guest  %gnice   %idle
11:48:45 PM    0   36.26    0.00   16.48    0.00    0.00    7.69    0.00    0.00    0.00   39.56
11:48:45 PM    1   28.05    0.00    7.32    0.00    0.00    3.66    0.00    0.00    0.00   60.98

11:48:45 PM  CPU    %usr   %nice    %sys %iowait    %irq   %soft  %steal  %guest  %gnice   %idle
11:48:46 PM    0   34.04    0.00   19.15    0.00    0.00    7.45    0.00    0.00    0.00   39.36
11:48:46 PM    1   20.48    0.00   13.25    0.00    0.00    2.41    0.00    0.00    0.00   63.86

11:48:46 PM  CPU    %usr   %nice    %sys %iowait    %irq   %soft  %steal  %guest  %gnice   %idle
11:48:47 PM    0   35.11    0.00   19.15    0.00    0.00    7.45    0.00    0.00    0.00   38.30
11:48:47 PM    1   25.61    0.00   12.20    0.00    0.00    1.22    0.00    0.00    0.00   60.98

11:48:47 PM  CPU    %usr   %nice    %sys %iowait    %irq   %soft  %steal  %guest  %gnice   %idle
11:48:48 PM    0   39.58    0.00   13.54    0.00    0.00    7.29    0.00    0.00    0.00   39.58
11:48:48 PM    1   28.92    0.00    8.43    0.00    0.00    0.00    0.00    0.00    0.00   62.65

11:48:48 PM  CPU    %usr   %nice    %sys %iowait    %irq   %soft  %steal  %guest  %gnice   %idle
11:48:49 PM    0   37.23    0.00   13.83    0.00    0.00   10.64    0.00    0.00    0.00   38.30
11:48:49 PM    1   28.57    0.00    7.14    0.00    0.00    2.38    0.00    0.00    0.00   61.90

11:48:49 PM  CPU    %usr   %nice    %sys %iowait    %irq   %soft  %steal  %guest  %gnice   %idle
11:48:50 PM    0   37.89    0.00   20.00    0.00    0.00    4.21    0.00    0.00    0.00   37.89
11:48:50 PM    1   23.81    0.00    9.52    0.00    0.00    3.57    0.00    0.00    0.00   63.10

11:48:50 PM  CPU    %usr   %nice    %sys %iowait    %irq   %soft  %steal  %guest  %gnice   %idle
11:48:51 PM    0   35.48    0.00   16.13    0.00    0.00    8.60    0.00    0.00    0.00   39.78
11:48:51 PM    1   25.61    0.00    7.32    0.00    0.00    2.44    0.00    0.00    0.00   64.63

11:48:51 PM  CPU    %usr   %nice    %sys %iowait    %irq   %soft  %steal  %guest  %gnice   %idle
11:48:52 PM    0   35.48    0.00   17.20    0.00    0.00    7.53    0.00    0.00    0.00   39.78
11:48:52 PM    1   26.19    0.00    8.33    0.00    0.00    2.38    0.00    0.00    0.00   63.10

11:48:52 PM  CPU    %usr   %nice    %sys %iowait    %irq   %soft  %steal  %guest  %gnice   %idle
11:48:53 PM    0   37.36    0.00   18.68    0.00    0.00    3.30    0.00    0.00    0.00   40.66
11:48:53 PM    1   26.83    0.00    6.10    0.00    0.00    2.44    0.00    0.00    0.00   64.63

11:48:53 PM  CPU    %usr   %nice    %sys %iowait    %irq   %soft  %steal  %guest  %gnice   %idle
11:48:54 PM    0   39.36    0.00   14.89    0.00    0.00    7.45    0.00    0.00    0.00   38.30
11:48:54 PM    1   25.61    0.00    7.32    0.00    0.00    3.66    0.00    0.00    0.00   63.41

11:48:54 PM  CPU    %usr   %nice    %sys %iowait    %irq   %soft  %steal  %guest  %gnice   %idle
11:48:55 PM    0   33.33    0.00   18.89    0.00    0.00    6.67    0.00    0.00    0.00   41.11
11:48:55 PM    1   27.71    0.00    7.23    0.00    0.00    2.41    0.00    0.00    0.00   62.65

11:48:55 PM  CPU    %usr   %nice    %sys %iowait    %irq   %soft  %steal  %guest  %gnice   %idle
11:48:56 PM    0   32.99    0.00   19.59    0.00    0.00    7.22    0.00    0.00    0.00   40.21
11:48:56 PM    1   25.30    0.00    8.43    0.00    0.00    2.41    0.00    0.00    0.00   63.86

11:48:56 PM  CPU    %usr   %nice    %sys %iowait    %irq   %soft  %steal  %guest  %gnice   %idle
11:48:57 PM    0   34.41    0.00   21.51    0.00    0.00    4.30    0.00    0.00    0.00   39.78
11:48:57 PM    1   25.30    0.00    8.43    0.00    0.00    3.61    0.00    0.00    0.00   62.65

11:48:57 PM  CPU    %usr   %nice    %sys %iowait    %irq   %soft  %steal  %guest  %gnice   %idle
11:48:58 PM    0   36.17    0.00   19.15    0.00    0.00    6.38    0.00    0.00    0.00   38.30
11:48:58 PM    1   20.48    0.00   12.05    0.00    0.00    4.82    0.00    0.00    0.00   62.65

11:48:58 PM  CPU    %usr   %nice    %sys %iowait    %irq   %soft  %steal  %guest  %gnice   %idle
11:48:59 PM    0   37.08    0.00   17.98    0.00    0.00    4.49    0.00    0.00    0.00   40.45
11:48:59 PM    1   27.91    0.00    9.30    0.00    0.00    1.16    0.00    0.00    0.00   61.63

11:48:59 PM  CPU    %usr   %nice    %sys %iowait    %irq   %soft  %steal  %guest  %gnice   %idle
11:49:00 PM    0   36.56    0.00   16.13    0.00    0.00    7.53    0.00    0.00    0.00   39.78
11:49:00 PM    1   24.10    0.00    8.43    0.00    0.00    3.61    0.00    0.00    0.00   63.86

11:49:00 PM  CPU    %usr   %nice    %sys %iowait    %irq   %soft  %steal  %guest  %gnice   %idle
11:49:01 PM    0   36.08    0.00   20.62    0.00    0.00    5.15    0.00    0.00    0.00   38.14
11:49:01 PM    1   23.53    0.00   10.59    0.00    0.00    4.71    0.00    0.00    0.00   61.18

11:49:01 PM  CPU    %usr   %nice    %sys %iowait    %irq   %soft  %steal  %guest  %gnice   %idle
11:49:02 PM    0   37.89    0.00   15.79    0.00    0.00    6.32    0.00    0.00    0.00   40.00
11:49:02 PM    1   25.30    0.00    8.43    0.00    0.00    2.41    0.00    0.00    0.00   63.86

11:49:02 PM  CPU    %usr   %nice    %sys %iowait    %irq   %soft  %steal  %guest  %gnice   %idle
11:49:03 PM    0   37.63    0.00   19.35    0.00    0.00    5.38    0.00    0.00    0.00   37.63
11:49:03 PM    1   27.06    0.00   10.59    0.00    0.00    2.35    0.00    0.00    0.00   60.00

11:49:03 PM  CPU    %usr   %nice    %sys %iowait    %irq   %soft  %steal  %guest  %gnice   %idle
11:49:04 PM    0   33.33    0.00   18.28    0.00    0.00    7.53    0.00    0.00    0.00   40.86
11:49:04 PM    1   25.00    0.00    8.33    0.00    0.00    2.38    0.00    0.00    0.00   64.29

11:49:04 PM  CPU    %usr   %nice    %sys %iowait    %irq   %soft  %steal  %guest  %gnice   %idle
11:49:05 PM    0   35.42    0.00   14.58    0.00    0.00   10.42    0.00    0.00    0.00   39.58
11:49:05 PM    1   24.39    0.00    8.54    0.00    0.00    1.22    0.00    0.00    0.00   65.85

11:49:05 PM  CPU    %usr   %nice    %sys %iowait    %irq   %soft  %steal  %guest  %gnice   %idle
11:49:06 PM    0   36.56    0.00   18.28    0.00    0.00    5.38    0.00    0.00    0.00   39.78
11:49:06 PM    1   26.51    0.00    8.43    0.00    0.00    1.20    0.00    0.00    0.00   63.86

11:49:06 PM  CPU    %usr   %nice    %sys %iowait    %irq   %soft  %steal  %guest  %gnice   %idle
11:49:07 PM    0   35.05    0.00   18.56    0.00    0.00    9.28    0.00    0.00    0.00   37.11
11:49:07 PM    1   26.51    0.00   10.84    0.00    0.00    2.41    0.00    0.00    0.00   60.24

11:49:07 PM  CPU    %usr   %nice    %sys %iowait    %irq   %soft  %steal  %guest  %gnice   %idle
11:49:08 PM    0   35.35    0.00   14.14    0.00    0.00   13.13    0.00    0.00    0.00   37.37
11:49:08 PM    1   27.71    0.00    7.23    0.00    0.00    2.41    0.00    0.00    0.00   62.65

11:49:08 PM  CPU    %usr   %nice    %sys %iowait    %irq   %soft  %steal  %guest  %gnice   %idle
11:49:09 PM    0   30.11    0.00   20.43    0.00    0.00    7.53    0.00    0.00    0.00   41.94
11:49:09 PM    1   24.10    0.00    9.64    0.00    0.00    1.20    0.00    0.00    0.00   65.06

11:49:09 PM  CPU    %usr   %nice    %sys %iowait    %irq   %soft  %steal  %guest  %gnice   %idle
11:49:10 PM    0   36.17    0.00   14.89    0.00    0.00    8.51    0.00    0.00    0.00   40.43
11:49:10 PM    1   24.39    0.00    7.32    0.00    0.00    3.66    0.00    0.00    0.00   64.63

11:49:10 PM  CPU    %usr   %nice    %sys %iowait    %irq   %soft  %steal  %guest  %gnice   %idle
11:49:11 PM    0   39.36    0.00   14.89    0.00    0.00    6.38    0.00    0.00    0.00   39.36
11:49:11 PM    1   27.38    0.00    9.52    0.00    0.00    1.19    0.00    0.00    0.00   61.90

11:49:11 PM  CPU    %usr   %nice    %sys %iowait    %irq   %soft  %steal  %guest  %gnice   %idle
11:49:12 PM    0   31.46    0.00   17.98    0.00    0.00    8.99    0.00    0.00    0.00   41.57
11:49:12 PM    1   22.89    0.00   12.05    0.00    0.00    1.20    0.00    0.00    0.00   63.86

11:49:12 PM  CPU    %usr   %nice    %sys %iowait    %irq   %soft  %steal  %guest  %gnice   %idle
11:49:13 PM    0   31.58    0.00   17.89    0.00    0.00   11.58    0.00    0.00    0.00   38.95
11:49:13 PM    1   23.17    0.00   10.98    0.00    0.00    2.44    0.00    0.00    0.00   63.41

11:49:13 PM  CPU    %usr   %nice    %sys %iowait    %irq   %soft  %steal  %guest  %gnice   %idle
11:49:14 PM    0   38.89    0.00   12.22    0.00    0.00    7.78    0.00    0.00    0.00   41.11
11:49:14 PM    1   25.00    0.00    8.75    0.00    0.00    0.00    0.00    0.00    0.00   66.25

11:49:14 PM  CPU    %usr   %nice    %sys %iowait    %irq   %soft  %steal  %guest  %gnice   %idle
11:49:15 PM    0   32.98    0.00   17.02    0.00    0.00    8.51    0.00    0.00    0.00   41.49
11:49:15 PM    1   19.75    0.00    9.88    0.00    0.00    4.94    0.00    0.00    0.00   65.43

11:49:15 PM  CPU    %usr   %nice    %sys %iowait    %irq   %soft  %steal  %guest  %gnice   %idle
11:49:16 PM    0   34.74    0.00   18.95    0.00    0.00    8.42    0.00    0.00    0.00   37.89
11:49:16 PM    1   27.71    0.00    7.23    0.00    0.00    2.41    0.00    0.00    0.00   62.65

11:49:16 PM  CPU    %usr   %nice    %sys %iowait    %irq   %soft  %steal  %guest  %gnice   %idle
11:49:17 PM    0   37.23    0.00   14.89    0.00    0.00    8.51    0.00    0.00    0.00   39.36
11:49:17 PM    1   25.88    0.00    9.41    0.00    0.00    2.35    0.00    0.00    0.00   62.35

11:49:17 PM  CPU    %usr   %nice    %sys %iowait    %irq   %soft  %steal  %guest  %gnice   %idle
11:49:18 PM    0   33.70    0.00   17.39    0.00    0.00    9.78    0.00    0.00    0.00   39.13
11:49:18 PM    1   26.51    0.00    7.23    0.00    0.00    3.61    0.00    0.00    0.00   62.65

11:49:18 PM  CPU    %usr   %nice    %sys %iowait    %irq   %soft  %steal  %guest  %gnice   %idle
11:49:19 PM    0   34.38    0.00   16.67    0.00    0.00    9.38    0.00    0.00    0.00   39.58
11:49:19 PM    1   25.61    0.00    6.10    0.00    0.00    2.44    0.00    0.00    0.00   65.85

11:49:19 PM  CPU    %usr   %nice    %sys %iowait    %irq   %soft  %steal  %guest  %gnice   %idle
11:49:20 PM    0   37.11    0.00   19.59    0.00    0.00    6.19    0.00    0.00    0.00   37.11
11:49:20 PM    1   27.91    0.00    8.14    0.00    0.00    4.65    0.00    0.00    0.00   59.30

11:49:20 PM  CPU    %usr   %nice    %sys %iowait    %irq   %soft  %steal  %guest  %gnice   %idle
11:49:21 PM    0   34.41    0.00   18.28    0.00    0.00    7.53    0.00    0.00    0.00   39.78
11:49:21 PM    1   23.53    0.00   10.59    0.00    0.00    4.71    0.00    0.00    0.00   61.18

11:49:21 PM  CPU    %usr   %nice    %sys %iowait    %irq   %soft  %steal  %guest  %gnice   %idle
11:49:22 PM    0   34.07    0.00   17.58    0.00    0.00    7.69    0.00    0.00    0.00   40.66
11:49:22 PM    1   24.69    0.00    9.88    0.00    0.00    1.23    0.00    0.00    0.00   64.20

11:49:22 PM  CPU    %usr   %nice    %sys %iowait    %irq   %soft  %steal  %guest  %gnice   %idle
11:49:23 PM    0   37.36    0.00   17.58    0.00    0.00    4.40    0.00    0.00    0.00   40.66
11:49:23 PM    1   21.43    0.00   10.71    0.00    0.00    5.95    0.00    0.00    0.00   61.90

11:49:23 PM  CPU    %usr   %nice    %sys %iowait    %irq   %soft  %steal  %guest  %gnice   %idle
11:49:24 PM    0   29.90    0.00   20.62    0.00    0.00    9.28    0.00    0.00    0.00   40.21
11:49:24 PM    1   25.58    0.00    6.98    0.00    0.00    4.65    0.00    0.00    0.00   62.79

11:49:24 PM  CPU    %usr   %nice    %sys %iowait    %irq   %soft  %steal  %guest  %gnice   %idle
11:49:25 PM    0   32.99    0.00   18.56    0.00    0.00    9.28    0.00    0.00    0.00   39.18
11:49:25 PM    1   24.10    0.00    8.43    0.00    0.00    3.61    0.00    0.00    0.00   63.86

11:49:25 PM  CPU    %usr   %nice    %sys %iowait    %irq   %soft  %steal  %guest  %gnice   %idle
11:49:26 PM    0   36.17    0.00   12.77    0.00    0.00    9.57    0.00    0.00    0.00   41.49
11:49:26 PM    1   24.69    0.00    6.17    0.00    0.00    2.47    0.00    0.00    0.00   66.67

11:49:26 PM  CPU    %usr   %nice    %sys %iowait    %irq   %soft  %steal  %guest  %gnice   %idle
11:49:27 PM    0   33.68    0.00   18.95    0.00    0.00    9.47    0.00    0.00    0.00   37.89
11:49:27 PM    1   27.91    0.00    9.30    0.00    0.00    3.49    0.00    0.00    0.00   59.30

11:49:27 PM  CPU    %usr   %nice    %sys %iowait    %irq   %soft  %steal  %guest  %gnice   %idle
11:49:28 PM    0   36.26    0.00   12.09    0.00    0.00    8.79    0.00    0.00    0.00   42.86
11:49:28 PM    1   24.10    0.00    8.43    0.00    0.00    2.41    0.00    0.00    0.00   65.06

11:49:28 PM  CPU    %usr   %nice    %sys %iowait    %irq   %soft  %steal  %guest  %gnice   %idle
11:49:29 PM    0   35.96    0.00   17.98    0.00    0.00    7.87    0.00    0.00    0.00   38.20
11:49:29 PM    1   26.51    0.00    7.23    0.00    0.00    3.61    0.00    0.00    0.00   62.65

11:49:29 PM  CPU    %usr   %nice    %sys %iowait    %irq   %soft  %steal  %guest  %gnice   %idle
11:49:30 PM    0   34.02    0.00   17.53    0.00    0.00    9.28    0.00    0.00    0.00   39.18
11:49:30 PM    1   25.00    0.00   10.71    0.00    0.00    2.38    0.00    0.00    0.00   61.90

11:49:30 PM  CPU    %usr   %nice    %sys %iowait    %irq   %soft  %steal  %guest  %gnice   %idle
11:49:31 PM    0   35.48    0.00   17.20    0.00    0.00    6.45    0.00    0.00    0.00   40.86
11:49:31 PM    1   26.51    0.00    7.23    0.00    0.00    1.20    0.00    0.00    0.00   65.06

11:49:31 PM  CPU    %usr   %nice    %sys %iowait    %irq   %soft  %steal  %guest  %gnice   %idle
11:49:32 PM    0   32.61    0.00   19.57    0.00    0.00    6.52    0.00    0.00    0.00   41.30
11:49:32 PM    1   22.22    0.00    8.64    0.00    0.00    3.70    0.00    0.00    0.00   65.43

11:49:32 PM  CPU    %usr   %nice    %sys %iowait    %irq   %soft  %steal  %guest  %gnice   %idle
11:49:33 PM    0   32.29    0.00   16.67    0.00    0.00   10.42    0.00    0.00    0.00   40.62
11:49:33 PM    1   28.05    0.00    4.88    0.00    0.00    1.22    0.00    0.00    0.00   65.85

11:49:33 PM  CPU    %usr   %nice    %sys %iowait    %irq   %soft  %steal  %guest  %gnice   %idle
11:49:34 PM    0   32.18    0.00   17.24    0.00    0.00    9.20    0.00    0.00    0.00   41.38
11:49:34 PM    1   24.69    0.00    9.88    0.00    0.00    1.23    0.00    0.00    0.00   64.20

11:49:34 PM  CPU    %usr   %nice    %sys %iowait    %irq   %soft  %steal  %guest  %gnice   %idle
11:49:35 PM    0   37.23    0.00   15.96    0.00    0.00    6.38    0.00    0.00    0.00   40.43
11:49:35 PM    1   25.93    0.00    7.41    0.00    0.00    2.47    0.00    0.00    0.00   64.20

11:49:35 PM  CPU    %usr   %nice    %sys %iowait    %irq   %soft  %steal  %guest  %gnice   %idle
11:49:36 PM    0   36.96    0.00   17.39    0.00    0.00    6.52    0.00    0.00    0.00   39.13
11:49:36 PM    1   26.51    0.00    8.43    0.00    0.00    2.41    0.00    0.00    0.00   62.65

11:49:36 PM  CPU    %usr   %nice    %sys %iowait    %irq   %soft  %steal  %guest  %gnice   %idle
11:49:37 PM    0   31.52    0.00   18.48    0.00    0.00    8.70    0.00    0.00    0.00   41.30
11:49:37 PM    1   26.51    0.00    7.23    0.00    0.00    2.41    0.00    0.00    0.00   63.86

11:49:37 PM  CPU    %usr   %nice    %sys %iowait    %irq   %soft  %steal  %guest  %gnice   %idle
11:49:38 PM    0   34.38    0.00   18.75    0.00    0.00    8.33    0.00    0.00    0.00   38.54
11:49:38 PM    1   23.81    0.00    9.52    0.00    0.00    3.57    0.00    0.00    0.00   63.10

11:49:38 PM  CPU    %usr   %nice    %sys %iowait    %irq   %soft  %steal  %guest  %gnice   %idle
11:49:39 PM    0   34.07    0.00   20.88    0.00    0.00    6.59    0.00    0.00    0.00   38.46
11:49:39 PM    1   25.30    0.00   10.84    0.00    0.00    2.41    0.00    0.00    0.00   61.45

11:49:39 PM  CPU    %usr   %nice    %sys %iowait    %irq   %soft  %steal  %guest  %gnice   %idle
11:49:40 PM    0   30.00    0.00   20.00    0.00    0.00    7.78    0.00    0.00    0.00   42.22
11:49:40 PM    1   22.89    0.00    8.43    0.00    0.00    3.61    0.00    0.00    0.00   65.06

11:49:40 PM  CPU    %usr   %nice    %sys %iowait    %irq   %soft  %steal  %guest  %gnice   %idle
11:49:41 PM    0   35.48    0.00   15.05    0.00    0.00   10.75    0.00    0.00    0.00   38.71
11:49:41 PM    1   24.05    0.00    7.59    0.00    0.00    2.53    0.00    0.00    0.00   65.82

11:49:41 PM  CPU    %usr   %nice    %sys %iowait    %irq   %soft  %steal  %guest  %gnice   %idle
11:49:42 PM    0   34.38    0.00   18.75    0.00    0.00    7.29    0.00    0.00    0.00   39.58
11:49:42 PM    1   23.53    0.00    9.41    0.00    0.00    2.35    0.00    0.00    0.00   64.71

11:49:42 PM  CPU    %usr   %nice    %sys %iowait    %irq   %soft  %steal  %guest  %gnice   %idle
11:49:43 PM    0   41.11    0.00   11.11    0.00    0.00    6.67    0.00    0.00    0.00   41.11
11:49:43 PM    1   26.83    0.00    8.54    0.00    0.00    1.22    0.00    0.00    0.00   63.41

11:49:43 PM  CPU    %usr   %nice    %sys %iowait    %irq   %soft  %steal  %guest  %gnice   %idle
11:49:44 PM    0   34.74    0.00   14.74    0.00    0.00    8.42    0.00    0.00    0.00   42.11
11:49:44 PM    1   25.29    0.00   10.34    0.00    0.00    2.30    0.00    0.00    0.00   62.07

11:49:44 PM  CPU    %usr   %nice    %sys %iowait    %irq   %soft  %steal  %guest  %gnice   %idle
11:49:45 PM    0   37.89    0.00   16.84    0.00    0.00    8.42    0.00    0.00    0.00   36.84
11:49:45 PM    1   29.76    0.00    9.52    0.00    0.00    1.19    0.00    0.00    0.00   59.52

11:49:45 PM  CPU    %usr   %nice    %sys %iowait    %irq   %soft  %steal  %guest  %gnice   %idle
11:49:46 PM    0   37.76    0.00   16.33    0.00    0.00    8.16    0.00    0.00    0.00   37.76
11:49:46 PM    1   25.61    0.00    8.54    0.00    0.00    2.44    0.00    0.00    0.00   63.41

11:49:46 PM  CPU    %usr   %nice    %sys %iowait    %irq   %soft  %steal  %guest  %gnice   %idle
11:49:47 PM    0   37.63    0.00   15.05    0.00    0.00    8.60    0.00    0.00    0.00   38.71
11:49:47 PM    1   23.46    0.00   11.11    0.00    0.00    1.23    0.00    0.00    0.00   64.20

11:49:47 PM  CPU    %usr   %nice    %sys %iowait    %irq   %soft  %steal  %guest  %gnice   %idle
11:49:48 PM    0   36.17    0.00   19.15    0.00    0.00    6.38    0.00    0.00    0.00   38.30
11:49:48 PM    1   25.88    0.00   10.59    0.00    0.00    2.35    0.00    0.00    0.00   61.18

11:49:48 PM  CPU    %usr   %nice    %sys %iowait    %irq   %soft  %steal  %guest  %gnice   %idle
11:49:49 PM    0   36.96    0.00   19.57    0.00    0.00    4.35    0.00    0.00    0.00   39.13
11:49:49 PM    1   26.83    0.00    6.10    0.00    0.00    3.66    0.00    0.00    0.00   63.41

11:49:49 PM  CPU    %usr   %nice    %sys %iowait    %irq   %soft  %steal  %guest  %gnice   %idle
11:49:50 PM    0   35.42    0.00   18.75    0.00    0.00    7.29    0.00    0.00    0.00   38.54
11:49:50 PM    1   24.39    0.00    9.76    0.00    0.00    2.44    0.00    0.00    0.00   63.41

11:49:50 PM  CPU    %usr   %nice    %sys %iowait    %irq   %soft  %steal  %guest  %gnice   %idle
11:49:51 PM    0   39.36    0.00   14.89    0.00    0.00    6.38    0.00    0.00    0.00   39.36
11:49:51 PM    1   24.10    0.00    9.64    0.00    0.00    2.41    0.00    0.00    0.00   63.86

11:49:51 PM  CPU    %usr   %nice    %sys %iowait    %irq   %soft  %steal  %guest  %gnice   %idle
11:49:52 PM    0   35.42    0.00   15.62    0.00    0.00   10.42    0.00    0.00    0.00   38.54
11:49:52 PM    1   25.93    0.00    9.88    0.00    0.00    0.00    0.00    0.00    0.00   64.20

11:49:52 PM  CPU    %usr   %nice    %sys %iowait    %irq   %soft  %steal  %guest  %gnice   %idle
11:49:53 PM    0   31.87    0.00   16.48    0.00    0.00   12.09    0.00    0.00    0.00   39.56
11:49:53 PM    1   24.39    0.00    9.76    0.00    0.00    2.44    0.00    0.00    0.00   63.41

11:49:53 PM  CPU    %usr   %nice    %sys %iowait    %irq   %soft  %steal  %guest  %gnice   %idle
11:49:54 PM    0   36.84    0.00   12.63    0.00    0.00    8.42    0.00    0.00    0.00   42.11
11:49:54 PM    1   24.71    0.00    5.88    0.00    0.00    4.71    0.00    0.00    0.00   64.71

11:49:54 PM  CPU    %usr   %nice    %sys %iowait    %irq   %soft  %steal  %guest  %gnice   %idle
11:49:55 PM    0   32.63    0.00   14.74    0.00    0.00   12.63    0.00    0.00    0.00   40.00
11:49:55 PM    1   25.00    0.00    7.14    0.00    0.00    3.57    0.00    0.00    0.00   64.29

11:49:55 PM  CPU    %usr   %nice    %sys %iowait    %irq   %soft  %steal  %guest  %gnice   %idle
11:49:56 PM    0   38.04    0.00   15.22    0.00    0.00    7.61    0.00    0.00    0.00   39.13
11:49:56 PM    1   24.69    0.00    7.41    0.00    0.00    3.70    0.00    0.00    0.00   64.20

11:49:56 PM  CPU    %usr   %nice    %sys %iowait    %irq   %soft  %steal  %guest  %gnice   %idle
11:49:57 PM    0   35.11    0.00   14.89    0.00    0.00    9.57    0.00    0.00    0.00   40.43
11:49:57 PM    1   27.71    0.00    6.02    0.00    0.00    2.41    0.00    0.00    0.00   63.86

11:49:57 PM  CPU    %usr   %nice    %sys %iowait    %irq   %soft  %steal  %guest  %gnice   %idle
11:49:58 PM    0   32.29    0.00   17.71    0.00    0.00   10.42    0.00    0.00    0.00   39.58
11:49:58 PM    1   25.30    0.00    7.23    0.00    0.00    2.41    0.00    0.00    0.00   65.06

11:49:58 PM  CPU    %usr   %nice    %sys %iowait    %irq   %soft  %steal  %guest  %gnice   %idle
11:49:59 PM    0   38.30    0.00   15.96    0.00    0.00    5.32    0.00    0.00    0.00   40.43
11:49:59 PM    1   28.05    0.00    4.88    0.00    0.00    1.22    0.00    0.00    0.00   65.85

11:49:59 PM  CPU    %usr   %nice    %sys %iowait    %irq   %soft  %steal  %guest  %gnice   %idle
11:50:00 PM    0   32.98    0.00   19.15    0.00    0.00    9.57    0.00    0.00    0.00   38.30
11:50:00 PM    1   26.83    0.00    8.54    0.00    0.00    1.22    0.00    0.00    0.00   63.41

11:50:00 PM  CPU    %usr   %nice    %sys %iowait    %irq   %soft  %steal  %guest  %gnice   %idle
11:50:01 PM    0   38.71    0.00   15.05    0.00    0.00    7.53    0.00    0.00    0.00   38.71
11:50:01 PM    1   30.49    0.00    4.88    0.00    0.00    1.22    0.00    0.00    0.00   63.41

11:50:01 PM  CPU    %usr   %nice    %sys %iowait    %irq   %soft  %steal  %guest  %gnice   %idle
11:50:02 PM    0   34.83    0.00   17.98    0.00    0.00    6.74    0.00    0.00    0.00   40.45
11:50:02 PM    1   27.71    0.00    8.43    0.00    0.00    1.20    0.00    0.00    0.00   62.65

11:50:02 PM  CPU    %usr   %nice    %sys %iowait    %irq   %soft  %steal  %guest  %gnice   %idle
11:50:03 PM    0   32.29    0.00   20.83    0.00    0.00    9.38    0.00    0.00    0.00   37.50
11:50:03 PM    1   24.39    0.00    7.32    0.00    0.00    4.88    0.00    0.00    0.00   63.41

11:50:03 PM  CPU    %usr   %nice    %sys %iowait    %irq   %soft  %steal  %guest  %gnice   %idle
11:50:04 PM    0   34.78    0.00   17.39    0.00    0.00    7.61    0.00    0.00    0.00   40.22
11:50:04 PM    1   25.00    0.00    7.50    0.00    0.00    2.50    0.00    0.00    0.00   65.00

11:50:04 PM  CPU    %usr   %nice    %sys %iowait    %irq   %soft  %steal  %guest  %gnice   %idle
11:50:05 PM    0   38.30    0.00   14.89    0.00    0.00    6.38    0.00    0.00    0.00   40.43
11:50:05 PM    1   25.30    0.00    8.43    0.00    0.00    1.20    0.00    0.00    0.00   65.06

11:50:05 PM  CPU    %usr   %nice    %sys %iowait    %irq   %soft  %steal  %guest  %gnice   %idle
11:50:06 PM    0   35.48    0.00   19.35    0.00    0.00    5.38    0.00    0.00    0.00   39.78
11:50:06 PM    1   23.17    0.00   10.98    0.00    0.00    2.44    0.00    0.00    0.00   63.41

Average:     CPU    %usr   %nice    %sys %iowait    %irq   %soft  %steal  %guest  %gnice   %idle
Average:       0   35.29    0.00   17.34    0.02    0.00    7.77    0.00    0.00    0.00   39.58
Average:       1   25.50    0.00    8.59    0.00    0.00    2.67    0.00    0.00    0.00   63.25
