Linux 5.3.0-59-generic (ericmei) 	06/30/2020 	_x86_64_	(12 CPU)

12:06:25 AM  CPU    %usr   %nice    %sys %iowait    %irq   %soft  %steal  %guest  %gnice   %idle
12:06:26 AM    0   37.23    0.00   17.02    0.00    0.00    5.32    0.00    0.00    0.00   40.43
12:06:26 AM    1   21.18    0.00   10.59    0.00    0.00    5.88    0.00    0.00    0.00   62.35

12:06:26 AM  CPU    %usr   %nice    %sys %iowait    %irq   %soft  %steal  %guest  %gnice   %idle
12:06:27 AM    0   33.68    0.00   17.89    0.00    0.00    8.42    0.00    0.00    0.00   40.00
12:06:27 AM    1   24.10    0.00    8.43    0.00    0.00    2.41    0.00    0.00    0.00   65.06

12:06:27 AM  CPU    %usr   %nice    %sys %iowait    %irq   %soft  %steal  %guest  %gnice   %idle
12:06:28 AM    0   31.91    0.00   15.96    0.00    0.00   10.64    0.00    0.00    0.00   41.49
12:06:28 AM    1   21.95    0.00   12.20    0.00    0.00    1.22    0.00    0.00    0.00   64.63

12:06:28 AM  CPU    %usr   %nice    %sys %iowait    %irq   %soft  %steal  %guest  %gnice   %idle
12:06:29 AM    0   34.78    0.00   20.65    0.00    0.00    5.43    0.00    0.00    0.00   39.13
12:06:29 AM    1   24.69    0.00    7.41    0.00    0.00    2.47    0.00    0.00    0.00   65.43

12:06:29 AM  CPU    %usr   %nice    %sys %iowait    %irq   %soft  %steal  %guest  %gnice   %idle
12:06:30 AM    0   32.98    0.00   18.09    0.00    0.00    8.51    0.00    0.00    0.00   40.43
12:06:30 AM    1   25.30    0.00    8.43    0.00    0.00    3.61    0.00    0.00    0.00   62.65

12:06:30 AM  CPU    %usr   %nice    %sys %iowait    %irq   %soft  %steal  %guest  %gnice   %idle
12:06:31 AM    0   33.33    0.00   15.62    0.00    0.00   12.50    0.00    0.00    0.00   38.54
12:06:31 AM    1   28.92    0.00    6.02    0.00    0.00    1.20    0.00    0.00    0.00   63.86

12:06:31 AM  CPU    %usr   %nice    %sys %iowait    %irq   %soft  %steal  %guest  %gnice   %idle
12:06:32 AM    0   34.78    0.00   17.39    0.00    0.00    7.61    0.00    0.00    0.00   40.22
12:06:32 AM    1   24.39    0.00    9.76    0.00    0.00    2.44    0.00    0.00    0.00   63.41

12:06:32 AM  CPU    %usr   %nice    %sys %iowait    %irq   %soft  %steal  %guest  %gnice   %idle
12:06:33 AM    0   35.16    0.00   14.29    0.00    0.00    8.79    0.00    0.00    0.00   41.76
12:06:33 AM    1   24.39    0.00    7.32    0.00    0.00    2.44    0.00    0.00    0.00   65.85

12:06:33 AM  CPU    %usr   %nice    %sys %iowait    %irq   %soft  %steal  %guest  %gnice   %idle
12:06:34 AM    0   31.52    0.00   19.57    0.00    0.00    6.52    0.00    0.00    0.00   42.39
12:06:34 AM    1   23.17    0.00    9.76    0.00    0.00    2.44    0.00    0.00    0.00   64.63

12:06:34 AM  CPU    %usr   %nice    %sys %iowait    %irq   %soft  %steal  %guest  %gnice   %idle
12:06:35 AM    0   38.95    0.00   14.74    0.00    0.00    7.37    0.00    0.00    0.00   38.95
12:06:35 AM    1   25.32    0.00   10.13    0.00    0.00    0.00    0.00    0.00    0.00   64.56

12:06:35 AM  CPU    %usr   %nice    %sys %iowait    %irq   %soft  %steal  %guest  %gnice   %idle
12:06:36 AM    0   34.02    0.00   21.65    0.00    0.00    5.15    0.00    0.00    0.00   39.18
12:06:36 AM    1   24.69    0.00    7.41    0.00    0.00    2.47    0.00    0.00    0.00   65.43

12:06:36 AM  CPU    %usr   %nice    %sys %iowait    %irq   %soft  %steal  %guest  %gnice   %idle
12:06:37 AM    0   32.98    0.00   19.15    0.00    0.00    7.45    0.00    0.00    0.00   40.43
12:06:37 AM    1   24.39    0.00    7.32    0.00    0.00    3.66    0.00    0.00    0.00   64.63

12:06:37 AM  CPU    %usr   %nice    %sys %iowait    %irq   %soft  %steal  %guest  %gnice   %idle
12:06:38 AM    0   33.33    0.00   16.67    0.00    0.00   10.42    0.00    0.00    0.00   39.58
12:06:38 AM    1   26.44    0.00    8.05    0.00    0.00    4.60    0.00    0.00    0.00   60.92

12:06:38 AM  CPU    %usr   %nice    %sys %iowait    %irq   %soft  %steal  %guest  %gnice   %idle
12:06:39 AM    0   31.58    0.00   25.26    0.00    0.00    4.21    0.00    0.00    0.00   38.95
12:06:39 AM    1   22.89    0.00   10.84    0.00    0.00    2.41    0.00    0.00    0.00   63.86

12:06:39 AM  CPU    %usr   %nice    %sys %iowait    %irq   %soft  %steal  %guest  %gnice   %idle
12:06:40 AM    0   37.23    0.00   18.09    0.00    0.00    5.32    0.00    0.00    0.00   39.36
12:06:40 AM    1   24.39    0.00    8.54    0.00    0.00    3.66    0.00    0.00    0.00   63.41

12:06:40 AM  CPU    %usr   %nice    %sys %iowait    %irq   %soft  %steal  %guest  %gnice   %idle
12:06:41 AM    0   35.16    0.00   17.58    0.00    0.00    5.49    0.00    0.00    0.00   41.76
12:06:41 AM    1   24.69    0.00    8.64    0.00    0.00    1.23    0.00    0.00    0.00   65.43

12:06:41 AM  CPU    %usr   %nice    %sys %iowait    %irq   %soft  %steal  %guest  %gnice   %idle
12:06:42 AM    0   32.63    0.00   22.11    0.00    0.00    6.32    0.00    0.00    0.00   38.95
12:06:42 AM    1   21.95    0.00   10.98    0.00    0.00    3.66    0.00    0.00    0.00   63.41

12:06:42 AM  CPU    %usr   %nice    %sys %iowait    %irq   %soft  %steal  %guest  %gnice   %idle
12:06:43 AM    0   30.85    0.00   19.15    0.00    0.00   10.64    0.00    0.00    0.00   39.36
12:06:43 AM    1   21.43    0.00   10.71    0.00    0.00    3.57    0.00    0.00    0.00   64.29

12:06:43 AM  CPU    %usr   %nice    %sys %iowait    %irq   %soft  %steal  %guest  %gnice   %idle
12:06:44 AM    0   37.11    0.00   18.56    0.00    0.00    6.19    0.00    0.00    0.00   38.14
12:06:44 AM    1   23.17    0.00   10.98    0.00    0.00    2.44    0.00    0.00    0.00   63.41

12:06:44 AM  CPU    %usr   %nice    %sys %iowait    %irq   %soft  %steal  %guest  %gnice   %idle
12:06:45 AM    0   35.42    0.00   17.71    0.00    0.00    8.33    0.00    0.00    0.00   38.54
12:06:45 AM    1   28.40    0.00    6.17    0.00    0.00    1.23    0.00    0.00    0.00   64.20

12:06:45 AM  CPU    %usr   %nice    %sys %iowait    %irq   %soft  %steal  %guest  %gnice   %idle
12:06:46 AM    0   35.87    0.00   16.30    0.00    0.00    6.52    0.00    0.00    0.00   41.30
12:06:46 AM    1   25.58    0.00    6.98    0.00    0.00    4.65    0.00    0.00    0.00   62.79

12:06:46 AM  CPU    %usr   %nice    %sys %iowait    %irq   %soft  %steal  %guest  %gnice   %idle
12:06:47 AM    0   33.33    0.00   17.20    0.00    0.00    8.60    0.00    0.00    0.00   40.86
12:06:47 AM    1   27.16    0.00    6.17    0.00    0.00    0.00    0.00    0.00    0.00   66.67

12:06:47 AM  CPU    %usr   %nice    %sys %iowait    %irq   %soft  %steal  %guest  %gnice   %idle
12:06:48 AM    0   35.87    0.00   16.30    0.00    0.00    4.35    0.00    0.00    0.00   43.48
12:06:48 AM    1   23.81    0.00    8.33    0.00    0.00    3.57    0.00    0.00    0.00   64.29

12:06:48 AM  CPU    %usr   %nice    %sys %iowait    %irq   %soft  %steal  %guest  %gnice   %idle
12:06:49 AM    0   37.23    0.00   17.02    0.00    0.00    7.45    0.00    0.00    0.00   38.30
12:06:49 AM    1   25.32    0.00    7.59    0.00    0.00    1.27    0.00    0.00    0.00   65.82

12:06:49 AM  CPU    %usr   %nice    %sys %iowait    %irq   %soft  %steal  %guest  %gnice   %idle
12:06:50 AM    0   35.56    0.00   16.67    0.00    0.00    4.44    0.00    0.00    0.00   43.33
12:06:50 AM    1   24.39    0.00    7.32    0.00    0.00    1.22    0.00    0.00    0.00   67.07

12:06:50 AM  CPU    %usr   %nice    %sys %iowait    %irq   %soft  %steal  %guest  %gnice   %idle
12:06:51 AM    0   39.18    0.00   17.53    0.00    0.00    8.25    0.00    0.00    0.00   35.05
12:06:51 AM    1   25.61    0.00    8.54    0.00    0.00    2.44    0.00    0.00    0.00   63.41

12:06:51 AM  CPU    %usr   %nice    %sys %iowait    %irq   %soft  %steal  %guest  %gnice   %idle
12:06:52 AM    0   31.91    0.00   22.34    0.00    0.00    6.38    0.00    0.00    0.00   39.36
12:06:52 AM    1   27.38    0.00    7.14    0.00    0.00    3.57    0.00    0.00    0.00   61.90

12:06:52 AM  CPU    %usr   %nice    %sys %iowait    %irq   %soft  %steal  %guest  %gnice   %idle
12:06:53 AM    0   37.36    0.00   14.29    0.00    0.00    6.59    0.00    0.00    0.00   41.76
12:06:53 AM    1   25.30    0.00    7.23    0.00    0.00    2.41    0.00    0.00    0.00   65.06

12:06:53 AM  CPU    %usr   %nice    %sys %iowait    %irq   %soft  %steal  %guest  %gnice   %idle
12:06:54 AM    0   36.46    0.00   17.71    0.00    0.00    6.25    0.00    0.00    0.00   39.58
12:06:54 AM    1   25.30    0.00    8.43    0.00    0.00    2.41    0.00    0.00    0.00   63.86

12:06:54 AM  CPU    %usr   %nice    %sys %iowait    %irq   %soft  %steal  %guest  %gnice   %idle
12:06:55 AM    0   38.30    0.00   18.09    0.00    0.00    4.26    0.00    0.00    0.00   39.36
12:06:55 AM    1   24.39    0.00    8.54    0.00    0.00    3.66    0.00    0.00    0.00   63.41

12:06:55 AM  CPU    %usr   %nice    %sys %iowait    %irq   %soft  %steal  %guest  %gnice   %idle
12:06:56 AM    0   38.04    0.00   15.22    0.00    0.00    5.43    0.00    0.00    0.00   41.30
12:06:56 AM    1   22.22    0.00   11.11    0.00    0.00    1.23    0.00    0.00    0.00   65.43

12:06:56 AM  CPU    %usr   %nice    %sys %iowait    %irq   %soft  %steal  %guest  %gnice   %idle
12:06:57 AM    0   36.56    0.00   15.05    0.00    0.00    6.45    0.00    0.00    0.00   41.94
12:06:57 AM    1   25.61    0.00    6.10    0.00    0.00    2.44    0.00    0.00    0.00   65.85

12:06:57 AM  CPU    %usr   %nice    %sys %iowait    %irq   %soft  %steal  %guest  %gnice   %idle
12:06:58 AM    0   36.84    0.00   15.79    0.00    0.00    8.42    0.00    0.00    0.00   38.95
12:06:58 AM    1   19.51    0.00   10.98    0.00    0.00    3.66    0.00    0.00    0.00   65.85

12:06:58 AM  CPU    %usr   %nice    %sys %iowait    %irq   %soft  %steal  %guest  %gnice   %idle
12:06:59 AM    0   31.87    0.00   19.78    0.00    0.00    6.59    0.00    0.00    0.00   41.76
12:06:59 AM    1   26.58    0.00    5.06    0.00    0.00    2.53    0.00    0.00    0.00   65.82

12:06:59 AM  CPU    %usr   %nice    %sys %iowait    %irq   %soft  %steal  %guest  %gnice   %idle
12:07:00 AM    0   35.87    0.00   16.30    0.00    0.00    8.70    0.00    0.00    0.00   39.13
12:07:00 AM    1   23.17    0.00    9.76    0.00    0.00    4.88    0.00    0.00    0.00   62.20

12:07:00 AM  CPU    %usr   %nice    %sys %iowait    %irq   %soft  %steal  %guest  %gnice   %idle
12:07:01 AM    0   39.36    0.00   14.89    0.00    0.00    4.26    0.00    0.00    0.00   41.49
12:07:01 AM    1   22.62    0.00    9.52    0.00    0.00    4.76    0.00    0.00    0.00   63.10

12:07:01 AM  CPU    %usr   %nice    %sys %iowait    %irq   %soft  %steal  %guest  %gnice   %idle
12:07:02 AM    0   32.98    0.00   19.15    0.00    0.00    7.45    0.00    0.00    0.00   40.43
12:07:02 AM    1   23.26    0.00    9.30    0.00    0.00    5.81    0.00    0.00    0.00   61.63

12:07:02 AM  CPU    %usr   %nice    %sys %iowait    %irq   %soft  %steal  %guest  %gnice   %idle
12:07:03 AM    0   34.74    0.00   18.95    0.00    0.00    5.26    0.00    0.00    0.00   41.05
12:07:03 AM    1   22.89    0.00    9.64    0.00    0.00    2.41    0.00    0.00    0.00   65.06

12:07:03 AM  CPU    %usr   %nice    %sys %iowait    %irq   %soft  %steal  %guest  %gnice   %idle
12:07:04 AM    0   37.89    0.00   16.84    0.00    0.00    6.32    0.00    0.00    0.00   38.95
12:07:04 AM    1   25.61    0.00    7.32    0.00    0.00    2.44    0.00    0.00    0.00   64.63

12:07:04 AM  CPU    %usr   %nice    %sys %iowait    %irq   %soft  %steal  %guest  %gnice   %idle
12:07:05 AM    0   29.59    0.00   24.49    0.00    0.00    7.14    0.00    0.00    0.00   38.78
12:07:05 AM    1   23.75    0.00    7.50    0.00    0.00    2.50    0.00    0.00    0.00   66.25

12:07:05 AM  CPU    %usr   %nice    %sys %iowait    %irq   %soft  %steal  %guest  %gnice   %idle
12:07:06 AM    0   35.42    0.00   18.75    0.00    0.00    7.29    0.00    0.00    0.00   38.54
12:07:06 AM    1   24.71    0.00    9.41    0.00    0.00    3.53    0.00    0.00    0.00   62.35

12:07:06 AM  CPU    %usr   %nice    %sys %iowait    %irq   %soft  %steal  %guest  %gnice   %idle
12:07:07 AM    0   30.85    0.00   21.28    0.00    0.00    8.51    0.00    0.00    0.00   39.36
12:07:07 AM    1   26.83    0.00    7.32    0.00    0.00    2.44    0.00    0.00    0.00   63.41

12:07:07 AM  CPU    %usr   %nice    %sys %iowait    %irq   %soft  %steal  %guest  %gnice   %idle
12:07:08 AM    0   33.33    0.00   20.43    0.00    0.00    6.45    0.00    0.00    0.00   39.78
12:07:08 AM    1   26.83    0.00    6.10    0.00    0.00    2.44    0.00    0.00    0.00   64.63

12:07:08 AM  CPU    %usr   %nice    %sys %iowait    %irq   %soft  %steal  %guest  %gnice   %idle
12:07:09 AM    0   34.00    0.00   17.00    0.00    0.00   10.00    0.00    0.00    0.00   39.00
12:07:09 AM    1   24.10    0.00    7.23    0.00    0.00    3.61    0.00    0.00    0.00   65.06

12:07:09 AM  CPU    %usr   %nice    %sys %iowait    %irq   %soft  %steal  %guest  %gnice   %idle
12:07:10 AM    0   33.70    0.00   21.74    0.00    0.00    5.43    0.00    0.00    0.00   39.13
12:07:10 AM    1   25.00    0.00    8.33    0.00    0.00    4.76    0.00    0.00    0.00   61.90

12:07:10 AM  CPU    %usr   %nice    %sys %iowait    %irq   %soft  %steal  %guest  %gnice   %idle
12:07:11 AM    0   34.04    0.00   20.21    0.00    0.00    6.38    0.00    0.00    0.00   39.36
12:07:11 AM    1   23.17    0.00    8.54    0.00    0.00    4.88    0.00    0.00    0.00   63.41

12:07:11 AM  CPU    %usr   %nice    %sys %iowait    %irq   %soft  %steal  %guest  %gnice   %idle
12:07:12 AM    0   38.95    0.00   16.84    0.00    0.00    4.21    0.00    0.00    0.00   40.00
12:07:12 AM    1   25.00    0.00    8.33    0.00    0.00    2.38    0.00    0.00    0.00   64.29

12:07:12 AM  CPU    %usr   %nice    %sys %iowait    %irq   %soft  %steal  %guest  %gnice   %idle
12:07:13 AM    0   36.84    0.00   15.79    0.00    0.00    6.32    0.00    0.00    0.00   41.05
12:07:13 AM    1   20.73    0.00   10.98    0.00    0.00    2.44    0.00    0.00    0.00   65.85

12:07:13 AM  CPU    %usr   %nice    %sys %iowait    %irq   %soft  %steal  %guest  %gnice   %idle
12:07:14 AM    0   37.50    0.00   15.62    0.00    0.00    9.38    0.00    0.00    0.00   37.50
12:07:14 AM    1   28.92    0.00    4.82    0.00    0.00    3.61    0.00    0.00    0.00   62.65

12:07:14 AM  CPU    %usr   %nice    %sys %iowait    %irq   %soft  %steal  %guest  %gnice   %idle
12:07:15 AM    0   33.68    0.00   15.79    0.00    0.00    8.42    0.00    0.00    0.00   42.11
12:07:15 AM    1   22.22    0.00    8.64    0.00    0.00    1.23    0.00    0.00    0.00   67.90

12:07:15 AM  CPU    %usr   %nice    %sys %iowait    %irq   %soft  %steal  %guest  %gnice   %idle
12:07:16 AM    0   33.33    0.00   15.56    0.00    0.00    8.89    0.00    0.00    0.00   42.22
12:07:16 AM    1   27.16    0.00    9.88    0.00    0.00    1.23    0.00    0.00    0.00   61.73

12:07:16 AM  CPU    %usr   %nice    %sys %iowait    %irq   %soft  %steal  %guest  %gnice   %idle
12:07:17 AM    0   35.87    0.00   17.39    0.00    0.00    6.52    0.00    0.00    0.00   40.22
12:07:17 AM    1   21.84    0.00   11.49    0.00    0.00    5.75    0.00    0.00    0.00   60.92

12:07:17 AM  CPU    %usr   %nice    %sys %iowait    %irq   %soft  %steal  %guest  %gnice   %idle
12:07:18 AM    0   36.84    0.00   18.95    0.00    0.00    4.21    0.00    0.00    0.00   40.00
12:07:18 AM    1   27.16    0.00    3.70    0.00    0.00    2.47    0.00    0.00    0.00   66.67

12:07:18 AM  CPU    %usr   %nice    %sys %iowait    %irq   %soft  %steal  %guest  %gnice   %idle
12:07:19 AM    0   30.11    0.00   16.13    0.00    0.00   11.83    0.00    0.00    0.00   41.94
12:07:19 AM    1   23.17    0.00    8.54    0.00    0.00    2.44    0.00    0.00    0.00   65.85

12:07:19 AM  CPU    %usr   %nice    %sys %iowait    %irq   %soft  %steal  %guest  %gnice   %idle
12:07:20 AM    0   31.96    0.00   19.59    0.00    0.00    8.25    0.00    0.00    0.00   40.21
12:07:20 AM    1   24.69    0.00    8.64    0.00    0.00    1.23    0.00    0.00    0.00   65.43

12:07:20 AM  CPU    %usr   %nice    %sys %iowait    %irq   %soft  %steal  %guest  %gnice   %idle
12:07:21 AM    0   33.70    0.00   11.96    0.00    0.00   13.04    0.00    0.00    0.00   41.30
12:07:21 AM    1   22.89    0.00   10.84    0.00    0.00    1.20    0.00    0.00    0.00   65.06

12:07:21 AM  CPU    %usr   %nice    %sys %iowait    %irq   %soft  %steal  %guest  %gnice   %idle
12:07:22 AM    0   38.71    0.00   17.20    0.00    0.00    4.30    0.00    0.00    0.00   39.78
12:07:22 AM    1   25.30    0.00    9.64    0.00    0.00    2.41    0.00    0.00    0.00   62.65

12:07:22 AM  CPU    %usr   %nice    %sys %iowait    %irq   %soft  %steal  %guest  %gnice   %idle
12:07:23 AM    0   34.78    0.00   17.39    0.00    0.00    6.52    0.00    0.00    0.00   41.30
12:07:23 AM    1   25.93    0.00    8.64    0.00    0.00    0.00    0.00    0.00    0.00   65.43

12:07:23 AM  CPU    %usr   %nice    %sys %iowait    %irq   %soft  %steal  %guest  %gnice   %idle
12:07:24 AM    0   37.36    0.00   16.48    0.00    0.00    4.40    0.00    0.00    0.00   41.76
12:07:24 AM    1   23.17    0.00    9.76    0.00    0.00    2.44    0.00    0.00    0.00   64.63

12:07:24 AM  CPU    %usr   %nice    %sys %iowait    %irq   %soft  %steal  %guest  %gnice   %idle
12:07:25 AM    0   38.54    0.00   15.62    0.00    0.00    7.29    0.00    0.00    0.00   38.54
12:07:25 AM    1   20.48    0.00   13.25    0.00    0.00    3.61    0.00    0.00    0.00   62.65

12:07:25 AM  CPU    %usr   %nice    %sys %iowait    %irq   %soft  %steal  %guest  %gnice   %idle
12:07:26 AM    0   36.56    0.00   16.13    0.00    0.00    7.53    0.00    0.00    0.00   39.78
12:07:26 AM    1   22.89    0.00    9.64    0.00    0.00    2.41    0.00    0.00    0.00   65.06

12:07:26 AM  CPU    %usr   %nice    %sys %iowait    %irq   %soft  %steal  %guest  %gnice   %idle
12:07:27 AM    0   35.16    0.00   16.48    0.00    0.00    7.69    0.00    0.00    0.00   40.66
12:07:27 AM    1   25.00    0.00    6.25    0.00    0.00    2.50    0.00    0.00    0.00   66.25

12:07:27 AM  CPU    %usr   %nice    %sys %iowait    %irq   %soft  %steal  %guest  %gnice   %idle
12:07:28 AM    0   35.48    0.00   15.05    0.00    0.00    6.45    0.00    0.00    0.00   43.01
12:07:28 AM    1   25.00    0.00    5.95    0.00    0.00    3.57    0.00    0.00    0.00   65.48

12:07:28 AM  CPU    %usr   %nice    %sys %iowait    %irq   %soft  %steal  %guest  %gnice   %idle
12:07:29 AM    0   36.17    0.00   15.96    0.00    0.00    8.51    0.00    0.00    0.00   39.36
12:07:29 AM    1   29.41    0.00    7.06    0.00    0.00    2.35    0.00    0.00    0.00   61.18

12:07:29 AM  CPU    %usr   %nice    %sys %iowait    %irq   %soft  %steal  %guest  %gnice   %idle
12:07:30 AM    0   27.96    0.00   24.73    0.00    0.00    6.45    0.00    0.00    0.00   40.86
12:07:30 AM    1   25.30    0.00    7.23    0.00    0.00    2.41    0.00    0.00    0.00   65.06

12:07:30 AM  CPU    %usr   %nice    %sys %iowait    %irq   %soft  %steal  %guest  %gnice   %idle
12:07:31 AM    0   35.42    0.00   15.62    0.00    0.00    9.38    0.00    0.00    0.00   39.58
12:07:31 AM    1   25.32    0.00    8.86    0.00    0.00    0.00    0.00    0.00    0.00   65.82

12:07:31 AM  CPU    %usr   %nice    %sys %iowait    %irq   %soft  %steal  %guest  %gnice   %idle
12:07:32 AM    0   36.96    0.00   16.30    3.26    0.00    7.61    0.00    0.00    0.00   35.87
12:07:32 AM    1   24.71    0.00   10.59    0.00    0.00    3.53    0.00    0.00    0.00   61.18

12:07:32 AM  CPU    %usr   %nice    %sys %iowait    %irq   %soft  %steal  %guest  %gnice   %idle
12:07:33 AM    0   32.61    0.00   19.57    0.00    0.00    7.61    0.00    0.00    0.00   40.22
12:07:33 AM    1   24.39    0.00    7.32    1.22    0.00    2.44    0.00    0.00    0.00   64.63

12:07:33 AM  CPU    %usr   %nice    %sys %iowait    %irq   %soft  %steal  %guest  %gnice   %idle
12:07:34 AM    0   32.98    0.00   22.34    0.00    0.00    5.32    0.00    0.00    0.00   39.36
12:07:34 AM    1   26.83    0.00    6.10    0.00    0.00    3.66    0.00    0.00    0.00   63.41

12:07:34 AM  CPU    %usr   %nice    %sys %iowait    %irq   %soft  %steal  %guest  %gnice   %idle
12:07:35 AM    0   34.41    0.00   17.20    0.00    0.00    6.45    0.00    0.00    0.00   41.94
12:07:35 AM    1   28.57    0.00    5.95    0.00    0.00    1.19    0.00    0.00    0.00   64.29

12:07:35 AM  CPU    %usr   %nice    %sys %iowait    %irq   %soft  %steal  %guest  %gnice   %idle
12:07:36 AM    0   31.96    0.00   20.62    0.00    0.00   10.31    0.00    0.00    0.00   37.11
12:07:36 AM    1   23.17    0.00   10.98    0.00    0.00    2.44    0.00    0.00    0.00   63.41

12:07:36 AM  CPU    %usr   %nice    %sys %iowait    %irq   %soft  %steal  %guest  %gnice   %idle
12:07:37 AM    0   32.99    0.00   18.56    0.00    0.00    8.25    0.00    0.00    0.00   40.21
12:07:37 AM    1   23.17    0.00    8.54    0.00    0.00    2.44    0.00    0.00    0.00   65.85

12:07:37 AM  CPU    %usr   %nice    %sys %iowait    %irq   %soft  %steal  %guest  %gnice   %idle
12:07:38 AM    0   38.14    0.00   15.46    0.00    0.00    7.22    0.00    0.00    0.00   39.18
12:07:38 AM    1   26.25    0.00    7.50    0.00    0.00    1.25    0.00    0.00    0.00   65.00

12:07:38 AM  CPU    %usr   %nice    %sys %iowait    %irq   %soft  %steal  %guest  %gnice   %idle
12:07:39 AM    0   36.17    0.00   14.89    0.00    0.00    7.45    0.00    0.00    0.00   41.49
12:07:39 AM    1   24.10    0.00    8.43    0.00    0.00    1.20    0.00    0.00    0.00   66.27

12:07:39 AM  CPU    %usr   %nice    %sys %iowait    %irq   %soft  %steal  %guest  %gnice   %idle
12:07:40 AM    0   35.48    0.00   19.35    0.00    0.00    4.30    0.00    0.00    0.00   40.86
12:07:40 AM    1   24.69    0.00    8.64    0.00    0.00    1.23    0.00    0.00    0.00   65.43

12:07:40 AM  CPU    %usr   %nice    %sys %iowait    %irq   %soft  %steal  %guest  %gnice   %idle
12:07:41 AM    0   38.14    0.00   17.53    0.00    0.00    6.19    0.00    0.00    0.00   38.14
12:07:41 AM    1   25.61    0.00    7.32    0.00    0.00    2.44    0.00    0.00    0.00   64.63

12:07:41 AM  CPU    %usr   %nice    %sys %iowait    %irq   %soft  %steal  %guest  %gnice   %idle
12:07:42 AM    0   32.63    0.00   18.95    0.00    0.00    8.42    0.00    0.00    0.00   40.00
12:07:42 AM    1   24.39    0.00    7.32    0.00    0.00    2.44    0.00    0.00    0.00   65.85

12:07:42 AM  CPU    %usr   %nice    %sys %iowait    %irq   %soft  %steal  %guest  %gnice   %idle
12:07:43 AM    0   35.87    0.00   16.30    0.00    0.00    6.52    0.00    0.00    0.00   41.30
12:07:43 AM    1   23.17    0.00    9.76    0.00    0.00    1.22    0.00    0.00    0.00   65.85

12:07:43 AM  CPU    %usr   %nice    %sys %iowait    %irq   %soft  %steal  %guest  %gnice   %idle
12:07:44 AM    0   32.26    0.00   18.28    0.00    0.00    7.53    0.00    0.00    0.00   41.94
12:07:44 AM    1   25.00    0.00    9.52    0.00    0.00    1.19    0.00    0.00    0.00   64.29

12:07:44 AM  CPU    %usr   %nice    %sys %iowait    %irq   %soft  %steal  %guest  %gnice   %idle
12:07:45 AM    0   35.11    0.00   15.96    0.00    0.00    9.57    0.00    0.00    0.00   39.36
12:07:45 AM    1   24.69    0.00    7.41    0.00    0.00    3.70    0.00    0.00    0.00   64.20

12:07:45 AM  CPU    %usr   %nice    %sys %iowait    %irq   %soft  %steal  %guest  %gnice   %idle
12:07:46 AM    0   30.85    0.00   20.21    0.00    0.00    8.51    0.00    0.00    0.00   40.43
12:07:46 AM    1   24.10    0.00    9.64    0.00    0.00    2.41    0.00    0.00    0.00   63.86

12:07:46 AM  CPU    %usr   %nice    %sys %iowait    %irq   %soft  %steal  %guest  %gnice   %idle
12:07:47 AM    0   35.11    0.00   15.96    0.00    0.00    8.51    0.00    0.00    0.00   40.43
12:07:47 AM    1   19.28    0.00   14.46    0.00    0.00    2.41    0.00    0.00    0.00   63.86

12:07:47 AM  CPU    %usr   %nice    %sys %iowait    %irq   %soft  %steal  %guest  %gnice   %idle
12:07:48 AM    0   39.58    0.00   12.50    0.00    0.00    8.33    0.00    0.00    0.00   39.58
12:07:48 AM    1   24.71    0.00    8.24    0.00    0.00    3.53    0.00    0.00    0.00   63.53

12:07:48 AM  CPU    %usr   %nice    %sys %iowait    %irq   %soft  %steal  %guest  %gnice   %idle
12:07:49 AM    0   36.46    0.00   17.71    0.00    0.00    7.29    0.00    0.00    0.00   38.54
12:07:49 AM    1   23.46    0.00    8.64    0.00    0.00    2.47    0.00    0.00    0.00   65.43

12:07:49 AM  CPU    %usr   %nice    %sys %iowait    %irq   %soft  %steal  %guest  %gnice   %idle
12:07:50 AM    0   32.61    0.00   19.57    0.00    0.00    5.43    0.00    0.00    0.00   42.39
12:07:50 AM    1   25.93    0.00    4.94    0.00    0.00    1.23    0.00    0.00    0.00   67.90

12:07:50 AM  CPU    %usr   %nice    %sys %iowait    %irq   %soft  %steal  %guest  %gnice   %idle
12:07:51 AM    0   34.38    0.00   16.67    0.00    0.00    8.33    0.00    0.00    0.00   40.62
12:07:51 AM    1   22.62    0.00    9.52    0.00    0.00    2.38    0.00    0.00    0.00   65.48

12:07:51 AM  CPU    %usr   %nice    %sys %iowait    %irq   %soft  %steal  %guest  %gnice   %idle
12:07:52 AM    0   35.42    0.00   16.67    0.00    0.00    8.33    0.00    0.00    0.00   39.58
12:07:52 AM    1   22.22    0.00   11.11    0.00    0.00    2.47    0.00    0.00    0.00   64.20

12:07:52 AM  CPU    %usr   %nice    %sys %iowait    %irq   %soft  %steal  %guest  %gnice   %idle
12:07:53 AM    0   37.23    0.00   14.89    0.00    0.00    7.45    0.00    0.00    0.00   40.43
12:07:53 AM    1   21.95    0.00    9.76    0.00    0.00    2.44    0.00    0.00    0.00   65.85

12:07:53 AM  CPU    %usr   %nice    %sys %iowait    %irq   %soft  %steal  %guest  %gnice   %idle
12:07:54 AM    0   35.79    0.00   20.00    0.00    0.00    4.21    0.00    0.00    0.00   40.00
12:07:54 AM    1   23.75    0.00    8.75    0.00    0.00    1.25    0.00    0.00    0.00   66.25

12:07:54 AM  CPU    %usr   %nice    %sys %iowait    %irq   %soft  %steal  %guest  %gnice   %idle
12:07:55 AM    0   32.63    0.00   16.84    0.00    0.00   10.53    0.00    0.00    0.00   40.00
12:07:55 AM    1   21.25    0.00    8.75    0.00    0.00    1.25    0.00    0.00    0.00   68.75

12:07:55 AM  CPU    %usr   %nice    %sys %iowait    %irq   %soft  %steal  %guest  %gnice   %idle
12:07:56 AM    0   38.30    0.00   15.96    0.00    0.00    5.32    0.00    0.00    0.00   40.43
12:07:56 AM    1   23.81    0.00    8.33    0.00    0.00    3.57    0.00    0.00    0.00   64.29

12:07:56 AM  CPU    %usr   %nice    %sys %iowait    %irq   %soft  %steal  %guest  %gnice   %idle
12:07:57 AM    0   32.63    0.00   18.95    0.00    0.00    9.47    0.00    0.00    0.00   38.95
12:07:57 AM    1   26.25    0.00    7.50    0.00    0.00    2.50    0.00    0.00    0.00   63.75

12:07:57 AM  CPU    %usr   %nice    %sys %iowait    %irq   %soft  %steal  %guest  %gnice   %idle
12:07:58 AM    0   32.63    0.00   18.95    0.00    0.00    8.42    0.00    0.00    0.00   40.00
12:07:58 AM    1   26.74    0.00    8.14    0.00    0.00    2.33    0.00    0.00    0.00   62.79

12:07:58 AM  CPU    %usr   %nice    %sys %iowait    %irq   %soft  %steal  %guest  %gnice   %idle
12:07:59 AM    0   37.00    0.00   16.00    0.00    0.00    9.00    0.00    0.00    0.00   38.00
12:07:59 AM    1   21.95    0.00   12.20    0.00    0.00    2.44    0.00    0.00    0.00   63.41

12:07:59 AM  CPU    %usr   %nice    %sys %iowait    %irq   %soft  %steal  %guest  %gnice   %idle
12:08:00 AM    0   35.11    0.00   20.21    0.00    0.00    6.38    0.00    0.00    0.00   38.30
12:08:00 AM    1   22.62    0.00   10.71    0.00    0.00    4.76    0.00    0.00    0.00   61.90

12:08:00 AM  CPU    %usr   %nice    %sys %iowait    %irq   %soft  %steal  %guest  %gnice   %idle
12:08:01 AM    0   33.68    0.00   22.11    0.00    0.00    5.26    0.00    0.00    0.00   38.95
12:08:01 AM    1   24.39    0.00    8.54    0.00    0.00    2.44    0.00    0.00    0.00   64.63

12:08:01 AM  CPU    %usr   %nice    %sys %iowait    %irq   %soft  %steal  %guest  %gnice   %idle
12:08:02 AM    0   33.33    0.00   16.13    0.00    0.00   11.83    0.00    0.00    0.00   38.71
12:08:02 AM    1   21.25    0.00   11.25    0.00    0.00    2.50    0.00    0.00    0.00   65.00

12:08:02 AM  CPU    %usr   %nice    %sys %iowait    %irq   %soft  %steal  %guest  %gnice   %idle
12:08:03 AM    0   32.98    0.00   20.21    0.00    0.00    7.45    0.00    0.00    0.00   39.36
12:08:03 AM    1   20.48    0.00   13.25    0.00    0.00    2.41    0.00    0.00    0.00   63.86

12:08:03 AM  CPU    %usr   %nice    %sys %iowait    %irq   %soft  %steal  %guest  %gnice   %idle
12:08:04 AM    0   31.11    0.00   20.00    0.00    0.00    5.56    0.00    0.00    0.00   43.33
12:08:04 AM    1   23.81    0.00    8.33    0.00    0.00    2.38    0.00    0.00    0.00   65.48

12:08:04 AM  CPU    %usr   %nice    %sys %iowait    %irq   %soft  %steal  %guest  %gnice   %idle
12:08:05 AM    0   35.42    0.00   17.71    0.00    0.00    7.29    0.00    0.00    0.00   39.58
12:08:05 AM    1   26.51    0.00    9.64    0.00    0.00    2.41    0.00    0.00    0.00   61.45

12:08:05 AM  CPU    %usr   %nice    %sys %iowait    %irq   %soft  %steal  %guest  %gnice   %idle
12:08:06 AM    0   36.46    0.00   17.71    0.00    0.00    7.29    0.00    0.00    0.00   38.54
12:08:06 AM    1   26.51    0.00    8.43    0.00    0.00    2.41    0.00    0.00    0.00   62.65

12:08:06 AM  CPU    %usr   %nice    %sys %iowait    %irq   %soft  %steal  %guest  %gnice   %idle
12:08:07 AM    0   31.87    0.00   19.78    0.00    0.00    5.49    0.00    0.00    0.00   42.86
12:08:07 AM    1   25.00    0.00   11.90    0.00    0.00    2.38    0.00    0.00    0.00   60.71

12:08:07 AM  CPU    %usr   %nice    %sys %iowait    %irq   %soft  %steal  %guest  %gnice   %idle
12:08:08 AM    0   32.63    0.00   18.95    0.00    0.00    8.42    0.00    0.00    0.00   40.00
12:08:08 AM    1   23.46    0.00    7.41    0.00    0.00    2.47    0.00    0.00    0.00   66.67

12:08:08 AM  CPU    %usr   %nice    %sys %iowait    %irq   %soft  %steal  %guest  %gnice   %idle
12:08:09 AM    0   35.48    0.00   17.20    0.00    0.00    7.53    0.00    0.00    0.00   39.78
12:08:09 AM    1   25.58    0.00   12.79    0.00    0.00    4.65    0.00    0.00    0.00   56.98

12:08:09 AM  CPU    %usr   %nice    %sys %iowait    %irq   %soft  %steal  %guest  %gnice   %idle
12:08:10 AM    0   40.82    0.00   22.45    0.00    0.00    5.10    0.00    0.00    0.00   31.63
12:08:10 AM    1   41.11    0.00   17.78    0.00    0.00    1.11    0.00    0.00    0.00   40.00

12:08:10 AM  CPU    %usr   %nice    %sys %iowait    %irq   %soft  %steal  %guest  %gnice   %idle
12:08:11 AM    0   34.04    0.00   19.15    0.00    0.00    7.45    0.00    0.00    0.00   39.36
12:08:11 AM    1   23.17    0.00   10.98    0.00    0.00    2.44    0.00    0.00    0.00   63.41

12:08:11 AM  CPU    %usr   %nice    %sys %iowait    %irq   %soft  %steal  %guest  %gnice   %idle
12:08:12 AM    0   38.95    0.00   15.79    0.00    0.00    6.32    0.00    0.00    0.00   38.95
12:08:12 AM    1   28.05    0.00    6.10    0.00    0.00    1.22    0.00    0.00    0.00   64.63

12:08:12 AM  CPU    %usr   %nice    %sys %iowait    %irq   %soft  %steal  %guest  %gnice   %idle
12:08:13 AM    0   34.09    0.00   20.45    0.00    0.00    4.55    0.00    0.00    0.00   40.91
12:08:13 AM    1   22.78    0.00   10.13    0.00    0.00    2.53    0.00    0.00    0.00   64.56

12:08:13 AM  CPU    %usr   %nice    %sys %iowait    %irq   %soft  %steal  %guest  %gnice   %idle
12:08:14 AM    0   33.70    0.00   15.22    0.00    0.00   10.87    0.00    0.00    0.00   40.22
12:08:14 AM    1   20.48    0.00   14.46    0.00    0.00    1.20    0.00    0.00    0.00   63.86

12:08:14 AM  CPU    %usr   %nice    %sys %iowait    %irq   %soft  %steal  %guest  %gnice   %idle
12:08:15 AM    0   38.71    0.00   16.13    0.00    0.00    6.45    0.00    0.00    0.00   38.71
12:08:15 AM    1   22.89    0.00   13.25    0.00    0.00    1.20    0.00    0.00    0.00   62.65

12:08:15 AM  CPU    %usr   %nice    %sys %iowait    %irq   %soft  %steal  %guest  %gnice   %idle
12:08:16 AM    0   37.11    0.00   16.49    0.00    0.00    8.25    0.00    0.00    0.00   38.14
12:08:16 AM    1   25.00    0.00    9.52    0.00    0.00    3.57    0.00    0.00    0.00   61.90

12:08:16 AM  CPU    %usr   %nice    %sys %iowait    %irq   %soft  %steal  %guest  %gnice   %idle
12:08:17 AM    0   34.38    0.00   18.75    0.00    0.00    8.33    0.00    0.00    0.00   38.54
12:08:17 AM    1   22.35    0.00   10.59    0.00    0.00    4.71    0.00    0.00    0.00   62.35

12:08:17 AM  CPU    %usr   %nice    %sys %iowait    %irq   %soft  %steal  %guest  %gnice   %idle
12:08:18 AM    0   37.76    0.00   17.35    0.00    0.00    6.12    0.00    0.00    0.00   38.78
12:08:18 AM    1   25.30    0.00    7.23    0.00    0.00    3.61    0.00    0.00    0.00   63.86

12:08:18 AM  CPU    %usr   %nice    %sys %iowait    %irq   %soft  %steal  %guest  %gnice   %idle
12:08:19 AM    0   38.04    0.00   15.22    0.00    0.00    6.52    0.00    0.00    0.00   40.22
12:08:19 AM    1   21.43    0.00   10.71    0.00    0.00    4.76    0.00    0.00    0.00   63.10

12:08:19 AM  CPU    %usr   %nice    %sys %iowait    %irq   %soft  %steal  %guest  %gnice   %idle
12:08:20 AM    0   34.04    0.00   15.96    0.00    0.00    8.51    0.00    0.00    0.00   41.49
12:08:20 AM    1   25.61    0.00    6.10    0.00    0.00    2.44    0.00    0.00    0.00   65.85

12:08:20 AM  CPU    %usr   %nice    %sys %iowait    %irq   %soft  %steal  %guest  %gnice   %idle
12:08:21 AM    0   38.04    0.00   15.22    0.00    0.00    5.43    0.00    0.00    0.00   41.30
12:08:21 AM    1   26.83    0.00    7.32    0.00    0.00    1.22    0.00    0.00    0.00   64.63

12:08:21 AM  CPU    %usr   %nice    %sys %iowait    %irq   %soft  %steal  %guest  %gnice   %idle
12:08:22 AM    0   30.53    0.00   20.00    0.00    0.00    9.47    0.00    0.00    0.00   40.00
12:08:22 AM    1   21.95    0.00    9.76    0.00    0.00    2.44    0.00    0.00    0.00   65.85

12:08:22 AM  CPU    %usr   %nice    %sys %iowait    %irq   %soft  %steal  %guest  %gnice   %idle
12:08:23 AM    0   35.48    0.00   16.13    0.00    0.00    7.53    0.00    0.00    0.00   40.86
12:08:23 AM    1   21.69    0.00   12.05    0.00    0.00    2.41    0.00    0.00    0.00   63.86

12:08:23 AM  CPU    %usr   %nice    %sys %iowait    %irq   %soft  %steal  %guest  %gnice   %idle
12:08:24 AM    0   35.48    0.00   16.13    0.00    0.00    7.53    0.00    0.00    0.00   40.86
12:08:24 AM    1   22.62    0.00   11.90    0.00    0.00    2.38    0.00    0.00    0.00   63.10

12:08:24 AM  CPU    %usr   %nice    %sys %iowait    %irq   %soft  %steal  %guest  %gnice   %idle
12:08:25 AM    0   30.53    0.00   17.89    0.00    0.00   10.53    0.00    0.00    0.00   41.05
12:08:25 AM    1   25.93    0.00    7.41    0.00    0.00    1.23    0.00    0.00    0.00   65.43

Average:     CPU    %usr   %nice    %sys %iowait    %irq   %soft  %steal  %guest  %gnice   %idle
Average:       0   34.94    0.00   17.77    0.03    0.00    7.32    0.00    0.00    0.00   39.95
Average:       1   24.44    0.00    8.97    0.01    0.00    2.59    0.00    0.00    0.00   64.00
