Linux 5.3.0-59-generic (ericmei) 	06/29/2020 	_x86_64_	(12 CPU)

11:53:20 PM  CPU    %usr   %nice    %sys %iowait    %irq   %soft  %steal  %guest  %gnice   %idle
11:53:21 PM    0   39.78    0.00   13.98    0.00    0.00    6.45    0.00    0.00    0.00   39.78
11:53:21 PM    1   25.61    0.00    9.76    0.00    0.00    2.44    0.00    0.00    0.00   62.20

11:53:21 PM  CPU    %usr   %nice    %sys %iowait    %irq   %soft  %steal  %guest  %gnice   %idle
11:53:22 PM    0   35.87    0.00   16.30    0.00    0.00    6.52    0.00    0.00    0.00   41.30
11:53:22 PM    1   25.61    0.00    4.88    0.00    0.00    3.66    0.00    0.00    0.00   65.85

11:53:22 PM  CPU    %usr   %nice    %sys %iowait    %irq   %soft  %steal  %guest  %gnice   %idle
11:53:23 PM    0   35.87    0.00   17.39    0.00    0.00    6.52    0.00    0.00    0.00   40.22
11:53:23 PM    1   25.30    0.00    9.64    0.00    0.00    1.20    0.00    0.00    0.00   63.86

11:53:23 PM  CPU    %usr   %nice    %sys %iowait    %irq   %soft  %steal  %guest  %gnice   %idle
11:53:24 PM    0   31.25    0.00   20.83    0.00    0.00    8.33    0.00    0.00    0.00   39.58
11:53:24 PM    1   21.69    0.00    7.23    0.00    0.00    6.02    0.00    0.00    0.00   65.06

11:53:24 PM  CPU    %usr   %nice    %sys %iowait    %irq   %soft  %steal  %guest  %gnice   %idle
11:53:25 PM    0   33.33    0.00   18.28    0.00    0.00    8.60    0.00    0.00    0.00   39.78
11:53:25 PM    1   22.22    0.00   12.35    0.00    0.00    1.23    0.00    0.00    0.00   64.20

11:53:25 PM  CPU    %usr   %nice    %sys %iowait    %irq   %soft  %steal  %guest  %gnice   %idle
11:53:26 PM    0   27.47    0.00   20.88    0.00    0.00   10.99    0.00    0.00    0.00   40.66
11:53:26 PM    1   34.12    0.00    7.06    0.00    0.00    1.18    0.00    0.00    0.00   57.65

11:53:26 PM  CPU    %usr   %nice    %sys %iowait    %irq   %soft  %steal  %guest  %gnice   %idle
11:53:27 PM    0   35.16    0.00   19.78    0.00    0.00    3.30    0.00    0.00    0.00   41.76
11:53:27 PM    1   24.39    0.00    8.54    0.00    0.00    2.44    0.00    0.00    0.00   64.63

11:53:27 PM  CPU    %usr   %nice    %sys %iowait    %irq   %soft  %steal  %guest  %gnice   %idle
11:53:28 PM    0   31.18    0.00   18.28    0.00    0.00    9.68    0.00    0.00    0.00   40.86
11:53:28 PM    1   24.39    0.00    7.32    0.00    0.00    3.66    0.00    0.00    0.00   64.63

11:53:28 PM  CPU    %usr   %nice    %sys %iowait    %irq   %soft  %steal  %guest  %gnice   %idle
11:53:29 PM    0   37.78    0.00   14.44    0.00    0.00    6.67    0.00    0.00    0.00   41.11
11:53:29 PM    1   26.19    0.00    8.33    0.00    0.00    1.19    0.00    0.00    0.00   64.29

11:53:29 PM  CPU    %usr   %nice    %sys %iowait    %irq   %soft  %steal  %guest  %gnice   %idle
11:53:30 PM    0   35.05    0.00   15.46    0.00    0.00   10.31    0.00    0.00    0.00   39.18
11:53:30 PM    1   21.95    0.00   12.20    0.00    0.00    1.22    0.00    0.00    0.00   64.63

11:53:30 PM  CPU    %usr   %nice    %sys %iowait    %irq   %soft  %steal  %guest  %gnice   %idle
11:53:31 PM    0   34.04    0.00   19.15    0.00    0.00    7.45    0.00    0.00    0.00   39.36
11:53:31 PM    1   26.74    0.00    8.14    0.00    0.00    3.49    0.00    0.00    0.00   61.63

11:53:31 PM  CPU    %usr   %nice    %sys %iowait    %irq   %soft  %steal  %guest  %gnice   %idle
11:53:32 PM    0   35.79    0.00   22.11    0.00    0.00    3.16    0.00    0.00    0.00   38.95
11:53:32 PM    1   23.53    0.00   10.59    0.00    0.00    4.71    0.00    0.00    0.00   61.18

11:53:32 PM  CPU    %usr   %nice    %sys %iowait    %irq   %soft  %steal  %guest  %gnice   %idle
11:53:33 PM    0   36.96    0.00   14.13    0.00    0.00    5.43    0.00    0.00    0.00   43.48
11:53:33 PM    1   27.71    0.00    4.82    0.00    0.00    1.20    0.00    0.00    0.00   66.27

11:53:33 PM  CPU    %usr   %nice    %sys %iowait    %irq   %soft  %steal  %guest  %gnice   %idle
11:53:34 PM    0   33.67    0.00   19.39    0.00    0.00    9.18    0.00    0.00    0.00   37.76
11:53:34 PM    1   24.69    0.00    8.64    0.00    0.00    1.23    0.00    0.00    0.00   65.43

11:53:34 PM  CPU    %usr   %nice    %sys %iowait    %irq   %soft  %steal  %guest  %gnice   %idle
11:53:35 PM    0   36.84    0.00   15.79    0.00    0.00    6.32    0.00    0.00    0.00   41.05
11:53:35 PM    1   25.00    0.00    7.14    0.00    0.00    3.57    0.00    0.00    0.00   64.29

11:53:35 PM  CPU    %usr   %nice    %sys %iowait    %irq   %soft  %steal  %guest  %gnice   %idle
11:53:36 PM    0   34.02    0.00   19.59    0.00    0.00    9.28    0.00    0.00    0.00   37.11
11:53:36 PM    1   27.38    0.00    8.33    0.00    0.00    2.38    0.00    0.00    0.00   61.90

11:53:36 PM  CPU    %usr   %nice    %sys %iowait    %irq   %soft  %steal  %guest  %gnice   %idle
11:53:37 PM    0   39.78    0.00   17.20    0.00    0.00    4.30    0.00    0.00    0.00   38.71
11:53:37 PM    1   24.69    0.00    7.41    0.00    0.00    3.70    0.00    0.00    0.00   64.20

11:53:37 PM  CPU    %usr   %nice    %sys %iowait    %irq   %soft  %steal  %guest  %gnice   %idle
11:53:38 PM    0   30.53    0.00   23.16    0.00    0.00    7.37    0.00    0.00    0.00   38.95
11:53:38 PM    1   25.00    0.00    9.52    0.00    0.00    2.38    0.00    0.00    0.00   63.10

11:53:38 PM  CPU    %usr   %nice    %sys %iowait    %irq   %soft  %steal  %guest  %gnice   %idle
11:53:39 PM    0   32.63    0.00   18.95    0.00    0.00    8.42    0.00    0.00    0.00   40.00
11:53:39 PM    1   27.71    0.00    6.02    0.00    0.00    2.41    0.00    0.00    0.00   63.86

11:53:39 PM  CPU    %usr   %nice    %sys %iowait    %irq   %soft  %steal  %guest  %gnice   %idle
11:53:40 PM    0   35.79    0.00   17.89    0.00    0.00    8.42    0.00    0.00    0.00   37.89
11:53:40 PM    1   23.17    0.00   10.98    0.00    0.00    2.44    0.00    0.00    0.00   63.41

11:53:40 PM  CPU    %usr   %nice    %sys %iowait    %irq   %soft  %steal  %guest  %gnice   %idle
11:53:41 PM    0   35.48    0.00   16.13    0.00    0.00    7.53    0.00    0.00    0.00   40.86
11:53:41 PM    1   23.75    0.00    6.25    0.00    0.00    2.50    0.00    0.00    0.00   67.50

11:53:41 PM  CPU    %usr   %nice    %sys %iowait    %irq   %soft  %steal  %guest  %gnice   %idle
11:53:42 PM    0   36.46    0.00   14.58    0.00    0.00    9.38    0.00    0.00    0.00   39.58
11:53:42 PM    1   26.19    0.00    5.95    0.00    0.00    3.57    0.00    0.00    0.00   64.29

11:53:42 PM  CPU    %usr   %nice    %sys %iowait    %irq   %soft  %steal  %guest  %gnice   %idle
11:53:43 PM    0   37.89    0.00   14.74    0.00    0.00    8.42    0.00    0.00    0.00   38.95
11:53:43 PM    1   26.51    0.00    7.23    0.00    0.00    4.82    0.00    0.00    0.00   61.45

11:53:43 PM  CPU    %usr   %nice    %sys %iowait    %irq   %soft  %steal  %guest  %gnice   %idle
11:53:44 PM    0   35.11    0.00   17.02    0.00    0.00    8.51    0.00    0.00    0.00   39.36
11:53:44 PM    1   28.92    0.00    7.23    0.00    0.00    1.20    0.00    0.00    0.00   62.65

11:53:44 PM  CPU    %usr   %nice    %sys %iowait    %irq   %soft  %steal  %guest  %gnice   %idle
11:53:45 PM    0   38.95    0.00   17.89    0.00    0.00    5.26    0.00    0.00    0.00   37.89
11:53:45 PM    1   23.53    0.00   10.59    0.00    0.00    3.53    0.00    0.00    0.00   62.35

11:53:45 PM  CPU    %usr   %nice    %sys %iowait    %irq   %soft  %steal  %guest  %gnice   %idle
11:53:46 PM    0   32.58    0.00   20.22    0.00    0.00    4.49    0.00    0.00    0.00   42.70
11:53:46 PM    1   23.17    0.00    8.54    0.00    0.00    3.66    0.00    0.00    0.00   64.63

11:53:46 PM  CPU    %usr   %nice    %sys %iowait    %irq   %soft  %steal  %guest  %gnice   %idle
11:53:47 PM    0   36.08    0.00   19.59    0.00    0.00    5.15    0.00    0.00    0.00   39.18
11:53:47 PM    1   21.43    0.00   10.71    0.00    0.00    4.76    0.00    0.00    0.00   63.10

11:53:47 PM  CPU    %usr   %nice    %sys %iowait    %irq   %soft  %steal  %guest  %gnice   %idle
11:53:48 PM    0   35.79    0.00   16.84    0.00    0.00    8.42    0.00    0.00    0.00   38.95
11:53:48 PM    1   27.38    0.00    7.14    0.00    0.00    2.38    0.00    0.00    0.00   63.10

11:53:48 PM  CPU    %usr   %nice    %sys %iowait    %irq   %soft  %steal  %guest  %gnice   %idle
11:53:49 PM    0   35.48    0.00   15.05    0.00    0.00    8.60    0.00    0.00    0.00   40.86
11:53:49 PM    1   23.17    0.00    8.54    0.00    0.00    2.44    0.00    0.00    0.00   65.85

11:53:49 PM  CPU    %usr   %nice    %sys %iowait    %irq   %soft  %steal  %guest  %gnice   %idle
11:53:50 PM    0   34.74    0.00   16.84    0.00    0.00    8.42    0.00    0.00    0.00   40.00
11:53:50 PM    1   26.19    0.00    5.95    0.00    0.00    4.76    0.00    0.00    0.00   63.10

11:53:50 PM  CPU    %usr   %nice    %sys %iowait    %irq   %soft  %steal  %guest  %gnice   %idle
11:53:51 PM    0   36.96    0.00   16.30    0.00    0.00    5.43    0.00    0.00    0.00   41.30
11:53:51 PM    1   24.39    0.00    9.76    0.00    0.00    0.00    0.00    0.00    0.00   65.85

11:53:51 PM  CPU    %usr   %nice    %sys %iowait    %irq   %soft  %steal  %guest  %gnice   %idle
11:53:52 PM    0   35.11    0.00   15.96    0.00    0.00    9.57    0.00    0.00    0.00   39.36
11:53:52 PM    1   20.24    0.00   10.71    0.00    0.00    4.76    0.00    0.00    0.00   64.29

11:53:52 PM  CPU    %usr   %nice    %sys %iowait    %irq   %soft  %steal  %guest  %gnice   %idle
11:53:53 PM    0   32.63    0.00   18.95    0.00    0.00    9.47    0.00    0.00    0.00   38.95
11:53:53 PM    1   28.57    0.00    8.33    0.00    0.00    1.19    0.00    0.00    0.00   61.90

11:53:53 PM  CPU    %usr   %nice    %sys %iowait    %irq   %soft  %steal  %guest  %gnice   %idle
11:53:54 PM    0   30.77    0.00   15.38    0.00    0.00    9.89    0.00    0.00    0.00   43.96
11:53:54 PM    1   24.10    0.00    8.43    0.00    0.00    2.41    0.00    0.00    0.00   65.06

11:53:54 PM  CPU    %usr   %nice    %sys %iowait    %irq   %soft  %steal  %guest  %gnice   %idle
11:53:55 PM    0   32.00    0.00   19.00    0.00    0.00   10.00    0.00    0.00    0.00   39.00
11:53:55 PM    1   26.19    0.00    7.14    0.00    0.00    2.38    0.00    0.00    0.00   64.29

11:53:55 PM  CPU    %usr   %nice    %sys %iowait    %irq   %soft  %steal  %guest  %gnice   %idle
11:53:56 PM    0   36.56    0.00   17.20    0.00    0.00    7.53    0.00    0.00    0.00   38.71
11:53:56 PM    1   21.95    0.00   10.98    0.00    0.00    2.44    0.00    0.00    0.00   64.63

11:53:56 PM  CPU    %usr   %nice    %sys %iowait    %irq   %soft  %steal  %guest  %gnice   %idle
11:53:57 PM    0   35.05    0.00   17.53    0.00    0.00    9.28    0.00    0.00    0.00   38.14
11:53:57 PM    1   25.30    0.00    8.43    0.00    0.00    2.41    0.00    0.00    0.00   63.86

11:53:57 PM  CPU    %usr   %nice    %sys %iowait    %irq   %soft  %steal  %guest  %gnice   %idle
11:53:58 PM    0   36.84    0.00   16.84    0.00    0.00    8.42    0.00    0.00    0.00   37.89
11:53:58 PM    1   26.83    0.00    8.54    0.00    0.00    1.22    0.00    0.00    0.00   63.41

11:53:58 PM  CPU    %usr   %nice    %sys %iowait    %irq   %soft  %steal  %guest  %gnice   %idle
11:53:59 PM    0   34.41    0.00   17.20    0.00    0.00    7.53    0.00    0.00    0.00   40.86
11:53:59 PM    1   23.81    0.00    8.33    0.00    0.00    3.57    0.00    0.00    0.00   64.29

11:53:59 PM  CPU    %usr   %nice    %sys %iowait    %irq   %soft  %steal  %guest  %gnice   %idle
11:54:00 PM    0   33.33    0.00   17.78    0.00    0.00    6.67    0.00    0.00    0.00   42.22
11:54:00 PM    1   25.93    0.00    6.17    0.00    0.00    2.47    0.00    0.00    0.00   65.43

11:54:00 PM  CPU    %usr   %nice    %sys %iowait    %irq   %soft  %steal  %guest  %gnice   %idle
11:54:01 PM    0   37.50    0.00   16.67    0.00    0.00    7.29    0.00    0.00    0.00   38.54
11:54:01 PM    1   25.00    0.00    9.52    0.00    0.00    2.38    0.00    0.00    0.00   63.10

11:54:01 PM  CPU    %usr   %nice    %sys %iowait    %irq   %soft  %steal  %guest  %gnice   %idle
11:54:02 PM    0   36.96    0.00   16.30    0.00    0.00    6.52    0.00    0.00    0.00   40.22
11:54:02 PM    1   25.00    0.00    8.33    0.00    0.00    4.76    0.00    0.00    0.00   61.90

11:54:02 PM  CPU    %usr   %nice    %sys %iowait    %irq   %soft  %steal  %guest  %gnice   %idle
11:54:03 PM    0   37.50    0.00   18.75    0.00    0.00    4.17    0.00    0.00    0.00   39.58
11:54:03 PM    1   25.88    0.00    9.41    0.00    0.00    3.53    0.00    0.00    0.00   61.18

11:54:03 PM  CPU    %usr   %nice    %sys %iowait    %irq   %soft  %steal  %guest  %gnice   %idle
11:54:04 PM    0   34.74    0.00   17.89    0.00    0.00    7.37    0.00    0.00    0.00   40.00
11:54:04 PM    1   25.00    0.00    7.14    0.00    0.00    3.57    0.00    0.00    0.00   64.29

11:54:04 PM  CPU    %usr   %nice    %sys %iowait    %irq   %soft  %steal  %guest  %gnice   %idle
11:54:05 PM    0   35.48    0.00   17.20    0.00    0.00    7.53    0.00    0.00    0.00   39.78
11:54:05 PM    1   25.61    0.00    9.76    0.00    0.00    1.22    0.00    0.00    0.00   63.41

11:54:05 PM  CPU    %usr   %nice    %sys %iowait    %irq   %soft  %steal  %guest  %gnice   %idle
11:54:06 PM    0   32.98    0.00   19.15    0.00    0.00    7.45    0.00    0.00    0.00   40.43
11:54:06 PM    1   26.44    0.00    9.20    0.00    0.00    3.45    0.00    0.00    0.00   60.92

11:54:06 PM  CPU    %usr   %nice    %sys %iowait    %irq   %soft  %steal  %guest  %gnice   %idle
11:54:07 PM    0   32.95    0.00   19.32    0.00    0.00    6.82    0.00    0.00    0.00   40.91
11:54:07 PM    1   25.30    0.00    8.43    0.00    0.00    3.61    0.00    0.00    0.00   62.65

11:54:07 PM  CPU    %usr   %nice    %sys %iowait    %irq   %soft  %steal  %guest  %gnice   %idle
11:54:08 PM    0   31.18    0.00   17.20    0.00    0.00   10.75    0.00    0.00    0.00   40.86
11:54:08 PM    1   26.51    0.00    7.23    0.00    0.00    2.41    0.00    0.00    0.00   63.86

11:54:08 PM  CPU    %usr   %nice    %sys %iowait    %irq   %soft  %steal  %guest  %gnice   %idle
11:54:09 PM    0   36.08    0.00   15.46    0.00    0.00    9.28    0.00    0.00    0.00   39.18
11:54:09 PM    1   24.10    0.00    8.43    0.00    0.00    2.41    0.00    0.00    0.00   65.06

11:54:09 PM  CPU    %usr   %nice    %sys %iowait    %irq   %soft  %steal  %guest  %gnice   %idle
11:54:10 PM    0   36.17    0.00   20.21    0.00    0.00    3.19    0.00    0.00    0.00   40.43
11:54:10 PM    1   24.39    0.00    7.32    0.00    0.00    3.66    0.00    0.00    0.00   64.63

11:54:10 PM  CPU    %usr   %nice    %sys %iowait    %irq   %soft  %steal  %guest  %gnice   %idle
11:54:11 PM    0   37.23    0.00   19.15    0.00    0.00    3.19    0.00    0.00    0.00   40.43
11:54:11 PM    1   24.71    0.00    9.41    0.00    0.00    3.53    0.00    0.00    0.00   62.35

11:54:11 PM  CPU    %usr   %nice    %sys %iowait    %irq   %soft  %steal  %guest  %gnice   %idle
11:54:12 PM    0   36.46    0.00   17.71    0.00    0.00    6.25    0.00    0.00    0.00   39.58
11:54:12 PM    1   20.73    0.00    9.76    0.00    0.00    3.66    0.00    0.00    0.00   65.85

11:54:12 PM  CPU    %usr   %nice    %sys %iowait    %irq   %soft  %steal  %guest  %gnice   %idle
11:54:13 PM    0   32.61    0.00   21.74    0.00    0.00    5.43    0.00    0.00    0.00   40.22
11:54:13 PM    1   22.50    0.00   10.00    0.00    0.00    1.25    0.00    0.00    0.00   66.25

11:54:13 PM  CPU    %usr   %nice    %sys %iowait    %irq   %soft  %steal  %guest  %gnice   %idle
11:54:14 PM    0   32.98    0.00   18.09    0.00    0.00    9.57    0.00    0.00    0.00   39.36
11:54:14 PM    1   25.88    0.00    8.24    0.00    0.00    2.35    0.00    0.00    0.00   63.53

11:54:14 PM  CPU    %usr   %nice    %sys %iowait    %irq   %soft  %steal  %guest  %gnice   %idle
11:54:15 PM    0   30.43    0.00   17.39    0.00    0.00   10.87    0.00    0.00    0.00   41.30
11:54:15 PM    1   20.99    0.00   11.11    0.00    0.00    2.47    0.00    0.00    0.00   65.43

11:54:15 PM  CPU    %usr   %nice    %sys %iowait    %irq   %soft  %steal  %guest  %gnice   %idle
11:54:16 PM    0   33.70    0.00   16.30    0.00    0.00    8.70    0.00    0.00    0.00   41.30
11:54:16 PM    1   24.39    0.00    9.76    0.00    0.00    1.22    0.00    0.00    0.00   64.63

11:54:16 PM  CPU    %usr   %nice    %sys %iowait    %irq   %soft  %steal  %guest  %gnice   %idle
11:54:17 PM    0   34.69    0.00   16.33    0.00    0.00   11.22    0.00    0.00    0.00   37.76
11:54:17 PM    1   24.39    0.00    9.76    0.00    0.00    1.22    0.00    0.00    0.00   64.63

11:54:17 PM  CPU    %usr   %nice    %sys %iowait    %irq   %soft  %steal  %guest  %gnice   %idle
11:54:18 PM    0   35.16    0.00   17.58    0.00    0.00    6.59    0.00    0.00    0.00   40.66
11:54:18 PM    1   28.75    0.00    5.00    0.00    0.00    1.25    0.00    0.00    0.00   65.00

11:54:18 PM  CPU    %usr   %nice    %sys %iowait    %irq   %soft  %steal  %guest  %gnice   %idle
11:54:19 PM    0   30.85    0.00   19.15    0.00    0.00    8.51    0.00    0.00    0.00   41.49
11:54:19 PM    1   25.58    0.00    6.98    0.00    0.00    3.49    0.00    0.00    0.00   63.95

11:54:19 PM  CPU    %usr   %nice    %sys %iowait    %irq   %soft  %steal  %guest  %gnice   %idle
11:54:20 PM    0   40.21    0.00   14.43    0.00    0.00    7.22    0.00    0.00    0.00   38.14
11:54:20 PM    1   25.30    0.00    8.43    0.00    0.00    3.61    0.00    0.00    0.00   62.65

11:54:20 PM  CPU    %usr   %nice    %sys %iowait    %irq   %soft  %steal  %guest  %gnice   %idle
11:54:21 PM    0   32.29    0.00   21.88    0.00    0.00    7.29    0.00    0.00    0.00   38.54
11:54:21 PM    1   27.27    0.00    6.82    0.00    0.00    4.55    0.00    0.00    0.00   61.36

11:54:21 PM  CPU    %usr   %nice    %sys %iowait    %irq   %soft  %steal  %guest  %gnice   %idle
11:54:22 PM    0   30.53    0.00   22.11    0.00    0.00    7.37    0.00    0.00    0.00   40.00
11:54:22 PM    1   25.00    0.00    9.52    0.00    0.00    2.38    0.00    0.00    0.00   63.10

11:54:22 PM  CPU    %usr   %nice    %sys %iowait    %irq   %soft  %steal  %guest  %gnice   %idle
11:54:23 PM    0   38.30    0.00   14.89    0.00    0.00    6.38    0.00    0.00    0.00   40.43
11:54:23 PM    1   20.93    0.00   11.63    0.00    0.00    5.81    0.00    0.00    0.00   61.63

11:54:23 PM  CPU    %usr   %nice    %sys %iowait    %irq   %soft  %steal  %guest  %gnice   %idle
11:54:24 PM    0   32.98    0.00   19.15    0.00    0.00    8.51    0.00    0.00    0.00   39.36
11:54:24 PM    1   26.51    0.00    8.43    0.00    0.00    1.20    0.00    0.00    0.00   63.86

11:54:24 PM  CPU    %usr   %nice    %sys %iowait    %irq   %soft  %steal  %guest  %gnice   %idle
11:54:25 PM    0   34.04    0.00   15.96    0.00    0.00    8.51    0.00    0.00    0.00   41.49
11:54:25 PM    1   19.75    0.00    9.88    0.00    0.00    3.70    0.00    0.00    0.00   66.67

11:54:25 PM  CPU    %usr   %nice    %sys %iowait    %irq   %soft  %steal  %guest  %gnice   %idle
11:54:26 PM    0   38.54    0.00   13.54    0.00    0.00    9.38    0.00    0.00    0.00   38.54
11:54:26 PM    1   26.19    0.00    8.33    0.00    0.00    2.38    0.00    0.00    0.00   63.10

11:54:26 PM  CPU    %usr   %nice    %sys %iowait    %irq   %soft  %steal  %guest  %gnice   %idle
11:54:27 PM    0   35.42    0.00   16.67    0.00    0.00    9.38    0.00    0.00    0.00   38.54
11:54:27 PM    1   28.57    0.00    8.33    0.00    0.00    2.38    0.00    0.00    0.00   60.71

11:54:27 PM  CPU    %usr   %nice    %sys %iowait    %irq   %soft  %steal  %guest  %gnice   %idle
11:54:28 PM    0   34.41    0.00   19.35    0.00    0.00    5.38    0.00    0.00    0.00   40.86
11:54:28 PM    1   28.24    0.00    7.06    0.00    0.00    2.35    0.00    0.00    0.00   62.35

11:54:28 PM  CPU    %usr   %nice    %sys %iowait    %irq   %soft  %steal  %guest  %gnice   %idle
11:54:29 PM    0   36.36    0.00   17.05    0.00    0.00    5.68    0.00    0.00    0.00   40.91
11:54:29 PM    1   29.63    0.00    4.94    0.00    0.00    1.23    0.00    0.00    0.00   64.20

11:54:29 PM  CPU    %usr   %nice    %sys %iowait    %irq   %soft  %steal  %guest  %gnice   %idle
11:54:30 PM    0   32.63    0.00   21.05    0.00    0.00    7.37    0.00    0.00    0.00   38.95
11:54:30 PM    1   25.30    0.00    9.64    0.00    0.00    1.20    0.00    0.00    0.00   63.86

11:54:30 PM  CPU    %usr   %nice    %sys %iowait    %irq   %soft  %steal  %guest  %gnice   %idle
11:54:31 PM    0   32.65    0.00   21.43    0.00    0.00    8.16    0.00    0.00    0.00   37.76
11:54:31 PM    1   20.48    0.00   12.05    0.00    0.00    4.82    0.00    0.00    0.00   62.65

11:54:31 PM  CPU    %usr   %nice    %sys %iowait    %irq   %soft  %steal  %guest  %gnice   %idle
11:54:32 PM    0   39.58    0.00   12.50    0.00    0.00    9.38    0.00    0.00    0.00   38.54
11:54:32 PM    1   25.30    0.00    7.23    0.00    0.00    3.61    0.00    0.00    0.00   63.86

11:54:32 PM  CPU    %usr   %nice    %sys %iowait    %irq   %soft  %steal  %guest  %gnice   %idle
11:54:33 PM    0   38.30    0.00   17.02    0.00    0.00    4.26    0.00    0.00    0.00   40.43
11:54:33 PM    1   25.88    0.00    8.24    0.00    0.00    3.53    0.00    0.00    0.00   62.35

11:54:33 PM  CPU    %usr   %nice    %sys %iowait    %irq   %soft  %steal  %guest  %gnice   %idle
11:54:34 PM    0   37.63    0.00   15.05    0.00    0.00    7.53    0.00    0.00    0.00   39.78
11:54:34 PM    1   26.51    0.00    8.43    0.00    0.00    2.41    0.00    0.00    0.00   62.65

11:54:34 PM  CPU    %usr   %nice    %sys %iowait    %irq   %soft  %steal  %guest  %gnice   %idle
11:54:35 PM    0   33.68    0.00   18.95    0.00    0.00    7.37    0.00    0.00    0.00   40.00
11:54:35 PM    1   23.17    0.00    8.54    0.00    0.00    2.44    0.00    0.00    0.00   65.85

11:54:35 PM  CPU    %usr   %nice    %sys %iowait    %irq   %soft  %steal  %guest  %gnice   %idle
11:54:36 PM    0   34.02    0.00   16.49    0.00    0.00   10.31    0.00    0.00    0.00   39.18
11:54:36 PM    1   22.62    0.00   11.90    0.00    0.00    1.19    0.00    0.00    0.00   64.29

11:54:36 PM  CPU    %usr   %nice    %sys %iowait    %irq   %soft  %steal  %guest  %gnice   %idle
11:54:37 PM    0   33.67    0.00   18.37    0.00    0.00    9.18    0.00    0.00    0.00   38.78
11:54:37 PM    1   29.07    0.00    5.81    0.00    0.00    3.49    0.00    0.00    0.00   61.63

11:54:37 PM  CPU    %usr   %nice    %sys %iowait    %irq   %soft  %steal  %guest  %gnice   %idle
11:54:38 PM    0   37.23    0.00   21.28    0.00    0.00    3.19    0.00    0.00    0.00   38.30
11:54:38 PM    1   26.51    0.00    7.23    0.00    0.00    2.41    0.00    0.00    0.00   63.86

11:54:38 PM  CPU    %usr   %nice    %sys %iowait    %irq   %soft  %steal  %guest  %gnice   %idle
11:54:39 PM    0   35.87    0.00   16.30    0.00    0.00    7.61    0.00    0.00    0.00   40.22
11:54:39 PM    1   26.51    0.00    7.23    0.00    0.00    2.41    0.00    0.00    0.00   63.86

11:54:39 PM  CPU    %usr   %nice    %sys %iowait    %irq   %soft  %steal  %guest  %gnice   %idle
11:54:40 PM    0   40.86    0.00   13.98    0.00    0.00    6.45    0.00    0.00    0.00   38.71
11:54:40 PM    1   28.05    0.00    7.32    0.00    0.00    2.44    0.00    0.00    0.00   62.20

11:54:40 PM  CPU    %usr   %nice    %sys %iowait    %irq   %soft  %steal  %guest  %gnice   %idle
11:54:41 PM    0   38.14    0.00   16.49    0.00    0.00    7.22    0.00    0.00    0.00   38.14
11:54:41 PM    1   27.06    0.00    9.41    0.00    0.00    1.18    0.00    0.00    0.00   62.35

11:54:41 PM  CPU    %usr   %nice    %sys %iowait    %irq   %soft  %steal  %guest  %gnice   %idle
11:54:42 PM    0   35.79    0.00   17.89    0.00    0.00    7.37    0.00    0.00    0.00   38.95
11:54:42 PM    1   26.83    0.00    4.88    0.00    0.00    3.66    0.00    0.00    0.00   64.63

11:54:42 PM  CPU    %usr   %nice    %sys %iowait    %irq   %soft  %steal  %guest  %gnice   %idle
11:54:43 PM    0   34.38    0.00   19.79    0.00    0.00    8.33    0.00    0.00    0.00   37.50
11:54:43 PM    1   25.88    0.00    9.41    0.00    0.00    2.35    0.00    0.00    0.00   62.35

11:54:43 PM  CPU    %usr   %nice    %sys %iowait    %irq   %soft  %steal  %guest  %gnice   %idle
11:54:44 PM    0   34.44    0.00   18.89    0.00    0.00    5.56    0.00    0.00    0.00   41.11
11:54:44 PM    1   24.39    0.00    8.54    0.00    0.00    3.66    0.00    0.00    0.00   63.41

11:54:44 PM  CPU    %usr   %nice    %sys %iowait    %irq   %soft  %steal  %guest  %gnice   %idle
11:54:45 PM    0   35.42    0.00   17.71    0.00    0.00    7.29    0.00    0.00    0.00   39.58
11:54:45 PM    1   23.81    0.00    9.52    0.00    0.00    3.57    0.00    0.00    0.00   63.10

11:54:45 PM  CPU    %usr   %nice    %sys %iowait    %irq   %soft  %steal  %guest  %gnice   %idle
11:54:46 PM    0   30.93    0.00   20.62    0.00    0.00    9.28    0.00    0.00    0.00   39.18
11:54:46 PM    1   25.00    0.00    9.52    0.00    0.00    2.38    0.00    0.00    0.00   63.10

11:54:46 PM  CPU    %usr   %nice    %sys %iowait    %irq   %soft  %steal  %guest  %gnice   %idle
11:54:47 PM    0   35.79    0.00   16.84    0.00    0.00    9.47    0.00    0.00    0.00   37.89
11:54:47 PM    1   23.81    0.00    8.33    0.00    0.00    4.76    0.00    0.00    0.00   63.10

11:54:47 PM  CPU    %usr   %nice    %sys %iowait    %irq   %soft  %steal  %guest  %gnice   %idle
11:54:48 PM    0   36.17    0.00   17.02    0.00    0.00    7.45    0.00    0.00    0.00   39.36
11:54:48 PM    1   25.00    0.00    9.52    0.00    0.00    2.38    0.00    0.00    0.00   63.10

11:54:48 PM  CPU    %usr   %nice    %sys %iowait    %irq   %soft  %steal  %guest  %gnice   %idle
11:54:49 PM    0   33.68    0.00   17.89    0.00    0.00    7.37    0.00    0.00    0.00   41.05
11:54:49 PM    1   23.81    0.00    9.52    0.00    0.00    3.57    0.00    0.00    0.00   63.10

11:54:49 PM  CPU    %usr   %nice    %sys %iowait    %irq   %soft  %steal  %guest  %gnice   %idle
11:54:50 PM    0   34.78    0.00   16.30    0.00    0.00    9.78    0.00    0.00    0.00   39.13
11:54:50 PM    1   30.12    0.00    6.02    0.00    0.00    1.20    0.00    0.00    0.00   62.65

11:54:50 PM  CPU    %usr   %nice    %sys %iowait    %irq   %soft  %steal  %guest  %gnice   %idle
11:54:51 PM    0   34.78    0.00   19.57    0.00    0.00    5.43    0.00    0.00    0.00   40.22
11:54:51 PM    1   22.89    0.00    9.64    0.00    0.00    3.61    0.00    0.00    0.00   63.86

11:54:51 PM  CPU    %usr   %nice    %sys %iowait    %irq   %soft  %steal  %guest  %gnice   %idle
11:54:52 PM    0   34.38    0.00   15.62    0.00    0.00    9.38    0.00    0.00    0.00   40.62
11:54:52 PM    1   21.95    0.00    9.76    0.00    0.00    2.44    0.00    0.00    0.00   65.85

11:54:52 PM  CPU    %usr   %nice    %sys %iowait    %irq   %soft  %steal  %guest  %gnice   %idle
11:54:53 PM    0   36.17    0.00   18.09    0.00    0.00    6.38    0.00    0.00    0.00   39.36
11:54:53 PM    1   27.38    0.00    5.95    0.00    0.00    3.57    0.00    0.00    0.00   63.10

11:54:53 PM  CPU    %usr   %nice    %sys %iowait    %irq   %soft  %steal  %guest  %gnice   %idle
11:54:54 PM    0   27.47    0.00   17.58    0.00    0.00   12.09    0.00    0.00    0.00   42.86
11:54:54 PM    1   24.39    0.00    7.32    0.00    0.00    2.44    0.00    0.00    0.00   65.85

11:54:54 PM  CPU    %usr   %nice    %sys %iowait    %irq   %soft  %steal  %guest  %gnice   %idle
11:54:55 PM    0   36.17    0.00   15.96    0.00    0.00    7.45    0.00    0.00    0.00   40.43
11:54:55 PM    1   22.62    0.00    9.52    0.00    0.00    3.57    0.00    0.00    0.00   64.29

11:54:55 PM  CPU    %usr   %nice    %sys %iowait    %irq   %soft  %steal  %guest  %gnice   %idle
11:54:56 PM    0   37.89    0.00   18.95    0.00    0.00    4.21    0.00    0.00    0.00   38.95
11:54:56 PM    1   27.16    0.00    7.41    0.00    0.00    1.23    0.00    0.00    0.00   64.20

11:54:56 PM  CPU    %usr   %nice    %sys %iowait    %irq   %soft  %steal  %guest  %gnice   %idle
11:54:57 PM    0   37.89    0.00   14.74    0.00    0.00    8.42    0.00    0.00    0.00   38.95
11:54:57 PM    1   25.88    0.00    7.06    0.00    0.00    3.53    0.00    0.00    0.00   63.53

11:54:57 PM  CPU    %usr   %nice    %sys %iowait    %irq   %soft  %steal  %guest  %gnice   %idle
11:54:58 PM    0   38.14    0.00   14.43    0.00    0.00    9.28    0.00    0.00    0.00   38.14
11:54:58 PM    1   25.93    0.00    7.41    0.00    0.00    2.47    0.00    0.00    0.00   64.20

11:54:58 PM  CPU    %usr   %nice    %sys %iowait    %irq   %soft  %steal  %guest  %gnice   %idle
11:54:59 PM    0   33.70    0.00   20.65    0.00    0.00    5.43    0.00    0.00    0.00   40.22
11:54:59 PM    1   23.17    0.00    9.76    0.00    0.00    2.44    0.00    0.00    0.00   64.63

11:54:59 PM  CPU    %usr   %nice    %sys %iowait    %irq   %soft  %steal  %guest  %gnice   %idle
11:55:00 PM    0   35.79    0.00   18.95    0.00    0.00    7.37    0.00    0.00    0.00   37.89
11:55:00 PM    1   24.39    0.00   10.98    0.00    0.00    2.44    0.00    0.00    0.00   62.20

11:55:00 PM  CPU    %usr   %nice    %sys %iowait    %irq   %soft  %steal  %guest  %gnice   %idle
11:55:01 PM    0   32.26    0.00   19.35    0.00    0.00    8.60    0.00    0.00    0.00   39.78
11:55:01 PM    1   24.69    0.00    7.41    0.00    0.00    2.47    0.00    0.00    0.00   65.43

11:55:01 PM  CPU    %usr   %nice    %sys %iowait    %irq   %soft  %steal  %guest  %gnice   %idle
11:55:02 PM    0   33.33    0.00   21.51    0.00    0.00    8.60    0.00    0.00    0.00   36.56
11:55:02 PM    1   24.10    0.00   12.05    0.00    0.00    3.61    0.00    0.00    0.00   60.24

11:55:02 PM  CPU    %usr   %nice    %sys %iowait    %irq   %soft  %steal  %guest  %gnice   %idle
11:55:03 PM    0   34.41    0.00   18.28    0.00    0.00    6.45    0.00    0.00    0.00   40.86
11:55:03 PM    1   25.30    0.00    8.43    0.00    0.00    2.41    0.00    0.00    0.00   63.86

11:55:03 PM  CPU    %usr   %nice    %sys %iowait    %irq   %soft  %steal  %guest  %gnice   %idle
11:55:04 PM    0   34.04    0.00   15.96    0.00    0.00    9.57    0.00    0.00    0.00   40.43
11:55:04 PM    1   25.88    0.00    9.41    0.00    0.00    3.53    0.00    0.00    0.00   61.18

11:55:04 PM  CPU    %usr   %nice    %sys %iowait    %irq   %soft  %steal  %guest  %gnice   %idle
11:55:05 PM    0   36.73    0.00   18.37    0.00    0.00    7.14    0.00    0.00    0.00   37.76
11:55:05 PM    1   26.83    0.00    7.32    0.00    0.00    1.22    0.00    0.00    0.00   64.63

11:55:05 PM  CPU    %usr   %nice    %sys %iowait    %irq   %soft  %steal  %guest  %gnice   %idle
11:55:06 PM    0   34.78    0.00   17.39    0.00    0.00    7.61    0.00    0.00    0.00   40.22
11:55:06 PM    1   24.69    0.00    7.41    0.00    0.00    2.47    0.00    0.00    0.00   65.43

11:55:06 PM  CPU    %usr   %nice    %sys %iowait    %irq   %soft  %steal  %guest  %gnice   %idle
11:55:07 PM    0   30.85    0.00   18.09    0.00    0.00   10.64    0.00    0.00    0.00   40.43
11:55:07 PM    1   23.17    0.00    8.54    0.00    0.00    2.44    0.00    0.00    0.00   65.85

11:55:07 PM  CPU    %usr   %nice    %sys %iowait    %irq   %soft  %steal  %guest  %gnice   %idle
11:55:08 PM    0   37.63    0.00   20.43    0.00    0.00    4.30    0.00    0.00    0.00   37.63
11:55:08 PM    1   22.89    0.00   12.05    0.00    0.00    3.61    0.00    0.00    0.00   61.45

11:55:08 PM  CPU    %usr   %nice    %sys %iowait    %irq   %soft  %steal  %guest  %gnice   %idle
11:55:09 PM    0   32.61    0.00   20.65    0.00    0.00    4.35    0.00    0.00    0.00   42.39
11:55:09 PM    1   27.16    0.00    6.17    0.00    0.00    0.00    0.00    0.00    0.00   66.67

11:55:09 PM  CPU    %usr   %nice    %sys %iowait    %irq   %soft  %steal  %guest  %gnice   %idle
11:55:10 PM    0   35.87    0.00   16.30    0.00    0.00    8.70    0.00    0.00    0.00   39.13
11:55:10 PM    1   22.35    0.00   12.94    0.00    0.00    3.53    0.00    0.00    0.00   61.18

11:55:10 PM  CPU    %usr   %nice    %sys %iowait    %irq   %soft  %steal  %guest  %gnice   %idle
11:55:11 PM    0   37.23    0.00   13.83    0.00    0.00    8.51    0.00    0.00    0.00   40.43
11:55:11 PM    1   28.24    0.00    5.88    0.00    0.00    3.53    0.00    0.00    0.00   62.35

11:55:11 PM  CPU    %usr   %nice    %sys %iowait    %irq   %soft  %steal  %guest  %gnice   %idle
11:55:12 PM    0   37.50    0.00   15.62    0.00    0.00    7.29    0.00    0.00    0.00   39.58
11:55:12 PM    1   25.00    0.00    8.75    0.00    0.00    0.00    0.00    0.00    0.00   66.25

11:55:12 PM  CPU    %usr   %nice    %sys %iowait    %irq   %soft  %steal  %guest  %gnice   %idle
11:55:13 PM    0   34.38    0.00   16.67    0.00    0.00    9.38    0.00    0.00    0.00   39.58
11:55:13 PM    1   26.19    0.00    7.14    0.00    0.00    2.38    0.00    0.00    0.00   64.29

11:55:13 PM  CPU    %usr   %nice    %sys %iowait    %irq   %soft  %steal  %guest  %gnice   %idle
11:55:14 PM    0   32.98    0.00   19.15    0.00    0.00    8.51    0.00    0.00    0.00   39.36
11:55:14 PM    1   25.00    0.00    9.09    0.00    0.00    5.68    0.00    0.00    0.00   60.23

11:55:14 PM  CPU    %usr   %nice    %sys %iowait    %irq   %soft  %steal  %guest  %gnice   %idle
11:55:15 PM    0   38.78    0.00   16.33    0.00    0.00    7.14    0.00    0.00    0.00   37.76
11:55:15 PM    1   22.89    0.00   12.05    0.00    0.00    2.41    0.00    0.00    0.00   62.65

11:55:15 PM  CPU    %usr   %nice    %sys %iowait    %irq   %soft  %steal  %guest  %gnice   %idle
11:55:16 PM    0   39.56    0.00   12.09    0.00    0.00    5.49    0.00    0.00    0.00   42.86
11:55:16 PM    1   20.99    0.00   11.11    0.00    0.00    0.00    0.00    0.00    0.00   67.90

11:55:16 PM  CPU    %usr   %nice    %sys %iowait    %irq   %soft  %steal  %guest  %gnice   %idle
11:55:17 PM    0   36.08    0.00   17.53    0.00    0.00    8.25    0.00    0.00    0.00   38.14
11:55:17 PM    1   23.17    0.00    7.32    0.00    0.00    4.88    0.00    0.00    0.00   64.63

11:55:17 PM  CPU    %usr   %nice    %sys %iowait    %irq   %soft  %steal  %guest  %gnice   %idle
11:55:18 PM    0   34.41    0.00   19.35    0.00    0.00    6.45    0.00    0.00    0.00   39.78
11:55:18 PM    1   26.51    0.00    8.43    0.00    0.00    2.41    0.00    0.00    0.00   62.65

11:55:18 PM  CPU    %usr   %nice    %sys %iowait    %irq   %soft  %steal  %guest  %gnice   %idle
11:55:19 PM    0   32.98    0.00   18.09    0.00    0.00    7.45    0.00    0.00    0.00   41.49
11:55:19 PM    1   25.93    0.00    6.17    0.00    0.00    2.47    0.00    0.00    0.00   65.43

11:55:19 PM  CPU    %usr   %nice    %sys %iowait    %irq   %soft  %steal  %guest  %gnice   %idle
11:55:20 PM    0   38.04    0.00   16.30    0.00    0.00    5.43    0.00    0.00    0.00   40.22
11:55:20 PM    1   24.10    0.00    9.64    0.00    0.00    2.41    0.00    0.00    0.00   63.86

Average:     CPU    %usr   %nice    %sys %iowait    %irq   %soft  %steal  %guest  %gnice   %idle
Average:       0   35.06    0.00   17.65    0.00    0.00    7.56    0.00    0.00    0.00   39.73
Average:       1   25.09    0.00    8.52    0.00    0.00    2.74    0.00    0.00    0.00   63.66
