Linux 5.3.0-59-generic (ericmei) 	06/30/2020 	_x86_64_	(12 CPU)

12:11:40 AM  CPU    %usr   %nice    %sys %iowait    %irq   %soft  %steal  %guest  %gnice   %idle
12:11:41 AM    0   37.63    0.00   17.20    0.00    0.00    6.45    0.00    0.00    0.00   38.71
12:11:41 AM    1   27.91    0.00   10.47    0.00    0.00    2.33    0.00    0.00    0.00   59.30

12:11:41 AM  CPU    %usr   %nice    %sys %iowait    %irq   %soft  %steal  %guest  %gnice   %idle
12:11:42 AM    0   31.63    0.00   17.35    0.00    0.00   11.22    0.00    0.00    0.00   39.80
12:11:42 AM    1   27.38    0.00    7.14    0.00    0.00    2.38    0.00    0.00    0.00   63.10

12:11:42 AM  CPU    %usr   %nice    %sys %iowait    %irq   %soft  %steal  %guest  %gnice   %idle
12:11:43 AM    0   37.63    0.00   12.90    0.00    0.00    9.68    0.00    0.00    0.00   39.78
12:11:43 AM    1   21.95    0.00    9.76    0.00    0.00    2.44    0.00    0.00    0.00   65.85

12:11:43 AM  CPU    %usr   %nice    %sys %iowait    %irq   %soft  %steal  %guest  %gnice   %idle
12:11:44 AM    0   31.91    0.00   19.15    0.00    0.00    9.57    0.00    0.00    0.00   39.36
12:11:44 AM    1   27.71    0.00    7.23    0.00    0.00    2.41    0.00    0.00    0.00   62.65

12:11:44 AM  CPU    %usr   %nice    %sys %iowait    %irq   %soft  %steal  %guest  %gnice   %idle
12:11:45 AM    0   31.03    0.00   18.39    0.00    0.00    8.05    0.00    0.00    0.00   42.53
12:11:45 AM    1   24.39    0.00   10.98    0.00    0.00    0.00    0.00    0.00    0.00   64.63

12:11:45 AM  CPU    %usr   %nice    %sys %iowait    %irq   %soft  %steal  %guest  %gnice   %idle
12:11:46 AM    0   35.42    0.00   17.71    0.00    0.00   11.46    0.00    0.00    0.00   35.42
12:11:46 AM    1   23.26    0.00   10.47    0.00    0.00    4.65    0.00    0.00    0.00   61.63

12:11:46 AM  CPU    %usr   %nice    %sys %iowait    %irq   %soft  %steal  %guest  %gnice   %idle
12:11:47 AM    0   30.85    0.00   21.28    0.00    0.00    8.51    0.00    0.00    0.00   39.36
12:11:47 AM    1   21.25    0.00   11.25    0.00    0.00    1.25    0.00    0.00    0.00   66.25

12:11:47 AM  CPU    %usr   %nice    %sys %iowait    %irq   %soft  %steal  %guest  %gnice   %idle
12:11:48 AM    0   39.58    0.00   16.67    0.00    0.00    5.21    0.00    0.00    0.00   38.54
12:11:48 AM    1   24.72    0.00    7.87    0.00    0.00    6.74    0.00    0.00    0.00   60.67

12:11:48 AM  CPU    %usr   %nice    %sys %iowait    %irq   %soft  %steal  %guest  %gnice   %idle
12:11:49 AM    0   33.33    0.00   19.35    0.00    0.00    7.53    0.00    0.00    0.00   39.78
12:11:49 AM    1   22.89    0.00   10.84    0.00    0.00    2.41    0.00    0.00    0.00   63.86

12:11:49 AM  CPU    %usr   %nice    %sys %iowait    %irq   %soft  %steal  %guest  %gnice   %idle
12:11:50 AM    0   37.63    0.00   17.20    0.00    0.00    6.45    0.00    0.00    0.00   38.71
12:11:50 AM    1   23.26    0.00   11.63    0.00    0.00    4.65    0.00    0.00    0.00   60.47

12:11:50 AM  CPU    %usr   %nice    %sys %iowait    %irq   %soft  %steal  %guest  %gnice   %idle
12:11:51 AM    0   36.84    0.00   20.00    0.00    0.00    4.21    0.00    0.00    0.00   38.95
12:11:51 AM    1   22.62    0.00    7.14    0.00    0.00    5.95    0.00    0.00    0.00   64.29

12:11:51 AM  CPU    %usr   %nice    %sys %iowait    %irq   %soft  %steal  %guest  %gnice   %idle
12:11:52 AM    0   32.98    0.00   20.21    0.00    0.00    7.45    0.00    0.00    0.00   39.36
12:11:52 AM    1   22.89    0.00    9.64    0.00    0.00    4.82    0.00    0.00    0.00   62.65

12:11:52 AM  CPU    %usr   %nice    %sys %iowait    %irq   %soft  %steal  %guest  %gnice   %idle
12:11:53 AM    0   30.43    0.00   21.74    0.00    0.00    7.61    0.00    0.00    0.00   40.22
12:11:53 AM    1   24.10    0.00   10.84    0.00    0.00    1.20    0.00    0.00    0.00   63.86

12:11:53 AM  CPU    %usr   %nice    %sys %iowait    %irq   %soft  %steal  %guest  %gnice   %idle
12:11:54 AM    0   32.97    0.00   18.68    0.00    0.00    6.59    0.00    0.00    0.00   41.76
12:11:54 AM    1   24.39    0.00    9.76    0.00    0.00    1.22    0.00    0.00    0.00   64.63

12:11:54 AM  CPU    %usr   %nice    %sys %iowait    %irq   %soft  %steal  %guest  %gnice   %idle
12:11:55 AM    0   26.60    0.00   22.34    0.00    0.00   11.70    0.00    0.00    0.00   39.36
12:11:55 AM    1   28.57    0.00    4.76    0.00    0.00    3.57    0.00    0.00    0.00   63.10

12:11:55 AM  CPU    %usr   %nice    %sys %iowait    %irq   %soft  %steal  %guest  %gnice   %idle
12:11:56 AM    0   35.87    0.00   15.22    0.00    0.00    7.61    0.00    0.00    0.00   41.30
12:11:56 AM    1   22.35    0.00   11.76    0.00    0.00    3.53    0.00    0.00    0.00   62.35

12:11:56 AM  CPU    %usr   %nice    %sys %iowait    %irq   %soft  %steal  %guest  %gnice   %idle
12:11:57 AM    0   34.02    0.00   21.65    0.00    0.00    7.22    0.00    0.00    0.00   37.11
12:11:57 AM    1   23.81    0.00    9.52    0.00    0.00    3.57    0.00    0.00    0.00   63.10

12:11:57 AM  CPU    %usr   %nice    %sys %iowait    %irq   %soft  %steal  %guest  %gnice   %idle
12:11:58 AM    0   36.56    0.00   20.43    0.00    0.00    4.30    0.00    0.00    0.00   38.71
12:11:58 AM    1   26.51    0.00    7.23    0.00    0.00    3.61    0.00    0.00    0.00   62.65

12:11:58 AM  CPU    %usr   %nice    %sys %iowait    %irq   %soft  %steal  %guest  %gnice   %idle
12:11:59 AM    0   33.70    0.00   22.83    0.00    0.00    4.35    0.00    0.00    0.00   39.13
12:11:59 AM    1   28.92    0.00    4.82    0.00    0.00    3.61    0.00    0.00    0.00   62.65

12:11:59 AM  CPU    %usr   %nice    %sys %iowait    %irq   %soft  %steal  %guest  %gnice   %idle
12:12:00 AM    0   36.17    0.00   15.96    0.00    0.00    8.51    0.00    0.00    0.00   39.36
12:12:00 AM    1   23.17    0.00    8.54    0.00    0.00    3.66    0.00    0.00    0.00   64.63

12:12:00 AM  CPU    %usr   %nice    %sys %iowait    %irq   %soft  %steal  %guest  %gnice   %idle
12:12:01 AM    0   36.84    0.00   16.84    0.00    0.00    7.37    0.00    0.00    0.00   38.95
12:12:01 AM    1   27.38    0.00    8.33    0.00    0.00    1.19    0.00    0.00    0.00   63.10

12:12:01 AM  CPU    %usr   %nice    %sys %iowait    %irq   %soft  %steal  %guest  %gnice   %idle
12:12:02 AM    0   32.98    0.00   19.15    0.00    0.00    8.51    0.00    0.00    0.00   39.36
12:12:02 AM    1   24.10    0.00    8.43    0.00    0.00    3.61    0.00    0.00    0.00   63.86

12:12:02 AM  CPU    %usr   %nice    %sys %iowait    %irq   %soft  %steal  %guest  %gnice   %idle
12:12:03 AM    0   39.13    0.00   13.04    0.00    0.00    8.70    0.00    0.00    0.00   39.13
12:12:03 AM    1   26.19    0.00    8.33    0.00    0.00    2.38    0.00    0.00    0.00   63.10

12:12:03 AM  CPU    %usr   %nice    %sys %iowait    %irq   %soft  %steal  %guest  %gnice   %idle
12:12:04 AM    0   35.11    0.00   19.15    0.00    0.00    8.51    0.00    0.00    0.00   37.23
12:12:04 AM    1   27.71    0.00    8.43    0.00    0.00    1.20    0.00    0.00    0.00   62.65

12:12:04 AM  CPU    %usr   %nice    %sys %iowait    %irq   %soft  %steal  %guest  %gnice   %idle
12:12:05 AM    0   34.74    0.00   15.79    0.00    0.00   10.53    0.00    0.00    0.00   38.95
12:12:05 AM    1   24.10    0.00    8.43    0.00    0.00    3.61    0.00    0.00    0.00   63.86

12:12:05 AM  CPU    %usr   %nice    %sys %iowait    %irq   %soft  %steal  %guest  %gnice   %idle
12:12:06 AM    0   35.42    0.00   19.79    0.00    0.00    6.25    0.00    0.00    0.00   38.54
12:12:06 AM    1   23.17    0.00   10.98    0.00    0.00    2.44    0.00    0.00    0.00   63.41

12:12:06 AM  CPU    %usr   %nice    %sys %iowait    %irq   %soft  %steal  %guest  %gnice   %idle
12:12:07 AM    0   34.41    0.00   18.28    0.00    0.00    7.53    0.00    0.00    0.00   39.78
12:12:07 AM    1   24.39    0.00    8.54    0.00    0.00    2.44    0.00    0.00    0.00   64.63

12:12:07 AM  CPU    %usr   %nice    %sys %iowait    %irq   %soft  %steal  %guest  %gnice   %idle
12:12:08 AM    0   34.38    0.00   18.75    0.00    0.00    8.33    0.00    0.00    0.00   38.54
12:12:08 AM    1   24.39    0.00    6.10    0.00    0.00    3.66    0.00    0.00    0.00   65.85

12:12:08 AM  CPU    %usr   %nice    %sys %iowait    %irq   %soft  %steal  %guest  %gnice   %idle
12:12:09 AM    0   38.95    0.00   16.84    0.00    0.00    6.32    0.00    0.00    0.00   37.89
12:12:09 AM    1   25.93    0.00    8.64    0.00    0.00    1.23    0.00    0.00    0.00   64.20

12:12:09 AM  CPU    %usr   %nice    %sys %iowait    %irq   %soft  %steal  %guest  %gnice   %idle
12:12:10 AM    0   33.33    0.00   16.67    0.00    0.00    7.78    0.00    0.00    0.00   42.22
12:12:10 AM    1   20.73    0.00    8.54    0.00    0.00    3.66    0.00    0.00    0.00   67.07

12:12:10 AM  CPU    %usr   %nice    %sys %iowait    %irq   %soft  %steal  %guest  %gnice   %idle
12:12:11 AM    0   36.96    0.00   17.39    0.00    0.00    4.35    0.00    0.00    0.00   41.30
12:12:11 AM    1   20.99    0.00   11.11    0.00    0.00    2.47    0.00    0.00    0.00   65.43

12:12:11 AM  CPU    %usr   %nice    %sys %iowait    %irq   %soft  %steal  %guest  %gnice   %idle
12:12:12 AM    0   34.04    0.00   17.02    0.00    0.00    8.51    0.00    0.00    0.00   40.43
12:12:12 AM    1   26.51    0.00    8.43    0.00    0.00    1.20    0.00    0.00    0.00   63.86

12:12:12 AM  CPU    %usr   %nice    %sys %iowait    %irq   %soft  %steal  %guest  %gnice   %idle
12:12:13 AM    0   37.23    0.00   15.96    0.00    0.00    7.45    0.00    0.00    0.00   39.36
12:12:13 AM    1   26.19    0.00    8.33    0.00    0.00    2.38    0.00    0.00    0.00   63.10

12:12:13 AM  CPU    %usr   %nice    %sys %iowait    %irq   %soft  %steal  %guest  %gnice   %idle
12:12:14 AM    0   34.74    0.00   22.11    0.00    0.00    4.21    0.00    0.00    0.00   38.95
12:12:14 AM    1   22.35    0.00   11.76    0.00    0.00    3.53    0.00    0.00    0.00   62.35

12:12:14 AM  CPU    %usr   %nice    %sys %iowait    %irq   %soft  %steal  %guest  %gnice   %idle
12:12:15 AM    0   36.84    0.00   17.89    0.00    0.00    6.32    0.00    0.00    0.00   38.95
12:12:15 AM    1   27.59    0.00    6.90    0.00    0.00    5.75    0.00    0.00    0.00   59.77

12:12:15 AM  CPU    %usr   %nice    %sys %iowait    %irq   %soft  %steal  %guest  %gnice   %idle
12:12:16 AM    0   34.74    0.00   18.95    0.00    0.00    8.42    0.00    0.00    0.00   37.89
12:12:16 AM    1   24.42    0.00    9.30    0.00    0.00    4.65    0.00    0.00    0.00   61.63

12:12:16 AM  CPU    %usr   %nice    %sys %iowait    %irq   %soft  %steal  %guest  %gnice   %idle
12:12:17 AM    0   35.87    0.00   17.39    0.00    0.00    7.61    0.00    0.00    0.00   39.13
12:12:17 AM    1   32.14    0.00    3.57    0.00    0.00    1.19    0.00    0.00    0.00   63.10

12:12:17 AM  CPU    %usr   %nice    %sys %iowait    %irq   %soft  %steal  %guest  %gnice   %idle
12:12:18 AM    0   33.33    0.00   22.58    0.00    0.00    4.30    0.00    0.00    0.00   39.78
12:12:18 AM    1   26.19    0.00    8.33    0.00    0.00    3.57    0.00    0.00    0.00   61.90

12:12:18 AM  CPU    %usr   %nice    %sys %iowait    %irq   %soft  %steal  %guest  %gnice   %idle
12:12:19 AM    0   34.41    0.00   19.35    0.00    0.00    6.45    0.00    0.00    0.00   39.78
12:12:19 AM    1   23.26    0.00   10.47    0.00    0.00    3.49    0.00    0.00    0.00   62.79

12:12:19 AM  CPU    %usr   %nice    %sys %iowait    %irq   %soft  %steal  %guest  %gnice   %idle
12:12:20 AM    0   31.91    0.00   21.28    0.00    0.00    7.45    0.00    0.00    0.00   39.36
12:12:20 AM    1   24.39    0.00    7.32    0.00    0.00    2.44    0.00    0.00    0.00   65.85

12:12:20 AM  CPU    %usr   %nice    %sys %iowait    %irq   %soft  %steal  %guest  %gnice   %idle
12:12:21 AM    0   32.98    0.00   17.02    0.00    0.00    9.57    0.00    0.00    0.00   40.43
12:12:21 AM    1   24.71    0.00    8.24    0.00    0.00    3.53    0.00    0.00    0.00   63.53

12:12:21 AM  CPU    %usr   %nice    %sys %iowait    %irq   %soft  %steal  %guest  %gnice   %idle
12:12:22 AM    0   33.70    0.00   19.57    0.00    0.00    5.43    0.00    0.00    0.00   41.30
12:12:22 AM    1   21.69    0.00   10.84    0.00    0.00    2.41    0.00    0.00    0.00   65.06

12:12:22 AM  CPU    %usr   %nice    %sys %iowait    %irq   %soft  %steal  %guest  %gnice   %idle
12:12:23 AM    0   39.13    0.00   14.13    0.00    0.00    7.61    0.00    0.00    0.00   39.13
12:12:23 AM    1   26.25    0.00    8.75    0.00    0.00    0.00    0.00    0.00    0.00   65.00

12:12:23 AM  CPU    %usr   %nice    %sys %iowait    %irq   %soft  %steal  %guest  %gnice   %idle
12:12:24 AM    0   37.23    0.00   18.09    0.00    0.00    6.38    0.00    0.00    0.00   38.30
12:12:24 AM    1   22.89    0.00    9.64    0.00    0.00    3.61    0.00    0.00    0.00   63.86

12:12:24 AM  CPU    %usr   %nice    %sys %iowait    %irq   %soft  %steal  %guest  %gnice   %idle
12:12:25 AM    0   32.63    0.00   21.05    0.00    0.00    6.32    0.00    0.00    0.00   40.00
12:12:25 AM    1   22.89    0.00    9.64    0.00    0.00    2.41    0.00    0.00    0.00   65.06

12:12:25 AM  CPU    %usr   %nice    %sys %iowait    %irq   %soft  %steal  %guest  %gnice   %idle
12:12:26 AM    0   37.23    0.00   17.02    0.00    0.00    6.38    0.00    0.00    0.00   39.36
12:12:26 AM    1   25.00    0.00    9.52    0.00    0.00    3.57    0.00    0.00    0.00   61.90

12:12:26 AM  CPU    %usr   %nice    %sys %iowait    %irq   %soft  %steal  %guest  %gnice   %idle
12:12:27 AM    0   31.91    0.00   19.15    0.00    0.00    9.57    0.00    0.00    0.00   39.36
12:12:27 AM    1   25.88    0.00    7.06    0.00    0.00    3.53    0.00    0.00    0.00   63.53

12:12:27 AM  CPU    %usr   %nice    %sys %iowait    %irq   %soft  %steal  %guest  %gnice   %idle
12:12:28 AM    0   35.87    0.00   20.65    0.00    0.00    4.35    0.00    0.00    0.00   39.13
12:12:28 AM    1   25.30    0.00    8.43    0.00    0.00    3.61    0.00    0.00    0.00   62.65

12:12:28 AM  CPU    %usr   %nice    %sys %iowait    %irq   %soft  %steal  %guest  %gnice   %idle
12:12:29 AM    0   32.99    0.00   15.46    0.00    0.00   13.40    0.00    0.00    0.00   38.14
12:12:29 AM    1   25.00    0.00    9.52    0.00    0.00    2.38    0.00    0.00    0.00   63.10

12:12:29 AM  CPU    %usr   %nice    %sys %iowait    %irq   %soft  %steal  %guest  %gnice   %idle
12:12:30 AM    0   31.52    0.00   19.57    0.00    0.00    8.70    0.00    0.00    0.00   40.22
12:12:30 AM    1   24.39    0.00    9.76    0.00    0.00    1.22    0.00    0.00    0.00   64.63

12:12:30 AM  CPU    %usr   %nice    %sys %iowait    %irq   %soft  %steal  %guest  %gnice   %idle
12:12:31 AM    0   31.63    0.00   20.41    0.00    0.00   10.20    0.00    0.00    0.00   37.76
12:12:31 AM    1   24.71    0.00    9.41    0.00    0.00    2.35    0.00    0.00    0.00   63.53

12:12:31 AM  CPU    %usr   %nice    %sys %iowait    %irq   %soft  %steal  %guest  %gnice   %idle
12:12:32 AM    0   39.78    0.00   12.90    0.00    0.00    8.60    0.00    0.00    0.00   38.71
12:12:32 AM    1   19.51    0.00   14.63    0.00    0.00    3.66    0.00    0.00    0.00   62.20

12:12:32 AM  CPU    %usr   %nice    %sys %iowait    %irq   %soft  %steal  %guest  %gnice   %idle
12:12:33 AM    0   37.36    0.00   14.29    0.00    0.00    6.59    0.00    0.00    0.00   41.76
12:12:33 AM    1   22.62    0.00   11.90    0.00    0.00    2.38    0.00    0.00    0.00   63.10

12:12:33 AM  CPU    %usr   %nice    %sys %iowait    %irq   %soft  %steal  %guest  %gnice   %idle
12:12:34 AM    0   29.79    0.00   18.09    0.00    0.00   12.77    0.00    0.00    0.00   39.36
12:12:34 AM    1   27.59    0.00    9.20    0.00    0.00    2.30    0.00    0.00    0.00   60.92

12:12:34 AM  CPU    %usr   %nice    %sys %iowait    %irq   %soft  %steal  %guest  %gnice   %idle
12:12:35 AM    0   34.38    0.00   16.67    0.00    0.00    9.38    0.00    0.00    0.00   39.58
12:12:35 AM    1   22.62    0.00    9.52    0.00    0.00    2.38    0.00    0.00    0.00   65.48

12:12:35 AM  CPU    %usr   %nice    %sys %iowait    %irq   %soft  %steal  %guest  %gnice   %idle
12:12:36 AM    0   33.70    0.00   19.57    0.00    0.00    5.43    0.00    0.00    0.00   41.30
12:12:36 AM    1   23.81    0.00   10.71    0.00    0.00    2.38    0.00    0.00    0.00   63.10

12:12:36 AM  CPU    %usr   %nice    %sys %iowait    %irq   %soft  %steal  %guest  %gnice   %idle
12:12:37 AM    0   35.11    0.00   14.89    0.00    0.00    9.57    0.00    0.00    0.00   40.43
12:12:37 AM    1   22.89    0.00    9.64    0.00    0.00    3.61    0.00    0.00    0.00   63.86

12:12:37 AM  CPU    %usr   %nice    %sys %iowait    %irq   %soft  %steal  %guest  %gnice   %idle
12:12:38 AM    0   34.78    0.00   17.39    0.00    0.00    8.70    0.00    0.00    0.00   39.13
12:12:38 AM    1   24.69    0.00    6.17    0.00    0.00    2.47    0.00    0.00    0.00   66.67

12:12:38 AM  CPU    %usr   %nice    %sys %iowait    %irq   %soft  %steal  %guest  %gnice   %idle
12:12:39 AM    0   30.85    0.00   23.40    0.00    0.00    6.38    0.00    0.00    0.00   39.36
12:12:39 AM    1   27.06    0.00    8.24    0.00    0.00    2.35    0.00    0.00    0.00   62.35

12:12:39 AM  CPU    %usr   %nice    %sys %iowait    %irq   %soft  %steal  %guest  %gnice   %idle
12:12:40 AM    0   33.33    0.00   18.28    0.00    0.00    9.68    0.00    0.00    0.00   38.71
12:12:40 AM    1   23.53    0.00    7.06    0.00    0.00    5.88    0.00    0.00    0.00   63.53

12:12:40 AM  CPU    %usr   %nice    %sys %iowait    %irq   %soft  %steal  %guest  %gnice   %idle
12:12:41 AM    0   36.17    0.00   18.09    0.00    0.00    6.38    0.00    0.00    0.00   39.36
12:12:41 AM    1   24.71    0.00    8.24    0.00    0.00    4.71    0.00    0.00    0.00   62.35

12:12:41 AM  CPU    %usr   %nice    %sys %iowait    %irq   %soft  %steal  %guest  %gnice   %idle
12:12:42 AM    0   31.91    0.00   19.15    0.00    0.00    8.51    0.00    0.00    0.00   40.43
12:12:42 AM    1   23.53    0.00   11.76    0.00    0.00    3.53    0.00    0.00    0.00   61.18

12:12:42 AM  CPU    %usr   %nice    %sys %iowait    %irq   %soft  %steal  %guest  %gnice   %idle
12:12:43 AM    0   38.46    0.00   17.58    0.00    0.00    4.40    0.00    0.00    0.00   39.56
12:12:43 AM    1   27.38    0.00    7.14    0.00    0.00    2.38    0.00    0.00    0.00   63.10

12:12:43 AM  CPU    %usr   %nice    %sys %iowait    %irq   %soft  %steal  %guest  %gnice   %idle
12:12:44 AM    0   35.11    0.00   17.02    0.00    0.00    6.38    0.00    0.00    0.00   41.49
12:12:44 AM    1   25.00    0.00    8.33    0.00    0.00    3.57    0.00    0.00    0.00   63.10

12:12:44 AM  CPU    %usr   %nice    %sys %iowait    %irq   %soft  %steal  %guest  %gnice   %idle
12:12:45 AM    0   36.96    0.00   15.22    0.00    0.00    7.61    0.00    0.00    0.00   40.22
12:12:45 AM    1   28.57    0.00    5.95    0.00    0.00    2.38    0.00    0.00    0.00   63.10

12:12:45 AM  CPU    %usr   %nice    %sys %iowait    %irq   %soft  %steal  %guest  %gnice   %idle
12:12:46 AM    0   36.96    0.00   17.39    0.00    0.00    7.61    0.00    0.00    0.00   38.04
12:12:46 AM    1   23.17    0.00    9.76    0.00    0.00    2.44    0.00    0.00    0.00   64.63

12:12:46 AM  CPU    %usr   %nice    %sys %iowait    %irq   %soft  %steal  %guest  %gnice   %idle
12:12:47 AM    0   34.04    0.00   18.09    0.00    0.00    9.57    0.00    0.00    0.00   38.30
12:12:47 AM    1   27.06    0.00    9.41    0.00    0.00    2.35    0.00    0.00    0.00   61.18

12:12:47 AM  CPU    %usr   %nice    %sys %iowait    %irq   %soft  %steal  %guest  %gnice   %idle
12:12:48 AM    0   35.87    0.00   17.39    0.00    0.00    7.61    0.00    0.00    0.00   39.13
12:12:48 AM    1   27.06    0.00    9.41    0.00    0.00    1.18    0.00    0.00    0.00   62.35

12:12:48 AM  CPU    %usr   %nice    %sys %iowait    %irq   %soft  %steal  %guest  %gnice   %idle
12:12:49 AM    0   34.41    0.00   15.05    0.00    0.00    9.68    0.00    0.00    0.00   40.86
12:12:49 AM    1   20.24    0.00   11.90    0.00    0.00    3.57    0.00    0.00    0.00   64.29

12:12:49 AM  CPU    %usr   %nice    %sys %iowait    %irq   %soft  %steal  %guest  %gnice   %idle
12:12:50 AM    0   35.00    0.00   19.00    0.00    0.00    9.00    0.00    0.00    0.00   37.00
12:12:50 AM    1   25.00    0.00    9.52    0.00    0.00    3.57    0.00    0.00    0.00   61.90

12:12:50 AM  CPU    %usr   %nice    %sys %iowait    %irq   %soft  %steal  %guest  %gnice   %idle
12:12:51 AM    0   35.16    0.00   18.68    0.00    0.00    6.59    0.00    0.00    0.00   39.56
12:12:51 AM    1   21.95    0.00   10.98    0.00    0.00    3.66    0.00    0.00    0.00   63.41

12:12:51 AM  CPU    %usr   %nice    %sys %iowait    %irq   %soft  %steal  %guest  %gnice   %idle
12:12:52 AM    0   30.77    0.00   16.48    0.00    0.00   10.99    0.00    0.00    0.00   41.76
12:12:52 AM    1   20.73    0.00    9.76    0.00    0.00    3.66    0.00    0.00    0.00   65.85

12:12:52 AM  CPU    %usr   %nice    %sys %iowait    %irq   %soft  %steal  %guest  %gnice   %idle
12:12:53 AM    0   34.41    0.00   19.35    0.00    0.00    7.53    0.00    0.00    0.00   38.71
12:12:53 AM    1   20.73    0.00   13.41    0.00    0.00    3.66    0.00    0.00    0.00   62.20

12:12:53 AM  CPU    %usr   %nice    %sys %iowait    %irq   %soft  %steal  %guest  %gnice   %idle
12:12:54 AM    0   40.00    0.00   14.44    0.00    0.00    4.44    0.00    0.00    0.00   41.11
12:12:54 AM    1   25.30    0.00    8.43    0.00    0.00    2.41    0.00    0.00    0.00   63.86

12:12:54 AM  CPU    %usr   %nice    %sys %iowait    %irq   %soft  %steal  %guest  %gnice   %idle
12:12:55 AM    0   38.04    0.00   16.30    0.00    0.00    6.52    0.00    0.00    0.00   39.13
12:12:55 AM    1   24.10    0.00    9.64    0.00    0.00    2.41    0.00    0.00    0.00   63.86

12:12:55 AM  CPU    %usr   %nice    %sys %iowait    %irq   %soft  %steal  %guest  %gnice   %idle
12:12:56 AM    0   34.41    0.00   16.13    0.00    0.00    9.68    0.00    0.00    0.00   39.78
12:12:56 AM    1   25.58    0.00   10.47    0.00    0.00    4.65    0.00    0.00    0.00   59.30

12:12:56 AM  CPU    %usr   %nice    %sys %iowait    %irq   %soft  %steal  %guest  %gnice   %idle
12:12:57 AM    0   34.78    0.00   16.30    0.00    0.00    8.70    0.00    0.00    0.00   40.22
12:12:57 AM    1   25.00    0.00    8.33    0.00    0.00    2.38    0.00    0.00    0.00   64.29

12:12:57 AM  CPU    %usr   %nice    %sys %iowait    %irq   %soft  %steal  %guest  %gnice   %idle
12:12:58 AM    0   32.98    0.00   21.28    0.00    0.00    6.38    0.00    0.00    0.00   39.36
12:12:58 AM    1   24.10    0.00    8.43    0.00    0.00    2.41    0.00    0.00    0.00   65.06

12:12:58 AM  CPU    %usr   %nice    %sys %iowait    %irq   %soft  %steal  %guest  %gnice   %idle
12:12:59 AM    0   28.57    0.00   17.58    0.00    0.00   10.99    0.00    0.00    0.00   42.86
12:12:59 AM    1   24.10    0.00    8.43    0.00    0.00    2.41    0.00    0.00    0.00   65.06

12:12:59 AM  CPU    %usr   %nice    %sys %iowait    %irq   %soft  %steal  %guest  %gnice   %idle
12:13:00 AM    0   34.78    0.00   17.39    0.00    0.00    7.61    0.00    0.00    0.00   40.22
12:13:00 AM    1   21.43    0.00   11.90    0.00    0.00    3.57    0.00    0.00    0.00   63.10

12:13:00 AM  CPU    %usr   %nice    %sys %iowait    %irq   %soft  %steal  %guest  %gnice   %idle
12:13:01 AM    0   37.63    0.00   15.05    0.00    0.00    8.60    0.00    0.00    0.00   38.71
12:13:01 AM    1   24.69    0.00    9.88    0.00    0.00    1.23    0.00    0.00    0.00   64.20

12:13:01 AM  CPU    %usr   %nice    %sys %iowait    %irq   %soft  %steal  %guest  %gnice   %idle
12:13:02 AM    0   30.11    0.00   18.28    0.00    0.00   10.75    0.00    0.00    0.00   40.86
12:13:02 AM    1   23.46    0.00    8.64    0.00    0.00    2.47    0.00    0.00    0.00   65.43

12:13:02 AM  CPU    %usr   %nice    %sys %iowait    %irq   %soft  %steal  %guest  %gnice   %idle
12:13:03 AM    0   36.26    0.00   16.48    0.00    0.00    6.59    0.00    0.00    0.00   40.66
12:13:03 AM    1   22.89    0.00    8.43    0.00    0.00    3.61    0.00    0.00    0.00   65.06

12:13:03 AM  CPU    %usr   %nice    %sys %iowait    %irq   %soft  %steal  %guest  %gnice   %idle
12:13:04 AM    0   35.79    0.00   20.00    0.00    0.00    6.32    0.00    0.00    0.00   37.89
12:13:04 AM    1   25.93    0.00    8.64    0.00    0.00    1.23    0.00    0.00    0.00   64.20

12:13:04 AM  CPU    %usr   %nice    %sys %iowait    %irq   %soft  %steal  %guest  %gnice   %idle
12:13:05 AM    0   32.26    0.00   20.43    0.00    0.00    7.53    0.00    0.00    0.00   39.78
12:13:05 AM    1   24.71    0.00   10.59    0.00    0.00    2.35    0.00    0.00    0.00   62.35

12:13:05 AM  CPU    %usr   %nice    %sys %iowait    %irq   %soft  %steal  %guest  %gnice   %idle
12:13:06 AM    0   34.74    0.00   20.00    0.00    0.00    7.37    0.00    0.00    0.00   37.89
12:13:06 AM    1   20.24    0.00   11.90    0.00    0.00    4.76    0.00    0.00    0.00   63.10

12:13:06 AM  CPU    %usr   %nice    %sys %iowait    %irq   %soft  %steal  %guest  %gnice   %idle
12:13:07 AM    0   31.11    0.00   20.00    0.00    0.00    5.56    0.00    0.00    0.00   43.33
12:13:07 AM    1   22.89    0.00    8.43    0.00    0.00    2.41    0.00    0.00    0.00   66.27

12:13:07 AM  CPU    %usr   %nice    %sys %iowait    %irq   %soft  %steal  %guest  %gnice   %idle
12:13:08 AM    0   34.44    0.00   18.89    0.00    0.00    5.56    0.00    0.00    0.00   41.11
12:13:08 AM    1   23.81    0.00    9.52    0.00    0.00    3.57    0.00    0.00    0.00   63.10

12:13:08 AM  CPU    %usr   %nice    %sys %iowait    %irq   %soft  %steal  %guest  %gnice   %idle
12:13:09 AM    0   32.97    0.00   21.98    0.00    0.00    4.40    0.00    0.00    0.00   40.66
12:13:09 AM    1   24.10    0.00    9.64    0.00    0.00    1.20    0.00    0.00    0.00   65.06

12:13:09 AM  CPU    %usr   %nice    %sys %iowait    %irq   %soft  %steal  %guest  %gnice   %idle
12:13:10 AM    0   36.56    0.00   16.13    0.00    0.00    7.53    0.00    0.00    0.00   39.78
12:13:10 AM    1   28.57    0.00    5.95    0.00    0.00    2.38    0.00    0.00    0.00   63.10

12:13:10 AM  CPU    %usr   %nice    %sys %iowait    %irq   %soft  %steal  %guest  %gnice   %idle
12:13:11 AM    0   35.79    0.00   20.00    0.00    0.00    5.26    0.00    0.00    0.00   38.95
12:13:11 AM    1   25.61    0.00    7.32    0.00    0.00    2.44    0.00    0.00    0.00   64.63

12:13:11 AM  CPU    %usr   %nice    %sys %iowait    %irq   %soft  %steal  %guest  %gnice   %idle
12:13:12 AM    0   38.30    0.00   14.89    0.00    0.00    7.45    0.00    0.00    0.00   39.36
12:13:12 AM    1   22.35    0.00   10.59    0.00    0.00    3.53    0.00    0.00    0.00   63.53

12:13:12 AM  CPU    %usr   %nice    %sys %iowait    %irq   %soft  %steal  %guest  %gnice   %idle
12:13:13 AM    0   36.26    0.00   19.78    0.00    0.00    4.40    0.00    0.00    0.00   39.56
12:13:13 AM    1   24.39    0.00    9.76    0.00    0.00    1.22    0.00    0.00    0.00   64.63

12:13:13 AM  CPU    %usr   %nice    %sys %iowait    %irq   %soft  %steal  %guest  %gnice   %idle
12:13:14 AM    0   34.07    0.00   17.58    0.00    0.00    6.59    0.00    0.00    0.00   41.76
12:13:14 AM    1   24.42    0.00    8.14    0.00    0.00    4.65    0.00    0.00    0.00   62.79

12:13:14 AM  CPU    %usr   %nice    %sys %iowait    %irq   %soft  %steal  %guest  %gnice   %idle
12:13:15 AM    0   35.56    0.00   18.89    0.00    0.00    5.56    0.00    0.00    0.00   40.00
12:13:15 AM    1   24.10    0.00    9.64    0.00    0.00    2.41    0.00    0.00    0.00   63.86

12:13:15 AM  CPU    %usr   %nice    %sys %iowait    %irq   %soft  %steal  %guest  %gnice   %idle
12:13:16 AM    0   36.96    0.00   15.22    0.00    0.00    7.61    0.00    0.00    0.00   40.22
12:13:16 AM    1   26.83    0.00    8.54    0.00    0.00    1.22    0.00    0.00    0.00   63.41

12:13:16 AM  CPU    %usr   %nice    %sys %iowait    %irq   %soft  %steal  %guest  %gnice   %idle
12:13:17 AM    0   33.68    0.00   21.05    0.00    0.00    6.32    0.00    0.00    0.00   38.95
12:13:17 AM    1   23.26    0.00   12.79    0.00    0.00    3.49    0.00    0.00    0.00   60.47

12:13:17 AM  CPU    %usr   %nice    %sys %iowait    %irq   %soft  %steal  %guest  %gnice   %idle
12:13:18 AM    0   37.89    0.00   14.74    0.00    0.00    8.42    0.00    0.00    0.00   38.95
12:13:18 AM    1   24.10    0.00    9.64    0.00    0.00    2.41    0.00    0.00    0.00   63.86

12:13:18 AM  CPU    %usr   %nice    %sys %iowait    %irq   %soft  %steal  %guest  %gnice   %idle
12:13:19 AM    0   33.33    0.00   16.67    0.00    0.00    8.89    0.00    0.00    0.00   41.11
12:13:19 AM    1   24.71    0.00    9.41    0.00    0.00    2.35    0.00    0.00    0.00   63.53

12:13:19 AM  CPU    %usr   %nice    %sys %iowait    %irq   %soft  %steal  %guest  %gnice   %idle
12:13:20 AM    0   38.30    0.00   15.96    0.00    0.00    6.38    0.00    0.00    0.00   39.36
12:13:20 AM    1   26.51    0.00    8.43    0.00    0.00    2.41    0.00    0.00    0.00   62.65

12:13:20 AM  CPU    %usr   %nice    %sys %iowait    %irq   %soft  %steal  %guest  %gnice   %idle
12:13:21 AM    0   35.11    0.00   20.21    0.00    0.00    6.38    0.00    0.00    0.00   38.30
12:13:21 AM    1   26.19    0.00    8.33    0.00    0.00    2.38    0.00    0.00    0.00   63.10

12:13:21 AM  CPU    %usr   %nice    %sys %iowait    %irq   %soft  %steal  %guest  %gnice   %idle
12:13:22 AM    0   34.07    0.00   20.88    0.00    0.00    4.40    0.00    0.00    0.00   40.66
12:13:22 AM    1   23.17    0.00    9.76    0.00    0.00    2.44    0.00    0.00    0.00   64.63

12:13:22 AM  CPU    %usr   %nice    %sys %iowait    %irq   %soft  %steal  %guest  %gnice   %idle
12:13:23 AM    0   30.53    0.00   23.16    0.00    0.00    6.32    0.00    0.00    0.00   40.00
12:13:23 AM    1   25.00    0.00    7.14    0.00    0.00    3.57    0.00    0.00    0.00   64.29

12:13:23 AM  CPU    %usr   %nice    %sys %iowait    %irq   %soft  %steal  %guest  %gnice   %idle
12:13:24 AM    0   36.46    0.00   17.71    0.00    0.00    8.33    0.00    0.00    0.00   37.50
12:13:24 AM    1   25.88    0.00    9.41    0.00    0.00    3.53    0.00    0.00    0.00   61.18

12:13:24 AM  CPU    %usr   %nice    %sys %iowait    %irq   %soft  %steal  %guest  %gnice   %idle
12:13:25 AM    0   34.78    0.00   19.57    0.00    0.00    5.43    0.00    0.00    0.00   40.22
12:13:25 AM    1   26.19    0.00    9.52    0.00    0.00    1.19    0.00    0.00    0.00   63.10

12:13:25 AM  CPU    %usr   %nice    %sys %iowait    %irq   %soft  %steal  %guest  %gnice   %idle
12:13:26 AM    0   35.11    0.00   18.09    0.00    0.00    6.38    0.00    0.00    0.00   40.43
12:13:26 AM    1   25.61    0.00    9.76    0.00    0.00    0.00    0.00    0.00    0.00   64.63

12:13:26 AM  CPU    %usr   %nice    %sys %iowait    %irq   %soft  %steal  %guest  %gnice   %idle
12:13:27 AM    0   36.84    0.00   17.89    0.00    0.00    7.37    0.00    0.00    0.00   37.89
12:13:27 AM    1   24.10    0.00    6.02    0.00    0.00    4.82    0.00    0.00    0.00   65.06

12:13:27 AM  CPU    %usr   %nice    %sys %iowait    %irq   %soft  %steal  %guest  %gnice   %idle
12:13:28 AM    0   31.25    0.00   18.75    0.00    0.00   10.42    0.00    0.00    0.00   39.58
12:13:28 AM    1   27.06    0.00    7.06    0.00    0.00    3.53    0.00    0.00    0.00   62.35

12:13:28 AM  CPU    %usr   %nice    %sys %iowait    %irq   %soft  %steal  %guest  %gnice   %idle
12:13:29 AM    0   35.79    0.00   16.84    0.00    0.00    8.42    0.00    0.00    0.00   38.95
12:13:29 AM    1   27.71    0.00    6.02    0.00    0.00    2.41    0.00    0.00    0.00   63.86

12:13:29 AM  CPU    %usr   %nice    %sys %iowait    %irq   %soft  %steal  %guest  %gnice   %idle
12:13:30 AM    0   30.11    0.00   19.35    0.00    0.00    8.60    0.00    0.00    0.00   41.94
12:13:30 AM    1   25.30    0.00    7.23    0.00    0.00    2.41    0.00    0.00    0.00   65.06

12:13:30 AM  CPU    %usr   %nice    %sys %iowait    %irq   %soft  %steal  %guest  %gnice   %idle
12:13:31 AM    0   35.11    0.00   17.02    0.00    0.00    8.51    0.00    0.00    0.00   39.36
12:13:31 AM    1   20.93    0.00   12.79    0.00    0.00    3.49    0.00    0.00    0.00   62.79

12:13:31 AM  CPU    %usr   %nice    %sys %iowait    %irq   %soft  %steal  %guest  %gnice   %idle
12:13:32 AM    0   33.70    0.00   20.65    0.00    0.00    5.43    0.00    0.00    0.00   40.22
12:13:32 AM    1   20.99    0.00    9.88    0.00    0.00    3.70    0.00    0.00    0.00   65.43

12:13:32 AM  CPU    %usr   %nice    %sys %iowait    %irq   %soft  %steal  %guest  %gnice   %idle
12:13:33 AM    0   31.87    0.00   16.48    0.00    0.00    9.89    0.00    0.00    0.00   41.76
12:13:33 AM    1   28.92    0.00    4.82    0.00    0.00    3.61    0.00    0.00    0.00   62.65

12:13:33 AM  CPU    %usr   %nice    %sys %iowait    %irq   %soft  %steal  %guest  %gnice   %idle
12:13:34 AM    0   34.44    0.00   18.89    0.00    0.00    4.44    0.00    0.00    0.00   42.22
12:13:34 AM    1   21.43    0.00    9.52    0.00    0.00    2.38    0.00    0.00    0.00   66.67

12:13:34 AM  CPU    %usr   %nice    %sys %iowait    %irq   %soft  %steal  %guest  %gnice   %idle
12:13:35 AM    0   35.11    0.00   18.09    0.00    0.00    6.38    0.00    0.00    0.00   40.43
12:13:35 AM    1   24.39    0.00    8.54    0.00    0.00    2.44    0.00    0.00    0.00   64.63

12:13:35 AM  CPU    %usr   %nice    %sys %iowait    %irq   %soft  %steal  %guest  %gnice   %idle
12:13:36 AM    0   31.52    0.00   20.65    0.00    0.00    7.61    0.00    0.00    0.00   40.22
12:13:36 AM    1   25.61    0.00    7.32    0.00    0.00    2.44    0.00    0.00    0.00   64.63

12:13:36 AM  CPU    %usr   %nice    %sys %iowait    %irq   %soft  %steal  %guest  %gnice   %idle
12:13:37 AM    0   32.22    0.00   20.00    0.00    0.00    6.67    0.00    0.00    0.00   41.11
12:13:37 AM    1   26.83    0.00    6.10    0.00    0.00    2.44    0.00    0.00    0.00   64.63

12:13:37 AM  CPU    %usr   %nice    %sys %iowait    %irq   %soft  %steal  %guest  %gnice   %idle
12:13:38 AM    0   31.91    0.00   22.34    0.00    0.00    5.32    0.00    0.00    0.00   40.43
12:13:38 AM    1   20.24    0.00   11.90    0.00    0.00    3.57    0.00    0.00    0.00   64.29

12:13:38 AM  CPU    %usr   %nice    %sys %iowait    %irq   %soft  %steal  %guest  %gnice   %idle
12:13:39 AM    0   33.68    0.00   21.05    0.00    0.00    6.32    0.00    0.00    0.00   38.95
12:13:39 AM    1   23.81    0.00    8.33    0.00    0.00    3.57    0.00    0.00    0.00   64.29

12:13:39 AM  CPU    %usr   %nice    %sys %iowait    %irq   %soft  %steal  %guest  %gnice   %idle
12:13:40 AM    0   33.68    0.00   14.74    0.00    0.00   10.53    0.00    0.00    0.00   41.05
12:13:40 AM    1   24.10    0.00    7.23    0.00    0.00    2.41    0.00    0.00    0.00   66.27

Average:     CPU    %usr   %nice    %sys %iowait    %irq   %soft  %steal  %guest  %gnice   %idle
Average:       0   34.57    0.00   18.26    0.00    0.00    7.51    0.00    0.00    0.00   39.66
Average:       1   24.53    0.00    9.03    0.00    0.00    2.88    0.00    0.00    0.00   63.55
