Linux 5.3.0-59-generic (ericmei) 	06/29/2020 	_x86_64_	(12 CPU)

11:50:43 PM  CPU    %usr   %nice    %sys %iowait    %irq   %soft  %steal  %guest  %gnice   %idle
11:50:44 PM    0   29.21    0.00   19.10    0.00    0.00   10.11    0.00    0.00    0.00   41.57
11:50:44 PM    1   27.06    0.00    9.41    0.00    0.00    1.18    0.00    0.00    0.00   62.35

11:50:44 PM  CPU    %usr   %nice    %sys %iowait    %irq   %soft  %steal  %guest  %gnice   %idle
11:50:45 PM    0   38.30    0.00   18.09    0.00    0.00    5.32    0.00    0.00    0.00   38.30
11:50:45 PM    1   25.00    0.00    9.52    0.00    0.00    4.76    0.00    0.00    0.00   60.71

11:50:45 PM  CPU    %usr   %nice    %sys %iowait    %irq   %soft  %steal  %guest  %gnice   %idle
11:50:46 PM    0   35.96    0.00   16.85    0.00    0.00    7.87    0.00    0.00    0.00   39.33
11:50:46 PM    1   27.38    0.00    7.14    0.00    0.00    3.57    0.00    0.00    0.00   61.90

11:50:46 PM  CPU    %usr   %nice    %sys %iowait    %irq   %soft  %steal  %guest  %gnice   %idle
11:50:47 PM    0   35.16    0.00   13.19    0.00    0.00   13.19    0.00    0.00    0.00   38.46
11:50:47 PM    1   26.51    0.00    9.64    0.00    0.00    1.20    0.00    0.00    0.00   62.65

11:50:47 PM  CPU    %usr   %nice    %sys %iowait    %irq   %soft  %steal  %guest  %gnice   %idle
11:50:48 PM    0   30.11    0.00   21.51    0.00    0.00    9.68    0.00    0.00    0.00   38.71
11:50:48 PM    1   27.06    0.00    9.41    0.00    0.00    2.35    0.00    0.00    0.00   61.18

11:50:48 PM  CPU    %usr   %nice    %sys %iowait    %irq   %soft  %steal  %guest  %gnice   %idle
11:50:49 PM    0   42.11    0.00   12.63    0.00    0.00    6.32    0.00    0.00    0.00   38.95
11:50:49 PM    1   26.83    0.00    7.32    0.00    0.00    2.44    0.00    0.00    0.00   63.41

11:50:49 PM  CPU    %usr   %nice    %sys %iowait    %irq   %soft  %steal  %guest  %gnice   %idle
11:50:50 PM    0   40.45    0.00   12.36    0.00    0.00    6.74    0.00    0.00    0.00   40.45
11:50:50 PM    1   25.00    0.00    7.14    0.00    0.00    4.76    0.00    0.00    0.00   63.10

11:50:50 PM  CPU    %usr   %nice    %sys %iowait    %irq   %soft  %steal  %guest  %gnice   %idle
11:50:51 PM    0   34.02    0.00   18.56    0.00    0.00    9.28    0.00    0.00    0.00   38.14
11:50:51 PM    1   23.46    0.00    9.88    0.00    0.00    2.47    0.00    0.00    0.00   64.20

11:50:51 PM  CPU    %usr   %nice    %sys %iowait    %irq   %soft  %steal  %guest  %gnice   %idle
11:50:52 PM    0   32.63    0.00   20.00    0.00    0.00    9.47    0.00    0.00    0.00   37.89
11:50:52 PM    1   20.73    0.00   10.98    0.00    0.00    4.88    0.00    0.00    0.00   63.41

11:50:52 PM  CPU    %usr   %nice    %sys %iowait    %irq   %soft  %steal  %guest  %gnice   %idle
11:50:53 PM    0   38.20    0.00   13.48    0.00    0.00    8.99    0.00    0.00    0.00   39.33
11:50:53 PM    1   23.81    0.00   10.71    0.00    0.00    2.38    0.00    0.00    0.00   63.10

11:50:53 PM  CPU    %usr   %nice    %sys %iowait    %irq   %soft  %steal  %guest  %gnice   %idle
11:50:54 PM    0   34.41    0.00   19.35    0.00    0.00    7.53    0.00    0.00    0.00   38.71
11:50:54 PM    1   25.61    0.00    7.32    0.00    0.00    3.66    0.00    0.00    0.00   63.41

11:50:54 PM  CPU    %usr   %nice    %sys %iowait    %irq   %soft  %steal  %guest  %gnice   %idle
11:50:55 PM    0   37.50    0.00   19.79    0.00    0.00    5.21    0.00    0.00    0.00   37.50
11:50:55 PM    1   29.76    0.00    8.33    0.00    0.00    1.19    0.00    0.00    0.00   60.71

11:50:55 PM  CPU    %usr   %nice    %sys %iowait    %irq   %soft  %steal  %guest  %gnice   %idle
11:50:56 PM    0   37.11    0.00   17.53    0.00    0.00    9.28    0.00    0.00    0.00   36.08
11:50:56 PM    1   24.39    0.00    9.76    0.00    0.00    2.44    0.00    0.00    0.00   63.41

11:50:56 PM  CPU    %usr   %nice    %sys %iowait    %irq   %soft  %steal  %guest  %gnice   %idle
11:50:57 PM    0   34.41    0.00   22.58    0.00    0.00    4.30    0.00    0.00    0.00   38.71
11:50:57 PM    1   25.58    0.00    8.14    0.00    0.00    4.65    0.00    0.00    0.00   61.63

11:50:57 PM  CPU    %usr   %nice    %sys %iowait    %irq   %soft  %steal  %guest  %gnice   %idle
11:50:58 PM    0   35.16    0.00   16.48    0.00    0.00    8.79    0.00    0.00    0.00   39.56
11:50:58 PM    1   25.30    0.00   10.84    0.00    0.00    0.00    0.00    0.00    0.00   63.86

11:50:58 PM  CPU    %usr   %nice    %sys %iowait    %irq   %soft  %steal  %guest  %gnice   %idle
11:50:59 PM    0   41.67    0.00   17.71    0.00    0.00    5.21    0.00    0.00    0.00   35.42
11:50:59 PM    1   27.06    0.00    8.24    0.00    0.00    4.71    0.00    0.00    0.00   60.00

11:50:59 PM  CPU    %usr   %nice    %sys %iowait    %irq   %soft  %steal  %guest  %gnice   %idle
11:51:00 PM    0   37.23    0.00   13.83    0.00    0.00   10.64    0.00    0.00    0.00   38.30
11:51:00 PM    1   26.51    0.00    8.43    0.00    0.00    2.41    0.00    0.00    0.00   62.65

11:51:00 PM  CPU    %usr   %nice    %sys %iowait    %irq   %soft  %steal  %guest  %gnice   %idle
11:51:01 PM    0   36.08    0.00   20.62    0.00    0.00    8.25    0.00    0.00    0.00   35.05
11:51:01 PM    1   27.71    0.00    8.43    0.00    0.00    2.41    0.00    0.00    0.00   61.45

11:51:01 PM  CPU    %usr   %nice    %sys %iowait    %irq   %soft  %steal  %guest  %gnice   %idle
11:51:02 PM    0   34.38    0.00   15.62    0.00    0.00   11.46    0.00    0.00    0.00   38.54
11:51:02 PM    1   27.71    0.00    7.23    0.00    0.00    1.20    0.00    0.00    0.00   63.86

11:51:02 PM  CPU    %usr   %nice    %sys %iowait    %irq   %soft  %steal  %guest  %gnice   %idle
11:51:03 PM    0   33.70    0.00   16.30    0.00    0.00   10.87    0.00    0.00    0.00   39.13
11:51:03 PM    1   25.61    0.00    9.76    0.00    0.00    1.22    0.00    0.00    0.00   63.41

11:51:03 PM  CPU    %usr   %nice    %sys %iowait    %irq   %soft  %steal  %guest  %gnice   %idle
11:51:04 PM    0   37.23    0.00   19.15    0.00    0.00    6.38    0.00    0.00    0.00   37.23
11:51:04 PM    1   27.71    0.00    8.43    0.00    0.00    3.61    0.00    0.00    0.00   60.24

11:51:04 PM  CPU    %usr   %nice    %sys %iowait    %irq   %soft  %steal  %guest  %gnice   %idle
11:51:05 PM    0   34.78    0.00   17.39    0.00    0.00    9.78    0.00    0.00    0.00   38.04
11:51:05 PM    1   24.71    0.00   10.59    0.00    0.00    2.35    0.00    0.00    0.00   62.35

11:51:05 PM  CPU    %usr   %nice    %sys %iowait    %irq   %soft  %steal  %guest  %gnice   %idle
11:51:06 PM    0   38.14    0.00   14.43    0.00    0.00   10.31    0.00    0.00    0.00   37.11
11:51:06 PM    1   26.19    0.00    8.33    0.00    0.00    3.57    0.00    0.00    0.00   61.90

11:51:06 PM  CPU    %usr   %nice    %sys %iowait    %irq   %soft  %steal  %guest  %gnice   %idle
11:51:07 PM    0   35.11    0.00   17.02    0.00    0.00   10.64    0.00    0.00    0.00   37.23
11:51:07 PM    1   27.71    0.00    7.23    0.00    0.00    2.41    0.00    0.00    0.00   62.65

11:51:07 PM  CPU    %usr   %nice    %sys %iowait    %irq   %soft  %steal  %guest  %gnice   %idle
11:51:08 PM    0   39.56    0.00   15.38    0.00    0.00    5.49    0.00    0.00    0.00   39.56
11:51:08 PM    1   27.38    0.00    8.33    0.00    0.00    2.38    0.00    0.00    0.00   61.90

11:51:08 PM  CPU    %usr   %nice    %sys %iowait    %irq   %soft  %steal  %guest  %gnice   %idle
11:51:09 PM    0   37.50    0.00   14.58    0.00    0.00   10.42    0.00    0.00    0.00   37.50
11:51:09 PM    1   28.57    0.00    7.14    0.00    0.00    2.38    0.00    0.00    0.00   61.90

11:51:09 PM  CPU    %usr   %nice    %sys %iowait    %irq   %soft  %steal  %guest  %gnice   %idle
11:51:10 PM    0   36.17    0.00   19.15    0.00    0.00    6.38    0.00    0.00    0.00   38.30
11:51:10 PM    1   25.00    0.00    7.50    0.00    0.00    2.50    0.00    0.00    0.00   65.00

11:51:10 PM  CPU    %usr   %nice    %sys %iowait    %irq   %soft  %steal  %guest  %gnice   %idle
11:51:11 PM    0   41.11    0.00   12.22    0.00    0.00    6.67    0.00    0.00    0.00   40.00
11:51:11 PM    1   25.61    0.00    9.76    0.00    0.00    1.22    0.00    0.00    0.00   63.41

11:51:11 PM  CPU    %usr   %nice    %sys %iowait    %irq   %soft  %steal  %guest  %gnice   %idle
11:51:12 PM    0   39.08    0.00   13.79    0.00    0.00    5.75    0.00    0.00    0.00   41.38
11:51:12 PM    1   28.05    0.00    7.32    0.00    0.00    0.00    0.00    0.00    0.00   64.63

11:51:12 PM  CPU    %usr   %nice    %sys %iowait    %irq   %soft  %steal  %guest  %gnice   %idle
11:51:13 PM    0   39.78    0.00   17.20    0.00    0.00    5.38    0.00    0.00    0.00   37.63
11:51:13 PM    1   27.06    0.00    9.41    0.00    0.00    3.53    0.00    0.00    0.00   60.00

11:51:13 PM  CPU    %usr   %nice    %sys %iowait    %irq   %soft  %steal  %guest  %gnice   %idle
11:51:14 PM    0   33.70    0.00   20.65    0.00    0.00    5.43    0.00    0.00    0.00   40.22
11:51:14 PM    1   27.38    0.00    7.14    0.00    0.00    2.38    0.00    0.00    0.00   63.10

11:51:14 PM  CPU    %usr   %nice    %sys %iowait    %irq   %soft  %steal  %guest  %gnice   %idle
11:51:15 PM    0   42.55    0.00   12.77    0.00    0.00    5.32    0.00    0.00    0.00   39.36
11:51:15 PM    1   24.14    0.00   11.49    0.00    0.00    4.60    0.00    0.00    0.00   59.77

11:51:15 PM  CPU    %usr   %nice    %sys %iowait    %irq   %soft  %steal  %guest  %gnice   %idle
11:51:16 PM    0   33.33    0.00   18.89    0.00    0.00    7.78    0.00    0.00    0.00   40.00
11:51:16 PM    1   26.51    0.00    9.64    0.00    0.00    0.00    0.00    0.00    0.00   63.86

11:51:16 PM  CPU    %usr   %nice    %sys %iowait    %irq   %soft  %steal  %guest  %gnice   %idle
11:51:17 PM    0   38.71    0.00   18.28    0.00    0.00    4.30    0.00    0.00    0.00   38.71
11:51:17 PM    1   25.30    0.00    8.43    0.00    0.00    4.82    0.00    0.00    0.00   61.45

11:51:17 PM  CPU    %usr   %nice    %sys %iowait    %irq   %soft  %steal  %guest  %gnice   %idle
11:51:18 PM    0   33.33    0.00   16.67    0.00    0.00   11.46    0.00    0.00    0.00   38.54
11:51:18 PM    1   28.05    0.00    7.32    0.00    0.00    1.22    0.00    0.00    0.00   63.41

11:51:18 PM  CPU    %usr   %nice    %sys %iowait    %irq   %soft  %steal  %guest  %gnice   %idle
11:51:19 PM    0   34.78    0.00   18.48    0.00    0.00    8.70    0.00    0.00    0.00   38.04
11:51:19 PM    1   28.57    0.00    8.33    0.00    0.00    1.19    0.00    0.00    0.00   61.90

11:51:19 PM  CPU    %usr   %nice    %sys %iowait    %irq   %soft  %steal  %guest  %gnice   %idle
11:51:20 PM    0   30.77    0.00   18.68    0.00    0.00    9.89    0.00    0.00    0.00   40.66
11:51:20 PM    1   27.16    0.00    9.88    0.00    0.00    0.00    0.00    0.00    0.00   62.96

11:51:20 PM  CPU    %usr   %nice    %sys %iowait    %irq   %soft  %steal  %guest  %gnice   %idle
11:51:21 PM    0   36.56    0.00   19.35    0.00    0.00    8.60    0.00    0.00    0.00   35.48
11:51:21 PM    1   30.49    0.00    6.10    0.00    0.00    2.44    0.00    0.00    0.00   60.98

11:51:21 PM  CPU    %usr   %nice    %sys %iowait    %irq   %soft  %steal  %guest  %gnice   %idle
11:51:22 PM    0   33.70    0.00   22.83    0.00    0.00    4.35    0.00    0.00    0.00   39.13
11:51:22 PM    1   23.17    0.00    9.76    0.00    0.00    3.66    0.00    0.00    0.00   63.41

11:51:22 PM  CPU    %usr   %nice    %sys %iowait    %irq   %soft  %steal  %guest  %gnice   %idle
11:51:23 PM    0   38.95    0.00   16.84    0.00    0.00    6.32    0.00    0.00    0.00   37.89
11:51:23 PM    1   23.17    0.00    9.76    0.00    0.00    3.66    0.00    0.00    0.00   63.41

11:51:23 PM  CPU    %usr   %nice    %sys %iowait    %irq   %soft  %steal  %guest  %gnice   %idle
11:51:24 PM    0   33.71    0.00   19.10    0.00    0.00    6.74    0.00    0.00    0.00   40.45
11:51:24 PM    1   29.27    0.00    6.10    0.00    0.00    0.00    0.00    0.00    0.00   64.63

11:51:24 PM  CPU    %usr   %nice    %sys %iowait    %irq   %soft  %steal  %guest  %gnice   %idle
11:51:25 PM    0   35.16    0.00   16.48    0.00    0.00    9.89    0.00    0.00    0.00   38.46
11:51:25 PM    1   26.44    0.00    8.05    0.00    0.00    5.75    0.00    0.00    0.00   59.77

11:51:25 PM  CPU    %usr   %nice    %sys %iowait    %irq   %soft  %steal  %guest  %gnice   %idle
11:51:26 PM    0   29.47    0.00   22.11    0.00    0.00    9.47    0.00    0.00    0.00   38.95
11:51:26 PM    1   28.57    0.00    8.33    0.00    0.00    1.19    0.00    0.00    0.00   61.90

11:51:26 PM  CPU    %usr   %nice    %sys %iowait    %irq   %soft  %steal  %guest  %gnice   %idle
11:51:27 PM    0   35.96    0.00   14.61    0.00    0.00    8.99    0.00    0.00    0.00   40.45
11:51:27 PM    1   24.69    0.00    8.64    0.00    0.00    1.23    0.00    0.00    0.00   65.43

11:51:27 PM  CPU    %usr   %nice    %sys %iowait    %irq   %soft  %steal  %guest  %gnice   %idle
11:51:28 PM    0   35.79    0.00   17.89    0.00    0.00    8.42    0.00    0.00    0.00   37.89
11:51:28 PM    1   21.43    0.00   11.90    0.00    0.00    3.57    0.00    0.00    0.00   63.10

11:51:28 PM  CPU    %usr   %nice    %sys %iowait    %irq   %soft  %steal  %guest  %gnice   %idle
11:51:29 PM    0   39.13    0.00   16.30    0.00    0.00    5.43    0.00    0.00    0.00   39.13
11:51:29 PM    1   30.12    0.00    8.43    0.00    0.00    0.00    0.00    0.00    0.00   61.45

11:51:29 PM  CPU    %usr   %nice    %sys %iowait    %irq   %soft  %steal  %guest  %gnice   %idle
11:51:30 PM    0   33.71    0.00   19.10    0.00    0.00    6.74    0.00    0.00    0.00   40.45
11:51:30 PM    1   27.50    0.00    6.25    0.00    0.00    0.00    0.00    0.00    0.00   66.25

11:51:30 PM  CPU    %usr   %nice    %sys %iowait    %irq   %soft  %steal  %guest  %gnice   %idle
11:51:31 PM    0   34.78    0.00   15.22    0.00    0.00    8.70    0.00    0.00    0.00   41.30
11:51:31 PM    1   25.61    0.00    4.88    0.00    0.00    4.88    0.00    0.00    0.00   64.63

11:51:31 PM  CPU    %usr   %nice    %sys %iowait    %irq   %soft  %steal  %guest  %gnice   %idle
11:51:32 PM    0   37.36    0.00   17.58    0.00    0.00    5.49    0.00    0.00    0.00   39.56
11:51:32 PM    1   26.83    0.00    7.32    0.00    0.00    2.44    0.00    0.00    0.00   63.41

11:51:32 PM  CPU    %usr   %nice    %sys %iowait    %irq   %soft  %steal  %guest  %gnice   %idle
11:51:33 PM    0   39.36    0.00   17.02    0.00    0.00    4.26    0.00    0.00    0.00   39.36
11:51:33 PM    1   20.73    0.00   10.98    0.00    0.00    3.66    0.00    0.00    0.00   64.63

11:51:33 PM  CPU    %usr   %nice    %sys %iowait    %irq   %soft  %steal  %guest  %gnice   %idle
11:51:34 PM    0   36.96    0.00   17.39    0.00    0.00    6.52    0.00    0.00    0.00   39.13
11:51:34 PM    1   26.83    0.00    7.32    0.00    0.00    2.44    0.00    0.00    0.00   63.41

11:51:34 PM  CPU    %usr   %nice    %sys %iowait    %irq   %soft  %steal  %guest  %gnice   %idle
11:51:35 PM    0   36.84    0.00   18.95    0.00    0.00    5.26    0.00    0.00    0.00   38.95
11:51:35 PM    1   23.17    0.00    7.32    0.00    0.00    3.66    0.00    0.00    0.00   65.85

11:51:35 PM  CPU    %usr   %nice    %sys %iowait    %irq   %soft  %steal  %guest  %gnice   %idle
11:51:36 PM    0   33.70    0.00   21.74    0.00    0.00    5.43    0.00    0.00    0.00   39.13
11:51:36 PM    1   21.43    0.00   10.71    0.00    0.00    4.76    0.00    0.00    0.00   63.10

11:51:36 PM  CPU    %usr   %nice    %sys %iowait    %irq   %soft  %steal  %guest  %gnice   %idle
11:51:37 PM    0   37.63    0.00   17.20    0.00    0.00    5.38    0.00    0.00    0.00   39.78
11:51:37 PM    1   24.39    0.00    8.54    0.00    0.00    2.44    0.00    0.00    0.00   64.63

11:51:37 PM  CPU    %usr   %nice    %sys %iowait    %irq   %soft  %steal  %guest  %gnice   %idle
11:51:38 PM    0   33.70    0.00   19.57    0.00    0.00    6.52    0.00    0.00    0.00   40.22
11:51:38 PM    1   26.19    0.00    8.33    0.00    0.00    2.38    0.00    0.00    0.00   63.10

11:51:38 PM  CPU    %usr   %nice    %sys %iowait    %irq   %soft  %steal  %guest  %gnice   %idle
11:51:39 PM    0   35.87    0.00   16.30    0.00    0.00    7.61    0.00    0.00    0.00   40.22
11:51:39 PM    1   21.95    0.00   10.98    0.00    0.00    2.44    0.00    0.00    0.00   64.63

11:51:39 PM  CPU    %usr   %nice    %sys %iowait    %irq   %soft  %steal  %guest  %gnice   %idle
11:51:40 PM    0   37.36    0.00   16.48    0.00    0.00    6.59    0.00    0.00    0.00   39.56
11:51:40 PM    1   28.57    0.00    8.33    0.00    0.00    1.19    0.00    0.00    0.00   61.90

11:51:40 PM  CPU    %usr   %nice    %sys %iowait    %irq   %soft  %steal  %guest  %gnice   %idle
11:51:41 PM    0   30.21    0.00   21.88    0.00    0.00    9.38    0.00    0.00    0.00   38.54
11:51:41 PM    1   24.10    0.00    8.43    0.00    0.00    3.61    0.00    0.00    0.00   63.86

11:51:41 PM  CPU    %usr   %nice    %sys %iowait    %irq   %soft  %steal  %guest  %gnice   %idle
11:51:42 PM    0   35.48    0.00   18.28    0.00    0.00    7.53    0.00    0.00    0.00   38.71
11:51:42 PM    1   24.39    0.00    9.76    0.00    0.00    2.44    0.00    0.00    0.00   63.41

11:51:42 PM  CPU    %usr   %nice    %sys %iowait    %irq   %soft  %steal  %guest  %gnice   %idle
11:51:43 PM    0   33.33    0.00   15.56    0.00    0.00    8.89    0.00    0.00    0.00   42.22
11:51:43 PM    1   26.19    0.00    7.14    0.00    0.00    1.19    0.00    0.00    0.00   65.48

11:51:43 PM  CPU    %usr   %nice    %sys %iowait    %irq   %soft  %steal  %guest  %gnice   %idle
11:51:44 PM    0   32.58    0.00   20.22    0.00    0.00    7.87    0.00    0.00    0.00   39.33
11:51:44 PM    1   29.76    0.00    7.14    0.00    0.00    2.38    0.00    0.00    0.00   60.71

11:51:44 PM  CPU    %usr   %nice    %sys %iowait    %irq   %soft  %steal  %guest  %gnice   %idle
11:51:45 PM    0   34.78    0.00   15.22    0.00    0.00    9.78    0.00    0.00    0.00   40.22
11:51:45 PM    1   23.75    0.00    8.75    0.00    0.00    1.25    0.00    0.00    0.00   66.25

11:51:45 PM  CPU    %usr   %nice    %sys %iowait    %irq   %soft  %steal  %guest  %gnice   %idle
11:51:46 PM    0   34.07    0.00   18.68    0.00    0.00    7.69    0.00    0.00    0.00   39.56
11:51:46 PM    1   28.05    0.00    7.32    0.00    0.00    2.44    0.00    0.00    0.00   62.20

11:51:46 PM  CPU    %usr   %nice    %sys %iowait    %irq   %soft  %steal  %guest  %gnice   %idle
11:51:47 PM    0   36.84    0.00   17.89    0.00    0.00    7.37    0.00    0.00    0.00   37.89
11:51:47 PM    1   27.06    0.00    8.24    0.00    0.00    3.53    0.00    0.00    0.00   61.18

11:51:47 PM  CPU    %usr   %nice    %sys %iowait    %irq   %soft  %steal  %guest  %gnice   %idle
11:51:48 PM    0   30.11    0.00   19.35    0.00    0.00   10.75    0.00    0.00    0.00   39.78
11:51:48 PM    1   25.00    0.00    8.33    0.00    0.00    3.57    0.00    0.00    0.00   63.10

11:51:48 PM  CPU    %usr   %nice    %sys %iowait    %irq   %soft  %steal  %guest  %gnice   %idle
11:51:49 PM    0   38.14    0.00   16.49    0.00    0.00    9.28    0.00    0.00    0.00   36.08
11:51:49 PM    1   23.81    0.00    9.52    0.00    0.00    4.76    0.00    0.00    0.00   61.90

11:51:49 PM  CPU    %usr   %nice    %sys %iowait    %irq   %soft  %steal  %guest  %gnice   %idle
11:51:50 PM    0   32.61    0.00   17.39    0.00    0.00    9.78    0.00    0.00    0.00   40.22
11:51:50 PM    1   26.51    0.00    6.02    0.00    0.00    2.41    0.00    0.00    0.00   65.06

11:51:50 PM  CPU    %usr   %nice    %sys %iowait    %irq   %soft  %steal  %guest  %gnice   %idle
11:51:51 PM    0   35.96    0.00   15.73    0.00    0.00    6.74    0.00    0.00    0.00   41.57
11:51:51 PM    1   26.74    0.00    8.14    0.00    0.00    3.49    0.00    0.00    0.00   61.63

11:51:51 PM  CPU    %usr   %nice    %sys %iowait    %irq   %soft  %steal  %guest  %gnice   %idle
11:51:52 PM    0   36.56    0.00   15.05    0.00    0.00   10.75    0.00    0.00    0.00   37.63
11:51:52 PM    1   25.93    0.00    7.41    0.00    0.00    2.47    0.00    0.00    0.00   64.20

11:51:52 PM  CPU    %usr   %nice    %sys %iowait    %irq   %soft  %steal  %guest  %gnice   %idle
11:51:53 PM    0   37.63    0.00   16.13    0.00    0.00    8.60    0.00    0.00    0.00   37.63
11:51:53 PM    1   29.41    0.00    8.24    0.00    0.00    2.35    0.00    0.00    0.00   60.00

11:51:53 PM  CPU    %usr   %nice    %sys %iowait    %irq   %soft  %steal  %guest  %gnice   %idle
11:51:54 PM    0   35.11    0.00   17.02    0.00    0.00    9.57    0.00    0.00    0.00   38.30
11:51:54 PM    1   23.46    0.00    7.41    0.00    0.00    2.47    0.00    0.00    0.00   66.67

11:51:54 PM  CPU    %usr   %nice    %sys %iowait    %irq   %soft  %steal  %guest  %gnice   %idle
11:51:55 PM    0   39.13    0.00   16.30    0.00    0.00    6.52    0.00    0.00    0.00   38.04
11:51:55 PM    1   25.30    0.00    9.64    0.00    0.00    4.82    0.00    0.00    0.00   60.24

11:51:55 PM  CPU    %usr   %nice    %sys %iowait    %irq   %soft  %steal  %guest  %gnice   %idle
11:51:56 PM    0   33.70    0.00   17.39    0.00    0.00    9.78    0.00    0.00    0.00   39.13
11:51:56 PM    1   25.88    0.00    9.41    0.00    0.00    1.18    0.00    0.00    0.00   63.53

11:51:56 PM  CPU    %usr   %nice    %sys %iowait    %irq   %soft  %steal  %guest  %gnice   %idle
11:51:57 PM    0   33.33    0.00   20.83    0.00    0.00    8.33    0.00    0.00    0.00   37.50
11:51:57 PM    1   24.68    0.00    6.49    0.00    0.00    0.00    0.00    0.00    0.00   68.83

11:51:57 PM  CPU    %usr   %nice    %sys %iowait    %irq   %soft  %steal  %guest  %gnice   %idle
11:51:58 PM    0   35.16    0.00   17.58    0.00    0.00    6.59    0.00    0.00    0.00   40.66
11:51:58 PM    1   25.30    0.00    8.43    0.00    0.00    2.41    0.00    0.00    0.00   63.86

11:51:58 PM  CPU    %usr   %nice    %sys %iowait    %irq   %soft  %steal  %guest  %gnice   %idle
11:51:59 PM    0   34.83    0.00   17.98    0.00    0.00    7.87    0.00    0.00    0.00   39.33
11:51:59 PM    1   25.88    0.00   11.76    0.00    0.00    2.35    0.00    0.00    0.00   60.00

11:51:59 PM  CPU    %usr   %nice    %sys %iowait    %irq   %soft  %steal  %guest  %gnice   %idle
11:52:00 PM    0   39.13    0.00   18.48    0.00    0.00    5.43    0.00    0.00    0.00   36.96
11:52:00 PM    1   24.10    0.00    9.64    0.00    0.00    4.82    0.00    0.00    0.00   61.45

11:52:00 PM  CPU    %usr   %nice    %sys %iowait    %irq   %soft  %steal  %guest  %gnice   %idle
11:52:01 PM    0   34.44    0.00   20.00    0.00    0.00    7.78    0.00    0.00    0.00   37.78
11:52:01 PM    1   25.93    0.00    9.88    0.00    0.00    2.47    0.00    0.00    0.00   61.73

11:52:01 PM  CPU    %usr   %nice    %sys %iowait    %irq   %soft  %steal  %guest  %gnice   %idle
11:52:02 PM    0   38.54    0.00   17.71    0.00    0.00    6.25    0.00    0.00    0.00   37.50
11:52:02 PM    1   23.17    0.00   10.98    0.00    0.00    1.22    0.00    0.00    0.00   64.63

11:52:02 PM  CPU    %usr   %nice    %sys %iowait    %irq   %soft  %steal  %guest  %gnice   %idle
11:52:03 PM    0   34.41    0.00   15.05    0.00    0.00   11.83    0.00    0.00    0.00   38.71
11:52:03 PM    1   26.83    0.00    6.10    0.00    0.00    3.66    0.00    0.00    0.00   63.41

11:52:03 PM  CPU    %usr   %nice    %sys %iowait    %irq   %soft  %steal  %guest  %gnice   %idle
11:52:04 PM    0   35.48    0.00   17.20    0.00    0.00    7.53    0.00    0.00    0.00   39.78
11:52:04 PM    1   24.39    0.00   10.98    0.00    0.00    0.00    0.00    0.00    0.00   64.63

11:52:04 PM  CPU    %usr   %nice    %sys %iowait    %irq   %soft  %steal  %guest  %gnice   %idle
11:52:05 PM    0   32.63    0.00   21.05    0.00    0.00    7.37    0.00    0.00    0.00   38.95
11:52:05 PM    1   26.19    0.00    9.52    0.00    0.00    1.19    0.00    0.00    0.00   63.10

11:52:05 PM  CPU    %usr   %nice    %sys %iowait    %irq   %soft  %steal  %guest  %gnice   %idle
11:52:06 PM    0   31.63    0.00   24.49    0.00    0.00    6.12    0.00    0.00    0.00   37.76
11:52:06 PM    1   25.88    0.00    9.41    0.00    0.00    3.53    0.00    0.00    0.00   61.18

11:52:06 PM  CPU    %usr   %nice    %sys %iowait    %irq   %soft  %steal  %guest  %gnice   %idle
11:52:07 PM    0   40.43    0.00   15.96    0.00    0.00    4.26    0.00    0.00    0.00   39.36
11:52:07 PM    1   25.00    0.00    9.52    0.00    0.00    2.38    0.00    0.00    0.00   63.10

11:52:07 PM  CPU    %usr   %nice    %sys %iowait    %irq   %soft  %steal  %guest  %gnice   %idle
11:52:08 PM    0   35.56    0.00   18.89    0.00    0.00    5.56    0.00    0.00    0.00   40.00
11:52:08 PM    1   21.69    0.00   12.05    0.00    0.00    3.61    0.00    0.00    0.00   62.65

11:52:08 PM  CPU    %usr   %nice    %sys %iowait    %irq   %soft  %steal  %guest  %gnice   %idle
11:52:09 PM    0   39.36    0.00   18.09    0.00    0.00    5.32    0.00    0.00    0.00   37.23
11:52:09 PM    1   23.46    0.00    9.88    0.00    0.00    3.70    0.00    0.00    0.00   62.96

11:52:09 PM  CPU    %usr   %nice    %sys %iowait    %irq   %soft  %steal  %guest  %gnice   %idle
11:52:10 PM    0   36.96    0.00   18.48    0.00    0.00    5.43    0.00    0.00    0.00   39.13
11:52:10 PM    1   27.06    0.00    8.24    0.00    0.00    3.53    0.00    0.00    0.00   61.18

11:52:10 PM  CPU    %usr   %nice    %sys %iowait    %irq   %soft  %steal  %guest  %gnice   %idle
11:52:11 PM    0   34.41    0.00   19.35    0.00    0.00    7.53    0.00    0.00    0.00   38.71
11:52:11 PM    1   24.69    0.00    9.88    0.00    0.00    2.47    0.00    0.00    0.00   62.96

11:52:11 PM  CPU    %usr   %nice    %sys %iowait    %irq   %soft  %steal  %guest  %gnice   %idle
11:52:12 PM    0   35.96    0.00   17.98    0.00    0.00    5.62    0.00    0.00    0.00   40.45
11:52:12 PM    1   24.39    0.00    8.54    0.00    0.00    2.44    0.00    0.00    0.00   64.63

11:52:12 PM  CPU    %usr   %nice    %sys %iowait    %irq   %soft  %steal  %guest  %gnice   %idle
11:52:13 PM    0   35.56    0.00   17.78    0.00    0.00    5.56    0.00    0.00    0.00   41.11
11:52:13 PM    1   25.00    0.00   10.71    0.00    0.00    1.19    0.00    0.00    0.00   63.10

11:52:13 PM  CPU    %usr   %nice    %sys %iowait    %irq   %soft  %steal  %guest  %gnice   %idle
11:52:14 PM    0   31.11    0.00   23.33    0.00    0.00    5.56    0.00    0.00    0.00   40.00
11:52:14 PM    1   28.05    0.00    7.32    0.00    0.00    1.22    0.00    0.00    0.00   63.41

11:52:14 PM  CPU    %usr   %nice    %sys %iowait    %irq   %soft  %steal  %guest  %gnice   %idle
11:52:15 PM    0   34.04    0.00   17.02    0.00    0.00    9.57    0.00    0.00    0.00   39.36
11:52:15 PM    1   26.83    0.00    8.54    0.00    0.00    1.22    0.00    0.00    0.00   63.41

11:52:15 PM  CPU    %usr   %nice    %sys %iowait    %irq   %soft  %steal  %guest  %gnice   %idle
11:52:16 PM    0   32.22    0.00   21.11    0.00    0.00    6.67    0.00    0.00    0.00   40.00
11:52:16 PM    1   24.10    0.00    9.64    0.00    0.00    2.41    0.00    0.00    0.00   63.86

11:52:16 PM  CPU    %usr   %nice    %sys %iowait    %irq   %soft  %steal  %guest  %gnice   %idle
11:52:17 PM    0   34.41    0.00   19.35    0.00    0.00    5.38    0.00    0.00    0.00   40.86
11:52:17 PM    1   24.10    0.00    8.43    0.00    0.00    2.41    0.00    0.00    0.00   65.06

11:52:17 PM  CPU    %usr   %nice    %sys %iowait    %irq   %soft  %steal  %guest  %gnice   %idle
11:52:18 PM    0   34.74    0.00   17.89    0.00    0.00    9.47    0.00    0.00    0.00   37.89
11:52:18 PM    1   25.30    0.00   10.84    0.00    0.00    1.20    0.00    0.00    0.00   62.65

11:52:18 PM  CPU    %usr   %nice    %sys %iowait    %irq   %soft  %steal  %guest  %gnice   %idle
11:52:19 PM    0   39.56    0.00   14.29    0.00    0.00    7.69    0.00    0.00    0.00   38.46
11:52:19 PM    1   24.10    0.00    8.43    0.00    0.00    3.61    0.00    0.00    0.00   63.86

11:52:19 PM  CPU    %usr   %nice    %sys %iowait    %irq   %soft  %steal  %guest  %gnice   %idle
11:52:20 PM    0   38.71    0.00   17.20    0.00    0.00    5.38    0.00    0.00    0.00   38.71
11:52:20 PM    1   24.10    0.00    9.64    0.00    0.00    3.61    0.00    0.00    0.00   62.65

11:52:20 PM  CPU    %usr   %nice    %sys %iowait    %irq   %soft  %steal  %guest  %gnice   %idle
11:52:21 PM    0   36.56    0.00   19.35    0.00    0.00    6.45    0.00    0.00    0.00   37.63
11:52:21 PM    1   27.06    0.00    8.24    0.00    0.00    3.53    0.00    0.00    0.00   61.18

11:52:21 PM  CPU    %usr   %nice    %sys %iowait    %irq   %soft  %steal  %guest  %gnice   %idle
11:52:22 PM    0   36.36    0.00   17.05    0.00    0.00    5.68    0.00    0.00    0.00   40.91
11:52:22 PM    1   26.51    0.00    7.23    0.00    0.00    3.61    0.00    0.00    0.00   62.65

11:52:22 PM  CPU    %usr   %nice    %sys %iowait    %irq   %soft  %steal  %guest  %gnice   %idle
11:52:23 PM    0   37.89    0.00   17.89    0.00    0.00    7.37    0.00    0.00    0.00   36.84
11:52:23 PM    1   26.83    0.00    8.54    0.00    0.00    2.44    0.00    0.00    0.00   62.20

11:52:23 PM  CPU    %usr   %nice    %sys %iowait    %irq   %soft  %steal  %guest  %gnice   %idle
11:52:24 PM    0   34.04    0.00   17.02    0.00    0.00   10.64    0.00    0.00    0.00   38.30
11:52:24 PM    1   25.30    0.00   12.05    0.00    0.00    1.20    0.00    0.00    0.00   61.45

11:52:24 PM  CPU    %usr   %nice    %sys %iowait    %irq   %soft  %steal  %guest  %gnice   %idle
11:52:25 PM    0   33.33    0.00   20.83    0.00    0.00    8.33    0.00    0.00    0.00   37.50
11:52:25 PM    1   26.83    0.00    6.10    0.00    0.00    2.44    0.00    0.00    0.00   64.63

11:52:25 PM  CPU    %usr   %nice    %sys %iowait    %irq   %soft  %steal  %guest  %gnice   %idle
11:52:26 PM    0   32.26    0.00   18.28    0.00    0.00   10.75    0.00    0.00    0.00   38.71
11:52:26 PM    1   25.88    0.00    8.24    0.00    0.00    4.71    0.00    0.00    0.00   61.18

11:52:26 PM  CPU    %usr   %nice    %sys %iowait    %irq   %soft  %steal  %guest  %gnice   %idle
11:52:27 PM    0   34.41    0.00   16.13    0.00    0.00   10.75    0.00    0.00    0.00   38.71
11:52:27 PM    1   27.06    0.00    9.41    0.00    0.00    2.35    0.00    0.00    0.00   61.18

11:52:27 PM  CPU    %usr   %nice    %sys %iowait    %irq   %soft  %steal  %guest  %gnice   %idle
11:52:28 PM    0   30.43    0.00   23.91    0.00    0.00    7.61    0.00    0.00    0.00   38.04
11:52:28 PM    1   22.62    0.00   11.90    0.00    0.00    2.38    0.00    0.00    0.00   63.10

11:52:28 PM  CPU    %usr   %nice    %sys %iowait    %irq   %soft  %steal  %guest  %gnice   %idle
11:52:29 PM    0   35.11    0.00   14.89    0.00    0.00    9.57    0.00    0.00    0.00   40.43
11:52:29 PM    1   27.16    0.00    4.94    0.00    0.00    2.47    0.00    0.00    0.00   65.43

11:52:29 PM  CPU    %usr   %nice    %sys %iowait    %irq   %soft  %steal  %guest  %gnice   %idle
11:52:30 PM    0   37.63    0.00   19.35    0.00    0.00    5.38    0.00    0.00    0.00   37.63
11:52:30 PM    1   26.51    0.00    6.02    0.00    0.00    4.82    0.00    0.00    0.00   62.65

11:52:30 PM  CPU    %usr   %nice    %sys %iowait    %irq   %soft  %steal  %guest  %gnice   %idle
11:52:31 PM    0   36.84    0.00   20.00    0.00    0.00    5.26    0.00    0.00    0.00   37.89
11:52:31 PM    1   24.71    0.00    8.24    0.00    0.00    5.88    0.00    0.00    0.00   61.18

11:52:31 PM  CPU    %usr   %nice    %sys %iowait    %irq   %soft  %steal  %guest  %gnice   %idle
11:52:32 PM    0   36.46    0.00   17.71    0.00    0.00    8.33    0.00    0.00    0.00   37.50
11:52:32 PM    1   25.30    0.00    9.64    0.00    0.00    3.61    0.00    0.00    0.00   61.45

11:52:32 PM  CPU    %usr   %nice    %sys %iowait    %irq   %soft  %steal  %guest  %gnice   %idle
11:52:33 PM    0   34.78    0.00   17.39    0.00    0.00    7.61    0.00    0.00    0.00   40.22
11:52:33 PM    1   25.88    0.00    8.24    0.00    0.00    2.35    0.00    0.00    0.00   63.53

11:52:33 PM  CPU    %usr   %nice    %sys %iowait    %irq   %soft  %steal  %guest  %gnice   %idle
11:52:34 PM    0   36.56    0.00   18.28    0.00    0.00    6.45    0.00    0.00    0.00   38.71
11:52:34 PM    1   29.11    0.00    7.59    0.00    0.00    1.27    0.00    0.00    0.00   62.03

11:52:34 PM  CPU    %usr   %nice    %sys %iowait    %irq   %soft  %steal  %guest  %gnice   %idle
11:52:35 PM    0   41.30    0.00   15.22    0.00    0.00    5.43    0.00    0.00    0.00   38.04
11:52:35 PM    1   26.19    0.00    9.52    0.00    0.00    1.19    0.00    0.00    0.00   63.10

11:52:35 PM  CPU    %usr   %nice    %sys %iowait    %irq   %soft  %steal  %guest  %gnice   %idle
11:52:36 PM    0   35.48    0.00   18.28    0.00    0.00    6.45    0.00    0.00    0.00   39.78
11:52:36 PM    1   24.71    0.00    9.41    0.00    0.00    4.71    0.00    0.00    0.00   61.18

11:52:36 PM  CPU    %usr   %nice    %sys %iowait    %irq   %soft  %steal  %guest  %gnice   %idle
11:52:37 PM    0   37.89    0.00   16.84    0.00    0.00    7.37    0.00    0.00    0.00   37.89
11:52:37 PM    1   25.30    0.00    7.23    0.00    0.00    4.82    0.00    0.00    0.00   62.65

11:52:37 PM  CPU    %usr   %nice    %sys %iowait    %irq   %soft  %steal  %guest  %gnice   %idle
11:52:38 PM    0   35.42    0.00   18.75    0.00    0.00    8.33    0.00    0.00    0.00   37.50
11:52:38 PM    1   26.74    0.00    8.14    0.00    0.00    4.65    0.00    0.00    0.00   60.47

11:52:38 PM  CPU    %usr   %nice    %sys %iowait    %irq   %soft  %steal  %guest  %gnice   %idle
11:52:39 PM    0   36.17    0.00   19.15    0.00    0.00    7.45    0.00    0.00    0.00   37.23
11:52:39 PM    1   22.22    0.00   11.11    0.00    0.00    2.47    0.00    0.00    0.00   64.20

11:52:39 PM  CPU    %usr   %nice    %sys %iowait    %irq   %soft  %steal  %guest  %gnice   %idle
11:52:40 PM    0   34.38    0.00   18.75    0.00    0.00    9.38    0.00    0.00    0.00   37.50
11:52:40 PM    1   27.38    0.00    8.33    0.00    0.00    2.38    0.00    0.00    0.00   61.90

11:52:40 PM  CPU    %usr   %nice    %sys %iowait    %irq   %soft  %steal  %guest  %gnice   %idle
11:52:41 PM    0   38.30    0.00   14.89    0.00    0.00    8.51    0.00    0.00    0.00   38.30
11:52:41 PM    1   25.88    0.00    9.41    0.00    0.00    3.53    0.00    0.00    0.00   61.18

11:52:41 PM  CPU    %usr   %nice    %sys %iowait    %irq   %soft  %steal  %guest  %gnice   %idle
11:52:42 PM    0   34.04    0.00   22.34    0.00    0.00    6.38    0.00    0.00    0.00   37.23
11:52:42 PM    1   24.69    0.00    7.41    0.00    0.00    3.70    0.00    0.00    0.00   64.20

11:52:42 PM  CPU    %usr   %nice    %sys %iowait    %irq   %soft  %steal  %guest  %gnice   %idle
11:52:43 PM    0   38.89    0.00   15.56    0.00    0.00    5.56    0.00    0.00    0.00   40.00
11:52:43 PM    1   27.06    0.00    9.41    0.00    0.00    1.18    0.00    0.00    0.00   62.35

Average:     CPU    %usr   %nice    %sys %iowait    %irq   %soft  %steal  %guest  %gnice   %idle
Average:       0   35.78    0.00   17.81    0.00    0.00    7.63    0.00    0.00    0.00   38.78
Average:       1   25.81    0.00    8.71    0.00    0.00    2.65    0.00    0.00    0.00   62.84
