Linux 5.3.0-59-generic (ericmei) 	06/29/2020 	_x86_64_	(12 CPU)

09:00:35 PM  CPU    %usr   %nice    %sys %iowait    %irq   %soft  %steal  %guest  %gnice   %idle
09:00:36 PM    0   26.80    0.00   14.43    0.00    0.00    2.06    0.00    0.00    0.00   56.70
09:00:36 PM    1    9.09    0.00    6.49    0.00    0.00    2.60    0.00    0.00    0.00   81.82

09:00:36 PM  CPU    %usr   %nice    %sys %iowait    %irq   %soft  %steal  %guest  %gnice   %idle
09:00:37 PM    0   25.24    0.00   14.56    0.00    0.00    4.85    0.00    0.00    0.00   55.34
09:00:37 PM    1   12.82    0.00    2.56    0.00    0.00    1.28    0.00    0.00    0.00   83.33

09:00:37 PM  CPU    %usr   %nice    %sys %iowait    %irq   %soft  %steal  %guest  %gnice   %idle
09:00:38 PM    0   27.27    0.00   12.12    0.00    0.00    4.04    0.00    0.00    0.00   56.57
09:00:38 PM    1    6.49    0.00    6.49    0.00    0.00    3.90    0.00    0.00    0.00   83.12

09:00:38 PM  CPU    %usr   %nice    %sys %iowait    %irq   %soft  %steal  %guest  %gnice   %idle
09:00:39 PM    0   26.80    0.00   11.34    0.00    0.00    4.12    0.00    0.00    0.00   57.73
09:00:39 PM    1   11.54    0.00    5.13    0.00    0.00    2.56    0.00    0.00    0.00   80.77

09:00:39 PM  CPU    %usr   %nice    %sys %iowait    %irq   %soft  %steal  %guest  %gnice   %idle
09:00:40 PM    0   28.71    0.00   11.88    0.00    0.00    3.96    0.00    0.00    0.00   55.45
09:00:40 PM    1   10.13    0.00    5.06    0.00    0.00    2.53    0.00    0.00    0.00   82.28

09:00:40 PM  CPU    %usr   %nice    %sys %iowait    %irq   %soft  %steal  %guest  %gnice   %idle
09:00:41 PM    0   28.00    0.00   11.00    0.00    0.00    4.00    0.00    0.00    0.00   57.00
09:00:41 PM    1   10.26    0.00    5.13    0.00    0.00    2.56    0.00    0.00    0.00   82.05

09:00:41 PM  CPU    %usr   %nice    %sys %iowait    %irq   %soft  %steal  %guest  %gnice   %idle
09:00:42 PM    0   24.00    0.00   14.00    0.00    0.00    5.00    0.00    0.00    0.00   57.00
09:00:42 PM    1    7.89    0.00    5.26    0.00    0.00    1.32    0.00    0.00    0.00   85.53

09:00:42 PM  CPU    %usr   %nice    %sys %iowait    %irq   %soft  %steal  %guest  %gnice   %idle
09:00:43 PM    0   27.00    0.00   14.00    0.00    0.00    3.00    0.00    0.00    0.00   56.00
09:00:43 PM    1   11.25    0.00    5.00    0.00    0.00    3.75    0.00    0.00    0.00   80.00

09:00:43 PM  CPU    %usr   %nice    %sys %iowait    %irq   %soft  %steal  %guest  %gnice   %idle
09:00:44 PM    0   27.27    0.00   14.14    0.00    0.00    1.01    0.00    0.00    0.00   57.58
09:00:44 PM    1   11.84    0.00    2.63    0.00    0.00    1.32    0.00    0.00    0.00   84.21

09:00:44 PM  CPU    %usr   %nice    %sys %iowait    %irq   %soft  %steal  %guest  %gnice   %idle
09:00:45 PM    0   24.75    0.00   17.82    0.00    0.00    2.97    0.00    0.00    0.00   54.46
09:00:45 PM    1   10.26    0.00    6.41    0.00    0.00    2.56    0.00    0.00    0.00   80.77

09:00:45 PM  CPU    %usr   %nice    %sys %iowait    %irq   %soft  %steal  %guest  %gnice   %idle
09:00:46 PM    0   27.27    0.00   13.13    0.00    0.00    2.02    0.00    0.00    0.00   57.58
09:00:46 PM    1    6.58    0.00    5.26    0.00    0.00    2.63    0.00    0.00    0.00   85.53

09:00:46 PM  CPU    %usr   %nice    %sys %iowait    %irq   %soft  %steal  %guest  %gnice   %idle
09:00:47 PM    0   26.53    0.00   14.29    0.00    0.00    2.04    0.00    0.00    0.00   57.14
09:00:47 PM    1    9.46    0.00    4.05    0.00    0.00    1.35    0.00    0.00    0.00   85.14

09:00:47 PM  CPU    %usr   %nice    %sys %iowait    %irq   %soft  %steal  %guest  %gnice   %idle
09:00:48 PM    0   29.70    0.00    8.91    0.00    0.00    5.94    0.00    0.00    0.00   55.45
09:00:48 PM    1   10.26    0.00    5.13    0.00    0.00    2.56    0.00    0.00    0.00   82.05

09:00:48 PM  CPU    %usr   %nice    %sys %iowait    %irq   %soft  %steal  %guest  %gnice   %idle
09:00:49 PM    0   28.28    0.00   10.10    0.00    0.00    5.05    0.00    0.00    0.00   56.57
09:00:49 PM    1   10.81    0.00    1.35    0.00    0.00    1.35    0.00    0.00    0.00   86.49

09:00:49 PM  CPU    %usr   %nice    %sys %iowait    %irq   %soft  %steal  %guest  %gnice   %idle
09:00:50 PM    0   28.43    0.00   12.75    0.00    0.00    3.92    0.00    0.00    0.00   54.90
09:00:50 PM    1   11.25    0.00    3.75    0.00    0.00    5.00    0.00    0.00    0.00   80.00

09:00:50 PM  CPU    %usr   %nice    %sys %iowait    %irq   %soft  %steal  %guest  %gnice   %idle
09:00:51 PM    0   28.28    0.00   10.10    0.00    0.00    4.04    0.00    0.00    0.00   57.58
09:00:51 PM    1    8.64    0.00    6.17    0.00    0.00    4.94    0.00    0.00    0.00   80.25

09:00:51 PM  CPU    %usr   %nice    %sys %iowait    %irq   %soft  %steal  %guest  %gnice   %idle
09:00:52 PM    0   28.28    0.00   10.10    0.00    0.00    4.04    0.00    0.00    0.00   57.58
09:00:52 PM    1    9.88    0.00    6.17    0.00    0.00    3.70    0.00    0.00    0.00   80.25

09:00:52 PM  CPU    %usr   %nice    %sys %iowait    %irq   %soft  %steal  %guest  %gnice   %idle
09:00:53 PM    0   29.00    0.00   13.00    0.00    0.00    2.00    0.00    0.00    0.00   56.00
09:00:53 PM    1    9.09    0.00    3.90    0.00    0.00    2.60    0.00    0.00    0.00   84.42

09:00:53 PM  CPU    %usr   %nice    %sys %iowait    %irq   %soft  %steal  %guest  %gnice   %idle
09:00:54 PM    0   28.71    0.00   11.88    0.00    0.00    2.97    0.00    0.00    0.00   56.44
09:00:54 PM    1    8.97    0.00    3.85    0.00    0.00    5.13    0.00    0.00    0.00   82.05

09:00:54 PM  CPU    %usr   %nice    %sys %iowait    %irq   %soft  %steal  %guest  %gnice   %idle
09:00:55 PM    0   28.87    0.00   11.34    0.00    0.00    1.03    0.00    0.00    0.00   58.76
09:00:55 PM    1    8.86    0.00    6.33    0.00    0.00    2.53    0.00    0.00    0.00   82.28

09:00:55 PM  CPU    %usr   %nice    %sys %iowait    %irq   %soft  %steal  %guest  %gnice   %idle
09:00:56 PM    0   26.53    0.00   11.22    0.00    0.00    4.08    0.00    0.00    0.00   58.16
09:00:56 PM    1   10.39    0.00    5.19    0.00    0.00    1.30    0.00    0.00    0.00   83.12

09:00:56 PM  CPU    %usr   %nice    %sys %iowait    %irq   %soft  %steal  %guest  %gnice   %idle
09:00:57 PM    0   24.75    0.00   15.84    0.00    0.00    3.96    0.00    0.00    0.00   55.45
09:00:57 PM    1    6.58    0.00    6.58    0.00    0.00    2.63    0.00    0.00    0.00   84.21

09:00:57 PM  CPU    %usr   %nice    %sys %iowait    %irq   %soft  %steal  %guest  %gnice   %idle
09:00:58 PM    0   24.00    0.00   15.00    0.00    0.00    5.00    0.00    0.00    0.00   56.00
09:00:58 PM    1   10.13    0.00    6.33    0.00    0.00    2.53    0.00    0.00    0.00   81.01

09:00:58 PM  CPU    %usr   %nice    %sys %iowait    %irq   %soft  %steal  %guest  %gnice   %idle
09:00:59 PM    0   25.24    0.00   14.56    0.00    0.00    5.83    0.00    0.00    0.00   54.37
09:00:59 PM    1   10.53    0.00    2.63    0.00    0.00    2.63    0.00    0.00    0.00   84.21

09:00:59 PM  CPU    %usr   %nice    %sys %iowait    %irq   %soft  %steal  %guest  %gnice   %idle
09:01:00 PM    0   27.55    0.00   12.24    0.00    0.00    3.06    0.00    0.00    0.00   57.14
09:01:00 PM    1   10.53    0.00    3.95    0.00    0.00    1.32    0.00    0.00    0.00   84.21

09:01:00 PM  CPU    %usr   %nice    %sys %iowait    %irq   %soft  %steal  %guest  %gnice   %idle
09:01:01 PM    0   25.25    0.00   16.16    0.00    0.00    2.02    0.00    0.00    0.00   56.57
09:01:01 PM    1   10.26    0.00    5.13    0.00    0.00    1.28    0.00    0.00    0.00   83.33

09:01:01 PM  CPU    %usr   %nice    %sys %iowait    %irq   %soft  %steal  %guest  %gnice   %idle
09:01:02 PM    0   28.57    0.00   11.22    0.00    0.00    4.08    0.00    0.00    0.00   56.12
09:01:02 PM    1   12.66    0.00    5.06    0.00    0.00    1.27    0.00    0.00    0.00   81.01

09:01:02 PM  CPU    %usr   %nice    %sys %iowait    %irq   %soft  %steal  %guest  %gnice   %idle
09:01:03 PM    0   26.26    0.00   13.13    0.00    0.00    3.03    0.00    0.00    0.00   57.58
09:01:03 PM    1   10.39    0.00    3.90    0.00    0.00    2.60    0.00    0.00    0.00   83.12

09:01:03 PM  CPU    %usr   %nice    %sys %iowait    %irq   %soft  %steal  %guest  %gnice   %idle
09:01:04 PM    0   26.80    0.00   12.37    0.00    0.00    2.06    0.00    0.00    0.00   58.76
09:01:04 PM    1    7.79    0.00    3.90    0.00    0.00    3.90    0.00    0.00    0.00   84.42

09:01:04 PM  CPU    %usr   %nice    %sys %iowait    %irq   %soft  %steal  %guest  %gnice   %idle
09:01:05 PM    0   28.28    0.00   11.11    0.00    0.00    4.04    0.00    0.00    0.00   56.57
09:01:05 PM    1   11.39    0.00    5.06    0.00    0.00    1.27    0.00    0.00    0.00   82.28

09:01:05 PM  CPU    %usr   %nice    %sys %iowait    %irq   %soft  %steal  %guest  %gnice   %idle
09:01:06 PM    0   28.57    0.00   11.22    0.00    0.00    3.06    0.00    0.00    0.00   57.14
09:01:06 PM    1    9.21    0.00    3.95    0.00    0.00    1.32    0.00    0.00    0.00   85.53

09:01:06 PM  CPU    %usr   %nice    %sys %iowait    %irq   %soft  %steal  %guest  %gnice   %idle
09:01:07 PM    0   27.55    0.00   13.27    0.00    0.00    2.04    0.00    0.00    0.00   57.14
09:01:07 PM    1   12.82    0.00    2.56    0.00    0.00    1.28    0.00    0.00    0.00   83.33

09:01:07 PM  CPU    %usr   %nice    %sys %iowait    %irq   %soft  %steal  %guest  %gnice   %idle
09:01:08 PM    0   29.29    0.00   11.11    0.00    0.00    2.02    0.00    0.00    0.00   57.58
09:01:08 PM    1    9.09    0.00    3.90    0.00    0.00    1.30    0.00    0.00    0.00   85.71

09:01:08 PM  CPU    %usr   %nice    %sys %iowait    %irq   %soft  %steal  %guest  %gnice   %idle
09:01:09 PM    0   24.24    0.00   14.14    0.00    0.00    3.03    0.00    0.00    0.00   58.59
09:01:09 PM    1   10.39    0.00    1.30    0.00    0.00    2.60    0.00    0.00    0.00   85.71

09:01:09 PM  CPU    %usr   %nice    %sys %iowait    %irq   %soft  %steal  %guest  %gnice   %idle
09:01:10 PM    0   27.00    0.00   12.00    0.00    0.00    4.00    0.00    0.00    0.00   57.00
09:01:10 PM    1    6.67    0.00    2.67    0.00    0.00    4.00    0.00    0.00    0.00   86.67

09:01:10 PM  CPU    %usr   %nice    %sys %iowait    %irq   %soft  %steal  %guest  %gnice   %idle
09:01:11 PM    0   29.70    0.00   10.89    0.00    0.00    3.96    0.00    0.00    0.00   55.45
09:01:11 PM    1   10.26    0.00    3.85    0.00    0.00    2.56    0.00    0.00    0.00   83.33

09:01:11 PM  CPU    %usr   %nice    %sys %iowait    %irq   %soft  %steal  %guest  %gnice   %idle
09:01:12 PM    0   27.84    0.00   11.34    0.00    0.00    3.09    0.00    0.00    0.00   57.73
09:01:12 PM    1   11.54    0.00    3.85    0.00    0.00    2.56    0.00    0.00    0.00   82.05

09:01:12 PM  CPU    %usr   %nice    %sys %iowait    %irq   %soft  %steal  %guest  %gnice   %idle
09:01:13 PM    0   24.49    0.00   15.31    0.00    0.00    2.04    0.00    0.00    0.00   58.16
09:01:13 PM    1   10.53    0.00    2.63    0.00    0.00    1.32    0.00    0.00    0.00   85.53

09:01:13 PM  CPU    %usr   %nice    %sys %iowait    %irq   %soft  %steal  %guest  %gnice   %idle
09:01:14 PM    0   25.00    0.00   13.54    0.00    0.00    3.12    0.00    0.00    0.00   58.33
09:01:14 PM    1    7.69    0.00    6.41    0.00    0.00    3.85    0.00    0.00    0.00   82.05

09:01:14 PM  CPU    %usr   %nice    %sys %iowait    %irq   %soft  %steal  %guest  %gnice   %idle
09:01:15 PM    0   30.69    0.00   10.89    0.00    0.00    1.98    0.00    0.00    0.00   56.44
09:01:15 PM    1   10.26    0.00    5.13    0.00    0.00    1.28    0.00    0.00    0.00   83.33

09:01:15 PM  CPU    %usr   %nice    %sys %iowait    %irq   %soft  %steal  %guest  %gnice   %idle
09:01:16 PM    0   24.00    0.00   14.00    0.00    0.00    6.00    0.00    0.00    0.00   56.00
09:01:16 PM    1   11.69    0.00    2.60    0.00    0.00    1.30    0.00    0.00    0.00   84.42

09:01:16 PM  CPU    %usr   %nice    %sys %iowait    %irq   %soft  %steal  %guest  %gnice   %idle
09:01:17 PM    0   28.00    0.00   11.00    0.00    0.00    4.00    0.00    0.00    0.00   57.00
09:01:17 PM    1    9.09    0.00    1.30    0.00    0.00    5.19    0.00    0.00    0.00   84.42

09:01:17 PM  CPU    %usr   %nice    %sys %iowait    %irq   %soft  %steal  %guest  %gnice   %idle
09:01:18 PM    0   24.24    0.00   16.16    0.00    0.00    2.02    0.00    0.00    0.00   57.58
09:01:18 PM    1   11.54    0.00    2.56    0.00    0.00    2.56    0.00    0.00    0.00   83.33

09:01:18 PM  CPU    %usr   %nice    %sys %iowait    %irq   %soft  %steal  %guest  %gnice   %idle
09:01:19 PM    0   28.71    0.00   12.87    0.00    0.00    1.98    0.00    0.00    0.00   56.44
09:01:19 PM    1   10.13    0.00    3.80    0.00    0.00    5.06    0.00    0.00    0.00   81.01

09:01:19 PM  CPU    %usr   %nice    %sys %iowait    %irq   %soft  %steal  %guest  %gnice   %idle
09:01:20 PM    0   24.00    0.00   16.00    0.00    0.00    4.00    0.00    0.00    0.00   56.00
09:01:20 PM    1    8.97    0.00    5.13    0.00    0.00    3.85    0.00    0.00    0.00   82.05

09:01:20 PM  CPU    %usr   %nice    %sys %iowait    %irq   %soft  %steal  %guest  %gnice   %idle
09:01:21 PM    0   27.27    0.00   13.13    0.00    0.00    3.03    0.00    0.00    0.00   56.57
09:01:21 PM    1    7.79    0.00    5.19    0.00    0.00    2.60    0.00    0.00    0.00   84.42

09:01:21 PM  CPU    %usr   %nice    %sys %iowait    %irq   %soft  %steal  %guest  %gnice   %idle
09:01:22 PM    0   27.00    0.00   14.00    0.00    0.00    3.00    0.00    0.00    0.00   56.00
09:01:22 PM    1    6.67    0.00    8.00    0.00    0.00    0.00    0.00    0.00    0.00   85.33

09:01:22 PM  CPU    %usr   %nice    %sys %iowait    %irq   %soft  %steal  %guest  %gnice   %idle
09:01:23 PM    0   28.00    0.00   12.00    0.00    0.00    4.00    0.00    0.00    0.00   56.00
09:01:23 PM    1   10.00    0.00    3.75    0.00    0.00    5.00    0.00    0.00    0.00   81.25

09:01:23 PM  CPU    %usr   %nice    %sys %iowait    %irq   %soft  %steal  %guest  %gnice   %idle
09:01:24 PM    0   28.28    0.00   13.13    0.00    0.00    3.03    0.00    0.00    0.00   55.56
09:01:24 PM    1    8.00    0.00    4.00    0.00    0.00    1.33    0.00    0.00    0.00   86.67

09:01:24 PM  CPU    %usr   %nice    %sys %iowait    %irq   %soft  %steal  %guest  %gnice   %idle
09:01:25 PM    0   25.51    0.00   15.31    0.00    0.00    2.04    0.00    0.00    0.00   57.14
09:01:25 PM    1   10.13    0.00    6.33    0.00    0.00    1.27    0.00    0.00    0.00   82.28

09:01:25 PM  CPU    %usr   %nice    %sys %iowait    %irq   %soft  %steal  %guest  %gnice   %idle
09:01:26 PM    0   29.41    0.00   12.75    0.00    0.00    1.96    0.00    0.00    0.00   55.88
09:01:26 PM    1    9.88    0.00    2.47    0.00    0.00    6.17    0.00    0.00    0.00   81.48

09:01:26 PM  CPU    %usr   %nice    %sys %iowait    %irq   %soft  %steal  %guest  %gnice   %idle
09:01:27 PM    0   27.72    0.00   11.88    0.00    0.00    4.95    0.00    0.00    0.00   55.45
09:01:27 PM    1   10.26    0.00    1.28    0.00    0.00    5.13    0.00    0.00    0.00   83.33

09:01:27 PM  CPU    %usr   %nice    %sys %iowait    %irq   %soft  %steal  %guest  %gnice   %idle
09:01:28 PM    0   27.72    0.00   13.86    0.00    0.00    1.98    0.00    0.00    0.00   56.44
09:01:28 PM    1    7.50    0.00    7.50    0.00    0.00    3.75    0.00    0.00    0.00   81.25

09:01:28 PM  CPU    %usr   %nice    %sys %iowait    %irq   %soft  %steal  %guest  %gnice   %idle
09:01:29 PM    0   28.00    0.00   11.00    0.00    0.00    4.00    0.00    0.00    0.00   57.00
09:01:29 PM    1    8.97    0.00    5.13    0.00    0.00    2.56    0.00    0.00    0.00   83.33

09:01:29 PM  CPU    %usr   %nice    %sys %iowait    %irq   %soft  %steal  %guest  %gnice   %idle
09:01:30 PM    0   27.27    0.00   12.12    0.00    0.00    4.04    0.00    0.00    0.00   56.57
09:01:30 PM    1    6.49    0.00    2.60    0.00    0.00    6.49    0.00    0.00    0.00   84.42

09:01:30 PM  CPU    %usr   %nice    %sys %iowait    %irq   %soft  %steal  %guest  %gnice   %idle
09:01:31 PM    0   25.74    0.00   14.85    0.00    0.00    3.96    0.00    0.00    0.00   55.45
09:01:31 PM    1   10.39    0.00    5.19    0.00    0.00    1.30    0.00    0.00    0.00   83.12

09:01:31 PM  CPU    %usr   %nice    %sys %iowait    %irq   %soft  %steal  %guest  %gnice   %idle
09:01:32 PM    0   27.27    0.00   14.14    0.00    0.00    3.03    0.00    0.00    0.00   55.56
09:01:32 PM    1    7.89    0.00    6.58    0.00    0.00    2.63    0.00    0.00    0.00   82.89

09:01:32 PM  CPU    %usr   %nice    %sys %iowait    %irq   %soft  %steal  %guest  %gnice   %idle
09:01:33 PM    0   29.00    0.00   12.00    0.00    0.00    2.00    0.00    0.00    0.00   57.00
09:01:33 PM    1    7.50    0.00    5.00    0.00    0.00    7.50    0.00    0.00    0.00   80.00

09:01:33 PM  CPU    %usr   %nice    %sys %iowait    %irq   %soft  %steal  %guest  %gnice   %idle
09:01:34 PM    0   23.47    0.00   15.31    0.00    0.00    3.06    0.00    0.00    0.00   58.16
09:01:34 PM    1    7.69    0.00    6.41    0.00    0.00    2.56    0.00    0.00    0.00   83.33

09:01:34 PM  CPU    %usr   %nice    %sys %iowait    %irq   %soft  %steal  %guest  %gnice   %idle
09:01:35 PM    0   27.27    0.00   11.11    0.00    0.00    5.05    0.00    0.00    0.00   56.57
09:01:35 PM    1    9.88    0.00    3.70    0.00    0.00    7.41    0.00    0.00    0.00   79.01

09:01:35 PM  CPU    %usr   %nice    %sys %iowait    %irq   %soft  %steal  %guest  %gnice   %idle
09:01:36 PM    0   29.70    0.00   10.89    0.00    0.00    4.95    0.00    0.00    0.00   54.46
09:01:36 PM    1   10.13    0.00    6.33    0.00    0.00    2.53    0.00    0.00    0.00   81.01

09:01:36 PM  CPU    %usr   %nice    %sys %iowait    %irq   %soft  %steal  %guest  %gnice   %idle
09:01:37 PM    0   28.00    0.00   14.00    0.00    0.00    2.00    0.00    0.00    0.00   56.00
09:01:37 PM    1    8.86    0.00    3.80    0.00    0.00    3.80    0.00    0.00    0.00   83.54

09:01:37 PM  CPU    %usr   %nice    %sys %iowait    %irq   %soft  %steal  %guest  %gnice   %idle
09:01:38 PM    0   28.12    0.00   13.54    0.00    0.00    0.00    0.00    0.00    0.00   58.33
09:01:38 PM    1    8.97    0.00    6.41    0.00    0.00    2.56    0.00    0.00    0.00   82.05

09:01:38 PM  CPU    %usr   %nice    %sys %iowait    %irq   %soft  %steal  %guest  %gnice   %idle
09:01:39 PM    0   28.00    0.00   12.00    0.00    0.00    4.00    0.00    0.00    0.00   56.00
09:01:39 PM    1   10.13    0.00    5.06    0.00    0.00    2.53    0.00    0.00    0.00   82.28

09:01:39 PM  CPU    %usr   %nice    %sys %iowait    %irq   %soft  %steal  %guest  %gnice   %idle
09:01:40 PM    0   25.51    0.00   14.29    0.00    0.00    2.04    0.00    0.00    0.00   58.16
09:01:40 PM    1    7.89    0.00    5.26    0.00    0.00    1.32    0.00    0.00    0.00   85.53

09:01:40 PM  CPU    %usr   %nice    %sys %iowait    %irq   %soft  %steal  %guest  %gnice   %idle
09:01:41 PM    0   26.73    0.00   11.88    0.00    0.00    4.95    0.00    0.00    0.00   56.44
09:01:41 PM    1   10.13    0.00    5.06    0.00    0.00    2.53    0.00    0.00    0.00   82.28

09:01:41 PM  CPU    %usr   %nice    %sys %iowait    %irq   %soft  %steal  %guest  %gnice   %idle
09:01:42 PM    0   28.71    0.00   11.88    0.00    0.00    2.97    0.00    0.00    0.00   56.44
09:01:42 PM    1   10.00    0.00    3.75    0.00    0.00    5.00    0.00    0.00    0.00   81.25

09:01:42 PM  CPU    %usr   %nice    %sys %iowait    %irq   %soft  %steal  %guest  %gnice   %idle
09:01:43 PM    0   24.49    0.00   13.27    0.00    0.00    5.10    0.00    0.00    0.00   57.14
09:01:43 PM    1   10.39    0.00    2.60    0.00    0.00    2.60    0.00    0.00    0.00   84.42

09:01:43 PM  CPU    %usr   %nice    %sys %iowait    %irq   %soft  %steal  %guest  %gnice   %idle
09:01:44 PM    0   34.34    0.00    8.08    0.00    0.00    1.01    0.00    0.00    0.00   56.57
09:01:44 PM    1    9.09    0.00    2.60    0.00    0.00    3.90    0.00    0.00    0.00   84.42

09:01:44 PM  CPU    %usr   %nice    %sys %iowait    %irq   %soft  %steal  %guest  %gnice   %idle
09:01:45 PM    0   27.72    0.00   11.88    0.00    0.00    3.96    0.00    0.00    0.00   56.44
09:01:45 PM    1    6.58    0.00    5.26    0.00    0.00    2.63    0.00    0.00    0.00   85.53

09:01:45 PM  CPU    %usr   %nice    %sys %iowait    %irq   %soft  %steal  %guest  %gnice   %idle
09:01:46 PM    0   30.30    0.00   10.10    0.00    0.00    3.03    0.00    0.00    0.00   56.57
09:01:46 PM    1   10.67    0.00    1.33    0.00    0.00    1.33    0.00    0.00    0.00   86.67

09:01:46 PM  CPU    %usr   %nice    %sys %iowait    %irq   %soft  %steal  %guest  %gnice   %idle
09:01:47 PM    0   20.20    0.00   20.20    0.00    0.00    2.02    0.00    0.00    0.00   57.58
09:01:47 PM    1   13.92    0.00    1.27    0.00    0.00    2.53    0.00    0.00    0.00   82.28

09:01:47 PM  CPU    %usr   %nice    %sys %iowait    %irq   %soft  %steal  %guest  %gnice   %idle
09:01:48 PM    0   25.74    0.00   13.86    0.00    0.00    3.96    0.00    0.00    0.00   56.44
09:01:48 PM    1    7.79    0.00    6.49    0.00    0.00    1.30    0.00    0.00    0.00   84.42

09:01:48 PM  CPU    %usr   %nice    %sys %iowait    %irq   %soft  %steal  %guest  %gnice   %idle
09:01:49 PM    0   25.51    0.00   15.31    0.00    0.00    3.06    0.00    0.00    0.00   56.12
09:01:49 PM    1   10.39    0.00    3.90    0.00    0.00    1.30    0.00    0.00    0.00   84.42

09:01:49 PM  CPU    %usr   %nice    %sys %iowait    %irq   %soft  %steal  %guest  %gnice   %idle
09:01:50 PM    0   28.43    0.00   10.78    0.00    0.00    4.90    0.00    0.00    0.00   55.88
09:01:50 PM    1   13.75    0.00    2.50    0.00    0.00    3.75    0.00    0.00    0.00   80.00

09:01:50 PM  CPU    %usr   %nice    %sys %iowait    %irq   %soft  %steal  %guest  %gnice   %idle
09:01:51 PM    0   25.51    0.00   14.29    0.00    0.00    4.08    0.00    0.00    0.00   56.12
09:01:51 PM    1    9.21    0.00    3.95    0.00    0.00    2.63    0.00    0.00    0.00   84.21

09:01:51 PM  CPU    %usr   %nice    %sys %iowait    %irq   %soft  %steal  %guest  %gnice   %idle
09:01:52 PM    0   26.73    0.00   15.84    0.00    0.00    0.99    0.00    0.00    0.00   56.44
09:01:52 PM    1   11.54    0.00    3.85    0.00    0.00    1.28    0.00    0.00    0.00   83.33

09:01:52 PM  CPU    %usr   %nice    %sys %iowait    %irq   %soft  %steal  %guest  %gnice   %idle
09:01:53 PM    0   24.49    0.00   16.33    0.00    0.00    2.04    0.00    0.00    0.00   57.14
09:01:53 PM    1    7.79    0.00    6.49    0.00    0.00    2.60    0.00    0.00    0.00   83.12

09:01:53 PM  CPU    %usr   %nice    %sys %iowait    %irq   %soft  %steal  %guest  %gnice   %idle
09:01:54 PM    0   28.43    0.00   12.75    0.00    0.00    2.94    0.00    0.00    0.00   55.88
09:01:54 PM    1   10.13    0.00    6.33    0.00    0.00    2.53    0.00    0.00    0.00   81.01

09:01:54 PM  CPU    %usr   %nice    %sys %iowait    %irq   %soft  %steal  %guest  %gnice   %idle
09:01:55 PM    0   25.25    0.00   15.15    0.00    0.00    3.03    0.00    0.00    0.00   56.57
09:01:55 PM    1    7.50    0.00    5.00    0.00    0.00    6.25    0.00    0.00    0.00   81.25

09:01:55 PM  CPU    %usr   %nice    %sys %iowait    %irq   %soft  %steal  %guest  %gnice   %idle
09:01:56 PM    0   26.00    0.00   12.00    0.00    0.00    7.00    0.00    0.00    0.00   55.00
09:01:56 PM    1   10.53    0.00    2.63    0.00    0.00    1.32    0.00    0.00    0.00   85.53

09:01:56 PM  CPU    %usr   %nice    %sys %iowait    %irq   %soft  %steal  %guest  %gnice   %idle
09:01:57 PM    0   28.71    0.00   10.89    0.00    0.00    4.95    0.00    0.00    0.00   55.45
09:01:57 PM    1   10.39    0.00    6.49    0.00    0.00    0.00    0.00    0.00    0.00   83.12

09:01:57 PM  CPU    %usr   %nice    %sys %iowait    %irq   %soft  %steal  %guest  %gnice   %idle
09:01:58 PM    0   23.00    0.00   16.00    0.00    0.00    4.00    0.00    0.00    0.00   57.00
09:01:58 PM    1    6.33    0.00    3.80    0.00    0.00    6.33    0.00    0.00    0.00   83.54

09:01:58 PM  CPU    %usr   %nice    %sys %iowait    %irq   %soft  %steal  %guest  %gnice   %idle
09:01:59 PM    0   24.00    0.00   15.00    0.00    0.00    4.00    0.00    0.00    0.00   57.00
09:01:59 PM    1    9.33    0.00    4.00    0.00    0.00    1.33    0.00    0.00    0.00   85.33

09:01:59 PM  CPU    %usr   %nice    %sys %iowait    %irq   %soft  %steal  %guest  %gnice   %idle
09:02:00 PM    0   27.08    0.00   12.50    0.00    0.00    2.08    0.00    0.00    0.00   58.33
09:02:00 PM    1   13.75    0.00    3.75    0.00    0.00    2.50    0.00    0.00    0.00   80.00

09:02:00 PM  CPU    %usr   %nice    %sys %iowait    %irq   %soft  %steal  %guest  %gnice   %idle
09:02:01 PM    0   29.00    0.00   11.00    0.00    0.00    4.00    0.00    0.00    0.00   56.00
09:02:01 PM    1   10.00    0.00    6.25    0.00    0.00    2.50    0.00    0.00    0.00   81.25

09:02:01 PM  CPU    %usr   %nice    %sys %iowait    %irq   %soft  %steal  %guest  %gnice   %idle
09:02:02 PM    0   24.49    0.00   14.29    0.00    0.00    4.08    0.00    0.00    0.00   57.14
09:02:02 PM    1    9.33    0.00    4.00    0.00    0.00    1.33    0.00    0.00    0.00   85.33

09:02:02 PM  CPU    %usr   %nice    %sys %iowait    %irq   %soft  %steal  %guest  %gnice   %idle
09:02:03 PM    0   25.77    0.00   11.34    0.00    0.00    4.12    0.00    0.00    0.00   58.76
09:02:03 PM    1    8.75    0.00    6.25    0.00    0.00    5.00    0.00    0.00    0.00   80.00

09:02:03 PM  CPU    %usr   %nice    %sys %iowait    %irq   %soft  %steal  %guest  %gnice   %idle
09:02:04 PM    0   26.47    0.00   13.73    0.00    0.00    4.90    0.00    0.00    0.00   54.90
09:02:04 PM    1    8.00    0.00    4.00    0.00    0.00    1.33    0.00    0.00    0.00   86.67

09:02:04 PM  CPU    %usr   %nice    %sys %iowait    %irq   %soft  %steal  %guest  %gnice   %idle
09:02:05 PM    0   27.00    0.00   12.00    0.00    0.00    4.00    0.00    0.00    0.00   57.00
09:02:05 PM    1    8.64    0.00    6.17    0.00    0.00    4.94    0.00    0.00    0.00   80.25

09:02:05 PM  CPU    %usr   %nice    %sys %iowait    %irq   %soft  %steal  %guest  %gnice   %idle
09:02:06 PM    0   27.45    0.00   13.73    0.00    0.00    3.92    0.00    0.00    0.00   54.90
09:02:06 PM    1    8.75    0.00    3.75    0.00    0.00    5.00    0.00    0.00    0.00   82.50

09:02:06 PM  CPU    %usr   %nice    %sys %iowait    %irq   %soft  %steal  %guest  %gnice   %idle
09:02:07 PM    0   26.26    0.00   12.12    0.00    0.00    4.04    0.00    0.00    0.00   57.58
09:02:07 PM    1    8.97    0.00    5.13    0.00    0.00    1.28    0.00    0.00    0.00   84.62

09:02:07 PM  CPU    %usr   %nice    %sys %iowait    %irq   %soft  %steal  %guest  %gnice   %idle
09:02:08 PM    0   26.53    0.00   13.27    0.00    0.00    3.06    0.00    0.00    0.00   57.14
09:02:08 PM    1   11.39    0.00    2.53    0.00    0.00    5.06    0.00    0.00    0.00   81.01

09:02:08 PM  CPU    %usr   %nice    %sys %iowait    %irq   %soft  %steal  %guest  %gnice   %idle
09:02:09 PM    0   20.59    0.00   14.71    0.00    0.00    6.86    0.00    0.00    0.00   57.84
09:02:09 PM    1    8.75    0.00    3.75    0.00    0.00    3.75    0.00    0.00    0.00   83.75

09:02:09 PM  CPU    %usr   %nice    %sys %iowait    %irq   %soft  %steal  %guest  %gnice   %idle
09:02:10 PM    0   26.73    0.00   14.85    0.00    0.00    2.97    0.00    0.00    0.00   55.45
09:02:10 PM    1    8.97    0.00    6.41    0.00    0.00    3.85    0.00    0.00    0.00   80.77

09:02:10 PM  CPU    %usr   %nice    %sys %iowait    %irq   %soft  %steal  %guest  %gnice   %idle
09:02:11 PM    0   24.24    0.00   13.13    0.00    0.00    5.05    0.00    0.00    0.00   57.58
09:02:11 PM    1    8.97    0.00    3.85    0.00    0.00    5.13    0.00    0.00    0.00   82.05

09:02:11 PM  CPU    %usr   %nice    %sys %iowait    %irq   %soft  %steal  %guest  %gnice   %idle
09:02:12 PM    0   28.00    0.00   13.00    0.00    0.00    2.00    0.00    0.00    0.00   57.00
09:02:12 PM    1    5.19    0.00    7.79    0.00    0.00    2.60    0.00    0.00    0.00   84.42

09:02:12 PM  CPU    %usr   %nice    %sys %iowait    %irq   %soft  %steal  %guest  %gnice   %idle
09:02:13 PM    0   29.00    0.00   11.00    0.00    0.00    3.00    0.00    0.00    0.00   57.00
09:02:13 PM    1    9.09    0.00    5.19    0.00    0.00    0.00    0.00    0.00    0.00   85.71

09:02:13 PM  CPU    %usr   %nice    %sys %iowait    %irq   %soft  %steal  %guest  %gnice   %idle
09:02:14 PM    0   27.55    0.00   11.22    0.00    0.00    4.08    0.00    0.00    0.00   57.14
09:02:14 PM    1   11.54    0.00    2.56    0.00    0.00    3.85    0.00    0.00    0.00   82.05

09:02:14 PM  CPU    %usr   %nice    %sys %iowait    %irq   %soft  %steal  %guest  %gnice   %idle
09:02:15 PM    0   27.27    0.00   13.13    0.00    0.00    2.02    0.00    0.00    0.00   57.58
09:02:15 PM    1   11.11    0.00    6.17    0.00    0.00    2.47    0.00    0.00    0.00   80.25

09:02:15 PM  CPU    %usr   %nice    %sys %iowait    %irq   %soft  %steal  %guest  %gnice   %idle
09:02:16 PM    0   27.27    0.00   13.13    0.00    0.00    3.03    0.00    0.00    0.00   56.57
09:02:16 PM    1   11.69    0.00    2.60    0.00    0.00    1.30    0.00    0.00    0.00   84.42

09:02:16 PM  CPU    %usr   %nice    %sys %iowait    %irq   %soft  %steal  %guest  %gnice   %idle
09:02:17 PM    0   25.74    0.00   11.88    0.00    0.00    4.95    0.00    0.00    0.00   57.43
09:02:17 PM    1    7.69    0.00    5.13    0.00    0.00    2.56    0.00    0.00    0.00   84.62

09:02:17 PM  CPU    %usr   %nice    %sys %iowait    %irq   %soft  %steal  %guest  %gnice   %idle
09:02:18 PM    0   25.00    0.00   14.00    0.00    0.00    4.00    0.00    0.00    0.00   57.00
09:02:18 PM    1    9.88    0.00    3.70    0.00    0.00    6.17    0.00    0.00    0.00   80.25

09:02:18 PM  CPU    %usr   %nice    %sys %iowait    %irq   %soft  %steal  %guest  %gnice   %idle
09:02:19 PM    0   28.28    0.00   11.11    0.00    0.00    4.04    0.00    0.00    0.00   56.57
09:02:19 PM    1   10.39    0.00    2.60    0.00    0.00    2.60    0.00    0.00    0.00   84.42

09:02:19 PM  CPU    %usr   %nice    %sys %iowait    %irq   %soft  %steal  %guest  %gnice   %idle
09:02:20 PM    0   27.84    0.00   12.37    0.00    0.00    2.06    0.00    0.00    0.00   57.73
09:02:20 PM    1    7.59    0.00    5.06    0.00    0.00    5.06    0.00    0.00    0.00   82.28

09:02:20 PM  CPU    %usr   %nice    %sys %iowait    %irq   %soft  %steal  %guest  %gnice   %idle
09:02:21 PM    0   23.30    0.00   14.56    0.00    0.00    6.80    0.00    0.00    0.00   55.34
09:02:21 PM    1   11.25    0.00    6.25    0.00    0.00    1.25    0.00    0.00    0.00   81.25

09:02:21 PM  CPU    %usr   %nice    %sys %iowait    %irq   %soft  %steal  %guest  %gnice   %idle
09:02:22 PM    0   27.18    0.00   13.59    0.00    0.00    3.88    0.00    0.00    0.00   55.34
09:02:22 PM    1   10.39    0.00    3.90    0.00    0.00    2.60    0.00    0.00    0.00   83.12

09:02:22 PM  CPU    %usr   %nice    %sys %iowait    %irq   %soft  %steal  %guest  %gnice   %idle
09:02:23 PM    0   28.57    0.00   11.22    0.00    0.00    4.08    0.00    0.00    0.00   56.12
09:02:23 PM    1   12.66    0.00    3.80    0.00    0.00    2.53    0.00    0.00    0.00   81.01

09:02:23 PM  CPU    %usr   %nice    %sys %iowait    %irq   %soft  %steal  %guest  %gnice   %idle
09:02:24 PM    0   28.28    0.00   10.10    0.00    0.00    4.04    0.00    0.00    0.00   57.58
09:02:24 PM    1   11.39    0.00    2.53    0.00    0.00    3.80    0.00    0.00    0.00   82.28

09:02:24 PM  CPU    %usr   %nice    %sys %iowait    %irq   %soft  %steal  %guest  %gnice   %idle
09:02:25 PM    0   25.00    0.00   14.00    0.00    0.00    5.00    0.00    0.00    0.00   56.00
09:02:25 PM    1   10.39    0.00    5.19    0.00    0.00    1.30    0.00    0.00    0.00   83.12

09:02:25 PM  CPU    %usr   %nice    %sys %iowait    %irq   %soft  %steal  %guest  %gnice   %idle
09:02:26 PM    0   27.00    0.00   12.00    0.00    0.00    5.00    0.00    0.00    0.00   56.00
09:02:26 PM    1    8.00    0.00    5.33    0.00    0.00    1.33    0.00    0.00    0.00   85.33

09:02:26 PM  CPU    %usr   %nice    %sys %iowait    %irq   %soft  %steal  %guest  %gnice   %idle
09:02:27 PM    0   25.74    0.00   13.86    0.00    0.00    2.97    0.00    0.00    0.00   57.43
09:02:27 PM    1    6.49    0.00    3.90    0.00    0.00    5.19    0.00    0.00    0.00   84.42

09:02:27 PM  CPU    %usr   %nice    %sys %iowait    %irq   %soft  %steal  %guest  %gnice   %idle
09:02:28 PM    0   26.80    0.00   11.34    0.00    0.00    4.12    0.00    0.00    0.00   57.73
09:02:28 PM    1    8.75    0.00    5.00    0.00    0.00    5.00    0.00    0.00    0.00   81.25

09:02:28 PM  CPU    %usr   %nice    %sys %iowait    %irq   %soft  %steal  %guest  %gnice   %idle
09:02:29 PM    0   26.73    0.00   12.87    0.00    0.00    5.94    0.00    0.00    0.00   54.46
09:02:29 PM    1   10.81    0.00    2.70    0.00    0.00    0.00    0.00    0.00    0.00   86.49

09:02:29 PM  CPU    %usr   %nice    %sys %iowait    %irq   %soft  %steal  %guest  %gnice   %idle
09:02:30 PM    0   26.53    0.00   12.24    0.00    0.00    3.06    0.00    0.00    0.00   58.16
09:02:30 PM    1    8.54    0.00    6.10    0.00    0.00    4.88    0.00    0.00    0.00   80.49

09:02:30 PM  CPU    %usr   %nice    %sys %iowait    %irq   %soft  %steal  %guest  %gnice   %idle
09:02:31 PM    0   27.72    0.00   12.87    0.00    0.00    3.96    0.00    0.00    0.00   55.45
09:02:31 PM    1   11.54    0.00    3.85    0.00    0.00    3.85    0.00    0.00    0.00   80.77

09:02:31 PM  CPU    %usr   %nice    %sys %iowait    %irq   %soft  %steal  %guest  %gnice   %idle
09:02:32 PM    0   26.53    0.00   14.29    0.00    0.00    2.04    0.00    0.00    0.00   57.14
09:02:32 PM    1   10.26    0.00    5.13    0.00    0.00    1.28    0.00    0.00    0.00   83.33

09:02:32 PM  CPU    %usr   %nice    %sys %iowait    %irq   %soft  %steal  %guest  %gnice   %idle
09:02:33 PM    0   29.29    0.00   11.11    0.00    0.00    5.05    0.00    0.00    0.00   54.55
09:02:33 PM    1    8.97    0.00    5.13    0.00    0.00    3.85    0.00    0.00    0.00   82.05

09:02:33 PM  CPU    %usr   %nice    %sys %iowait    %irq   %soft  %steal  %guest  %gnice   %idle
09:02:34 PM    0   24.49    0.00   12.24    0.00    0.00    4.08    0.00    0.00    0.00   59.18
09:02:34 PM    1    7.59    0.00    5.06    0.00    0.00    3.80    0.00    0.00    0.00   83.54

09:02:34 PM  CPU    %usr   %nice    %sys %iowait    %irq   %soft  %steal  %guest  %gnice   %idle
09:02:35 PM    0   25.00    0.00   14.00    0.00    0.00    3.00    0.00    0.00    0.00   58.00
09:02:35 PM    1   10.39    0.00    2.60    0.00    0.00    1.30    0.00    0.00    0.00   85.71

Average:     CPU    %usr   %nice    %sys %iowait    %irq   %soft  %steal  %guest  %gnice   %idle
Average:       0   26.87    0.00   12.94    0.00    0.00    3.53    0.00    0.00    0.00   56.66
Average:       1    9.61    0.00    4.47    0.00    0.00    2.91    0.00    0.00    0.00   83.01
