Linux 5.3.0-59-generic (ericmei) 	06/29/2020 	_x86_64_	(12 CPU)

08:57:58 PM  CPU    %usr   %nice    %sys %iowait    %irq   %soft  %steal  %guest  %gnice   %idle
08:57:59 PM    0   24.24    0.00   12.12    0.00    0.00    6.06    0.00    0.00    0.00   57.58
08:57:59 PM    1    7.89    0.00    3.95    0.00    0.00    3.95    0.00    0.00    0.00   84.21

08:57:59 PM  CPU    %usr   %nice    %sys %iowait    %irq   %soft  %steal  %guest  %gnice   %idle
08:58:00 PM    0   25.74    0.00   10.89    0.00    0.00    7.92    0.00    0.00    0.00   55.45
08:58:00 PM    1   10.39    0.00    3.90    0.00    0.00    2.60    0.00    0.00    0.00   83.12

08:58:00 PM  CPU    %usr   %nice    %sys %iowait    %irq   %soft  %steal  %guest  %gnice   %idle
08:58:01 PM    0   30.93    0.00    9.28    0.00    0.00    2.06    0.00    0.00    0.00   57.73
08:58:01 PM    1    6.67    0.00    5.33    0.00    0.00    1.33    0.00    0.00    0.00   86.67

08:58:01 PM  CPU    %usr   %nice    %sys %iowait    %irq   %soft  %steal  %guest  %gnice   %idle
08:58:02 PM    0   29.29    0.00   13.13    0.00    0.00    2.02    0.00    0.00    0.00   55.56
08:58:02 PM    1    8.00    0.00    4.00    0.00    0.00    2.67    0.00    0.00    0.00   85.33

08:58:02 PM  CPU    %usr   %nice    %sys %iowait    %irq   %soft  %steal  %guest  %gnice   %idle
08:58:03 PM    0   27.55    0.00   10.20    0.00    0.00    4.08    0.00    0.00    0.00   58.16
08:58:03 PM    1    9.09    0.00    5.19    0.00    0.00    2.60    0.00    0.00    0.00   83.12

08:58:03 PM  CPU    %usr   %nice    %sys %iowait    %irq   %soft  %steal  %guest  %gnice   %idle
08:58:04 PM    0   28.00    0.00   13.00    0.00    0.00    3.00    0.00    0.00    0.00   56.00
08:58:04 PM    1    8.22    0.00    4.11    0.00    0.00    1.37    0.00    0.00    0.00   86.30

08:58:04 PM  CPU    %usr   %nice    %sys %iowait    %irq   %soft  %steal  %guest  %gnice   %idle
08:58:05 PM    0   28.28    0.00    9.09    0.00    0.00    4.04    0.00    0.00    0.00   58.59
08:58:05 PM    1   10.13    0.00    2.53    0.00    0.00    3.80    0.00    0.00    0.00   83.54

08:58:05 PM  CPU    %usr   %nice    %sys %iowait    %irq   %soft  %steal  %guest  %gnice   %idle
08:58:06 PM    0   20.62    0.00   18.56    0.00    0.00    3.09    0.00    0.00    0.00   57.73
08:58:06 PM    1   10.26    0.00    3.85    0.00    0.00    3.85    0.00    0.00    0.00   82.05

08:58:06 PM  CPU    %usr   %nice    %sys %iowait    %irq   %soft  %steal  %guest  %gnice   %idle
08:58:07 PM    0   28.43    0.00   14.71    0.00    0.00    1.96    0.00    0.00    0.00   54.90
08:58:07 PM    1    9.46    0.00    5.41    0.00    0.00    0.00    0.00    0.00    0.00   85.14

08:58:07 PM  CPU    %usr   %nice    %sys %iowait    %irq   %soft  %steal  %guest  %gnice   %idle
08:58:08 PM    0   27.45    0.00   12.75    0.00    0.00    3.92    0.00    0.00    0.00   55.88
08:58:08 PM    1    8.75    0.00    3.75    0.00    0.00    6.25    0.00    0.00    0.00   81.25

08:58:08 PM  CPU    %usr   %nice    %sys %iowait    %irq   %soft  %steal  %guest  %gnice   %idle
08:58:09 PM    0   26.53    0.00   13.27    0.00    0.00    2.04    0.00    0.00    0.00   58.16
08:58:09 PM    1    3.95    0.00    5.26    0.00    0.00    5.26    0.00    0.00    0.00   85.53

08:58:09 PM  CPU    %usr   %nice    %sys %iowait    %irq   %soft  %steal  %guest  %gnice   %idle
08:58:10 PM    0   24.75    0.00   13.86    0.00    0.00    5.94    0.00    0.00    0.00   55.45
08:58:10 PM    1    8.97    0.00    5.13    0.00    0.00    3.85    0.00    0.00    0.00   82.05

08:58:10 PM  CPU    %usr   %nice    %sys %iowait    %irq   %soft  %steal  %guest  %gnice   %idle
08:58:11 PM    0   24.24    0.00   13.13    0.00    0.00    4.04    0.00    0.00    0.00   58.59
08:58:11 PM    1   12.82    0.00    2.56    0.00    0.00    1.28    0.00    0.00    0.00   83.33

08:58:11 PM  CPU    %usr   %nice    %sys %iowait    %irq   %soft  %steal  %guest  %gnice   %idle
08:58:12 PM    0   27.00    0.00   14.00    0.00    0.00    3.00    0.00    0.00    0.00   56.00
08:58:12 PM    1   12.66    0.00    2.53    0.00    0.00    3.80    0.00    0.00    0.00   81.01

08:58:12 PM  CPU    %usr   %nice    %sys %iowait    %irq   %soft  %steal  %guest  %gnice   %idle
08:58:13 PM    0   27.27    0.00   11.11    0.00    0.00    3.03    0.00    0.00    0.00   58.59
08:58:13 PM    1    7.79    0.00    5.19    0.00    0.00    3.90    0.00    0.00    0.00   83.12

08:58:13 PM  CPU    %usr   %nice    %sys %iowait    %irq   %soft  %steal  %guest  %gnice   %idle
08:58:14 PM    0   27.72    0.00   11.88    0.00    0.00    4.95    0.00    0.00    0.00   55.45
08:58:14 PM    1   10.00    0.00    5.00    0.00    0.00    3.75    0.00    0.00    0.00   81.25

08:58:14 PM  CPU    %usr   %nice    %sys %iowait    %irq   %soft  %steal  %guest  %gnice   %idle
08:58:15 PM    0   26.26    0.00   16.16    0.00    0.00    2.02    0.00    0.00    0.00   55.56
08:58:15 PM    1   11.39    0.00    3.80    0.00    0.00    3.80    0.00    0.00    0.00   81.01

08:58:15 PM  CPU    %usr   %nice    %sys %iowait    %irq   %soft  %steal  %guest  %gnice   %idle
08:58:16 PM    0   27.72    0.00   12.87    0.00    0.00    2.97    0.00    0.00    0.00   56.44
08:58:16 PM    1    8.86    0.00    6.33    0.00    0.00    3.80    0.00    0.00    0.00   81.01

08:58:16 PM  CPU    %usr   %nice    %sys %iowait    %irq   %soft  %steal  %guest  %gnice   %idle
08:58:17 PM    0   25.25    0.00   12.12    0.00    0.00    5.05    0.00    0.00    0.00   57.58
08:58:17 PM    1    9.21    0.00    2.63    0.00    0.00    2.63    0.00    0.00    0.00   85.53

08:58:17 PM  CPU    %usr   %nice    %sys %iowait    %irq   %soft  %steal  %guest  %gnice   %idle
08:58:18 PM    0   27.00    0.00   13.00    0.00    0.00    3.00    0.00    0.00    0.00   57.00
08:58:18 PM    1    7.69    0.00    3.85    0.00    0.00    5.13    0.00    0.00    0.00   83.33

08:58:18 PM  CPU    %usr   %nice    %sys %iowait    %irq   %soft  %steal  %guest  %gnice   %idle
08:58:19 PM    0   27.27    0.00   11.11    0.00    0.00    5.05    0.00    0.00    0.00   56.57
08:58:19 PM    1   11.54    0.00    3.85    0.00    0.00    1.28    0.00    0.00    0.00   83.33

08:58:19 PM  CPU    %usr   %nice    %sys %iowait    %irq   %soft  %steal  %guest  %gnice   %idle
08:58:20 PM    0   28.00    0.00   12.00    0.00    0.00    3.00    0.00    0.00    0.00   57.00
08:58:20 PM    1    8.75    0.00    5.00    0.00    0.00    5.00    0.00    0.00    0.00   81.25

08:58:20 PM  CPU    %usr   %nice    %sys %iowait    %irq   %soft  %steal  %guest  %gnice   %idle
08:58:21 PM    0   24.75    0.00   11.88    0.00    0.00    4.95    0.00    0.00    0.00   58.42
08:58:21 PM    1    8.97    0.00    3.85    0.00    0.00    3.85    0.00    0.00    0.00   83.33

08:58:21 PM  CPU    %usr   %nice    %sys %iowait    %irq   %soft  %steal  %guest  %gnice   %idle
08:58:22 PM    0   24.00    0.00   16.00    0.00    0.00    2.00    0.00    0.00    0.00   58.00
08:58:22 PM    1    7.59    0.00    3.80    0.00    0.00    5.06    0.00    0.00    0.00   83.54

08:58:22 PM  CPU    %usr   %nice    %sys %iowait    %irq   %soft  %steal  %guest  %gnice   %idle
08:58:23 PM    0   26.26    0.00   10.10    0.00    0.00    6.06    0.00    0.00    0.00   57.58
08:58:23 PM    1   10.39    0.00    5.19    0.00    0.00    1.30    0.00    0.00    0.00   83.12

08:58:23 PM  CPU    %usr   %nice    %sys %iowait    %irq   %soft  %steal  %guest  %gnice   %idle
08:58:24 PM    0   25.51    0.00   15.31    0.00    0.00    2.04    0.00    0.00    0.00   57.14
08:58:24 PM    1    7.89    0.00    5.26    0.00    0.00    1.32    0.00    0.00    0.00   85.53

08:58:24 PM  CPU    %usr   %nice    %sys %iowait    %irq   %soft  %steal  %guest  %gnice   %idle
08:58:25 PM    0   27.00    0.00   13.00    0.00    0.00    3.00    0.00    0.00    0.00   57.00
08:58:25 PM    1    9.33    0.00    2.67    0.00    0.00    2.67    0.00    0.00    0.00   85.33

08:58:25 PM  CPU    %usr   %nice    %sys %iowait    %irq   %soft  %steal  %guest  %gnice   %idle
08:58:26 PM    0   27.45    0.00   14.71    0.00    0.00    1.96    0.00    0.00    0.00   55.88
08:58:26 PM    1    7.59    0.00    5.06    0.00    0.00    3.80    0.00    0.00    0.00   83.54

08:58:26 PM  CPU    %usr   %nice    %sys %iowait    %irq   %soft  %steal  %guest  %gnice   %idle
08:58:27 PM    0   26.26    0.00   13.13    0.00    0.00    2.02    0.00    0.00    0.00   58.59
08:58:27 PM    1    7.79    0.00    5.19    0.00    0.00    3.90    0.00    0.00    0.00   83.12

08:58:27 PM  CPU    %usr   %nice    %sys %iowait    %irq   %soft  %steal  %guest  %gnice   %idle
08:58:28 PM    0   29.00    0.00   11.00    0.00    0.00    3.00    0.00    0.00    0.00   57.00
08:58:28 PM    1    7.79    0.00    5.19    0.00    0.00    1.30    0.00    0.00    0.00   85.71

08:58:28 PM  CPU    %usr   %nice    %sys %iowait    %irq   %soft  %steal  %guest  %gnice   %idle
08:58:29 PM    0   23.76    0.00   16.83    0.00    0.00    2.97    0.00    0.00    0.00   56.44
08:58:29 PM    1   10.26    0.00    5.13    0.00    0.00    2.56    0.00    0.00    0.00   82.05

08:58:29 PM  CPU    %usr   %nice    %sys %iowait    %irq   %soft  %steal  %guest  %gnice   %idle
08:58:30 PM    0   29.00    0.00   13.00    0.00    0.00    2.00    0.00    0.00    0.00   56.00
08:58:30 PM    1   10.53    0.00    5.26    0.00    0.00    1.32    0.00    0.00    0.00   82.89

08:58:30 PM  CPU    %usr   %nice    %sys %iowait    %irq   %soft  %steal  %guest  %gnice   %idle
08:58:31 PM    0   25.25    0.00   13.13    0.00    0.00    4.04    0.00    0.00    0.00   57.58
08:58:31 PM    1    9.46    0.00    2.70    0.00    0.00    0.00    0.00    0.00    0.00   87.84

08:58:31 PM  CPU    %usr   %nice    %sys %iowait    %irq   %soft  %steal  %guest  %gnice   %idle
08:58:32 PM    0   26.00    0.00   12.00    0.00    0.00    5.00    0.00    0.00    0.00   57.00
08:58:32 PM    1    7.69    0.00    5.13    0.00    0.00    3.85    0.00    0.00    0.00   83.33

08:58:32 PM  CPU    %usr   %nice    %sys %iowait    %irq   %soft  %steal  %guest  %gnice   %idle
08:58:33 PM    0   26.73    0.00   12.87    0.00    0.00    2.97    0.00    0.00    0.00   57.43
08:58:33 PM    1   11.54    0.00    1.28    0.00    0.00    3.85    0.00    0.00    0.00   83.33

08:58:33 PM  CPU    %usr   %nice    %sys %iowait    %irq   %soft  %steal  %guest  %gnice   %idle
08:58:34 PM    0   28.87    0.00   10.31    0.00    0.00    2.06    0.00    0.00    0.00   58.76
08:58:34 PM    1    8.97    0.00    3.85    0.00    0.00    2.56    0.00    0.00    0.00   84.62

08:58:34 PM  CPU    %usr   %nice    %sys %iowait    %irq   %soft  %steal  %guest  %gnice   %idle
08:58:35 PM    0   30.39    0.00    8.82    0.00    0.00    4.90    0.00    0.00    0.00   55.88
08:58:35 PM    1   15.58    0.00    1.30    0.00    0.00    0.00    0.00    0.00    0.00   83.12

08:58:35 PM  CPU    %usr   %nice    %sys %iowait    %irq   %soft  %steal  %guest  %gnice   %idle
08:58:36 PM    0   24.49    0.00   14.29    0.00    0.00    3.06    0.00    0.00    0.00   58.16
08:58:36 PM    1   11.39    0.00    1.27    0.00    0.00    5.06    0.00    0.00    0.00   82.28

08:58:36 PM  CPU    %usr   %nice    %sys %iowait    %irq   %soft  %steal  %guest  %gnice   %idle
08:58:37 PM    0   28.28    0.00   10.10    0.00    0.00    4.04    0.00    0.00    0.00   57.58
08:58:37 PM    1   10.53    0.00    3.95    0.00    0.00    0.00    0.00    0.00    0.00   85.53

08:58:37 PM  CPU    %usr   %nice    %sys %iowait    %irq   %soft  %steal  %guest  %gnice   %idle
08:58:38 PM    0   25.25    0.00   12.12    0.00    0.00    4.04    0.00    0.00    0.00   58.59
08:58:38 PM    1   10.13    0.00    3.80    0.00    0.00    3.80    0.00    0.00    0.00   82.28

08:58:38 PM  CPU    %usr   %nice    %sys %iowait    %irq   %soft  %steal  %guest  %gnice   %idle
08:58:39 PM    0   27.45    0.00   13.73    0.00    0.00    2.94    0.00    0.00    0.00   55.88
08:58:39 PM    1    7.89    0.00    5.26    0.00    0.00    2.63    0.00    0.00    0.00   84.21

08:58:39 PM  CPU    %usr   %nice    %sys %iowait    %irq   %soft  %steal  %guest  %gnice   %idle
08:58:40 PM    0   28.57    0.00   10.20    0.00    0.00    3.06    0.00    0.00    0.00   58.16
08:58:40 PM    1   11.69    0.00    2.60    0.00    0.00    1.30    0.00    0.00    0.00   84.42

08:58:40 PM  CPU    %usr   %nice    %sys %iowait    %irq   %soft  %steal  %guest  %gnice   %idle
08:58:41 PM    0   22.45    0.00   14.29    0.00    0.00    4.08    0.00    0.00    0.00   59.18
08:58:41 PM    1    7.89    0.00    3.95    0.00    0.00    2.63    0.00    0.00    0.00   85.53

08:58:41 PM  CPU    %usr   %nice    %sys %iowait    %irq   %soft  %steal  %guest  %gnice   %idle
08:58:42 PM    0   27.27    0.00   14.14    0.00    0.00    1.01    0.00    0.00    0.00   57.58
08:58:42 PM    1   11.69    0.00    2.60    0.00    0.00    2.60    0.00    0.00    0.00   83.12

08:58:42 PM  CPU    %usr   %nice    %sys %iowait    %irq   %soft  %steal  %guest  %gnice   %idle
08:58:43 PM    0   27.00    0.00   14.00    0.00    0.00    3.00    0.00    0.00    0.00   56.00
08:58:43 PM    1    8.97    0.00    3.85    0.00    0.00    3.85    0.00    0.00    0.00   83.33

08:58:43 PM  CPU    %usr   %nice    %sys %iowait    %irq   %soft  %steal  %guest  %gnice   %idle
08:58:44 PM    0   28.57    0.00   12.24    0.00    0.00    2.04    0.00    0.00    0.00   57.14
08:58:44 PM    1   10.39    0.00    2.60    0.00    0.00    2.60    0.00    0.00    0.00   84.42

08:58:44 PM  CPU    %usr   %nice    %sys %iowait    %irq   %soft  %steal  %guest  %gnice   %idle
08:58:45 PM    0   26.47    0.00   15.69    0.00    0.00    1.96    0.00    0.00    0.00   55.88
08:58:45 PM    1    7.59    0.00    5.06    0.00    0.00    5.06    0.00    0.00    0.00   82.28

08:58:45 PM  CPU    %usr   %nice    %sys %iowait    %irq   %soft  %steal  %guest  %gnice   %idle
08:58:46 PM    0   23.00    0.00   14.00    0.00    0.00    6.00    0.00    0.00    0.00   57.00
08:58:46 PM    1    8.97    0.00    3.85    0.00    0.00    5.13    0.00    0.00    0.00   82.05

08:58:46 PM  CPU    %usr   %nice    %sys %iowait    %irq   %soft  %steal  %guest  %gnice   %idle
08:58:47 PM    0   25.00    0.00   14.00    0.00    0.00    4.00    0.00    0.00    0.00   57.00
08:58:47 PM    1   12.82    0.00    3.85    0.00    0.00    1.28    0.00    0.00    0.00   82.05

08:58:47 PM  CPU    %usr   %nice    %sys %iowait    %irq   %soft  %steal  %guest  %gnice   %idle
08:58:48 PM    0   29.00    0.00   12.00    0.00    0.00    2.00    0.00    0.00    0.00   57.00
08:58:48 PM    1    9.59    0.00    2.74    0.00    0.00    0.00    0.00    0.00    0.00   87.67

08:58:48 PM  CPU    %usr   %nice    %sys %iowait    %irq   %soft  %steal  %guest  %gnice   %idle
08:58:49 PM    0   29.00    0.00   13.00    0.00    0.00    2.00    0.00    0.00    0.00   56.00
08:58:49 PM    1   12.50    0.00    5.00    0.00    0.00    2.50    0.00    0.00    0.00   80.00

08:58:49 PM  CPU    %usr   %nice    %sys %iowait    %irq   %soft  %steal  %guest  %gnice   %idle
08:58:50 PM    0   24.24    0.00   13.13    0.00    0.00    5.05    0.00    0.00    0.00   57.58
08:58:50 PM    1    3.85    0.00    6.41    0.00    0.00    5.13    0.00    0.00    0.00   84.62

08:58:50 PM  CPU    %usr   %nice    %sys %iowait    %irq   %soft  %steal  %guest  %gnice   %idle
08:58:51 PM    0   26.73    0.00   14.85    0.00    0.00    1.98    0.00    0.00    0.00   56.44
08:58:51 PM    1    7.89    0.00    3.95    0.00    0.00    2.63    0.00    0.00    0.00   85.53

08:58:51 PM  CPU    %usr   %nice    %sys %iowait    %irq   %soft  %steal  %guest  %gnice   %idle
08:58:52 PM    0   29.59    0.00   11.22    0.00    0.00    3.06    0.00    0.00    0.00   56.12
08:58:52 PM    1    8.86    0.00    3.80    0.00    0.00    6.33    0.00    0.00    0.00   81.01

08:58:52 PM  CPU    %usr   %nice    %sys %iowait    %irq   %soft  %steal  %guest  %gnice   %idle
08:58:53 PM    0   28.28    0.00   11.11    0.00    0.00    3.03    0.00    0.00    0.00   57.58
08:58:53 PM    1    8.00    0.00    4.00    0.00    0.00    2.67    0.00    0.00    0.00   85.33

08:58:53 PM  CPU    %usr   %nice    %sys %iowait    %irq   %soft  %steal  %guest  %gnice   %idle
08:58:54 PM    0   22.00    0.00   18.00    0.00    0.00    3.00    0.00    0.00    0.00   57.00
08:58:54 PM    1   10.26    0.00    3.85    0.00    0.00    3.85    0.00    0.00    0.00   82.05

08:58:54 PM  CPU    %usr   %nice    %sys %iowait    %irq   %soft  %steal  %guest  %gnice   %idle
08:58:55 PM    0   27.00    0.00   11.00    0.00    0.00    4.00    0.00    0.00    0.00   58.00
08:58:55 PM    1   10.26    0.00    3.85    0.00    0.00    2.56    0.00    0.00    0.00   83.33

08:58:55 PM  CPU    %usr   %nice    %sys %iowait    %irq   %soft  %steal  %guest  %gnice   %idle
08:58:56 PM    0   26.26    0.00   14.14    0.00    0.00    2.02    0.00    0.00    0.00   57.58
08:58:56 PM    1    9.33    0.00    2.67    0.00    0.00    1.33    0.00    0.00    0.00   86.67

08:58:56 PM  CPU    %usr   %nice    %sys %iowait    %irq   %soft  %steal  %guest  %gnice   %idle
08:58:57 PM    0   27.72    0.00   13.86    0.00    0.00    1.98    0.00    0.00    0.00   56.44
08:58:57 PM    1    8.86    0.00    7.59    0.00    0.00    2.53    0.00    0.00    0.00   81.01

08:58:57 PM  CPU    %usr   %nice    %sys %iowait    %irq   %soft  %steal  %guest  %gnice   %idle
08:58:58 PM    0   28.57    0.00    9.18    0.00    0.00    4.08    0.00    0.00    0.00   58.16
08:58:58 PM    1   10.26    0.00    3.85    0.00    0.00    2.56    0.00    0.00    0.00   83.33

08:58:58 PM  CPU    %usr   %nice    %sys %iowait    %irq   %soft  %steal  %guest  %gnice   %idle
08:58:59 PM    0   26.00    0.00   12.00    0.00    0.00    4.00    0.00    0.00    0.00   58.00
08:58:59 PM    1   10.13    0.00    7.59    0.00    0.00    1.27    0.00    0.00    0.00   81.01

08:58:59 PM  CPU    %usr   %nice    %sys %iowait    %irq   %soft  %steal  %guest  %gnice   %idle
08:59:00 PM    0   26.26    0.00   13.13    0.00    0.00    4.04    0.00    0.00    0.00   56.57
08:59:00 PM    1    9.21    0.00    3.95    0.00    0.00    2.63    0.00    0.00    0.00   84.21

08:59:00 PM  CPU    %usr   %nice    %sys %iowait    %irq   %soft  %steal  %guest  %gnice   %idle
08:59:01 PM    0   22.68    0.00   17.53    0.00    0.00    2.06    0.00    0.00    0.00   57.73
08:59:01 PM    1   13.58    0.00    2.47    0.00    0.00    4.94    0.00    0.00    0.00   79.01

08:59:01 PM  CPU    %usr   %nice    %sys %iowait    %irq   %soft  %steal  %guest  %gnice   %idle
08:59:02 PM    0   29.29    0.00   11.11    0.00    0.00    2.02    0.00    0.00    0.00   57.58
08:59:02 PM    1    8.75    0.00    2.50    0.00    0.00    7.50    0.00    0.00    0.00   81.25

08:59:02 PM  CPU    %usr   %nice    %sys %iowait    %irq   %soft  %steal  %guest  %gnice   %idle
08:59:03 PM    0   25.00    0.00   13.00    0.00    0.00    4.00    0.00    0.00    0.00   58.00
08:59:03 PM    1    7.59    0.00    5.06    0.00    0.00    5.06    0.00    0.00    0.00   82.28

08:59:03 PM  CPU    %usr   %nice    %sys %iowait    %irq   %soft  %steal  %guest  %gnice   %idle
08:59:04 PM    0   24.74    0.00   14.43    0.00    0.00    2.06    0.00    0.00    0.00   58.76
08:59:04 PM    1   11.25    0.00    3.75    0.00    0.00    5.00    0.00    0.00    0.00   80.00

08:59:04 PM  CPU    %usr   %nice    %sys %iowait    %irq   %soft  %steal  %guest  %gnice   %idle
08:59:05 PM    0   25.74    0.00   11.88    0.00    0.00    5.94    0.00    0.00    0.00   56.44
08:59:05 PM    1   10.39    0.00    3.90    0.00    0.00    1.30    0.00    0.00    0.00   84.42

08:59:05 PM  CPU    %usr   %nice    %sys %iowait    %irq   %soft  %steal  %guest  %gnice   %idle
08:59:06 PM    0   27.00    0.00   15.00    0.00    0.00    2.00    0.00    0.00    0.00   56.00
08:59:06 PM    1    6.41    0.00    6.41    0.00    0.00    3.85    0.00    0.00    0.00   83.33

08:59:06 PM  CPU    %usr   %nice    %sys %iowait    %irq   %soft  %steal  %guest  %gnice   %idle
08:59:07 PM    0   29.00    0.00   12.00    0.00    0.00    2.00    0.00    0.00    0.00   57.00
08:59:07 PM    1   11.54    0.00    3.85    0.00    0.00    2.56    0.00    0.00    0.00   82.05

08:59:07 PM  CPU    %usr   %nice    %sys %iowait    %irq   %soft  %steal  %guest  %gnice   %idle
08:59:08 PM    0   28.87    0.00   12.37    0.00    0.00    1.03    0.00    0.00    0.00   57.73
08:59:08 PM    1    8.86    0.00    2.53    0.00    0.00    6.33    0.00    0.00    0.00   82.28

08:59:08 PM  CPU    %usr   %nice    %sys %iowait    %irq   %soft  %steal  %guest  %gnice   %idle
08:59:09 PM    0   25.74    0.00   13.86    0.00    0.00    3.96    0.00    0.00    0.00   56.44
08:59:09 PM    1    9.21    0.00    3.95    0.00    0.00    1.32    0.00    0.00    0.00   85.53

08:59:09 PM  CPU    %usr   %nice    %sys %iowait    %irq   %soft  %steal  %guest  %gnice   %idle
08:59:10 PM    0   27.27    0.00   12.12    0.00    0.00    3.03    0.00    0.00    0.00   57.58
08:59:10 PM    1   10.13    0.00    3.80    0.00    0.00    3.80    0.00    0.00    0.00   82.28

08:59:10 PM  CPU    %usr   %nice    %sys %iowait    %irq   %soft  %steal  %guest  %gnice   %idle
08:59:11 PM    0   27.00    0.00   14.00    0.00    0.00    3.00    0.00    0.00    0.00   56.00
08:59:11 PM    1    8.11    0.00    5.41    0.00    0.00    1.35    0.00    0.00    0.00   85.14

08:59:11 PM  CPU    %usr   %nice    %sys %iowait    %irq   %soft  %steal  %guest  %gnice   %idle
08:59:12 PM    0   26.53    0.00   14.29    0.00    0.00    1.02    0.00    0.00    0.00   58.16
08:59:12 PM    1    8.97    0.00    3.85    0.00    0.00    3.85    0.00    0.00    0.00   83.33

08:59:12 PM  CPU    %usr   %nice    %sys %iowait    %irq   %soft  %steal  %guest  %gnice   %idle
08:59:13 PM    0   28.16    0.00   14.56    0.00    0.00    2.91    0.00    0.00    0.00   54.37
08:59:13 PM    1    8.00    0.00    5.33    0.00    0.00    1.33    0.00    0.00    0.00   85.33

08:59:13 PM  CPU    %usr   %nice    %sys %iowait    %irq   %soft  %steal  %guest  %gnice   %idle
08:59:14 PM    0   24.49    0.00   12.24    0.00    0.00    5.10    0.00    0.00    0.00   58.16
08:59:14 PM    1    6.67    0.00    5.33    0.00    0.00    2.67    0.00    0.00    0.00   85.33

08:59:14 PM  CPU    %usr   %nice    %sys %iowait    %irq   %soft  %steal  %guest  %gnice   %idle
08:59:15 PM    0   29.90    0.00   11.34    0.00    0.00    1.03    0.00    0.00    0.00   57.73
08:59:15 PM    1    7.89    0.00    5.26    0.00    0.00    2.63    0.00    0.00    0.00   84.21

08:59:15 PM  CPU    %usr   %nice    %sys %iowait    %irq   %soft  %steal  %guest  %gnice   %idle
08:59:16 PM    0   27.72    0.00   10.89    0.00    0.00    3.96    0.00    0.00    0.00   57.43
08:59:16 PM    1    7.89    0.00    5.26    0.00    0.00    1.32    0.00    0.00    0.00   85.53

08:59:16 PM  CPU    %usr   %nice    %sys %iowait    %irq   %soft  %steal  %guest  %gnice   %idle
08:59:17 PM    0   30.00    0.00   11.00    0.00    0.00    3.00    0.00    0.00    0.00   56.00
08:59:17 PM    1   11.54    0.00    2.56    0.00    0.00    2.56    0.00    0.00    0.00   83.33

08:59:17 PM  CPU    %usr   %nice    %sys %iowait    %irq   %soft  %steal  %guest  %gnice   %idle
08:59:18 PM    0   22.00    0.00   16.00    0.00    0.00    5.00    0.00    0.00    0.00   57.00
08:59:18 PM    1    6.33    0.00    5.06    0.00    0.00    6.33    0.00    0.00    0.00   82.28

08:59:18 PM  CPU    %usr   %nice    %sys %iowait    %irq   %soft  %steal  %guest  %gnice   %idle
08:59:19 PM    0   27.27    0.00   13.13    0.00    0.00    2.02    0.00    0.00    0.00   57.58
08:59:19 PM    1   10.39    0.00    2.60    0.00    0.00    2.60    0.00    0.00    0.00   84.42

08:59:19 PM  CPU    %usr   %nice    %sys %iowait    %irq   %soft  %steal  %guest  %gnice   %idle
08:59:20 PM    0   25.74    0.00   12.87    0.00    0.00    4.95    0.00    0.00    0.00   56.44
08:59:20 PM    1    6.02    0.00    4.82    0.00    0.00    9.64    0.00    0.00    0.00   79.52

08:59:20 PM  CPU    %usr   %nice    %sys %iowait    %irq   %soft  %steal  %guest  %gnice   %idle
08:59:21 PM    0   27.84    0.00   13.40    0.00    0.00    2.06    0.00    0.00    0.00   56.70
08:59:21 PM    1   11.39    0.00    2.53    0.00    0.00    3.80    0.00    0.00    0.00   82.28

08:59:21 PM  CPU    %usr   %nice    %sys %iowait    %irq   %soft  %steal  %guest  %gnice   %idle
08:59:22 PM    0   27.00    0.00   14.00    0.00    0.00    2.00    0.00    0.00    0.00   57.00
08:59:22 PM    1    7.69    0.00    6.41    0.00    0.00    2.56    0.00    0.00    0.00   83.33

08:59:22 PM  CPU    %usr   %nice    %sys %iowait    %irq   %soft  %steal  %guest  %gnice   %idle
08:59:23 PM    0   23.76    0.00   12.87    0.00    0.00    5.94    0.00    0.00    0.00   57.43
08:59:23 PM    1    8.00    0.00    2.67    0.00    0.00    2.67    0.00    0.00    0.00   86.67

08:59:23 PM  CPU    %usr   %nice    %sys %iowait    %irq   %soft  %steal  %guest  %gnice   %idle
08:59:24 PM    0   27.27    0.00   14.14    0.00    0.00    2.02    0.00    0.00    0.00   56.57
08:59:24 PM    1    7.59    0.00    5.06    0.00    0.00    5.06    0.00    0.00    0.00   82.28

08:59:24 PM  CPU    %usr   %nice    %sys %iowait    %irq   %soft  %steal  %guest  %gnice   %idle
08:59:25 PM    0   28.00    0.00   14.00    0.00    0.00    2.00    0.00    0.00    0.00   56.00
08:59:25 PM    1    9.21    0.00    2.63    0.00    0.00    2.63    0.00    0.00    0.00   85.53

08:59:25 PM  CPU    %usr   %nice    %sys %iowait    %irq   %soft  %steal  %guest  %gnice   %idle
08:59:26 PM    0   24.00    0.00   15.00    0.00    0.00    3.00    0.00    0.00    0.00   58.00
08:59:26 PM    1    9.76    0.00    3.66    0.00    0.00    6.10    0.00    0.00    0.00   80.49

08:59:26 PM  CPU    %usr   %nice    %sys %iowait    %irq   %soft  %steal  %guest  %gnice   %idle
08:59:27 PM    0   22.45    0.00   14.29    0.00    0.00    4.08    0.00    0.00    0.00   59.18
08:59:27 PM    1    8.22    0.00    2.74    0.00    0.00    0.00    0.00    0.00    0.00   89.04

08:59:27 PM  CPU    %usr   %nice    %sys %iowait    %irq   %soft  %steal  %guest  %gnice   %idle
08:59:28 PM    0   23.47    0.00   13.27    0.00    0.00    5.10    0.00    0.00    0.00   58.16
08:59:28 PM    1   11.25    0.00    2.50    0.00    0.00    5.00    0.00    0.00    0.00   81.25

08:59:28 PM  CPU    %usr   %nice    %sys %iowait    %irq   %soft  %steal  %guest  %gnice   %idle
08:59:29 PM    0   27.00    0.00   12.00    0.00    0.00    5.00    0.00    0.00    0.00   56.00
08:59:29 PM    1   10.39    0.00    3.90    0.00    0.00    1.30    0.00    0.00    0.00   84.42

08:59:29 PM  CPU    %usr   %nice    %sys %iowait    %irq   %soft  %steal  %guest  %gnice   %idle
08:59:30 PM    0   22.77    0.00   16.83    0.00    0.00    3.96    0.00    0.00    0.00   56.44
08:59:30 PM    1    7.69    0.00    5.13    0.00    0.00    5.13    0.00    0.00    0.00   82.05

08:59:30 PM  CPU    %usr   %nice    %sys %iowait    %irq   %soft  %steal  %guest  %gnice   %idle
08:59:31 PM    0   28.28    0.00   11.11    0.00    0.00    2.02    0.00    0.00    0.00   58.59
08:59:31 PM    1    9.09    0.00    5.19    0.00    0.00    1.30    0.00    0.00    0.00   84.42

08:59:31 PM  CPU    %usr   %nice    %sys %iowait    %irq   %soft  %steal  %guest  %gnice   %idle
08:59:32 PM    0   27.27    0.00   11.11    0.00    0.00    4.04    0.00    0.00    0.00   57.58
08:59:32 PM    1    8.97    0.00    3.85    0.00    0.00    5.13    0.00    0.00    0.00   82.05

08:59:32 PM  CPU    %usr   %nice    %sys %iowait    %irq   %soft  %steal  %guest  %gnice   %idle
08:59:33 PM    0   25.25    0.00   14.14    0.00    0.00    5.05    0.00    0.00    0.00   55.56
08:59:33 PM    1   10.67    0.00    4.00    0.00    0.00    2.67    0.00    0.00    0.00   82.67

08:59:33 PM  CPU    %usr   %nice    %sys %iowait    %irq   %soft  %steal  %guest  %gnice   %idle
08:59:34 PM    0   24.49    0.00   14.29    0.00    0.00    4.08    0.00    0.00    0.00   57.14
08:59:34 PM    1   10.39    0.00    2.60    0.00    0.00    2.60    0.00    0.00    0.00   84.42

08:59:34 PM  CPU    %usr   %nice    %sys %iowait    %irq   %soft  %steal  %guest  %gnice   %idle
08:59:35 PM    0   28.43    0.00   10.78    0.00    0.00    4.90    0.00    0.00    0.00   55.88
08:59:35 PM    1   10.26    0.00    3.85    0.00    0.00    2.56    0.00    0.00    0.00   83.33

08:59:35 PM  CPU    %usr   %nice    %sys %iowait    %irq   %soft  %steal  %guest  %gnice   %idle
08:59:36 PM    0   29.29    0.00   11.11    0.00    0.00    3.03    0.00    0.00    0.00   56.57
08:59:36 PM    1   12.50    0.00    2.50    0.00    0.00    5.00    0.00    0.00    0.00   80.00

08:59:36 PM  CPU    %usr   %nice    %sys %iowait    %irq   %soft  %steal  %guest  %gnice   %idle
08:59:37 PM    0   25.49    0.00   14.71    0.00    0.00    3.92    0.00    0.00    0.00   55.88
08:59:37 PM    1   10.53    0.00    3.95    0.00    0.00    1.32    0.00    0.00    0.00   84.21

08:59:37 PM  CPU    %usr   %nice    %sys %iowait    %irq   %soft  %steal  %guest  %gnice   %idle
08:59:38 PM    0   28.00    0.00   13.00    0.00    0.00    2.00    0.00    0.00    0.00   57.00
08:59:38 PM    1    8.64    0.00    4.94    0.00    0.00    7.41    0.00    0.00    0.00   79.01

08:59:38 PM  CPU    %usr   %nice    %sys %iowait    %irq   %soft  %steal  %guest  %gnice   %idle
08:59:39 PM    0   23.23    0.00   15.15    0.00    0.00    4.04    0.00    0.00    0.00   57.58
08:59:39 PM    1    6.49    0.00    5.19    0.00    0.00    3.90    0.00    0.00    0.00   84.42

08:59:39 PM  CPU    %usr   %nice    %sys %iowait    %irq   %soft  %steal  %guest  %gnice   %idle
08:59:40 PM    0   29.29    0.00   11.11    0.00    0.00    3.03    0.00    0.00    0.00   56.57
08:59:40 PM    1   10.67    0.00    1.33    0.00    0.00    1.33    0.00    0.00    0.00   86.67

08:59:40 PM  CPU    %usr   %nice    %sys %iowait    %irq   %soft  %steal  %guest  %gnice   %idle
08:59:41 PM    0   23.47    0.00   13.27    0.00    0.00    6.12    0.00    0.00    0.00   57.14
08:59:41 PM    1    8.86    0.00    3.80    0.00    0.00    5.06    0.00    0.00    0.00   82.28

08:59:41 PM  CPU    %usr   %nice    %sys %iowait    %irq   %soft  %steal  %guest  %gnice   %idle
08:59:42 PM    0   23.71    0.00   14.43    0.00    0.00    3.09    0.00    0.00    0.00   58.76
08:59:42 PM    1    9.09    0.00    2.60    0.00    0.00    3.90    0.00    0.00    0.00   84.42

08:59:42 PM  CPU    %usr   %nice    %sys %iowait    %irq   %soft  %steal  %guest  %gnice   %idle
08:59:43 PM    0   23.00    0.00   16.00    0.00    0.00    3.00    0.00    0.00    0.00   58.00
08:59:43 PM    1   11.54    0.00    2.56    0.00    0.00    2.56    0.00    0.00    0.00   83.33

08:59:43 PM  CPU    %usr   %nice    %sys %iowait    %irq   %soft  %steal  %guest  %gnice   %idle
08:59:44 PM    0   25.25    0.00   12.12    0.00    0.00    5.05    0.00    0.00    0.00   57.58
08:59:44 PM    1   11.54    0.00    3.85    0.00    0.00    2.56    0.00    0.00    0.00   82.05

08:59:44 PM  CPU    %usr   %nice    %sys %iowait    %irq   %soft  %steal  %guest  %gnice   %idle
08:59:45 PM    0   27.84    0.00   12.37    0.00    0.00    2.06    0.00    0.00    0.00   57.73
08:59:45 PM    1    9.09    0.00    3.90    0.00    0.00    3.90    0.00    0.00    0.00   83.12

08:59:45 PM  CPU    %usr   %nice    %sys %iowait    %irq   %soft  %steal  %guest  %gnice   %idle
08:59:46 PM    0   25.00    0.00   16.00    0.00    0.00    2.00    0.00    0.00    0.00   57.00
08:59:46 PM    1    6.67    0.00    6.67    0.00    0.00    2.67    0.00    0.00    0.00   84.00

08:59:46 PM  CPU    %usr   %nice    %sys %iowait    %irq   %soft  %steal  %guest  %gnice   %idle
08:59:47 PM    0   26.00    0.00   14.00    0.00    0.00    3.00    0.00    0.00    0.00   57.00
08:59:47 PM    1   10.53    0.00    2.63    0.00    0.00    1.32    0.00    0.00    0.00   85.53

08:59:47 PM  CPU    %usr   %nice    %sys %iowait    %irq   %soft  %steal  %guest  %gnice   %idle
08:59:48 PM    0   26.47    0.00   12.75    0.00    0.00    3.92    0.00    0.00    0.00   56.86
08:59:48 PM    1    6.49    0.00    3.90    0.00    0.00    5.19    0.00    0.00    0.00   84.42

08:59:48 PM  CPU    %usr   %nice    %sys %iowait    %irq   %soft  %steal  %guest  %gnice   %idle
08:59:49 PM    0   24.49    0.00   15.31    0.00    0.00    3.06    0.00    0.00    0.00   57.14
08:59:49 PM    1    6.67    0.00    5.33    0.00    0.00    1.33    0.00    0.00    0.00   86.67

08:59:49 PM  CPU    %usr   %nice    %sys %iowait    %irq   %soft  %steal  %guest  %gnice   %idle
08:59:50 PM    0   24.49    0.00   13.27    0.00    0.00    3.06    0.00    0.00    0.00   59.18
08:59:50 PM    1   10.13    0.00    2.53    0.00    0.00    3.80    0.00    0.00    0.00   83.54

08:59:50 PM  CPU    %usr   %nice    %sys %iowait    %irq   %soft  %steal  %guest  %gnice   %idle
08:59:51 PM    0   22.68    0.00   14.43    0.00    0.00    4.12    0.00    0.00    0.00   58.76
08:59:51 PM    1    8.86    0.00    5.06    0.00    0.00    3.80    0.00    0.00    0.00   82.28

08:59:51 PM  CPU    %usr   %nice    %sys %iowait    %irq   %soft  %steal  %guest  %gnice   %idle
08:59:52 PM    0   26.26    0.00   13.13    0.00    0.00    4.04    0.00    0.00    0.00   56.57
08:59:52 PM    1    7.79    0.00    5.19    0.00    0.00    2.60    0.00    0.00    0.00   84.42

08:59:52 PM  CPU    %usr   %nice    %sys %iowait    %irq   %soft  %steal  %guest  %gnice   %idle
08:59:53 PM    0   24.24    0.00   14.14    0.00    0.00    4.04    0.00    0.00    0.00   57.58
08:59:53 PM    1    3.95    0.00    9.21    0.00    0.00    1.32    0.00    0.00    0.00   85.53

08:59:53 PM  CPU    %usr   %nice    %sys %iowait    %irq   %soft  %steal  %guest  %gnice   %idle
08:59:54 PM    0   26.26    0.00   13.13    0.00    0.00    3.03    0.00    0.00    0.00   57.58
08:59:54 PM    1    7.32    0.00    6.10    0.00    0.00    7.32    0.00    0.00    0.00   79.27

08:59:54 PM  CPU    %usr   %nice    %sys %iowait    %irq   %soft  %steal  %guest  %gnice   %idle
08:59:55 PM    0   23.71    0.00   13.40    0.00    0.00    4.12    0.00    0.00    0.00   58.76
08:59:55 PM    1   10.53    0.00    2.63    0.00    0.00    1.32    0.00    0.00    0.00   85.53

08:59:55 PM  CPU    %usr   %nice    %sys %iowait    %irq   %soft  %steal  %guest  %gnice   %idle
08:59:56 PM    0   23.71    0.00   15.46    0.00    0.00    3.09    0.00    0.00    0.00   57.73
08:59:56 PM    1    8.97    0.00    5.13    0.00    0.00    2.56    0.00    0.00    0.00   83.33

08:59:56 PM  CPU    %usr   %nice    %sys %iowait    %irq   %soft  %steal  %guest  %gnice   %idle
08:59:57 PM    0   26.00    0.00   13.00    0.00    0.00    4.00    0.00    0.00    0.00   57.00
08:59:57 PM    1    7.79    0.00    6.49    0.00    0.00    1.30    0.00    0.00    0.00   84.42

08:59:57 PM  CPU    %usr   %nice    %sys %iowait    %irq   %soft  %steal  %guest  %gnice   %idle
08:59:58 PM    0   26.53    0.00   13.27    0.00    0.00    2.04    0.00    0.00    0.00   58.16
08:59:58 PM    1   10.26    0.00    2.56    0.00    0.00    3.85    0.00    0.00    0.00   83.33

Average:     CPU    %usr   %nice    %sys %iowait    %irq   %soft  %steal  %guest  %gnice   %idle
Average:       0   26.34    0.00   13.13    0.00    0.00    3.38    0.00    0.00    0.00   57.15
Average:       1    9.24    0.00    4.12    0.00    0.00    3.21    0.00    0.00    0.00   83.43
