Linux 5.3.0-59-generic (ericmei) 	06/29/2020 	_x86_64_	(12 CPU)

08:50:07 PM  CPU    %usr   %nice    %sys %iowait    %irq   %soft  %steal  %guest  %gnice   %idle
08:50:08 PM    0   30.00    0.00   11.00    1.00    0.00    3.00    0.00    0.00    0.00   55.00
08:50:08 PM    1   10.39    0.00    5.19    0.00    0.00    1.30    0.00    0.00    0.00   83.12

08:50:08 PM  CPU    %usr   %nice    %sys %iowait    %irq   %soft  %steal  %guest  %gnice   %idle
08:50:09 PM    0   24.24    0.00   16.16    0.00    0.00    3.03    0.00    0.00    0.00   56.57
08:50:09 PM    1    7.69    0.00    3.85    0.00    0.00    5.13    0.00    0.00    0.00   83.33

08:50:09 PM  CPU    %usr   %nice    %sys %iowait    %irq   %soft  %steal  %guest  %gnice   %idle
08:50:10 PM    0   29.70    0.00   11.88    0.00    0.00    4.95    0.00    0.00    0.00   53.47
08:50:10 PM    1    8.86    0.00    5.06    0.00    0.00    5.06    0.00    0.00    0.00   81.01

08:50:10 PM  CPU    %usr   %nice    %sys %iowait    %irq   %soft  %steal  %guest  %gnice   %idle
08:50:11 PM    0   28.28    0.00   12.12    0.00    0.00    4.04    0.00    0.00    0.00   55.56
08:50:11 PM    1    9.21    0.00    3.95    0.00    0.00    2.63    0.00    0.00    0.00   84.21

08:50:11 PM  CPU    %usr   %nice    %sys %iowait    %irq   %soft  %steal  %guest  %gnice   %idle
08:50:12 PM    0   28.71    0.00    9.90    0.00    0.00    4.95    0.00    0.00    0.00   56.44
08:50:12 PM    1   15.00    0.00    1.25    0.00    0.00    2.50    0.00    0.00    0.00   81.25

08:50:12 PM  CPU    %usr   %nice    %sys %iowait    %irq   %soft  %steal  %guest  %gnice   %idle
08:50:13 PM    0   26.73    0.00   15.84    0.00    0.00    2.97    0.00    0.00    0.00   54.46
08:50:13 PM    1    8.86    0.00    5.06    0.00    0.00    3.80    0.00    0.00    0.00   82.28

08:50:13 PM  CPU    %usr   %nice    %sys %iowait    %irq   %soft  %steal  %guest  %gnice   %idle
08:50:14 PM    0   29.70    0.00   10.89    0.00    0.00    2.97    0.00    0.00    0.00   56.44
08:50:14 PM    1    7.50    0.00    3.75    0.00    0.00    7.50    0.00    0.00    0.00   81.25

08:50:14 PM  CPU    %usr   %nice    %sys %iowait    %irq   %soft  %steal  %guest  %gnice   %idle
08:50:15 PM    0   28.57    0.00   13.27    0.00    0.00    1.02    0.00    0.00    0.00   57.14
08:50:15 PM    1    6.41    0.00    5.13    0.00    0.00    5.13    0.00    0.00    0.00   83.33

08:50:15 PM  CPU    %usr   %nice    %sys %iowait    %irq   %soft  %steal  %guest  %gnice   %idle
08:50:16 PM    0   27.00    0.00   12.00    0.00    0.00    4.00    0.00    0.00    0.00   57.00
08:50:16 PM    1    9.09    0.00    2.60    0.00    0.00    3.90    0.00    0.00    0.00   84.42

08:50:16 PM  CPU    %usr   %nice    %sys %iowait    %irq   %soft  %steal  %guest  %gnice   %idle
08:50:17 PM    0   28.28    0.00   14.14    0.00    0.00    1.01    0.00    0.00    0.00   56.57
08:50:17 PM    1    7.69    0.00    6.41    0.00    0.00    2.56    0.00    0.00    0.00   83.33

08:50:17 PM  CPU    %usr   %nice    %sys %iowait    %irq   %soft  %steal  %guest  %gnice   %idle
08:50:18 PM    0   24.74    0.00   12.37    0.00    0.00    6.19    0.00    0.00    0.00   56.70
08:50:18 PM    1    7.79    0.00    5.19    0.00    0.00    2.60    0.00    0.00    0.00   84.42

08:50:18 PM  CPU    %usr   %nice    %sys %iowait    %irq   %soft  %steal  %guest  %gnice   %idle
08:50:19 PM    0   28.43    0.00   11.76    0.00    0.00    3.92    0.00    0.00    0.00   55.88
08:50:19 PM    1   11.25    0.00    2.50    0.00    0.00    5.00    0.00    0.00    0.00   81.25

08:50:19 PM  CPU    %usr   %nice    %sys %iowait    %irq   %soft  %steal  %guest  %gnice   %idle
08:50:20 PM    0   24.24    0.00   18.18    0.00    0.00    2.02    0.00    0.00    0.00   55.56
08:50:20 PM    1    7.69    0.00    6.41    0.00    0.00    3.85    0.00    0.00    0.00   82.05

08:50:20 PM  CPU    %usr   %nice    %sys %iowait    %irq   %soft  %steal  %guest  %gnice   %idle
08:50:21 PM    0   27.55    0.00   12.24    0.00    0.00    2.04    0.00    0.00    0.00   58.16
08:50:21 PM    1    6.58    0.00    3.95    0.00    0.00    2.63    0.00    0.00    0.00   86.84

08:50:21 PM  CPU    %usr   %nice    %sys %iowait    %irq   %soft  %steal  %guest  %gnice   %idle
08:50:22 PM    0   29.41    0.00   10.78    0.00    0.00    4.90    0.00    0.00    0.00   54.90
08:50:22 PM    1    6.58    0.00    5.26    0.00    0.00    3.95    0.00    0.00    0.00   84.21

08:50:22 PM  CPU    %usr   %nice    %sys %iowait    %irq   %soft  %steal  %guest  %gnice   %idle
08:50:23 PM    0   27.08    0.00   12.50    0.00    0.00    2.08    0.00    0.00    0.00   58.33
08:50:23 PM    1    9.21    0.00    3.95    0.00    0.00    2.63    0.00    0.00    0.00   84.21

08:50:23 PM  CPU    %usr   %nice    %sys %iowait    %irq   %soft  %steal  %guest  %gnice   %idle
08:50:24 PM    0   25.77    0.00   13.40    0.00    0.00    2.06    0.00    0.00    0.00   58.76
08:50:24 PM    1    7.79    0.00    5.19    0.00    0.00    1.30    0.00    0.00    0.00   85.71

08:50:24 PM  CPU    %usr   %nice    %sys %iowait    %irq   %soft  %steal  %guest  %gnice   %idle
08:50:25 PM    0   28.85    0.00   10.58    0.00    0.00    4.81    0.00    0.00    0.00   55.77
08:50:25 PM    1    8.97    0.00    2.56    0.00    0.00    3.85    0.00    0.00    0.00   84.62

08:50:25 PM  CPU    %usr   %nice    %sys %iowait    %irq   %soft  %steal  %guest  %gnice   %idle
08:50:26 PM    0   26.26    0.00   13.13    0.00    0.00    4.04    0.00    0.00    0.00   56.57
08:50:26 PM    1    7.50    0.00    5.00    0.00    0.00    5.00    0.00    0.00    0.00   82.50

08:50:26 PM  CPU    %usr   %nice    %sys %iowait    %irq   %soft  %steal  %guest  %gnice   %idle
08:50:27 PM    0   28.00    0.00   12.00    0.00    0.00    4.00    0.00    0.00    0.00   56.00
08:50:27 PM    1    6.17    0.00    4.94    0.00    0.00    8.64    0.00    0.00    0.00   80.25

08:50:27 PM  CPU    %usr   %nice    %sys %iowait    %irq   %soft  %steal  %guest  %gnice   %idle
08:50:28 PM    0   27.27    0.00   12.12    0.00    0.00    3.03    0.00    0.00    0.00   57.58
08:50:28 PM    1   11.39    0.00    2.53    0.00    0.00    1.27    0.00    0.00    0.00   84.81

08:50:28 PM  CPU    %usr   %nice    %sys %iowait    %irq   %soft  %steal  %guest  %gnice   %idle
08:50:29 PM    0   24.51    0.00   15.69    0.00    0.00    2.94    0.00    0.00    0.00   56.86
08:50:29 PM    1    8.00    0.00    2.67    0.00    0.00    2.67    0.00    0.00    0.00   86.67

08:50:29 PM  CPU    %usr   %nice    %sys %iowait    %irq   %soft  %steal  %guest  %gnice   %idle
08:50:30 PM    0   26.53    0.00   13.27    0.00    0.00    3.06    0.00    0.00    0.00   57.14
08:50:30 PM    1    7.69    0.00    5.13    0.00    0.00    5.13    0.00    0.00    0.00   82.05

08:50:30 PM  CPU    %usr   %nice    %sys %iowait    %irq   %soft  %steal  %guest  %gnice   %idle
08:50:31 PM    0   25.51    0.00   14.29    0.00    0.00    2.04    0.00    0.00    0.00   58.16
08:50:31 PM    1   11.25    0.00    2.50    0.00    0.00    5.00    0.00    0.00    0.00   81.25

08:50:31 PM  CPU    %usr   %nice    %sys %iowait    %irq   %soft  %steal  %guest  %gnice   %idle
08:50:32 PM    0   27.00    0.00   15.00    0.00    0.00    3.00    0.00    0.00    0.00   55.00
08:50:32 PM    1    8.86    0.00    6.33    0.00    0.00    2.53    0.00    0.00    0.00   82.28

08:50:32 PM  CPU    %usr   %nice    %sys %iowait    %irq   %soft  %steal  %guest  %gnice   %idle
08:50:33 PM    0   26.26    0.00   12.12    0.00    0.00    4.04    0.00    0.00    0.00   57.58
08:50:33 PM    1   11.69    0.00    2.60    0.00    0.00    2.60    0.00    0.00    0.00   83.12

08:50:33 PM  CPU    %usr   %nice    %sys %iowait    %irq   %soft  %steal  %guest  %gnice   %idle
08:50:34 PM    0   25.25    0.00   14.14    0.00    0.00    3.03    0.00    0.00    0.00   57.58
08:50:34 PM    1    8.00    0.00    4.00    0.00    0.00    2.67    0.00    0.00    0.00   85.33

08:50:34 PM  CPU    %usr   %nice    %sys %iowait    %irq   %soft  %steal  %guest  %gnice   %idle
08:50:35 PM    0   27.55    0.00   12.24    0.00    0.00    4.08    0.00    0.00    0.00   56.12
08:50:35 PM    1   10.26    0.00    2.56    0.00    0.00    5.13    0.00    0.00    0.00   82.05

08:50:35 PM  CPU    %usr   %nice    %sys %iowait    %irq   %soft  %steal  %guest  %gnice   %idle
08:50:36 PM    0   28.00    0.00   12.00    0.00    0.00    3.00    0.00    0.00    0.00   57.00
08:50:36 PM    1    9.21    0.00    2.63    0.00    0.00    2.63    0.00    0.00    0.00   85.53

08:50:36 PM  CPU    %usr   %nice    %sys %iowait    %irq   %soft  %steal  %guest  %gnice   %idle
08:50:37 PM    0   26.00    0.00   16.00    0.00    0.00    2.00    0.00    0.00    0.00   56.00
08:50:37 PM    1    8.86    0.00    3.80    0.00    0.00    5.06    0.00    0.00    0.00   82.28

08:50:37 PM  CPU    %usr   %nice    %sys %iowait    %irq   %soft  %steal  %guest  %gnice   %idle
08:50:38 PM    0   27.84    0.00   12.37    0.00    0.00    2.06    0.00    0.00    0.00   57.73
08:50:38 PM    1   10.00    0.00    3.75    0.00    0.00    3.75    0.00    0.00    0.00   82.50

08:50:38 PM  CPU    %usr   %nice    %sys %iowait    %irq   %soft  %steal  %guest  %gnice   %idle
08:50:39 PM    0   25.00    0.00   15.00    0.00    0.00    5.00    0.00    0.00    0.00   55.00
08:50:39 PM    1    8.86    0.00    5.06    0.00    0.00    3.80    0.00    0.00    0.00   82.28

08:50:39 PM  CPU    %usr   %nice    %sys %iowait    %irq   %soft  %steal  %guest  %gnice   %idle
08:50:40 PM    0   25.77    0.00   14.43    0.00    0.00    3.09    0.00    0.00    0.00   56.70
08:50:40 PM    1    6.33    0.00    6.33    0.00    0.00    6.33    0.00    0.00    0.00   81.01

08:50:40 PM  CPU    %usr   %nice    %sys %iowait    %irq   %soft  %steal  %guest  %gnice   %idle
08:50:41 PM    0   26.26    0.00   14.14    0.00    0.00    1.01    0.00    0.00    0.00   58.59
08:50:41 PM    1    9.88    0.00    3.70    0.00    0.00    6.17    0.00    0.00    0.00   80.25

08:50:41 PM  CPU    %usr   %nice    %sys %iowait    %irq   %soft  %steal  %guest  %gnice   %idle
08:50:42 PM    0   28.00    0.00   13.00    0.00    0.00    3.00    0.00    0.00    0.00   56.00
08:50:42 PM    1    9.09    0.00    5.19    0.00    0.00    1.30    0.00    0.00    0.00   84.42

08:50:42 PM  CPU    %usr   %nice    %sys %iowait    %irq   %soft  %steal  %guest  %gnice   %idle
08:50:43 PM    0   26.47    0.00   15.69    0.00    0.00    3.92    0.00    0.00    0.00   53.92
08:50:43 PM    1    7.59    0.00    3.80    0.00    0.00    7.59    0.00    0.00    0.00   81.01

08:50:43 PM  CPU    %usr   %nice    %sys %iowait    %irq   %soft  %steal  %guest  %gnice   %idle
08:50:44 PM    0   28.00    0.00   14.00    0.00    0.00    1.00    0.00    0.00    0.00   57.00
08:50:44 PM    1    6.49    0.00    6.49    0.00    0.00    2.60    0.00    0.00    0.00   84.42

08:50:44 PM  CPU    %usr   %nice    %sys %iowait    %irq   %soft  %steal  %guest  %gnice   %idle
08:50:45 PM    0   28.71    0.00   11.88    0.00    0.00    3.96    0.00    0.00    0.00   55.45
08:50:45 PM    1    6.49    0.00    6.49    0.00    0.00    3.90    0.00    0.00    0.00   83.12

08:50:45 PM  CPU    %usr   %nice    %sys %iowait    %irq   %soft  %steal  %guest  %gnice   %idle
08:50:46 PM    0   25.25    0.00   15.15    0.00    0.00    3.03    0.00    0.00    0.00   56.57
08:50:46 PM    1   10.26    0.00    5.13    0.00    0.00    2.56    0.00    0.00    0.00   82.05

08:50:46 PM  CPU    %usr   %nice    %sys %iowait    %irq   %soft  %steal  %guest  %gnice   %idle
08:50:47 PM    0   23.76    0.00   16.83    0.00    0.00    3.96    0.00    0.00    0.00   55.45
08:50:47 PM    1    9.21    0.00    2.63    0.00    0.00    3.95    0.00    0.00    0.00   84.21

08:50:47 PM  CPU    %usr   %nice    %sys %iowait    %irq   %soft  %steal  %guest  %gnice   %idle
08:50:48 PM    0   31.63    0.00   10.20    0.00    0.00    2.04    0.00    0.00    0.00   56.12
08:50:48 PM    1    8.75    0.00    7.50    0.00    0.00    3.75    0.00    0.00    0.00   80.00

08:50:48 PM  CPU    %usr   %nice    %sys %iowait    %irq   %soft  %steal  %guest  %gnice   %idle
08:50:49 PM    0   27.00    0.00   14.00    0.00    0.00    3.00    0.00    0.00    0.00   56.00
08:50:49 PM    1   11.25    0.00    3.75    0.00    0.00    3.75    0.00    0.00    0.00   81.25

08:50:49 PM  CPU    %usr   %nice    %sys %iowait    %irq   %soft  %steal  %guest  %gnice   %idle
08:50:50 PM    0   26.73    0.00   12.87    0.00    0.00    2.97    0.00    0.00    0.00   57.43
08:50:50 PM    1    7.79    0.00    3.90    0.00    0.00    3.90    0.00    0.00    0.00   84.42

08:50:50 PM  CPU    %usr   %nice    %sys %iowait    %irq   %soft  %steal  %guest  %gnice   %idle
08:50:51 PM    0   27.00    0.00   11.00    0.00    0.00    6.00    0.00    0.00    0.00   56.00
08:50:51 PM    1   12.20    0.00    3.66    0.00    0.00    4.88    0.00    0.00    0.00   79.27

08:50:51 PM  CPU    %usr   %nice    %sys %iowait    %irq   %soft  %steal  %guest  %gnice   %idle
08:50:52 PM    0   28.71    0.00   12.87    0.00    0.00    3.96    0.00    0.00    0.00   54.46
08:50:52 PM    1    8.22    0.00    4.11    0.00    0.00    1.37    0.00    0.00    0.00   86.30

08:50:52 PM  CPU    %usr   %nice    %sys %iowait    %irq   %soft  %steal  %guest  %gnice   %idle
08:50:53 PM    0   27.27    0.00   13.13    0.00    0.00    2.02    0.00    0.00    0.00   57.58
08:50:53 PM    1    8.97    0.00    3.85    0.00    0.00    3.85    0.00    0.00    0.00   83.33

08:50:53 PM  CPU    %usr   %nice    %sys %iowait    %irq   %soft  %steal  %guest  %gnice   %idle
08:50:54 PM    0   29.59    0.00    9.18    0.00    0.00    4.08    0.00    0.00    0.00   57.14
08:50:54 PM    1    7.89    0.00    5.26    0.00    0.00    1.32    0.00    0.00    0.00   85.53

08:50:54 PM  CPU    %usr   %nice    %sys %iowait    %irq   %soft  %steal  %guest  %gnice   %idle
08:50:55 PM    0   27.27    0.00   12.12    0.00    0.00    4.04    0.00    0.00    0.00   56.57
08:50:55 PM    1    8.97    0.00    5.13    0.00    0.00    2.56    0.00    0.00    0.00   83.33

08:50:55 PM  CPU    %usr   %nice    %sys %iowait    %irq   %soft  %steal  %guest  %gnice   %idle
08:50:56 PM    0   25.00    0.00   16.00    0.00    0.00    2.00    0.00    0.00    0.00   57.00
08:50:56 PM    1    8.00    0.00    5.33    0.00    0.00    1.33    0.00    0.00    0.00   85.33

08:50:56 PM  CPU    %usr   %nice    %sys %iowait    %irq   %soft  %steal  %guest  %gnice   %idle
08:50:57 PM    0   29.00    0.00   11.00    0.00    0.00    4.00    0.00    0.00    0.00   56.00
08:50:57 PM    1    7.69    0.00    5.13    0.00    0.00    2.56    0.00    0.00    0.00   84.62

08:50:57 PM  CPU    %usr   %nice    %sys %iowait    %irq   %soft  %steal  %guest  %gnice   %idle
08:50:58 PM    0   31.68    0.00    9.90    0.00    0.00    1.98    0.00    0.00    0.00   56.44
08:50:58 PM    1   10.00    0.00    5.00    0.00    0.00    5.00    0.00    0.00    0.00   80.00

08:50:58 PM  CPU    %usr   %nice    %sys %iowait    %irq   %soft  %steal  %guest  %gnice   %idle
08:50:59 PM    0   26.26    0.00   10.10    0.00    0.00    6.06    0.00    0.00    0.00   57.58
08:50:59 PM    1    7.69    0.00    3.85    0.00    0.00    5.13    0.00    0.00    0.00   83.33

08:50:59 PM  CPU    %usr   %nice    %sys %iowait    %irq   %soft  %steal  %guest  %gnice   %idle
08:51:00 PM    0   23.47    0.00   15.31    0.00    0.00    4.08    0.00    0.00    0.00   57.14
08:51:00 PM    1    8.97    0.00    6.41    0.00    0.00    2.56    0.00    0.00    0.00   82.05

08:51:00 PM  CPU    %usr   %nice    %sys %iowait    %irq   %soft  %steal  %guest  %gnice   %idle
08:51:01 PM    0   27.00    0.00   14.00    0.00    0.00    5.00    0.00    0.00    0.00   54.00
08:51:01 PM    1    8.86    0.00    5.06    0.00    0.00    5.06    0.00    0.00    0.00   81.01

08:51:01 PM  CPU    %usr   %nice    %sys %iowait    %irq   %soft  %steal  %guest  %gnice   %idle
08:51:02 PM    0   25.00    0.00   14.00    0.00    0.00    4.00    0.00    0.00    0.00   57.00
08:51:02 PM    1   10.00    0.00    3.75    0.00    0.00    5.00    0.00    0.00    0.00   81.25

08:51:02 PM  CPU    %usr   %nice    %sys %iowait    %irq   %soft  %steal  %guest  %gnice   %idle
08:51:03 PM    0   23.47    0.00   16.33    0.00    0.00    3.06    0.00    0.00    0.00   57.14
08:51:03 PM    1    9.21    0.00    3.95    0.00    0.00    2.63    0.00    0.00    0.00   84.21

08:51:03 PM  CPU    %usr   %nice    %sys %iowait    %irq   %soft  %steal  %guest  %gnice   %idle
08:51:04 PM    0   30.30    0.00   11.11    0.00    0.00    3.03    0.00    0.00    0.00   55.56
08:51:04 PM    1   10.13    0.00    5.06    0.00    0.00    2.53    0.00    0.00    0.00   82.28

08:51:04 PM  CPU    %usr   %nice    %sys %iowait    %irq   %soft  %steal  %guest  %gnice   %idle
08:51:05 PM    0   29.00    0.00    9.00    0.00    0.00    5.00    0.00    0.00    0.00   57.00
08:51:05 PM    1    7.89    0.00    3.95    0.00    0.00    2.63    0.00    0.00    0.00   85.53

08:51:05 PM  CPU    %usr   %nice    %sys %iowait    %irq   %soft  %steal  %guest  %gnice   %idle
08:51:06 PM    0   26.26    0.00   15.15    0.00    0.00    2.02    0.00    0.00    0.00   56.57
08:51:06 PM    1    7.59    0.00    6.33    0.00    0.00    5.06    0.00    0.00    0.00   81.01

08:51:06 PM  CPU    %usr   %nice    %sys %iowait    %irq   %soft  %steal  %guest  %gnice   %idle
08:51:07 PM    0   25.25    0.00   14.14    0.00    0.00    3.03    0.00    0.00    0.00   57.58
08:51:07 PM    1    7.79    0.00    5.19    0.00    0.00    2.60    0.00    0.00    0.00   84.42

08:51:07 PM  CPU    %usr   %nice    %sys %iowait    %irq   %soft  %steal  %guest  %gnice   %idle
08:51:08 PM    0   23.23    0.00   14.14    0.00    0.00    7.07    0.00    0.00    0.00   55.56
08:51:08 PM    1   10.13    0.00    5.06    0.00    0.00    3.80    0.00    0.00    0.00   81.01

08:51:08 PM  CPU    %usr   %nice    %sys %iowait    %irq   %soft  %steal  %guest  %gnice   %idle
08:51:09 PM    0   26.73    0.00   10.89    0.00    0.00    5.94    0.00    0.00    0.00   56.44
08:51:09 PM    1    9.09    0.00    2.60    0.00    0.00    2.60    0.00    0.00    0.00   85.71

08:51:09 PM  CPU    %usr   %nice    %sys %iowait    %irq   %soft  %steal  %guest  %gnice   %idle
08:51:10 PM    0   25.49    0.00   14.71    0.00    0.00    3.92    0.00    0.00    0.00   55.88
08:51:10 PM    1    8.75    0.00    2.50    0.00    0.00    7.50    0.00    0.00    0.00   81.25

08:51:10 PM  CPU    %usr   %nice    %sys %iowait    %irq   %soft  %steal  %guest  %gnice   %idle
08:51:11 PM    0   25.25    0.00   14.14    0.00    0.00    4.04    0.00    0.00    0.00   56.57
08:51:11 PM    1    9.33    0.00    2.67    0.00    0.00    1.33    0.00    0.00    0.00   86.67

08:51:11 PM  CPU    %usr   %nice    %sys %iowait    %irq   %soft  %steal  %guest  %gnice   %idle
08:51:12 PM    0   23.71    0.00   14.43    0.00    0.00    3.09    0.00    0.00    0.00   58.76
08:51:12 PM    1    9.76    0.00    3.66    0.00    0.00    7.32    0.00    0.00    0.00   79.27

08:51:12 PM  CPU    %usr   %nice    %sys %iowait    %irq   %soft  %steal  %guest  %gnice   %idle
08:51:13 PM    0   26.00    0.00   14.00    0.00    0.00    4.00    0.00    0.00    0.00   56.00
08:51:13 PM    1   10.00    0.00    3.75    0.00    0.00    5.00    0.00    0.00    0.00   81.25

08:51:13 PM  CPU    %usr   %nice    %sys %iowait    %irq   %soft  %steal  %guest  %gnice   %idle
08:51:14 PM    0   26.26    0.00   14.14    0.00    0.00    2.02    0.00    0.00    0.00   57.58
08:51:14 PM    1    6.58    0.00    5.26    0.00    0.00    3.95    0.00    0.00    0.00   84.21

08:51:14 PM  CPU    %usr   %nice    %sys %iowait    %irq   %soft  %steal  %guest  %gnice   %idle
08:51:15 PM    0   30.30    0.00    9.09    0.00    0.00    5.05    0.00    0.00    0.00   55.56
08:51:15 PM    1    7.50    0.00    5.00    0.00    0.00    7.50    0.00    0.00    0.00   80.00

08:51:15 PM  CPU    %usr   %nice    %sys %iowait    %irq   %soft  %steal  %guest  %gnice   %idle
08:51:16 PM    0   32.65    0.00    7.14    0.00    0.00    3.06    0.00    0.00    0.00   57.14
08:51:16 PM    1    8.97    0.00    5.13    0.00    0.00    3.85    0.00    0.00    0.00   82.05

08:51:16 PM  CPU    %usr   %nice    %sys %iowait    %irq   %soft  %steal  %guest  %gnice   %idle
08:51:17 PM    0   28.16    0.00   12.62    0.00    0.00    3.88    0.00    0.00    0.00   55.34
08:51:17 PM    1    8.97    0.00    3.85    0.00    0.00    3.85    0.00    0.00    0.00   83.33

08:51:17 PM  CPU    %usr   %nice    %sys %iowait    %irq   %soft  %steal  %guest  %gnice   %idle
08:51:18 PM    0   26.00    0.00   13.00    0.00    0.00    5.00    0.00    0.00    0.00   56.00
08:51:18 PM    1   10.39    0.00    2.60    0.00    0.00    2.60    0.00    0.00    0.00   84.42

08:51:18 PM  CPU    %usr   %nice    %sys %iowait    %irq   %soft  %steal  %guest  %gnice   %idle
08:51:19 PM    0   27.00    0.00   12.00    0.00    0.00    4.00    0.00    0.00    0.00   57.00
08:51:19 PM    1    7.59    0.00    5.06    0.00    0.00    5.06    0.00    0.00    0.00   82.28

08:51:19 PM  CPU    %usr   %nice    %sys %iowait    %irq   %soft  %steal  %guest  %gnice   %idle
08:51:20 PM    0   25.74    0.00   15.84    0.00    0.00    2.97    0.00    0.00    0.00   55.45
08:51:20 PM    1   11.25    0.00    2.50    0.00    0.00    3.75    0.00    0.00    0.00   82.50

08:51:20 PM  CPU    %usr   %nice    %sys %iowait    %irq   %soft  %steal  %guest  %gnice   %idle
08:51:21 PM    0   25.00    0.00   15.00    0.00    0.00    4.00    0.00    0.00    0.00   56.00
08:51:21 PM    1   10.00    0.00    3.75    0.00    0.00    5.00    0.00    0.00    0.00   81.25

08:51:21 PM  CPU    %usr   %nice    %sys %iowait    %irq   %soft  %steal  %guest  %gnice   %idle
08:51:22 PM    0   26.00    0.00   15.00    0.00    0.00    2.00    0.00    0.00    0.00   57.00
08:51:22 PM    1   10.39    0.00    3.90    0.00    0.00    2.60    0.00    0.00    0.00   83.12

08:51:22 PM  CPU    %usr   %nice    %sys %iowait    %irq   %soft  %steal  %guest  %gnice   %idle
08:51:23 PM    0   25.25    0.00   16.16    0.00    0.00    1.01    0.00    0.00    0.00   57.58
08:51:23 PM    1    7.69    0.00    3.85    0.00    0.00    5.13    0.00    0.00    0.00   83.33

08:51:23 PM  CPU    %usr   %nice    %sys %iowait    %irq   %soft  %steal  %guest  %gnice   %idle
08:51:24 PM    0   30.30    0.00   11.11    0.00    0.00    2.02    0.00    0.00    0.00   56.57
08:51:24 PM    1   10.13    0.00    3.80    0.00    0.00    2.53    0.00    0.00    0.00   83.54

08:51:24 PM  CPU    %usr   %nice    %sys %iowait    %irq   %soft  %steal  %guest  %gnice   %idle
08:51:25 PM    0   25.00    0.00   15.00    0.00    0.00    4.00    0.00    0.00    0.00   56.00
08:51:25 PM    1   11.54    0.00    2.56    0.00    0.00    2.56    0.00    0.00    0.00   83.33

08:51:25 PM  CPU    %usr   %nice    %sys %iowait    %irq   %soft  %steal  %guest  %gnice   %idle
08:51:26 PM    0   27.72    0.00   13.86    0.00    0.00    3.96    0.00    0.00    0.00   54.46
08:51:26 PM    1    9.09    0.00    3.90    0.00    0.00    3.90    0.00    0.00    0.00   83.12

08:51:26 PM  CPU    %usr   %nice    %sys %iowait    %irq   %soft  %steal  %guest  %gnice   %idle
08:51:27 PM    0   29.00    0.00   14.00    0.00    0.00    2.00    0.00    0.00    0.00   55.00
08:51:27 PM    1    8.97    0.00    5.13    0.00    0.00    3.85    0.00    0.00    0.00   82.05

08:51:27 PM  CPU    %usr   %nice    %sys %iowait    %irq   %soft  %steal  %guest  %gnice   %idle
08:51:28 PM    0   25.77    0.00   12.37    0.00    0.00    3.09    0.00    0.00    0.00   58.76
08:51:28 PM    1    9.09    0.00    5.19    1.30    0.00    0.00    0.00    0.00    0.00   84.42

08:51:28 PM  CPU    %usr   %nice    %sys %iowait    %irq   %soft  %steal  %guest  %gnice   %idle
08:51:29 PM    0   25.77    0.00   11.34    0.00    0.00    5.15    0.00    0.00    0.00   57.73
08:51:29 PM    1    6.33    0.00    5.06    0.00    0.00    6.33    0.00    0.00    0.00   82.28

08:51:29 PM  CPU    %usr   %nice    %sys %iowait    %irq   %soft  %steal  %guest  %gnice   %idle
08:51:30 PM    0   28.43    0.00   12.75    0.00    0.00    3.92    0.00    0.00    0.00   54.90
08:51:30 PM    1    9.33    0.00    2.67    0.00    0.00    1.33    0.00    0.00    0.00   86.67

08:51:30 PM  CPU    %usr   %nice    %sys %iowait    %irq   %soft  %steal  %guest  %gnice   %idle
08:51:31 PM    0   28.57    0.00   11.22    0.00    0.00    2.04    0.00    0.00    0.00   58.16
08:51:31 PM    1    8.75    0.00    2.50    0.00    0.00    6.25    0.00    0.00    0.00   82.50

08:51:31 PM  CPU    %usr   %nice    %sys %iowait    %irq   %soft  %steal  %guest  %gnice   %idle
08:51:32 PM    0   24.49    0.00   15.31    0.00    0.00    3.06    0.00    0.00    0.00   57.14
08:51:32 PM    1   10.39    0.00    3.90    0.00    0.00    3.90    0.00    0.00    0.00   81.82

08:51:32 PM  CPU    %usr   %nice    %sys %iowait    %irq   %soft  %steal  %guest  %gnice   %idle
08:51:33 PM    0   27.00    0.00   14.00    0.00    0.00    2.00    0.00    0.00    0.00   57.00
08:51:33 PM    1   10.00    0.00    3.75    0.00    0.00    3.75    0.00    0.00    0.00   82.50

08:51:33 PM  CPU    %usr   %nice    %sys %iowait    %irq   %soft  %steal  %guest  %gnice   %idle
08:51:34 PM    0   24.49    0.00   14.29    0.00    0.00    4.08    0.00    0.00    0.00   57.14
08:51:34 PM    1   10.26    0.00    6.41    0.00    0.00    1.28    0.00    0.00    0.00   82.05

08:51:34 PM  CPU    %usr   %nice    %sys %iowait    %irq   %soft  %steal  %guest  %gnice   %idle
08:51:35 PM    0   28.28    0.00   10.10    0.00    0.00    5.05    0.00    0.00    0.00   56.57
08:51:35 PM    1    8.75    0.00    5.00    0.00    0.00    3.75    0.00    0.00    0.00   82.50

08:51:35 PM  CPU    %usr   %nice    %sys %iowait    %irq   %soft  %steal  %guest  %gnice   %idle
08:51:36 PM    0   25.74    0.00   16.83    0.00    0.00    2.97    0.00    0.00    0.00   54.46
08:51:36 PM    1    6.76    0.00    4.05    0.00    0.00    1.35    0.00    0.00    0.00   87.84

08:51:36 PM  CPU    %usr   %nice    %sys %iowait    %irq   %soft  %steal  %guest  %gnice   %idle
08:51:37 PM    0   26.26    0.00   12.12    0.00    0.00    3.03    0.00    0.00    0.00   58.59
08:51:37 PM    1   11.25    0.00    3.75    0.00    0.00    3.75    0.00    0.00    0.00   81.25

08:51:37 PM  CPU    %usr   %nice    %sys %iowait    %irq   %soft  %steal  %guest  %gnice   %idle
08:51:38 PM    0   23.96    0.00   14.58    0.00    0.00    4.17    0.00    0.00    0.00   57.29
08:51:38 PM    1    7.79    0.00    3.90    0.00    0.00    3.90    0.00    0.00    0.00   84.42

08:51:38 PM  CPU    %usr   %nice    %sys %iowait    %irq   %soft  %steal  %guest  %gnice   %idle
08:51:39 PM    0   26.26    0.00   15.15    0.00    0.00    2.02    0.00    0.00    0.00   56.57
08:51:39 PM    1    7.59    0.00    5.06    0.00    0.00    5.06    0.00    0.00    0.00   82.28

08:51:39 PM  CPU    %usr   %nice    %sys %iowait    %irq   %soft  %steal  %guest  %gnice   %idle
08:51:40 PM    0   23.23    0.00   14.14    0.00    0.00    4.04    0.00    0.00    0.00   58.59
08:51:40 PM    1    8.97    0.00    3.85    0.00    0.00    2.56    0.00    0.00    0.00   84.62

08:51:40 PM  CPU    %usr   %nice    %sys %iowait    %irq   %soft  %steal  %guest  %gnice   %idle
08:51:41 PM    0   30.69    0.00   11.88    0.00    0.00    1.98    0.00    0.00    0.00   55.45
08:51:41 PM    1    7.50    0.00    6.25    0.00    0.00    5.00    0.00    0.00    0.00   81.25

08:51:41 PM  CPU    %usr   %nice    %sys %iowait    %irq   %soft  %steal  %guest  %gnice   %idle
08:51:42 PM    0   24.49    0.00   16.33    0.00    0.00    1.02    0.00    0.00    0.00   58.16
08:51:42 PM    1    9.09    0.00    2.60    0.00    0.00    2.60    0.00    0.00    0.00   85.71

08:51:42 PM  CPU    %usr   %nice    %sys %iowait    %irq   %soft  %steal  %guest  %gnice   %idle
08:51:43 PM    0   31.31    0.00    9.09    0.00    0.00    3.03    0.00    0.00    0.00   56.57
08:51:43 PM    1    9.33    0.00    1.33    0.00    0.00    2.67    0.00    0.00    0.00   86.67

08:51:43 PM  CPU    %usr   %nice    %sys %iowait    %irq   %soft  %steal  %guest  %gnice   %idle
08:51:44 PM    0   26.00    0.00   13.00    0.00    0.00    4.00    0.00    0.00    0.00   57.00
08:51:44 PM    1    8.86    0.00    3.80    0.00    0.00    5.06    0.00    0.00    0.00   82.28

08:51:44 PM  CPU    %usr   %nice    %sys %iowait    %irq   %soft  %steal  %guest  %gnice   %idle
08:51:45 PM    0   27.55    0.00   13.27    0.00    0.00    2.04    0.00    0.00    0.00   57.14
08:51:45 PM    1    8.11    0.00    4.05    0.00    0.00    1.35    0.00    0.00    0.00   86.49

08:51:45 PM  CPU    %usr   %nice    %sys %iowait    %irq   %soft  %steal  %guest  %gnice   %idle
08:51:46 PM    0   22.77    0.00   17.82    0.00    0.00    3.96    0.00    0.00    0.00   55.45
08:51:46 PM    1    8.64    0.00    4.94    0.00    0.00    6.17    0.00    0.00    0.00   80.25

08:51:46 PM  CPU    %usr   %nice    %sys %iowait    %irq   %soft  %steal  %guest  %gnice   %idle
08:51:47 PM    0   27.84    0.00   13.40    0.00    0.00    1.03    0.00    0.00    0.00   57.73
08:51:47 PM    1    7.79    0.00    3.90    0.00    0.00    2.60    0.00    0.00    0.00   85.71

08:51:47 PM  CPU    %usr   %nice    %sys %iowait    %irq   %soft  %steal  %guest  %gnice   %idle
08:51:48 PM    0   23.23    0.00   16.16    0.00    0.00    3.03    0.00    0.00    0.00   57.58
08:51:48 PM    1    6.58    0.00    3.95    0.00    0.00    3.95    0.00    0.00    0.00   85.53

08:51:48 PM  CPU    %usr   %nice    %sys %iowait    %irq   %soft  %steal  %guest  %gnice   %idle
08:51:49 PM    0   26.53    0.00   12.24    0.00    0.00    4.08    0.00    0.00    0.00   57.14
08:51:49 PM    1   12.50    0.00    3.75    0.00    0.00    3.75    0.00    0.00    0.00   80.00

08:51:49 PM  CPU    %usr   %nice    %sys %iowait    %irq   %soft  %steal  %guest  %gnice   %idle
08:51:50 PM    0   29.70    0.00   13.86    0.00    0.00    1.98    0.00    0.00    0.00   54.46
08:51:50 PM    1   10.26    0.00    3.85    0.00    0.00    3.85    0.00    0.00    0.00   82.05

08:51:50 PM  CPU    %usr   %nice    %sys %iowait    %irq   %soft  %steal  %guest  %gnice   %idle
08:51:51 PM    0   28.28    0.00   12.12    0.00    0.00    3.03    0.00    0.00    0.00   56.57
08:51:51 PM    1    6.67    0.00    5.33    0.00    0.00    2.67    0.00    0.00    0.00   85.33

08:51:51 PM  CPU    %usr   %nice    %sys %iowait    %irq   %soft  %steal  %guest  %gnice   %idle
08:51:52 PM    0   25.74    0.00   14.85    0.00    0.00    3.96    0.00    0.00    0.00   55.45
08:51:52 PM    1    8.97    0.00    6.41    0.00    0.00    2.56    0.00    0.00    0.00   82.05

08:51:52 PM  CPU    %usr   %nice    %sys %iowait    %irq   %soft  %steal  %guest  %gnice   %idle
08:51:53 PM    0   25.26    0.00   11.58    0.00    0.00    4.21    0.00    0.00    0.00   58.95
08:51:53 PM    1    8.97    0.00    3.85    0.00    0.00    3.85    0.00    0.00    0.00   83.33

08:51:53 PM  CPU    %usr   %nice    %sys %iowait    %irq   %soft  %steal  %guest  %gnice   %idle
08:51:54 PM    0   27.00    0.00   14.00    0.00    0.00    3.00    0.00    0.00    0.00   56.00
08:51:54 PM    1    9.21    0.00    2.63    0.00    0.00    2.63    0.00    0.00    0.00   85.53

08:51:54 PM  CPU    %usr   %nice    %sys %iowait    %irq   %soft  %steal  %guest  %gnice   %idle
08:51:55 PM    0   26.73    0.00   11.88    0.00    0.00    4.95    0.00    0.00    0.00   56.44
08:51:55 PM    1    8.97    0.00    5.13    0.00    0.00    2.56    0.00    0.00    0.00   83.33

08:51:55 PM  CPU    %usr   %nice    %sys %iowait    %irq   %soft  %steal  %guest  %gnice   %idle
08:51:56 PM    0   27.72    0.00   12.87    0.00    0.00    3.96    0.00    0.00    0.00   55.45
08:51:56 PM    1   10.26    0.00    5.13    0.00    0.00    2.56    0.00    0.00    0.00   82.05

08:51:56 PM  CPU    %usr   %nice    %sys %iowait    %irq   %soft  %steal  %guest  %gnice   %idle
08:51:57 PM    0   28.43    0.00   12.75    0.00    0.00    2.94    0.00    0.00    0.00   55.88
08:51:57 PM    1    6.67    0.00    2.67    0.00    0.00    2.67    0.00    0.00    0.00   88.00

08:51:57 PM  CPU    %usr   %nice    %sys %iowait    %irq   %soft  %steal  %guest  %gnice   %idle
08:51:58 PM    0   26.73    0.00   13.86    0.00    0.00    3.96    0.00    0.00    0.00   55.45
08:51:58 PM    1   11.25    0.00    2.50    0.00    0.00    5.00    0.00    0.00    0.00   81.25

08:51:58 PM  CPU    %usr   %nice    %sys %iowait    %irq   %soft  %steal  %guest  %gnice   %idle
08:51:59 PM    0   26.53    0.00   13.27    0.00    0.00    3.06    0.00    0.00    0.00   57.14
08:51:59 PM    1    9.33    0.00    4.00    0.00    0.00    0.00    0.00    0.00    0.00   86.67

08:51:59 PM  CPU    %usr   %nice    %sys %iowait    %irq   %soft  %steal  %guest  %gnice   %idle
08:52:00 PM    0   31.00    0.00   10.00    0.00    0.00    3.00    0.00    0.00    0.00   56.00
08:52:00 PM    1    9.09    0.00    3.90    0.00    0.00    2.60    0.00    0.00    0.00   84.42

08:52:00 PM  CPU    %usr   %nice    %sys %iowait    %irq   %soft  %steal  %guest  %gnice   %idle
08:52:01 PM    0   29.59    0.00   10.20    0.00    0.00    4.08    0.00    0.00    0.00   56.12
08:52:01 PM    1    9.09    0.00    3.90    0.00    0.00    2.60    0.00    0.00    0.00   84.42

08:52:01 PM  CPU    %usr   %nice    %sys %iowait    %irq   %soft  %steal  %guest  %gnice   %idle
08:52:02 PM    0   26.00    0.00   15.00    0.00    0.00    3.00    0.00    0.00    0.00   56.00
08:52:02 PM    1   10.81    0.00    2.70    0.00    0.00    0.00    0.00    0.00    0.00   86.49

08:52:02 PM  CPU    %usr   %nice    %sys %iowait    %irq   %soft  %steal  %guest  %gnice   %idle
08:52:03 PM    0   26.26    0.00   12.12    0.00    0.00    5.05    0.00    0.00    0.00   56.57
08:52:03 PM    1   10.00    0.00    5.00    0.00    0.00    3.75    0.00    0.00    0.00   81.25

08:52:03 PM  CPU    %usr   %nice    %sys %iowait    %irq   %soft  %steal  %guest  %gnice   %idle
08:52:04 PM    0   26.53    0.00   16.33    0.00    0.00    1.02    0.00    0.00    0.00   56.12
08:52:04 PM    1   11.84    0.00    2.63    0.00    0.00    1.32    0.00    0.00    0.00   84.21

08:52:04 PM  CPU    %usr   %nice    %sys %iowait    %irq   %soft  %steal  %guest  %gnice   %idle
08:52:05 PM    0   27.72    0.00   14.85    0.00    0.00    2.97    0.00    0.00    0.00   54.46
08:52:05 PM    1    5.26    0.00    6.58    0.00    0.00    2.63    0.00    0.00    0.00   85.53

08:52:05 PM  CPU    %usr   %nice    %sys %iowait    %irq   %soft  %steal  %guest  %gnice   %idle
08:52:06 PM    0   27.55    0.00   14.29    0.00    0.00    1.02    0.00    0.00    0.00   57.14
08:52:06 PM    1   10.00    0.00    5.00    0.00    0.00    5.00    0.00    0.00    0.00   80.00

08:52:06 PM  CPU    %usr   %nice    %sys %iowait    %irq   %soft  %steal  %guest  %gnice   %idle
08:52:07 PM    0   25.25    0.00   14.14    0.00    0.00    3.03    0.00    0.00    0.00   57.58
08:52:07 PM    1    9.46    0.00    1.35    0.00    0.00    1.35    0.00    0.00    0.00   87.84

Average:     CPU    %usr   %nice    %sys %iowait    %irq   %soft  %steal  %guest  %gnice   %idle
Average:       0   26.95    0.00   13.22    0.01    0.00    3.34    0.00    0.00    0.00   56.49
Average:       1    8.96    0.00    4.22    0.01    0.00    3.62    0.00    0.00    0.00   83.20
