Linux 5.3.0-59-generic (ericmei) 	06/29/2020 	_x86_64_	(12 CPU)

06:31:24 PM  CPU    %usr   %nice    %sys %iowait    %irq   %soft  %steal  %guest  %gnice   %idle
06:31:25 PM    0   32.63    0.00   10.53    2.11    0.00    2.11    0.00    0.00    0.00   52.63
06:31:25 PM    1   24.73    0.00    8.60    0.00    0.00    4.30    0.00    0.00    0.00   62.37

06:31:25 PM  CPU    %usr   %nice    %sys %iowait    %irq   %soft  %steal  %guest  %gnice   %idle
06:31:26 PM    0   28.12    0.00   13.54    0.00    0.00    4.17    0.00    0.00    0.00   54.17
06:31:26 PM    1   27.17    0.00   13.04    0.00    0.00    2.17    0.00    0.00    0.00   57.61

06:31:26 PM  CPU    %usr   %nice    %sys %iowait    %irq   %soft  %steal  %guest  %gnice   %idle
06:31:27 PM    0   42.11    0.00   14.74    0.00    0.00    3.16    0.00    0.00    0.00   40.00
06:31:27 PM    1   41.94    0.00   13.98    0.00    0.00    1.08    0.00    0.00    0.00   43.01

06:31:27 PM  CPU    %usr   %nice    %sys %iowait    %irq   %soft  %steal  %guest  %gnice   %idle
06:31:28 PM    0   36.08    0.00   14.43    0.00    0.00    5.15    0.00    0.00    0.00   44.33
06:31:28 PM    1   31.52    0.00   11.96    0.00    0.00    4.35    0.00    0.00    0.00   52.17

06:31:28 PM  CPU    %usr   %nice    %sys %iowait    %irq   %soft  %steal  %guest  %gnice   %idle
06:31:29 PM    0   30.61    0.00   17.35    0.00    0.00    3.06    0.00    0.00    0.00   48.98
06:31:29 PM    1   33.33    0.00   11.11    0.00    0.00    0.00    0.00    0.00    0.00   55.56

06:31:29 PM  CPU    %usr   %nice    %sys %iowait    %irq   %soft  %steal  %guest  %gnice   %idle
06:31:30 PM    0   40.00    0.00   12.63    6.32    0.00    3.16    0.00    0.00    0.00   37.89
06:31:30 PM    1   37.23    0.00   12.77    2.13    0.00    2.13    0.00    0.00    0.00   45.74

06:31:30 PM  CPU    %usr   %nice    %sys %iowait    %irq   %soft  %steal  %guest  %gnice   %idle
06:31:31 PM    0   42.42    0.00   14.14    0.00    0.00    3.03    0.00    0.00    0.00   40.40
06:31:31 PM    1   33.33    0.00   13.98    0.00    0.00    3.23    0.00    0.00    0.00   49.46

06:31:31 PM  CPU    %usr   %nice    %sys %iowait    %irq   %soft  %steal  %guest  %gnice   %idle
06:31:32 PM    0   36.73    0.00   13.27    0.00    0.00    3.06    0.00    0.00    0.00   46.94
06:31:32 PM    1   30.11    0.00   11.83    1.08    0.00    3.23    0.00    0.00    0.00   53.76

06:31:32 PM  CPU    %usr   %nice    %sys %iowait    %irq   %soft  %steal  %guest  %gnice   %idle
06:31:33 PM    0   35.11    0.00   10.64    0.00    0.00    5.32    0.00    0.00    0.00   48.94
06:31:33 PM    1   28.57    0.00    9.89    0.00    0.00    3.30    0.00    0.00    0.00   58.24

06:31:33 PM  CPU    %usr   %nice    %sys %iowait    %irq   %soft  %steal  %guest  %gnice   %idle
06:31:34 PM    0   38.54    0.00   15.62    0.00    0.00    2.08    0.00    0.00    0.00   43.75
06:31:34 PM    1   26.37    0.00   12.09    0.00    0.00    2.20    0.00    0.00    0.00   59.34

06:31:34 PM  CPU    %usr   %nice    %sys %iowait    %irq   %soft  %steal  %guest  %gnice   %idle
06:31:35 PM    0   30.93    0.00   12.37    0.00    0.00    3.09    0.00    0.00    0.00   53.61
06:31:35 PM    1   28.72    0.00    6.38    0.00    0.00    2.13    0.00    0.00    0.00   62.77

06:31:35 PM  CPU    %usr   %nice    %sys %iowait    %irq   %soft  %steal  %guest  %gnice   %idle
06:31:36 PM    0   29.47    0.00   10.53    0.00    0.00    5.26    0.00    0.00    0.00   54.74
06:31:36 PM    1   19.15    0.00   11.70    0.00    0.00    5.32    0.00    0.00    0.00   63.83

06:31:36 PM  CPU    %usr   %nice    %sys %iowait    %irq   %soft  %steal  %guest  %gnice   %idle
06:31:37 PM    0   37.36    0.00   10.99    0.00    0.00    3.30    0.00    0.00    0.00   48.35
06:31:37 PM    1   42.39    0.00    6.52    0.00    0.00    2.17    0.00    0.00    0.00   48.91

06:31:37 PM  CPU    %usr   %nice    %sys %iowait    %irq   %soft  %steal  %guest  %gnice   %idle
06:31:38 PM    0   30.93    0.00   13.40    0.00    0.00    4.12    0.00    0.00    0.00   51.55
06:31:38 PM    1   28.72    0.00    9.57    0.00    0.00    2.13    0.00    0.00    0.00   59.57

06:31:38 PM  CPU    %usr   %nice    %sys %iowait    %irq   %soft  %steal  %guest  %gnice   %idle
06:31:39 PM    0   23.16    0.00    9.47    0.00    0.00    4.21    0.00    0.00    0.00   63.16
06:31:39 PM    1   16.30    0.00    7.61    0.00    0.00    4.35    0.00    0.00    0.00   71.74

06:31:39 PM  CPU    %usr   %nice    %sys %iowait    %irq   %soft  %steal  %guest  %gnice   %idle
06:31:40 PM    0   28.12    0.00    5.21    0.00    0.00    6.25    0.00    0.00    0.00   60.42
06:31:40 PM    1   17.20    0.00    6.45    0.00    0.00    7.53    0.00    0.00    0.00   68.82

06:31:40 PM  CPU    %usr   %nice    %sys %iowait    %irq   %soft  %steal  %guest  %gnice   %idle
06:31:41 PM    0   21.65    0.00    9.28    0.00    0.00    7.22    0.00    0.00    0.00   61.86
06:31:41 PM    1   18.48    0.00    8.70    0.00    0.00    3.26    0.00    0.00    0.00   69.57

06:31:41 PM  CPU    %usr   %nice    %sys %iowait    %irq   %soft  %steal  %guest  %gnice   %idle
06:31:42 PM    0   30.85    0.00   12.77    0.00    0.00    4.26    0.00    0.00    0.00   52.13
06:31:42 PM    1   27.78    0.00    8.89    0.00    0.00    4.44    0.00    0.00    0.00   58.89

06:31:42 PM  CPU    %usr   %nice    %sys %iowait    %irq   %soft  %steal  %guest  %gnice   %idle
06:31:43 PM    0   40.00    0.00   10.00    0.00    0.00    5.00    0.00    0.00    0.00   45.00
06:31:43 PM    1   27.66    0.00   12.77    0.00    0.00    3.19    0.00    0.00    0.00   56.38

06:31:43 PM  CPU    %usr   %nice    %sys %iowait    %irq   %soft  %steal  %guest  %gnice   %idle
06:31:44 PM    0   27.55    0.00   10.20    0.00    0.00    5.10    0.00    0.00    0.00   57.14
06:31:44 PM    1   26.37    0.00    7.69    0.00    0.00    3.30    0.00    0.00    0.00   62.64

06:31:44 PM  CPU    %usr   %nice    %sys %iowait    %irq   %soft  %steal  %guest  %gnice   %idle
06:31:45 PM    0   25.00    0.00    8.33    0.00    0.00    5.21    0.00    0.00    0.00   61.46
06:31:45 PM    1   21.65    0.00    8.25    0.00    0.00    4.12    0.00    0.00    0.00   65.98

06:31:45 PM  CPU    %usr   %nice    %sys %iowait    %irq   %soft  %steal  %guest  %gnice   %idle
06:31:46 PM    0   24.21    0.00   10.53    0.00    0.00    6.32    0.00    0.00    0.00   58.95
06:31:46 PM    1   19.39    0.00   10.20    0.00    0.00    7.14    0.00    0.00    0.00   63.27

06:31:46 PM  CPU    %usr   %nice    %sys %iowait    %irq   %soft  %steal  %guest  %gnice   %idle
06:31:47 PM    0   32.63    0.00   11.58    0.00    0.00    4.21    0.00    0.00    0.00   51.58
06:31:47 PM    1   26.37    0.00    9.89    0.00    0.00    2.20    0.00    0.00    0.00   61.54

06:31:47 PM  CPU    %usr   %nice    %sys %iowait    %irq   %soft  %steal  %guest  %gnice   %idle
06:31:48 PM    0   28.26    0.00    7.61    0.00    0.00    7.61    0.00    0.00    0.00   56.52
06:31:48 PM    1   21.98    0.00   13.19    0.00    0.00    2.20    0.00    0.00    0.00   62.64

06:31:48 PM  CPU    %usr   %nice    %sys %iowait    %irq   %soft  %steal  %guest  %gnice   %idle
06:31:49 PM    0   37.11    0.00   10.31    0.00    0.00    2.06    0.00    0.00    0.00   50.52
06:31:49 PM    1   31.58    0.00    9.47    0.00    0.00    1.05    0.00    0.00    0.00   57.89

06:31:49 PM  CPU    %usr   %nice    %sys %iowait    %irq   %soft  %steal  %guest  %gnice   %idle
06:31:50 PM    0   37.89    0.00    9.47    1.05    0.00    3.16    0.00    0.00    0.00   48.42
06:31:50 PM    1   33.70    0.00    8.70    0.00    0.00    3.26    0.00    0.00    0.00   54.35

06:31:50 PM  CPU    %usr   %nice    %sys %iowait    %irq   %soft  %steal  %guest  %gnice   %idle
06:31:51 PM    0   29.79    0.00    9.57    0.00    0.00    3.19    0.00    0.00    0.00   57.45
06:31:51 PM    1   25.56    0.00   12.22    0.00    0.00    1.11    0.00    0.00    0.00   61.11

06:31:51 PM  CPU    %usr   %nice    %sys %iowait    %irq   %soft  %steal  %guest  %gnice   %idle
06:31:52 PM    0   33.67    0.00    9.18    0.00    0.00    4.08    0.00    0.00    0.00   53.06
06:31:52 PM    1   25.56    0.00    8.89    0.00    0.00    3.33    0.00    0.00    0.00   62.22

06:31:52 PM  CPU    %usr   %nice    %sys %iowait    %irq   %soft  %steal  %guest  %gnice   %idle
06:31:53 PM    0   33.33    0.00   14.58    0.00    0.00    3.12    0.00    0.00    0.00   48.96
06:31:53 PM    1   28.72    0.00   10.64    0.00    0.00    4.26    0.00    0.00    0.00   56.38

06:31:53 PM  CPU    %usr   %nice    %sys %iowait    %irq   %soft  %steal  %guest  %gnice   %idle
06:31:54 PM    0   47.96    0.00   15.31    0.00    0.00    4.08    0.00    0.00    0.00   32.65
06:31:54 PM    1   32.97    0.00   10.99    0.00    0.00    1.10    0.00    0.00    0.00   54.95

06:31:54 PM  CPU    %usr   %nice    %sys %iowait    %irq   %soft  %steal  %guest  %gnice   %idle
06:31:55 PM    0   50.00    0.00   12.24    0.00    0.00    4.08    0.00    0.00    0.00   33.67
06:31:55 PM    1   30.93    0.00   11.34    0.00    0.00    5.15    0.00    0.00    0.00   52.58

06:31:55 PM  CPU    %usr   %nice    %sys %iowait    %irq   %soft  %steal  %guest  %gnice   %idle
06:31:56 PM    0   50.52    0.00   10.31    0.00    0.00    3.09    0.00    0.00    0.00   36.08
06:31:56 PM    1   22.73    0.00    9.09    0.00    0.00    2.27    0.00    0.00    0.00   65.91

06:31:56 PM  CPU    %usr   %nice    %sys %iowait    %irq   %soft  %steal  %guest  %gnice   %idle
06:31:57 PM    0   40.59    0.00   10.89    0.00    0.00    5.94    0.00    0.00    0.00   42.57
06:31:57 PM    1   21.28    0.00   14.89    0.00    0.00    3.19    0.00    0.00    0.00   60.64

06:31:57 PM  CPU    %usr   %nice    %sys %iowait    %irq   %soft  %steal  %guest  %gnice   %idle
06:31:58 PM    0   44.21    0.00   11.58    0.00    0.00    4.21    0.00    0.00    0.00   40.00
06:31:58 PM    1   25.27    0.00    7.69    0.00    0.00    3.30    0.00    0.00    0.00   63.74

06:31:58 PM  CPU    %usr   %nice    %sys %iowait    %irq   %soft  %steal  %guest  %gnice   %idle
06:31:59 PM    0   54.17    0.00   12.50    0.00    0.00    4.17    0.00    0.00    0.00   29.17
06:31:59 PM    1   41.05    0.00    9.47    0.00    0.00    2.11    0.00    0.00    0.00   47.37

06:31:59 PM  CPU    %usr   %nice    %sys %iowait    %irq   %soft  %steal  %guest  %gnice   %idle
06:32:00 PM    0   53.06    0.00   12.24    0.00    0.00    2.04    0.00    0.00    0.00   32.65
06:32:00 PM    1   27.66    0.00    8.51    0.00    0.00    5.32    0.00    0.00    0.00   58.51

06:32:00 PM  CPU    %usr   %nice    %sys %iowait    %irq   %soft  %steal  %guest  %gnice   %idle
06:32:01 PM    0   48.94    0.00   10.64    0.00    0.00    4.26    0.00    0.00    0.00   36.17
06:32:01 PM    1   30.43    0.00   11.96    0.00    0.00    2.17    0.00    0.00    0.00   55.43

06:32:01 PM  CPU    %usr   %nice    %sys %iowait    %irq   %soft  %steal  %guest  %gnice   %idle
06:32:02 PM    0   50.52    0.00   12.37    0.00    0.00    6.19    0.00    0.00    0.00   30.93
06:32:02 PM    1   36.26    0.00    9.89    0.00    0.00    1.10    0.00    0.00    0.00   52.75

06:32:02 PM  CPU    %usr   %nice    %sys %iowait    %irq   %soft  %steal  %guest  %gnice   %idle
06:32:03 PM    0   65.31    0.00   16.33    0.00    0.00    4.08    0.00    0.00    0.00   14.29
06:32:03 PM    1   46.24    0.00   15.05    2.15    0.00    2.15    0.00    0.00    0.00   34.41

06:32:03 PM  CPU    %usr   %nice    %sys %iowait    %irq   %soft  %steal  %guest  %gnice   %idle
06:32:04 PM    0   51.04    0.00    9.38    0.00    0.00    3.12    0.00    0.00    0.00   36.46
06:32:04 PM    1   23.91    0.00   10.87    0.00    0.00    4.35    0.00    0.00    0.00   60.87

06:32:04 PM  CPU    %usr   %nice    %sys %iowait    %irq   %soft  %steal  %guest  %gnice   %idle
06:32:05 PM    0   38.78    0.00   13.27    0.00    0.00    5.10    0.00    0.00    0.00   42.86
06:32:05 PM    1   23.40    0.00    5.32    5.32    0.00    6.38    0.00    0.00    0.00   59.57

06:32:05 PM  CPU    %usr   %nice    %sys %iowait    %irq   %soft  %steal  %guest  %gnice   %idle
06:32:06 PM    0   49.47    0.00   12.63    4.21    0.00    4.21    0.00    0.00    0.00   29.47
06:32:06 PM    1   31.91    0.00    9.57    2.13    0.00    2.13    0.00    0.00    0.00   54.26

06:32:06 PM  CPU    %usr   %nice    %sys %iowait    %irq   %soft  %steal  %guest  %gnice   %idle
06:32:07 PM    0   45.92    0.00   12.24    1.02    0.00    2.04    0.00    0.00    0.00   38.78
06:32:07 PM    1   28.57    0.00    8.79    5.49    0.00    2.20    0.00    0.00    0.00   54.95

06:32:07 PM  CPU    %usr   %nice    %sys %iowait    %irq   %soft  %steal  %guest  %gnice   %idle
06:32:08 PM    0   46.00    0.00    9.00    0.00    0.00    6.00    0.00    0.00    0.00   39.00
06:32:08 PM    1   26.32    0.00    6.32    0.00    0.00    7.37    0.00    0.00    0.00   60.00

06:32:08 PM  CPU    %usr   %nice    %sys %iowait    %irq   %soft  %steal  %guest  %gnice   %idle
06:32:09 PM    0   50.51    0.00   19.19    0.00    0.00    3.03    0.00    0.00    0.00   27.27
06:32:09 PM    1   35.48    0.00   12.90    0.00    0.00    2.15    0.00    0.00    0.00   49.46

06:32:09 PM  CPU    %usr   %nice    %sys %iowait    %irq   %soft  %steal  %guest  %gnice   %idle
06:32:10 PM    0   50.51    0.00   10.10    0.00    0.00    5.05    0.00    0.00    0.00   34.34
06:32:10 PM    1   28.42    0.00   10.53    0.00    0.00    2.11    0.00    0.00    0.00   58.95

06:32:10 PM  CPU    %usr   %nice    %sys %iowait    %irq   %soft  %steal  %guest  %gnice   %idle
06:32:11 PM    0   45.74    0.00   12.77    0.00    0.00    2.13    0.00    0.00    0.00   39.36
06:32:11 PM    1   26.09    0.00   13.04    0.00    0.00    3.26    0.00    0.00    0.00   57.61

06:32:11 PM  CPU    %usr   %nice    %sys %iowait    %irq   %soft  %steal  %guest  %gnice   %idle
06:32:12 PM    0   41.84    0.00   12.24    0.00    0.00    3.06    0.00    0.00    0.00   42.86
06:32:12 PM    1   21.05    0.00   11.58    0.00    0.00    3.16    0.00    0.00    0.00   64.21

06:32:12 PM  CPU    %usr   %nice    %sys %iowait    %irq   %soft  %steal  %guest  %gnice   %idle
06:32:13 PM    0   46.39    0.00   14.43    0.00    0.00    3.09    0.00    0.00    0.00   36.08
06:32:13 PM    1   24.73    0.00   10.75    0.00    0.00    3.23    0.00    0.00    0.00   61.29

06:32:13 PM  CPU    %usr   %nice    %sys %iowait    %irq   %soft  %steal  %guest  %gnice   %idle
06:32:14 PM    0   46.94    0.00   10.20    0.00    0.00    5.10    0.00    0.00    0.00   37.76
06:32:14 PM    1   27.96    0.00    7.53    0.00    0.00    3.23    0.00    0.00    0.00   61.29

06:32:14 PM  CPU    %usr   %nice    %sys %iowait    %irq   %soft  %steal  %guest  %gnice   %idle
06:32:15 PM    0   47.92    0.00    9.38    0.00    0.00    3.12    0.00    0.00    0.00   39.58
06:32:15 PM    1   27.96    0.00    6.45    0.00    0.00    3.23    0.00    0.00    0.00   62.37

06:32:15 PM  CPU    %usr   %nice    %sys %iowait    %irq   %soft  %steal  %guest  %gnice   %idle
06:32:16 PM    0   45.92    0.00   10.20    0.00    0.00    5.10    0.00    0.00    0.00   38.78
06:32:16 PM    1   23.08    0.00    8.79    0.00    0.00    3.30    0.00    0.00    0.00   64.84

06:32:16 PM  CPU    %usr   %nice    %sys %iowait    %irq   %soft  %steal  %guest  %gnice   %idle
06:32:17 PM    0   55.21    0.00   10.42    0.00    0.00    4.17    0.00    0.00    0.00   30.21
06:32:17 PM    1   31.18    0.00   10.75    0.00    0.00    3.23    0.00    0.00    0.00   54.84

06:32:17 PM  CPU    %usr   %nice    %sys %iowait    %irq   %soft  %steal  %guest  %gnice   %idle
06:32:18 PM    0   46.32    0.00   10.53    0.00    0.00    4.21    0.00    0.00    0.00   38.95
06:32:18 PM    1   21.05    0.00   12.63    0.00    0.00    5.26    0.00    0.00    0.00   61.05

06:32:18 PM  CPU    %usr   %nice    %sys %iowait    %irq   %soft  %steal  %guest  %gnice   %idle
06:32:19 PM    0   46.46    0.00   12.12    0.00    0.00    4.04    0.00    0.00    0.00   37.37
06:32:19 PM    1   27.37    0.00    8.42    0.00    0.00    4.21    0.00    0.00    0.00   60.00

06:32:19 PM  CPU    %usr   %nice    %sys %iowait    %irq   %soft  %steal  %guest  %gnice   %idle
06:32:20 PM    0   43.00    0.00   11.00    0.00    0.00    7.00    0.00    0.00    0.00   39.00
06:32:20 PM    1   23.33    0.00    8.89    0.00    0.00    3.33    0.00    0.00    0.00   64.44

06:32:20 PM  CPU    %usr   %nice    %sys %iowait    %irq   %soft  %steal  %guest  %gnice   %idle
06:32:21 PM    0   47.92    0.00   12.50    0.00    0.00    2.08    0.00    0.00    0.00   37.50
06:32:21 PM    1   21.74    0.00    6.52    0.00    0.00    4.35    0.00    0.00    0.00   67.39

06:32:21 PM  CPU    %usr   %nice    %sys %iowait    %irq   %soft  %steal  %guest  %gnice   %idle
06:32:22 PM    0   55.79    0.00   11.58    0.00    0.00    3.16    0.00    0.00    0.00   29.47
06:32:22 PM    1   43.62    0.00    9.57    0.00    0.00    2.13    0.00    0.00    0.00   44.68

06:32:22 PM  CPU    %usr   %nice    %sys %iowait    %irq   %soft  %steal  %guest  %gnice   %idle
06:32:23 PM    0   48.98    0.00   10.20    0.00    0.00    3.06    0.00    0.00    0.00   37.76
06:32:23 PM    1   23.16    0.00   11.58    0.00    0.00    5.26    0.00    0.00    0.00   60.00

06:32:23 PM  CPU    %usr   %nice    %sys %iowait    %irq   %soft  %steal  %guest  %gnice   %idle
06:32:24 PM    0   41.67    0.00    9.38    0.00    0.00    4.17    0.00    0.00    0.00   44.79
06:32:24 PM    1   22.34    0.00    6.38    0.00    0.00    3.19    0.00    0.00    0.00   68.09

06:32:24 PM  CPU    %usr   %nice    %sys %iowait    %irq   %soft  %steal  %guest  %gnice   %idle
06:32:25 PM    0   41.58    0.00   13.86    0.00    0.00    3.96    0.00    0.00    0.00   40.59
06:32:25 PM    1   30.21    0.00    6.25    0.00    0.00    3.12    0.00    0.00    0.00   60.42

06:32:25 PM  CPU    %usr   %nice    %sys %iowait    %irq   %soft  %steal  %guest  %gnice   %idle
06:32:26 PM    0   52.00    0.00   10.00    0.00    0.00    5.00    0.00    0.00    0.00   33.00
06:32:26 PM    1   27.47    0.00   10.99    0.00    0.00    1.10    0.00    0.00    0.00   60.44

06:32:26 PM  CPU    %usr   %nice    %sys %iowait    %irq   %soft  %steal  %guest  %gnice   %idle
06:32:27 PM    0   50.53    0.00   10.53    0.00    0.00    2.11    0.00    0.00    0.00   36.84
06:32:27 PM    1   29.17    0.00    9.38    0.00    0.00    3.12    0.00    0.00    0.00   58.33

06:32:27 PM  CPU    %usr   %nice    %sys %iowait    %irq   %soft  %steal  %guest  %gnice   %idle
06:32:28 PM    0   43.16    0.00   10.53    0.00    0.00    5.26    0.00    0.00    0.00   41.05
06:32:28 PM    1   24.73    0.00    9.68    0.00    0.00    4.30    0.00    0.00    0.00   61.29

06:32:28 PM  CPU    %usr   %nice    %sys %iowait    %irq   %soft  %steal  %guest  %gnice   %idle
06:32:29 PM    0   51.55    0.00   11.34    0.00    0.00    4.12    0.00    0.00    0.00   32.99
06:32:29 PM    1   29.79    0.00   10.64    0.00    0.00    5.32    0.00    0.00    0.00   54.26

06:32:29 PM  CPU    %usr   %nice    %sys %iowait    %irq   %soft  %steal  %guest  %gnice   %idle
06:32:30 PM    0   46.08    0.00   12.75    0.00    0.00    4.90    0.00    0.00    0.00   36.27
06:32:30 PM    1   23.96    0.00   11.46    0.00    0.00    7.29    0.00    0.00    0.00   57.29

06:32:30 PM  CPU    %usr   %nice    %sys %iowait    %irq   %soft  %steal  %guest  %gnice   %idle
06:32:31 PM    0   44.00    0.00   14.00    0.00    0.00    4.00    0.00    0.00    0.00   38.00
06:32:31 PM    1   22.34    0.00   11.70    0.00    0.00    4.26    0.00    0.00    0.00   61.70

06:32:31 PM  CPU    %usr   %nice    %sys %iowait    %irq   %soft  %steal  %guest  %gnice   %idle
06:32:32 PM    0   52.58    0.00   13.40    0.00    0.00    3.09    0.00    0.00    0.00   30.93
06:32:32 PM    1   37.89    0.00    7.37    0.00    0.00    4.21    0.00    0.00    0.00   50.53

06:32:32 PM  CPU    %usr   %nice    %sys %iowait    %irq   %soft  %steal  %guest  %gnice   %idle
06:32:33 PM    0   49.00    0.00   11.00    0.00    0.00    5.00    0.00    0.00    0.00   35.00
06:32:33 PM    1   31.91    0.00    9.57    0.00    0.00    2.13    0.00    0.00    0.00   56.38

06:32:33 PM  CPU    %usr   %nice    %sys %iowait    %irq   %soft  %steal  %guest  %gnice   %idle
06:32:34 PM    0   45.92    0.00   10.20    0.00    0.00    5.10    0.00    0.00    0.00   38.78
06:32:34 PM    1   29.79    0.00    4.26    0.00    0.00    4.26    0.00    0.00    0.00   61.70

06:32:34 PM  CPU    %usr   %nice    %sys %iowait    %irq   %soft  %steal  %guest  %gnice   %idle
06:32:35 PM    0   44.33    0.00   12.37    0.00    0.00    4.12    0.00    0.00    0.00   39.18
06:32:35 PM    1   21.11    0.00   12.22    0.00    0.00    3.33    0.00    0.00    0.00   63.33

06:32:35 PM  CPU    %usr   %nice    %sys %iowait    %irq   %soft  %steal  %guest  %gnice   %idle
06:32:36 PM    0   44.90    0.00   12.24    0.00    0.00    4.08    0.00    0.00    0.00   38.78
06:32:36 PM    1   27.37    0.00   10.53    0.00    0.00    4.21    0.00    0.00    0.00   57.89

06:32:36 PM  CPU    %usr   %nice    %sys %iowait    %irq   %soft  %steal  %guest  %gnice   %idle
06:32:37 PM    0   50.52    0.00   11.34    0.00    0.00    4.12    0.00    0.00    0.00   34.02
06:32:37 PM    1   29.03    0.00   12.90    0.00    0.00    2.15    0.00    0.00    0.00   55.91

06:32:37 PM  CPU    %usr   %nice    %sys %iowait    %irq   %soft  %steal  %guest  %gnice   %idle
06:32:38 PM    0   43.30    0.00   14.43    0.00    0.00    3.09    0.00    0.00    0.00   39.18
06:32:38 PM    1   21.74    0.00    9.78    6.52    0.00    5.43    0.00    0.00    0.00   56.52

06:32:38 PM  CPU    %usr   %nice    %sys %iowait    %irq   %soft  %steal  %guest  %gnice   %idle
06:32:39 PM    0   42.00    0.00   15.00    0.00    0.00    5.00    0.00    0.00    0.00   38.00
06:32:39 PM    1   24.24    0.00   11.11    0.00    0.00    5.05    0.00    0.00    0.00   59.60

06:32:39 PM  CPU    %usr   %nice    %sys %iowait    %irq   %soft  %steal  %guest  %gnice   %idle
06:32:40 PM    0   38.24    0.00   11.76    0.00    0.00    7.84    0.00    0.00    0.00   42.16
06:32:40 PM    1   19.79    0.00    9.38    0.00    0.00    5.21    0.00    0.00    0.00   65.62

06:32:40 PM  CPU    %usr   %nice    %sys %iowait    %irq   %soft  %steal  %guest  %gnice   %idle
06:32:41 PM    0   43.88    0.00   14.29    0.00    0.00    3.06    0.00    0.00    0.00   38.78
06:32:41 PM    1   20.43    0.00   10.75    0.00    0.00    6.45    0.00    0.00    0.00   62.37

06:32:41 PM  CPU    %usr   %nice    %sys %iowait    %irq   %soft  %steal  %guest  %gnice   %idle
06:32:42 PM    0   50.52    0.00   18.56    0.00    0.00    3.09    0.00    0.00    0.00   27.84
06:32:42 PM    1   31.91    0.00   10.64    0.00    0.00    4.26    0.00    0.00    0.00   53.19

06:32:42 PM  CPU    %usr   %nice    %sys %iowait    %irq   %soft  %steal  %guest  %gnice   %idle
06:32:43 PM    0   46.81    0.00   14.89    0.00    0.00    2.13    0.00    0.00    0.00   36.17
06:32:43 PM    1   27.78    0.00    8.89    0.00    0.00    2.22    0.00    0.00    0.00   61.11

06:32:43 PM  CPU    %usr   %nice    %sys %iowait    %irq   %soft  %steal  %guest  %gnice   %idle
06:32:44 PM    0   43.16    0.00   10.53    0.00    0.00    4.21    0.00    0.00    0.00   42.11
06:32:44 PM    1   22.34    0.00   10.64    0.00    0.00    2.13    0.00    0.00    0.00   64.89

06:32:44 PM  CPU    %usr   %nice    %sys %iowait    %irq   %soft  %steal  %guest  %gnice   %idle
06:32:45 PM    0   45.45    0.00   11.11    0.00    0.00    6.06    0.00    0.00    0.00   37.37
06:32:45 PM    1   25.53    0.00    8.51    0.00    0.00    4.26    0.00    0.00    0.00   61.70

06:32:45 PM  CPU    %usr   %nice    %sys %iowait    %irq   %soft  %steal  %guest  %gnice   %idle
06:32:46 PM    0   50.51    0.00   10.10    0.00    0.00    3.03    0.00    0.00    0.00   36.36
06:32:46 PM    1   30.53    0.00    8.42    0.00    0.00    3.16    0.00    0.00    0.00   57.89

06:32:46 PM  CPU    %usr   %nice    %sys %iowait    %irq   %soft  %steal  %guest  %gnice   %idle
06:32:47 PM    0   53.00    0.00   13.00    0.00    0.00    4.00    0.00    0.00    0.00   30.00
06:32:47 PM    1   30.34    0.00   11.24    0.00    0.00    1.12    0.00    0.00    0.00   57.30

06:32:47 PM  CPU    %usr   %nice    %sys %iowait    %irq   %soft  %steal  %guest  %gnice   %idle
06:32:48 PM    0   43.16    0.00   13.68    0.00    0.00    4.21    0.00    0.00    0.00   38.95
06:32:48 PM    1   27.08    0.00   10.42    0.00    0.00    4.17    0.00    0.00    0.00   58.33

06:32:48 PM  CPU    %usr   %nice    %sys %iowait    %irq   %soft  %steal  %guest  %gnice   %idle
06:32:49 PM    0   46.39    0.00   13.40    0.00    0.00    4.12    0.00    0.00    0.00   36.08
06:32:49 PM    1   26.60    0.00    6.38    0.00    0.00    4.26    0.00    0.00    0.00   62.77

06:32:49 PM  CPU    %usr   %nice    %sys %iowait    %irq   %soft  %steal  %guest  %gnice   %idle
06:32:50 PM    0   43.43    0.00   11.11    0.00    0.00    7.07    0.00    0.00    0.00   38.38
06:32:50 PM    1   24.47    0.00    8.51    0.00    0.00    4.26    0.00    0.00    0.00   62.77

06:32:50 PM  CPU    %usr   %nice    %sys %iowait    %irq   %soft  %steal  %guest  %gnice   %idle
06:32:51 PM    0   45.36    0.00   11.34    0.00    0.00    5.15    0.00    0.00    0.00   38.14
06:32:51 PM    1   24.47    0.00   13.83    0.00    0.00    2.13    0.00    0.00    0.00   59.57

06:32:51 PM  CPU    %usr   %nice    %sys %iowait    %irq   %soft  %steal  %guest  %gnice   %idle
06:32:52 PM    0   54.55    0.00   18.18    0.00    0.00    3.03    0.00    0.00    0.00   24.24
06:32:52 PM    1   42.55    0.00   11.70    0.00    0.00    2.13    0.00    0.00    0.00   43.62

06:32:52 PM  CPU    %usr   %nice    %sys %iowait    %irq   %soft  %steal  %guest  %gnice   %idle
06:32:53 PM    0   44.90    0.00   10.20    0.00    0.00    5.10    0.00    0.00    0.00   39.80
06:32:53 PM    1   28.26    0.00    7.61    0.00    0.00    4.35    0.00    0.00    0.00   59.78

06:32:53 PM  CPU    %usr   %nice    %sys %iowait    %irq   %soft  %steal  %guest  %gnice   %idle
06:32:54 PM    0   40.86    0.00   12.90    0.00    0.00    3.23    0.00    0.00    0.00   43.01
06:32:54 PM    1   27.47    0.00    6.59    0.00    0.00    3.30    0.00    0.00    0.00   62.64

06:32:54 PM  CPU    %usr   %nice    %sys %iowait    %irq   %soft  %steal  %guest  %gnice   %idle
06:32:55 PM    0   42.55    0.00   11.70    0.00    0.00    6.38    0.00    0.00    0.00   39.36
06:32:55 PM    1   30.11    0.00   11.83    0.00    0.00    3.23    0.00    0.00    0.00   54.84

06:32:55 PM  CPU    %usr   %nice    %sys %iowait    %irq   %soft  %steal  %guest  %gnice   %idle
06:32:56 PM    0   45.36    0.00    9.28    0.00    0.00    5.15    0.00    0.00    0.00   40.21
06:32:56 PM    1   19.78    0.00    8.79    0.00    0.00    2.20    0.00    0.00    0.00   69.23

06:32:56 PM  CPU    %usr   %nice    %sys %iowait    %irq   %soft  %steal  %guest  %gnice   %idle
06:32:57 PM    0   46.32    0.00   12.63    0.00    0.00    3.16    0.00    0.00    0.00   37.89
06:32:57 PM    1   22.68    0.00   13.40    0.00    0.00    5.15    0.00    0.00    0.00   58.76

06:32:57 PM  CPU    %usr   %nice    %sys %iowait    %irq   %soft  %steal  %guest  %gnice   %idle
06:32:58 PM    0   42.42    0.00   14.14    0.00    0.00    6.06    0.00    0.00    0.00   37.37
06:32:58 PM    1   25.27    0.00   12.09    0.00    0.00    1.10    0.00    0.00    0.00   61.54

06:32:58 PM  CPU    %usr   %nice    %sys %iowait    %irq   %soft  %steal  %guest  %gnice   %idle
06:32:59 PM    0   57.14    0.00   14.29    0.00    0.00    2.04    0.00    0.00    0.00   26.53
06:32:59 PM    1   37.89    0.00    8.42    0.00    0.00    3.16    0.00    0.00    0.00   50.53

06:32:59 PM  CPU    %usr   %nice    %sys %iowait    %irq   %soft  %steal  %guest  %gnice   %idle
06:33:00 PM    0   54.84    0.00   16.13    0.00    0.00    4.30    0.00    0.00    0.00   24.73
06:33:00 PM    1   40.43    0.00   10.64    0.00    0.00    3.19    0.00    0.00    0.00   45.74

06:33:00 PM  CPU    %usr   %nice    %sys %iowait    %irq   %soft  %steal  %guest  %gnice   %idle
06:33:01 PM    0   52.08    0.00   16.67    0.00    0.00    3.12    0.00    0.00    0.00   28.12
06:33:01 PM    1   34.07    0.00   14.29    0.00    0.00    2.20    0.00    0.00    0.00   49.45

06:33:01 PM  CPU    %usr   %nice    %sys %iowait    %irq   %soft  %steal  %guest  %gnice   %idle
06:33:02 PM    0   54.17    0.00   14.58    0.00    0.00    4.17    0.00    0.00    0.00   27.08
06:33:02 PM    1   32.61    0.00   13.04    8.70    0.00    2.17    0.00    0.00    0.00   43.48

06:33:02 PM  CPU    %usr   %nice    %sys %iowait    %irq   %soft  %steal  %guest  %gnice   %idle
06:33:03 PM    0   57.29    0.00   12.50    0.00    0.00    3.12    0.00    0.00    0.00   27.08
06:33:03 PM    1   35.79    0.00   12.63    0.00    0.00    1.05    0.00    0.00    0.00   50.53

06:33:03 PM  CPU    %usr   %nice    %sys %iowait    %irq   %soft  %steal  %guest  %gnice   %idle
06:33:04 PM    0   53.12    0.00   13.54    0.00    0.00    2.08    0.00    0.00    0.00   31.25
06:33:04 PM    1   28.89    0.00   10.00    0.00    0.00    3.33    0.00    0.00    0.00   57.78

06:33:04 PM  CPU    %usr   %nice    %sys %iowait    %irq   %soft  %steal  %guest  %gnice   %idle
06:33:05 PM    0   50.52    0.00   12.37    0.00    0.00    4.12    0.00    0.00    0.00   32.99
06:33:05 PM    1   25.56    0.00   13.33    0.00    0.00    3.33    0.00    0.00    0.00   57.78

06:33:05 PM  CPU    %usr   %nice    %sys %iowait    %irq   %soft  %steal  %guest  %gnice   %idle
06:33:06 PM    0   55.56    0.00   12.12    0.00    0.00    3.03    0.00    0.00    0.00   29.29
06:33:06 PM    1   29.29    0.00   10.10    0.00    0.00    5.05    0.00    0.00    0.00   55.56

06:33:06 PM  CPU    %usr   %nice    %sys %iowait    %irq   %soft  %steal  %guest  %gnice   %idle
06:33:07 PM    0   47.96    0.00   14.29    0.00    0.00    4.08    0.00    0.00    0.00   33.67
06:33:07 PM    1   33.68    0.00   10.53    0.00    0.00    1.05    0.00    0.00    0.00   54.74

06:33:07 PM  CPU    %usr   %nice    %sys %iowait    %irq   %soft  %steal  %guest  %gnice   %idle
06:33:08 PM    0   47.37    0.00   14.74    0.00    0.00    3.16    0.00    0.00    0.00   34.74
06:33:08 PM    1   27.37    0.00   12.63    0.00    0.00    5.26    0.00    0.00    0.00   54.74

06:33:08 PM  CPU    %usr   %nice    %sys %iowait    %irq   %soft  %steal  %guest  %gnice   %idle
06:33:09 PM    0   49.46    0.00   12.90    0.00    0.00    2.15    0.00    0.00    0.00   35.48
06:33:09 PM    1   26.97    0.00    6.74    0.00    0.00    3.37    0.00    0.00    0.00   62.92

06:33:09 PM  CPU    %usr   %nice    %sys %iowait    %irq   %soft  %steal  %guest  %gnice   %idle
06:33:10 PM    0   42.27    0.00   14.43    0.00    0.00    4.12    0.00    0.00    0.00   39.18
06:33:10 PM    1   29.03    0.00   10.75    0.00    0.00    3.23    0.00    0.00    0.00   56.99

06:33:10 PM  CPU    %usr   %nice    %sys %iowait    %irq   %soft  %steal  %guest  %gnice   %idle
06:33:11 PM    0   43.01    0.00    8.60    0.00    0.00    4.30    0.00    0.00    0.00   44.09
06:33:11 PM    1   20.21    0.00   10.64    0.00    0.00    4.26    0.00    0.00    0.00   64.89

06:33:11 PM  CPU    %usr   %nice    %sys %iowait    %irq   %soft  %steal  %guest  %gnice   %idle
06:33:12 PM    0   38.78    0.00   12.24    0.00    0.00    5.10    0.00    0.00    0.00   43.88
06:33:12 PM    1   19.35    0.00    7.53    0.00    0.00    3.23    0.00    0.00    0.00   69.89

06:33:12 PM  CPU    %usr   %nice    %sys %iowait    %irq   %soft  %steal  %guest  %gnice   %idle
06:33:13 PM    0   38.78    0.00   12.24    1.02    0.00    3.06    0.00    0.00    0.00   44.90
06:33:13 PM    1   21.51    0.00    7.53    0.00    0.00    3.23    0.00    0.00    0.00   67.74

06:33:13 PM  CPU    %usr   %nice    %sys %iowait    %irq   %soft  %steal  %guest  %gnice   %idle
06:33:14 PM    0   40.40    0.00    9.09    0.00    0.00    7.07    0.00    0.00    0.00   43.43
06:33:14 PM    1   20.43    0.00    9.68    0.00    0.00    4.30    0.00    0.00    0.00   65.59

06:33:14 PM  CPU    %usr   %nice    %sys %iowait    %irq   %soft  %steal  %guest  %gnice   %idle
06:33:15 PM    0   47.83    0.00    7.61    0.00    0.00    3.26    0.00    0.00    0.00   41.30
06:33:15 PM    1   27.84    0.00    9.28    0.00    0.00    4.12    0.00    0.00    0.00   58.76

06:33:15 PM  CPU    %usr   %nice    %sys %iowait    %irq   %soft  %steal  %guest  %gnice   %idle
06:33:16 PM    0   44.21    0.00   12.63    0.00    0.00    2.11    0.00    0.00    0.00   41.05
06:33:16 PM    1   28.72    0.00    7.45    0.00    0.00    3.19    0.00    0.00    0.00   60.64

06:33:16 PM  CPU    %usr   %nice    %sys %iowait    %irq   %soft  %steal  %guest  %gnice   %idle
06:33:17 PM    0   51.52    0.00   14.14    0.00    0.00    4.04    0.00    0.00    0.00   30.30
06:33:17 PM    1   37.00    0.00    9.00    0.00    0.00    4.00    0.00    0.00    0.00   50.00

06:33:17 PM  CPU    %usr   %nice    %sys %iowait    %irq   %soft  %steal  %guest  %gnice   %idle
06:33:18 PM    0   42.55    0.00   19.15    0.00    0.00    3.19    0.00    0.00    0.00   35.11
06:33:18 PM    1   27.37    0.00   18.95    0.00    0.00    1.05    0.00    0.00    0.00   52.63

06:33:18 PM  CPU    %usr   %nice    %sys %iowait    %irq   %soft  %steal  %guest  %gnice   %idle
06:33:19 PM    0   49.48    0.00   11.34    0.00    0.00    3.09    0.00    0.00    0.00   36.08
06:33:19 PM    1   33.33    0.00   10.42    0.00    0.00    2.08    0.00    0.00    0.00   54.17

06:33:19 PM  CPU    %usr   %nice    %sys %iowait    %irq   %soft  %steal  %guest  %gnice   %idle
06:33:20 PM    0   50.00    0.00   12.24    0.00    0.00    3.06    0.00    0.00    0.00   34.69
06:33:20 PM    1   24.74    0.00   13.40    0.00    0.00    4.12    0.00    0.00    0.00   57.73

06:33:20 PM  CPU    %usr   %nice    %sys %iowait    %irq   %soft  %steal  %guest  %gnice   %idle
06:33:21 PM    0   39.60    0.00   13.86    0.00    0.00    8.91    0.00    0.00    0.00   37.62
06:33:21 PM    1   29.47    0.00    8.42    0.00    0.00    1.05    0.00    0.00    0.00   61.05

06:33:21 PM  CPU    %usr   %nice    %sys %iowait    %irq   %soft  %steal  %guest  %gnice   %idle
06:33:22 PM    0   44.79    0.00   10.42    0.00    0.00    4.17    0.00    0.00    0.00   40.62
06:33:22 PM    1   29.03    0.00    6.45    0.00    0.00    3.23    0.00    0.00    0.00   61.29

06:33:22 PM  CPU    %usr   %nice    %sys %iowait    %irq   %soft  %steal  %guest  %gnice   %idle
06:33:23 PM    0   45.83    0.00   11.46    0.00    0.00    1.04    0.00    0.00    0.00   41.67
06:33:23 PM    1   29.90    0.00    8.25    0.00    0.00    2.06    0.00    0.00    0.00   59.79

06:33:23 PM  CPU    %usr   %nice    %sys %iowait    %irq   %soft  %steal  %guest  %gnice   %idle
06:33:24 PM    0   54.08    0.00   15.31    0.00    0.00    3.06    0.00    0.00    0.00   27.55
06:33:24 PM    1   35.11    0.00    9.57    0.00    0.00    2.13    0.00    0.00    0.00   53.19

Average:     CPU    %usr   %nice    %sys %iowait    %irq   %soft  %steal  %guest  %gnice   %idle
Average:       0   43.89    0.00   12.21    0.13    0.00    4.09    0.00    0.00    0.00   39.69
Average:       1   28.03    0.00   10.09    0.28    0.00    3.35    0.00    0.00    0.00   58.26
