Linux 5.3.0-59-generic (ericmei) 	06/29/2020 	_x86_64_	(12 CPU)

06:28:47 PM  CPU    %usr   %nice    %sys %iowait    %irq   %soft  %steal  %guest  %gnice   %idle
06:28:48 PM    0   23.47    0.00   10.20    0.00    0.00    7.14    0.00    0.00    0.00   59.18
06:28:48 PM    1   22.83    0.00    9.78    0.00    0.00    3.26    0.00    0.00    0.00   64.13

06:28:48 PM  CPU    %usr   %nice    %sys %iowait    %irq   %soft  %steal  %guest  %gnice   %idle
06:28:49 PM    0   27.08    0.00   11.46    0.00    0.00    5.21    0.00    0.00    0.00   56.25
06:28:49 PM    1   21.98    0.00    9.89    0.00    0.00    3.30    0.00    0.00    0.00   64.84

06:28:49 PM  CPU    %usr   %nice    %sys %iowait    %irq   %soft  %steal  %guest  %gnice   %idle
06:28:50 PM    0   23.00    0.00   13.00    0.00    0.00    6.00    0.00    0.00    0.00   58.00
06:28:50 PM    1   25.84    0.00    8.99    0.00    0.00    0.00    0.00    0.00    0.00   65.17

06:28:50 PM  CPU    %usr   %nice    %sys %iowait    %irq   %soft  %steal  %guest  %gnice   %idle
06:28:51 PM    0   25.53    0.00    8.51    0.00    0.00    5.32    0.00    0.00    0.00   60.64
06:28:51 PM    1   22.34    0.00   10.64    0.00    0.00    5.32    0.00    0.00    0.00   61.70

06:28:51 PM  CPU    %usr   %nice    %sys %iowait    %irq   %soft  %steal  %guest  %gnice   %idle
06:28:52 PM    0   30.93    0.00   14.43    0.00    0.00    2.06    0.00    0.00    0.00   52.58
06:28:52 PM    1   23.08    0.00    8.79    0.00    0.00    4.40    0.00    0.00    0.00   63.74

06:28:52 PM  CPU    %usr   %nice    %sys %iowait    %irq   %soft  %steal  %guest  %gnice   %idle
06:28:53 PM    0   27.55    0.00   13.27    0.00    0.00    5.10    0.00    0.00    0.00   54.08
06:28:53 PM    1   21.05    0.00   14.74    0.00    0.00    3.16    0.00    0.00    0.00   61.05

06:28:53 PM  CPU    %usr   %nice    %sys %iowait    %irq   %soft  %steal  %guest  %gnice   %idle
06:28:54 PM    0   24.21    0.00   13.68    0.00    0.00    4.21    0.00    0.00    0.00   57.89
06:28:54 PM    1   22.22    0.00   12.22    0.00    0.00    1.11    0.00    0.00    0.00   64.44

06:28:54 PM  CPU    %usr   %nice    %sys %iowait    %irq   %soft  %steal  %guest  %gnice   %idle
06:28:55 PM    0   26.88    0.00   11.83    0.00    0.00    5.38    0.00    0.00    0.00   55.91
06:28:55 PM    1   25.26    0.00    8.42    0.00    0.00    5.26    0.00    0.00    0.00   61.05

06:28:55 PM  CPU    %usr   %nice    %sys %iowait    %irq   %soft  %steal  %guest  %gnice   %idle
06:28:56 PM    0   33.33    0.00   11.11    0.00    0.00    4.04    0.00    0.00    0.00   51.52
06:28:56 PM    1   27.78    0.00   10.00    0.00    0.00    2.22    0.00    0.00    0.00   60.00

06:28:56 PM  CPU    %usr   %nice    %sys %iowait    %irq   %soft  %steal  %guest  %gnice   %idle
06:28:57 PM    0   27.96    0.00   11.83    0.00    0.00    5.38    0.00    0.00    0.00   54.84
06:28:57 PM    1   26.88    0.00    8.60    0.00    0.00    2.15    0.00    0.00    0.00   62.37

06:28:57 PM  CPU    %usr   %nice    %sys %iowait    %irq   %soft  %steal  %guest  %gnice   %idle
06:28:58 PM    0   29.90    0.00   13.40    0.00    0.00    3.09    0.00    0.00    0.00   53.61
06:28:58 PM    1   25.00    0.00    7.61    0.00    0.00    4.35    0.00    0.00    0.00   63.04

06:28:58 PM  CPU    %usr   %nice    %sys %iowait    %irq   %soft  %steal  %guest  %gnice   %idle
06:28:59 PM    0   25.77    0.00   14.43    0.00    0.00    4.12    0.00    0.00    0.00   55.67
06:28:59 PM    1   25.26    0.00    9.47    0.00    0.00    4.21    0.00    0.00    0.00   61.05

06:28:59 PM  CPU    %usr   %nice    %sys %iowait    %irq   %soft  %steal  %guest  %gnice   %idle
06:29:00 PM    0   28.12    0.00   10.42    0.00    0.00    6.25    0.00    0.00    0.00   55.21
06:29:00 PM    1   27.78    0.00    8.89    0.00    0.00    1.11    0.00    0.00    0.00   62.22

06:29:00 PM  CPU    %usr   %nice    %sys %iowait    %irq   %soft  %steal  %guest  %gnice   %idle
06:29:01 PM    0   27.08    0.00   12.50    0.00    0.00    4.17    0.00    0.00    0.00   56.25
06:29:01 PM    1   22.92    0.00   10.42    0.00    0.00    5.21    0.00    0.00    0.00   61.46

06:29:01 PM  CPU    %usr   %nice    %sys %iowait    %irq   %soft  %steal  %guest  %gnice   %idle
06:29:02 PM    0   28.57    0.00   10.20    0.00    0.00    7.14    0.00    0.00    0.00   54.08
06:29:02 PM    1   25.81    0.00    9.68    0.00    0.00    2.15    0.00    0.00    0.00   62.37

06:29:02 PM  CPU    %usr   %nice    %sys %iowait    %irq   %soft  %steal  %guest  %gnice   %idle
06:29:03 PM    0   28.42    0.00    8.42    0.00    0.00    5.26    0.00    0.00    0.00   57.89
06:29:03 PM    1   23.91    0.00    9.78    0.00    0.00    3.26    0.00    0.00    0.00   63.04

06:29:03 PM  CPU    %usr   %nice    %sys %iowait    %irq   %soft  %steal  %guest  %gnice   %idle
06:29:04 PM    0   32.26    0.00    5.38    0.00    0.00    4.30    0.00    0.00    0.00   58.06
06:29:04 PM    1   22.34    0.00   10.64    0.00    0.00    5.32    0.00    0.00    0.00   61.70

06:29:04 PM  CPU    %usr   %nice    %sys %iowait    %irq   %soft  %steal  %guest  %gnice   %idle
06:29:05 PM    0   23.66    0.00   13.98    0.00    0.00    3.23    0.00    0.00    0.00   59.14
06:29:05 PM    1   25.00    0.00    7.61    0.00    0.00    4.35    0.00    0.00    0.00   63.04

06:29:05 PM  CPU    %usr   %nice    %sys %iowait    %irq   %soft  %steal  %guest  %gnice   %idle
06:29:06 PM    0   23.71    0.00   12.37    0.00    0.00    6.19    0.00    0.00    0.00   57.73
06:29:06 PM    1   21.74    0.00    7.61    0.00    0.00    4.35    0.00    0.00    0.00   66.30

06:29:06 PM  CPU    %usr   %nice    %sys %iowait    %irq   %soft  %steal  %guest  %gnice   %idle
06:29:07 PM    0   26.26    0.00   12.12    0.00    0.00    5.05    0.00    0.00    0.00   56.57
06:29:07 PM    1   18.75    0.00   11.46    0.00    0.00    5.21    0.00    0.00    0.00   64.58

06:29:07 PM  CPU    %usr   %nice    %sys %iowait    %irq   %soft  %steal  %guest  %gnice   %idle
06:29:08 PM    0   28.12    0.00    8.33    0.00    0.00    7.29    0.00    0.00    0.00   56.25
06:29:08 PM    1   23.71    0.00    8.25    0.00    0.00    5.15    0.00    0.00    0.00   62.89

06:29:08 PM  CPU    %usr   %nice    %sys %iowait    %irq   %soft  %steal  %guest  %gnice   %idle
06:29:09 PM    0   24.47    0.00   10.64    0.00    0.00    6.38    0.00    0.00    0.00   58.51
06:29:09 PM    1   25.53    0.00    8.51    0.00    0.00    5.32    0.00    0.00    0.00   60.64

06:29:09 PM  CPU    %usr   %nice    %sys %iowait    %irq   %soft  %steal  %guest  %gnice   %idle
06:29:10 PM    0   24.74    0.00   10.31    0.00    0.00    6.19    0.00    0.00    0.00   58.76
06:29:10 PM    1   19.35    0.00    8.60    0.00    0.00    4.30    0.00    0.00    0.00   67.74

06:29:10 PM  CPU    %usr   %nice    %sys %iowait    %irq   %soft  %steal  %guest  %gnice   %idle
06:29:11 PM    0   24.75    0.00   11.88    0.00    0.00    5.94    0.00    0.00    0.00   57.43
06:29:11 PM    1   22.58    0.00    6.45    0.00    0.00    4.30    0.00    0.00    0.00   66.67

06:29:11 PM  CPU    %usr   %nice    %sys %iowait    %irq   %soft  %steal  %guest  %gnice   %idle
06:29:12 PM    0   20.65    0.00    8.70    0.00    0.00    7.61    0.00    0.00    0.00   63.04
06:29:12 PM    1   23.23    0.00    7.07    0.00    0.00    7.07    0.00    0.00    0.00   62.63

06:29:12 PM  CPU    %usr   %nice    %sys %iowait    %irq   %soft  %steal  %guest  %gnice   %idle
06:29:13 PM    0   24.24    0.00   10.10    0.00    0.00    8.08    0.00    0.00    0.00   57.58
06:29:13 PM    1   23.16    0.00    8.42    0.00    0.00    4.21    0.00    0.00    0.00   64.21

06:29:13 PM  CPU    %usr   %nice    %sys %iowait    %irq   %soft  %steal  %guest  %gnice   %idle
06:29:14 PM    0   25.81    0.00   10.75    0.00    0.00    5.38    0.00    0.00    0.00   58.06
06:29:14 PM    1   20.65    0.00    7.61    0.00    0.00    3.26    0.00    0.00    0.00   68.48

06:29:14 PM  CPU    %usr   %nice    %sys %iowait    %irq   %soft  %steal  %guest  %gnice   %idle
06:29:15 PM    0   29.59    0.00   10.20    0.00    0.00    4.08    0.00    0.00    0.00   56.12
06:29:15 PM    1   21.28    0.00   10.64    0.00    0.00    4.26    0.00    0.00    0.00   63.83

06:29:15 PM  CPU    %usr   %nice    %sys %iowait    %irq   %soft  %steal  %guest  %gnice   %idle
06:29:16 PM    0   26.26    0.00   11.11    0.00    0.00    4.04    0.00    0.00    0.00   58.59
06:29:16 PM    1   16.67    0.00    8.89    0.00    0.00    3.33    0.00    0.00    0.00   71.11

06:29:16 PM  CPU    %usr   %nice    %sys %iowait    %irq   %soft  %steal  %guest  %gnice   %idle
06:29:17 PM    0   26.80    0.00   11.34    0.00    0.00    5.15    0.00    0.00    0.00   56.70
06:29:17 PM    1   24.47    0.00    7.45    0.00    0.00    5.32    0.00    0.00    0.00   62.77

06:29:17 PM  CPU    %usr   %nice    %sys %iowait    %irq   %soft  %steal  %guest  %gnice   %idle
06:29:18 PM    0   25.26    0.00   12.63    0.00    0.00    4.21    0.00    0.00    0.00   57.89
06:29:18 PM    1   23.91    0.00    5.43    0.00    0.00    5.43    0.00    0.00    0.00   65.22

06:29:18 PM  CPU    %usr   %nice    %sys %iowait    %irq   %soft  %steal  %guest  %gnice   %idle
06:29:19 PM    0   26.80    0.00   11.34    0.00    0.00    3.09    0.00    0.00    0.00   58.76
06:29:19 PM    1   20.65    0.00    8.70    0.00    0.00    2.17    0.00    0.00    0.00   68.48

06:29:19 PM  CPU    %usr   %nice    %sys %iowait    %irq   %soft  %steal  %guest  %gnice   %idle
06:29:20 PM    0   28.42    0.00    9.47    0.00    0.00    6.32    0.00    0.00    0.00   55.79
06:29:20 PM    1   21.51    0.00    9.68    0.00    0.00    4.30    0.00    0.00    0.00   64.52

06:29:20 PM  CPU    %usr   %nice    %sys %iowait    %irq   %soft  %steal  %guest  %gnice   %idle
06:29:21 PM    0   26.80    0.00    9.28    0.00    0.00    6.19    0.00    0.00    0.00   57.73
06:29:21 PM    1   23.91    0.00    8.70    0.00    0.00    1.09    0.00    0.00    0.00   66.30

06:29:21 PM  CPU    %usr   %nice    %sys %iowait    %irq   %soft  %steal  %guest  %gnice   %idle
06:29:22 PM    0   39.36    0.00   11.70    0.00    0.00    4.26    0.00    0.00    0.00   44.68
06:29:22 PM    1   30.34    0.00   15.73    0.00    0.00    2.25    0.00    0.00    0.00   51.69

06:29:22 PM  CPU    %usr   %nice    %sys %iowait    %irq   %soft  %steal  %guest  %gnice   %idle
06:29:23 PM    0   30.69    0.00   11.88    1.98    0.00    6.93    0.00    0.00    0.00   48.51
06:29:23 PM    1   28.26    0.00   10.87    0.00    0.00    2.17    0.00    0.00    0.00   58.70

06:29:23 PM  CPU    %usr   %nice    %sys %iowait    %irq   %soft  %steal  %guest  %gnice   %idle
06:29:24 PM    0   20.41    1.02   10.20    0.00    0.00    3.06    0.00    0.00    0.00   65.31
06:29:24 PM    1   14.44    1.11    6.67    3.33    0.00    2.22    0.00    0.00    0.00   72.22

06:29:24 PM  CPU    %usr   %nice    %sys %iowait    %irq   %soft  %steal  %guest  %gnice   %idle
06:29:25 PM    0   18.81    0.00    7.92    0.00    0.00    8.91    0.00    0.00    0.00   64.36
06:29:25 PM    1   14.13    0.00    5.43    0.00    0.00    5.43    0.00    0.00    0.00   75.00

06:29:25 PM  CPU    %usr   %nice    %sys %iowait    %irq   %soft  %steal  %guest  %gnice   %idle
06:29:26 PM    0   15.15    0.00    6.06    0.00    0.00    9.09    0.00    0.00    0.00   69.70
06:29:26 PM    1    8.70    0.00    4.35    0.00    0.00    3.26    0.00    0.00    0.00   83.70

06:29:26 PM  CPU    %usr   %nice    %sys %iowait    %irq   %soft  %steal  %guest  %gnice   %idle
06:29:27 PM    0   15.53    0.00    5.83    0.00    0.00    9.71    0.00    0.00    0.00   68.93
06:29:27 PM    1   10.42    0.00    5.21    0.00    0.00    6.25    0.00    0.00    0.00   78.12

06:29:27 PM  CPU    %usr   %nice    %sys %iowait    %irq   %soft  %steal  %guest  %gnice   %idle
06:29:28 PM    0   18.37    0.00    8.16    0.00    0.00    8.16    0.00    0.00    0.00   65.31
06:29:28 PM    1   11.96    0.00    2.17    0.00    0.00    6.52    0.00    0.00    0.00   79.35

06:29:28 PM  CPU    %usr   %nice    %sys %iowait    %irq   %soft  %steal  %guest  %gnice   %idle
06:29:29 PM    0   12.37    0.00    8.25    0.00    0.00    5.15    0.00    0.00    0.00   74.23
06:29:29 PM    1    7.22    0.00    4.12    0.00    0.00    9.28    0.00    0.00    0.00   79.38

06:29:29 PM  CPU    %usr   %nice    %sys %iowait    %irq   %soft  %steal  %guest  %gnice   %idle
06:29:30 PM    0   22.11    1.05    6.32    0.00    0.00    5.26    0.00    0.00    0.00   65.26
06:29:30 PM    1   12.09    0.00    4.40    0.00    0.00    5.49    0.00    0.00    0.00   78.02

06:29:30 PM  CPU    %usr   %nice    %sys %iowait    %irq   %soft  %steal  %guest  %gnice   %idle
06:29:31 PM    0   24.47    0.00   10.64    0.00    0.00    2.13    0.00    0.00    0.00   62.77
06:29:31 PM    1   10.53    0.00    4.21    0.00    0.00    6.32    0.00    0.00    0.00   78.95

06:29:31 PM  CPU    %usr   %nice    %sys %iowait    %irq   %soft  %steal  %guest  %gnice   %idle
06:29:32 PM    0   21.57    0.00    5.88    0.00    0.00    8.82    0.00    0.00    0.00   63.73
06:29:32 PM    1   16.67    0.00    7.78    0.00    0.00    2.22    0.00    0.00    0.00   73.33

06:29:32 PM  CPU    %usr   %nice    %sys %iowait    %irq   %soft  %steal  %guest  %gnice   %idle
06:29:33 PM    0   15.00    0.00    8.00    0.00    0.00    9.00    0.00    0.00    0.00   68.00
06:29:33 PM    1   16.84    0.00    5.26    3.16    0.00    4.21    0.00    0.00    0.00   70.53

06:29:33 PM  CPU    %usr   %nice    %sys %iowait    %irq   %soft  %steal  %guest  %gnice   %idle
06:29:34 PM    0   29.70    0.00    4.95    0.00    0.00    7.92    0.00    0.00    0.00   57.43
06:29:34 PM    1   13.64    0.00    2.27    0.00    0.00    2.27    0.00    0.00    0.00   81.82

06:29:34 PM  CPU    %usr   %nice    %sys %iowait    %irq   %soft  %steal  %guest  %gnice   %idle
06:29:35 PM    0   29.29    0.00    5.05    0.00    0.00    5.05    0.00    0.00    0.00   60.61
06:29:35 PM    1    6.52    0.00    4.35    0.00    0.00    4.35    0.00    0.00    0.00   84.78

06:29:35 PM  CPU    %usr   %nice    %sys %iowait    %irq   %soft  %steal  %guest  %gnice   %idle
06:29:36 PM    0   31.25    0.00    5.21    0.00    0.00    6.25    0.00    0.00    0.00   57.29
06:29:36 PM    1   11.58    0.00    4.21    0.00    0.00    7.37    0.00    0.00    0.00   76.84

06:29:36 PM  CPU    %usr   %nice    %sys %iowait    %irq   %soft  %steal  %guest  %gnice   %idle
06:29:37 PM    0   34.00    0.00    7.00    0.00    0.00    7.00    0.00    0.00    0.00   52.00
06:29:37 PM    1   21.84    0.00    9.20    0.00    0.00    0.00    0.00    0.00    0.00   68.97

06:29:37 PM  CPU    %usr   %nice    %sys %iowait    %irq   %soft  %steal  %guest  %gnice   %idle
06:29:38 PM    0   28.28    0.00    7.07    0.00    0.00    6.06    0.00    0.00    0.00   58.59
06:29:38 PM    1   20.22    0.00    7.87    0.00    0.00    1.12    0.00    0.00    0.00   70.79

06:29:38 PM  CPU    %usr   %nice    %sys %iowait    %irq   %soft  %steal  %guest  %gnice   %idle
06:29:39 PM    0   32.00    0.00    7.00    0.00    0.00    6.00    0.00    0.00    0.00   55.00
06:29:39 PM    1   17.05    0.00   15.91    0.00    0.00    0.00    0.00    0.00    0.00   67.05

06:29:39 PM  CPU    %usr   %nice    %sys %iowait    %irq   %soft  %steal  %guest  %gnice   %idle
06:29:40 PM    0   57.29    0.00   10.42    0.00    0.00    2.08    0.00    0.00    0.00   30.21
06:29:40 PM    1   34.78    0.00   18.48    0.00    0.00    3.26    0.00    0.00    0.00   43.48

06:29:40 PM  CPU    %usr   %nice    %sys %iowait    %irq   %soft  %steal  %guest  %gnice   %idle
06:29:41 PM    0   57.89    0.00   14.74    0.00    0.00    2.11    0.00    0.00    0.00   25.26
06:29:41 PM    1   37.63    0.00   15.05    0.00    0.00    1.08    0.00    0.00    0.00   46.24

06:29:41 PM  CPU    %usr   %nice    %sys %iowait    %irq   %soft  %steal  %guest  %gnice   %idle
06:29:42 PM    0   51.02    0.00   13.27    0.00    0.00    6.12    0.00    0.00    0.00   29.59
06:29:42 PM    1   30.68    0.00   12.50    0.00    0.00    3.41    0.00    0.00    0.00   53.41

06:29:42 PM  CPU    %usr   %nice    %sys %iowait    %irq   %soft  %steal  %guest  %gnice   %idle
06:29:43 PM    0   54.55    0.00   12.12    0.00    0.00    4.04    0.00    0.00    0.00   29.29
06:29:43 PM    1   28.72    0.00   15.96    0.00    0.00    2.13    0.00    0.00    0.00   53.19

06:29:43 PM  CPU    %usr   %nice    %sys %iowait    %irq   %soft  %steal  %guest  %gnice   %idle
06:29:44 PM    0   51.06    0.00   10.64    0.00    0.00    3.19    0.00    0.00    0.00   35.11
06:29:44 PM    1   29.89    0.00    9.20    0.00    0.00    1.15    0.00    0.00    0.00   59.77

06:29:44 PM  CPU    %usr   %nice    %sys %iowait    %irq   %soft  %steal  %guest  %gnice   %idle
06:29:45 PM    0   48.42    0.00   11.58    0.00    0.00    3.16    0.00    0.00    0.00   36.84
06:29:45 PM    1   30.30    0.00   14.14    0.00    0.00    3.03    0.00    0.00    0.00   52.53

06:29:45 PM  CPU    %usr   %nice    %sys %iowait    %irq   %soft  %steal  %guest  %gnice   %idle
06:29:46 PM    0   46.94    0.00   13.27    0.00    0.00    4.08    0.00    0.00    0.00   35.71
06:29:46 PM    1   28.28    0.00    8.08    0.00    0.00    6.06    0.00    0.00    0.00   57.58

06:29:46 PM  CPU    %usr   %nice    %sys %iowait    %irq   %soft  %steal  %guest  %gnice   %idle
06:29:47 PM    0   46.46    0.00   15.15    0.00    0.00    5.05    0.00    0.00    0.00   33.33
06:29:47 PM    1   32.98    0.00    7.45    0.00    0.00    3.19    0.00    0.00    0.00   56.38

06:29:47 PM  CPU    %usr   %nice    %sys %iowait    %irq   %soft  %steal  %guest  %gnice   %idle
06:29:48 PM    0   42.86    0.00   14.29    0.00    0.00    4.08    0.00    0.00    0.00   38.78
06:29:48 PM    1   21.11    0.00   11.11    0.00    0.00    4.44    0.00    0.00    0.00   63.33

06:29:48 PM  CPU    %usr   %nice    %sys %iowait    %irq   %soft  %steal  %guest  %gnice   %idle
06:29:49 PM    0   51.55    0.00   12.37    0.00    0.00    3.09    0.00    0.00    0.00   32.99
06:29:49 PM    1   30.53    0.00    8.42    0.00    0.00    4.21    0.00    0.00    0.00   56.84

06:29:49 PM  CPU    %usr   %nice    %sys %iowait    %irq   %soft  %steal  %guest  %gnice   %idle
06:29:50 PM    0   51.00    0.00   15.00    0.00    0.00    3.00    0.00    0.00    0.00   31.00
06:29:50 PM    1   34.74    0.00   11.58    0.00    0.00    4.21    0.00    0.00    0.00   49.47

06:29:50 PM  CPU    %usr   %nice    %sys %iowait    %irq   %soft  %steal  %guest  %gnice   %idle
06:29:51 PM    0   54.08    0.00   10.20    0.00    0.00    5.10    0.00    0.00    0.00   30.61
06:29:51 PM    1   37.89    0.00    8.42    0.00    0.00    3.16    0.00    0.00    0.00   50.53

06:29:51 PM  CPU    %usr   %nice    %sys %iowait    %irq   %soft  %steal  %guest  %gnice   %idle
06:29:52 PM    0   51.55    0.00   13.40    0.00    0.00    4.12    0.00    0.00    0.00   30.93
06:29:52 PM    1   36.96    0.00   13.04    0.00    0.00    2.17    0.00    0.00    0.00   47.83

06:29:52 PM  CPU    %usr   %nice    %sys %iowait    %irq   %soft  %steal  %guest  %gnice   %idle
06:29:53 PM    0   56.12    0.00   15.31    0.00    0.00    3.06    0.00    0.00    0.00   25.51
06:29:53 PM    1   33.33    0.00   17.71    2.08    0.00    2.08    0.00    0.00    0.00   44.79

06:29:53 PM  CPU    %usr   %nice    %sys %iowait    %irq   %soft  %steal  %guest  %gnice   %idle
06:29:54 PM    0   50.50    0.00   14.85    0.00    0.00    4.95    0.00    0.00    0.00   29.70
06:29:54 PM    1   27.66    0.00   12.77    0.00    0.00    4.26    0.00    0.00    0.00   55.32

06:29:54 PM  CPU    %usr   %nice    %sys %iowait    %irq   %soft  %steal  %guest  %gnice   %idle
06:29:55 PM    0   55.91    0.00   10.75    0.00    0.00    3.23    0.00    0.00    0.00   30.11
06:29:55 PM    1   31.52    0.00   10.87    0.00    0.00    2.17    0.00    0.00    0.00   55.43

06:29:55 PM  CPU    %usr   %nice    %sys %iowait    %irq   %soft  %steal  %guest  %gnice   %idle
06:29:56 PM    0   52.04    0.00   14.29    0.00    0.00    4.08    0.00    0.00    0.00   29.59
06:29:56 PM    1   25.00    0.00   14.13    0.00    0.00    4.35    0.00    0.00    0.00   56.52

06:29:56 PM  CPU    %usr   %nice    %sys %iowait    %irq   %soft  %steal  %guest  %gnice   %idle
06:29:57 PM    0   47.96    0.00   13.27    0.00    0.00    5.10    0.00    0.00    0.00   33.67
06:29:57 PM    1   30.00    0.00   11.11    0.00    0.00    2.22    0.00    0.00    0.00   56.67

06:29:57 PM  CPU    %usr   %nice    %sys %iowait    %irq   %soft  %steal  %guest  %gnice   %idle
06:29:58 PM    0   53.12    0.00   14.58    0.00    0.00    3.12    0.00    0.00    0.00   29.17
06:29:58 PM    1   32.63    0.00   13.68    0.00    0.00    2.11    0.00    0.00    0.00   51.58

06:29:58 PM  CPU    %usr   %nice    %sys %iowait    %irq   %soft  %steal  %guest  %gnice   %idle
06:29:59 PM    0   50.53    0.00   11.58    0.00    0.00    3.16    0.00    0.00    0.00   34.74
06:29:59 PM    1   24.18    0.00   10.99    0.00    0.00    4.40    0.00    0.00    0.00   60.44

06:29:59 PM  CPU    %usr   %nice    %sys %iowait    %irq   %soft  %steal  %guest  %gnice   %idle
06:30:00 PM    0   53.61    0.00   15.46    0.00    0.00    4.12    0.00    0.00    0.00   26.80
06:30:00 PM    1   36.17    0.00    9.57    0.00    0.00    3.19    0.00    0.00    0.00   51.06

06:30:00 PM  CPU    %usr   %nice    %sys %iowait    %irq   %soft  %steal  %guest  %gnice   %idle
06:30:01 PM    0   51.58    0.00   13.68    0.00    0.00    2.11    0.00    0.00    0.00   32.63
06:30:01 PM    1   36.96    0.00    8.70    0.00    0.00    4.35    0.00    0.00    0.00   50.00

06:30:01 PM  CPU    %usr   %nice    %sys %iowait    %irq   %soft  %steal  %guest  %gnice   %idle
06:30:02 PM    0   51.49    0.00   10.89    0.00    0.00    4.95    0.00    0.00    0.00   32.67
06:30:02 PM    1   27.37    0.00    9.47    0.00    0.00    6.32    0.00    0.00    0.00   56.84

06:30:02 PM  CPU    %usr   %nice    %sys %iowait    %irq   %soft  %steal  %guest  %gnice   %idle
06:30:03 PM    0   64.29    0.00   14.29    0.00    0.00    2.04    0.00    0.00    0.00   19.39
06:30:03 PM    1   44.09    0.00   12.90    0.00    0.00    1.08    0.00    0.00    0.00   41.94

06:30:03 PM  CPU    %usr   %nice    %sys %iowait    %irq   %soft  %steal  %guest  %gnice   %idle
06:30:04 PM    0   51.55    0.00   14.43    0.00    0.00    4.12    0.00    0.00    0.00   29.90
06:30:04 PM    1   34.44    0.00   11.11    0.00    0.00    2.22    0.00    0.00    0.00   52.22

06:30:04 PM  CPU    %usr   %nice    %sys %iowait    %irq   %soft  %steal  %guest  %gnice   %idle
06:30:05 PM    0   52.08    0.00   11.46    0.00    0.00    2.08    0.00    0.00    0.00   34.38
06:30:05 PM    1   28.26    0.00    9.78    0.00    0.00    2.17    0.00    0.00    0.00   59.78

06:30:05 PM  CPU    %usr   %nice    %sys %iowait    %irq   %soft  %steal  %guest  %gnice   %idle
06:30:06 PM    0   53.12    0.00   12.50    0.00    0.00    3.12    0.00    0.00    0.00   31.25
06:30:06 PM    1   28.57    0.00   10.99    0.00    0.00    4.40    0.00    0.00    0.00   56.04

06:30:06 PM  CPU    %usr   %nice    %sys %iowait    %irq   %soft  %steal  %guest  %gnice   %idle
06:30:07 PM    0   48.42    0.00   12.63    0.00    0.00    5.26    0.00    0.00    0.00   33.68
06:30:07 PM    1   29.17    0.00   12.50    0.00    0.00    4.17    0.00    0.00    0.00   54.17

06:30:07 PM  CPU    %usr   %nice    %sys %iowait    %irq   %soft  %steal  %guest  %gnice   %idle
06:30:08 PM    0   44.90    0.00   14.29    0.00    0.00    4.08    0.00    0.00    0.00   36.73
06:30:08 PM    1   23.66    0.00    8.60    0.00    0.00    6.45    0.00    0.00    0.00   61.29

06:30:08 PM  CPU    %usr   %nice    %sys %iowait    %irq   %soft  %steal  %guest  %gnice   %idle
06:30:09 PM    0   54.55    0.00   12.12    0.00    0.00    4.04    0.00    0.00    0.00   29.29
06:30:09 PM    1   33.68    0.00   10.53    8.42    0.00    2.11    0.00    0.00    0.00   45.26

06:30:09 PM  CPU    %usr   %nice    %sys %iowait    %irq   %soft  %steal  %guest  %gnice   %idle
06:30:10 PM    0   51.55    0.00   16.49    0.00    0.00    2.06    0.00    0.00    0.00   29.90
06:30:10 PM    1   31.11    0.00    8.89    0.00    0.00    2.22    0.00    0.00    0.00   57.78

06:30:10 PM  CPU    %usr   %nice    %sys %iowait    %irq   %soft  %steal  %guest  %gnice   %idle
06:30:11 PM    0   47.47    0.00   13.13    0.00    0.00    5.05    0.00    0.00    0.00   34.34
06:30:11 PM    1   25.00    0.00    9.38    0.00    0.00    5.21    0.00    0.00    0.00   60.42

06:30:11 PM  CPU    %usr   %nice    %sys %iowait    %irq   %soft  %steal  %guest  %gnice   %idle
06:30:12 PM    0   48.94    0.00   10.64    0.00    0.00    3.19    0.00    0.00    0.00   37.23
06:30:12 PM    1   24.44    0.00   13.33    0.00    0.00    3.33    0.00    0.00    0.00   58.89

06:30:12 PM  CPU    %usr   %nice    %sys %iowait    %irq   %soft  %steal  %guest  %gnice   %idle
06:30:13 PM    0   47.47    0.00    9.09    0.00    0.00    5.05    0.00    0.00    0.00   38.38
06:30:13 PM    1   24.47    0.00   10.64    0.00    0.00    4.26    0.00    0.00    0.00   60.64

06:30:13 PM  CPU    %usr   %nice    %sys %iowait    %irq   %soft  %steal  %guest  %gnice   %idle
06:30:14 PM    0   43.30    0.00   12.37    0.00    0.00    2.06    0.00    0.00    0.00   42.27
06:30:14 PM    1   21.28    0.00    8.51    2.13    0.00    6.38    0.00    0.00    0.00   61.70

06:30:14 PM  CPU    %usr   %nice    %sys %iowait    %irq   %soft  %steal  %guest  %gnice   %idle
06:30:15 PM    0   45.45    0.00   13.13    0.00    0.00    5.05    0.00    0.00    0.00   36.36
06:30:15 PM    1   31.11    0.00    8.89    0.00    0.00    3.33    0.00    0.00    0.00   56.67

06:30:15 PM  CPU    %usr   %nice    %sys %iowait    %irq   %soft  %steal  %guest  %gnice   %idle
06:30:16 PM    0   40.40    0.00   12.12    0.00    0.00    5.05    0.00    0.00    0.00   42.42
06:30:16 PM    1   26.32    0.00   10.53    0.00    0.00    1.05    0.00    0.00    0.00   62.11

06:30:16 PM  CPU    %usr   %nice    %sys %iowait    %irq   %soft  %steal  %guest  %gnice   %idle
06:30:17 PM    0   57.73    0.00   15.46    0.00    0.00    1.03    0.00    0.00    0.00   25.77
06:30:17 PM    1   38.30    0.00    8.51    0.00    0.00    3.19    0.00    0.00    0.00   50.00

06:30:17 PM  CPU    %usr   %nice    %sys %iowait    %irq   %soft  %steal  %guest  %gnice   %idle
06:30:18 PM    0   48.96    0.00   12.50    0.00    0.00    3.12    0.00    0.00    0.00   35.42
06:30:18 PM    1   29.47    0.00   10.53    0.00    0.00    6.32    0.00    0.00    0.00   53.68

06:30:18 PM  CPU    %usr   %nice    %sys %iowait    %irq   %soft  %steal  %guest  %gnice   %idle
06:30:19 PM    0   41.94    0.00   13.98    0.00    0.00    4.30    0.00    0.00    0.00   39.78
06:30:19 PM    1   30.85    0.00    7.45    0.00    0.00    4.26    0.00    0.00    0.00   57.45

06:30:19 PM  CPU    %usr   %nice    %sys %iowait    %irq   %soft  %steal  %guest  %gnice   %idle
06:30:20 PM    0   52.53    0.00   12.12    0.00    0.00    2.02    0.00    0.00    0.00   33.33
06:30:20 PM    1   30.77    0.00    8.79    0.00    0.00    1.10    0.00    0.00    0.00   59.34

06:30:20 PM  CPU    %usr   %nice    %sys %iowait    %irq   %soft  %steal  %guest  %gnice   %idle
06:30:21 PM    0   48.42    0.00   12.63    0.00    0.00    3.16    0.00    0.00    0.00   35.79
06:30:21 PM    1   24.14    0.00   13.79    0.00    0.00    1.15    0.00    0.00    0.00   60.92

06:30:21 PM  CPU    %usr   %nice    %sys %iowait    %irq   %soft  %steal  %guest  %gnice   %idle
06:30:22 PM    0   41.00    0.00   15.00    0.00    0.00    4.00    0.00    0.00    0.00   40.00
06:30:22 PM    1   24.73    0.00    7.53    0.00    0.00    4.30    0.00    0.00    0.00   63.44

06:30:22 PM  CPU    %usr   %nice    %sys %iowait    %irq   %soft  %steal  %guest  %gnice   %idle
06:30:23 PM    0   42.55    0.00   12.77    0.00    0.00    2.13    0.00    0.00    0.00   42.55
06:30:23 PM    1   23.08    0.00    9.89    0.00    0.00    3.30    0.00    0.00    0.00   63.74

06:30:23 PM  CPU    %usr   %nice    %sys %iowait    %irq   %soft  %steal  %guest  %gnice   %idle
06:30:24 PM    0   50.00    0.00   16.67    1.04    0.00    2.08    0.00    0.00    0.00   30.21
06:30:24 PM    1   32.63    0.00   11.58    2.11    0.00    2.11    0.00    0.00    0.00   51.58

06:30:24 PM  CPU    %usr   %nice    %sys %iowait    %irq   %soft  %steal  %guest  %gnice   %idle
06:30:25 PM    0   47.00    0.00   12.00    0.00    0.00    6.00    0.00    0.00    0.00   35.00
06:30:25 PM    1   23.86    0.00   10.23    3.41    0.00    3.41    0.00    0.00    0.00   59.09

06:30:25 PM  CPU    %usr   %nice    %sys %iowait    %irq   %soft  %steal  %guest  %gnice   %idle
06:30:26 PM    0   52.63    0.00   11.58    0.00    0.00    3.16    0.00    0.00    0.00   32.63
06:30:26 PM    1   31.96    0.00   13.40    0.00    0.00    3.09    0.00    0.00    0.00   51.55

06:30:26 PM  CPU    %usr   %nice    %sys %iowait    %irq   %soft  %steal  %guest  %gnice   %idle
06:30:27 PM    0   53.12    0.00   16.67    0.00    0.00    1.04    0.00    0.00    0.00   29.17
06:30:27 PM    1   34.02    0.00    8.25    0.00    0.00    3.09    0.00    0.00    0.00   54.64

06:30:27 PM  CPU    %usr   %nice    %sys %iowait    %irq   %soft  %steal  %guest  %gnice   %idle
06:30:28 PM    0   51.02    0.00   11.22    0.00    0.00    3.06    0.00    0.00    0.00   34.69
06:30:28 PM    1   29.17    0.00    9.38    0.00    0.00    2.08    0.00    0.00    0.00   59.38

06:30:28 PM  CPU    %usr   %nice    %sys %iowait    %irq   %soft  %steal  %guest  %gnice   %idle
06:30:29 PM    0   46.94    0.00   14.29    0.00    0.00    4.08    0.00    0.00    0.00   34.69
06:30:29 PM    1   27.27    0.00   10.10    0.00    0.00    7.07    0.00    0.00    0.00   55.56

06:30:29 PM  CPU    %usr   %nice    %sys %iowait    %irq   %soft  %steal  %guest  %gnice   %idle
06:30:30 PM    0   44.21    0.00   13.68    0.00    0.00    3.16    0.00    0.00    0.00   38.95
06:30:30 PM    1   25.53    0.00    9.57    0.00    0.00    4.26    0.00    0.00    0.00   60.64

06:30:30 PM  CPU    %usr   %nice    %sys %iowait    %irq   %soft  %steal  %guest  %gnice   %idle
06:30:31 PM    0   42.86    0.00   13.27    0.00    0.00    5.10    0.00    0.00    0.00   38.78
06:30:31 PM    1   27.37    0.00    9.47    0.00    0.00    2.11    0.00    0.00    0.00   61.05

06:30:31 PM  CPU    %usr   %nice    %sys %iowait    %irq   %soft  %steal  %guest  %gnice   %idle
06:30:32 PM    0   42.71    0.00    9.38    0.00    0.00    8.33    0.00    0.00    0.00   39.58
06:30:32 PM    1   25.27    0.00    9.89    0.00    0.00    2.20    0.00    0.00    0.00   62.64

06:30:32 PM  CPU    %usr   %nice    %sys %iowait    %irq   %soft  %steal  %guest  %gnice   %idle
06:30:33 PM    0   46.88    0.00   10.42    0.00    0.00    5.21    0.00    0.00    0.00   37.50
06:30:33 PM    1   27.66    0.00    9.57    0.00    0.00    4.26    0.00    0.00    0.00   58.51

06:30:33 PM  CPU    %usr   %nice    %sys %iowait    %irq   %soft  %steal  %guest  %gnice   %idle
06:30:34 PM    0   40.59    0.00   14.85    0.00    0.00    7.92    0.00    0.00    0.00   36.63
06:30:34 PM    1   27.66    0.00    8.51    0.00    0.00    2.13    0.00    0.00    0.00   61.70

06:30:34 PM  CPU    %usr   %nice    %sys %iowait    %irq   %soft  %steal  %guest  %gnice   %idle
06:30:35 PM    0   52.04    0.00   12.24    0.00    0.00    3.06    0.00    0.00    0.00   32.65
06:30:35 PM    1   26.67    0.00   12.22    0.00    0.00    3.33    0.00    0.00    0.00   57.78

06:30:35 PM  CPU    %usr   %nice    %sys %iowait    %irq   %soft  %steal  %guest  %gnice   %idle
06:30:36 PM    0   54.26    0.00   13.83    0.00    0.00    3.19    0.00    0.00    0.00   28.72
06:30:36 PM    1   32.61    0.00   11.96    0.00    0.00    3.26    0.00    0.00    0.00   52.17

06:30:36 PM  CPU    %usr   %nice    %sys %iowait    %irq   %soft  %steal  %guest  %gnice   %idle
06:30:37 PM    0   55.10    0.00   17.35    0.00    0.00    3.06    0.00    0.00    0.00   24.49
06:30:37 PM    1   37.89    0.00   12.63    0.00    0.00    2.11    0.00    0.00    0.00   47.37

06:30:37 PM  CPU    %usr   %nice    %sys %iowait    %irq   %soft  %steal  %guest  %gnice   %idle
06:30:38 PM    0   45.83    0.00   13.54    0.00    0.00    2.08    0.00    0.00    0.00   38.54
06:30:38 PM    1   25.27    0.00    7.69    0.00    0.00    4.40    0.00    0.00    0.00   62.64

06:30:38 PM  CPU    %usr   %nice    %sys %iowait    %irq   %soft  %steal  %guest  %gnice   %idle
06:30:39 PM    0   43.62    0.00    9.57    0.00    0.00    4.26    0.00    0.00    0.00   42.55
06:30:39 PM    1   25.26    0.00    9.47    0.00    0.00    4.21    0.00    0.00    0.00   61.05

06:30:39 PM  CPU    %usr   %nice    %sys %iowait    %irq   %soft  %steal  %guest  %gnice   %idle
06:30:40 PM    0   44.00    0.00   13.00    0.00    0.00    3.00    0.00    0.00    0.00   40.00
06:30:40 PM    1   21.98    0.00    9.89    0.00    0.00    3.30    0.00    0.00    0.00   64.84

06:30:40 PM  CPU    %usr   %nice    %sys %iowait    %irq   %soft  %steal  %guest  %gnice   %idle
06:30:41 PM    0   43.01    0.00    9.68    0.00    0.00    5.38    0.00    0.00    0.00   41.94
06:30:41 PM    1   27.08    0.00    9.38    0.00    0.00    5.21    0.00    0.00    0.00   58.33

06:30:41 PM  CPU    %usr   %nice    %sys %iowait    %irq   %soft  %steal  %guest  %gnice   %idle
06:30:42 PM    0   43.43    0.00   14.14    0.00    0.00    5.05    0.00    0.00    0.00   37.37
06:30:42 PM    1   24.47    0.00    8.51    0.00    0.00    6.38    0.00    0.00    0.00   60.64

06:30:42 PM  CPU    %usr   %nice    %sys %iowait    %irq   %soft  %steal  %guest  %gnice   %idle
06:30:43 PM    0   37.37    0.00   14.14    0.00    0.00    6.06    0.00    0.00    0.00   42.42
06:30:43 PM    1   21.51    0.00    8.60    0.00    0.00    4.30    0.00    0.00    0.00   65.59

06:30:43 PM  CPU    %usr   %nice    %sys %iowait    %irq   %soft  %steal  %guest  %gnice   %idle
06:30:44 PM    0   43.62    0.00   10.64    0.00    0.00    3.19    0.00    0.00    0.00   42.55
06:30:44 PM    1   27.96    0.00    6.45    0.00    0.00    3.23    0.00    0.00    0.00   62.37

06:30:44 PM  CPU    %usr   %nice    %sys %iowait    %irq   %soft  %steal  %guest  %gnice   %idle
06:30:45 PM    0   47.87    0.00   11.70    0.00    0.00    2.13    0.00    0.00    0.00   38.30
06:30:45 PM    1   24.74    0.00    7.22    0.00    0.00    6.19    0.00    0.00    0.00   61.86

06:30:45 PM  CPU    %usr   %nice    %sys %iowait    %irq   %soft  %steal  %guest  %gnice   %idle
06:30:46 PM    0   54.37    0.00   16.50    0.00    0.00    4.85    0.00    0.00    0.00   24.27
06:30:46 PM    1   38.71    0.00   11.83    0.00    0.00    3.23    0.00    0.00    0.00   46.24

06:30:46 PM  CPU    %usr   %nice    %sys %iowait    %irq   %soft  %steal  %guest  %gnice   %idle
06:30:47 PM    0   60.61    0.00   14.14    0.00    0.00    3.03    0.00    0.00    0.00   22.22
06:30:47 PM    1   33.71    0.00   13.48    0.00    0.00    2.25    0.00    0.00    0.00   50.56

Average:     CPU    %usr   %nice    %sys %iowait    %irq   %soft  %steal  %guest  %gnice   %idle
Average:       0   39.17    0.02   11.70    0.03    0.00    4.63    0.00    0.00    0.00   44.45
Average:       1   25.58    0.01    9.62    0.21    0.00    3.66    0.00    0.00    0.00   60.93
