Linux 5.3.0-59-generic (ericmei) 	06/29/2020 	_x86_64_	(12 CPU)

06:13:05 PM  CPU    %usr   %nice    %sys %iowait    %irq   %soft  %steal  %guest  %gnice   %idle
06:13:06 PM    0    0.99    0.00    0.99    0.00    0.00    0.00    0.00    0.00    0.00   98.02
06:13:06 PM    1    0.00    0.00    0.99    0.00    0.00    0.00    0.00    0.00    0.00   99.01

06:13:06 PM  CPU    %usr   %nice    %sys %iowait    %irq   %soft  %steal  %guest  %gnice   %idle
06:13:07 PM    0    0.00    0.00    0.00    0.00    0.00    0.00    0.00    0.00    0.00  100.00
06:13:07 PM    1    0.99    0.00    0.00    0.00    0.00    0.00    0.00    0.00    0.00   99.01

06:13:07 PM  CPU    %usr   %nice    %sys %iowait    %irq   %soft  %steal  %guest  %gnice   %idle
06:13:08 PM    0    0.00    0.00    0.00    0.00    0.00    0.00    0.00    0.00    0.00  100.00
06:13:08 PM    1    0.00    0.00    0.00    0.00    0.00    0.00    0.00    0.00    0.00  100.00

06:13:08 PM  CPU    %usr   %nice    %sys %iowait    %irq   %soft  %steal  %guest  %gnice   %idle
06:13:09 PM    0    0.00    0.00    0.00    0.00    0.00    0.00    0.00    0.00    0.00  100.00
06:13:09 PM    1    0.00    0.00    0.00    0.00    0.00    0.00    0.00    0.00    0.00  100.00

06:13:09 PM  CPU    %usr   %nice    %sys %iowait    %irq   %soft  %steal  %guest  %gnice   %idle
06:13:10 PM    0    0.00    0.00    0.00    0.00    0.00    0.00    0.00    0.00    0.00  100.00
06:13:10 PM    1    0.00    0.00    0.00    0.00    0.00    0.00    0.00    0.00    0.00  100.00

06:13:10 PM  CPU    %usr   %nice    %sys %iowait    %irq   %soft  %steal  %guest  %gnice   %idle
06:13:11 PM    0    0.00    0.00    0.00    0.00    0.00    0.00    0.00    0.00    0.00  100.00
06:13:11 PM    1    0.00    0.00    0.00    0.00    0.00    0.00    0.00    0.00    0.00  100.00

06:13:11 PM  CPU    %usr   %nice    %sys %iowait    %irq   %soft  %steal  %guest  %gnice   %idle
06:13:12 PM    0    0.00    0.00    0.00    0.00    0.00    0.00    0.00    0.00    0.00  100.00
06:13:12 PM    1    0.00    0.00    0.00    0.00    0.00    0.00    0.00    0.00    0.00  100.00

06:13:12 PM  CPU    %usr   %nice    %sys %iowait    %irq   %soft  %steal  %guest  %gnice   %idle
06:13:13 PM    0    0.00    0.00    0.00    0.00    0.00    0.00    0.00    0.00    0.00  100.00
06:13:13 PM    1    0.00    0.00    0.00    0.00    0.00    0.00    0.00    0.00    0.00  100.00

06:13:13 PM  CPU    %usr   %nice    %sys %iowait    %irq   %soft  %steal  %guest  %gnice   %idle
06:13:14 PM    0    0.00    0.00    0.00    0.00    0.00    0.00    0.00    0.00    0.00  100.00
06:13:14 PM    1    0.00    0.00    0.00    0.00    0.00    0.00    0.00    0.00    0.00  100.00

06:13:14 PM  CPU    %usr   %nice    %sys %iowait    %irq   %soft  %steal  %guest  %gnice   %idle
06:13:15 PM    0    0.00    0.00    0.00    0.00    0.00    0.00    0.00    0.00    0.00  100.00
06:13:15 PM    1    0.00    0.00    0.00    0.00    0.00    0.00    0.00    0.00    0.00  100.00

06:13:15 PM  CPU    %usr   %nice    %sys %iowait    %irq   %soft  %steal  %guest  %gnice   %idle
06:13:16 PM    0    0.00    0.00    0.00    0.00    0.00    0.00    0.00    0.00    0.00  100.00
06:13:16 PM    1    0.99    0.00    0.00    0.00    0.00    0.00    0.00    0.00    0.00   99.01

06:13:16 PM  CPU    %usr   %nice    %sys %iowait    %irq   %soft  %steal  %guest  %gnice   %idle
06:13:17 PM    0    0.00    0.00    0.00    0.00    0.00    0.00    0.00    0.00    0.00  100.00
06:13:17 PM    1    0.00    0.00    0.00    0.00    0.00    0.00    0.00    0.00    0.00  100.00

06:13:17 PM  CPU    %usr   %nice    %sys %iowait    %irq   %soft  %steal  %guest  %gnice   %idle
06:13:18 PM    0    0.00    0.00    0.00    0.00    0.00    0.00    0.00    0.00    0.00  100.00
06:13:18 PM    1    0.00    0.00    0.00    0.00    0.00    0.00    0.00    0.00    0.00  100.00

06:13:18 PM  CPU    %usr   %nice    %sys %iowait    %irq   %soft  %steal  %guest  %gnice   %idle
06:13:19 PM    0    0.99    0.00    0.00    0.00    0.00    0.00    0.00    0.00    0.00   99.01
06:13:19 PM    1    0.00    0.00    0.00    0.00    0.00    0.00    0.00    0.00    0.00  100.00

06:13:19 PM  CPU    %usr   %nice    %sys %iowait    %irq   %soft  %steal  %guest  %gnice   %idle
06:13:20 PM    0    0.00    0.00    0.00    0.00    0.00    0.00    0.00    0.00    0.00  100.00
06:13:20 PM    1    0.00    0.00    0.00    0.00    0.00    0.00    0.00    0.00    0.00  100.00

06:13:20 PM  CPU    %usr   %nice    %sys %iowait    %irq   %soft  %steal  %guest  %gnice   %idle
06:13:21 PM    0    0.00    0.00    0.00    0.00    0.00    0.00    0.00    0.00    0.00  100.00
06:13:21 PM    1    0.00    0.00    0.00    0.00    0.00    0.00    0.00    0.00    0.00  100.00

06:13:21 PM  CPU    %usr   %nice    %sys %iowait    %irq   %soft  %steal  %guest  %gnice   %idle
06:13:22 PM    0    0.00    0.00    0.00    0.00    0.00    0.00    0.00    0.00    0.00  100.00
06:13:22 PM    1    0.00    0.00    0.00    0.00    0.00    0.00    0.00    0.00    0.00  100.00

06:13:22 PM  CPU    %usr   %nice    %sys %iowait    %irq   %soft  %steal  %guest  %gnice   %idle
06:13:23 PM    0    0.00    0.00    0.00    0.00    0.00    0.00    0.00    0.00    0.00  100.00
06:13:23 PM    1    0.00    0.00    0.00    0.00    0.00    0.00    0.00    0.00    0.00  100.00

06:13:23 PM  CPU    %usr   %nice    %sys %iowait    %irq   %soft  %steal  %guest  %gnice   %idle
06:13:24 PM    0    0.00    0.00    0.00    0.00    0.00    0.00    0.00    0.00    0.00  100.00
06:13:24 PM    1    0.00    0.00    0.00    0.00    0.00    0.00    0.00    0.00    0.00  100.00

06:13:24 PM  CPU    %usr   %nice    %sys %iowait    %irq   %soft  %steal  %guest  %gnice   %idle
06:13:25 PM    0    0.00    0.00    0.00    0.00    0.00    0.00    0.00    0.00    0.00  100.00
06:13:25 PM    1    0.00    0.00    0.00    0.00    0.00    0.00    0.00    0.00    0.00  100.00

06:13:25 PM  CPU    %usr   %nice    %sys %iowait    %irq   %soft  %steal  %guest  %gnice   %idle
06:13:26 PM    0    0.00    0.00    0.00    0.00    0.00    0.00    0.00    0.00    0.00  100.00
06:13:26 PM    1    0.00    0.00    0.00    0.00    0.00    0.00    0.00    0.00    0.00  100.00

06:13:26 PM  CPU    %usr   %nice    %sys %iowait    %irq   %soft  %steal  %guest  %gnice   %idle
06:13:27 PM    0    0.00    0.00    0.00    0.00    0.00    0.00    0.00    0.00    0.00  100.00
06:13:27 PM    1    0.00    0.00    0.00    0.00    0.00    0.00    0.00    0.00    0.00  100.00

06:13:27 PM  CPU    %usr   %nice    %sys %iowait    %irq   %soft  %steal  %guest  %gnice   %idle
06:13:28 PM    0    9.62    0.00    2.88    0.00    0.00    2.88    0.00    0.00    0.00   84.62
06:13:28 PM    1    7.00    0.00    1.00    0.00    0.00    1.00    0.00    0.00    0.00   91.00

06:13:28 PM  CPU    %usr   %nice    %sys %iowait    %irq   %soft  %steal  %guest  %gnice   %idle
06:13:29 PM    0   10.19    0.00    1.85    0.00    0.00    7.41    0.00    0.00    0.00   80.56
06:13:29 PM    1   13.86    0.00    4.95    0.00    0.00    1.98    0.00    0.00    0.00   79.21

06:13:29 PM  CPU    %usr   %nice    %sys %iowait    %irq   %soft  %steal  %guest  %gnice   %idle
06:13:30 PM    0   12.38    0.00    1.90    0.00    0.00    7.62    0.00    0.00    0.00   78.10
06:13:30 PM    1   23.76    0.00    0.99    0.00    0.00    2.97    0.00    0.00    0.00   72.28

06:13:30 PM  CPU    %usr   %nice    %sys %iowait    %irq   %soft  %steal  %guest  %gnice   %idle
06:13:31 PM    0   21.50    0.00    1.87    0.00    0.00    4.67    0.00    0.00    0.00   71.96
06:13:31 PM    1   14.29    0.00    3.81    0.00    0.00    4.76    0.00    0.00    0.00   77.14

06:13:31 PM  CPU    %usr   %nice    %sys %iowait    %irq   %soft  %steal  %guest  %gnice   %idle
06:13:32 PM    0   21.57    0.00    2.94    0.00    0.00    4.90    0.00    0.00    0.00   70.59
06:13:32 PM    1   19.19    0.00    1.01    0.00    0.00    1.01    0.00    0.00    0.00   78.79

06:13:32 PM  CPU    %usr   %nice    %sys %iowait    %irq   %soft  %steal  %guest  %gnice   %idle
06:13:33 PM    0   11.32    0.00    2.83    3.77    0.00    4.72    0.00    0.00    0.00   77.36
06:13:33 PM    1   14.00    0.00    2.00    0.00    0.00    2.00    0.00    0.00    0.00   82.00

06:13:33 PM  CPU    %usr   %nice    %sys %iowait    %irq   %soft  %steal  %guest  %gnice   %idle
06:13:34 PM    0   12.26    0.00    0.94    0.00    0.00    8.49    0.00    0.00    0.00   78.30
06:13:34 PM    1   17.17    0.00    4.04    0.00    0.00    0.00    0.00    0.00    0.00   78.79

06:13:34 PM  CPU    %usr   %nice    %sys %iowait    %irq   %soft  %steal  %guest  %gnice   %idle
06:13:35 PM    0   17.14    0.00    4.76    0.00    0.00    3.81    0.00    0.00    0.00   74.29
06:13:35 PM    1    9.18    0.00    6.12    0.00    0.00    2.04    0.00    0.00    0.00   82.65

06:13:35 PM  CPU    %usr   %nice    %sys %iowait    %irq   %soft  %steal  %guest  %gnice   %idle
06:13:36 PM    0   25.74    0.00    3.96    2.97    0.00    2.97    0.00    0.00    0.00   64.36
06:13:36 PM    1   29.13    0.00    3.88    0.00    0.00    0.00    0.00    0.00    0.00   66.99

06:13:36 PM  CPU    %usr   %nice    %sys %iowait    %irq   %soft  %steal  %guest  %gnice   %idle
06:13:37 PM    0   44.12    0.00    1.96    0.00    0.00    2.94    0.00    0.00    0.00   50.98
06:13:37 PM    1   26.00    0.00    1.00    0.00    0.00    2.00    0.00    0.00    0.00   71.00

06:13:37 PM  CPU    %usr   %nice    %sys %iowait    %irq   %soft  %steal  %guest  %gnice   %idle
06:13:38 PM    0   15.60    0.00    7.34    0.00    0.00    5.50    0.00    0.00    0.00   71.56
06:13:38 PM    1   10.58    0.00    1.92    0.00    0.00    2.88    0.00    0.00    0.00   84.62

06:13:38 PM  CPU    %usr   %nice    %sys %iowait    %irq   %soft  %steal  %guest  %gnice   %idle
06:13:39 PM    0   20.00    0.00    8.00    0.00    0.00    1.00    0.00    0.00    0.00   71.00
06:13:39 PM    1   13.73    0.00    2.94    0.00    0.00    2.94    0.00    0.00    0.00   80.39

06:13:39 PM  CPU    %usr   %nice    %sys %iowait    %irq   %soft  %steal  %guest  %gnice   %idle
06:13:40 PM    0   10.48    0.00    2.86    0.00    0.00    4.76    0.00    0.00    0.00   81.90
06:13:40 PM    1   14.00    0.00    4.00    0.00    0.00    0.00    0.00    0.00    0.00   82.00

06:13:40 PM  CPU    %usr   %nice    %sys %iowait    %irq   %soft  %steal  %guest  %gnice   %idle
06:13:41 PM    0   12.75    0.00    2.94    0.00    0.00    2.94    0.00    0.00    0.00   81.37
06:13:41 PM    1   13.00    0.00    2.00    0.00    0.00    1.00    0.00    0.00    0.00   84.00

06:13:41 PM  CPU    %usr   %nice    %sys %iowait    %irq   %soft  %steal  %guest  %gnice   %idle
06:13:42 PM    0   21.57    0.00    9.80    0.00    0.00    0.98    0.00    0.00    0.00   67.65
06:13:42 PM    1   13.33    0.00    3.81    0.00    0.00    0.95    0.00    0.00    0.00   81.90

06:13:42 PM  CPU    %usr   %nice    %sys %iowait    %irq   %soft  %steal  %guest  %gnice   %idle
06:13:43 PM    0   19.80    0.00    1.98    0.00    0.00    0.99    0.00    0.00    0.00   77.23
06:13:43 PM    1   17.00    0.00    5.00    0.00    0.00    1.00    0.00    0.00    0.00   77.00

06:13:43 PM  CPU    %usr   %nice    %sys %iowait    %irq   %soft  %steal  %guest  %gnice   %idle
06:13:44 PM    0   21.57    0.00    7.84    0.00    0.00    0.98    0.00    0.00    0.00   69.61
06:13:44 PM    1   16.83    0.00    3.96    0.00    0.00    1.98    0.00    0.00    0.00   77.23

06:13:44 PM  CPU    %usr   %nice    %sys %iowait    %irq   %soft  %steal  %guest  %gnice   %idle
06:13:45 PM    0   12.62    0.00    1.94    0.00    0.00    4.85    0.00    0.00    0.00   80.58
06:13:45 PM    1    6.19    0.00    3.09    0.00    0.00    2.06    0.00    0.00    0.00   88.66

06:13:45 PM  CPU    %usr   %nice    %sys %iowait    %irq   %soft  %steal  %guest  %gnice   %idle
06:13:46 PM    0   16.83    0.00    3.96    0.00    0.00    0.99    0.00    0.00    0.00   78.22
06:13:46 PM    1   15.31    0.00    4.08    0.00    0.00    1.02    0.00    0.00    0.00   79.59

06:13:46 PM  CPU    %usr   %nice    %sys %iowait    %irq   %soft  %steal  %guest  %gnice   %idle
06:13:47 PM    0   17.48    0.00    1.94    0.00    0.00    4.85    0.00    0.00    0.00   75.73
06:13:47 PM    1   15.31    0.00    5.10    0.00    0.00    0.00    0.00    0.00    0.00   79.59

06:13:47 PM  CPU    %usr   %nice    %sys %iowait    %irq   %soft  %steal  %guest  %gnice   %idle
06:13:48 PM    0   23.76    0.00    3.96    0.00    0.00    2.97    0.00    0.00    0.00   69.31
06:13:48 PM    1   25.49    0.00    4.90    0.00    0.00    0.98    0.00    0.00    0.00   68.63

06:13:48 PM  CPU    %usr   %nice    %sys %iowait    %irq   %soft  %steal  %guest  %gnice   %idle
06:13:49 PM    0   11.43    0.00    2.86    0.00    0.00    3.81    0.00    0.00    0.00   81.90
06:13:49 PM    1   12.87    0.00    1.98    0.00    0.00    0.00    0.00    0.00    0.00   85.15

06:13:49 PM  CPU    %usr   %nice    %sys %iowait    %irq   %soft  %steal  %guest  %gnice   %idle
06:13:50 PM    0   20.59    0.00    1.96    0.00    0.00    0.98    0.00    0.00    0.00   76.47
06:13:50 PM    1   19.61    0.00    3.92    0.00    0.00    0.98    0.00    0.00    0.00   75.49

06:13:50 PM  CPU    %usr   %nice    %sys %iowait    %irq   %soft  %steal  %guest  %gnice   %idle
06:13:51 PM    0   14.85    0.00    1.98    0.00    0.00    2.97    0.00    0.00    0.00   80.20
06:13:51 PM    1   17.17    0.00    1.01    0.00    0.00    0.00    0.00    0.00    0.00   81.82

06:13:51 PM  CPU    %usr   %nice    %sys %iowait    %irq   %soft  %steal  %guest  %gnice   %idle
06:13:52 PM    0   20.39    0.00    0.97    0.00    0.00    4.85    0.00    0.00    0.00   73.79
06:13:52 PM    1   18.81    0.00    2.97    0.00    0.00    1.98    0.00    0.00    0.00   76.24

06:13:52 PM  CPU    %usr   %nice    %sys %iowait    %irq   %soft  %steal  %guest  %gnice   %idle
06:13:53 PM    0   25.49    0.00    9.80    0.00    0.00    1.96    0.00    0.00    0.00   62.75
06:13:53 PM    1   21.57    0.00    2.94    0.00    0.00    1.96    0.00    0.00    0.00   73.53

06:13:53 PM  CPU    %usr   %nice    %sys %iowait    %irq   %soft  %steal  %guest  %gnice   %idle
06:13:54 PM    0   17.82    0.00    2.97    0.00    0.00    2.97    0.00    0.00    0.00   76.24
06:13:54 PM    1   20.41    0.00    2.04    0.00    0.00    1.02    0.00    0.00    0.00   76.53

06:13:54 PM  CPU    %usr   %nice    %sys %iowait    %irq   %soft  %steal  %guest  %gnice   %idle
06:13:55 PM    0   20.20    0.00    3.03    0.00    0.00    3.03    0.00    0.00    0.00   73.74
06:13:55 PM    1   20.39    0.00    0.97    0.00    0.00    2.91    0.00    0.00    0.00   75.73

06:13:55 PM  CPU    %usr   %nice    %sys %iowait    %irq   %soft  %steal  %guest  %gnice   %idle
06:13:56 PM    0   27.18    0.00    3.88    0.00    0.00    2.91    0.00    0.00    0.00   66.02
06:13:56 PM    1   20.59    0.00    1.96    0.00    0.00    2.94    0.00    0.00    0.00   74.51

06:13:56 PM  CPU    %usr   %nice    %sys %iowait    %irq   %soft  %steal  %guest  %gnice   %idle
06:13:57 PM    0   14.71    0.00    3.92    0.00    0.00    5.88    0.00    0.00    0.00   75.49
06:13:57 PM    1   30.77    0.00    3.85    0.00    0.00    2.88    0.00    0.00    0.00   62.50

06:13:57 PM  CPU    %usr   %nice    %sys %iowait    %irq   %soft  %steal  %guest  %gnice   %idle
06:13:58 PM    0   24.00    0.00    2.00    0.00    0.00    0.00    0.00    0.00    0.00   74.00
06:13:58 PM    1   20.41    0.00   11.22    0.00    0.00    0.00    0.00    0.00    0.00   68.37

06:13:58 PM  CPU    %usr   %nice    %sys %iowait    %irq   %soft  %steal  %guest  %gnice   %idle
06:13:59 PM    0   12.87    0.00    1.98    0.00    0.00    2.97    0.00    0.00    0.00   82.18
06:13:59 PM    1    9.00    0.00    1.00    0.00    0.00    2.00    0.00    0.00    0.00   88.00

06:13:59 PM  CPU    %usr   %nice    %sys %iowait    %irq   %soft  %steal  %guest  %gnice   %idle
06:14:00 PM    0   12.15    0.00    1.87    0.00    0.00    7.48    0.00    0.00    0.00   78.50
06:14:00 PM    1   10.10    0.00    3.03    0.00    0.00    1.01    0.00    0.00    0.00   85.86

06:14:00 PM  CPU    %usr   %nice    %sys %iowait    %irq   %soft  %steal  %guest  %gnice   %idle
06:14:01 PM    0   25.49    0.00    5.88    0.00    0.00    0.98    0.00    0.00    0.00   67.65
06:14:01 PM    1   22.22    0.00    1.01    0.00    0.00    1.01    0.00    0.00    0.00   75.76

06:14:01 PM  CPU    %usr   %nice    %sys %iowait    %irq   %soft  %steal  %guest  %gnice   %idle
06:14:02 PM    0   16.50    0.00    1.94    0.00    0.00    2.91    0.00    0.00    0.00   78.64
06:14:02 PM    1   13.86    0.00    5.94    0.00    0.00    0.99    0.00    0.00    0.00   79.21

06:14:02 PM  CPU    %usr   %nice    %sys %iowait    %irq   %soft  %steal  %guest  %gnice   %idle
06:14:03 PM    0   13.46    0.00    5.77    0.00    0.00    3.85    0.00    0.00    0.00   76.92
06:14:03 PM    1   24.51    0.00    0.00    0.00    0.00    0.98    0.00    0.00    0.00   74.51

06:14:03 PM  CPU    %usr   %nice    %sys %iowait    %irq   %soft  %steal  %guest  %gnice   %idle
06:14:04 PM    0   31.37    0.00    1.96    0.00    0.00    0.98    0.00    0.00    0.00   65.69
06:14:04 PM    1   24.04    0.00    4.81    0.00    0.00    2.88    0.00    0.00    0.00   68.27

06:14:04 PM  CPU    %usr   %nice    %sys %iowait    %irq   %soft  %steal  %guest  %gnice   %idle
06:14:05 PM    0   19.19    0.00    4.04    0.00    0.00    3.03    0.00    0.00    0.00   73.74
06:14:05 PM    1   26.67    0.00    4.76    0.00    0.00    1.90    0.00    0.00    0.00   66.67

06:14:05 PM  CPU    %usr   %nice    %sys %iowait    %irq   %soft  %steal  %guest  %gnice   %idle
06:14:06 PM    0   14.56    0.00    1.94    0.00    0.00    3.88    0.00    0.00    0.00   79.61
06:14:06 PM    1    9.09    0.00    1.01    0.00    0.00    3.03    0.00    0.00    0.00   86.87

06:14:06 PM  CPU    %usr   %nice    %sys %iowait    %irq   %soft  %steal  %guest  %gnice   %idle
06:14:07 PM    0   15.84    0.00    0.99    0.00    0.00    2.97    0.00    0.00    0.00   80.20
06:14:07 PM    1   13.46    0.00    0.96    0.00    0.00    1.92    0.00    0.00    0.00   83.65

06:14:07 PM  CPU    %usr   %nice    %sys %iowait    %irq   %soft  %steal  %guest  %gnice   %idle
06:14:08 PM    0   12.50    0.00    0.96    0.00    0.00    4.81    0.00    0.00    0.00   81.73
06:14:08 PM    1   18.81    0.00    4.95    0.00    0.00    0.00    0.00    0.00    0.00   76.24

06:14:08 PM  CPU    %usr   %nice    %sys %iowait    %irq   %soft  %steal  %guest  %gnice   %idle
06:14:09 PM    0   16.67    0.00    1.96    0.00    0.00    1.96    0.00    0.00    0.00   79.41
06:14:09 PM    1   11.22    0.00    1.02    0.00    0.00    1.02    0.00    0.00    0.00   86.73

06:14:09 PM  CPU    %usr   %nice    %sys %iowait    %irq   %soft  %steal  %guest  %gnice   %idle
06:14:10 PM    0   14.85    0.00    1.98    0.00    0.00    0.99    0.00    0.00    0.00   82.18
06:14:10 PM    1   18.00    0.00    4.00    0.00    0.00    1.00    0.00    0.00    0.00   77.00

06:14:10 PM  CPU    %usr   %nice    %sys %iowait    %irq   %soft  %steal  %guest  %gnice   %idle
06:14:11 PM    0   19.42    0.00    4.85   13.59    0.00    2.91    0.00    0.00    0.00   59.22
06:14:11 PM    1   19.42    0.00    4.85    0.00    0.00    0.97    0.00    0.00    0.00   74.76

06:14:11 PM  CPU    %usr   %nice    %sys %iowait    %irq   %soft  %steal  %guest  %gnice   %idle
06:14:12 PM    0   20.79    0.00    4.95    0.00    0.00    0.99    0.00    0.00    0.00   73.27
06:14:12 PM    1   10.89    0.00    0.00    0.00    0.00    2.97    0.00    0.00    0.00   86.14

06:14:12 PM  CPU    %usr   %nice    %sys %iowait    %irq   %soft  %steal  %guest  %gnice   %idle
06:14:13 PM    0   16.04    0.00    0.94    0.00    0.00    4.72    0.00    0.00    0.00   78.30
06:14:13 PM    1   11.88    0.00    2.97    0.00    0.00    0.00    0.00    0.00    0.00   85.15

06:14:13 PM  CPU    %usr   %nice    %sys %iowait    %irq   %soft  %steal  %guest  %gnice   %idle
06:14:14 PM    0   14.29    0.00    2.86    0.00    0.00    4.76    0.00    0.00    0.00   78.10
06:14:14 PM    1   16.00    0.00    2.00    0.00    0.00    1.00    0.00    0.00    0.00   81.00

06:14:14 PM  CPU    %usr   %nice    %sys %iowait    %irq   %soft  %steal  %guest  %gnice   %idle
06:14:15 PM    0   25.24    0.00    1.94    0.00    0.00    1.94    0.00    0.00    0.00   70.87
06:14:15 PM    1   26.47    0.00    9.80    0.00    0.00    0.98    0.00    0.00    0.00   62.75

06:14:15 PM  CPU    %usr   %nice    %sys %iowait    %irq   %soft  %steal  %guest  %gnice   %idle
06:14:16 PM    0   28.85    0.00    2.88    0.00    0.00    1.92    0.00    0.00    0.00   66.35
06:14:16 PM    1   19.05    0.00    2.86    0.00    0.00    3.81    0.00    0.00    0.00   74.29

06:14:16 PM  CPU    %usr   %nice    %sys %iowait    %irq   %soft  %steal  %guest  %gnice   %idle
06:14:17 PM    0   20.95    0.00    1.90    0.00    0.00    5.71    0.00    0.00    0.00   71.43
06:14:17 PM    1   23.47    0.00    3.06    0.00    0.00    0.00    0.00    0.00    0.00   73.47

06:14:17 PM  CPU    %usr   %nice    %sys %iowait    %irq   %soft  %steal  %guest  %gnice   %idle
06:14:18 PM    0   10.00    0.00    1.00    0.00    0.00    2.00    0.00    0.00    0.00   87.00
06:14:18 PM    1   16.00    0.00    0.00    0.00    0.00    1.00    0.00    0.00    0.00   83.00

06:14:18 PM  CPU    %usr   %nice    %sys %iowait    %irq   %soft  %steal  %guest  %gnice   %idle
06:14:19 PM    0   19.19    0.00    6.06    0.00    0.00    1.01    0.00    0.00    0.00   73.74
06:14:19 PM    1   28.28    0.00    4.04    0.00    0.00    0.00    0.00    0.00    0.00   67.68

06:14:19 PM  CPU    %usr   %nice    %sys %iowait    %irq   %soft  %steal  %guest  %gnice   %idle
06:14:20 PM    0   23.47    0.00    1.02    0.00    0.00    1.02    0.00    0.00    0.00   74.49
06:14:20 PM    1   24.49    0.00    0.00    0.00    0.00    0.00    0.00    0.00    0.00   75.51

06:14:20 PM  CPU    %usr   %nice    %sys %iowait    %irq   %soft  %steal  %guest  %gnice   %idle
06:14:21 PM    0   18.10    0.00    2.86    0.00    0.00    4.76    0.00    0.00    0.00   74.29
06:14:21 PM    1   10.89    0.00    0.99    0.00    0.00    5.94    0.00    0.00    0.00   82.18

06:14:21 PM  CPU    %usr   %nice    %sys %iowait    %irq   %soft  %steal  %guest  %gnice   %idle
06:14:22 PM    0   34.65    0.00    3.96    0.00    0.00    0.00    0.00    0.00    0.00   61.39
06:14:22 PM    1    8.82    0.00    2.94    0.00    0.00    3.92    0.00    0.00    0.00   84.31

06:14:22 PM  CPU    %usr   %nice    %sys %iowait    %irq   %soft  %steal  %guest  %gnice   %idle
06:14:23 PM    0   18.18    0.00    4.04    2.02    0.00    1.01    0.00    0.00    0.00   74.75
06:14:23 PM    1   16.16    0.00    3.03    0.00    0.00    1.01    0.00    0.00    0.00   79.80

06:14:23 PM  CPU    %usr   %nice    %sys %iowait    %irq   %soft  %steal  %guest  %gnice   %idle
06:14:24 PM    0   14.85    0.00    1.98    0.00    0.00    2.97    0.00    0.00    0.00   80.20
06:14:24 PM    1   14.14    0.00    2.02    0.00    0.00    1.01    0.00    0.00    0.00   82.83

06:14:24 PM  CPU    %usr   %nice    %sys %iowait    %irq   %soft  %steal  %guest  %gnice   %idle
06:14:25 PM    0   20.00    0.00    0.95    0.00    0.00    4.76    0.00    0.00    0.00   74.29
06:14:25 PM    1   17.82    0.00    4.95    0.00    0.00    0.99    0.00    0.00    0.00   76.24

06:14:25 PM  CPU    %usr   %nice    %sys %iowait    %irq   %soft  %steal  %guest  %gnice   %idle
06:14:26 PM    0   23.08    0.00    1.92    0.00    0.00    2.88    0.00    0.00    0.00   72.12
06:14:26 PM    1    9.80    0.00    2.94    0.00    0.00    0.98    0.00    0.00    0.00   86.27

06:14:26 PM  CPU    %usr   %nice    %sys %iowait    %irq   %soft  %steal  %guest  %gnice   %idle
06:14:27 PM    0   31.68    0.00    7.92    0.00    0.00    1.98    0.00    0.00    0.00   58.42
06:14:27 PM    1   20.39    0.00    2.91    0.00    0.00    1.94    0.00    0.00    0.00   74.76

06:14:27 PM  CPU    %usr   %nice    %sys %iowait    %irq   %soft  %steal  %guest  %gnice   %idle
06:14:28 PM    0   17.00    0.00    1.00    0.00    0.00    4.00    0.00    0.00    0.00   78.00
06:14:28 PM    1   32.65    0.00    1.02    0.00    0.00    0.00    0.00    0.00    0.00   66.33

06:14:28 PM  CPU    %usr   %nice    %sys %iowait    %irq   %soft  %steal  %guest  %gnice   %idle
06:14:29 PM    0    9.09    0.00    2.02    0.00    0.00    2.02    0.00    0.00    0.00   86.87
06:14:29 PM    1   16.16    0.00    9.09    0.00    0.00    1.01    0.00    0.00    0.00   73.74

06:14:29 PM  CPU    %usr   %nice    %sys %iowait    %irq   %soft  %steal  %guest  %gnice   %idle
06:14:30 PM    0   15.53    0.00    2.91    0.00    0.00    2.91    0.00    0.00    0.00   78.64
06:14:30 PM    1   15.15    0.00    0.00    0.00    0.00    2.02    0.00    0.00    0.00   82.83

06:14:30 PM  CPU    %usr   %nice    %sys %iowait    %irq   %soft  %steal  %guest  %gnice   %idle
06:14:31 PM    0   20.95    0.00    1.90    0.00    0.00    2.86    0.00    0.00    0.00   74.29
06:14:31 PM    1   18.56    0.00    3.09    0.00    0.00    0.00    0.00    0.00    0.00   78.35

06:14:31 PM  CPU    %usr   %nice    %sys %iowait    %irq   %soft  %steal  %guest  %gnice   %idle
06:14:32 PM    0   19.19    0.00    9.09    0.00    0.00    1.01    0.00    0.00    0.00   70.71
06:14:32 PM    1   13.59    0.00    2.91    0.00    0.00    2.91    0.00    0.00    0.00   80.58

06:14:32 PM  CPU    %usr   %nice    %sys %iowait    %irq   %soft  %steal  %guest  %gnice   %idle
06:14:33 PM    0   13.86    0.00    0.00    0.00    0.00    1.98    0.00    0.00    0.00   84.16
06:14:33 PM    1   20.00    0.00    2.00    0.00    0.00    1.00    0.00    0.00    0.00   77.00

06:14:33 PM  CPU    %usr   %nice    %sys %iowait    %irq   %soft  %steal  %guest  %gnice   %idle
06:14:34 PM    0   25.24    0.00    9.71    0.00    0.00    2.91    0.00    0.00    0.00   62.14
06:14:34 PM    1   15.15    0.00    5.05    0.00    0.00    2.02    0.00    0.00    0.00   77.78

06:14:34 PM  CPU    %usr   %nice    %sys %iowait    %irq   %soft  %steal  %guest  %gnice   %idle
06:14:35 PM    0   13.86    0.00    2.97    0.00    0.00    3.96    0.00    0.00    0.00   79.21
06:14:35 PM    1   12.12    0.00    2.02    0.00    0.00    2.02    0.00    0.00    0.00   83.84

06:14:35 PM  CPU    %usr   %nice    %sys %iowait    %irq   %soft  %steal  %guest  %gnice   %idle
06:14:36 PM    0    8.82    0.00    2.94    0.00    0.00    2.94    0.00    0.00    0.00   85.29
06:14:36 PM    1   30.10    0.00    8.74    0.00    0.00    1.94    0.00    0.00    0.00   59.22

06:14:36 PM  CPU    %usr   %nice    %sys %iowait    %irq   %soft  %steal  %guest  %gnice   %idle
06:14:37 PM    0   23.08    0.00    1.92    0.00    0.00    3.85    0.00    0.00    0.00   71.15
06:14:37 PM    1   35.64    0.00    8.91    0.00    0.00    0.00    0.00    0.00    0.00   55.45

06:14:37 PM  CPU    %usr   %nice    %sys %iowait    %irq   %soft  %steal  %guest  %gnice   %idle
06:14:38 PM    0   21.57    0.00    4.90    0.00    0.00    1.96    0.00    0.00    0.00   71.57
06:14:38 PM    1   15.69    0.00    1.96    0.00    0.00    2.94    0.00    0.00    0.00   79.41

06:14:38 PM  CPU    %usr   %nice    %sys %iowait    %irq   %soft  %steal  %guest  %gnice   %idle
06:14:39 PM    0   23.53    0.00    1.96    0.00    0.00    0.98    0.00    0.00    0.00   73.53
06:14:39 PM    1   26.73    0.00    2.97    0.00    0.00    0.99    0.00    0.00    0.00   69.31

06:14:39 PM  CPU    %usr   %nice    %sys %iowait    %irq   %soft  %steal  %guest  %gnice   %idle
06:14:40 PM    0   16.00    0.00    2.00    0.00    0.00    3.00    0.00    0.00    0.00   79.00
06:14:40 PM    1   23.23    0.00    2.02    0.00    0.00    1.01    0.00    0.00    0.00   73.74

06:14:40 PM  CPU    %usr   %nice    %sys %iowait    %irq   %soft  %steal  %guest  %gnice   %idle
06:14:41 PM    0   19.00    0.00    9.00    0.00    0.00    2.00    0.00    0.00    0.00   70.00
06:14:41 PM    1   22.55    0.00    2.94    0.00    0.00    0.98    0.00    0.00    0.00   73.53

06:14:41 PM  CPU    %usr   %nice    %sys %iowait    %irq   %soft  %steal  %guest  %gnice   %idle
06:14:42 PM    0   14.56    0.00    1.94    0.00    0.00    2.91    0.00    0.00    0.00   80.58
06:14:42 PM    1   17.00    0.00    1.00    0.00    0.00    1.00    0.00    0.00    0.00   81.00

06:14:42 PM  CPU    %usr   %nice    %sys %iowait    %irq   %soft  %steal  %guest  %gnice   %idle
06:14:43 PM    0    8.00    0.00    6.00    0.00    0.00    3.00    0.00    0.00    0.00   83.00
06:14:43 PM    1   22.22    0.00    0.00    0.00    0.00    1.01    0.00    0.00    0.00   76.77

06:14:43 PM  CPU    %usr   %nice    %sys %iowait    %irq   %soft  %steal  %guest  %gnice   %idle
06:14:44 PM    0   33.01    0.00    2.91    0.00    0.00    2.91    0.00    0.00    0.00   61.17
06:14:44 PM    1   27.88    0.00    6.73    0.00    0.00    1.92    0.00    0.00    0.00   63.46

06:14:44 PM  CPU    %usr   %nice    %sys %iowait    %irq   %soft  %steal  %guest  %gnice   %idle
06:14:45 PM    0   13.86    0.00    2.97    0.00    0.00    1.98    0.00    0.00    0.00   81.19
06:14:45 PM    1   12.75    0.00    2.94    0.00    0.00    1.96    0.00    0.00    0.00   82.35

06:14:45 PM  CPU    %usr   %nice    %sys %iowait    %irq   %soft  %steal  %guest  %gnice   %idle
06:14:46 PM    0   19.59    0.00    1.03    0.00    0.00    0.00    0.00    0.00    0.00   79.38
06:14:46 PM    1   14.14    0.00    2.02    0.00    0.00    1.01    0.00    0.00    0.00   82.83

06:14:46 PM  CPU    %usr   %nice    %sys %iowait    %irq   %soft  %steal  %guest  %gnice   %idle
06:14:47 PM    0   24.00    0.00    2.00    0.00    0.00    2.00    0.00    0.00    0.00   72.00
06:14:47 PM    1   20.20    0.00    2.02    0.00    0.00    2.02    0.00    0.00    0.00   75.76

06:14:47 PM  CPU    %usr   %nice    %sys %iowait    %irq   %soft  %steal  %guest  %gnice   %idle
06:14:48 PM    0   15.38    0.00    0.96    0.00    0.00    3.85    0.00    0.00    0.00   79.81
06:14:48 PM    1   18.63    0.00    2.94    0.00    0.00    0.98    0.00    0.00    0.00   77.45

06:14:48 PM  CPU    %usr   %nice    %sys %iowait    %irq   %soft  %steal  %guest  %gnice   %idle
06:14:49 PM    0   10.00    0.00    2.73    0.00    0.00    6.36    0.00    0.00    0.00   80.91
06:14:49 PM    1   24.04    0.00    0.96    0.00    0.00    0.96    0.00    0.00    0.00   74.04

06:14:49 PM  CPU    %usr   %nice    %sys %iowait    %irq   %soft  %steal  %guest  %gnice   %idle
06:14:50 PM    0    9.09    0.00    2.02    0.00    0.00    2.02    0.00    0.00    0.00   86.87
06:14:50 PM    1   20.79    0.00    0.99    0.00    0.00    0.00    0.00    0.00    0.00   78.22

06:14:50 PM  CPU    %usr   %nice    %sys %iowait    %irq   %soft  %steal  %guest  %gnice   %idle
06:14:51 PM    0   25.96    0.00    1.92    0.00    0.00    3.85    0.00    0.00    0.00   68.27
06:14:51 PM    1   26.21    0.00    2.91    0.00    0.00    0.97    0.00    0.00    0.00   69.90

06:14:51 PM  CPU    %usr   %nice    %sys %iowait    %irq   %soft  %steal  %guest  %gnice   %idle
06:14:52 PM    0   28.00    0.00    1.00    0.00    0.00    0.00    0.00    0.00    0.00   71.00
06:14:52 PM    1   17.48    0.00    3.88    0.00    0.00    1.94    0.00    0.00    0.00   76.70

06:14:52 PM  CPU    %usr   %nice    %sys %iowait    %irq   %soft  %steal  %guest  %gnice   %idle
06:14:53 PM    0   25.25    0.00    0.00    0.00    0.00    0.00    0.00    0.00    0.00   74.75
06:14:53 PM    1   20.41    0.00    0.00    0.00    0.00    1.02    0.00    0.00    0.00   78.57

06:14:53 PM  CPU    %usr   %nice    %sys %iowait    %irq   %soft  %steal  %guest  %gnice   %idle
06:14:54 PM    0   16.35    0.00    3.85    0.00    0.00    1.92    0.00    0.00    0.00   77.88
06:14:54 PM    1   12.12    0.00    3.03    0.00    0.00    3.03    0.00    0.00    0.00   81.82

06:14:54 PM  CPU    %usr   %nice    %sys %iowait    %irq   %soft  %steal  %guest  %gnice   %idle
06:14:55 PM    0   15.00    0.00    2.00    0.00    0.00    1.00    0.00    0.00    0.00   82.00
06:14:55 PM    1   14.14    0.00    3.03    0.00    0.00    2.02    0.00    0.00    0.00   80.81

06:14:55 PM  CPU    %usr   %nice    %sys %iowait    %irq   %soft  %steal  %guest  %gnice   %idle
06:14:56 PM    0   17.00    0.00    2.00    0.00    0.00    1.00    0.00    0.00    0.00   80.00
06:14:56 PM    1   11.54    0.00    3.85    0.00    0.00    1.92    0.00    0.00    0.00   82.69

06:14:56 PM  CPU    %usr   %nice    %sys %iowait    %irq   %soft  %steal  %guest  %gnice   %idle
06:14:57 PM    0   24.00    0.00    5.00    0.00    0.00    2.00    0.00    0.00    0.00   69.00
06:14:57 PM    1   13.00    0.00    1.00    0.00    0.00    3.00    0.00    0.00    0.00   83.00

06:14:57 PM  CPU    %usr   %nice    %sys %iowait    %irq   %soft  %steal  %guest  %gnice   %idle
06:14:58 PM    0   15.84    0.00    0.99    0.00    0.00    1.98    0.00    0.00    0.00   81.19
06:14:58 PM    1   14.14    0.00    1.01    0.00    0.00    1.01    0.00    0.00    0.00   83.84

06:14:58 PM  CPU    %usr   %nice    %sys %iowait    %irq   %soft  %steal  %guest  %gnice   %idle
06:14:59 PM    0   23.00    0.00    3.00    0.00    0.00    1.00    0.00    0.00    0.00   73.00
06:14:59 PM    1   21.43    0.00    2.04    0.00    0.00    0.00    0.00    0.00    0.00   76.53

06:14:59 PM  CPU    %usr   %nice    %sys %iowait    %irq   %soft  %steal  %guest  %gnice   %idle
06:15:00 PM    0   21.70    0.00    3.77    0.00    0.00    5.66    0.00    0.00    0.00   68.87
06:15:00 PM    1   19.80    0.00    1.98    0.00    0.00    1.98    0.00    0.00    0.00   76.24

06:15:00 PM  CPU    %usr   %nice    %sys %iowait    %irq   %soft  %steal  %guest  %gnice   %idle
06:15:01 PM    0   17.14    0.00    3.81    0.00    0.00    2.86    0.00    0.00    0.00   76.19
06:15:01 PM    1   23.53    0.00    7.84    0.00    0.00    0.00    0.00    0.00    0.00   68.63

06:15:01 PM  CPU    %usr   %nice    %sys %iowait    %irq   %soft  %steal  %guest  %gnice   %idle
06:15:02 PM    0   22.12    0.00    4.81    0.00    0.00    0.96    0.00    0.00    0.00   72.12
06:15:02 PM    1   19.80    0.00    1.98    0.00    0.00    0.99    0.00    0.00    0.00   77.23

06:15:02 PM  CPU    %usr   %nice    %sys %iowait    %irq   %soft  %steal  %guest  %gnice   %idle
06:15:03 PM    0   20.19    0.00    0.96    0.00    0.00    2.88    0.00    0.00    0.00   75.96
06:15:03 PM    1   27.18    0.00    3.88    0.00    0.00    1.94    0.00    0.00    0.00   66.99

06:15:03 PM  CPU    %usr   %nice    %sys %iowait    %irq   %soft  %steal  %guest  %gnice   %idle
06:15:04 PM    0   14.56    0.00    3.88    0.97    0.00    2.91    0.00    0.00    0.00   77.67
06:15:04 PM    1   18.81    0.00    8.91    0.00    0.00    0.99    0.00    0.00    0.00   71.29

06:15:04 PM  CPU    %usr   %nice    %sys %iowait    %irq   %soft  %steal  %guest  %gnice   %idle
06:15:05 PM    0   12.75    0.00    0.98    0.00    0.00    3.92    0.00    0.00    0.00   82.35
06:15:05 PM    1   15.31    0.00    3.06    0.00    0.00    0.00    0.00    0.00    0.00   81.63

Average:     CPU    %usr   %nice    %sys %iowait    %irq   %soft  %steal  %guest  %gnice   %idle
Average:       0   15.33    0.00    2.58    0.20    0.00    2.42    0.00    0.00    0.00   79.47
Average:       1   14.90    0.00    2.56    0.00    0.00    1.19    0.00    0.00    0.00   81.34
