Linux 5.3.0-59-generic (ericmei) 	06/29/2020 	_x86_64_	(12 CPU)

06:15:42 PM  CPU    %usr   %nice    %sys %iowait    %irq   %soft  %steal  %guest  %gnice   %idle
06:15:43 PM    0   22.34    0.00   11.70    0.00    0.00    5.32    0.00    0.00    0.00   60.64
06:15:43 PM    1   23.91    0.00    9.78    0.00    0.00    5.43    0.00    0.00    0.00   60.87

06:15:43 PM  CPU    %usr   %nice    %sys %iowait    %irq   %soft  %steal  %guest  %gnice   %idle
06:15:44 PM    0   31.96    0.00    8.25    0.00    0.00    3.09    0.00    0.00    0.00   56.70
06:15:44 PM    1   28.42    0.00    9.47    0.00    0.00    2.11    0.00    0.00    0.00   60.00

06:15:44 PM  CPU    %usr   %nice    %sys %iowait    %irq   %soft  %steal  %guest  %gnice   %idle
06:15:45 PM    0   26.80    0.00   10.31    0.00    0.00    5.15    0.00    0.00    0.00   57.73
06:15:45 PM    1   21.74    0.00   10.87    0.00    0.00    2.17    0.00    0.00    0.00   65.22

06:15:45 PM  CPU    %usr   %nice    %sys %iowait    %irq   %soft  %steal  %guest  %gnice   %idle
06:15:46 PM    0   25.25    0.00   13.13    0.00    0.00    6.06    0.00    0.00    0.00   55.56
06:15:46 PM    1   26.09    0.00    9.78    0.00    0.00    3.26    0.00    0.00    0.00   60.87

06:15:46 PM  CPU    %usr   %nice    %sys %iowait    %irq   %soft  %steal  %guest  %gnice   %idle
06:15:47 PM    0   24.24    0.00   11.11    0.00    0.00    6.06    0.00    0.00    0.00   58.59
06:15:47 PM    1   22.58    0.00   10.75    0.00    0.00    4.30    0.00    0.00    0.00   62.37

06:15:47 PM  CPU    %usr   %nice    %sys %iowait    %irq   %soft  %steal  %guest  %gnice   %idle
06:15:48 PM    0   33.33    0.00   18.75    0.00    0.00    3.12    0.00    0.00    0.00   44.79
06:15:48 PM    1   42.71    0.00   13.54    0.00    0.00    1.04    0.00    0.00    0.00   42.71

06:15:48 PM  CPU    %usr   %nice    %sys %iowait    %irq   %soft  %steal  %guest  %gnice   %idle
06:15:49 PM    0   29.17    0.00   10.42    0.00    0.00    4.17    0.00    0.00    0.00   56.25
06:15:49 PM    1   28.42    0.00    7.37    0.00    0.00    4.21    0.00    0.00    0.00   60.00

06:15:49 PM  CPU    %usr   %nice    %sys %iowait    %irq   %soft  %steal  %guest  %gnice   %idle
06:15:50 PM    0   23.40    0.00    7.45    0.00    0.00    6.38    0.00    0.00    0.00   62.77
06:15:50 PM    1   25.00    0.00    8.70    0.00    0.00    2.17    0.00    0.00    0.00   64.13

06:15:50 PM  CPU    %usr   %nice    %sys %iowait    %irq   %soft  %steal  %guest  %gnice   %idle
06:15:51 PM    0   22.11    0.00    9.47    0.00    0.00    5.26    0.00    0.00    0.00   63.16
06:15:51 PM    1   19.15    0.00   10.64    0.00    0.00    4.26    0.00    0.00    0.00   65.96

06:15:51 PM  CPU    %usr   %nice    %sys %iowait    %irq   %soft  %steal  %guest  %gnice   %idle
06:15:52 PM    0   20.62    0.00   14.43    0.00    0.00    4.12    0.00    0.00    0.00   60.82
06:15:52 PM    1   20.43    0.00   11.83    0.00    0.00    4.30    0.00    0.00    0.00   63.44

06:15:52 PM  CPU    %usr   %nice    %sys %iowait    %irq   %soft  %steal  %guest  %gnice   %idle
06:15:53 PM    0   25.53    0.00    8.51    0.00    0.00    4.26    0.00    0.00    0.00   61.70
06:15:53 PM    1   18.68    0.00    9.89    0.00    0.00    3.30    0.00    0.00    0.00   68.13

06:15:53 PM  CPU    %usr   %nice    %sys %iowait    %irq   %soft  %steal  %guest  %gnice   %idle
06:15:54 PM    0   27.72    0.00   12.87    0.00    0.00    2.97    0.00    0.00    0.00   56.44
06:15:54 PM    1   24.73    0.00    9.68    0.00    0.00    3.23    0.00    0.00    0.00   62.37

06:15:54 PM  CPU    %usr   %nice    %sys %iowait    %irq   %soft  %steal  %guest  %gnice   %idle
06:15:55 PM    0   23.96    0.00   11.46    0.00    0.00    3.12    0.00    0.00    0.00   61.46
06:15:55 PM    1   21.35    0.00   11.24    0.00    0.00    2.25    0.00    0.00    0.00   65.17

06:15:55 PM  CPU    %usr   %nice    %sys %iowait    %irq   %soft  %steal  %guest  %gnice   %idle
06:15:56 PM    0   26.80    0.00   10.31    0.00    0.00    5.15    0.00    0.00    0.00   57.73
06:15:56 PM    1   23.91    0.00   10.87    0.00    0.00    2.17    0.00    0.00    0.00   63.04

06:15:56 PM  CPU    %usr   %nice    %sys %iowait    %irq   %soft  %steal  %guest  %gnice   %idle
06:15:57 PM    0   22.45    0.00   10.20    0.00    0.00    7.14    0.00    0.00    0.00   60.20
06:15:57 PM    1   22.11    0.00    7.37    0.00    0.00    4.21    0.00    0.00    0.00   66.32

06:15:57 PM  CPU    %usr   %nice    %sys %iowait    %irq   %soft  %steal  %guest  %gnice   %idle
06:15:58 PM    0   24.53    0.00    6.60    0.00    0.00    2.83    0.00    0.00    0.00   66.04
06:15:58 PM    1   22.45    0.00    3.06    0.00    0.00    2.04    0.00    0.00    0.00   72.45

06:15:58 PM  CPU    %usr   %nice    %sys %iowait    %irq   %soft  %steal  %guest  %gnice   %idle
06:15:59 PM    0   32.29    0.00    6.25    0.00    0.00    0.00    0.00    0.00    0.00   61.46
06:15:59 PM    1   51.49    0.00    5.94    0.00    0.00    0.00    0.00    0.00    0.00   42.57

06:15:59 PM  CPU    %usr   %nice    %sys %iowait    %irq   %soft  %steal  %guest  %gnice   %idle
06:16:00 PM    0   18.45    0.00    2.91    0.00    0.00    3.88    0.00    0.00    0.00   74.76
06:16:00 PM    1   14.85    0.00    1.98    0.00    0.00    1.98    0.00    0.00    0.00   81.19

06:16:00 PM  CPU    %usr   %nice    %sys %iowait    %irq   %soft  %steal  %guest  %gnice   %idle
06:16:01 PM    0    8.49    0.00    1.89    0.00    0.00    4.72    0.00    0.00    0.00   84.91
06:16:01 PM    1   10.10    0.00    0.00    0.00    0.00    1.01    0.00    0.00    0.00   88.89

06:16:01 PM  CPU    %usr   %nice    %sys %iowait    %irq   %soft  %steal  %guest  %gnice   %idle
06:16:02 PM    0   17.48    0.00    2.91    0.00    0.00    2.91    0.00    0.00    0.00   76.70
06:16:02 PM    1   10.89    0.00    1.98    2.97    0.00    1.98    0.00    0.00    0.00   82.18

06:16:02 PM  CPU    %usr   %nice    %sys %iowait    %irq   %soft  %steal  %guest  %gnice   %idle
06:16:03 PM    0   30.39    0.00    0.98    0.00    0.00    0.98    0.00    0.00    0.00   67.65
06:16:03 PM    1   20.39    0.00    3.88    0.00    0.00    1.94    0.00    0.00    0.00   73.79

06:16:03 PM  CPU    %usr   %nice    %sys %iowait    %irq   %soft  %steal  %guest  %gnice   %idle
06:16:04 PM    0   29.00    0.00    0.00    0.00    0.00    0.00    0.00    0.00    0.00   71.00
06:16:04 PM    1   27.27    0.00    8.08    0.00    0.00    1.01    0.00    0.00    0.00   63.64

06:16:04 PM  CPU    %usr   %nice    %sys %iowait    %irq   %soft  %steal  %guest  %gnice   %idle
06:16:05 PM    0    9.28    0.00    5.15    0.00    0.00    1.03    0.00    0.00    0.00   84.54
06:16:05 PM    1   15.31    0.00    3.06    0.00    0.00    1.02    0.00    0.00    0.00   80.61

06:16:05 PM  CPU    %usr   %nice    %sys %iowait    %irq   %soft  %steal  %guest  %gnice   %idle
06:16:06 PM    0   13.46    0.00    4.81    0.00    0.00    5.77    0.00    0.00    0.00   75.96
06:16:06 PM    1   13.40    0.00    1.03    0.00    0.00    1.03    0.00    0.00    0.00   84.54

06:16:06 PM  CPU    %usr   %nice    %sys %iowait    %irq   %soft  %steal  %guest  %gnice   %idle
06:16:07 PM    0   13.59    0.00    1.94    0.00    0.00    3.88    0.00    0.00    0.00   80.58
06:16:07 PM    1   21.57    0.00    3.92    0.00    0.00    1.96    0.00    0.00    0.00   72.55

06:16:07 PM  CPU    %usr   %nice    %sys %iowait    %irq   %soft  %steal  %guest  %gnice   %idle
06:16:08 PM    0   33.65    0.00    1.92    0.00    0.00    0.96    0.00    0.00    0.00   63.46
06:16:08 PM    1   33.33    0.00    1.96    0.00    0.00    0.00    0.00    0.00    0.00   64.71

06:16:08 PM  CPU    %usr   %nice    %sys %iowait    %irq   %soft  %steal  %guest  %gnice   %idle
06:16:09 PM    0   23.08    0.00    2.88    0.00    0.00    2.88    0.00    0.00    0.00   71.15
06:16:09 PM    1   24.00    0.00    2.00    0.00    0.00    1.00    0.00    0.00    0.00   73.00

06:16:09 PM  CPU    %usr   %nice    %sys %iowait    %irq   %soft  %steal  %guest  %gnice   %idle
06:16:10 PM    0   21.78    0.00    0.00    0.00    0.00    1.98    0.00    0.00    0.00   76.24
06:16:10 PM    1   19.61    0.00    1.96    0.00    0.00    0.00    0.00    0.00    0.00   78.43

06:16:10 PM  CPU    %usr   %nice    %sys %iowait    %irq   %soft  %steal  %guest  %gnice   %idle
06:16:11 PM    0   26.67    0.00    0.95    0.00    0.00    0.95    0.00    0.00    0.00   71.43
06:16:11 PM    1   24.27    0.00    9.71    0.00    0.00    0.97    0.00    0.00    0.00   65.05

06:16:11 PM  CPU    %usr   %nice    %sys %iowait    %irq   %soft  %steal  %guest  %gnice   %idle
06:16:12 PM    0   21.21    0.00    0.00    0.00    0.00    1.01    0.00    0.00    0.00   77.78
06:16:12 PM    1   32.65    0.00    4.08    0.00    0.00    0.00    0.00    0.00    0.00   63.27

06:16:12 PM  CPU    %usr   %nice    %sys %iowait    %irq   %soft  %steal  %guest  %gnice   %idle
06:16:13 PM    0   19.42    0.00    2.91    0.00    0.00    2.91    0.00    0.00    0.00   74.76
06:16:13 PM    1   14.85    0.00    3.96    0.00    0.00    2.97    0.00    0.00    0.00   78.22

06:16:13 PM  CPU    %usr   %nice    %sys %iowait    %irq   %soft  %steal  %guest  %gnice   %idle
06:16:14 PM    0   13.21    0.00    1.89    0.00    0.00    7.55    0.00    0.00    0.00   77.36
06:16:14 PM    1   31.00    0.00    2.00    0.00    0.00    0.00    0.00    0.00    0.00   67.00

06:16:14 PM  CPU    %usr   %nice    %sys %iowait    %irq   %soft  %steal  %guest  %gnice   %idle
06:16:15 PM    0   17.65    0.00    1.96    0.00    0.00    2.94    0.00    0.00    0.00   77.45
06:16:15 PM    1   13.13    0.00    2.02    0.00    0.00    1.01    0.00    0.00    0.00   83.84

06:16:15 PM  CPU    %usr   %nice    %sys %iowait    %irq   %soft  %steal  %guest  %gnice   %idle
06:16:16 PM    0   26.17    0.00    2.80    0.00    0.00    4.67    0.00    0.00    0.00   66.36
06:16:16 PM    1   23.23    0.00    2.02    0.00    0.00    4.04    0.00    0.00    0.00   70.71

06:16:16 PM  CPU    %usr   %nice    %sys %iowait    %irq   %soft  %steal  %guest  %gnice   %idle
06:16:17 PM    0   11.65    0.00    2.91    0.00    0.00    5.83    0.00    0.00    0.00   79.61
06:16:17 PM    1   15.15    0.00    0.00    0.00    0.00    1.01    0.00    0.00    0.00   83.84

06:16:17 PM  CPU    %usr   %nice    %sys %iowait    %irq   %soft  %steal  %guest  %gnice   %idle
06:16:18 PM    0    9.35    0.00    0.93    0.00    0.00    5.61    0.00    0.00    0.00   84.11
06:16:18 PM    1   19.19    0.00    4.04    0.00    0.00    1.01    0.00    0.00    0.00   75.76

06:16:18 PM  CPU    %usr   %nice    %sys %iowait    %irq   %soft  %steal  %guest  %gnice   %idle
06:16:19 PM    0   12.00    0.00    2.00    0.00    0.00    3.00    0.00    0.00    0.00   83.00
06:16:19 PM    1   20.00    0.00    6.00    0.00    0.00    0.00    0.00    0.00    0.00   74.00

06:16:19 PM  CPU    %usr   %nice    %sys %iowait    %irq   %soft  %steal  %guest  %gnice   %idle
06:16:20 PM    0   19.23    0.00    4.81    0.00    0.00    1.92    0.00    0.00    0.00   74.04
06:16:20 PM    1   10.68    0.00    1.94    0.00    0.00    1.94    0.00    0.00    0.00   85.44

06:16:20 PM  CPU    %usr   %nice    %sys %iowait    %irq   %soft  %steal  %guest  %gnice   %idle
06:16:21 PM    0   17.65    0.00    6.86    0.00    0.00    0.98    0.00    0.00    0.00   74.51
06:16:21 PM    1   11.88    0.00    0.99    0.00    0.00    1.98    0.00    0.00    0.00   85.15

06:16:21 PM  CPU    %usr   %nice    %sys %iowait    %irq   %soft  %steal  %guest  %gnice   %idle
06:16:22 PM    0   17.65    0.00    1.96    0.00    0.00    1.96    0.00    0.00    0.00   78.43
06:16:22 PM    1   21.36    0.00    3.88    0.00    0.00    0.97    0.00    0.00    0.00   73.79

06:16:22 PM  CPU    %usr   %nice    %sys %iowait    %irq   %soft  %steal  %guest  %gnice   %idle
06:16:23 PM    0   12.26    0.00    3.77    0.00    0.00    5.66    0.00    0.00    0.00   78.30
06:16:23 PM    1   20.19    0.00    0.96    0.00    0.00    1.92    0.00    0.00    0.00   76.92

06:16:23 PM  CPU    %usr   %nice    %sys %iowait    %irq   %soft  %steal  %guest  %gnice   %idle
06:16:24 PM    0   17.82    0.00    7.92    0.00    0.00    3.96    0.00    0.00    0.00   70.30
06:16:24 PM    1   11.76    0.00    0.98    0.00    0.00    4.90    0.00    0.00    0.00   82.35

06:16:24 PM  CPU    %usr   %nice    %sys %iowait    %irq   %soft  %steal  %guest  %gnice   %idle
06:16:25 PM    0   24.04    0.00    8.65    0.00    0.00    2.88    0.00    0.00    0.00   64.42
06:16:25 PM    1   15.69    0.00    2.94    0.00    0.00    1.96    0.00    0.00    0.00   79.41

06:16:25 PM  CPU    %usr   %nice    %sys %iowait    %irq   %soft  %steal  %guest  %gnice   %idle
06:16:26 PM    0   31.00    0.00    4.00    0.00    0.00    2.00    0.00    0.00    0.00   63.00
06:16:26 PM    1   18.18    0.00    2.02    0.00    0.00    2.02    0.00    0.00    0.00   77.78

06:16:26 PM  CPU    %usr   %nice    %sys %iowait    %irq   %soft  %steal  %guest  %gnice   %idle
06:16:27 PM    0   16.35    0.00    2.88    0.00    0.00    4.81    0.00    0.00    0.00   75.96
06:16:27 PM    1   15.00    0.00    2.00    2.00    0.00    2.00    0.00    0.00    0.00   79.00

06:16:27 PM  CPU    %usr   %nice    %sys %iowait    %irq   %soft  %steal  %guest  %gnice   %idle
06:16:28 PM    0    9.52    0.00    1.90    0.00    0.00    3.81    0.00    0.00    0.00   84.76
06:16:28 PM    1   10.20    0.00    2.04    0.00    0.00    0.00    0.00    0.00    0.00   87.76

06:16:28 PM  CPU    %usr   %nice    %sys %iowait    %irq   %soft  %steal  %guest  %gnice   %idle
06:16:29 PM    0   14.29    0.00    5.10    0.00    0.00    2.04    0.00    0.00    0.00   78.57
06:16:29 PM    1   25.00    0.00    4.00    0.00    0.00    1.00    0.00    0.00    0.00   70.00

06:16:29 PM  CPU    %usr   %nice    %sys %iowait    %irq   %soft  %steal  %guest  %gnice   %idle
06:16:30 PM    0    9.71    0.00    1.94    0.00    0.00    4.85    0.00    0.00    0.00   83.50
06:16:30 PM    1   19.00    0.00    4.00    0.00    0.00    1.00    0.00    0.00    0.00   76.00

06:16:30 PM  CPU    %usr   %nice    %sys %iowait    %irq   %soft  %steal  %guest  %gnice   %idle
06:16:31 PM    0    2.88    0.00    1.92    0.00    0.00    6.73    0.00    0.00    0.00   88.46
06:16:31 PM    1    9.00    0.00    2.00    0.00    0.00    1.00    0.00    0.00    0.00   88.00

06:16:31 PM  CPU    %usr   %nice    %sys %iowait    %irq   %soft  %steal  %guest  %gnice   %idle
06:16:32 PM    0   15.24    0.00    4.76    1.90    0.00    4.76    0.00    0.00    0.00   73.33
06:16:32 PM    1   24.51    0.00    6.86    0.00    0.00    1.96    0.00    0.00    0.00   66.67

06:16:32 PM  CPU    %usr   %nice    %sys %iowait    %irq   %soft  %steal  %guest  %gnice   %idle
06:16:33 PM    0   14.15    0.00    4.72    0.00    0.00    2.83    0.00    0.00    0.00   78.30
06:16:33 PM    1   24.04    0.00    2.88    0.00    0.00    0.96    0.00    0.00    0.00   72.12

06:16:33 PM  CPU    %usr   %nice    %sys %iowait    %irq   %soft  %steal  %guest  %gnice   %idle
06:16:34 PM    0   16.16    0.00    2.02    0.00    0.00    3.03    0.00    0.00    0.00   78.79
06:16:34 PM    1   10.42    0.00    2.08    0.00    0.00    0.00    0.00    0.00    0.00   87.50

06:16:34 PM  CPU    %usr   %nice    %sys %iowait    %irq   %soft  %steal  %guest  %gnice   %idle
06:16:35 PM    0   22.33    0.00    0.97    0.00    0.00    3.88    0.00    0.00    0.00   72.82
06:16:35 PM    1   15.24    0.00    3.81    0.00    0.00    1.90    0.00    0.00    0.00   79.05

06:16:35 PM  CPU    %usr   %nice    %sys %iowait    %irq   %soft  %steal  %guest  %gnice   %idle
06:16:36 PM    0   12.62    0.00    0.00    0.00    0.00    3.88    0.00    0.00    0.00   83.50
06:16:36 PM    1    6.93    0.00    0.99    0.00    0.00    0.00    0.00    0.00    0.00   92.08

06:16:36 PM  CPU    %usr   %nice    %sys %iowait    %irq   %soft  %steal  %guest  %gnice   %idle
06:16:37 PM    0   18.45    0.00    1.94    0.00    0.00    4.85    0.00    0.00    0.00   74.76
06:16:37 PM    1   50.51    0.00    7.07    0.00    0.00    0.00    0.00    0.00    0.00   42.42

06:16:37 PM  CPU    %usr   %nice    %sys %iowait    %irq   %soft  %steal  %guest  %gnice   %idle
06:16:38 PM    0   12.12    0.00    2.02    0.00    0.00    4.04    0.00    0.00    0.00   81.82
06:16:38 PM    1   18.63    0.00    1.96    0.00    0.00    0.98    0.00    0.00    0.00   78.43

06:16:38 PM  CPU    %usr   %nice    %sys %iowait    %irq   %soft  %steal  %guest  %gnice   %idle
06:16:39 PM    0   11.88    0.00    5.94    0.00    0.00    1.98    0.00    0.00    0.00   80.20
06:16:39 PM    1   26.47    0.00   10.78    0.00    0.00    0.98    0.00    0.00    0.00   61.76

06:16:39 PM  CPU    %usr   %nice    %sys %iowait    %irq   %soft  %steal  %guest  %gnice   %idle
06:16:40 PM    0    8.57    0.00    0.95    0.95    0.00    6.67    0.00    0.00    0.00   82.86
06:16:40 PM    1   18.95    0.00    5.26    0.00    0.00    0.00    0.00    0.00    0.00   75.79

06:16:40 PM  CPU    %usr   %nice    %sys %iowait    %irq   %soft  %steal  %guest  %gnice   %idle
06:16:41 PM    0    6.93    0.00    0.99    0.00    0.00    3.96    0.00    0.00    0.00   88.12
06:16:41 PM    1   12.00    0.00    4.00    0.00    0.00    1.00    0.00    0.00    0.00   83.00

06:16:41 PM  CPU    %usr   %nice    %sys %iowait    %irq   %soft  %steal  %guest  %gnice   %idle
06:16:42 PM    0   20.79    0.00    1.98    0.00    0.00    1.98    0.00    0.00    0.00   75.25
06:16:42 PM    1   24.24    0.00    3.03    0.00    0.00    1.01    0.00    0.00    0.00   71.72

06:16:42 PM  CPU    %usr   %nice    %sys %iowait    %irq   %soft  %steal  %guest  %gnice   %idle
06:16:43 PM    0   18.63    0.00    5.88    0.00    0.00    2.94    0.00    0.00    0.00   72.55
06:16:43 PM    1   20.59    0.00    0.98    0.00    0.00    2.94    0.00    0.00    0.00   75.49

06:16:43 PM  CPU    %usr   %nice    %sys %iowait    %irq   %soft  %steal  %guest  %gnice   %idle
06:16:44 PM    0   22.12    0.00    1.92    0.00    0.00    2.88    0.00    0.00    0.00   73.08
06:16:44 PM    1   14.56    0.00    4.85    0.00    0.00    0.97    0.00    0.00    0.00   79.61

06:16:44 PM  CPU    %usr   %nice    %sys %iowait    %irq   %soft  %steal  %guest  %gnice   %idle
06:16:45 PM    0    8.82    0.00    1.96    0.00    0.00    2.94    0.00    0.00    0.00   86.27
06:16:45 PM    1   12.50    0.00    1.92    0.96    0.00    3.85    0.00    0.00    0.00   80.77

06:16:45 PM  CPU    %usr   %nice    %sys %iowait    %irq   %soft  %steal  %guest  %gnice   %idle
06:16:46 PM    0   10.19    0.00    1.85    0.00    0.00    5.56    0.00    0.00    0.00   82.41
06:16:46 PM    1   21.57    0.00    0.00    0.00    0.00    0.00    0.00    0.00    0.00   78.43

06:16:46 PM  CPU    %usr   %nice    %sys %iowait    %irq   %soft  %steal  %guest  %gnice   %idle
06:16:47 PM    0    5.71    0.00    1.90    0.00    0.00    2.86    0.00    0.00    0.00   89.52
06:16:47 PM    1    6.00    0.00    1.00    0.00    0.00    0.00    0.00    0.00    0.00   93.00

06:16:47 PM  CPU    %usr   %nice    %sys %iowait    %irq   %soft  %steal  %guest  %gnice   %idle
06:16:48 PM    0    0.00    0.00    0.00    0.00    0.00    0.00    0.00    0.00    0.00  100.00
06:16:48 PM    1    0.00    0.00    0.00    0.00    0.00    0.00    0.00    0.00    0.00  100.00

06:16:48 PM  CPU    %usr   %nice    %sys %iowait    %irq   %soft  %steal  %guest  %gnice   %idle
06:16:49 PM    0   28.30    0.00    5.66    0.00    0.00    4.72    0.00    0.00    0.00   61.32
06:16:49 PM    1   11.00    0.00    2.00    0.00    0.00    2.00    0.00    0.00    0.00   85.00

06:16:49 PM  CPU    %usr   %nice    %sys %iowait    %irq   %soft  %steal  %guest  %gnice   %idle
06:16:50 PM    0   23.08    0.00    0.96    0.00    0.00    1.92    0.00    0.00    0.00   74.04
06:16:50 PM    1   20.19    0.00    0.00    0.00    0.00    4.81    0.00    0.00    0.00   75.00

06:16:50 PM  CPU    %usr   %nice    %sys %iowait    %irq   %soft  %steal  %guest  %gnice   %idle
06:16:51 PM    0    8.82    0.00    1.96    0.00    0.00    3.92    0.00    0.00    0.00   85.29
06:16:51 PM    1   13.00    0.00    1.00    0.00    0.00    2.00    0.00    0.00    0.00   84.00

06:16:51 PM  CPU    %usr   %nice    %sys %iowait    %irq   %soft  %steal  %guest  %gnice   %idle
06:16:52 PM    0   20.75    0.00    4.72    0.00    0.00    4.72    0.00    0.00    0.00   69.81
06:16:52 PM    1   20.20    0.00    3.03    0.00    0.00    1.01    0.00    0.00    0.00   75.76

06:16:52 PM  CPU    %usr   %nice    %sys %iowait    %irq   %soft  %steal  %guest  %gnice   %idle
06:16:53 PM    0   16.00    0.00    2.00    0.00    0.00    2.00    0.00    0.00    0.00   80.00
06:16:53 PM    1   10.20    0.00    3.06    0.00    0.00    0.00    0.00    0.00    0.00   86.73

06:16:53 PM  CPU    %usr   %nice    %sys %iowait    %irq   %soft  %steal  %guest  %gnice   %idle
06:16:54 PM    0   17.65    0.00    1.96    0.00    0.00    0.98    0.00    0.00    0.00   79.41
06:16:54 PM    1    8.74    0.00    2.91    0.00    0.00    4.85    0.00    0.00    0.00   83.50

06:16:54 PM  CPU    %usr   %nice    %sys %iowait    %irq   %soft  %steal  %guest  %gnice   %idle
06:16:55 PM    0   30.10    0.00    0.97    0.00    0.00    0.97    0.00    0.00    0.00   67.96
06:16:55 PM    1    8.74    0.00    2.91    0.00    0.00    2.91    0.00    0.00    0.00   85.44

06:16:55 PM  CPU    %usr   %nice    %sys %iowait    %irq   %soft  %steal  %guest  %gnice   %idle
06:16:56 PM    0   25.74    0.00    0.99    0.00    0.00    0.99    0.00    0.00    0.00   72.28
06:16:56 PM    1   28.16    0.00    6.80    0.00    0.00    0.00    0.00    0.00    0.00   65.05

06:16:56 PM  CPU    %usr   %nice    %sys %iowait    %irq   %soft  %steal  %guest  %gnice   %idle
06:16:57 PM    0   26.21    0.00    0.97    0.00    0.00    1.94    0.00    0.00    0.00   70.87
06:16:57 PM    1   26.26    0.00    1.01    0.00    0.00    1.01    0.00    0.00    0.00   71.72

06:16:57 PM  CPU    %usr   %nice    %sys %iowait    %irq   %soft  %steal  %guest  %gnice   %idle
06:16:58 PM    0   16.00    0.00    3.00    0.00    0.00    0.00    0.00    0.00    0.00   81.00
06:16:58 PM    1   15.00    0.00    8.00    0.00    0.00    0.00    0.00    0.00    0.00   77.00

06:16:58 PM  CPU    %usr   %nice    %sys %iowait    %irq   %soft  %steal  %guest  %gnice   %idle
06:16:59 PM    0   12.38    0.00    0.00    0.00    0.00    5.71    0.00    0.00    0.00   81.90
06:16:59 PM    1   13.00    0.00    1.00    0.00    0.00    2.00    0.00    0.00    0.00   84.00

06:16:59 PM  CPU    %usr   %nice    %sys %iowait    %irq   %soft  %steal  %guest  %gnice   %idle
06:17:00 PM    0   22.33    0.00    1.94    0.00    0.00    1.94    0.00    0.00    0.00   73.79
06:17:00 PM    1   13.13    0.00    3.03    0.00    0.00    0.00    0.00    0.00    0.00   83.84

06:17:00 PM  CPU    %usr   %nice    %sys %iowait    %irq   %soft  %steal  %guest  %gnice   %idle
06:17:01 PM    0   21.21    0.00    0.00    0.00    0.00    2.02    0.00    0.00    0.00   76.77
06:17:01 PM    1   16.35    0.00    2.88    0.00    0.00    1.92    0.00    0.00    0.00   78.85

06:17:01 PM  CPU    %usr   %nice    %sys %iowait    %irq   %soft  %steal  %guest  %gnice   %idle
06:17:02 PM    0   52.53    0.00    1.01    0.00    0.00    0.00    0.00    0.00    0.00   46.46
06:17:02 PM    1   29.00    0.00   12.00    0.00    0.00    3.00    0.00    0.00    0.00   56.00

06:17:02 PM  CPU    %usr   %nice    %sys %iowait    %irq   %soft  %steal  %guest  %gnice   %idle
06:17:03 PM    0   33.33    0.00    3.92    0.00    0.00    1.96    0.00    0.00    0.00   60.78
06:17:03 PM    1   21.78    0.00    2.97    0.00    0.00    2.97    0.00    0.00    0.00   72.28

06:17:03 PM  CPU    %usr   %nice    %sys %iowait    %irq   %soft  %steal  %guest  %gnice   %idle
06:17:04 PM    0    5.88    0.00    2.94    0.00    0.00    3.92    0.00    0.00    0.00   87.25
06:17:04 PM    1   20.00    0.00    8.00    0.00    0.00    1.00    0.00    0.00    0.00   71.00

06:17:04 PM  CPU    %usr   %nice    %sys %iowait    %irq   %soft  %steal  %guest  %gnice   %idle
06:17:05 PM    0   19.42    0.00    2.91    0.00    0.00    1.94    0.00    0.00    0.00   75.73
06:17:05 PM    1   10.58    0.00    2.88    0.00    0.00    3.85    0.00    0.00    0.00   82.69

06:17:05 PM  CPU    %usr   %nice    %sys %iowait    %irq   %soft  %steal  %guest  %gnice   %idle
06:17:06 PM    0    7.69    0.00    0.96    0.00    0.00    5.77    0.00    0.00    0.00   85.58
06:17:06 PM    1   18.45    0.00    0.97    0.00    0.00    1.94    0.00    0.00    0.00   78.64

06:17:06 PM  CPU    %usr   %nice    %sys %iowait    %irq   %soft  %steal  %guest  %gnice   %idle
06:17:07 PM    0   17.48    0.00    3.88    0.00    0.00    1.94    0.00    0.00    0.00   76.70
06:17:07 PM    1   32.67    0.00    5.94    0.00    0.00    0.00    0.00    0.00    0.00   61.39

06:17:07 PM  CPU    %usr   %nice    %sys %iowait    %irq   %soft  %steal  %guest  %gnice   %idle
06:17:08 PM    0   18.45    0.00    1.94    0.00    0.00    1.94    0.00    0.00    0.00   77.67
06:17:08 PM    1   12.87    0.00    1.98    0.00    0.00    1.98    0.00    0.00    0.00   83.17

06:17:08 PM  CPU    %usr   %nice    %sys %iowait    %irq   %soft  %steal  %guest  %gnice   %idle
06:17:09 PM    0   12.62    0.00    1.94    0.00    0.00    1.94    0.00    0.00    0.00   83.50
06:17:09 PM    1   10.78    0.00    1.96    0.00    0.00    1.96    0.00    0.00    0.00   85.29

06:17:09 PM  CPU    %usr   %nice    %sys %iowait    %irq   %soft  %steal  %guest  %gnice   %idle
06:17:10 PM    0   13.21    0.00    1.89    0.00    0.00    4.72    0.00    0.00    0.00   80.19
06:17:10 PM    1   16.67    0.00    5.21    0.00    0.00    0.00    0.00    0.00    0.00   78.12

06:17:10 PM  CPU    %usr   %nice    %sys %iowait    %irq   %soft  %steal  %guest  %gnice   %idle
06:17:11 PM    0   19.80    0.00    1.98    0.00    0.00    1.98    0.00    0.00    0.00   76.24
06:17:11 PM    1   31.07    0.00    0.97    0.00    0.00    1.94    0.00    0.00    0.00   66.02

06:17:11 PM  CPU    %usr   %nice    %sys %iowait    %irq   %soft  %steal  %guest  %gnice   %idle
06:17:12 PM    0   13.73    0.00    6.86    0.00    0.00    2.94    0.00    0.00    0.00   76.47
06:17:12 PM    1   22.00    0.00    3.00    0.00    0.00    3.00    0.00    0.00    0.00   72.00

06:17:12 PM  CPU    %usr   %nice    %sys %iowait    %irq   %soft  %steal  %guest  %gnice   %idle
06:17:13 PM    0   13.00    0.00    3.00    0.00    0.00    4.00    0.00    0.00    0.00   80.00
06:17:13 PM    1   23.76    0.00    0.99    0.00    0.00    0.99    0.00    0.00    0.00   74.26

06:17:13 PM  CPU    %usr   %nice    %sys %iowait    %irq   %soft  %steal  %guest  %gnice   %idle
06:17:14 PM    0   14.71    0.00    3.92    5.88    0.00    3.92    0.00    0.00    0.00   71.57
06:17:14 PM    1   31.31    0.00    1.01    0.00    0.00    0.00    0.00    0.00    0.00   67.68

06:17:14 PM  CPU    %usr   %nice    %sys %iowait    %irq   %soft  %steal  %guest  %gnice   %idle
06:17:15 PM    0   17.48    0.00    7.77    0.00    0.00    1.94    0.00    0.00    0.00   72.82
06:17:15 PM    1   14.85    0.00    2.97    0.00    0.00    0.99    0.00    0.00    0.00   81.19

06:17:15 PM  CPU    %usr   %nice    %sys %iowait    %irq   %soft  %steal  %guest  %gnice   %idle
06:17:16 PM    0   15.69    0.00    1.96    0.00    0.00    3.92    0.00    0.00    0.00   78.43
06:17:16 PM    1   27.72    0.00    0.00    0.00    0.00    0.99    0.00    0.00    0.00   71.29

06:17:16 PM  CPU    %usr   %nice    %sys %iowait    %irq   %soft  %steal  %guest  %gnice   %idle
06:17:17 PM    0   16.16    0.00    2.02    0.00    0.00    1.01    0.00    0.00    0.00   80.81
06:17:17 PM    1   23.76    0.00    2.97    0.00    0.00    0.99    0.00    0.00    0.00   72.28

06:17:17 PM  CPU    %usr   %nice    %sys %iowait    %irq   %soft  %steal  %guest  %gnice   %idle
06:17:18 PM    0    7.69    0.00    0.96    0.00    0.00    3.85    0.00    0.00    0.00   87.50
06:17:18 PM    1   10.10    0.00    0.00    0.00    0.00    1.01    0.00    0.00    0.00   88.89

06:17:18 PM  CPU    %usr   %nice    %sys %iowait    %irq   %soft  %steal  %guest  %gnice   %idle
06:17:19 PM    0   23.53    0.00    0.00    0.00    0.00    2.94    0.00    0.00    0.00   73.53
06:17:19 PM    1   10.78    0.00    1.96    0.00    0.00    1.96    0.00    0.00    0.00   85.29

06:17:19 PM  CPU    %usr   %nice    %sys %iowait    %irq   %soft  %steal  %guest  %gnice   %idle
06:17:20 PM    0   14.95    0.00    4.67    0.00    0.00    3.74    0.00    0.00    0.00   76.64
06:17:20 PM    1    8.65    0.00    1.92    0.00    0.00    3.85    0.00    0.00    0.00   85.58

06:17:20 PM  CPU    %usr   %nice    %sys %iowait    %irq   %soft  %steal  %guest  %gnice   %idle
06:17:21 PM    0   23.00    0.00    4.00    0.00    0.00    2.00    0.00    0.00    0.00   71.00
06:17:21 PM    1   19.80    0.00    7.92    0.00    0.00    0.99    0.00    0.00    0.00   71.29

06:17:21 PM  CPU    %usr   %nice    %sys %iowait    %irq   %soft  %steal  %guest  %gnice   %idle
06:17:22 PM    0   26.73    0.00    4.95    0.00    0.00    1.98    0.00    0.00    0.00   66.34
06:17:22 PM    1   46.00    0.00    2.00    0.00    0.00    1.00    0.00    0.00    0.00   51.00

06:17:22 PM  CPU    %usr   %nice    %sys %iowait    %irq   %soft  %steal  %guest  %gnice   %idle
06:17:23 PM    0    7.92    0.00    2.97    0.00    0.00    2.97    0.00    0.00    0.00   86.14
06:17:23 PM    1   18.18    0.00    0.00    0.00    0.00    2.02    0.00    0.00    0.00   79.80

06:17:23 PM  CPU    %usr   %nice    %sys %iowait    %irq   %soft  %steal  %guest  %gnice   %idle
06:17:24 PM    0   12.00    0.00    2.00    0.00    0.00    2.00    0.00    0.00    0.00   84.00
06:17:24 PM    1   22.45    0.00    0.00    0.00    0.00    0.00    0.00    0.00    0.00   77.55

06:17:24 PM  CPU    %usr   %nice    %sys %iowait    %irq   %soft  %steal  %guest  %gnice   %idle
06:17:25 PM    0   22.33    0.00    4.85    0.00    0.00    0.97    0.00    0.00    0.00   71.84
06:17:25 PM    1   21.00    0.00    9.00    0.00    0.00    1.00    0.00    0.00    0.00   69.00

06:17:25 PM  CPU    %usr   %nice    %sys %iowait    %irq   %soft  %steal  %guest  %gnice   %idle
06:17:26 PM    0   16.83    0.00    9.90    0.00    0.00    1.98    0.00    0.00    0.00   71.29
06:17:26 PM    1   14.00    0.00    3.00    0.00    0.00    1.00    0.00    0.00    0.00   82.00

06:17:26 PM  CPU    %usr   %nice    %sys %iowait    %irq   %soft  %steal  %guest  %gnice   %idle
06:17:27 PM    0   27.18    0.00    6.80    0.00    0.00    1.94    0.00    0.00    0.00   64.08
06:17:27 PM    1   26.47    0.00    4.90    0.00    0.00    0.98    0.00    0.00    0.00   67.65

06:17:27 PM  CPU    %usr   %nice    %sys %iowait    %irq   %soft  %steal  %guest  %gnice   %idle
06:17:28 PM    0   16.35    0.00    1.92    0.00    0.00    1.92    0.00    0.00    0.00   79.81
06:17:28 PM    1   26.47    0.00    0.98    0.00    0.00    0.98    0.00    0.00    0.00   71.57

06:17:28 PM  CPU    %usr   %nice    %sys %iowait    %irq   %soft  %steal  %guest  %gnice   %idle
06:17:29 PM    0    8.33    0.00    1.85    0.00    0.00    5.56    0.00    0.00    0.00   84.26
06:17:29 PM    1   14.71    0.00    0.98    0.00    0.00    0.98    0.00    0.00    0.00   83.33

06:17:29 PM  CPU    %usr   %nice    %sys %iowait    %irq   %soft  %steal  %guest  %gnice   %idle
06:17:30 PM    0   18.81    0.00    4.95    0.00    0.00    1.98    0.00    0.00    0.00   74.26
06:17:30 PM    1   17.65    0.00    2.94    0.00    0.00    0.00    0.00    0.00    0.00   79.41

06:17:30 PM  CPU    %usr   %nice    %sys %iowait    %irq   %soft  %steal  %guest  %gnice   %idle
06:17:31 PM    0   18.45    0.00    2.91    0.00    0.00    2.91    0.00    0.00    0.00   75.73
06:17:31 PM    1   22.22    0.00    5.05    0.00    0.00    1.01    0.00    0.00    0.00   71.72

06:17:31 PM  CPU    %usr   %nice    %sys %iowait    %irq   %soft  %steal  %guest  %gnice   %idle
06:17:32 PM    0   13.59    0.00    3.88    0.00    0.00    5.83    0.00    0.00    0.00   76.70
06:17:32 PM    1   16.04    0.00    6.60    0.00    0.00    0.94    0.00    0.00    0.00   76.42

06:17:32 PM  CPU    %usr   %nice    %sys %iowait    %irq   %soft  %steal  %guest  %gnice   %idle
06:17:33 PM    0   19.42    0.00    0.00    0.00    0.00    2.91    0.00    0.00    0.00   77.67
06:17:33 PM    1    7.92    0.00    1.98    0.00    0.00    0.99    0.00    0.00    0.00   89.11

06:17:33 PM  CPU    %usr   %nice    %sys %iowait    %irq   %soft  %steal  %guest  %gnice   %idle
06:17:34 PM    0   23.53    0.00    1.96    0.00    0.00    1.96    0.00    0.00    0.00   72.55
06:17:34 PM    1   11.11    0.00    2.02    0.00    0.00    2.02    0.00    0.00    0.00   84.85

06:17:34 PM  CPU    %usr   %nice    %sys %iowait    %irq   %soft  %steal  %guest  %gnice   %idle
06:17:35 PM    0   16.67    0.00    3.92    1.96    0.00    2.94    0.00    0.00    0.00   74.51
06:17:35 PM    1   16.67    0.00    5.88    0.00    0.00    3.92    0.00    0.00    0.00   73.53

06:17:35 PM  CPU    %usr   %nice    %sys %iowait    %irq   %soft  %steal  %guest  %gnice   %idle
06:17:36 PM    0    8.91    0.00    0.99    0.00    0.00    2.97    0.00    0.00    0.00   87.13
06:17:36 PM    1   19.00    0.00    2.00    0.00    0.00    0.00    0.00    0.00    0.00   79.00

06:17:36 PM  CPU    %usr   %nice    %sys %iowait    %irq   %soft  %steal  %guest  %gnice   %idle
06:17:37 PM    0   23.53    0.00    0.98    0.00    0.00    3.92    0.00    0.00    0.00   71.57
06:17:37 PM    1   28.00    0.00    4.00    0.00    0.00    0.00    0.00    0.00    0.00   68.00

06:17:37 PM  CPU    %usr   %nice    %sys %iowait    %irq   %soft  %steal  %guest  %gnice   %idle
06:17:38 PM    0   20.00    0.00    3.00    0.00    0.00    2.00    0.00    0.00    0.00   75.00
06:17:38 PM    1   11.54    0.00    3.85    0.00    0.00    4.81    0.00    0.00    0.00   79.81

06:17:38 PM  CPU    %usr   %nice    %sys %iowait    %irq   %soft  %steal  %guest  %gnice   %idle
06:17:39 PM    0   10.58    0.00    2.88    0.96    0.00    2.88    0.00    0.00    0.00   82.69
06:17:39 PM    1   10.10    0.00    1.01    0.00    0.00    1.01    0.00    0.00    0.00   87.88

06:17:39 PM  CPU    %usr   %nice    %sys %iowait    %irq   %soft  %steal  %guest  %gnice   %idle
06:17:40 PM    0    8.74    0.00    0.97    0.00    0.00    3.88    0.00    0.00    0.00   86.41
06:17:40 PM    1   16.16    0.00   11.11    0.00    0.00    1.01    0.00    0.00    0.00   71.72

06:17:40 PM  CPU    %usr   %nice    %sys %iowait    %irq   %soft  %steal  %guest  %gnice   %idle
06:17:41 PM    0   12.26    0.00    5.66    0.00    0.00    6.60    0.00    0.00    0.00   75.47
06:17:41 PM    1   17.82    0.00    8.91    0.00    0.00    0.99    0.00    0.00    0.00   72.28

06:17:41 PM  CPU    %usr   %nice    %sys %iowait    %irq   %soft  %steal  %guest  %gnice   %idle
06:17:42 PM    0    8.65    0.00    1.92    0.00    0.00    2.88    0.00    0.00    0.00   86.54
06:17:42 PM    1   19.81    0.00    4.72    0.00    0.00    0.94    0.00    0.00    0.00   74.53

Average:     CPU    %usr   %nice    %sys %iowait    %irq   %soft  %steal  %guest  %gnice   %idle
Average:       0   18.30    0.00    3.84    0.10    0.00    3.26    0.00    0.00    0.00   74.51
Average:       1   19.51    0.00    4.06    0.05    0.00    1.60    0.00    0.00    0.00   74.78
