Linux 5.3.0-59-generic (ericmei) 	06/29/2020 	_x86_64_	(12 CPU)

06:07:50 PM  CPU    %usr   %nice    %sys %iowait    %irq   %soft  %steal  %guest  %gnice   %idle
06:07:51 PM    0    9.80    0.00    6.86    0.00    0.00    8.82    0.00    0.00    0.00   74.51
06:07:51 PM    1    7.69    0.00    3.30    0.00    0.00    3.30    0.00    0.00    0.00   85.71

06:07:51 PM  CPU    %usr   %nice    %sys %iowait    %irq   %soft  %steal  %guest  %gnice   %idle
06:07:52 PM    0   10.68    0.00    4.85    0.00    0.00   10.68    0.00    0.00    0.00   73.79
06:07:52 PM    1    3.30    0.00    7.69    0.00    0.00    3.30    0.00    0.00    0.00   85.71

06:07:52 PM  CPU    %usr   %nice    %sys %iowait    %irq   %soft  %steal  %guest  %gnice   %idle
06:07:53 PM    0   12.24    0.00    6.12    0.00    0.00    5.10    0.00    0.00    0.00   76.53
06:07:53 PM    1    6.59    0.00    4.40    0.00    0.00    4.40    0.00    0.00    0.00   84.62

06:07:53 PM  CPU    %usr   %nice    %sys %iowait    %irq   %soft  %steal  %guest  %gnice   %idle
06:07:54 PM    0   12.12    0.00    5.05    0.00    0.00    5.05    0.00    0.00    0.00   77.78
06:07:54 PM    1    6.74    0.00    1.12    0.00    0.00    2.25    0.00    0.00    0.00   89.89

06:07:54 PM  CPU    %usr   %nice    %sys %iowait    %irq   %soft  %steal  %guest  %gnice   %idle
06:07:55 PM    0   12.12    0.00    6.06    0.00    0.00    6.06    0.00    0.00    0.00   75.76
06:07:55 PM    1    7.69    0.00    2.20    0.00    0.00    4.40    0.00    0.00    0.00   85.71

06:07:55 PM  CPU    %usr   %nice    %sys %iowait    %irq   %soft  %steal  %guest  %gnice   %idle
06:07:56 PM    0   11.22    0.00    6.12    0.00    0.00    4.08    0.00    0.00    0.00   78.57
06:07:56 PM    1    5.43    0.00    5.43    0.00    0.00    3.26    0.00    0.00    0.00   85.87

06:07:56 PM  CPU    %usr   %nice    %sys %iowait    %irq   %soft  %steal  %guest  %gnice   %idle
06:07:57 PM    0   11.22    0.00    5.10    0.00    0.00    7.14    0.00    0.00    0.00   76.53
06:07:57 PM    1    6.52    0.00    3.26    0.00    0.00    6.52    0.00    0.00    0.00   83.70

06:07:57 PM  CPU    %usr   %nice    %sys %iowait    %irq   %soft  %steal  %guest  %gnice   %idle
06:07:58 PM    0   11.46    0.00    7.29    0.00    0.00    1.04    0.00    0.00    0.00   80.21
06:07:58 PM    1    6.59    0.00    2.20    0.00    0.00    3.30    0.00    0.00    0.00   87.91

06:07:58 PM  CPU    %usr   %nice    %sys %iowait    %irq   %soft  %steal  %guest  %gnice   %idle
06:07:59 PM    0   11.00    0.00    6.00    0.00    0.00    6.00    0.00    0.00    0.00   77.00
06:07:59 PM    1    6.59    0.00    3.30    0.00    0.00    4.40    0.00    0.00    0.00   85.71

06:07:59 PM  CPU    %usr   %nice    %sys %iowait    %irq   %soft  %steal  %guest  %gnice   %idle
06:08:00 PM    0    9.00    0.00    6.00    0.00    0.00    9.00    0.00    0.00    0.00   76.00
06:08:00 PM    1    7.69    0.00    3.30    0.00    0.00    3.30    0.00    0.00    0.00   85.71

06:08:00 PM  CPU    %usr   %nice    %sys %iowait    %irq   %soft  %steal  %guest  %gnice   %idle
06:08:01 PM    0   14.58    0.00    6.25    0.00    0.00    1.04    0.00    0.00    0.00   78.12
06:08:01 PM    1    7.61    0.00    3.26    0.00    0.00    4.35    0.00    0.00    0.00   84.78

06:08:01 PM  CPU    %usr   %nice    %sys %iowait    %irq   %soft  %steal  %guest  %gnice   %idle
06:08:02 PM    0   10.38    0.00    6.60    0.00    0.00    9.43    0.00    0.00    0.00   73.58
06:08:02 PM    1    6.52    0.00    4.35    0.00    0.00    2.17    0.00    0.00    0.00   86.96

06:08:02 PM  CPU    %usr   %nice    %sys %iowait    %irq   %soft  %steal  %guest  %gnice   %idle
06:08:03 PM    0   10.58    0.00    4.81    0.00    0.00   11.54    0.00    0.00    0.00   73.08
06:08:03 PM    1    6.82    0.00    2.27    0.00    0.00    2.27    0.00    0.00    0.00   88.64

06:08:03 PM  CPU    %usr   %nice    %sys %iowait    %irq   %soft  %steal  %guest  %gnice   %idle
06:08:04 PM    0   13.46    0.00    4.81    0.00    0.00   10.58    0.00    0.00    0.00   71.15
06:08:04 PM    1    7.61    0.00    3.26    0.00    0.00    3.26    0.00    0.00    0.00   85.87

06:08:04 PM  CPU    %usr   %nice    %sys %iowait    %irq   %soft  %steal  %guest  %gnice   %idle
06:08:05 PM    0   13.33    0.00    6.67    0.00    0.00    9.52    0.00    0.00    0.00   70.48
06:08:05 PM    1    5.43    0.00    4.35    0.00    0.00    4.35    0.00    0.00    0.00   85.87

06:08:05 PM  CPU    %usr   %nice    %sys %iowait    %irq   %soft  %steal  %guest  %gnice   %idle
06:08:06 PM    0   16.00    0.00    9.00    0.00    0.00    9.00    0.00    0.00    0.00   66.00
06:08:06 PM    1   13.19    0.00    6.59    0.00    0.00    2.20    0.00    0.00    0.00   78.02

06:08:06 PM  CPU    %usr   %nice    %sys %iowait    %irq   %soft  %steal  %guest  %gnice   %idle
06:08:07 PM    0   13.27    0.00    6.12    0.00    0.00   10.20    0.00    0.00    0.00   70.41
06:08:07 PM    1   11.83    0.00    3.23    0.00    0.00    4.30    0.00    0.00    0.00   80.65

06:08:07 PM  CPU    %usr   %nice    %sys %iowait    %irq   %soft  %steal  %guest  %gnice   %idle
06:08:08 PM    0   15.00    0.00    5.00    0.00    0.00    7.00    0.00    0.00    0.00   73.00
06:08:08 PM    1    6.74    0.00    3.37    0.00    0.00    3.37    0.00    0.00    0.00   86.52

06:08:08 PM  CPU    %usr   %nice    %sys %iowait    %irq   %soft  %steal  %guest  %gnice   %idle
06:08:09 PM    0   12.12    0.00    6.06    0.00    0.00    7.07    0.00    0.00    0.00   74.75
06:08:09 PM    1    4.44    0.00    6.67    0.00    0.00    2.22    0.00    0.00    0.00   86.67

06:08:09 PM  CPU    %usr   %nice    %sys %iowait    %irq   %soft  %steal  %guest  %gnice   %idle
06:08:10 PM    0   13.00    0.00    7.00    0.00    0.00    7.00    0.00    0.00    0.00   73.00
06:08:10 PM    1   10.34    0.00    1.15    0.00    0.00    2.30    0.00    0.00    0.00   86.21

06:08:10 PM  CPU    %usr   %nice    %sys %iowait    %irq   %soft  %steal  %guest  %gnice   %idle
06:08:11 PM    0   14.71    0.00    4.90    0.00    0.00    8.82    0.00    0.00    0.00   71.57
06:08:11 PM    1    4.49    0.00    6.74    0.00    0.00    1.12    0.00    0.00    0.00   87.64

06:08:11 PM  CPU    %usr   %nice    %sys %iowait    %irq   %soft  %steal  %guest  %gnice   %idle
06:08:12 PM    0   16.67    0.00    5.21    0.00    0.00    4.17    0.00    0.00    0.00   73.96
06:08:12 PM    1    8.89    0.00    2.22    0.00    0.00    4.44    0.00    0.00    0.00   84.44

06:08:12 PM  CPU    %usr   %nice    %sys %iowait    %irq   %soft  %steal  %guest  %gnice   %idle
06:08:13 PM    0   14.85    0.00    6.93    0.00    0.00    4.95    0.00    0.00    0.00   73.27
06:08:13 PM    1    6.67    0.00    4.44    0.00    0.00    2.22    0.00    0.00    0.00   86.67

06:08:13 PM  CPU    %usr   %nice    %sys %iowait    %irq   %soft  %steal  %guest  %gnice   %idle
06:08:14 PM    0   15.46    0.00    6.19    0.00    0.00    6.19    0.00    0.00    0.00   72.16
06:08:14 PM    1    8.60    0.00    4.30    0.00    0.00    6.45    0.00    0.00    0.00   80.65

06:08:14 PM  CPU    %usr   %nice    %sys %iowait    %irq   %soft  %steal  %guest  %gnice   %idle
06:08:15 PM    0   16.16    0.00    7.07    0.00    0.00    7.07    0.00    0.00    0.00   69.70
06:08:15 PM    1    8.99    0.00    2.25    0.00    0.00    3.37    0.00    0.00    0.00   85.39

06:08:15 PM  CPU    %usr   %nice    %sys %iowait    %irq   %soft  %steal  %guest  %gnice   %idle
06:08:16 PM    0   18.00    0.00    6.00    0.00    0.00    9.00    0.00    0.00    0.00   67.00
06:08:16 PM    1    9.89    0.00    7.69    0.00    0.00    2.20    0.00    0.00    0.00   80.22

06:08:16 PM  CPU    %usr   %nice    %sys %iowait    %irq   %soft  %steal  %guest  %gnice   %idle
06:08:17 PM    0   11.21    0.00   10.28    0.00    0.00   14.02    0.00    0.00    0.00   64.49
06:08:17 PM    1   11.83    0.00    3.23    0.00    0.00    6.45    0.00    0.00    0.00   78.49

06:08:17 PM  CPU    %usr   %nice    %sys %iowait    %irq   %soft  %steal  %guest  %gnice   %idle
06:08:18 PM    0   11.43    0.00    8.57    0.00    0.00   13.33    0.00    0.00    0.00   66.67
06:08:18 PM    1   11.46    0.00    6.25    0.00    0.00    5.21    0.00    0.00    0.00   77.08

06:08:18 PM  CPU    %usr   %nice    %sys %iowait    %irq   %soft  %steal  %guest  %gnice   %idle
06:08:19 PM    0   15.38    0.00    5.77    0.00    0.00    9.62    0.00    0.00    0.00   69.23
06:08:19 PM    1    9.57    0.00    3.19    0.00    0.00    5.32    0.00    0.00    0.00   81.91

06:08:19 PM  CPU    %usr   %nice    %sys %iowait    %irq   %soft  %steal  %guest  %gnice   %idle
06:08:20 PM    0   16.00    0.00    6.00    0.00    0.00    4.00    0.00    0.00    0.00   74.00
06:08:20 PM    1    7.69    0.00    3.30    0.00    0.00    3.30    0.00    0.00    0.00   85.71

06:08:20 PM  CPU    %usr   %nice    %sys %iowait    %irq   %soft  %steal  %guest  %gnice   %idle
06:08:21 PM    0   13.73    0.00    4.90    0.00    0.00   12.75    0.00    0.00    0.00   68.63
06:08:21 PM    1    7.78    0.00    3.33    0.00    0.00    4.44    0.00    0.00    0.00   84.44

06:08:21 PM  CPU    %usr   %nice    %sys %iowait    %irq   %soft  %steal  %guest  %gnice   %idle
06:08:22 PM    0   11.00    0.00    9.00    0.00    0.00    6.00    0.00    0.00    0.00   74.00
06:08:22 PM    1    8.79    0.00    2.20    0.00    0.00    3.30    0.00    0.00    0.00   85.71

06:08:22 PM  CPU    %usr   %nice    %sys %iowait    %irq   %soft  %steal  %guest  %gnice   %idle
06:08:23 PM    0   12.12    0.00    7.07    0.00    0.00    7.07    0.00    0.00    0.00   73.74
06:08:23 PM    1    7.95    0.00    4.55    0.00    0.00    2.27    0.00    0.00    0.00   85.23

06:08:23 PM  CPU    %usr   %nice    %sys %iowait    %irq   %soft  %steal  %guest  %gnice   %idle
06:08:24 PM    0   11.11    0.00   11.11    0.00    0.00    4.04    0.00    0.00    0.00   73.74
06:08:24 PM    1    7.53    0.00    4.30    0.00    0.00    4.30    0.00    0.00    0.00   83.87

06:08:24 PM  CPU    %usr   %nice    %sys %iowait    %irq   %soft  %steal  %guest  %gnice   %idle
06:08:25 PM    0   13.00    0.00    5.00    0.00    0.00    7.00    0.00    0.00    0.00   75.00
06:08:25 PM    1    5.62    0.00    3.37    0.00    0.00    2.25    0.00    0.00    0.00   88.76

06:08:25 PM  CPU    %usr   %nice    %sys %iowait    %irq   %soft  %steal  %guest  %gnice   %idle
06:08:26 PM    0    8.41    0.00    7.48    0.00    0.00   14.95    0.00    0.00    0.00   69.16
06:08:26 PM    1    5.56    0.00    3.33    0.00    0.00    3.33    0.00    0.00    0.00   87.78

06:08:26 PM  CPU    %usr   %nice    %sys %iowait    %irq   %soft  %steal  %guest  %gnice   %idle
06:08:27 PM    0   14.02    0.00    4.67    0.00    0.00   12.15    0.00    0.00    0.00   69.16
06:08:27 PM    1    6.90    0.00    3.45    0.00    0.00    1.15    0.00    0.00    0.00   88.51

06:08:27 PM  CPU    %usr   %nice    %sys %iowait    %irq   %soft  %steal  %guest  %gnice   %idle
06:08:28 PM    0   10.68    0.00    6.80    0.00    0.00   10.68    0.00    0.00    0.00   71.84
06:08:28 PM    1    5.62    0.00    3.37    0.00    0.00    1.12    0.00    0.00    0.00   89.89

06:08:28 PM  CPU    %usr   %nice    %sys %iowait    %irq   %soft  %steal  %guest  %gnice   %idle
06:08:29 PM    0   11.11    0.00    8.08    0.00    0.00    6.06    0.00    0.00    0.00   74.75
06:08:29 PM    1    7.69    0.00    3.30    0.00    0.00    3.30    0.00    0.00    0.00   85.71

06:08:29 PM  CPU    %usr   %nice    %sys %iowait    %irq   %soft  %steal  %guest  %gnice   %idle
06:08:30 PM    0   10.00    0.00    8.00    0.00    0.00    7.00    0.00    0.00    0.00   75.00
06:08:30 PM    1    8.70    0.00    1.09    0.00    0.00    3.26    0.00    0.00    0.00   86.96

06:08:30 PM  CPU    %usr   %nice    %sys %iowait    %irq   %soft  %steal  %guest  %gnice   %idle
06:08:31 PM    0   13.46    0.00    5.77    0.00    0.00    9.62    0.00    0.00    0.00   71.15
06:08:31 PM    1    6.74    0.00    3.37    0.00    0.00    2.25    0.00    0.00    0.00   87.64

06:08:31 PM  CPU    %usr   %nice    %sys %iowait    %irq   %soft  %steal  %guest  %gnice   %idle
06:08:32 PM    0   13.21    0.00    6.60    0.00    0.00    9.43    0.00    0.00    0.00   70.75
06:08:32 PM    1    7.78    0.00    2.22    0.00    0.00    3.33    0.00    0.00    0.00   86.67

06:08:32 PM  CPU    %usr   %nice    %sys %iowait    %irq   %soft  %steal  %guest  %gnice   %idle
06:08:33 PM    0   11.76    0.00    7.84    0.00    0.00    7.84    0.00    0.00    0.00   72.55
06:08:33 PM    1    7.61    0.00    2.17    0.00    0.00    4.35    0.00    0.00    0.00   85.87

06:08:33 PM  CPU    %usr   %nice    %sys %iowait    %irq   %soft  %steal  %guest  %gnice   %idle
06:08:34 PM    0   10.20    0.00    8.16    0.00    0.00    6.12    0.00    0.00    0.00   75.51
06:08:34 PM    1    6.52    0.00    3.26    0.00    0.00    5.43    0.00    0.00    0.00   84.78

06:08:34 PM  CPU    %usr   %nice    %sys %iowait    %irq   %soft  %steal  %guest  %gnice   %idle
06:08:35 PM    0   12.75    0.00    6.86    0.00    0.00    7.84    0.00    0.00    0.00   72.55
06:08:35 PM    1    4.49    0.00    5.62    0.00    0.00    2.25    0.00    0.00    0.00   87.64

06:08:35 PM  CPU    %usr   %nice    %sys %iowait    %irq   %soft  %steal  %guest  %gnice   %idle
06:08:36 PM    0   12.87    0.00    9.90    0.00    0.00    4.95    0.00    0.00    0.00   72.28
06:08:36 PM    1    4.40    0.00    5.49    0.00    0.00    4.40    0.00    0.00    0.00   85.71

06:08:36 PM  CPU    %usr   %nice    %sys %iowait    %irq   %soft  %steal  %guest  %gnice   %idle
06:08:37 PM    0   12.62    0.00    6.80    0.00    0.00    8.74    0.00    0.00    0.00   71.84
06:08:37 PM    1    4.49    0.00    4.49    0.00    0.00    4.49    0.00    0.00    0.00   86.52

06:08:37 PM  CPU    %usr   %nice    %sys %iowait    %irq   %soft  %steal  %guest  %gnice   %idle
06:08:38 PM    0   10.58    0.00    6.73    0.00    0.00   11.54    0.00    0.00    0.00   71.15
06:08:38 PM    1    5.56    0.00    4.44    0.00    0.00    2.22    0.00    0.00    0.00   87.78

06:08:38 PM  CPU    %usr   %nice    %sys %iowait    %irq   %soft  %steal  %guest  %gnice   %idle
06:08:39 PM    0   12.12    0.00    7.07    0.00    0.00    6.06    0.00    0.00    0.00   74.75
06:08:39 PM    1    6.52    0.00    3.26    0.00    0.00    4.35    0.00    0.00    0.00   85.87

06:08:39 PM  CPU    %usr   %nice    %sys %iowait    %irq   %soft  %steal  %guest  %gnice   %idle
06:08:40 PM    0   11.82    0.00    8.18    0.00    0.00   13.64    0.00    0.00    0.00   66.36
06:08:40 PM    1    6.82    0.00    3.41    0.00    0.00    2.27    0.00    0.00    0.00   87.50

06:08:40 PM  CPU    %usr   %nice    %sys %iowait    %irq   %soft  %steal  %guest  %gnice   %idle
06:08:41 PM    0   15.53    0.00    4.85    0.00    0.00   10.68    0.00    0.00    0.00   68.93
06:08:41 PM    1    5.38    0.00    4.30    0.00    0.00    6.45    0.00    0.00    0.00   83.87

06:08:41 PM  CPU    %usr   %nice    %sys %iowait    %irq   %soft  %steal  %guest  %gnice   %idle
06:08:42 PM    0   15.15    0.00    7.07    0.00    0.00    4.04    0.00    0.00    0.00   73.74
06:08:42 PM    1    6.74    0.00    4.49    0.00    0.00    2.25    0.00    0.00    0.00   86.52

06:08:42 PM  CPU    %usr   %nice    %sys %iowait    %irq   %soft  %steal  %guest  %gnice   %idle
06:08:43 PM    0   14.29    0.00    3.81    0.00    0.00   11.43    0.00    0.00    0.00   70.48
06:08:43 PM    1    6.67    0.00    3.33    0.00    0.00    3.33    0.00    0.00    0.00   86.67

06:08:43 PM  CPU    %usr   %nice    %sys %iowait    %irq   %soft  %steal  %guest  %gnice   %idle
06:08:44 PM    0   13.00    0.00    7.00    0.00    0.00    7.00    0.00    0.00    0.00   73.00
06:08:44 PM    1    7.69    0.00    4.40    0.00    0.00    3.30    0.00    0.00    0.00   84.62

06:08:44 PM  CPU    %usr   %nice    %sys %iowait    %irq   %soft  %steal  %guest  %gnice   %idle
06:08:45 PM    0   11.21    0.00    8.41    0.00    0.00   11.21    0.00    0.00    0.00   69.16
06:08:45 PM    1    9.57    0.00    2.13    0.00    0.00    5.32    0.00    0.00    0.00   82.98

06:08:45 PM  CPU    %usr   %nice    %sys %iowait    %irq   %soft  %steal  %guest  %gnice   %idle
06:08:46 PM    0   13.21    0.00    7.55    0.00    0.00   10.38    0.00    0.00    0.00   68.87
06:08:46 PM    1    6.52    0.00    3.26    0.00    0.00    5.43    0.00    0.00    0.00   84.78

06:08:46 PM  CPU    %usr   %nice    %sys %iowait    %irq   %soft  %steal  %guest  %gnice   %idle
06:08:47 PM    0   12.62    0.00    6.80    0.00    0.00    8.74    0.00    0.00    0.00   71.84
06:08:47 PM    1    6.59    0.00    3.30    0.00    0.00    4.40    0.00    0.00    0.00   85.71

06:08:47 PM  CPU    %usr   %nice    %sys %iowait    %irq   %soft  %steal  %guest  %gnice   %idle
06:08:48 PM    0   12.00    0.00    8.00    0.00    0.00    8.00    0.00    0.00    0.00   72.00
06:08:48 PM    1    6.59    0.00    3.30    0.00    0.00    4.40    0.00    0.00    0.00   85.71

06:08:48 PM  CPU    %usr   %nice    %sys %iowait    %irq   %soft  %steal  %guest  %gnice   %idle
06:08:49 PM    0    8.91    0.00    7.92    0.00    0.00    8.91    0.00    0.00    0.00   74.26
06:08:49 PM    1    6.82    0.00    4.55    0.00    0.00    1.14    0.00    0.00    0.00   87.50

06:08:49 PM  CPU    %usr   %nice    %sys %iowait    %irq   %soft  %steal  %guest  %gnice   %idle
06:08:50 PM    0   14.71    0.00    4.90    0.00    0.00    7.84    0.00    0.00    0.00   72.55
06:08:50 PM    1    8.70    0.00    2.17    0.00    0.00    3.26    0.00    0.00    0.00   85.87

06:08:50 PM  CPU    %usr   %nice    %sys %iowait    %irq   %soft  %steal  %guest  %gnice   %idle
06:08:51 PM    0   13.40    0.00    7.22    0.00    0.00    5.15    0.00    0.00    0.00   74.23
06:08:51 PM    1    4.35    0.00    4.35    0.00    0.00    6.52    0.00    0.00    0.00   84.78

06:08:51 PM  CPU    %usr   %nice    %sys %iowait    %irq   %soft  %steal  %guest  %gnice   %idle
06:08:52 PM    0   11.88    0.00    5.94    0.00    0.00    8.91    0.00    0.00    0.00   73.27
06:08:52 PM    1    7.78    0.00    2.22    0.00    0.00    4.44    0.00    0.00    0.00   85.56

06:08:52 PM  CPU    %usr   %nice    %sys %iowait    %irq   %soft  %steal  %guest  %gnice   %idle
06:08:53 PM    0   13.59    0.00    6.80    0.00    0.00    7.77    0.00    0.00    0.00   71.84
06:08:53 PM    1    7.69    0.00    4.40    0.00    0.00    2.20    0.00    0.00    0.00   85.71

06:08:53 PM  CPU    %usr   %nice    %sys %iowait    %irq   %soft  %steal  %guest  %gnice   %idle
06:08:54 PM    0    9.09    0.00    8.08    0.00    0.00    8.08    0.00    0.00    0.00   74.75
06:08:54 PM    1    8.79    0.00    1.10    0.00    0.00    4.40    0.00    0.00    0.00   85.71

06:08:54 PM  CPU    %usr   %nice    %sys %iowait    %irq   %soft  %steal  %guest  %gnice   %idle
06:08:55 PM    0   13.21    0.00    4.72    0.00    0.00   12.26    0.00    0.00    0.00   69.81
06:08:55 PM    1    7.87    0.00    3.37    0.00    0.00    2.25    0.00    0.00    0.00   86.52

06:08:55 PM  CPU    %usr   %nice    %sys %iowait    %irq   %soft  %steal  %guest  %gnice   %idle
06:08:56 PM    0   13.13    0.00    5.05    0.00    0.00    7.07    0.00    0.00    0.00   74.75
06:08:56 PM    1    7.78    0.00    2.22    0.00    0.00    3.33    0.00    0.00    0.00   86.67

06:08:56 PM  CPU    %usr   %nice    %sys %iowait    %irq   %soft  %steal  %guest  %gnice   %idle
06:08:57 PM    0   10.09    0.00    6.42    0.00    0.00   15.60    0.00    0.00    0.00   67.89
06:08:57 PM    1    6.59    0.00    4.40    0.00    0.00    4.40    0.00    0.00    0.00   84.62

06:08:57 PM  CPU    %usr   %nice    %sys %iowait    %irq   %soft  %steal  %guest  %gnice   %idle
06:08:58 PM    0   15.24    0.00    4.76    0.00    0.00    8.57    0.00    0.00    0.00   71.43
06:08:58 PM    1    7.69    0.00    3.30    0.00    0.00    2.20    0.00    0.00    0.00   86.81

06:08:58 PM  CPU    %usr   %nice    %sys %iowait    %irq   %soft  %steal  %guest  %gnice   %idle
06:08:59 PM    0   13.40    0.00    6.19    0.00    0.00    5.15    0.00    0.00    0.00   75.26
06:08:59 PM    1    7.69    0.00    3.30    0.00    0.00    3.30    0.00    0.00    0.00   85.71

06:08:59 PM  CPU    %usr   %nice    %sys %iowait    %irq   %soft  %steal  %guest  %gnice   %idle
06:09:00 PM    0   15.09    0.00    4.72    0.00    0.00   10.38    0.00    0.00    0.00   69.81
06:09:00 PM    1    7.87    0.00    3.37    0.00    0.00    2.25    0.00    0.00    0.00   86.52

06:09:00 PM  CPU    %usr   %nice    %sys %iowait    %irq   %soft  %steal  %guest  %gnice   %idle
06:09:01 PM    0   14.29    0.00    6.12    0.00    0.00    4.08    0.00    0.00    0.00   75.51
06:09:01 PM    1    5.68    0.00    3.41    0.00    0.00    1.14    0.00    0.00    0.00   89.77

06:09:01 PM  CPU    %usr   %nice    %sys %iowait    %irq   %soft  %steal  %guest  %gnice   %idle
06:09:02 PM    0   13.13    0.00    7.07    0.00    0.00    6.06    0.00    0.00    0.00   73.74
06:09:02 PM    1    6.59    0.00    4.40    0.00    0.00    4.40    0.00    0.00    0.00   84.62

06:09:02 PM  CPU    %usr   %nice    %sys %iowait    %irq   %soft  %steal  %guest  %gnice   %idle
06:09:03 PM    0   13.73    0.00    7.84    0.00    0.00    6.86    0.00    0.00    0.00   71.57
06:09:03 PM    1    6.59    0.00    3.30    0.00    0.00    5.49    0.00    0.00    0.00   84.62

06:09:03 PM  CPU    %usr   %nice    %sys %iowait    %irq   %soft  %steal  %guest  %gnice   %idle
06:09:04 PM    0   13.73    0.00    3.92    0.00    0.00    8.82    0.00    0.00    0.00   73.53
06:09:04 PM    1    7.87    0.00    3.37    0.00    0.00    1.12    0.00    0.00    0.00   87.64

06:09:04 PM  CPU    %usr   %nice    %sys %iowait    %irq   %soft  %steal  %guest  %gnice   %idle
06:09:05 PM    0   13.73    0.00    5.88    0.00    0.00    8.82    0.00    0.00    0.00   71.57
06:09:05 PM    1    6.67    0.00    4.44    0.00    0.00    2.22    0.00    0.00    0.00   86.67

06:09:05 PM  CPU    %usr   %nice    %sys %iowait    %irq   %soft  %steal  %guest  %gnice   %idle
06:09:06 PM    0   15.53    0.00    7.77    0.00    0.00    5.83    0.00    0.00    0.00   70.87
06:09:06 PM    1    7.87    0.00    2.25    0.00    0.00    3.37    0.00    0.00    0.00   86.52

06:09:06 PM  CPU    %usr   %nice    %sys %iowait    %irq   %soft  %steal  %guest  %gnice   %idle
06:09:07 PM    0   12.62    0.00    5.83    0.00    0.00    9.71    0.00    0.00    0.00   71.84
06:09:07 PM    1    5.68    0.00    4.55    0.00    0.00    1.14    0.00    0.00    0.00   88.64

06:09:07 PM  CPU    %usr   %nice    %sys %iowait    %irq   %soft  %steal  %guest  %gnice   %idle
06:09:08 PM    0   13.13    0.00    6.06    0.00    0.00    6.06    0.00    0.00    0.00   74.75
06:09:08 PM    1    8.70    0.00    4.35    0.00    0.00    2.17    0.00    0.00    0.00   84.78

06:09:08 PM  CPU    %usr   %nice    %sys %iowait    %irq   %soft  %steal  %guest  %gnice   %idle
06:09:09 PM    0   14.14    0.00    7.07    0.00    0.00    5.05    0.00    0.00    0.00   73.74
06:09:09 PM    1    7.69    0.00    2.20    0.00    0.00    4.40    0.00    0.00    0.00   85.71

06:09:09 PM  CPU    %usr   %nice    %sys %iowait    %irq   %soft  %steal  %guest  %gnice   %idle
06:09:10 PM    0   15.00    0.00    6.00    0.00    0.00    4.00    0.00    0.00    0.00   75.00
06:09:10 PM    1    6.45    0.00    2.15    0.00    0.00    6.45    0.00    0.00    0.00   84.95

06:09:10 PM  CPU    %usr   %nice    %sys %iowait    %irq   %soft  %steal  %guest  %gnice   %idle
06:09:11 PM    0   14.56    0.00    4.85    0.00    0.00    9.71    0.00    0.00    0.00   70.87
06:09:11 PM    1    7.61    0.00    3.26    0.00    0.00    3.26    0.00    0.00    0.00   85.87

06:09:11 PM  CPU    %usr   %nice    %sys %iowait    %irq   %soft  %steal  %guest  %gnice   %idle
06:09:12 PM    0   14.74    0.00    6.32    0.00    0.00    2.11    0.00    0.00    0.00   76.84
06:09:12 PM    1    7.69    0.00    4.40    0.00    0.00    3.30    0.00    0.00    0.00   84.62

06:09:12 PM  CPU    %usr   %nice    %sys %iowait    %irq   %soft  %steal  %guest  %gnice   %idle
06:09:13 PM    0   12.50    0.00    6.73    0.00    0.00   11.54    0.00    0.00    0.00   69.23
06:09:13 PM    1    7.78    0.00    4.44    0.00    0.00    3.33    0.00    0.00    0.00   84.44

06:09:13 PM  CPU    %usr   %nice    %sys %iowait    %irq   %soft  %steal  %guest  %gnice   %idle
06:09:14 PM    0   15.15    0.00    4.04    0.00    0.00    6.06    0.00    0.00    0.00   74.75
06:09:14 PM    1    5.49    0.00    5.49    0.00    0.00    3.30    0.00    0.00    0.00   85.71

06:09:14 PM  CPU    %usr   %nice    %sys %iowait    %irq   %soft  %steal  %guest  %gnice   %idle
06:09:15 PM    0   15.31    0.00    5.10    0.00    0.00    4.08    0.00    0.00    0.00   75.51
06:09:15 PM    1    5.43    0.00    4.35    0.00    0.00    5.43    0.00    0.00    0.00   84.78

06:09:15 PM  CPU    %usr   %nice    %sys %iowait    %irq   %soft  %steal  %guest  %gnice   %idle
06:09:16 PM    0   14.00    0.00    5.00    0.00    0.00    7.00    0.00    0.00    0.00   74.00
06:09:16 PM    1    6.59    0.00    3.30    0.00    0.00    3.30    0.00    0.00    0.00   86.81

06:09:16 PM  CPU    %usr   %nice    %sys %iowait    %irq   %soft  %steal  %guest  %gnice   %idle
06:09:17 PM    0   12.62    0.00    6.80    0.00    0.00    8.74    0.00    0.00    0.00   71.84
06:09:17 PM    1    8.79    0.00    2.20    0.00    0.00    3.30    0.00    0.00    0.00   85.71

06:09:17 PM  CPU    %usr   %nice    %sys %iowait    %irq   %soft  %steal  %guest  %gnice   %idle
06:09:18 PM    0   16.33    0.00    7.14    0.00    0.00    6.12    0.00    0.00    0.00   70.41
06:09:18 PM    1    9.78    0.00    3.26    0.00    0.00    4.35    0.00    0.00    0.00   82.61

06:09:18 PM  CPU    %usr   %nice    %sys %iowait    %irq   %soft  %steal  %guest  %gnice   %idle
06:09:19 PM    0   15.00    0.00    7.00    0.00    0.00    9.00    0.00    0.00    0.00   69.00
06:09:19 PM    1   10.87    0.00    4.35    0.00    0.00    4.35    0.00    0.00    0.00   80.43

06:09:19 PM  CPU    %usr   %nice    %sys %iowait    %irq   %soft  %steal  %guest  %gnice   %idle
06:09:20 PM    0   18.37    0.00    9.18    0.00    0.00    7.14    0.00    0.00    0.00   65.31
06:09:20 PM    1    8.42    0.00    4.21    0.00    0.00    6.32    0.00    0.00    0.00   81.05

06:09:20 PM  CPU    %usr   %nice    %sys %iowait    %irq   %soft  %steal  %guest  %gnice   %idle
06:09:21 PM    0   18.45    0.00    5.83    0.00    0.00    7.77    0.00    0.00    0.00   67.96
06:09:21 PM    1    8.99    0.00    3.37    0.00    0.00    2.25    0.00    0.00    0.00   85.39

06:09:21 PM  CPU    %usr   %nice    %sys %iowait    %irq   %soft  %steal  %guest  %gnice   %idle
06:09:22 PM    0   11.21    0.00    8.41    0.00    0.00   12.15    0.00    0.00    0.00   68.22
06:09:22 PM    1    7.69    0.00    3.30    0.00    0.00    2.20    0.00    0.00    0.00   86.81

06:09:22 PM  CPU    %usr   %nice    %sys %iowait    %irq   %soft  %steal  %guest  %gnice   %idle
06:09:23 PM    0   19.00    0.00    6.00    0.00    0.00    7.00    0.00    0.00    0.00   68.00
06:09:23 PM    1   13.19    0.00    5.49    0.00    0.00    4.40    0.00    0.00    0.00   76.92

06:09:23 PM  CPU    %usr   %nice    %sys %iowait    %irq   %soft  %steal  %guest  %gnice   %idle
06:09:24 PM    0   26.92    0.00    6.73    0.00    0.00   11.54    0.00    0.00    0.00   54.81
06:09:24 PM    1    9.38    0.00    5.21    0.00    0.00    7.29    0.00    0.00    0.00   78.12

06:09:24 PM  CPU    %usr   %nice    %sys %iowait    %irq   %soft  %steal  %guest  %gnice   %idle
06:09:25 PM    0   27.27    0.00    7.07    0.00    0.00    8.08    0.00    0.00    0.00   57.58
06:09:25 PM    1    9.68    0.00    4.30    0.00    0.00    4.30    0.00    0.00    0.00   81.72

06:09:25 PM  CPU    %usr   %nice    %sys %iowait    %irq   %soft  %steal  %guest  %gnice   %idle
06:09:26 PM    0   28.28    0.00   11.11    0.00    0.00    7.07    0.00    0.00    0.00   53.54
06:09:26 PM    1   10.99    0.00    6.59    0.00    0.00    1.10    0.00    0.00    0.00   81.32

06:09:26 PM  CPU    %usr   %nice    %sys %iowait    %irq   %soft  %steal  %guest  %gnice   %idle
06:09:27 PM    0   30.61    0.00    9.18    1.02    0.00    7.14    0.00    0.00    0.00   52.04
06:09:27 PM    1   13.98    0.00    7.53    0.00    0.00    4.30    0.00    0.00    0.00   74.19

06:09:27 PM  CPU    %usr   %nice    %sys %iowait    %irq   %soft  %steal  %guest  %gnice   %idle
06:09:28 PM    0   27.00    0.00    7.00    0.00    0.00    6.00    0.00    0.00    0.00   60.00
06:09:28 PM    1   10.75    0.00    2.15    0.00    0.00    3.23    0.00    0.00    0.00   83.87

06:09:28 PM  CPU    %usr   %nice    %sys %iowait    %irq   %soft  %steal  %guest  %gnice   %idle
06:09:29 PM    0   32.04    0.00    6.80    0.00    0.00    9.71    0.00    0.00    0.00   51.46
06:09:29 PM    1   12.09    0.00    6.59    0.00    0.00    3.30    0.00    0.00    0.00   78.02

06:09:29 PM  CPU    %usr   %nice    %sys %iowait    %irq   %soft  %steal  %guest  %gnice   %idle
06:09:30 PM    0   30.21    0.00    6.25    0.00    0.00    6.25    0.00    0.00    0.00   57.29
06:09:30 PM    1   11.34    0.00    4.12    0.00    0.00    8.25    0.00    0.00    0.00   76.29

06:09:30 PM  CPU    %usr   %nice    %sys %iowait    %irq   %soft  %steal  %guest  %gnice   %idle
06:09:31 PM    0   25.00    0.00    5.00    0.00    0.00   11.00    0.00    0.00    0.00   59.00
06:09:31 PM    1    7.69    0.00    4.40    0.00    0.00    2.20    0.00    0.00    0.00   85.71

06:09:31 PM  CPU    %usr   %nice    %sys %iowait    %irq   %soft  %steal  %guest  %gnice   %idle
06:09:32 PM    0   26.67    0.00    6.67    0.00    0.00   10.48    0.00    0.00    0.00   56.19
06:09:32 PM    1    9.68    0.00    3.23    0.00    0.00    4.30    0.00    0.00    0.00   82.80

06:09:32 PM  CPU    %usr   %nice    %sys %iowait    %irq   %soft  %steal  %guest  %gnice   %idle
06:09:33 PM    0   28.12    0.00    6.25    0.00    0.00    4.17    0.00    0.00    0.00   61.46
06:09:33 PM    1    4.44    0.00    4.44    0.00    0.00    4.44    0.00    0.00    0.00   86.67

06:09:33 PM  CPU    %usr   %nice    %sys %iowait    %irq   %soft  %steal  %guest  %gnice   %idle
06:09:34 PM    0   25.00    0.00    4.81    0.00    0.00   11.54    0.00    0.00    0.00   58.65
06:09:34 PM    1    8.89    0.00    3.33    0.00    0.00    1.11    0.00    0.00    0.00   86.67

06:09:34 PM  CPU    %usr   %nice    %sys %iowait    %irq   %soft  %steal  %guest  %gnice   %idle
06:09:35 PM    0   31.31    0.00    9.09    0.00    0.00    5.05    0.00    0.00    0.00   54.55
06:09:35 PM    1   16.49    0.00    5.15    0.00    0.00    6.19    0.00    0.00    0.00   72.16

06:09:35 PM  CPU    %usr   %nice    %sys %iowait    %irq   %soft  %steal  %guest  %gnice   %idle
06:09:36 PM    0   27.27    0.00    8.08    5.05    0.00    8.08    0.00    0.00    0.00   51.52
06:09:36 PM    1   13.48    0.00    4.49    0.00    0.00    1.12    0.00    0.00    0.00   80.90

06:09:36 PM  CPU    %usr   %nice    %sys %iowait    %irq   %soft  %steal  %guest  %gnice   %idle
06:09:37 PM    0   25.51    0.00    6.12    0.00    0.00    8.16    0.00    0.00    0.00   60.20
06:09:37 PM    1    9.57    0.00    4.26    0.00    0.00    4.26    0.00    0.00    0.00   81.91

06:09:37 PM  CPU    %usr   %nice    %sys %iowait    %irq   %soft  %steal  %guest  %gnice   %idle
06:09:38 PM    0   26.00    0.00    6.00    0.00    0.00    7.00    0.00    0.00    0.00   61.00
06:09:38 PM    1    8.60    0.00    2.15    0.00    0.00    4.30    0.00    0.00    0.00   84.95

06:09:38 PM  CPU    %usr   %nice    %sys %iowait    %irq   %soft  %steal  %guest  %gnice   %idle
06:09:39 PM    0   21.15    0.00    9.62    0.00    0.00   10.58    0.00    0.00    0.00   58.65
06:09:39 PM    1    8.70    0.00    3.26    0.00    0.00    2.17    0.00    0.00    0.00   85.87

06:09:39 PM  CPU    %usr   %nice    %sys %iowait    %irq   %soft  %steal  %guest  %gnice   %idle
06:09:40 PM    0   24.51    0.00    5.88    0.00    0.00   10.78    0.00    0.00    0.00   58.82
06:09:40 PM    1    7.78    0.00    3.33    0.00    0.00    1.11    0.00    0.00    0.00   87.78

06:09:40 PM  CPU    %usr   %nice    %sys %iowait    %irq   %soft  %steal  %guest  %gnice   %idle
06:09:41 PM    0   29.47    0.00    8.42    0.00    0.00    3.16    0.00    0.00    0.00   58.95
06:09:41 PM    1   14.58    0.00    5.21    0.00    0.00    6.25    0.00    0.00    0.00   73.96

06:09:41 PM  CPU    %usr   %nice    %sys %iowait    %irq   %soft  %steal  %guest  %gnice   %idle
06:09:42 PM    0   28.43    0.00    6.86    0.00    0.00   10.78    0.00    0.00    0.00   53.92
06:09:42 PM    1   15.46    0.00    5.15    0.00    0.00    5.15    0.00    0.00    0.00   74.23

06:09:42 PM  CPU    %usr   %nice    %sys %iowait    %irq   %soft  %steal  %guest  %gnice   %idle
06:09:43 PM    0   48.00    0.00   15.00    0.00    0.00    5.00    0.00    0.00    0.00   32.00
06:09:43 PM    1   38.78    0.00   11.22    0.00    0.00    1.02    0.00    0.00    0.00   48.98

06:09:43 PM  CPU    %usr   %nice    %sys %iowait    %irq   %soft  %steal  %guest  %gnice   %idle
06:09:44 PM    0   47.92    0.00   11.46    0.00    0.00    2.08    0.00    0.00    0.00   38.54
06:09:44 PM    1   28.72    0.00    8.51    0.00    0.00    3.19    0.00    0.00    0.00   59.57

06:09:44 PM  CPU    %usr   %nice    %sys %iowait    %irq   %soft  %steal  %guest  %gnice   %idle
06:09:45 PM    0   50.00    0.00   12.77    0.00    0.00    5.32    0.00    0.00    0.00   31.91
06:09:45 PM    1   38.04    0.00   11.96    0.00    0.00    2.17    0.00    0.00    0.00   47.83

06:09:45 PM  CPU    %usr   %nice    %sys %iowait    %irq   %soft  %steal  %guest  %gnice   %idle
06:09:46 PM    0   51.00    0.00   16.00    0.00    0.00    6.00    0.00    0.00    0.00   27.00
06:09:46 PM    1   37.89    0.00   10.53    0.00    0.00    4.21    0.00    0.00    0.00   47.37

06:09:46 PM  CPU    %usr   %nice    %sys %iowait    %irq   %soft  %steal  %guest  %gnice   %idle
06:09:47 PM    0   47.92    0.00   13.54    0.00    0.00    4.17    0.00    0.00    0.00   34.38
06:09:47 PM    1   31.87    0.00    8.79    0.00    0.00    2.20    0.00    0.00    0.00   57.14

06:09:47 PM  CPU    %usr   %nice    %sys %iowait    %irq   %soft  %steal  %guest  %gnice   %idle
06:09:48 PM    0   43.30    0.00   12.37    0.00    0.00    3.09    0.00    0.00    0.00   41.24
06:09:48 PM    1   27.17    0.00    6.52    0.00    0.00    3.26    0.00    0.00    0.00   63.04

06:09:48 PM  CPU    %usr   %nice    %sys %iowait    %irq   %soft  %steal  %guest  %gnice   %idle
06:09:49 PM    0   42.71    0.00   12.50    0.00    0.00    4.17    0.00    0.00    0.00   40.62
06:09:49 PM    1   24.18    0.00    9.89    0.00    0.00    2.20    0.00    0.00    0.00   63.74

06:09:49 PM  CPU    %usr   %nice    %sys %iowait    %irq   %soft  %steal  %guest  %gnice   %idle
06:09:50 PM    0   43.14    0.00   13.73    0.00    0.00    4.90    0.00    0.00    0.00   38.24
06:09:50 PM    1   24.73    0.00   11.83    0.00    0.00    2.15    0.00    0.00    0.00   61.29

Average:     CPU    %usr   %nice    %sys %iowait    %irq   %soft  %steal  %guest  %gnice   %idle
Average:       0   17.55    0.00    7.08    0.05    0.00    7.85    0.00    0.00    0.00   67.48
Average:       1    9.61    0.00    4.23    0.00    0.00    3.55    0.00    0.00    0.00   82.62
