Linux 5.3.0-59-generic (ericmei) 	06/29/2020 	_x86_64_	(12 CPU)

06:26:10 PM  CPU    %usr   %nice    %sys %iowait    %irq   %soft  %steal  %guest  %gnice   %idle
06:26:11 PM    0   25.81    0.00    9.68    0.00    0.00    4.30    0.00    0.00    0.00   60.22
06:26:11 PM    1   23.66    0.00   10.75    0.00    0.00    3.23    0.00    0.00    0.00   62.37

06:26:11 PM  CPU    %usr   %nice    %sys %iowait    %irq   %soft  %steal  %guest  %gnice   %idle
06:26:12 PM    0   20.83    0.00    9.38    0.00    0.00    6.25    0.00    0.00    0.00   63.54
06:26:12 PM    1   27.47    0.00    4.40    0.00    0.00    2.20    0.00    0.00    0.00   65.93

06:26:12 PM  CPU    %usr   %nice    %sys %iowait    %irq   %soft  %steal  %guest  %gnice   %idle
06:26:13 PM    0   31.96    0.00    9.28    0.00    0.00    4.12    0.00    0.00    0.00   54.64
06:26:13 PM    1   21.98    0.00   10.99    0.00    0.00    2.20    0.00    0.00    0.00   64.84

06:26:13 PM  CPU    %usr   %nice    %sys %iowait    %irq   %soft  %steal  %guest  %gnice   %idle
06:26:14 PM    0   32.99    0.00   11.34    0.00    0.00    4.12    0.00    0.00    0.00   51.55
06:26:14 PM    1   26.67    0.00   11.11    0.00    0.00    3.33    0.00    0.00    0.00   58.89

06:26:14 PM  CPU    %usr   %nice    %sys %iowait    %irq   %soft  %steal  %guest  %gnice   %idle
06:26:15 PM    0   13.86    0.00    5.94    0.00    0.00    1.98    0.00    0.00    0.00   78.22
06:26:15 PM    1   17.92    0.00    3.77    0.00    0.00    4.72    0.00    0.00    0.00   73.58

06:26:15 PM  CPU    %usr   %nice    %sys %iowait    %irq   %soft  %steal  %guest  %gnice   %idle
06:26:16 PM    0   28.16    0.00    0.97    0.00    0.00    0.97    0.00    0.00    0.00   69.90
06:26:16 PM    1    6.93    0.00    0.99    0.00    0.00    1.98    0.00    0.00    0.00   90.10

06:26:16 PM  CPU    %usr   %nice    %sys %iowait    %irq   %soft  %steal  %guest  %gnice   %idle
06:26:17 PM    0   15.24    0.00    0.95    0.00    0.00    4.76    0.00    0.00    0.00   79.05
06:26:17 PM    1   14.15    0.00    1.89    0.00    0.00    2.83    0.00    0.00    0.00   81.13

06:26:17 PM  CPU    %usr   %nice    %sys %iowait    %irq   %soft  %steal  %guest  %gnice   %idle
06:26:18 PM    0   13.59    0.00    0.97    0.00    0.00    1.94    0.00    0.00    0.00   83.50
06:26:18 PM    1   11.65    0.00    4.85    0.00    0.00    0.97    0.00    0.00    0.00   82.52

06:26:18 PM  CPU    %usr   %nice    %sys %iowait    %irq   %soft  %steal  %guest  %gnice   %idle
06:26:19 PM    0   12.50    0.00    1.92    0.00    0.00    3.85    0.00    0.00    0.00   81.73
06:26:19 PM    1   12.24    0.00    1.02    0.00    0.00    1.02    0.00    0.00    0.00   85.71

06:26:19 PM  CPU    %usr   %nice    %sys %iowait    %irq   %soft  %steal  %guest  %gnice   %idle
06:26:20 PM    0    7.41    0.00    3.70    0.00    0.00    3.70    0.00    0.00    0.00   85.19
06:26:20 PM    1   24.00    0.00    1.00    0.00    0.00    0.00    0.00    0.00    0.00   75.00

06:26:20 PM  CPU    %usr   %nice    %sys %iowait    %irq   %soft  %steal  %guest  %gnice   %idle
06:26:21 PM    0   10.28    0.00    1.87    0.00    0.00    4.67    0.00    0.00    0.00   83.18
06:26:21 PM    1   17.82    0.00    2.97    0.00    0.00    0.00    0.00    0.00    0.00   79.21

06:26:21 PM  CPU    %usr   %nice    %sys %iowait    %irq   %soft  %steal  %guest  %gnice   %idle
06:26:22 PM    0   15.00    0.00    1.00    0.00    0.00    1.00    0.00    0.00    0.00   83.00
06:26:22 PM    1    6.19    0.00    2.06    0.00    0.00    1.03    0.00    0.00    0.00   90.72

06:26:22 PM  CPU    %usr   %nice    %sys %iowait    %irq   %soft  %steal  %guest  %gnice   %idle
06:26:23 PM    0   25.74    0.00    2.97    0.00    0.00    2.97    0.00    0.00    0.00   68.32
06:26:23 PM    1   27.45    0.00    2.94    0.00    0.00    0.98    0.00    0.00    0.00   68.63

06:26:23 PM  CPU    %usr   %nice    %sys %iowait    %irq   %soft  %steal  %guest  %gnice   %idle
06:26:24 PM    0   31.68    0.00    2.97    0.00    0.00    2.97    0.00    0.00    0.00   62.38
06:26:24 PM    1   23.53    0.00    0.98    0.00    0.00    0.98    0.00    0.00    0.00   74.51

06:26:24 PM  CPU    %usr   %nice    %sys %iowait    %irq   %soft  %steal  %guest  %gnice   %idle
06:26:25 PM    0   16.67    0.00    1.96    0.00    0.00    0.98    0.00    0.00    0.00   80.39
06:26:25 PM    1   12.00    0.00    2.00    0.00    0.00    1.00    0.00    0.00    0.00   85.00

06:26:25 PM  CPU    %usr   %nice    %sys %iowait    %irq   %soft  %steal  %guest  %gnice   %idle
06:26:26 PM    0   20.59    0.00    1.96    0.00    0.00    0.98    0.00    0.00    0.00   76.47
06:26:26 PM    1   19.19    0.00    1.01    0.00    0.00    2.02    0.00    0.00    0.00   77.78

06:26:26 PM  CPU    %usr   %nice    %sys %iowait    %irq   %soft  %steal  %guest  %gnice   %idle
06:26:27 PM    0   21.15    0.00    1.92    0.00    0.00    3.85    0.00    0.00    0.00   73.08
06:26:27 PM    1   25.49    0.00    7.84    0.00    0.00    0.98    0.00    0.00    0.00   65.69

06:26:27 PM  CPU    %usr   %nice    %sys %iowait    %irq   %soft  %steal  %guest  %gnice   %idle
06:26:28 PM    0   24.49    0.00    6.12    0.00    0.00    1.02    0.00    0.00    0.00   68.37
06:26:28 PM    1   24.49    0.00    4.08    0.00    0.00    2.04    0.00    0.00    0.00   69.39

06:26:28 PM  CPU    %usr   %nice    %sys %iowait    %irq   %soft  %steal  %guest  %gnice   %idle
06:26:29 PM    0   11.76    0.00    0.98    0.00    0.00    2.94    0.00    0.00    0.00   84.31
06:26:29 PM    1   21.78    0.00   12.87    0.00    0.00    1.98    0.00    0.00    0.00   63.37

06:26:29 PM  CPU    %usr   %nice    %sys %iowait    %irq   %soft  %steal  %guest  %gnice   %idle
06:26:30 PM    0   24.27    0.00    0.97    0.00    0.00    0.97    0.00    0.00    0.00   73.79
06:26:30 PM    1   12.00    0.00    7.00    0.00    0.00    0.00    0.00    0.00    0.00   81.00

06:26:30 PM  CPU    %usr   %nice    %sys %iowait    %irq   %soft  %steal  %guest  %gnice   %idle
06:26:31 PM    0   11.65    0.00    2.91    0.00    0.00    3.88    0.00    0.00    0.00   81.55
06:26:31 PM    1   24.04    0.00    2.88    0.00    0.00    0.96    0.00    0.00    0.00   72.12

06:26:31 PM  CPU    %usr   %nice    %sys %iowait    %irq   %soft  %steal  %guest  %gnice   %idle
06:26:32 PM    0   11.54    0.00    1.92    0.00    0.00    2.88    0.00    0.00    0.00   83.65
06:26:32 PM    1   11.32    0.00    2.83    0.00    0.00    0.94    0.00    0.00    0.00   84.91

06:26:32 PM  CPU    %usr   %nice    %sys %iowait    %irq   %soft  %steal  %guest  %gnice   %idle
06:26:33 PM    0   16.35    0.00    8.65    0.00    0.00    3.85    0.00    0.00    0.00   71.15
06:26:33 PM    1    8.74    0.00    1.94    0.97    0.00    2.91    0.00    0.00    0.00   85.44

06:26:33 PM  CPU    %usr   %nice    %sys %iowait    %irq   %soft  %steal  %guest  %gnice   %idle
06:26:34 PM    0   19.39    0.00    4.08    0.00    0.00    1.02    0.00    0.00    0.00   75.51
06:26:34 PM    1   12.00    0.00    1.00    0.00    0.00    2.00    0.00    0.00    0.00   85.00

06:26:34 PM  CPU    %usr   %nice    %sys %iowait    %irq   %soft  %steal  %guest  %gnice   %idle
06:26:35 PM    0   11.32    0.00    3.77    0.00    0.00    5.66    0.00    0.00    0.00   79.25
06:26:35 PM    1   29.41    0.00    7.84    0.00    0.00    0.98    0.00    0.00    0.00   61.76

06:26:35 PM  CPU    %usr   %nice    %sys %iowait    %irq   %soft  %steal  %guest  %gnice   %idle
06:26:36 PM    0   31.00    0.00    3.00    0.00    0.00    0.00    0.00    0.00    0.00   66.00
06:26:36 PM    1   25.74    0.00    3.96    0.00    0.00    0.99    0.00    0.00    0.00   69.31

06:26:36 PM  CPU    %usr   %nice    %sys %iowait    %irq   %soft  %steal  %guest  %gnice   %idle
06:26:37 PM    0   19.00    0.00    0.00    0.00    0.00    3.00    0.00    0.00    0.00   78.00
06:26:37 PM    1   14.42    0.00    3.85    0.00    0.00    2.88    0.00    0.00    0.00   78.85

06:26:37 PM  CPU    %usr   %nice    %sys %iowait    %irq   %soft  %steal  %guest  %gnice   %idle
06:26:38 PM    0   21.36    0.00    8.74    0.00    0.00    0.97    0.00    0.00    0.00   68.93
06:26:38 PM    1   12.87    0.00    5.94    0.00    0.00    2.97    0.00    0.00    0.00   78.22

06:26:38 PM  CPU    %usr   %nice    %sys %iowait    %irq   %soft  %steal  %guest  %gnice   %idle
06:26:39 PM    0   14.29    0.00    3.81    0.00    0.00    4.76    0.00    0.00    0.00   77.14
06:26:39 PM    1   22.00    0.00    0.00    0.00    0.00    1.00    0.00    0.00    0.00   77.00

06:26:39 PM  CPU    %usr   %nice    %sys %iowait    %irq   %soft  %steal  %guest  %gnice   %idle
06:26:40 PM    0   14.29    0.00    1.90    0.00    0.00    1.90    0.00    0.00    0.00   81.90
06:26:40 PM    1   18.81    0.00    1.98    0.00    0.00    0.00    0.00    0.00    0.00   79.21

06:26:40 PM  CPU    %usr   %nice    %sys %iowait    %irq   %soft  %steal  %guest  %gnice   %idle
06:26:41 PM    0   18.63    0.00    5.88    0.00    0.00    1.96    0.00    0.00    0.00   73.53
06:26:41 PM    1   16.83    0.00    1.98    0.00    0.00    1.98    0.00    0.00    0.00   79.21

06:26:41 PM  CPU    %usr   %nice    %sys %iowait    %irq   %soft  %steal  %guest  %gnice   %idle
06:26:42 PM    0   14.95    0.00    5.61    0.00    0.00    6.54    0.00    0.00    0.00   72.90
06:26:42 PM    1   17.17    0.00    2.02    0.00    0.00    1.01    0.00    0.00    0.00   79.80

06:26:42 PM  CPU    %usr   %nice    %sys %iowait    %irq   %soft  %steal  %guest  %gnice   %idle
06:26:43 PM    0   23.53    0.00    2.94    0.00    0.00    2.94    0.00    0.00    0.00   70.59
06:26:43 PM    1   19.61    0.00    5.88    0.00    0.00    0.98    0.00    0.00    0.00   73.53

06:26:43 PM  CPU    %usr   %nice    %sys %iowait    %irq   %soft  %steal  %guest  %gnice   %idle
06:26:44 PM    0   20.59    0.00    0.98    0.00    0.00    3.92    0.00    0.00    0.00   74.51
06:26:44 PM    1   18.45    0.00    1.94    0.00    0.00    5.83    0.00    0.00    0.00   73.79

06:26:44 PM  CPU    %usr   %nice    %sys %iowait    %irq   %soft  %steal  %guest  %gnice   %idle
06:26:45 PM    0   15.38    0.00    0.96    0.00    0.00    6.73    0.00    0.00    0.00   76.92
06:26:45 PM    1   17.48    0.00    0.97    0.00    0.00    2.91    0.00    0.00    0.00   78.64

06:26:45 PM  CPU    %usr   %nice    %sys %iowait    %irq   %soft  %steal  %guest  %gnice   %idle
06:26:46 PM    0   23.08    0.00    5.77    0.00    0.00    3.85    0.00    0.00    0.00   67.31
06:26:46 PM    1   16.83    0.00    2.97    0.00    0.00    0.99    0.00    0.00    0.00   79.21

06:26:46 PM  CPU    %usr   %nice    %sys %iowait    %irq   %soft  %steal  %guest  %gnice   %idle
06:26:47 PM    0   14.00    0.00    2.00    0.00    0.00    3.00    0.00    0.00    0.00   81.00
06:26:47 PM    1   12.87    0.00    4.95    0.00    0.00    1.98    0.00    0.00    0.00   80.20

06:26:47 PM  CPU    %usr   %nice    %sys %iowait    %irq   %soft  %steal  %guest  %gnice   %idle
06:26:48 PM    0   15.53    0.00    0.97    0.00    0.00    4.85    0.00    0.00    0.00   78.64
06:26:48 PM    1   10.20    0.00    4.08    0.00    0.00    1.02    0.00    0.00    0.00   84.69

06:26:48 PM  CPU    %usr   %nice    %sys %iowait    %irq   %soft  %steal  %guest  %gnice   %idle
06:26:49 PM    0    9.90    0.00    0.00    0.00    0.00    4.95    0.00    0.00    0.00   85.15
06:26:49 PM    1   14.71    0.00    6.86    0.00    0.00    0.98    0.00    0.00    0.00   77.45

06:26:49 PM  CPU    %usr   %nice    %sys %iowait    %irq   %soft  %steal  %guest  %gnice   %idle
06:26:50 PM    0   16.82    0.00    7.48    0.00    0.00    3.74    0.00    0.00    0.00   71.96
06:26:50 PM    1    7.84    0.00    1.96    0.00    0.00    0.98    0.00    0.00    0.00   89.22

06:26:50 PM  CPU    %usr   %nice    %sys %iowait    %irq   %soft  %steal  %guest  %gnice   %idle
06:26:51 PM    0   10.78    0.00    2.94    0.00    0.00    2.94    0.00    0.00    0.00   83.33
06:26:51 PM    1   21.36    0.00    4.85    0.00    0.00    0.00    0.00    0.00    0.00   73.79

06:26:51 PM  CPU    %usr   %nice    %sys %iowait    %irq   %soft  %steal  %guest  %gnice   %idle
06:26:52 PM    0   20.95    0.00    6.67    0.00    0.00    2.86    0.00    0.00    0.00   69.52
06:26:52 PM    1   20.00    0.00    2.86    0.00    0.00    1.90    0.00    0.00    0.00   75.24

06:26:52 PM  CPU    %usr   %nice    %sys %iowait    %irq   %soft  %steal  %guest  %gnice   %idle
06:26:53 PM    0   13.46    0.00    0.96    0.00    0.00    3.85    0.00    0.00    0.00   81.73
06:26:53 PM    1   12.50    0.00    3.85    0.00    0.00    2.88    0.00    0.00    0.00   80.77

06:26:53 PM  CPU    %usr   %nice    %sys %iowait    %irq   %soft  %steal  %guest  %gnice   %idle
06:26:54 PM    0   14.85    0.00    0.00    0.00    0.00    1.98    0.00    0.00    0.00   83.17
06:26:54 PM    1   12.00    0.00    2.00    0.00    0.00    0.00    0.00    0.00    0.00   86.00

06:26:54 PM  CPU    %usr   %nice    %sys %iowait    %irq   %soft  %steal  %guest  %gnice   %idle
06:26:55 PM    0    5.83    0.00    0.97    0.00    0.00    4.85    0.00    0.00    0.00   88.35
06:26:55 PM    1   26.21    0.00    0.00    0.00    0.00    0.00    0.00    0.00    0.00   73.79

06:26:55 PM  CPU    %usr   %nice    %sys %iowait    %irq   %soft  %steal  %guest  %gnice   %idle
06:26:56 PM    0   10.89    0.00    0.00    1.98    0.00    3.96    0.00    0.00    0.00   83.17
06:26:56 PM    1   18.81    0.00    3.96    0.00    0.00    0.00    0.00    0.00    0.00   77.23

06:26:56 PM  CPU    %usr   %nice    %sys %iowait    %irq   %soft  %steal  %guest  %gnice   %idle
06:26:57 PM    0    6.86    0.00    1.96    0.00    0.00    1.96    0.00    0.00    0.00   89.22
06:26:57 PM    1   21.65    0.00    6.19    0.00    0.00    0.00    0.00    0.00    0.00   72.16

06:26:57 PM  CPU    %usr   %nice    %sys %iowait    %irq   %soft  %steal  %guest  %gnice   %idle
06:26:58 PM    0    7.77    0.00    5.83    8.74    0.00    4.85    0.00    0.00    0.00   72.82
06:26:58 PM    1   25.00    0.00    2.00    0.00    0.00    1.00    0.00    0.00    0.00   72.00

06:26:58 PM  CPU    %usr   %nice    %sys %iowait    %irq   %soft  %steal  %guest  %gnice   %idle
06:26:59 PM    0   14.71    0.00    0.98    0.00    0.00    1.96    0.00    0.00    0.00   82.35
06:26:59 PM    1   15.31    0.00    0.00    0.00    0.00    1.02    0.00    0.00    0.00   83.67

06:26:59 PM  CPU    %usr   %nice    %sys %iowait    %irq   %soft  %steal  %guest  %gnice   %idle
06:27:00 PM    0    9.52    0.00    0.95    0.00    0.00    5.71    0.00    0.00    0.00   83.81
06:27:00 PM    1   11.22    0.00    1.02    0.00    0.00    0.00    0.00    0.00    0.00   87.76

06:27:00 PM  CPU    %usr   %nice    %sys %iowait    %irq   %soft  %steal  %guest  %gnice   %idle
06:27:01 PM    0   29.70    0.00    5.94    2.97    0.00    0.99    0.00    0.00    0.00   60.40
06:27:01 PM    1   11.88    0.00    2.97    2.97    0.00    1.98    0.00    0.00    0.00   80.20

06:27:01 PM  CPU    %usr   %nice    %sys %iowait    %irq   %soft  %steal  %guest  %gnice   %idle
06:27:02 PM    0   21.36    0.00    3.88    0.00    0.00    0.97    0.00    0.00    0.00   73.79
06:27:02 PM    1   18.81    0.00    3.96    0.00    0.00    2.97    0.00    0.00    0.00   74.26

06:27:02 PM  CPU    %usr   %nice    %sys %iowait    %irq   %soft  %steal  %guest  %gnice   %idle
06:27:03 PM    0   37.00    0.00    4.00    0.00    0.00    2.00    0.00    0.00    0.00   57.00
06:27:03 PM    1   55.00    0.00    4.00    0.00    0.00    1.00    0.00    0.00    0.00   40.00

06:27:03 PM  CPU    %usr   %nice    %sys %iowait    %irq   %soft  %steal  %guest  %gnice   %idle
06:27:04 PM    0   12.87    0.00    1.98    0.00    0.00    2.97    0.00    0.00    0.00   82.18
06:27:04 PM    1   19.39    0.00    7.14    0.00    0.00    1.02    0.00    0.00    0.00   72.45

06:27:04 PM  CPU    %usr   %nice    %sys %iowait    %irq   %soft  %steal  %guest  %gnice   %idle
06:27:05 PM    0   23.00    0.00    2.00    0.00    0.00    1.00    0.00    0.00    0.00   74.00
06:27:05 PM    1   22.55    0.00    6.86    0.00    0.00    0.98    0.00    0.00    0.00   69.61

06:27:05 PM  CPU    %usr   %nice    %sys %iowait    %irq   %soft  %steal  %guest  %gnice   %idle
06:27:06 PM    0   18.45    0.00    2.91    0.00    0.00    2.91    0.00    0.00    0.00   75.73
06:27:06 PM    1   22.77    0.00    3.96    0.00    0.00    0.99    0.00    0.00    0.00   72.28

06:27:06 PM  CPU    %usr   %nice    %sys %iowait    %irq   %soft  %steal  %guest  %gnice   %idle
06:27:07 PM    0   12.87    0.00    4.95    0.00    0.00    0.99    0.00    0.00    0.00   81.19
06:27:07 PM    1   14.85    0.00    0.99    0.00    0.00    0.99    0.00    0.00    0.00   83.17

06:27:07 PM  CPU    %usr   %nice    %sys %iowait    %irq   %soft  %steal  %guest  %gnice   %idle
06:27:08 PM    0   23.08    0.00    3.85    0.00    0.00    1.92    0.00    0.00    0.00   71.15
06:27:08 PM    1   14.14    0.00    1.01    0.00    0.00    1.01    0.00    0.00    0.00   83.84

06:27:08 PM  CPU    %usr   %nice    %sys %iowait    %irq   %soft  %steal  %guest  %gnice   %idle
06:27:09 PM    0   17.82    0.00    1.98    0.00    0.00    0.99    0.00    0.00    0.00   79.21
06:27:09 PM    1   17.00    0.00    6.00    0.00    0.00    1.00    0.00    0.00    0.00   76.00

06:27:09 PM  CPU    %usr   %nice    %sys %iowait    %irq   %soft  %steal  %guest  %gnice   %idle
06:27:10 PM    0   21.00    0.00    6.00    0.00    0.00    3.00    0.00    0.00    0.00   70.00
06:27:10 PM    1   29.29    0.00    1.01    0.00    0.00    0.00    0.00    0.00    0.00   69.70

06:27:10 PM  CPU    %usr   %nice    %sys %iowait    %irq   %soft  %steal  %guest  %gnice   %idle
06:27:11 PM    0   21.57    0.00    1.96    0.00    0.00    1.96    0.00    0.00    0.00   74.51
06:27:11 PM    1   26.73    0.00    1.98    0.00    0.00    2.97    0.00    0.00    0.00   68.32

06:27:11 PM  CPU    %usr   %nice    %sys %iowait    %irq   %soft  %steal  %guest  %gnice   %idle
06:27:12 PM    0   24.27    0.00    9.71    0.00    0.00    3.88    0.00    0.00    0.00   62.14
06:27:12 PM    1   57.58    0.00    9.09    0.00    0.00    0.00    0.00    0.00    0.00   33.33

06:27:12 PM  CPU    %usr   %nice    %sys %iowait    %irq   %soft  %steal  %guest  %gnice   %idle
06:27:13 PM    0   51.96    0.00    9.80    0.00    0.00    1.96    0.00    0.00    0.00   36.27
06:27:13 PM    1   57.58    0.00   14.14    0.00    0.00    0.00    0.00    0.00    0.00   28.28

06:27:13 PM  CPU    %usr   %nice    %sys %iowait    %irq   %soft  %steal  %guest  %gnice   %idle
06:27:14 PM    0   24.51    0.00    4.90    0.00    0.00    1.96    0.00    0.00    0.00   68.63
06:27:14 PM    1   41.58    0.00    9.90    0.00    0.00    0.99    0.00    0.00    0.00   47.52

06:27:14 PM  CPU    %usr   %nice    %sys %iowait    %irq   %soft  %steal  %guest  %gnice   %idle
06:27:15 PM    0   32.67    0.00    5.94    0.00    0.00    0.99    0.00    0.00    0.00   60.40
06:27:15 PM    1   77.45    0.00   13.73    0.00    0.00    0.98    0.00    0.00    0.00    7.84

06:27:15 PM  CPU    %usr   %nice    %sys %iowait    %irq   %soft  %steal  %guest  %gnice   %idle
06:27:16 PM    0   45.10    0.00    4.90    0.00    0.00    1.96    0.00    0.00    0.00   48.04
06:27:16 PM    1   41.18    0.00    7.84    0.00    0.00    2.94    0.00    0.00    0.00   48.04

06:27:16 PM  CPU    %usr   %nice    %sys %iowait    %irq   %soft  %steal  %guest  %gnice   %idle
06:27:17 PM    0   15.69    0.00    0.00    0.00    0.00    3.92    0.00    0.00    0.00   80.39
06:27:17 PM    1   26.26    0.00    5.05    0.00    0.00    0.00    0.00    0.00    0.00   68.69

06:27:17 PM  CPU    %usr   %nice    %sys %iowait    %irq   %soft  %steal  %guest  %gnice   %idle
06:27:18 PM    0   19.23    0.00    5.77    0.00    0.00    1.92    0.00    0.00    0.00   73.08
06:27:18 PM    1   11.00    0.00    3.00    0.00    0.00    1.00    0.00    0.00    0.00   85.00

06:27:18 PM  CPU    %usr   %nice    %sys %iowait    %irq   %soft  %steal  %guest  %gnice   %idle
06:27:19 PM    0   15.15    0.00    2.02    0.00    0.00    3.03    0.00    0.00    0.00   79.80
06:27:19 PM    1   19.00    0.00    4.00    0.00    0.00    1.00    0.00    0.00    0.00   76.00

06:27:19 PM  CPU    %usr   %nice    %sys %iowait    %irq   %soft  %steal  %guest  %gnice   %idle
06:27:20 PM    0   24.00    0.00    2.00    0.00    0.00    1.00    0.00    0.00    0.00   73.00
06:27:20 PM    1   11.65    0.00    1.94    0.00    0.00    1.94    0.00    0.00    0.00   84.47

06:27:20 PM  CPU    %usr   %nice    %sys %iowait    %irq   %soft  %steal  %guest  %gnice   %idle
06:27:21 PM    0   24.00    0.00    0.00    0.00    0.00    2.00    0.00    0.00    0.00   74.00
06:27:21 PM    1    1.98    0.00    1.98    0.00    0.00    4.95    0.00    0.00    0.00   91.09

06:27:21 PM  CPU    %usr   %nice    %sys %iowait    %irq   %soft  %steal  %guest  %gnice   %idle
06:27:22 PM    0   13.13    0.00    1.01    0.00    0.00    2.02    0.00    0.00    0.00   83.84
06:27:22 PM    1   18.56    0.00    1.03    0.00    0.00    1.03    0.00    0.00    0.00   79.38

06:27:22 PM  CPU    %usr   %nice    %sys %iowait    %irq   %soft  %steal  %guest  %gnice   %idle
06:27:23 PM    0   15.84    0.00    3.96    0.00    0.00    2.97    0.00    0.00    0.00   77.23
06:27:23 PM    1   11.88    0.00    2.97    0.00    0.00    0.99    0.00    0.00    0.00   84.16

06:27:23 PM  CPU    %usr   %nice    %sys %iowait    %irq   %soft  %steal  %guest  %gnice   %idle
06:27:24 PM    0   11.76    0.00    4.90    0.00    0.00    3.92    0.00    0.00    0.00   79.41
06:27:24 PM    1   22.00    0.00    5.00    0.00    0.00    1.00    0.00    0.00    0.00   72.00

06:27:24 PM  CPU    %usr   %nice    %sys %iowait    %irq   %soft  %steal  %guest  %gnice   %idle
06:27:25 PM    0   23.76    0.00    0.99    0.00    0.00    3.96    0.00    0.00    0.00   71.29
06:27:25 PM    1   22.77    0.00    2.97    0.00    0.00    1.98    0.00    0.00    0.00   72.28

06:27:25 PM  CPU    %usr   %nice    %sys %iowait    %irq   %soft  %steal  %guest  %gnice   %idle
06:27:26 PM    0   20.00    0.00    6.67    0.00    0.00    2.86    0.00    0.00    0.00   70.48
06:27:26 PM    1   14.56    0.00    5.83    0.00    0.00    3.88    0.00    0.00    0.00   75.73

06:27:26 PM  CPU    %usr   %nice    %sys %iowait    %irq   %soft  %steal  %guest  %gnice   %idle
06:27:27 PM    0   22.12    0.00    1.92    0.00    0.00    2.88    0.00    0.00    0.00   73.08
06:27:27 PM    1   13.33    0.00    3.81    0.00    0.00    3.81    0.00    0.00    0.00   79.05

06:27:27 PM  CPU    %usr   %nice    %sys %iowait    %irq   %soft  %steal  %guest  %gnice   %idle
06:27:28 PM    0   15.24    0.00    2.86    0.00    0.00    3.81    0.00    0.00    0.00   78.10
06:27:28 PM    1   27.72    0.00    0.00    0.00    0.00    0.00    0.00    0.00    0.00   72.28

06:27:28 PM  CPU    %usr   %nice    %sys %iowait    %irq   %soft  %steal  %guest  %gnice   %idle
06:27:29 PM    0   16.35    0.00    4.81    0.00    0.00    0.96    0.00    0.00    0.00   77.88
06:27:29 PM    1   21.57    0.00    4.90    0.00    0.00    0.98    0.00    0.00    0.00   72.55

06:27:29 PM  CPU    %usr   %nice    %sys %iowait    %irq   %soft  %steal  %guest  %gnice   %idle
06:27:30 PM    0   11.00    0.00    6.00    0.00    0.00    3.00    0.00    0.00    0.00   80.00
06:27:30 PM    1   14.00    0.00    3.00    2.00    0.00    3.00    0.00    0.00    0.00   78.00

06:27:30 PM  CPU    %usr   %nice    %sys %iowait    %irq   %soft  %steal  %guest  %gnice   %idle
06:27:31 PM    0   28.43    0.00    4.90    0.00    0.00    2.94    0.00    0.00    0.00   63.73
06:27:31 PM    1   30.69    0.00    7.92    0.00    0.00    0.99    0.00    0.00    0.00   60.40

06:27:31 PM  CPU    %usr   %nice    %sys %iowait    %irq   %soft  %steal  %guest  %gnice   %idle
06:27:32 PM    0   28.43    0.00    3.92    0.00    0.00    0.00    0.00    0.00    0.00   67.65
06:27:32 PM    1   18.27    0.00    1.92    0.00    0.00    0.96    0.00    0.00    0.00   78.85

06:27:32 PM  CPU    %usr   %nice    %sys %iowait    %irq   %soft  %steal  %guest  %gnice   %idle
06:27:33 PM    0   22.77    0.00    2.97    0.00    0.00    1.98    0.00    0.00    0.00   72.28
06:27:33 PM    1   15.00    0.00    4.00    0.00    0.00    2.00    0.00    0.00    0.00   79.00

06:27:33 PM  CPU    %usr   %nice    %sys %iowait    %irq   %soft  %steal  %guest  %gnice   %idle
06:27:34 PM    0    8.91    0.00    3.96    0.00    0.00    2.97    0.00    0.00    0.00   84.16
06:27:34 PM    1   12.00    0.00    2.00    0.00    0.00    0.00    0.00    0.00    0.00   86.00

06:27:34 PM  CPU    %usr   %nice    %sys %iowait    %irq   %soft  %steal  %guest  %gnice   %idle
06:27:35 PM    0   12.38    0.00    1.90    0.00    0.00    4.76    0.00    0.00    0.00   80.95
06:27:35 PM    1   10.10    0.00    1.01    0.00    0.00    2.02    0.00    0.00    0.00   86.87

06:27:35 PM  CPU    %usr   %nice    %sys %iowait    %irq   %soft  %steal  %guest  %gnice   %idle
06:27:36 PM    0   12.87    0.00    9.90    0.00    0.00    0.99    0.00    0.00    0.00   76.24
06:27:36 PM    1   17.48    0.00    5.83    0.00    0.00    2.91    0.00    0.00    0.00   73.79

06:27:36 PM  CPU    %usr   %nice    %sys %iowait    %irq   %soft  %steal  %guest  %gnice   %idle
06:27:37 PM    0   26.73    0.00   12.87    0.00    0.00    0.99    0.00    0.00    0.00   59.41
06:27:37 PM    1   19.80    0.00    4.95    0.00    0.00    0.00    0.00    0.00    0.00   75.25

06:27:37 PM  CPU    %usr   %nice    %sys %iowait    %irq   %soft  %steal  %guest  %gnice   %idle
06:27:38 PM    0   22.33    0.00    1.94    0.00    0.00    0.97    0.00    0.00    0.00   74.76
06:27:38 PM    1   20.59    0.00    4.90    0.00    0.00    0.98    0.00    0.00    0.00   73.53

06:27:38 PM  CPU    %usr   %nice    %sys %iowait    %irq   %soft  %steal  %guest  %gnice   %idle
06:27:39 PM    0   11.65    0.00    1.94    0.00    0.00    2.91    0.00    0.00    0.00   83.50
06:27:39 PM    1   23.30    0.00    0.97    0.00    0.00    0.97    0.00    0.00    0.00   74.76

06:27:39 PM  CPU    %usr   %nice    %sys %iowait    %irq   %soft  %steal  %guest  %gnice   %idle
06:27:40 PM    0    8.33    0.00    3.70    0.00    0.00    5.56    0.00    0.00    0.00   82.41
06:27:40 PM    1   11.76    0.00    1.96    0.00    0.00    0.98    0.00    0.00    0.00   85.29

06:27:40 PM  CPU    %usr   %nice    %sys %iowait    %irq   %soft  %steal  %guest  %gnice   %idle
06:27:41 PM    0   15.53    0.00    0.97    0.00    0.00    1.94    0.00    0.00    0.00   81.55
06:27:41 PM    1    6.06    0.00    2.02    0.00    0.00    2.02    0.00    0.00    0.00   89.90

06:27:41 PM  CPU    %usr   %nice    %sys %iowait    %irq   %soft  %steal  %guest  %gnice   %idle
06:27:42 PM    0   28.28    0.00   10.10    0.00    0.00    2.02    0.00    0.00    0.00   59.60
06:27:42 PM    1    9.62    0.00    2.88    0.00    0.00    5.77    0.00    0.00    0.00   81.73

06:27:42 PM  CPU    %usr   %nice    %sys %iowait    %irq   %soft  %steal  %guest  %gnice   %idle
06:27:43 PM    0   18.63    0.00    2.94    0.00    0.00    4.90    0.00    0.00    0.00   73.53
06:27:43 PM    1   29.00    0.00    7.00    0.00    0.00    1.00    0.00    0.00    0.00   63.00

06:27:43 PM  CPU    %usr   %nice    %sys %iowait    %irq   %soft  %steal  %guest  %gnice   %idle
06:27:44 PM    0   15.69    0.00    0.98    0.00    0.00    1.96    0.00    0.00    0.00   81.37
06:27:44 PM    1   20.41    0.00    1.02    0.00    0.00    2.04    0.00    0.00    0.00   76.53

06:27:44 PM  CPU    %usr   %nice    %sys %iowait    %irq   %soft  %steal  %guest  %gnice   %idle
06:27:45 PM    0   13.33    0.00    1.90    0.00    0.00    1.90    0.00    0.00    0.00   82.86
06:27:45 PM    1   19.00    0.00    2.00    0.00    0.00    0.00    0.00    0.00    0.00   79.00

06:27:45 PM  CPU    %usr   %nice    %sys %iowait    %irq   %soft  %steal  %guest  %gnice   %idle
06:27:46 PM    0   23.00    0.00    0.00    0.00    0.00    2.00    0.00    0.00    0.00   75.00
06:27:46 PM    1   25.25    0.00    1.01    0.00    0.00    1.01    0.00    0.00    0.00   72.73

06:27:46 PM  CPU    %usr   %nice    %sys %iowait    %irq   %soft  %steal  %guest  %gnice   %idle
06:27:47 PM    0   24.75    0.00    3.96    0.00    0.00    0.00    0.00    0.00    0.00   71.29
06:27:47 PM    1   20.00    0.00    3.00    0.00    0.00    1.00    0.00    0.00    0.00   76.00

06:27:47 PM  CPU    %usr   %nice    %sys %iowait    %irq   %soft  %steal  %guest  %gnice   %idle
06:27:48 PM    0   12.50    0.00    1.92    0.00    0.00    1.92    0.00    0.00    0.00   83.65
06:27:48 PM    1   13.13    0.00    9.09    0.00    0.00    0.00    0.00    0.00    0.00   77.78

06:27:48 PM  CPU    %usr   %nice    %sys %iowait    %irq   %soft  %steal  %guest  %gnice   %idle
06:27:49 PM    0   16.19    0.00    0.95    0.00    0.00    4.76    0.00    0.00    0.00   78.10
06:27:49 PM    1   27.18    0.00    5.83    0.00    0.00    0.97    0.00    0.00    0.00   66.02

06:27:49 PM  CPU    %usr   %nice    %sys %iowait    %irq   %soft  %steal  %guest  %gnice   %idle
06:27:50 PM    0    8.91    0.00    1.98    0.00    0.00    2.97    0.00    0.00    0.00   86.14
06:27:50 PM    1   19.05    0.00    3.81    0.00    0.00    1.90    0.00    0.00    0.00   75.24

06:27:50 PM  CPU    %usr   %nice    %sys %iowait    %irq   %soft  %steal  %guest  %gnice   %idle
06:27:51 PM    0   11.32    0.00    1.89    0.00    0.00    6.60    0.00    0.00    0.00   80.19
06:27:51 PM    1   18.56    0.00    2.06    0.00    0.00    1.03    0.00    0.00    0.00   78.35

06:27:51 PM  CPU    %usr   %nice    %sys %iowait    %irq   %soft  %steal  %guest  %gnice   %idle
06:27:52 PM    0   11.88    0.00    3.96    0.00    0.00    3.96    0.00    0.00    0.00   80.20
06:27:52 PM    1   12.00    0.00    3.00    0.00    0.00    1.00    0.00    0.00    0.00   84.00

06:27:52 PM  CPU    %usr   %nice    %sys %iowait    %irq   %soft  %steal  %guest  %gnice   %idle
06:27:53 PM    0   17.35    0.00    1.02    0.00    0.00    3.06    0.00    0.00    0.00   78.57
06:27:53 PM    1   15.31    0.00    0.00    0.00    0.00    1.02    0.00    0.00    0.00   83.67

06:27:53 PM  CPU    %usr   %nice    %sys %iowait    %irq   %soft  %steal  %guest  %gnice   %idle
06:27:54 PM    0   24.75    0.00    1.98    0.00    0.00    1.98    0.00    0.00    0.00   71.29
06:27:54 PM    1   13.86    0.00    1.98    0.00    0.00    0.99    0.00    0.00    0.00   83.17

06:27:54 PM  CPU    %usr   %nice    %sys %iowait    %irq   %soft  %steal  %guest  %gnice   %idle
06:27:55 PM    0   21.00    0.00    4.00    0.00    0.00    2.00    0.00    0.00    0.00   73.00
06:27:55 PM    1   22.77    0.00    3.96    0.00    0.00    0.99    0.00    0.00    0.00   72.28

06:27:55 PM  CPU    %usr   %nice    %sys %iowait    %irq   %soft  %steal  %guest  %gnice   %idle
06:27:56 PM    0   20.95    0.00    1.90    0.00    0.00    3.81    0.00    0.00    0.00   73.33
06:27:56 PM    1   26.73    0.00    7.92    0.00    0.00    0.99    0.00    0.00    0.00   64.36

06:27:56 PM  CPU    %usr   %nice    %sys %iowait    %irq   %soft  %steal  %guest  %gnice   %idle
06:27:57 PM    0   19.19    0.00    3.03    0.00    0.00    2.02    0.00    0.00    0.00   75.76
06:27:57 PM    1   22.55    0.00    2.94    0.00    0.00    1.96    0.00    0.00    0.00   72.55

06:27:57 PM  CPU    %usr   %nice    %sys %iowait    %irq   %soft  %steal  %guest  %gnice   %idle
06:27:58 PM    0   16.00    0.00    7.00    0.00    0.00    2.00    0.00    0.00    0.00   75.00
06:27:58 PM    1   10.78    0.00    4.90    0.00    0.00    1.96    0.00    0.00    0.00   82.35

06:27:58 PM  CPU    %usr   %nice    %sys %iowait    %irq   %soft  %steal  %guest  %gnice   %idle
06:27:59 PM    0    9.00    0.00    1.00    0.00    0.00    3.00    0.00    0.00    0.00   87.00
06:27:59 PM    1   23.00    0.00    6.00    0.00    0.00    1.00    0.00    0.00    0.00   70.00

06:27:59 PM  CPU    %usr   %nice    %sys %iowait    %irq   %soft  %steal  %guest  %gnice   %idle
06:28:00 PM    0   14.71    0.00    3.92    0.00    0.00    0.98    0.00    0.00    0.00   80.39
06:28:00 PM    1   21.36    0.00   11.65    0.00    0.00    2.91    0.00    0.00    0.00   64.08

06:28:00 PM  CPU    %usr   %nice    %sys %iowait    %irq   %soft  %steal  %guest  %gnice   %idle
06:28:01 PM    0   13.00    0.00    4.00    0.00    0.00    3.00    0.00    0.00    0.00   80.00
06:28:01 PM    1   17.65    0.00    1.96    0.00    0.00    2.94    0.00    0.00    0.00   77.45

06:28:01 PM  CPU    %usr   %nice    %sys %iowait    %irq   %soft  %steal  %guest  %gnice   %idle
06:28:02 PM    0   20.00    0.00    7.62    0.00    0.00    3.81    0.00    0.00    0.00   68.57
06:28:02 PM    1   14.55    0.00    2.73    0.00    0.00    5.45    0.00    0.00    0.00   77.27

06:28:02 PM  CPU    %usr   %nice    %sys %iowait    %irq   %soft  %steal  %guest  %gnice   %idle
06:28:03 PM    0   11.43    0.00    1.90    0.00    0.00    3.81    0.00    0.00    0.00   82.86
06:28:03 PM    1    7.77    0.00    1.94    0.00    0.00    2.91    0.00    0.00    0.00   87.38

06:28:03 PM  CPU    %usr   %nice    %sys %iowait    %irq   %soft  %steal  %guest  %gnice   %idle
06:28:04 PM    0   16.00    0.00    3.00    0.00    0.00    3.00    0.00    0.00    0.00   78.00
06:28:04 PM    1   12.75    0.00    3.92    0.00    0.00    5.88    0.00    0.00    0.00   77.45

06:28:04 PM  CPU    %usr   %nice    %sys %iowait    %irq   %soft  %steal  %guest  %gnice   %idle
06:28:05 PM    0   11.76    0.00    0.98    0.00    0.00    4.90    0.00    0.00    0.00   82.35
06:28:05 PM    1   10.78    0.00    3.92    0.00    0.00    0.00    0.00    0.00    0.00   85.29

06:28:05 PM  CPU    %usr   %nice    %sys %iowait    %irq   %soft  %steal  %guest  %gnice   %idle
06:28:06 PM    0   29.63    0.00    0.93    0.00    0.00    7.41    0.00    0.00    0.00   62.04
06:28:06 PM    1   21.36    0.00    0.97   17.48    0.00    3.88    0.00    0.00    0.00   56.31

06:28:06 PM  CPU    %usr   %nice    %sys %iowait    %irq   %soft  %steal  %guest  %gnice   %idle
06:28:07 PM    0   24.76    0.00    3.81    0.00    0.00    4.76    0.00    0.00    0.00   66.67
06:28:07 PM    1   27.27    0.00    0.00    0.00    0.00    0.00    0.00    0.00    0.00   72.73

06:28:07 PM  CPU    %usr   %nice    %sys %iowait    %irq   %soft  %steal  %guest  %gnice   %idle
06:28:08 PM    0   26.53    0.00    2.04    0.00    0.00    0.00    0.00    0.00    0.00   71.43
06:28:08 PM    1   26.26    0.00    2.02    0.00    0.00    0.00    0.00    0.00    0.00   71.72

06:28:08 PM  CPU    %usr   %nice    %sys %iowait    %irq   %soft  %steal  %guest  %gnice   %idle
06:28:09 PM    0   19.19    0.00    0.00    0.00    0.00    1.01    0.00    0.00    0.00   79.80
06:28:09 PM    1   25.51    0.00    1.02    0.00    0.00    0.00    0.00    0.00    0.00   73.47

06:28:09 PM  CPU    %usr   %nice    %sys %iowait    %irq   %soft  %steal  %guest  %gnice   %idle
06:28:10 PM    0   16.35    0.00    1.92    0.00    0.00    3.85    0.00    0.00    0.00   77.88
06:28:10 PM    1   19.42    0.00    9.71    0.00    0.00    0.97    0.00    0.00    0.00   69.90

Average:     CPU    %usr   %nice    %sys %iowait    %irq   %soft  %steal  %guest  %gnice   %idle
Average:       0   18.62    0.00    3.46    0.11    0.00    2.90    0.00    0.00    0.00   74.91
Average:       1   19.92    0.00    3.93    0.20    0.00    1.54    0.00    0.00    0.00   74.42
