Linux 5.3.0-59-generic (ericmei) 	06/29/2020 	_x86_64_	(12 CPU)

08:26:34 PM  CPU    %usr   %nice    %sys %iowait    %irq   %soft  %steal  %guest  %gnice   %idle
08:26:35 PM    0   14.29    0.00    4.76    0.00    0.00    9.52    0.00    0.00    0.00   71.43
08:26:35 PM    1    7.69    0.00    3.30    0.00    0.00    2.20    0.00    0.00    0.00   86.81

08:26:35 PM  CPU    %usr   %nice    %sys %iowait    %irq   %soft  %steal  %guest  %gnice   %idle
08:26:36 PM    0   11.00    0.00    6.00    0.00    0.00    8.00    0.00    0.00    0.00   75.00
08:26:36 PM    1    8.79    0.00    2.20    0.00    0.00    2.20    0.00    0.00    0.00   86.81

08:26:36 PM  CPU    %usr   %nice    %sys %iowait    %irq   %soft  %steal  %guest  %gnice   %idle
08:26:37 PM    0   15.89    0.00    2.80    0.00    0.00   11.21    0.00    0.00    0.00   70.09
08:26:37 PM    1    4.49    0.00    5.62    0.00    0.00    0.00    0.00    0.00    0.00   89.89

08:26:37 PM  CPU    %usr   %nice    %sys %iowait    %irq   %soft  %steal  %guest  %gnice   %idle
08:26:38 PM    0   12.37    0.00    6.19    0.00    0.00    5.15    0.00    0.00    0.00   76.29
08:26:38 PM    1    5.56    0.00    3.33    0.00    0.00    4.44    0.00    0.00    0.00   86.67

08:26:38 PM  CPU    %usr   %nice    %sys %iowait    %irq   %soft  %steal  %guest  %gnice   %idle
08:26:39 PM    0   12.38    0.00    4.76    0.00    0.00   10.48    0.00    0.00    0.00   72.38
08:26:39 PM    1    6.67    0.00    1.11    0.00    0.00    3.33    0.00    0.00    0.00   88.89

08:26:39 PM  CPU    %usr   %nice    %sys %iowait    %irq   %soft  %steal  %guest  %gnice   %idle
08:26:40 PM    0   10.09    0.00    5.50    0.00    0.00   14.68    0.00    0.00    0.00   69.72
08:26:40 PM    1    6.74    0.00    3.37    0.00    0.00    1.12    0.00    0.00    0.00   88.76

08:26:40 PM  CPU    %usr   %nice    %sys %iowait    %irq   %soft  %steal  %guest  %gnice   %idle
08:26:41 PM    0   12.15    0.00    6.54    0.00    0.00   12.15    0.00    0.00    0.00   69.16
08:26:41 PM    1    5.49    0.00    3.30    0.00    0.00    4.40    0.00    0.00    0.00   86.81

08:26:41 PM  CPU    %usr   %nice    %sys %iowait    %irq   %soft  %steal  %guest  %gnice   %idle
08:26:42 PM    0   11.43    0.00    5.71    0.00    0.00   11.43    0.00    0.00    0.00   71.43
08:26:42 PM    1    6.52    0.00    3.26    0.00    0.00    4.35    0.00    0.00    0.00   85.87

08:26:42 PM  CPU    %usr   %nice    %sys %iowait    %irq   %soft  %steal  %guest  %gnice   %idle
08:26:43 PM    0   14.85    0.00    5.94    0.00    0.00    5.94    0.00    0.00    0.00   73.27
08:26:43 PM    1    6.52    0.00    3.26    0.00    0.00    5.43    0.00    0.00    0.00   84.78

08:26:43 PM  CPU    %usr   %nice    %sys %iowait    %irq   %soft  %steal  %guest  %gnice   %idle
08:26:44 PM    0   12.87    0.00    3.96    0.00    0.00    8.91    0.00    0.00    0.00   74.26
08:26:44 PM    1    5.43    0.00    3.26    0.00    0.00    4.35    0.00    0.00    0.00   86.96

08:26:44 PM  CPU    %usr   %nice    %sys %iowait    %irq   %soft  %steal  %guest  %gnice   %idle
08:26:45 PM    0   11.21    0.00    7.48    0.00    0.00   10.28    0.00    0.00    0.00   71.03
08:26:45 PM    1    5.43    0.00    4.35    0.00    0.00    3.26    0.00    0.00    0.00   86.96

08:26:45 PM  CPU    %usr   %nice    %sys %iowait    %irq   %soft  %steal  %guest  %gnice   %idle
08:26:46 PM    0   14.56    0.00    5.83    0.00    0.00    6.80    0.00    0.00    0.00   72.82
08:26:46 PM    1    6.38    0.00    4.26    0.00    0.00    5.32    0.00    0.00    0.00   84.04

08:26:46 PM  CPU    %usr   %nice    %sys %iowait    %irq   %soft  %steal  %guest  %gnice   %idle
08:26:47 PM    0   14.71    0.00    5.88    0.00    0.00    5.88    0.00    0.00    0.00   73.53
08:26:47 PM    1    6.67    0.00    2.22    0.00    0.00    2.22    0.00    0.00    0.00   88.89

08:26:47 PM  CPU    %usr   %nice    %sys %iowait    %irq   %soft  %steal  %guest  %gnice   %idle
08:26:48 PM    0   12.87    0.00    4.95    0.00    0.00    8.91    0.00    0.00    0.00   73.27
08:26:48 PM    1    8.70    0.00    2.17    0.00    0.00    3.26    0.00    0.00    0.00   85.87

08:26:48 PM  CPU    %usr   %nice    %sys %iowait    %irq   %soft  %steal  %guest  %gnice   %idle
08:26:49 PM    0   15.00    0.00    6.00    0.00    0.00    5.00    0.00    0.00    0.00   74.00
08:26:49 PM    1    4.44    0.00    3.33    0.00    0.00    4.44    0.00    0.00    0.00   87.78

08:26:49 PM  CPU    %usr   %nice    %sys %iowait    %irq   %soft  %steal  %guest  %gnice   %idle
08:26:50 PM    0   15.24    0.00    2.86    0.00    0.00    9.52    0.00    0.00    0.00   72.38
08:26:50 PM    1    6.67    0.00    2.22    0.00    0.00    3.33    0.00    0.00    0.00   87.78

08:26:50 PM  CPU    %usr   %nice    %sys %iowait    %irq   %soft  %steal  %guest  %gnice   %idle
08:26:51 PM    0   14.68    0.00    2.75    0.00    0.00   13.76    0.00    0.00    0.00   68.81
08:26:51 PM    1    6.45    0.00    5.38    0.00    0.00    3.23    0.00    0.00    0.00   84.95

08:26:51 PM  CPU    %usr   %nice    %sys %iowait    %irq   %soft  %steal  %guest  %gnice   %idle
08:26:52 PM    0   11.54    0.00    8.65    0.00    0.00    8.65    0.00    0.00    0.00   71.15
08:26:52 PM    1    8.79    0.00    1.10    0.00    0.00    3.30    0.00    0.00    0.00   86.81

08:26:52 PM  CPU    %usr   %nice    %sys %iowait    %irq   %soft  %steal  %guest  %gnice   %idle
08:26:53 PM    0   13.27    0.00    6.12    0.00    0.00    4.08    0.00    0.00    0.00   76.53
08:26:53 PM    1    7.53    0.00    3.23    0.00    0.00    4.30    0.00    0.00    0.00   84.95

08:26:53 PM  CPU    %usr   %nice    %sys %iowait    %irq   %soft  %steal  %guest  %gnice   %idle
08:26:54 PM    0   11.54    0.00    6.73    0.00    0.00    9.62    0.00    0.00    0.00   72.12
08:26:54 PM    1    5.56    0.00    2.22    0.00    0.00    3.33    0.00    0.00    0.00   88.89

08:26:54 PM  CPU    %usr   %nice    %sys %iowait    %irq   %soft  %steal  %guest  %gnice   %idle
08:26:55 PM    0   11.76    0.00    4.90    0.00    0.00    9.80    0.00    0.00    0.00   73.53
08:26:55 PM    1    6.67    0.00    3.33    0.00    0.00    2.22    0.00    0.00    0.00   87.78

08:26:55 PM  CPU    %usr   %nice    %sys %iowait    %irq   %soft  %steal  %guest  %gnice   %idle
08:26:56 PM    0   12.50    0.00    3.85    0.00    0.00   11.54    0.00    0.00    0.00   72.12
08:26:56 PM    1    8.60    0.00    2.15    0.00    0.00    4.30    0.00    0.00    0.00   84.95

08:26:56 PM  CPU    %usr   %nice    %sys %iowait    %irq   %soft  %steal  %guest  %gnice   %idle
08:26:57 PM    0   14.85    0.00    6.93    0.00    0.00    4.95    0.00    0.00    0.00   73.27
08:26:57 PM    1    4.44    0.00    4.44    0.00    0.00    4.44    0.00    0.00    0.00   86.67

08:26:57 PM  CPU    %usr   %nice    %sys %iowait    %irq   %soft  %steal  %guest  %gnice   %idle
08:26:58 PM    0   11.22    0.00    7.14    0.00    0.00    5.10    0.00    0.00    0.00   76.53
08:26:58 PM    1    6.38    0.00    2.13    0.00    0.00    6.38    0.00    0.00    0.00   85.11

08:26:58 PM  CPU    %usr   %nice    %sys %iowait    %irq   %soft  %steal  %guest  %gnice   %idle
08:26:59 PM    0   10.58    0.00    7.69    0.00    0.00    9.62    0.00    0.00    0.00   72.12
08:26:59 PM    1    5.26    0.00    3.16    0.00    0.00    8.42    0.00    0.00    0.00   83.16

08:26:59 PM  CPU    %usr   %nice    %sys %iowait    %irq   %soft  %steal  %guest  %gnice   %idle
08:27:00 PM    0    9.90    0.00    8.91    0.00    0.00    7.92    0.00    0.00    0.00   73.27
08:27:00 PM    1    8.70    0.00    2.17    0.00    0.00    3.26    0.00    0.00    0.00   85.87

08:27:00 PM  CPU    %usr   %nice    %sys %iowait    %irq   %soft  %steal  %guest  %gnice   %idle
08:27:01 PM    0   13.86    0.00    2.97    0.00    0.00    7.92    0.00    0.00    0.00   75.25
08:27:01 PM    1    6.74    0.00    2.25    0.00    0.00    2.25    0.00    0.00    0.00   88.76

08:27:01 PM  CPU    %usr   %nice    %sys %iowait    %irq   %soft  %steal  %guest  %gnice   %idle
08:27:02 PM    0   11.00    0.00    6.00    0.00    0.00    8.00    0.00    0.00    0.00   75.00
08:27:02 PM    1    5.56    0.00    2.22    0.00    0.00    4.44    0.00    0.00    0.00   87.78

08:27:02 PM  CPU    %usr   %nice    %sys %iowait    %irq   %soft  %steal  %guest  %gnice   %idle
08:27:03 PM    0   10.28    0.00    6.54    0.00    0.00   13.08    0.00    0.00    0.00   70.09
08:27:03 PM    1    6.45    0.00    3.23    0.00    0.00    6.45    0.00    0.00    0.00   83.87

08:27:03 PM  CPU    %usr   %nice    %sys %iowait    %irq   %soft  %steal  %guest  %gnice   %idle
08:27:04 PM    0   15.15    0.00    6.06    0.00    0.00    3.03    0.00    0.00    0.00   75.76
08:27:04 PM    1    6.74    0.00    3.37    0.00    0.00    1.12    0.00    0.00    0.00   88.76

08:27:04 PM  CPU    %usr   %nice    %sys %iowait    %irq   %soft  %steal  %guest  %gnice   %idle
08:27:05 PM    0   13.68    0.00    5.26    0.00    0.00    3.16    0.00    0.00    0.00   77.89
08:27:05 PM    1    7.45    0.00    2.13    0.00    0.00    5.32    0.00    0.00    0.00   85.11

08:27:05 PM  CPU    %usr   %nice    %sys %iowait    %irq   %soft  %steal  %guest  %gnice   %idle
08:27:06 PM    0   12.24    0.00    6.12    0.00    0.00    6.12    0.00    0.00    0.00   75.51
08:27:06 PM    1    4.49    0.00    3.37    0.00    0.00    4.49    0.00    0.00    0.00   87.64

08:27:06 PM  CPU    %usr   %nice    %sys %iowait    %irq   %soft  %steal  %guest  %gnice   %idle
08:27:07 PM    0   14.00    0.00    5.00    0.00    0.00    6.00    0.00    0.00    0.00   75.00
08:27:07 PM    1    6.45    0.00    3.23    0.00    0.00    5.38    0.00    0.00    0.00   84.95

08:27:07 PM  CPU    %usr   %nice    %sys %iowait    %irq   %soft  %steal  %guest  %gnice   %idle
08:27:08 PM    0   12.12    0.00    6.06    0.00    0.00    6.06    0.00    0.00    0.00   75.76
08:27:08 PM    1    5.32    0.00    4.26    0.00    0.00    5.32    0.00    0.00    0.00   85.11

08:27:08 PM  CPU    %usr   %nice    %sys %iowait    %irq   %soft  %steal  %guest  %gnice   %idle
08:27:09 PM    0   15.53    0.00    4.85    0.00    0.00    8.74    0.00    0.00    0.00   70.87
08:27:09 PM    1    5.62    0.00    4.49    0.00    0.00    3.37    0.00    0.00    0.00   86.52

08:27:09 PM  CPU    %usr   %nice    %sys %iowait    %irq   %soft  %steal  %guest  %gnice   %idle
08:27:10 PM    0   13.00    0.00    6.00    0.00    0.00    7.00    0.00    0.00    0.00   74.00
08:27:10 PM    1    6.38    0.00    4.26    0.00    0.00    5.32    0.00    0.00    0.00   84.04

08:27:10 PM  CPU    %usr   %nice    %sys %iowait    %irq   %soft  %steal  %guest  %gnice   %idle
08:27:11 PM    0   16.00    0.00    5.00    0.00    0.00    9.00    0.00    0.00    0.00   70.00
08:27:11 PM    1    7.78    0.00    2.22    0.00    0.00    4.44    0.00    0.00    0.00   85.56

08:27:11 PM  CPU    %usr   %nice    %sys %iowait    %irq   %soft  %steal  %guest  %gnice   %idle
08:27:12 PM    0   17.48    0.00    5.83    0.00    0.00    6.80    0.00    0.00    0.00   69.90
08:27:12 PM    1   10.75    0.00    4.30    0.00    0.00    5.38    0.00    0.00    0.00   79.57

08:27:12 PM  CPU    %usr   %nice    %sys %iowait    %irq   %soft  %steal  %guest  %gnice   %idle
08:27:13 PM    0   15.69    0.00    5.88    0.00    0.00    7.84    0.00    0.00    0.00   70.59
08:27:13 PM    1    6.52    0.00    3.26    0.00    0.00    6.52    0.00    0.00    0.00   83.70

08:27:13 PM  CPU    %usr   %nice    %sys %iowait    %irq   %soft  %steal  %guest  %gnice   %idle
08:27:14 PM    0   15.00    0.00    7.00    0.00    0.00    8.00    0.00    0.00    0.00   70.00
08:27:14 PM    1   12.50    0.00    2.08    0.00    0.00    7.29    0.00    0.00    0.00   78.12

08:27:14 PM  CPU    %usr   %nice    %sys %iowait    %irq   %soft  %steal  %guest  %gnice   %idle
08:27:15 PM    0   11.54    0.00    5.77    0.00    0.00   10.58    0.00    0.00    0.00   72.12
08:27:15 PM    1    6.74    0.00    1.12    0.00    0.00    2.25    0.00    0.00    0.00   89.89

08:27:15 PM  CPU    %usr   %nice    %sys %iowait    %irq   %soft  %steal  %guest  %gnice   %idle
08:27:16 PM    0   13.59    0.00    5.83    0.00    0.00    8.74    0.00    0.00    0.00   71.84
08:27:16 PM    1    6.59    0.00    3.30    0.00    0.00    3.30    0.00    0.00    0.00   86.81

08:27:16 PM  CPU    %usr   %nice    %sys %iowait    %irq   %soft  %steal  %guest  %gnice   %idle
08:27:17 PM    0   13.00    0.00    4.00    0.00    0.00    7.00    0.00    0.00    0.00   76.00
08:27:17 PM    1    4.35    0.00    3.26    0.00    0.00    5.43    0.00    0.00    0.00   86.96

08:27:17 PM  CPU    %usr   %nice    %sys %iowait    %irq   %soft  %steal  %guest  %gnice   %idle
08:27:18 PM    0   10.89    0.00    5.94    0.00    0.00    8.91    0.00    0.00    0.00   74.26
08:27:18 PM    1    8.89    0.00    2.22    0.00    0.00    1.11    0.00    0.00    0.00   87.78

08:27:18 PM  CPU    %usr   %nice    %sys %iowait    %irq   %soft  %steal  %guest  %gnice   %idle
08:27:19 PM    0   13.73    0.00    6.86    0.00    0.00    5.88    0.00    0.00    0.00   73.53
08:27:19 PM    1    7.61    0.00    2.17    0.00    0.00    4.35    0.00    0.00    0.00   85.87

08:27:19 PM  CPU    %usr   %nice    %sys %iowait    %irq   %soft  %steal  %guest  %gnice   %idle
08:27:20 PM    0   12.12    0.00    6.06    0.00    0.00    7.07    0.00    0.00    0.00   74.75
08:27:20 PM    1    7.78    0.00    2.22    0.00    0.00    3.33    0.00    0.00    0.00   86.67

08:27:20 PM  CPU    %usr   %nice    %sys %iowait    %irq   %soft  %steal  %guest  %gnice   %idle
08:27:21 PM    0   14.71    0.00    4.90    0.00    0.00    6.86    0.00    0.00    0.00   73.53
08:27:21 PM    1    5.49    0.00    4.40    0.00    0.00    3.30    0.00    0.00    0.00   86.81

08:27:21 PM  CPU    %usr   %nice    %sys %iowait    %irq   %soft  %steal  %guest  %gnice   %idle
08:27:22 PM    0   12.15    0.00    6.54    0.00    0.00   12.15    0.00    0.00    0.00   69.16
08:27:22 PM    1    7.87    0.00    4.49    0.00    0.00    1.12    0.00    0.00    0.00   86.52

08:27:22 PM  CPU    %usr   %nice    %sys %iowait    %irq   %soft  %steal  %guest  %gnice   %idle
08:27:23 PM    0   12.75    0.00    6.86    0.00    0.00    6.86    0.00    0.00    0.00   73.53
08:27:23 PM    1    6.38    0.00    4.26    0.00    0.00    5.32    0.00    0.00    0.00   84.04

08:27:23 PM  CPU    %usr   %nice    %sys %iowait    %irq   %soft  %steal  %guest  %gnice   %idle
08:27:24 PM    0   10.58    0.00    6.73    0.00    0.00   10.58    0.00    0.00    0.00   72.12
08:27:24 PM    1    6.74    0.00    2.25    0.00    0.00    2.25    0.00    0.00    0.00   88.76

08:27:24 PM  CPU    %usr   %nice    %sys %iowait    %irq   %soft  %steal  %guest  %gnice   %idle
08:27:25 PM    0   10.78    0.00    6.86    0.00    0.00    8.82    0.00    0.00    0.00   73.53
08:27:25 PM    1    7.87    0.00    2.25    0.00    0.00    1.12    0.00    0.00    0.00   88.76

08:27:25 PM  CPU    %usr   %nice    %sys %iowait    %irq   %soft  %steal  %guest  %gnice   %idle
08:27:26 PM    0   11.65    0.00    5.83    0.00    0.00    9.71    0.00    0.00    0.00   72.82
08:27:26 PM    1    6.52    0.00    3.26    0.00    0.00    4.35    0.00    0.00    0.00   85.87

08:27:26 PM  CPU    %usr   %nice    %sys %iowait    %irq   %soft  %steal  %guest  %gnice   %idle
08:27:27 PM    0   12.87    0.00    5.94    0.00    0.00    6.93    0.00    0.00    0.00   74.26
08:27:27 PM    1    5.43    0.00    3.26    0.00    0.00    4.35    0.00    0.00    0.00   86.96

08:27:27 PM  CPU    %usr   %nice    %sys %iowait    %irq   %soft  %steal  %guest  %gnice   %idle
08:27:28 PM    0   11.76    0.00    6.86    0.00    0.00    7.84    0.00    0.00    0.00   73.53
08:27:28 PM    1    5.49    0.00    3.30    0.00    0.00    4.40    0.00    0.00    0.00   86.81

08:27:28 PM  CPU    %usr   %nice    %sys %iowait    %irq   %soft  %steal  %guest  %gnice   %idle
08:27:29 PM    0   11.11    0.00    5.05    0.00    0.00    7.07    0.00    0.00    0.00   76.77
08:27:29 PM    1    5.56    0.00    3.33    0.00    0.00    2.22    0.00    0.00    0.00   88.89

08:27:29 PM  CPU    %usr   %nice    %sys %iowait    %irq   %soft  %steal  %guest  %gnice   %idle
08:27:30 PM    0   11.32    0.00    7.55    0.00    0.00   11.32    0.00    0.00    0.00   69.81
08:27:30 PM    1    4.49    0.00    2.25    0.00    0.00    3.37    0.00    0.00    0.00   89.89

08:27:30 PM  CPU    %usr   %nice    %sys %iowait    %irq   %soft  %steal  %guest  %gnice   %idle
08:27:31 PM    0   13.59    0.00    6.80    0.00    0.00    6.80    0.00    0.00    0.00   72.82
08:27:31 PM    1    6.45    0.00    4.30    0.00    0.00    5.38    0.00    0.00    0.00   83.87

08:27:31 PM  CPU    %usr   %nice    %sys %iowait    %irq   %soft  %steal  %guest  %gnice   %idle
08:27:32 PM    0   12.26    0.00    6.60    0.00    0.00   10.38    0.00    0.00    0.00   70.75
08:27:32 PM    1    7.69    0.00    2.20    0.00    0.00    2.20    0.00    0.00    0.00   87.91

08:27:32 PM  CPU    %usr   %nice    %sys %iowait    %irq   %soft  %steal  %guest  %gnice   %idle
08:27:33 PM    0   13.08    0.00    5.61    0.00    0.00   11.21    0.00    0.00    0.00   70.09
08:27:33 PM    1    5.43    0.00    4.35    0.00    0.00    5.43    0.00    0.00    0.00   84.78

08:27:33 PM  CPU    %usr   %nice    %sys %iowait    %irq   %soft  %steal  %guest  %gnice   %idle
08:27:34 PM    0   12.00    0.00    6.00    0.00    0.00    8.00    0.00    0.00    0.00   74.00
08:27:34 PM    1    5.49    0.00    4.40    0.00    0.00    4.40    0.00    0.00    0.00   85.71

08:27:34 PM  CPU    %usr   %nice    %sys %iowait    %irq   %soft  %steal  %guest  %gnice   %idle
08:27:35 PM    0   17.00    0.00    4.00    0.00    0.00    5.00    0.00    0.00    0.00   74.00
08:27:35 PM    1    6.67    0.00    2.22    0.00    0.00    3.33    0.00    0.00    0.00   87.78

08:27:35 PM  CPU    %usr   %nice    %sys %iowait    %irq   %soft  %steal  %guest  %gnice   %idle
08:27:36 PM    0   12.87    0.00    5.94    0.00    0.00    6.93    0.00    0.00    0.00   74.26
08:27:36 PM    1    5.32    0.00    4.26    0.00    0.00    6.38    0.00    0.00    0.00   84.04

08:27:36 PM  CPU    %usr   %nice    %sys %iowait    %irq   %soft  %steal  %guest  %gnice   %idle
08:27:37 PM    0   13.73    0.00    5.88    0.00    0.00    7.84    0.00    0.00    0.00   72.55
08:27:37 PM    1    4.44    0.00    5.56    0.00    0.00    2.22    0.00    0.00    0.00   87.78

08:27:37 PM  CPU    %usr   %nice    %sys %iowait    %irq   %soft  %steal  %guest  %gnice   %idle
08:27:38 PM    0   13.27    0.00    6.12    0.00    0.00    4.08    0.00    0.00    0.00   76.53
08:27:38 PM    1    5.56    0.00    3.33    0.00    0.00    3.33    0.00    0.00    0.00   87.78

08:27:38 PM  CPU    %usr   %nice    %sys %iowait    %irq   %soft  %steal  %guest  %gnice   %idle
08:27:39 PM    0   13.00    0.00    6.00    0.00    0.00    6.00    0.00    0.00    0.00   75.00
08:27:39 PM    1    7.61    0.00    1.09    0.00    0.00    4.35    0.00    0.00    0.00   86.96

08:27:39 PM  CPU    %usr   %nice    %sys %iowait    %irq   %soft  %steal  %guest  %gnice   %idle
08:27:40 PM    0   13.73    0.00    5.88    0.00    0.00    6.86    0.00    0.00    0.00   73.53
08:27:40 PM    1    4.30    0.00    5.38    0.00    0.00    5.38    0.00    0.00    0.00   84.95

08:27:40 PM  CPU    %usr   %nice    %sys %iowait    %irq   %soft  %steal  %guest  %gnice   %idle
08:27:41 PM    0   15.24    0.00    3.81    0.00    0.00    9.52    0.00    0.00    0.00   71.43
08:27:41 PM    1    7.53    0.00    3.23    0.00    0.00    4.30    0.00    0.00    0.00   84.95

08:27:41 PM  CPU    %usr   %nice    %sys %iowait    %irq   %soft  %steal  %guest  %gnice   %idle
08:27:42 PM    0   13.73    0.00    7.84    0.00    0.00    5.88    0.00    0.00    0.00   72.55
08:27:42 PM    1    7.87    0.00    1.12    0.00    0.00    3.37    0.00    0.00    0.00   87.64

08:27:42 PM  CPU    %usr   %nice    %sys %iowait    %irq   %soft  %steal  %guest  %gnice   %idle
08:27:43 PM    0   14.42    0.00    5.77    0.00    0.00    8.65    0.00    0.00    0.00   71.15
08:27:43 PM    1    5.43    0.00    4.35    0.00    0.00    5.43    0.00    0.00    0.00   84.78

08:27:43 PM  CPU    %usr   %nice    %sys %iowait    %irq   %soft  %steal  %guest  %gnice   %idle
08:27:44 PM    0   11.65    0.00    6.80    0.00    0.00    9.71    0.00    0.00    0.00   71.84
08:27:44 PM    1    5.49    0.00    3.30    0.00    0.00    4.40    0.00    0.00    0.00   86.81

08:27:44 PM  CPU    %usr   %nice    %sys %iowait    %irq   %soft  %steal  %guest  %gnice   %idle
08:27:45 PM    0   10.78    0.00    6.86    0.00    0.00    8.82    0.00    0.00    0.00   73.53
08:27:45 PM    1    6.82    0.00    3.41    0.00    0.00    0.00    0.00    0.00    0.00   89.77

08:27:45 PM  CPU    %usr   %nice    %sys %iowait    %irq   %soft  %steal  %guest  %gnice   %idle
08:27:46 PM    0   14.71    0.00    6.86    0.00    0.00    6.86    0.00    0.00    0.00   71.57
08:27:46 PM    1    9.78    0.00    1.09    0.00    0.00    5.43    0.00    0.00    0.00   83.70

08:27:46 PM  CPU    %usr   %nice    %sys %iowait    %irq   %soft  %steal  %guest  %gnice   %idle
08:27:47 PM    0   12.50    0.00    7.29    0.00    0.00    3.12    0.00    0.00    0.00   77.08
08:27:47 PM    1    7.69    0.00    3.30    0.00    0.00    3.30    0.00    0.00    0.00   85.71

08:27:47 PM  CPU    %usr   %nice    %sys %iowait    %irq   %soft  %steal  %guest  %gnice   %idle
08:27:48 PM    0   11.32    0.00    9.43    0.00    0.00    8.49    0.00    0.00    0.00   70.75
08:27:48 PM    1    4.35    0.00    2.17    0.00    0.00    6.52    0.00    0.00    0.00   86.96

08:27:48 PM  CPU    %usr   %nice    %sys %iowait    %irq   %soft  %steal  %guest  %gnice   %idle
08:27:49 PM    0   14.43    0.00    4.12    0.00    0.00    4.12    0.00    0.00    0.00   77.32
08:27:49 PM    1    6.52    0.00    3.26    0.00    0.00    4.35    0.00    0.00    0.00   85.87

08:27:49 PM  CPU    %usr   %nice    %sys %iowait    %irq   %soft  %steal  %guest  %gnice   %idle
08:27:50 PM    0    9.90    0.00    7.92    0.00    0.00    7.92    0.00    0.00    0.00   74.26
08:27:50 PM    1    4.35    0.00    3.26    0.00    0.00    5.43    0.00    0.00    0.00   86.96

08:27:50 PM  CPU    %usr   %nice    %sys %iowait    %irq   %soft  %steal  %guest  %gnice   %idle
08:27:51 PM    0   11.11    0.00    6.06    0.00    0.00    6.06    0.00    0.00    0.00   76.77
08:27:51 PM    1    7.69    0.00    2.20    0.00    0.00    2.20    0.00    0.00    0.00   87.91

08:27:51 PM  CPU    %usr   %nice    %sys %iowait    %irq   %soft  %steal  %guest  %gnice   %idle
08:27:52 PM    0   11.22    0.00    6.12    0.00    0.00    6.12    0.00    0.00    0.00   76.53
08:27:52 PM    1    6.52    0.00    2.17    0.00    0.00    5.43    0.00    0.00    0.00   85.87

08:27:52 PM  CPU    %usr   %nice    %sys %iowait    %irq   %soft  %steal  %guest  %gnice   %idle
08:27:53 PM    0   11.88    0.00    3.96    0.00    0.00   11.88    0.00    0.00    0.00   72.28
08:27:53 PM    1    5.49    0.00    4.40    0.00    0.00    3.30    0.00    0.00    0.00   86.81

08:27:53 PM  CPU    %usr   %nice    %sys %iowait    %irq   %soft  %steal  %guest  %gnice   %idle
08:27:54 PM    0   12.50    0.00    6.73    0.00    0.00    7.69    0.00    0.00    0.00   73.08
08:27:54 PM    1    5.38    0.00    3.23    0.00    0.00    5.38    0.00    0.00    0.00   86.02

08:27:54 PM  CPU    %usr   %nice    %sys %iowait    %irq   %soft  %steal  %guest  %gnice   %idle
08:27:55 PM    0   12.04    0.00    4.63    0.00    0.00   13.89    0.00    0.00    0.00   69.44
08:27:55 PM    1    5.43    0.00    4.35    0.00    0.00    4.35    0.00    0.00    0.00   85.87

08:27:55 PM  CPU    %usr   %nice    %sys %iowait    %irq   %soft  %steal  %guest  %gnice   %idle
08:27:56 PM    0   12.24    0.00    6.12    0.00    0.00    5.10    0.00    0.00    0.00   76.53
08:27:56 PM    1    6.38    0.00    2.13    0.00    0.00    7.45    0.00    0.00    0.00   84.04

08:27:56 PM  CPU    %usr   %nice    %sys %iowait    %irq   %soft  %steal  %guest  %gnice   %idle
08:27:57 PM    0   12.96    0.00    5.56    0.00    0.00   12.04    0.00    0.00    0.00   69.44
08:27:57 PM    1    7.69    0.00    2.20    0.00    0.00    3.30    0.00    0.00    0.00   86.81

08:27:57 PM  CPU    %usr   %nice    %sys %iowait    %irq   %soft  %steal  %guest  %gnice   %idle
08:27:58 PM    0   11.76    0.00    5.88    0.00    0.00    8.82    0.00    0.00    0.00   73.53
08:27:58 PM    1    6.67    0.00    2.22    0.00    0.00    3.33    0.00    0.00    0.00   87.78

08:27:58 PM  CPU    %usr   %nice    %sys %iowait    %irq   %soft  %steal  %guest  %gnice   %idle
08:27:59 PM    0   12.26    0.00    7.55    0.00    0.00    9.43    0.00    0.00    0.00   70.75
08:27:59 PM    1    6.32    0.00    3.16    0.00    0.00    6.32    0.00    0.00    0.00   84.21

08:27:59 PM  CPU    %usr   %nice    %sys %iowait    %irq   %soft  %steal  %guest  %gnice   %idle
08:28:00 PM    0   15.84    0.00    3.96    0.00    0.00    7.92    0.00    0.00    0.00   72.28
08:28:00 PM    1    5.75    0.00    4.60    0.00    0.00    1.15    0.00    0.00    0.00   88.51

08:28:00 PM  CPU    %usr   %nice    %sys %iowait    %irq   %soft  %steal  %guest  %gnice   %idle
08:28:01 PM    0   11.65    0.00    7.77    0.00    0.00    7.77    0.00    0.00    0.00   72.82
08:28:01 PM    1    6.74    0.00    4.49    0.00    0.00    1.12    0.00    0.00    0.00   87.64

08:28:01 PM  CPU    %usr   %nice    %sys %iowait    %irq   %soft  %steal  %guest  %gnice   %idle
08:28:02 PM    0   16.00    0.00    6.00    0.00    0.00    4.00    0.00    0.00    0.00   74.00
08:28:02 PM    1    5.49    0.00    4.40    0.00    0.00    3.30    0.00    0.00    0.00   86.81

08:28:02 PM  CPU    %usr   %nice    %sys %iowait    %irq   %soft  %steal  %guest  %gnice   %idle
08:28:03 PM    0   11.34    0.00    5.15    0.00    0.00    5.15    0.00    0.00    0.00   78.35
08:28:03 PM    1    5.56    0.00    2.22    0.00    0.00    4.44    0.00    0.00    0.00   87.78

08:28:03 PM  CPU    %usr   %nice    %sys %iowait    %irq   %soft  %steal  %guest  %gnice   %idle
08:28:04 PM    0   11.65    0.00    5.83    0.00    0.00   10.68    0.00    0.00    0.00   71.84
08:28:04 PM    1    6.45    0.00    4.30    0.00    0.00    3.23    0.00    0.00    0.00   86.02

08:28:04 PM  CPU    %usr   %nice    %sys %iowait    %irq   %soft  %steal  %guest  %gnice   %idle
08:28:05 PM    0   11.61    0.00    6.25    0.00    0.00   15.18    0.00    0.00    0.00   66.96
08:28:05 PM    1    6.59    0.00    3.30    0.00    0.00    4.40    0.00    0.00    0.00   85.71

08:28:05 PM  CPU    %usr   %nice    %sys %iowait    %irq   %soft  %steal  %guest  %gnice   %idle
08:28:06 PM    0   11.21    0.00    3.74    0.00    0.00   14.95    0.00    0.00    0.00   70.09
08:28:06 PM    1    5.62    0.00    4.49    0.00    0.00    1.12    0.00    0.00    0.00   88.76

08:28:06 PM  CPU    %usr   %nice    %sys %iowait    %irq   %soft  %steal  %guest  %gnice   %idle
08:28:07 PM    0   12.37    0.00    7.22    0.00    0.00    4.12    0.00    0.00    0.00   76.29
08:28:07 PM    1    7.37    0.00    3.16    0.00    0.00    6.32    0.00    0.00    0.00   83.16

08:28:07 PM  CPU    %usr   %nice    %sys %iowait    %irq   %soft  %steal  %guest  %gnice   %idle
08:28:08 PM    0   12.00    0.00    7.00    0.00    0.00    6.00    0.00    0.00    0.00   75.00
08:28:08 PM    1    6.38    0.00    2.13    0.00    0.00    7.45    0.00    0.00    0.00   84.04

08:28:08 PM  CPU    %usr   %nice    %sys %iowait    %irq   %soft  %steal  %guest  %gnice   %idle
08:28:09 PM    0   11.58    0.00    6.32    0.00    0.00    3.16    0.00    0.00    0.00   78.95
08:28:09 PM    1    6.45    0.00    3.23    0.00    0.00    5.38    0.00    0.00    0.00   84.95

08:28:09 PM  CPU    %usr   %nice    %sys %iowait    %irq   %soft  %steal  %guest  %gnice   %idle
08:28:10 PM    0   13.54    0.00    5.21    0.00    0.00    4.17    0.00    0.00    0.00   77.08
08:28:10 PM    1    6.67    0.00    4.44    0.00    0.00    2.22    0.00    0.00    0.00   86.67

08:28:10 PM  CPU    %usr   %nice    %sys %iowait    %irq   %soft  %steal  %guest  %gnice   %idle
08:28:11 PM    0   11.76    0.00    7.84    0.00    0.00    6.86    0.00    0.00    0.00   73.53
08:28:11 PM    1    5.49    0.00    3.30    0.00    0.00    4.40    0.00    0.00    0.00   86.81

08:28:11 PM  CPU    %usr   %nice    %sys %iowait    %irq   %soft  %steal  %guest  %gnice   %idle
08:28:12 PM    0   13.73    0.00    4.90    0.00    0.00    7.84    0.00    0.00    0.00   73.53
08:28:12 PM    1    6.67    0.00    3.33    0.00    0.00    2.22    0.00    0.00    0.00   87.78

08:28:12 PM  CPU    %usr   %nice    %sys %iowait    %irq   %soft  %steal  %guest  %gnice   %idle
08:28:13 PM    0   13.73    0.00    6.86    0.00    0.00    6.86    0.00    0.00    0.00   72.55
08:28:13 PM    1    9.68    0.00    1.08    0.00    0.00    4.30    0.00    0.00    0.00   84.95

08:28:13 PM  CPU    %usr   %nice    %sys %iowait    %irq   %soft  %steal  %guest  %gnice   %idle
08:28:14 PM    0    9.09    0.00    8.18    0.00    0.00   13.64    0.00    0.00    0.00   69.09
08:28:14 PM    1    5.43    0.00    4.35    0.00    0.00    5.43    0.00    0.00    0.00   84.78

08:28:14 PM  CPU    %usr   %nice    %sys %iowait    %irq   %soft  %steal  %guest  %gnice   %idle
08:28:15 PM    0    0.00    0.00    0.00    0.00    0.00    1.96    0.00    0.00    0.00   98.04
08:28:15 PM    1    0.00    0.00    0.00    0.00    0.00    0.00    0.00    0.00    0.00  100.00

08:28:15 PM  CPU    %usr   %nice    %sys %iowait    %irq   %soft  %steal  %guest  %gnice   %idle
08:28:16 PM    0    0.00    0.00    0.00    0.00    0.00    0.00    0.00    0.00    0.00  100.00
08:28:16 PM    1    0.99    0.00    0.00    0.00    0.00    0.00    0.00    0.00    0.00   99.01

08:28:16 PM  CPU    %usr   %nice    %sys %iowait    %irq   %soft  %steal  %guest  %gnice   %idle
08:28:17 PM    0    0.00    0.00    0.00    0.00    0.00    0.00    0.00    0.00    0.00  100.00
08:28:17 PM    1    0.00    0.00    0.00    0.00    0.00    0.00    0.00    0.00    0.00  100.00

08:28:17 PM  CPU    %usr   %nice    %sys %iowait    %irq   %soft  %steal  %guest  %gnice   %idle
08:28:18 PM    0    0.00    0.00    0.00    0.00    0.00    0.00    0.00    0.00    0.00  100.00
08:28:18 PM    1    0.00    0.00    0.00    0.00    0.00    0.00    0.00    0.00    0.00  100.00

08:28:18 PM  CPU    %usr   %nice    %sys %iowait    %irq   %soft  %steal  %guest  %gnice   %idle
08:28:19 PM    0    0.00    0.00    0.00    0.00    0.00    0.00    0.00    0.00    0.00  100.00
08:28:19 PM    1    0.00    0.00    0.00    0.00    0.00    0.00    0.00    0.00    0.00  100.00

08:28:19 PM  CPU    %usr   %nice    %sys %iowait    %irq   %soft  %steal  %guest  %gnice   %idle
08:28:20 PM    0    0.00    0.00    0.00    0.00    0.00    0.00    0.00    0.00    0.00  100.00
08:28:20 PM    1    0.00    0.00    0.00    0.00    0.00    0.00    0.00    0.00    0.00  100.00

08:28:20 PM  CPU    %usr   %nice    %sys %iowait    %irq   %soft  %steal  %guest  %gnice   %idle
08:28:21 PM    0    0.00    0.00    0.00    0.00    0.00    0.00    0.00    0.00    0.00  100.00
08:28:21 PM    1    0.00    0.00    0.99    0.00    0.00    0.00    0.00    0.00    0.00   99.01

08:28:21 PM  CPU    %usr   %nice    %sys %iowait    %irq   %soft  %steal  %guest  %gnice   %idle
08:28:22 PM    0    0.00    0.00    0.00    0.00    0.00    0.00    0.00    0.00    0.00  100.00
08:28:22 PM    1    0.00    0.00    0.00    0.00    0.00    0.00    0.00    0.00    0.00  100.00

08:28:22 PM  CPU    %usr   %nice    %sys %iowait    %irq   %soft  %steal  %guest  %gnice   %idle
08:28:23 PM    0    0.00    0.00    0.00    0.00    0.00    0.00    0.00    0.00    0.00  100.00
08:28:23 PM    1    0.00    0.00    0.00    0.00    0.00    0.00    0.00    0.00    0.00  100.00

08:28:23 PM  CPU    %usr   %nice    %sys %iowait    %irq   %soft  %steal  %guest  %gnice   %idle
08:28:24 PM    0    0.00    0.00    0.00    0.00    0.00    0.00    0.00    0.00    0.00  100.00
08:28:24 PM    1    0.00    0.00    0.00    0.00    0.00    0.00    0.00    0.00    0.00  100.00

08:28:24 PM  CPU    %usr   %nice    %sys %iowait    %irq   %soft  %steal  %guest  %gnice   %idle
08:28:25 PM    0    0.00    0.00    0.00    0.00    0.00    0.00    0.00    0.00    0.00  100.00
08:28:25 PM    1    0.00    0.00    0.00    0.00    0.00    0.00    0.00    0.00    0.00  100.00

08:28:25 PM  CPU    %usr   %nice    %sys %iowait    %irq   %soft  %steal  %guest  %gnice   %idle
08:28:26 PM    0    0.00    0.00    0.00    0.00    0.00    0.00    0.00    0.00    0.00  100.00
08:28:26 PM    1    0.00    0.00    0.00    0.00    0.00    0.00    0.00    0.00    0.00  100.00

08:28:26 PM  CPU    %usr   %nice    %sys %iowait    %irq   %soft  %steal  %guest  %gnice   %idle
08:28:27 PM    0    0.00    0.00    0.00    0.00    0.00    0.00    0.00    0.00    0.00  100.00
08:28:27 PM    1    0.00    0.00    0.00    0.00    0.00    0.00    0.00    0.00    0.00  100.00

08:28:27 PM  CPU    %usr   %nice    %sys %iowait    %irq   %soft  %steal  %guest  %gnice   %idle
08:28:28 PM    0    0.00    0.00    0.00    0.00    0.00    0.00    0.00    0.00    0.00  100.00
08:28:28 PM    1    0.00    0.00    0.00    0.00    0.00    0.00    0.00    0.00    0.00  100.00

08:28:28 PM  CPU    %usr   %nice    %sys %iowait    %irq   %soft  %steal  %guest  %gnice   %idle
08:28:29 PM    0    0.00    0.00    0.00    0.00    0.00    0.00    0.00    0.00    0.00  100.00
08:28:29 PM    1    0.00    0.00    0.00    0.00    0.00    0.00    0.00    0.00    0.00  100.00

08:28:29 PM  CPU    %usr   %nice    %sys %iowait    %irq   %soft  %steal  %guest  %gnice   %idle
08:28:30 PM    0    0.99    0.00    0.00    0.00    0.00    0.00    0.00    0.00    0.00   99.01
08:28:30 PM    1    0.00    0.00    0.99    0.00    0.00    0.00    0.00    0.00    0.00   99.01

08:28:30 PM  CPU    %usr   %nice    %sys %iowait    %irq   %soft  %steal  %guest  %gnice   %idle
08:28:31 PM    0    0.00    0.00    0.00    0.00    0.00    0.00    0.00    0.00    0.00  100.00
08:28:31 PM    1    0.00    0.00    0.00    0.00    0.00    0.00    0.00    0.00    0.00  100.00

08:28:31 PM  CPU    %usr   %nice    %sys %iowait    %irq   %soft  %steal  %guest  %gnice   %idle
08:28:32 PM    0    0.00    0.00    0.00    0.00    0.00    0.00    0.00    0.00    0.00  100.00
08:28:32 PM    1    0.00    0.00    0.00    0.00    0.00    0.00    0.00    0.00    0.00  100.00

08:28:32 PM  CPU    %usr   %nice    %sys %iowait    %irq   %soft  %steal  %guest  %gnice   %idle
08:28:33 PM    0    0.00    0.00    0.00    0.00    0.00    0.00    0.00    0.00    0.00  100.00
08:28:33 PM    1    1.00    0.00    0.00    0.00    0.00    0.00    0.00    0.00    0.00   99.00

08:28:33 PM  CPU    %usr   %nice    %sys %iowait    %irq   %soft  %steal  %guest  %gnice   %idle
08:28:34 PM    0    0.00    0.00    0.00    0.00    0.00    0.00    0.00    0.00    0.00  100.00
08:28:34 PM    1    0.00    0.00    0.00    0.00    0.00    0.00    0.00    0.00    0.00  100.00

Average:     CPU    %usr   %nice    %sys %iowait    %irq   %soft  %steal  %guest  %gnice   %idle
Average:       0   10.71    0.00    4.98    0.00    0.00    6.87    0.00    0.00    0.00   77.44
Average:       1    5.37    0.00    2.61    0.00    0.00    3.29    0.00    0.00    0.00   88.73
