Linux 5.3.0-59-generic (ericmei) 	06/29/2020 	_x86_64_	(12 CPU)

06:34:01 PM  CPU    %usr   %nice    %sys %iowait    %irq   %soft  %steal  %guest  %gnice   %idle
06:34:02 PM    0   44.90    0.00   19.39    0.00    0.00    4.08    0.00    0.00    0.00   31.63
06:34:02 PM    1   47.25    0.00   21.98    0.00    0.00    1.10    0.00    0.00    0.00   29.67

06:34:02 PM  CPU    %usr   %nice    %sys %iowait    %irq   %soft  %steal  %guest  %gnice   %idle
06:34:03 PM    0   41.67    0.00   20.83    0.00    0.00    5.21    0.00    0.00    0.00   32.29
06:34:03 PM    1   42.55    0.00   15.96    0.00    0.00    2.13    0.00    0.00    0.00   39.36

06:34:03 PM  CPU    %usr   %nice    %sys %iowait    %irq   %soft  %steal  %guest  %gnice   %idle
06:34:04 PM    0   41.05    0.00   22.11    0.00    0.00    3.16    0.00    0.00    0.00   33.68
06:34:04 PM    1   46.88    0.00   15.62    0.00    0.00    5.21    0.00    0.00    0.00   32.29

06:34:04 PM  CPU    %usr   %nice    %sys %iowait    %irq   %soft  %steal  %guest  %gnice   %idle
06:34:05 PM    0   46.39    0.00   19.59    1.03    0.00    4.12    0.00    0.00    0.00   28.87
06:34:05 PM    1   42.05    0.00   20.45    0.00    0.00    1.14    0.00    0.00    0.00   36.36

06:34:05 PM  CPU    %usr   %nice    %sys %iowait    %irq   %soft  %steal  %guest  %gnice   %idle
06:34:06 PM    0   36.73    0.00   17.35    0.00    0.00    7.14    0.00    0.00    0.00   38.78
06:34:06 PM    1   35.79    0.00   18.95    0.00    0.00    3.16    0.00    0.00    0.00   42.11

06:34:06 PM  CPU    %usr   %nice    %sys %iowait    %irq   %soft  %steal  %guest  %gnice   %idle
06:34:07 PM    0   44.79    0.00   13.54    4.17    0.00    2.08    0.00    0.00    0.00   35.42
06:34:07 PM    1   36.26    0.00   19.78    0.00    0.00    1.10    0.00    0.00    0.00   42.86

06:34:07 PM  CPU    %usr   %nice    %sys %iowait    %irq   %soft  %steal  %guest  %gnice   %idle
06:34:08 PM    0   38.71    0.00   13.98    0.00    0.00    5.38    0.00    0.00    0.00   41.94
06:34:08 PM    1   37.78    0.00   13.33    0.00    0.00    2.22    0.00    0.00    0.00   46.67

06:34:08 PM  CPU    %usr   %nice    %sys %iowait    %irq   %soft  %steal  %guest  %gnice   %idle
06:34:09 PM    0   50.52    0.00   19.59    0.00    0.00    5.15    0.00    0.00    0.00   24.74
06:34:09 PM    1   40.45    0.00   19.10    0.00    0.00    1.12    0.00    0.00    0.00   39.33

06:34:09 PM  CPU    %usr   %nice    %sys %iowait    %irq   %soft  %steal  %guest  %gnice   %idle
06:34:10 PM    0   46.81    0.00   17.02    0.00    0.00    5.32    0.00    0.00    0.00   30.85
06:34:10 PM    1   42.55    0.00   15.96    0.00    0.00    3.19    0.00    0.00    0.00   38.30

06:34:10 PM  CPU    %usr   %nice    %sys %iowait    %irq   %soft  %steal  %guest  %gnice   %idle
06:34:11 PM    0   47.47    0.00   15.15    0.00    0.00    4.04    0.00    0.00    0.00   33.33
06:34:11 PM    1   35.63    0.00   17.24    0.00    0.00    2.30    0.00    0.00    0.00   44.83

06:34:11 PM  CPU    %usr   %nice    %sys %iowait    %irq   %soft  %steal  %guest  %gnice   %idle
06:34:12 PM    0   47.92    0.00   16.67    0.00    0.00    4.17    0.00    0.00    0.00   31.25
06:34:12 PM    1   33.33    0.00   19.54    0.00    0.00    1.15    0.00    0.00    0.00   45.98

06:34:12 PM  CPU    %usr   %nice    %sys %iowait    %irq   %soft  %steal  %guest  %gnice   %idle
06:34:13 PM    0   46.32    0.00   18.95    0.00    0.00    6.32    0.00    0.00    0.00   28.42
06:34:13 PM    1   37.78    0.00   15.56    0.00    0.00    3.33    0.00    0.00    0.00   43.33

06:34:13 PM  CPU    %usr   %nice    %sys %iowait    %irq   %soft  %steal  %guest  %gnice   %idle
06:34:14 PM    0   46.39    0.00   14.43    0.00    0.00    6.19    0.00    0.00    0.00   32.99
06:34:14 PM    1   40.00    0.00   13.33    0.00    0.00    1.11    0.00    0.00    0.00   45.56

06:34:14 PM  CPU    %usr   %nice    %sys %iowait    %irq   %soft  %steal  %guest  %gnice   %idle
06:34:15 PM    0   46.46    0.00   19.19    0.00    0.00    5.05    0.00    0.00    0.00   29.29
06:34:15 PM    1   37.50    0.00   15.91    0.00    0.00    1.14    0.00    0.00    0.00   45.45

06:34:15 PM  CPU    %usr   %nice    %sys %iowait    %irq   %soft  %steal  %guest  %gnice   %idle
06:34:16 PM    0   40.40    0.00   19.19    0.00    0.00    5.05    0.00    0.00    0.00   35.35
06:34:16 PM    1   31.82    0.00   15.91    0.00    0.00    3.41    0.00    0.00    0.00   48.86

06:34:16 PM  CPU    %usr   %nice    %sys %iowait    %irq   %soft  %steal  %guest  %gnice   %idle
06:34:17 PM    0   48.98    0.00   21.43    0.00    0.00    2.04    0.00    0.00    0.00   27.55
06:34:17 PM    1   43.33    0.00   17.78    0.00    0.00    2.22    0.00    0.00    0.00   36.67

06:34:17 PM  CPU    %usr   %nice    %sys %iowait    %irq   %soft  %steal  %guest  %gnice   %idle
06:34:18 PM    0   48.39    0.00   12.90    0.00    0.00    5.38    0.00    0.00    0.00   33.33
06:34:18 PM    1   33.33    0.00   16.67    0.00    0.00    3.33    0.00    0.00    0.00   46.67

06:34:18 PM  CPU    %usr   %nice    %sys %iowait    %irq   %soft  %steal  %guest  %gnice   %idle
06:34:19 PM    0   42.42    0.00   18.18    0.00    0.00    6.06    0.00    0.00    0.00   33.33
06:34:19 PM    1   34.78    0.00   15.22    0.00    0.00    5.43    0.00    0.00    0.00   44.57

06:34:19 PM  CPU    %usr   %nice    %sys %iowait    %irq   %soft  %steal  %guest  %gnice   %idle
06:34:20 PM    0   47.92    0.00   14.58    0.00    0.00    4.17    0.00    0.00    0.00   33.33
06:34:20 PM    1   35.23    0.00   12.50    0.00    0.00    3.41    0.00    0.00    0.00   48.86

06:34:20 PM  CPU    %usr   %nice    %sys %iowait    %irq   %soft  %steal  %guest  %gnice   %idle
06:34:21 PM    0   51.04    0.00   18.75    0.00    0.00    3.12    0.00    0.00    0.00   27.08
06:34:21 PM    1   42.86    0.00   14.29    0.00    0.00    3.30    0.00    0.00    0.00   39.56

06:34:21 PM  CPU    %usr   %nice    %sys %iowait    %irq   %soft  %steal  %guest  %gnice   %idle
06:34:22 PM    0   47.42    0.00   24.74    0.00    0.00    4.12    0.00    0.00    0.00   23.71
06:34:22 PM    1   42.22    0.00   18.89    3.33    0.00    2.22    0.00    0.00    0.00   33.33

06:34:22 PM  CPU    %usr   %nice    %sys %iowait    %irq   %soft  %steal  %guest  %gnice   %idle
06:34:23 PM    0   38.95    0.00   17.89    0.00    0.00    4.21    0.00    0.00    0.00   38.95
06:34:23 PM    1   35.56    0.00   11.11    0.00    0.00    4.44    0.00    0.00    0.00   48.89

06:34:23 PM  CPU    %usr   %nice    %sys %iowait    %irq   %soft  %steal  %guest  %gnice   %idle
06:34:24 PM    0   48.42    0.00   16.84    0.00    0.00    4.21    0.00    0.00    0.00   30.53
06:34:24 PM    1   34.78    0.00   15.22    0.00    0.00    4.35    0.00    0.00    0.00   45.65

06:34:24 PM  CPU    %usr   %nice    %sys %iowait    %irq   %soft  %steal  %guest  %gnice   %idle
06:34:25 PM    0   60.61    0.00   22.22    0.00    0.00    2.02    0.00    0.00    0.00   15.15
06:34:25 PM    1   34.48    0.00   16.09    0.00    0.00    2.30    0.00    0.00    0.00   47.13

06:34:25 PM  CPU    %usr   %nice    %sys %iowait    %irq   %soft  %steal  %guest  %gnice   %idle
06:34:26 PM    0   68.00    0.00   26.00    0.00    0.00    3.00    0.00    0.00    0.00    3.00
06:34:26 PM    1   46.15    0.00   14.29    0.00    0.00    2.20    0.00    0.00    0.00   37.36

06:34:26 PM  CPU    %usr   %nice    %sys %iowait    %irq   %soft  %steal  %guest  %gnice   %idle
06:34:27 PM    0   65.00    0.00   26.00    0.00    0.00    4.00    0.00    0.00    0.00    5.00
06:34:27 PM    1   40.00    0.00   10.00    0.00    0.00    4.44    0.00    0.00    0.00   45.56

06:34:27 PM  CPU    %usr   %nice    %sys %iowait    %irq   %soft  %steal  %guest  %gnice   %idle
06:34:28 PM    0   69.39    0.00   19.39    0.00    0.00    4.08    0.00    0.00    0.00    7.14
06:34:28 PM    1   41.76    0.00   12.09    0.00    0.00    2.20    0.00    0.00    0.00   43.96

06:34:28 PM  CPU    %usr   %nice    %sys %iowait    %irq   %soft  %steal  %guest  %gnice   %idle
06:34:29 PM    0   72.00    0.00   19.00    0.00    0.00    4.00    0.00    0.00    0.00    5.00
06:34:29 PM    1   44.09    0.00   16.13    0.00    0.00    1.08    0.00    0.00    0.00   38.71

06:34:29 PM  CPU    %usr   %nice    %sys %iowait    %irq   %soft  %steal  %guest  %gnice   %idle
06:34:30 PM    0   68.69    0.00   20.20    0.00    0.00    7.07    0.00    0.00    0.00    4.04
06:34:30 PM    1   36.78    0.00   14.94    0.00    0.00    2.30    0.00    0.00    0.00   45.98

06:34:30 PM  CPU    %usr   %nice    %sys %iowait    %irq   %soft  %steal  %guest  %gnice   %idle
06:34:31 PM    0   66.67    0.00   18.18    0.00    0.00    5.05    0.00    0.00    0.00   10.10
06:34:31 PM    1   36.96    0.00   17.39    0.00    0.00    1.09    0.00    0.00    0.00   44.57

06:34:31 PM  CPU    %usr   %nice    %sys %iowait    %irq   %soft  %steal  %guest  %gnice   %idle
06:34:32 PM    0   67.68    0.00   22.22    0.00    0.00    5.05    0.00    0.00    0.00    5.05
06:34:32 PM    1   40.45    0.00   16.85    0.00    0.00    1.12    0.00    0.00    0.00   41.57

06:34:32 PM  CPU    %usr   %nice    %sys %iowait    %irq   %soft  %steal  %guest  %gnice   %idle
06:34:33 PM    0   72.28    0.00   21.78    0.00    0.00    2.97    0.00    0.00    0.00    2.97
06:34:33 PM    1   34.07    0.00   17.58    0.00    0.00    3.30    0.00    0.00    0.00   45.05

06:34:33 PM  CPU    %usr   %nice    %sys %iowait    %irq   %soft  %steal  %guest  %gnice   %idle
06:34:34 PM    0   68.69    0.00   21.21    0.00    0.00    4.04    0.00    0.00    0.00    6.06
06:34:34 PM    1   35.23    0.00   15.91    0.00    0.00    3.41    0.00    0.00    0.00   45.45

06:34:34 PM  CPU    %usr   %nice    %sys %iowait    %irq   %soft  %steal  %guest  %gnice   %idle
06:34:35 PM    0   72.73    0.00   20.20    0.00    0.00    4.04    0.00    0.00    0.00    3.03
06:34:35 PM    1   45.56    0.00   13.33    0.00    0.00    3.33    0.00    0.00    0.00   37.78

06:34:35 PM  CPU    %usr   %nice    %sys %iowait    %irq   %soft  %steal  %guest  %gnice   %idle
06:34:36 PM    0   68.69    0.00   19.19    0.00    0.00    6.06    0.00    0.00    0.00    6.06
06:34:36 PM    1   33.71    0.00   14.61    0.00    0.00    4.49    0.00    0.00    0.00   47.19

06:34:36 PM  CPU    %usr   %nice    %sys %iowait    %irq   %soft  %steal  %guest  %gnice   %idle
06:34:37 PM    0   70.00    0.00   23.00    0.00    0.00    3.00    0.00    0.00    0.00    4.00
06:34:37 PM    1   40.91    0.00   20.45    0.00    0.00    2.27    0.00    0.00    0.00   36.36

06:34:37 PM  CPU    %usr   %nice    %sys %iowait    %irq   %soft  %steal  %guest  %gnice   %idle
06:34:38 PM    0   75.25    0.00   18.81    0.00    0.00    4.95    0.00    0.00    0.00    0.99
06:34:38 PM    1   36.26    0.00   20.88    0.00    0.00    2.20    0.00    0.00    0.00   40.66

06:34:38 PM  CPU    %usr   %nice    %sys %iowait    %irq   %soft  %steal  %guest  %gnice   %idle
06:34:39 PM    0   71.29    0.00   21.78    0.00    0.00    5.94    0.00    0.00    0.00    0.99
06:34:39 PM    1   41.30    0.00   19.57    0.00    0.00    1.09    0.00    0.00    0.00   38.04

06:34:39 PM  CPU    %usr   %nice    %sys %iowait    %irq   %soft  %steal  %guest  %gnice   %idle
06:34:40 PM    0   74.75    0.00   20.20    0.00    0.00    5.05    0.00    0.00    0.00    0.00
06:34:40 PM    1   39.33    0.00   20.22    0.00    0.00    1.12    0.00    0.00    0.00   39.33

06:34:40 PM  CPU    %usr   %nice    %sys %iowait    %irq   %soft  %steal  %guest  %gnice   %idle
06:34:41 PM    0   67.68    0.00   24.24    0.00    0.00    7.07    0.00    0.00    0.00    1.01
06:34:41 PM    1   41.94    0.00   17.20    0.00    0.00    2.15    0.00    0.00    0.00   38.71

06:34:41 PM  CPU    %usr   %nice    %sys %iowait    %irq   %soft  %steal  %guest  %gnice   %idle
06:34:42 PM    0   77.78    0.00   18.18    0.00    0.00    4.04    0.00    0.00    0.00    0.00
06:34:42 PM    1   48.91    0.00   15.22    0.00    0.00    3.26    0.00    0.00    0.00   32.61

06:34:42 PM  CPU    %usr   %nice    %sys %iowait    %irq   %soft  %steal  %guest  %gnice   %idle
06:34:43 PM    0   71.29    0.00   23.76    0.00    0.00    3.96    0.00    0.00    0.00    0.99
06:34:43 PM    1   36.36    0.00   15.91    0.00    0.00    3.41    0.00    0.00    0.00   44.32

06:34:43 PM  CPU    %usr   %nice    %sys %iowait    %irq   %soft  %steal  %guest  %gnice   %idle
06:34:44 PM    0   73.74    0.00   23.23    0.00    0.00    3.03    0.00    0.00    0.00    0.00
06:34:44 PM    1   40.00    0.00   14.74    0.00    0.00    3.16    0.00    0.00    0.00   42.11

06:34:44 PM  CPU    %usr   %nice    %sys %iowait    %irq   %soft  %steal  %guest  %gnice   %idle
06:34:45 PM    0   72.00    0.00   25.00    0.00    0.00    3.00    0.00    0.00    0.00    0.00
06:34:45 PM    1   37.08    0.00   15.73    0.00    0.00    2.25    0.00    0.00    0.00   44.94

06:34:45 PM  CPU    %usr   %nice    %sys %iowait    %irq   %soft  %steal  %guest  %gnice   %idle
06:34:46 PM    0   74.26    0.00   19.80    0.00    0.00    4.95    0.00    0.00    0.00    0.99
06:34:46 PM    1   39.33    0.00   15.73    0.00    0.00    4.49    0.00    0.00    0.00   40.45

06:34:46 PM  CPU    %usr   %nice    %sys %iowait    %irq   %soft  %steal  %guest  %gnice   %idle
06:34:47 PM    0   73.47    0.00   22.45    0.00    0.00    3.06    0.00    0.00    0.00    1.02
06:34:47 PM    1   50.56    0.00   19.10    0.00    0.00    2.25    0.00    0.00    0.00   28.09

06:34:47 PM  CPU    %usr   %nice    %sys %iowait    %irq   %soft  %steal  %guest  %gnice   %idle
06:34:48 PM    0   76.00    0.00   22.00    0.00    0.00    2.00    0.00    0.00    0.00    0.00
06:34:48 PM    1   41.11    0.00   15.56    0.00    0.00    3.33    0.00    0.00    0.00   40.00

06:34:48 PM  CPU    %usr   %nice    %sys %iowait    %irq   %soft  %steal  %guest  %gnice   %idle
06:34:49 PM    0   71.00    0.00   23.00    0.00    0.00    5.00    0.00    0.00    0.00    1.00
06:34:49 PM    1   46.15    0.00   12.09    0.00    0.00    1.10    0.00    0.00    0.00   40.66

06:34:49 PM  CPU    %usr   %nice    %sys %iowait    %irq   %soft  %steal  %guest  %gnice   %idle
06:34:50 PM    0   72.73    0.00   23.23    0.00    0.00    4.04    0.00    0.00    0.00    0.00
06:34:50 PM    1   36.36    0.00   18.18    0.00    0.00    4.55    0.00    0.00    0.00   40.91

06:34:50 PM  CPU    %usr   %nice    %sys %iowait    %irq   %soft  %steal  %guest  %gnice   %idle
06:34:51 PM    0   70.30    0.00   23.76    0.00    0.00    4.95    0.00    0.00    0.00    0.99
06:34:51 PM    1   40.00    0.00   16.84    0.00    0.00    3.16    0.00    0.00    0.00   40.00

06:34:51 PM  CPU    %usr   %nice    %sys %iowait    %irq   %soft  %steal  %guest  %gnice   %idle
06:34:52 PM    0   76.00    0.00   18.00    0.00    0.00    6.00    0.00    0.00    0.00    0.00
06:34:52 PM    1   41.11    0.00   18.89    0.00    0.00    1.11    0.00    0.00    0.00   38.89

06:34:52 PM  CPU    %usr   %nice    %sys %iowait    %irq   %soft  %steal  %guest  %gnice   %idle
06:34:53 PM    0   74.00    0.00   20.00    0.00    0.00    5.00    0.00    0.00    0.00    1.00
06:34:53 PM    1   35.23    0.00   18.18    0.00    0.00    3.41    0.00    0.00    0.00   43.18

06:34:53 PM  CPU    %usr   %nice    %sys %iowait    %irq   %soft  %steal  %guest  %gnice   %idle
06:34:54 PM    0   72.00    0.00   22.00    0.00    0.00    5.00    0.00    0.00    0.00    1.00
06:34:54 PM    1   35.96    0.00   15.73    0.00    0.00    3.37    0.00    0.00    0.00   44.94

06:34:54 PM  CPU    %usr   %nice    %sys %iowait    %irq   %soft  %steal  %guest  %gnice   %idle
06:34:55 PM    0   75.00    0.00   19.00    0.00    0.00    6.00    0.00    0.00    0.00    0.00
06:34:55 PM    1   34.48    0.00   13.79    0.00    0.00    3.45    0.00    0.00    0.00   48.28

06:34:55 PM  CPU    %usr   %nice    %sys %iowait    %irq   %soft  %steal  %guest  %gnice   %idle
06:34:56 PM    0   70.30    0.00   23.76    0.00    0.00    4.95    0.00    0.00    0.00    0.99
06:34:56 PM    1   37.08    0.00   16.85    0.00    0.00    2.25    0.00    0.00    0.00   43.82

06:34:56 PM  CPU    %usr   %nice    %sys %iowait    %irq   %soft  %steal  %guest  %gnice   %idle
06:34:57 PM    0   69.00    0.00   26.00    0.00    0.00    5.00    0.00    0.00    0.00    0.00
06:34:57 PM    1   31.87    0.00   16.48    0.00    0.00    6.59    0.00    0.00    0.00   45.05

06:34:57 PM  CPU    %usr   %nice    %sys %iowait    %irq   %soft  %steal  %guest  %gnice   %idle
06:34:58 PM    0   72.00    0.00   24.00    0.00    0.00    4.00    0.00    0.00    0.00    0.00
06:34:58 PM    1   37.36    0.00   12.09    0.00    0.00    2.20    0.00    0.00    0.00   48.35

06:34:58 PM  CPU    %usr   %nice    %sys %iowait    %irq   %soft  %steal  %guest  %gnice   %idle
06:34:59 PM    0   63.64    0.00   24.24    0.00    0.00    5.05    0.00    0.00    0.00    7.07
06:34:59 PM    1   38.64    0.00   13.64    0.00    0.00    1.14    0.00    0.00    0.00   46.59

06:34:59 PM  CPU    %usr   %nice    %sys %iowait    %irq   %soft  %steal  %guest  %gnice   %idle
06:35:00 PM    0   68.00    0.00   24.00    0.00    0.00    2.00    0.00    0.00    0.00    6.00
06:35:00 PM    1   39.33    0.00   15.73    0.00    0.00    2.25    0.00    0.00    0.00   42.70

06:35:00 PM  CPU    %usr   %nice    %sys %iowait    %irq   %soft  %steal  %guest  %gnice   %idle
06:35:01 PM    0   72.16    0.00   20.62    0.00    0.00    4.12    0.00    0.00    0.00    3.09
06:35:01 PM    1   40.86    0.00   15.05    0.00    0.00    3.23    0.00    0.00    0.00   40.86

06:35:01 PM  CPU    %usr   %nice    %sys %iowait    %irq   %soft  %steal  %guest  %gnice   %idle
06:35:02 PM    0   70.00    0.00   23.00    0.00    0.00    3.00    0.00    0.00    0.00    4.00
06:35:02 PM    1   42.39    0.00   17.39    0.00    0.00    2.17    0.00    0.00    0.00   38.04

06:35:02 PM  CPU    %usr   %nice    %sys %iowait    %irq   %soft  %steal  %guest  %gnice   %idle
06:35:03 PM    0   68.69    0.00   23.23    0.00    0.00    3.03    0.00    0.00    0.00    5.05
06:35:03 PM    1   36.26    0.00   15.38    0.00    0.00    2.20    0.00    0.00    0.00   46.15

06:35:03 PM  CPU    %usr   %nice    %sys %iowait    %irq   %soft  %steal  %guest  %gnice   %idle
06:35:04 PM    0   69.39    0.00   19.39    0.00    0.00    6.12    0.00    0.00    0.00    5.10
06:35:04 PM    1   41.30    0.00   13.04    0.00    0.00    3.26    0.00    0.00    0.00   42.39

06:35:04 PM  CPU    %usr   %nice    %sys %iowait    %irq   %soft  %steal  %guest  %gnice   %idle
06:35:05 PM    0   70.71    0.00   16.16    0.00    0.00    4.04    0.00    0.00    0.00    9.09
06:35:05 PM    1   35.16    0.00   13.19    0.00    0.00    4.40    0.00    0.00    0.00   47.25

06:35:05 PM  CPU    %usr   %nice    %sys %iowait    %irq   %soft  %steal  %guest  %gnice   %idle
06:35:06 PM    0   72.16    0.00   17.53    0.00    0.00    3.09    0.00    0.00    0.00    7.22
06:35:06 PM    1   36.46    0.00   16.67    0.00    0.00    3.12    0.00    0.00    0.00   43.75

06:35:06 PM  CPU    %usr   %nice    %sys %iowait    %irq   %soft  %steal  %guest  %gnice   %idle
06:35:07 PM    0   67.68    0.00   21.21    0.00    0.00    4.04    0.00    0.00    0.00    7.07
06:35:07 PM    1   41.30    0.00   14.13    0.00    0.00    3.26    0.00    0.00    0.00   41.30

06:35:07 PM  CPU    %usr   %nice    %sys %iowait    %irq   %soft  %steal  %guest  %gnice   %idle
06:35:08 PM    0   74.49    0.00   16.33    0.00    0.00    2.04    0.00    0.00    0.00    7.14
06:35:08 PM    1   38.46    0.00   16.48    0.00    0.00    2.20    0.00    0.00    0.00   42.86

06:35:08 PM  CPU    %usr   %nice    %sys %iowait    %irq   %soft  %steal  %guest  %gnice   %idle
06:35:09 PM    0   72.45    0.00   19.39    0.00    0.00    4.08    0.00    0.00    0.00    4.08
06:35:09 PM    1   36.26    0.00   14.29    0.00    0.00    4.40    0.00    0.00    0.00   45.05

06:35:09 PM  CPU    %usr   %nice    %sys %iowait    %irq   %soft  %steal  %guest  %gnice   %idle
06:35:10 PM    0   69.70    0.00   17.17    0.00    0.00    5.05    0.00    0.00    0.00    8.08
06:35:10 PM    1   35.96    0.00   14.61    0.00    0.00    2.25    0.00    0.00    0.00   47.19

06:35:10 PM  CPU    %usr   %nice    %sys %iowait    %irq   %soft  %steal  %guest  %gnice   %idle
06:35:11 PM    0   65.31    0.00   24.49    0.00    0.00    3.06    0.00    0.00    0.00    7.14
06:35:11 PM    1   34.83    0.00   13.48    0.00    0.00    4.49    0.00    0.00    0.00   47.19

06:35:11 PM  CPU    %usr   %nice    %sys %iowait    %irq   %soft  %steal  %guest  %gnice   %idle
06:35:12 PM    0   66.67    0.00   25.25    0.00    0.00    5.05    0.00    0.00    0.00    3.03
06:35:12 PM    1   38.89    0.00   20.00    0.00    0.00    2.22    0.00    0.00    0.00   38.89

06:35:12 PM  CPU    %usr   %nice    %sys %iowait    %irq   %soft  %steal  %guest  %gnice   %idle
06:35:13 PM    0   68.00    0.00   20.00    0.00    0.00    4.00    0.00    0.00    0.00    8.00
06:35:13 PM    1   36.56    0.00   16.13    0.00    0.00    3.23    0.00    0.00    0.00   44.09

06:35:13 PM  CPU    %usr   %nice    %sys %iowait    %irq   %soft  %steal  %guest  %gnice   %idle
06:35:14 PM    0   69.79    0.00   18.75    0.00    0.00    4.17    0.00    0.00    0.00    7.29
06:35:14 PM    1   34.48    0.00   14.94    0.00    0.00    2.30    0.00    0.00    0.00   48.28

06:35:14 PM  CPU    %usr   %nice    %sys %iowait    %irq   %soft  %steal  %guest  %gnice   %idle
06:35:15 PM    0   73.47    0.00   19.39    0.00    0.00    4.08    0.00    0.00    0.00    3.06
06:35:15 PM    1   50.00    0.00   15.96    0.00    0.00    2.13    0.00    0.00    0.00   31.91

06:35:15 PM  CPU    %usr   %nice    %sys %iowait    %irq   %soft  %steal  %guest  %gnice   %idle
06:35:16 PM    0   73.00    0.00   20.00    0.00    0.00    3.00    0.00    0.00    0.00    4.00
06:35:16 PM    1   39.56    0.00   18.68    0.00    0.00    2.20    0.00    0.00    0.00   39.56

06:35:16 PM  CPU    %usr   %nice    %sys %iowait    %irq   %soft  %steal  %guest  %gnice   %idle
06:35:17 PM    0   68.75    0.00   18.75    0.00    0.00    3.12    0.00    0.00    0.00    9.38
06:35:17 PM    1   34.41    0.00   19.35    0.00    0.00    3.23    0.00    0.00    0.00   43.01

06:35:17 PM  CPU    %usr   %nice    %sys %iowait    %irq   %soft  %steal  %guest  %gnice   %idle
06:35:18 PM    0   67.68    0.00   20.20    0.00    0.00    5.05    0.00    0.00    0.00    7.07
06:35:18 PM    1   35.63    0.00   12.64    0.00    0.00    2.30    0.00    0.00    0.00   49.43

06:35:18 PM  CPU    %usr   %nice    %sys %iowait    %irq   %soft  %steal  %guest  %gnice   %idle
06:35:19 PM    0   67.68    0.00   21.21    0.00    0.00    5.05    0.00    0.00    0.00    6.06
06:35:19 PM    1   39.13    0.00   14.13    0.00    0.00    2.17    0.00    0.00    0.00   44.57

06:35:19 PM  CPU    %usr   %nice    %sys %iowait    %irq   %soft  %steal  %guest  %gnice   %idle
06:35:20 PM    0   71.13    0.00   17.53    0.00    0.00    4.12    0.00    0.00    0.00    7.22
06:35:20 PM    1   35.63    0.00   12.64    0.00    0.00    3.45    0.00    0.00    0.00   48.28

06:35:20 PM  CPU    %usr   %nice    %sys %iowait    %irq   %soft  %steal  %guest  %gnice   %idle
06:35:21 PM    0   67.00    0.00   21.00    0.00    0.00    4.00    0.00    0.00    0.00    8.00
06:35:21 PM    1   34.88    0.00   10.47    0.00    0.00    4.65    0.00    0.00    0.00   50.00

06:35:21 PM  CPU    %usr   %nice    %sys %iowait    %irq   %soft  %steal  %guest  %gnice   %idle
06:35:22 PM    0   67.35    0.00   22.45    0.00    0.00    6.12    0.00    0.00    0.00    4.08
06:35:22 PM    1   38.46    0.00   12.09    0.00    0.00    5.49    0.00    0.00    0.00   43.96

06:35:22 PM  CPU    %usr   %nice    %sys %iowait    %irq   %soft  %steal  %guest  %gnice   %idle
06:35:23 PM    0   67.33    0.00   24.75    0.00    0.00    4.95    0.00    0.00    0.00    2.97
06:35:23 PM    1   40.45    0.00   14.61    0.00    0.00    2.25    0.00    0.00    0.00   42.70

06:35:23 PM  CPU    %usr   %nice    %sys %iowait    %irq   %soft  %steal  %guest  %gnice   %idle
06:35:24 PM    0   69.31    0.00   18.81    0.00    0.00    4.95    0.00    0.00    0.00    6.93
06:35:24 PM    1   35.96    0.00   14.61    0.00    0.00    3.37    0.00    0.00    0.00   46.07

06:35:24 PM  CPU    %usr   %nice    %sys %iowait    %irq   %soft  %steal  %guest  %gnice   %idle
06:35:25 PM    0   68.00    0.00   22.00    0.00    0.00    2.00    0.00    0.00    0.00    8.00
06:35:25 PM    1   40.22    0.00   10.87    0.00    0.00    3.26    0.00    0.00    0.00   45.65

06:35:25 PM  CPU    %usr   %nice    %sys %iowait    %irq   %soft  %steal  %guest  %gnice   %idle
06:35:26 PM    0   72.73    0.00   19.19    0.00    0.00    5.05    0.00    0.00    0.00    3.03
06:35:26 PM    1   43.62    0.00    9.57    0.00    0.00    2.13    0.00    0.00    0.00   44.68

06:35:26 PM  CPU    %usr   %nice    %sys %iowait    %irq   %soft  %steal  %guest  %gnice   %idle
06:35:27 PM    0   72.73    0.00   21.21    0.00    0.00    4.04    0.00    0.00    0.00    2.02
06:35:27 PM    1   50.53    0.00   12.63    0.00    0.00    3.16    0.00    0.00    0.00   33.68

06:35:27 PM  CPU    %usr   %nice    %sys %iowait    %irq   %soft  %steal  %guest  %gnice   %idle
06:35:28 PM    0   75.76    0.00   18.18    0.00    0.00    0.00    0.00    0.00    0.00    6.06
06:35:28 PM    1   38.89    0.00   15.56    0.00    0.00    1.11    0.00    0.00    0.00   44.44

06:35:28 PM  CPU    %usr   %nice    %sys %iowait    %irq   %soft  %steal  %guest  %gnice   %idle
06:35:29 PM    0   69.79    0.00   17.71    0.00    0.00    5.21    0.00    0.00    0.00    7.29
06:35:29 PM    1   37.08    0.00   12.36    0.00    0.00    1.12    0.00    0.00    0.00   49.44

06:35:29 PM  CPU    %usr   %nice    %sys %iowait    %irq   %soft  %steal  %guest  %gnice   %idle
06:35:30 PM    0   68.04    0.00   19.59    0.00    0.00    3.09    0.00    0.00    0.00    9.28
06:35:30 PM    1   36.67    0.00   12.22    0.00    0.00    4.44    0.00    0.00    0.00   46.67

06:35:30 PM  CPU    %usr   %nice    %sys %iowait    %irq   %soft  %steal  %guest  %gnice   %idle
06:35:31 PM    0   69.31    0.00   15.84    0.00    0.00    6.93    0.00    0.00    0.00    7.92
06:35:31 PM    1   36.26    0.00   16.48    0.00    0.00    2.20    0.00    0.00    0.00   45.05

06:35:31 PM  CPU    %usr   %nice    %sys %iowait    %irq   %soft  %steal  %guest  %gnice   %idle
06:35:32 PM    0   70.71    0.00   20.20    0.00    0.00    6.06    0.00    0.00    0.00    3.03
06:35:32 PM    1   35.63    0.00   13.79    0.00    0.00    3.45    0.00    0.00    0.00   47.13

06:35:32 PM  CPU    %usr   %nice    %sys %iowait    %irq   %soft  %steal  %guest  %gnice   %idle
06:35:33 PM    0   71.72    0.00   19.19    0.00    0.00    5.05    0.00    0.00    0.00    4.04
06:35:33 PM    1   34.07    0.00   14.29    0.00    0.00    4.40    0.00    0.00    0.00   47.25

06:35:33 PM  CPU    %usr   %nice    %sys %iowait    %irq   %soft  %steal  %guest  %gnice   %idle
06:35:34 PM    0   67.35    0.00   20.41    0.00    0.00    3.06    0.00    0.00    0.00    9.18
06:35:34 PM    1   37.93    0.00   11.49    0.00    0.00    4.60    0.00    0.00    0.00   45.98

06:35:34 PM  CPU    %usr   %nice    %sys %iowait    %irq   %soft  %steal  %guest  %gnice   %idle
06:35:35 PM    0   67.00    0.00   20.00    0.00    0.00    5.00    0.00    0.00    0.00    8.00
06:35:35 PM    1   38.89    0.00   13.33    0.00    0.00    2.22    0.00    0.00    0.00   45.56

06:35:35 PM  CPU    %usr   %nice    %sys %iowait    %irq   %soft  %steal  %guest  %gnice   %idle
06:35:36 PM    0   72.28    0.00   18.81    0.00    0.00    4.95    0.00    0.00    0.00    3.96
06:35:36 PM    1   41.76    0.00   10.99    0.00    0.00    3.30    0.00    0.00    0.00   43.96

06:35:36 PM  CPU    %usr   %nice    %sys %iowait    %irq   %soft  %steal  %guest  %gnice   %idle
06:35:37 PM    0   69.79    0.00   15.62    0.00    0.00    4.17    0.00    0.00    0.00   10.42
06:35:37 PM    1   34.78    0.00   13.04    0.00    0.00    3.26    0.00    0.00    0.00   48.91

06:35:37 PM  CPU    %usr   %nice    %sys %iowait    %irq   %soft  %steal  %guest  %gnice   %idle
06:35:38 PM    0   67.68    0.00   19.19    0.00    0.00    4.04    0.00    0.00    0.00    9.09
06:35:38 PM    1   33.71    0.00   13.48    0.00    0.00    4.49    0.00    0.00    0.00   48.31

06:35:38 PM  CPU    %usr   %nice    %sys %iowait    %irq   %soft  %steal  %guest  %gnice   %idle
06:35:39 PM    0   76.24    0.00   20.79    0.00    0.00    1.98    0.00    0.00    0.00    0.99
06:35:39 PM    1   47.78    0.00   16.67    0.00    0.00    2.22    0.00    0.00    0.00   33.33

06:35:39 PM  CPU    %usr   %nice    %sys %iowait    %irq   %soft  %steal  %guest  %gnice   %idle
06:35:40 PM    0   73.74    0.00   18.18    0.00    0.00    4.04    0.00    0.00    0.00    4.04
06:35:40 PM    1   34.09    0.00   17.05    0.00    0.00    3.41    0.00    0.00    0.00   45.45

06:35:40 PM  CPU    %usr   %nice    %sys %iowait    %irq   %soft  %steal  %guest  %gnice   %idle
06:35:41 PM    0   74.00    0.00   18.00    0.00    0.00    4.00    0.00    0.00    0.00    4.00
06:35:41 PM    1   35.23    0.00   14.77    0.00    0.00    4.55    0.00    0.00    0.00   45.45

06:35:41 PM  CPU    %usr   %nice    %sys %iowait    %irq   %soft  %steal  %guest  %gnice   %idle
06:35:42 PM    0   67.35    0.00   19.39    0.00    0.00    6.12    0.00    0.00    0.00    7.14
06:35:42 PM    1   34.09    0.00   13.64    0.00    0.00    1.14    0.00    0.00    0.00   51.14

06:35:42 PM  CPU    %usr   %nice    %sys %iowait    %irq   %soft  %steal  %guest  %gnice   %idle
06:35:43 PM    0   70.30    0.00   18.81    0.00    0.00    3.96    0.00    0.00    0.00    6.93
06:35:43 PM    1   31.87    0.00   15.38    0.00    0.00    3.30    0.00    0.00    0.00   49.45

06:35:43 PM  CPU    %usr   %nice    %sys %iowait    %irq   %soft  %steal  %guest  %gnice   %idle
06:35:44 PM    0   69.70    0.00   21.21    0.00    0.00    6.06    0.00    0.00    0.00    3.03
06:35:44 PM    1   44.94    0.00   13.48    0.00    0.00    2.25    0.00    0.00    0.00   39.33

06:35:44 PM  CPU    %usr   %nice    %sys %iowait    %irq   %soft  %steal  %guest  %gnice   %idle
06:35:45 PM    0   74.75    0.00   16.16    0.00    0.00    4.04    0.00    0.00    0.00    5.05
06:35:45 PM    1   37.50    0.00   14.77    0.00    0.00    1.14    0.00    0.00    0.00   46.59

06:35:45 PM  CPU    %usr   %nice    %sys %iowait    %irq   %soft  %steal  %guest  %gnice   %idle
06:35:46 PM    0   69.79    0.00   16.67    0.00    0.00    4.17    0.00    0.00    0.00    9.38
06:35:46 PM    1   36.17    0.00   14.89    0.00    0.00    4.26    0.00    0.00    0.00   44.68

06:35:46 PM  CPU    %usr   %nice    %sys %iowait    %irq   %soft  %steal  %guest  %gnice   %idle
06:35:47 PM    0   76.00    0.00   19.00    0.00    0.00    2.00    0.00    0.00    0.00    3.00
06:35:47 PM    1   42.22    0.00   16.67    0.00    0.00    2.22    0.00    0.00    0.00   38.89

06:35:47 PM  CPU    %usr   %nice    %sys %iowait    %irq   %soft  %steal  %guest  %gnice   %idle
06:35:48 PM    0   74.75    0.00   17.17    0.00    0.00    4.04    0.00    0.00    0.00    4.04
06:35:48 PM    1   34.78    0.00   15.22    0.00    0.00    4.35    0.00    0.00    0.00   45.65

06:35:48 PM  CPU    %usr   %nice    %sys %iowait    %irq   %soft  %steal  %guest  %gnice   %idle
06:35:49 PM    0   70.41    0.00   20.41    0.00    0.00    4.08    0.00    0.00    0.00    5.10
06:35:49 PM    1   37.08    0.00   14.61    0.00    0.00    2.25    0.00    0.00    0.00   46.07

06:35:49 PM  CPU    %usr   %nice    %sys %iowait    %irq   %soft  %steal  %guest  %gnice   %idle
06:35:50 PM    0   75.76    0.00   14.14    0.00    0.00    5.05    0.00    0.00    0.00    5.05
06:35:50 PM    1   35.56    0.00   14.44    0.00    0.00    3.33    0.00    0.00    0.00   46.67

06:35:50 PM  CPU    %usr   %nice    %sys %iowait    %irq   %soft  %steal  %guest  %gnice   %idle
06:35:51 PM    0   76.00    0.00   19.00    0.00    0.00    4.00    0.00    0.00    0.00    1.00
06:35:51 PM    1   49.44    0.00    7.87    0.00    0.00    3.37    0.00    0.00    0.00   39.33

06:35:51 PM  CPU    %usr   %nice    %sys %iowait    %irq   %soft  %steal  %guest  %gnice   %idle
06:35:52 PM    0   73.27    0.00   21.78    0.00    0.00    3.96    0.00    0.00    0.00    0.99
06:35:52 PM    1   46.88    0.00   14.58    0.00    0.00    3.12    0.00    0.00    0.00   35.42

06:35:52 PM  CPU    %usr   %nice    %sys %iowait    %irq   %soft  %steal  %guest  %gnice   %idle
06:35:53 PM    0   65.31    0.00   23.47    0.00    0.00    4.08    0.00    0.00    0.00    7.14
06:35:53 PM    1   41.30    0.00   10.87    0.00    0.00    3.26    0.00    0.00    0.00   44.57

06:35:53 PM  CPU    %usr   %nice    %sys %iowait    %irq   %soft  %steal  %guest  %gnice   %idle
06:35:54 PM    0   72.00    0.00   23.00    0.00    0.00    4.00    0.00    0.00    0.00    1.00
06:35:54 PM    1   45.05    0.00   18.68    0.00    0.00    2.20    0.00    0.00    0.00   34.07

06:35:54 PM  CPU    %usr   %nice    %sys %iowait    %irq   %soft  %steal  %guest  %gnice   %idle
06:35:55 PM    0   76.77    0.00   21.21    0.00    0.00    2.02    0.00    0.00    0.00    0.00
06:35:55 PM    1   40.91    0.00   14.77    0.00    0.00    4.55    0.00    0.00    0.00   39.77

06:35:55 PM  CPU    %usr   %nice    %sys %iowait    %irq   %soft  %steal  %guest  %gnice   %idle
06:35:56 PM    0   77.23    0.00   17.82    0.00    0.00    3.96    0.00    0.00    0.00    0.99
06:35:56 PM    1   44.57    0.00   13.04    0.00    0.00    3.26    0.00    0.00    0.00   39.13

06:35:56 PM  CPU    %usr   %nice    %sys %iowait    %irq   %soft  %steal  %guest  %gnice   %idle
06:35:57 PM    0   76.77    0.00   19.19    0.00    0.00    4.04    0.00    0.00    0.00    0.00
06:35:57 PM    1   43.48    0.00   17.39    0.00    0.00    2.17    0.00    0.00    0.00   36.96

06:35:57 PM  CPU    %usr   %nice    %sys %iowait    %irq   %soft  %steal  %guest  %gnice   %idle
06:35:58 PM    0   73.27    0.00   19.80    0.00    0.00    5.94    0.00    0.00    0.00    0.99
06:35:58 PM    1   41.76    0.00   15.38    0.00    0.00    2.20    0.00    0.00    0.00   40.66

06:35:58 PM  CPU    %usr   %nice    %sys %iowait    %irq   %soft  %steal  %guest  %gnice   %idle
06:35:59 PM    0   67.68    0.00   27.27    0.00    0.00    5.05    0.00    0.00    0.00    0.00
06:35:59 PM    1   42.22    0.00   14.44    0.00    0.00    3.33    0.00    0.00    0.00   40.00

06:35:59 PM  CPU    %usr   %nice    %sys %iowait    %irq   %soft  %steal  %guest  %gnice   %idle
06:36:00 PM    0   73.00    0.00   22.00    0.00    0.00    4.00    0.00    0.00    0.00    1.00
06:36:00 PM    1   42.86    0.00   13.19    0.00    0.00    2.20    0.00    0.00    0.00   41.76

06:36:00 PM  CPU    %usr   %nice    %sys %iowait    %irq   %soft  %steal  %guest  %gnice   %idle
06:36:01 PM    0   76.00    0.00   19.00    0.00    0.00    4.00    0.00    0.00    0.00    1.00
06:36:01 PM    1   40.00    0.00   16.84    0.00    0.00    3.16    0.00    0.00    0.00   40.00

Average:     CPU    %usr   %nice    %sys %iowait    %irq   %soft  %steal  %guest  %gnice   %idle
Average:       0   66.16    0.00   20.09    0.04    0.00    4.31    0.00    0.00    0.00    9.40
Average:       1   39.11    0.00   15.31    0.03    0.00    2.86    0.00    0.00    0.00   42.69
