Linux 5.3.0-59-generic (ericmei) 	06/29/2020 	_x86_64_	(12 CPU)

06:47:07 PM  CPU    %usr   %nice    %sys %iowait    %irq   %soft  %steal  %guest  %gnice   %idle
06:47:08 PM    0   22.77    0.00   12.87    0.00    0.00    2.97    0.00    0.00    0.00   61.39
06:47:08 PM    1    8.75    0.00    5.00    0.00    0.00    6.25    0.00    0.00    0.00   80.00

06:47:08 PM  CPU    %usr   %nice    %sys %iowait    %irq   %soft  %steal  %guest  %gnice   %idle
06:47:09 PM    0   23.00    0.00   14.00    0.00    0.00    3.00    0.00    0.00    0.00   60.00
06:47:09 PM    1   10.13    0.00    5.06    0.00    0.00    5.06    0.00    0.00    0.00   79.75

06:47:09 PM  CPU    %usr   %nice    %sys %iowait    %irq   %soft  %steal  %guest  %gnice   %idle
06:47:10 PM    0   23.76    0.00   12.87    0.00    0.00    1.98    0.00    0.00    0.00   61.39
06:47:10 PM    1    8.75    0.00    5.00    0.00    0.00    5.00    0.00    0.00    0.00   81.25

06:47:10 PM  CPU    %usr   %nice    %sys %iowait    %irq   %soft  %steal  %guest  %gnice   %idle
06:47:11 PM    0   24.24    0.00   10.10    0.00    0.00    5.05    0.00    0.00    0.00   60.61
06:47:11 PM    1   11.54    0.00    5.13    0.00    0.00    2.56    0.00    0.00    0.00   80.77

06:47:11 PM  CPU    %usr   %nice    %sys %iowait    %irq   %soft  %steal  %guest  %gnice   %idle
06:47:12 PM    0   27.00    0.00   12.00    0.00    0.00    3.00    0.00    0.00    0.00   58.00
06:47:12 PM    1    8.75    0.00    5.00    0.00    0.00    5.00    0.00    0.00    0.00   81.25

06:47:12 PM  CPU    %usr   %nice    %sys %iowait    %irq   %soft  %steal  %guest  %gnice   %idle
06:47:13 PM    0   23.47    0.00   14.29    0.00    0.00    3.06    0.00    0.00    0.00   59.18
06:47:13 PM    1    9.76    0.00    4.88    0.00    0.00    7.32    0.00    0.00    0.00   78.05

06:47:13 PM  CPU    %usr   %nice    %sys %iowait    %irq   %soft  %steal  %guest  %gnice   %idle
06:47:14 PM    0   25.74    0.00   13.86    0.00    0.00    3.96    0.00    0.00    0.00   56.44
06:47:14 PM    1   12.66    0.00    2.53    0.00    0.00    3.80    0.00    0.00    0.00   81.01

06:47:14 PM  CPU    %usr   %nice    %sys %iowait    %irq   %soft  %steal  %guest  %gnice   %idle
06:47:15 PM    0   23.76    0.00   14.85    0.00    0.00    3.96    0.00    0.00    0.00   57.43
06:47:15 PM    1   10.00    0.00    5.00    0.00    0.00    5.00    0.00    0.00    0.00   80.00

06:47:15 PM  CPU    %usr   %nice    %sys %iowait    %irq   %soft  %steal  %guest  %gnice   %idle
06:47:16 PM    0   21.36    0.00   15.53    0.00    0.00    5.83    0.00    0.00    0.00   57.28
06:47:16 PM    1   11.39    0.00    3.80    0.00    0.00    2.53    0.00    0.00    0.00   82.28

06:47:16 PM  CPU    %usr   %nice    %sys %iowait    %irq   %soft  %steal  %guest  %gnice   %idle
06:47:17 PM    0   25.25    0.00   12.12    0.00    0.00    5.05    0.00    0.00    0.00   57.58
06:47:17 PM    1   11.11    0.00    3.70    0.00    0.00    6.17    0.00    0.00    0.00   79.01

06:47:17 PM  CPU    %usr   %nice    %sys %iowait    %irq   %soft  %steal  %guest  %gnice   %idle
06:47:18 PM    0   30.00    0.00   10.00    0.00    0.00    3.00    0.00    0.00    0.00   57.00
06:47:18 PM    1   12.50    0.00    2.50    0.00    0.00    6.25    0.00    0.00    0.00   78.75

06:47:18 PM  CPU    %usr   %nice    %sys %iowait    %irq   %soft  %steal  %guest  %gnice   %idle
06:47:19 PM    0   26.00    0.00   13.00    0.00    0.00    4.00    0.00    0.00    0.00   57.00
06:47:19 PM    1    8.97    0.00    5.13    0.00    0.00    3.85    0.00    0.00    0.00   82.05

06:47:19 PM  CPU    %usr   %nice    %sys %iowait    %irq   %soft  %steal  %guest  %gnice   %idle
06:47:20 PM    0   30.00    0.00   12.00    0.00    0.00    1.00    0.00    0.00    0.00   57.00
06:47:20 PM    1   11.39    0.00    2.53    0.00    0.00    5.06    0.00    0.00    0.00   81.01

06:47:20 PM  CPU    %usr   %nice    %sys %iowait    %irq   %soft  %steal  %guest  %gnice   %idle
06:47:21 PM    0   26.53    0.00   12.24    0.00    0.00    2.04    0.00    0.00    0.00   59.18
06:47:21 PM    1   10.00    0.00    3.75    0.00    0.00    5.00    0.00    0.00    0.00   81.25

06:47:21 PM  CPU    %usr   %nice    %sys %iowait    %irq   %soft  %steal  %guest  %gnice   %idle
06:47:22 PM    0   27.72    0.00   12.87    0.00    0.00    1.98    0.00    0.00    0.00   57.43
06:47:22 PM    1   11.39    0.00    2.53    0.00    0.00    5.06    0.00    0.00    0.00   81.01

06:47:22 PM  CPU    %usr   %nice    %sys %iowait    %irq   %soft  %steal  %guest  %gnice   %idle
06:47:23 PM    0   26.26    0.00   12.12    0.00    0.00    3.03    0.00    0.00    0.00   58.59
06:47:23 PM    1   12.50    0.00    2.50    0.00    0.00    3.75    0.00    0.00    0.00   81.25

06:47:23 PM  CPU    %usr   %nice    %sys %iowait    %irq   %soft  %steal  %guest  %gnice   %idle
06:47:24 PM    0   26.00    0.00   13.00    0.00    0.00    4.00    0.00    0.00    0.00   57.00
06:47:24 PM    1    9.76    0.00    3.66    0.00    0.00    8.54    0.00    0.00    0.00   78.05

06:47:24 PM  CPU    %usr   %nice    %sys %iowait    %irq   %soft  %steal  %guest  %gnice   %idle
06:47:25 PM    0   26.00    0.00   12.00    0.00    0.00    4.00    0.00    0.00    0.00   58.00
06:47:25 PM    1    8.00    0.00    5.33    0.00    0.00    2.67    0.00    0.00    0.00   84.00

06:47:25 PM  CPU    %usr   %nice    %sys %iowait    %irq   %soft  %steal  %guest  %gnice   %idle
06:47:26 PM    0   26.26    0.00   12.12    0.00    0.00    3.03    0.00    0.00    0.00   58.59
06:47:26 PM    1    8.86    0.00    6.33    0.00    0.00    2.53    0.00    0.00    0.00   82.28

06:47:26 PM  CPU    %usr   %nice    %sys %iowait    %irq   %soft  %steal  %guest  %gnice   %idle
06:47:27 PM    0   24.00    0.00   16.00    0.00    0.00    3.00    0.00    0.00    0.00   57.00
06:47:27 PM    1   12.50    0.00    3.75    0.00    0.00    5.00    0.00    0.00    0.00   78.75

06:47:27 PM  CPU    %usr   %nice    %sys %iowait    %irq   %soft  %steal  %guest  %gnice   %idle
06:47:28 PM    0   24.49    0.00   15.31    0.00    0.00    2.04    0.00    0.00    0.00   58.16
06:47:28 PM    1    8.97    0.00    6.41    0.00    0.00    2.56    0.00    0.00    0.00   82.05

06:47:28 PM  CPU    %usr   %nice    %sys %iowait    %irq   %soft  %steal  %guest  %gnice   %idle
06:47:29 PM    0   28.43    0.00   10.78    0.00    0.00    3.92    0.00    0.00    0.00   56.86
06:47:29 PM    1   10.00    0.00    5.00    0.00    0.00    5.00    0.00    0.00    0.00   80.00

06:47:29 PM  CPU    %usr   %nice    %sys %iowait    %irq   %soft  %steal  %guest  %gnice   %idle
06:47:30 PM    0   29.70    0.00    9.90    0.00    0.00    3.96    0.00    0.00    0.00   56.44
06:47:30 PM    1    8.86    0.00    3.80    0.00    0.00    5.06    0.00    0.00    0.00   82.28

06:47:30 PM  CPU    %usr   %nice    %sys %iowait    %irq   %soft  %steal  %guest  %gnice   %idle
06:47:31 PM    0   25.00    0.00   12.00    0.00    0.00    5.00    0.00    0.00    0.00   58.00
06:47:31 PM    1    7.50    0.00    5.00    0.00    0.00    5.00    0.00    0.00    0.00   82.50

06:47:31 PM  CPU    %usr   %nice    %sys %iowait    %irq   %soft  %steal  %guest  %gnice   %idle
06:47:32 PM    0   25.00    0.00   13.54    0.00    0.00    5.21    0.00    0.00    0.00   56.25
06:47:32 PM    1   16.67    0.00    5.95    2.38    0.00    5.95    0.00    0.00    0.00   69.05

06:47:32 PM  CPU    %usr   %nice    %sys %iowait    %irq   %soft  %steal  %guest  %gnice   %idle
06:47:33 PM    0   31.00    0.00   10.00    0.00    0.00    2.00    0.00    0.00    0.00   57.00
06:47:33 PM    1   12.20    0.00    2.44    0.00    0.00    7.32    0.00    0.00    0.00   78.05

06:47:33 PM  CPU    %usr   %nice    %sys %iowait    %irq   %soft  %steal  %guest  %gnice   %idle
06:47:34 PM    0   29.29    0.00   11.11    0.00    0.00    2.02    0.00    0.00    0.00   57.58
06:47:34 PM    1    7.50    0.00    3.75    0.00    0.00    8.75    0.00    0.00    0.00   80.00

06:47:34 PM  CPU    %usr   %nice    %sys %iowait    %irq   %soft  %steal  %guest  %gnice   %idle
06:47:35 PM    0   23.00    0.00   15.00    0.00    0.00    4.00    0.00    0.00    0.00   58.00
06:47:35 PM    1    9.88    0.00    6.17    0.00    0.00    4.94    0.00    0.00    0.00   79.01

06:47:35 PM  CPU    %usr   %nice    %sys %iowait    %irq   %soft  %steal  %guest  %gnice   %idle
06:47:36 PM    0   23.47    0.00   15.31    0.00    0.00    1.02    0.00    0.00    0.00   60.20
06:47:36 PM    1   10.13    0.00    3.80    0.00    0.00    3.80    0.00    0.00    0.00   82.28

06:47:36 PM  CPU    %usr   %nice    %sys %iowait    %irq   %soft  %steal  %guest  %gnice   %idle
06:47:37 PM    0   25.25    0.00   12.12    0.00    0.00    4.04    0.00    0.00    0.00   58.59
06:47:37 PM    1   10.00    0.00    2.50    0.00    0.00    7.50    0.00    0.00    0.00   80.00

06:47:37 PM  CPU    %usr   %nice    %sys %iowait    %irq   %soft  %steal  %guest  %gnice   %idle
06:47:38 PM    0   24.75    0.00   14.85    0.00    0.00    2.97    0.00    0.00    0.00   57.43
06:47:38 PM    1   11.54    0.00    3.85    0.00    0.00    2.56    0.00    0.00    0.00   82.05

06:47:38 PM  CPU    %usr   %nice    %sys %iowait    %irq   %soft  %steal  %guest  %gnice   %idle
06:47:39 PM    0   31.31    0.00   10.10    0.00    0.00    1.01    0.00    0.00    0.00   57.58
06:47:39 PM    1   11.39    0.00    3.80    0.00    0.00    2.53    0.00    0.00    0.00   82.28

06:47:39 PM  CPU    %usr   %nice    %sys %iowait    %irq   %soft  %steal  %guest  %gnice   %idle
06:47:40 PM    0   24.74    0.00   12.37    0.00    0.00    3.09    0.00    0.00    0.00   59.79
06:47:40 PM    1    7.89    0.00    2.63    0.00    0.00    5.26    0.00    0.00    0.00   84.21

06:47:40 PM  CPU    %usr   %nice    %sys %iowait    %irq   %soft  %steal  %guest  %gnice   %idle
06:47:41 PM    0   27.00    0.00   12.00    0.00    0.00    3.00    0.00    0.00    0.00   58.00
06:47:41 PM    1    9.88    0.00    3.70    0.00    0.00    6.17    0.00    0.00    0.00   80.25

06:47:41 PM  CPU    %usr   %nice    %sys %iowait    %irq   %soft  %steal  %guest  %gnice   %idle
06:47:42 PM    0   24.75    0.00   13.86    0.00    0.00    3.96    0.00    0.00    0.00   57.43
06:47:42 PM    1    8.00    0.00    4.00    0.00    0.00    2.67    0.00    0.00    0.00   85.33

06:47:42 PM  CPU    %usr   %nice    %sys %iowait    %irq   %soft  %steal  %guest  %gnice   %idle
06:47:43 PM    0   24.75    0.00   13.86    0.00    0.00    3.96    0.00    0.00    0.00   57.43
06:47:43 PM    1   10.84    0.00    3.61    0.00    0.00    7.23    0.00    0.00    0.00   78.31

06:47:43 PM  CPU    %usr   %nice    %sys %iowait    %irq   %soft  %steal  %guest  %gnice   %idle
06:47:44 PM    0   24.24    0.00   12.12    0.00    0.00    5.05    0.00    0.00    0.00   58.59
06:47:44 PM    1    7.69    0.00    5.13    0.00    0.00    5.13    0.00    0.00    0.00   82.05

06:47:44 PM  CPU    %usr   %nice    %sys %iowait    %irq   %soft  %steal  %guest  %gnice   %idle
06:47:45 PM    0   28.57    0.00    9.18    0.00    0.00    4.08    0.00    0.00    0.00   58.16
06:47:45 PM    1    7.59    0.00    5.06    0.00    0.00    6.33    0.00    0.00    0.00   81.01

06:47:45 PM  CPU    %usr   %nice    %sys %iowait    %irq   %soft  %steal  %guest  %gnice   %idle
06:47:46 PM    0   21.21    0.00   15.15    0.00    0.00    4.04    0.00    0.00    0.00   59.60
06:47:46 PM    1   10.00    0.00    5.00    0.00    0.00    5.00    0.00    0.00    0.00   80.00

06:47:46 PM  CPU    %usr   %nice    %sys %iowait    %irq   %soft  %steal  %guest  %gnice   %idle
06:47:47 PM    0   21.43    0.00   14.29    0.00    0.00    5.10    0.00    0.00    0.00   59.18
06:47:47 PM    1    8.64    0.00    4.94    0.00    0.00    6.17    0.00    0.00    0.00   80.25

06:47:47 PM  CPU    %usr   %nice    %sys %iowait    %irq   %soft  %steal  %guest  %gnice   %idle
06:47:48 PM    0   24.24    0.00   13.13    0.00    0.00    4.04    0.00    0.00    0.00   58.59
06:47:48 PM    1    7.79    0.00    5.19    0.00    0.00    2.60    0.00    0.00    0.00   84.42

06:47:48 PM  CPU    %usr   %nice    %sys %iowait    %irq   %soft  %steal  %guest  %gnice   %idle
06:47:49 PM    0   25.25    0.00   12.12    0.00    0.00    5.05    0.00    0.00    0.00   57.58
06:47:49 PM    1   12.35    0.00    2.47    0.00    0.00    4.94    0.00    0.00    0.00   80.25

06:47:49 PM  CPU    %usr   %nice    %sys %iowait    %irq   %soft  %steal  %guest  %gnice   %idle
06:47:50 PM    0   23.47    0.00   15.31    0.00    0.00    2.04    0.00    0.00    0.00   59.18
06:47:50 PM    1   10.13    0.00    3.80    0.00    0.00    5.06    0.00    0.00    0.00   81.01

06:47:50 PM  CPU    %usr   %nice    %sys %iowait    %irq   %soft  %steal  %guest  %gnice   %idle
06:47:51 PM    0   28.00    0.00   12.00    0.00    0.00    2.00    0.00    0.00    0.00   58.00
06:47:51 PM    1    7.59    0.00    2.53    0.00    0.00    8.86    0.00    0.00    0.00   81.01

06:47:51 PM  CPU    %usr   %nice    %sys %iowait    %irq   %soft  %steal  %guest  %gnice   %idle
06:47:52 PM    0   25.74    0.00   13.86    0.00    0.00    2.97    0.00    0.00    0.00   57.43
06:47:52 PM    1    9.88    0.00    4.94    0.00    0.00    3.70    0.00    0.00    0.00   81.48

06:47:52 PM  CPU    %usr   %nice    %sys %iowait    %irq   %soft  %steal  %guest  %gnice   %idle
06:47:53 PM    0   23.71    0.00   14.43    0.00    0.00    3.09    0.00    0.00    0.00   58.76
06:47:53 PM    1    8.97    0.00    5.13    0.00    0.00    2.56    0.00    0.00    0.00   83.33

06:47:53 PM  CPU    %usr   %nice    %sys %iowait    %irq   %soft  %steal  %guest  %gnice   %idle
06:47:54 PM    0   25.74    0.00   12.87    0.00    0.00    2.97    0.00    0.00    0.00   58.42
06:47:54 PM    1    8.86    0.00    5.06    0.00    0.00    2.53    0.00    0.00    0.00   83.54

06:47:54 PM  CPU    %usr   %nice    %sys %iowait    %irq   %soft  %steal  %guest  %gnice   %idle
06:47:55 PM    0   25.00    0.00   13.00    0.00    0.00    5.00    0.00    0.00    0.00   57.00
06:47:55 PM    1   10.13    0.00    3.80    0.00    0.00    5.06    0.00    0.00    0.00   81.01

06:47:55 PM  CPU    %usr   %nice    %sys %iowait    %irq   %soft  %steal  %guest  %gnice   %idle
06:47:56 PM    0   28.57    0.00   10.20    0.00    0.00    2.04    0.00    0.00    0.00   59.18
06:47:56 PM    1   11.11    0.00    3.70    0.00    0.00    6.17    0.00    0.00    0.00   79.01

06:47:56 PM  CPU    %usr   %nice    %sys %iowait    %irq   %soft  %steal  %guest  %gnice   %idle
06:47:57 PM    0   27.00    0.00   14.00    0.00    0.00    4.00    0.00    0.00    0.00   55.00
06:47:57 PM    1    8.75    0.00    6.25    0.00    0.00    5.00    0.00    0.00    0.00   80.00

06:47:57 PM  CPU    %usr   %nice    %sys %iowait    %irq   %soft  %steal  %guest  %gnice   %idle
06:47:58 PM    0   28.71    0.00   11.88    0.00    0.00    1.98    0.00    0.00    0.00   57.43
06:47:58 PM    1    9.88    0.00    3.70    0.00    0.00    7.41    0.00    0.00    0.00   79.01

06:47:58 PM  CPU    %usr   %nice    %sys %iowait    %irq   %soft  %steal  %guest  %gnice   %idle
06:47:59 PM    0   27.72    0.00   11.88    0.00    0.00    2.97    0.00    0.00    0.00   57.43
06:47:59 PM    1   10.98    0.00    4.88    0.00    0.00    6.10    0.00    0.00    0.00   78.05

06:47:59 PM  CPU    %usr   %nice    %sys %iowait    %irq   %soft  %steal  %guest  %gnice   %idle
06:48:00 PM    0   22.22    0.00   15.15    0.00    0.00    4.04    0.00    0.00    0.00   58.59
06:48:00 PM    1   11.25    0.00    2.50    0.00    0.00    5.00    0.00    0.00    0.00   81.25

06:48:00 PM  CPU    %usr   %nice    %sys %iowait    %irq   %soft  %steal  %guest  %gnice   %idle
06:48:01 PM    0   25.74    0.00   12.87    0.00    0.00    4.95    0.00    0.00    0.00   56.44
06:48:01 PM    1   10.13    0.00    6.33    0.00    0.00    2.53    0.00    0.00    0.00   81.01

06:48:01 PM  CPU    %usr   %nice    %sys %iowait    %irq   %soft  %steal  %guest  %gnice   %idle
06:48:02 PM    0   27.72    0.00   12.87    0.00    0.00    1.98    0.00    0.00    0.00   57.43
06:48:02 PM    1   11.54    0.00    3.85    0.00    0.00    2.56    0.00    0.00    0.00   82.05

06:48:02 PM  CPU    %usr   %nice    %sys %iowait    %irq   %soft  %steal  %guest  %gnice   %idle
06:48:03 PM    0   28.00    0.00   12.00    0.00    0.00    3.00    0.00    0.00    0.00   57.00
06:48:03 PM    1   13.33    0.00    0.00    0.00    0.00    2.67    0.00    0.00    0.00   84.00

06:48:03 PM  CPU    %usr   %nice    %sys %iowait    %irq   %soft  %steal  %guest  %gnice   %idle
06:48:04 PM    0   24.24    0.00   15.15    0.00    0.00    3.03    0.00    0.00    0.00   57.58
06:48:04 PM    1   11.11    0.00    4.94    0.00    0.00    3.70    0.00    0.00    0.00   80.25

06:48:04 PM  CPU    %usr   %nice    %sys %iowait    %irq   %soft  %steal  %guest  %gnice   %idle
06:48:05 PM    0   24.75    0.00   11.88    0.00    0.00    4.95    0.00    0.00    0.00   58.42
06:48:05 PM    1    7.69    0.00    5.13    0.00    0.00    3.85    0.00    0.00    0.00   83.33

06:48:05 PM  CPU    %usr   %nice    %sys %iowait    %irq   %soft  %steal  %guest  %gnice   %idle
06:48:06 PM    0   29.70    0.00   10.89    0.00    0.00    2.97    0.00    0.00    0.00   56.44
06:48:06 PM    1   12.50    0.00    5.00    0.00    0.00    2.50    0.00    0.00    0.00   80.00

06:48:06 PM  CPU    %usr   %nice    %sys %iowait    %irq   %soft  %steal  %guest  %gnice   %idle
06:48:07 PM    0   24.75    0.00   13.86    0.00    0.00    3.96    0.00    0.00    0.00   57.43
06:48:07 PM    1    8.54    0.00    4.88    0.00    0.00    7.32    0.00    0.00    0.00   79.27

06:48:07 PM  CPU    %usr   %nice    %sys %iowait    %irq   %soft  %steal  %guest  %gnice   %idle
06:48:08 PM    0   24.74    0.00   14.43    0.00    0.00    3.09    0.00    0.00    0.00   57.73
06:48:08 PM    1   11.25    0.00    5.00    0.00    0.00    2.50    0.00    0.00    0.00   81.25

06:48:08 PM  CPU    %usr   %nice    %sys %iowait    %irq   %soft  %steal  %guest  %gnice   %idle
06:48:09 PM    0   25.25    0.00   13.13    0.00    0.00    3.03    0.00    0.00    0.00   58.59
06:48:09 PM    1    8.86    0.00    5.06    0.00    0.00    3.80    0.00    0.00    0.00   82.28

06:48:09 PM  CPU    %usr   %nice    %sys %iowait    %irq   %soft  %steal  %guest  %gnice   %idle
06:48:10 PM    0   27.27    0.00   11.11    0.00    0.00    3.03    0.00    0.00    0.00   58.59
06:48:10 PM    1   10.39    0.00    2.60    0.00    0.00    3.90    0.00    0.00    0.00   83.12

06:48:10 PM  CPU    %usr   %nice    %sys %iowait    %irq   %soft  %steal  %guest  %gnice   %idle
06:48:11 PM    0   24.00    0.00   13.00    0.00    0.00    5.00    0.00    0.00    0.00   58.00
06:48:11 PM    1    8.75    0.00    5.00    0.00    0.00    5.00    0.00    0.00    0.00   81.25

06:48:11 PM  CPU    %usr   %nice    %sys %iowait    %irq   %soft  %steal  %guest  %gnice   %idle
06:48:12 PM    0   26.04    0.00   11.46    0.00    0.00    2.08    0.00    0.00    0.00   60.42
06:48:12 PM    1   12.50    0.00    2.50    0.00    0.00    3.75    0.00    0.00    0.00   81.25

06:48:12 PM  CPU    %usr   %nice    %sys %iowait    %irq   %soft  %steal  %guest  %gnice   %idle
06:48:13 PM    0   29.29    0.00   11.11    0.00    0.00    2.02    0.00    0.00    0.00   57.58
06:48:13 PM    1   11.11    0.00    7.41    0.00    0.00    2.47    0.00    0.00    0.00   79.01

06:48:13 PM  CPU    %usr   %nice    %sys %iowait    %irq   %soft  %steal  %guest  %gnice   %idle
06:48:14 PM    0   26.26    0.00   13.13    0.00    0.00    2.02    0.00    0.00    0.00   58.59
06:48:14 PM    1   11.39    0.00    3.80    0.00    0.00    3.80    0.00    0.00    0.00   81.01

06:48:14 PM  CPU    %usr   %nice    %sys %iowait    %irq   %soft  %steal  %guest  %gnice   %idle
06:48:15 PM    0   28.28    0.00   12.12    0.00    0.00    3.03    0.00    0.00    0.00   56.57
06:48:15 PM    1   10.26    0.00    3.85    0.00    0.00    5.13    0.00    0.00    0.00   80.77

06:48:15 PM  CPU    %usr   %nice    %sys %iowait    %irq   %soft  %steal  %guest  %gnice   %idle
06:48:16 PM    0   25.74    0.00   12.87    0.00    0.00    4.95    0.00    0.00    0.00   56.44
06:48:16 PM    1    7.69    0.00    7.69    0.00    0.00    3.85    0.00    0.00    0.00   80.77

06:48:16 PM  CPU    %usr   %nice    %sys %iowait    %irq   %soft  %steal  %guest  %gnice   %idle
06:48:17 PM    0   25.74    0.00   11.88    0.00    0.00    4.95    0.00    0.00    0.00   57.43
06:48:17 PM    1    7.79    0.00    5.19    0.00    0.00    2.60    0.00    0.00    0.00   84.42

06:48:17 PM  CPU    %usr   %nice    %sys %iowait    %irq   %soft  %steal  %guest  %gnice   %idle
06:48:18 PM    0   22.00    0.00   17.00    0.00    0.00    3.00    0.00    0.00    0.00   58.00
06:48:18 PM    1    7.59    0.00    5.06    0.00    0.00    3.80    0.00    0.00    0.00   83.54

06:48:18 PM  CPU    %usr   %nice    %sys %iowait    %irq   %soft  %steal  %guest  %gnice   %idle
06:48:19 PM    0   28.57    0.00    8.16    0.00    0.00    5.10    0.00    0.00    0.00   58.16
06:48:19 PM    1    8.86    0.00    5.06    0.00    0.00    3.80    0.00    0.00    0.00   82.28

06:48:19 PM  CPU    %usr   %nice    %sys %iowait    %irq   %soft  %steal  %guest  %gnice   %idle
06:48:20 PM    0   23.76    0.00   14.85    0.00    0.00    2.97    0.00    0.00    0.00   58.42
06:48:20 PM    1   11.11    0.00    3.70    0.00    0.00    4.94    0.00    0.00    0.00   80.25

06:48:20 PM  CPU    %usr   %nice    %sys %iowait    %irq   %soft  %steal  %guest  %gnice   %idle
06:48:21 PM    0   26.53    0.00   12.24    0.00    0.00    2.04    0.00    0.00    0.00   59.18
06:48:21 PM    1   12.20    0.00    3.66    0.00    0.00    4.88    0.00    0.00    0.00   79.27

06:48:21 PM  CPU    %usr   %nice    %sys %iowait    %irq   %soft  %steal  %guest  %gnice   %idle
06:48:22 PM    0   26.26    0.00   13.13    0.00    0.00    3.03    0.00    0.00    0.00   57.58
06:48:22 PM    1   11.54    0.00    3.85    0.00    0.00    3.85    0.00    0.00    0.00   80.77

06:48:22 PM  CPU    %usr   %nice    %sys %iowait    %irq   %soft  %steal  %guest  %gnice   %idle
06:48:23 PM    0   30.00    0.00   11.00    0.00    0.00    1.00    0.00    0.00    0.00   58.00
06:48:23 PM    1    8.97    0.00    1.28    0.00    0.00    5.13    0.00    0.00    0.00   84.62

06:48:23 PM  CPU    %usr   %nice    %sys %iowait    %irq   %soft  %steal  %guest  %gnice   %idle
06:48:24 PM    0   21.43    0.00   14.29    0.00    0.00    5.10    0.00    0.00    0.00   59.18
06:48:24 PM    1   10.00    0.00    5.00    0.00    0.00    3.75    0.00    0.00    0.00   81.25

06:48:24 PM  CPU    %usr   %nice    %sys %iowait    %irq   %soft  %steal  %guest  %gnice   %idle
06:48:25 PM    0   29.00    0.00   11.00    0.00    0.00    3.00    0.00    0.00    0.00   57.00
06:48:25 PM    1   11.25    0.00    2.50    0.00    0.00    6.25    0.00    0.00    0.00   80.00

06:48:25 PM  CPU    %usr   %nice    %sys %iowait    %irq   %soft  %steal  %guest  %gnice   %idle
06:48:26 PM    0   27.45    0.00   12.75    0.00    0.00    1.96    0.00    0.00    0.00   57.84
06:48:26 PM    1   10.98    0.00    4.88    0.00    0.00    6.10    0.00    0.00    0.00   78.05

06:48:26 PM  CPU    %usr   %nice    %sys %iowait    %irq   %soft  %steal  %guest  %gnice   %idle
06:48:27 PM    0   26.53    0.00   12.24    0.00    0.00    2.04    0.00    0.00    0.00   59.18
06:48:27 PM    1   11.25    0.00    3.75    0.00    0.00    3.75    0.00    0.00    0.00   81.25

06:48:27 PM  CPU    %usr   %nice    %sys %iowait    %irq   %soft  %steal  %guest  %gnice   %idle
06:48:28 PM    0   29.00    0.00   11.00    0.00    0.00    2.00    0.00    0.00    0.00   58.00
06:48:28 PM    1    9.88    0.00    2.47    0.00    0.00    8.64    0.00    0.00    0.00   79.01

06:48:28 PM  CPU    %usr   %nice    %sys %iowait    %irq   %soft  %steal  %guest  %gnice   %idle
06:48:29 PM    0   24.75    0.00    9.90    0.00    0.00    6.93    0.00    0.00    0.00   58.42
06:48:29 PM    1    9.09    0.00    5.19    0.00    0.00    1.30    0.00    0.00    0.00   84.42

06:48:29 PM  CPU    %usr   %nice    %sys %iowait    %irq   %soft  %steal  %guest  %gnice   %idle
06:48:30 PM    0   23.47    0.00   15.31    0.00    0.00    3.06    0.00    0.00    0.00   58.16
06:48:30 PM    1   11.11    0.00    3.70    0.00    0.00    7.41    0.00    0.00    0.00   77.78

06:48:30 PM  CPU    %usr   %nice    %sys %iowait    %irq   %soft  %steal  %guest  %gnice   %idle
06:48:31 PM    0   25.25    0.00   11.11    0.00    0.00    5.05    0.00    0.00    0.00   58.59
06:48:31 PM    1   10.13    0.00    2.53    0.00    0.00    5.06    0.00    0.00    0.00   82.28

06:48:31 PM  CPU    %usr   %nice    %sys %iowait    %irq   %soft  %steal  %guest  %gnice   %idle
06:48:32 PM    0   27.00    0.00   13.00    0.00    0.00    3.00    0.00    0.00    0.00   57.00
06:48:32 PM    1   10.00    0.00    5.00    0.00    0.00    5.00    0.00    0.00    0.00   80.00

06:48:32 PM  CPU    %usr   %nice    %sys %iowait    %irq   %soft  %steal  %guest  %gnice   %idle
06:48:33 PM    0   23.23    0.00   14.14    0.00    0.00    4.04    0.00    0.00    0.00   58.59
06:48:33 PM    1   10.98    0.00    3.66    0.00    0.00    6.10    0.00    0.00    0.00   79.27

06:48:33 PM  CPU    %usr   %nice    %sys %iowait    %irq   %soft  %steal  %guest  %gnice   %idle
06:48:34 PM    0   24.75    0.00   13.86    0.00    0.00    4.95    0.00    0.00    0.00   56.44
06:48:34 PM    1   10.26    0.00    3.85    0.00    0.00    3.85    0.00    0.00    0.00   82.05

06:48:34 PM  CPU    %usr   %nice    %sys %iowait    %irq   %soft  %steal  %guest  %gnice   %idle
06:48:35 PM    0   23.71    0.00   13.40    0.00    0.00    2.06    0.00    0.00    0.00   60.82
06:48:35 PM    1    6.33    0.00    3.80    0.00    0.00    7.59    0.00    0.00    0.00   82.28

06:48:35 PM  CPU    %usr   %nice    %sys %iowait    %irq   %soft  %steal  %guest  %gnice   %idle
06:48:36 PM    0   29.70    0.00    9.90    0.00    0.00    2.97    0.00    0.00    0.00   57.43
06:48:36 PM    1   10.00    0.00    5.00    0.00    0.00    5.00    0.00    0.00    0.00   80.00

06:48:36 PM  CPU    %usr   %nice    %sys %iowait    %irq   %soft  %steal  %guest  %gnice   %idle
06:48:37 PM    0   30.00    0.00   11.00    0.00    0.00    3.00    0.00    0.00    0.00   56.00
06:48:37 PM    1   11.69    0.00    3.90    0.00    0.00    1.30    0.00    0.00    0.00   83.12

06:48:37 PM  CPU    %usr   %nice    %sys %iowait    %irq   %soft  %steal  %guest  %gnice   %idle
06:48:38 PM    0   28.00    0.00   12.00    0.00    0.00    2.00    0.00    0.00    0.00   58.00
06:48:38 PM    1    6.41    0.00    5.13    0.00    0.00    5.13    0.00    0.00    0.00   83.33

06:48:38 PM  CPU    %usr   %nice    %sys %iowait    %irq   %soft  %steal  %guest  %gnice   %idle
06:48:39 PM    0   24.24    0.00   14.14    0.00    0.00    3.03    0.00    0.00    0.00   58.59
06:48:39 PM    1    7.59    0.00    5.06    0.00    0.00    5.06    0.00    0.00    0.00   82.28

06:48:39 PM  CPU    %usr   %nice    %sys %iowait    %irq   %soft  %steal  %guest  %gnice   %idle
06:48:40 PM    0   24.49    0.00   13.27    0.00    0.00    3.06    0.00    0.00    0.00   59.18
06:48:40 PM    1   12.20    0.00    4.88    0.00    0.00    4.88    0.00    0.00    0.00   78.05

06:48:40 PM  CPU    %usr   %nice    %sys %iowait    %irq   %soft  %steal  %guest  %gnice   %idle
06:48:41 PM    0   27.55    0.00   11.22    0.00    0.00    2.04    0.00    0.00    0.00   59.18
06:48:41 PM    1   11.25    0.00    3.75    0.00    0.00    3.75    0.00    0.00    0.00   81.25

06:48:41 PM  CPU    %usr   %nice    %sys %iowait    %irq   %soft  %steal  %guest  %gnice   %idle
06:48:42 PM    0   26.00    0.00   15.00    0.00    0.00    2.00    0.00    0.00    0.00   57.00
06:48:42 PM    1   10.00    0.00    5.00    0.00    0.00    3.75    0.00    0.00    0.00   81.25

06:48:42 PM  CPU    %usr   %nice    %sys %iowait    %irq   %soft  %steal  %guest  %gnice   %idle
06:48:43 PM    0   23.71    0.00   13.40    0.00    0.00    3.09    0.00    0.00    0.00   59.79
06:48:43 PM    1   11.69    0.00    1.30    0.00    0.00    5.19    0.00    0.00    0.00   81.82

06:48:43 PM  CPU    %usr   %nice    %sys %iowait    %irq   %soft  %steal  %guest  %gnice   %idle
06:48:44 PM    0   25.24    0.00   14.56    0.00    0.00    3.88    0.00    0.00    0.00   56.31
06:48:44 PM    1    6.49    0.00    5.19    0.00    0.00    3.90    0.00    0.00    0.00   84.42

06:48:44 PM  CPU    %usr   %nice    %sys %iowait    %irq   %soft  %steal  %guest  %gnice   %idle
06:48:45 PM    0   22.22    0.00   15.15    0.00    0.00    4.04    0.00    0.00    0.00   58.59
06:48:45 PM    1    7.79    0.00    5.19    0.00    0.00    2.60    0.00    0.00    0.00   84.42

06:48:45 PM  CPU    %usr   %nice    %sys %iowait    %irq   %soft  %steal  %guest  %gnice   %idle
06:48:46 PM    0   23.47    0.00   12.24    0.00    0.00    4.08    0.00    0.00    0.00   60.20
06:48:46 PM    1   10.13    0.00    5.06    0.00    0.00    2.53    0.00    0.00    0.00   82.28

06:48:46 PM  CPU    %usr   %nice    %sys %iowait    %irq   %soft  %steal  %guest  %gnice   %idle
06:48:47 PM    0   21.36    0.00   12.62    0.00    0.00    9.71    0.00    0.00    0.00   56.31
06:48:47 PM    1   11.69    0.00    2.60    0.00    0.00    1.30    0.00    0.00    0.00   84.42

06:48:47 PM  CPU    %usr   %nice    %sys %iowait    %irq   %soft  %steal  %guest  %gnice   %idle
06:48:48 PM    0   25.51    0.00   13.27    0.00    0.00    2.04    0.00    0.00    0.00   59.18
06:48:48 PM    1   10.39    0.00    5.19    0.00    0.00    1.30    0.00    0.00    0.00   83.12

06:48:48 PM  CPU    %usr   %nice    %sys %iowait    %irq   %soft  %steal  %guest  %gnice   %idle
06:48:49 PM    0   26.26    0.00   11.11    0.00    0.00    3.03    0.00    0.00    0.00   59.60
06:48:49 PM    1   12.50    0.00    2.50    0.00    0.00    3.75    0.00    0.00    0.00   81.25

06:48:49 PM  CPU    %usr   %nice    %sys %iowait    %irq   %soft  %steal  %guest  %gnice   %idle
06:48:50 PM    0   28.28    0.00   10.10    0.00    0.00    4.04    0.00    0.00    0.00   57.58
06:48:50 PM    1   11.69    0.00    2.60    0.00    0.00    2.60    0.00    0.00    0.00   83.12

06:48:50 PM  CPU    %usr   %nice    %sys %iowait    %irq   %soft  %steal  %guest  %gnice   %idle
06:48:51 PM    0   24.00    0.00   16.00    0.00    0.00    2.00    0.00    0.00    0.00   58.00
06:48:51 PM    1    8.97    0.00    5.13    0.00    0.00    3.85    0.00    0.00    0.00   82.05

06:48:51 PM  CPU    %usr   %nice    %sys %iowait    %irq   %soft  %steal  %guest  %gnice   %idle
06:48:52 PM    0   26.26    0.00   12.12    0.00    0.00    3.03    0.00    0.00    0.00   58.59
06:48:52 PM    1   10.26    0.00    3.85    0.00    0.00    3.85    0.00    0.00    0.00   82.05

06:48:52 PM  CPU    %usr   %nice    %sys %iowait    %irq   %soft  %steal  %guest  %gnice   %idle
06:48:53 PM    0   24.24    0.00   14.14    0.00    0.00    3.03    0.00    0.00    0.00   58.59
06:48:53 PM    1    6.58    0.00    5.26    0.00    0.00    1.32    0.00    0.00    0.00   86.84

06:48:53 PM  CPU    %usr   %nice    %sys %iowait    %irq   %soft  %steal  %guest  %gnice   %idle
06:48:54 PM    0   28.71    0.00   10.89    0.00    0.00    2.97    0.00    0.00    0.00   57.43
06:48:54 PM    1   10.26    0.00    5.13    0.00    0.00    2.56    0.00    0.00    0.00   82.05

06:48:54 PM  CPU    %usr   %nice    %sys %iowait    %irq   %soft  %steal  %guest  %gnice   %idle
06:48:55 PM    0   26.26    0.00   13.13    0.00    0.00    2.02    0.00    0.00    0.00   58.59
06:48:55 PM    1    5.19    0.00    6.49    0.00    0.00    5.19    0.00    0.00    0.00   83.12

06:48:55 PM  CPU    %usr   %nice    %sys %iowait    %irq   %soft  %steal  %guest  %gnice   %idle
06:48:56 PM    0   26.00    0.00   14.00    0.00    0.00    3.00    0.00    0.00    0.00   57.00
06:48:56 PM    1    9.76    0.00    4.88    0.00    0.00    6.10    0.00    0.00    0.00   79.27

06:48:56 PM  CPU    %usr   %nice    %sys %iowait    %irq   %soft  %steal  %guest  %gnice   %idle
06:48:57 PM    0   28.57    0.00    7.14    0.00    0.00    5.10    0.00    0.00    0.00   59.18
06:48:57 PM    1    8.86    0.00    3.80    0.00    0.00    5.06    0.00    0.00    0.00   82.28

06:48:57 PM  CPU    %usr   %nice    %sys %iowait    %irq   %soft  %steal  %guest  %gnice   %idle
06:48:58 PM    0   26.26    0.00   12.12    0.00    0.00    3.03    0.00    0.00    0.00   58.59
06:48:58 PM    1   12.20    0.00    3.66    0.00    0.00    6.10    0.00    0.00    0.00   78.05

06:48:58 PM  CPU    %usr   %nice    %sys %iowait    %irq   %soft  %steal  %guest  %gnice   %idle
06:48:59 PM    0   25.51    0.00   12.24    0.00    0.00    3.06    0.00    0.00    0.00   59.18
06:48:59 PM    1    9.76    0.00    4.88    0.00    0.00    7.32    0.00    0.00    0.00   78.05

06:48:59 PM  CPU    %usr   %nice    %sys %iowait    %irq   %soft  %steal  %guest  %gnice   %idle
06:49:00 PM    0   25.25    0.00   12.12    0.00    0.00    4.04    0.00    0.00    0.00   58.59
06:49:00 PM    1    9.76    0.00    4.88    0.00    0.00    4.88    0.00    0.00    0.00   80.49

06:49:00 PM  CPU    %usr   %nice    %sys %iowait    %irq   %soft  %steal  %guest  %gnice   %idle
06:49:01 PM    0   25.00    0.00   14.00    0.00    0.00    4.00    0.00    0.00    0.00   57.00
06:49:01 PM    1   10.26    0.00    3.85    0.00    0.00    5.13    0.00    0.00    0.00   80.77

06:49:01 PM  CPU    %usr   %nice    %sys %iowait    %irq   %soft  %steal  %guest  %gnice   %idle
06:49:02 PM    0   25.74    0.00   15.84    0.00    0.00    1.98    0.00    0.00    0.00   56.44
06:49:02 PM    1    7.69    0.00    6.41    0.00    0.00    5.13    0.00    0.00    0.00   80.77

06:49:02 PM  CPU    %usr   %nice    %sys %iowait    %irq   %soft  %steal  %guest  %gnice   %idle
06:49:03 PM    0   26.00    0.00   15.00    0.00    0.00    2.00    0.00    0.00    0.00   57.00
06:49:03 PM    1   10.98    0.00    6.10    0.00    0.00    4.88    0.00    0.00    0.00   78.05

06:49:03 PM  CPU    %usr   %nice    %sys %iowait    %irq   %soft  %steal  %guest  %gnice   %idle
06:49:04 PM    0   29.90    0.00   11.34    0.00    0.00    1.03    0.00    0.00    0.00   57.73
06:49:04 PM    1   10.39    0.00    5.19    0.00    0.00    2.60    0.00    0.00    0.00   81.82

06:49:04 PM  CPU    %usr   %nice    %sys %iowait    %irq   %soft  %steal  %guest  %gnice   %idle
06:49:05 PM    0   27.72    0.00    9.90    0.00    0.00    4.95    0.00    0.00    0.00   57.43
06:49:05 PM    1   10.00    0.00    3.75    0.00    0.00    5.00    0.00    0.00    0.00   81.25

06:49:05 PM  CPU    %usr   %nice    %sys %iowait    %irq   %soft  %steal  %guest  %gnice   %idle
06:49:06 PM    0   25.00    0.00   14.00    0.00    0.00    4.00    0.00    0.00    0.00   57.00
06:49:06 PM    1    9.09    0.00    3.90    0.00    0.00    2.60    0.00    0.00    0.00   84.42

06:49:06 PM  CPU    %usr   %nice    %sys %iowait    %irq   %soft  %steal  %guest  %gnice   %idle
06:49:07 PM    0   27.72    0.00   11.88    0.00    0.00    2.97    0.00    0.00    0.00   57.43
06:49:07 PM    1   11.11    0.00    2.47    0.00    0.00    6.17    0.00    0.00    0.00   80.25

Average:     CPU    %usr   %nice    %sys %iowait    %irq   %soft  %steal  %guest  %gnice   %idle
Average:       0   25.89    0.00   12.73    0.00    0.00    3.35    0.00    0.00    0.00   58.03
Average:       1   10.02    0.00    4.27    0.02    0.00    4.60    0.00    0.00    0.00   81.09
