Linux 5.3.0-59-generic (ericmei) 	06/29/2020 	_x86_64_	(12 CPU)

06:39:15 PM  CPU    %usr   %nice    %sys %iowait    %irq   %soft  %steal  %guest  %gnice   %idle
06:39:16 PM    0   11.21    0.00    3.74    0.00    0.00    5.61    0.00    0.00    0.00   79.44
06:39:16 PM    1   27.72    0.00    0.99    0.00    0.00    0.00    0.00    0.00    0.00   71.29

06:39:16 PM  CPU    %usr   %nice    %sys %iowait    %irq   %soft  %steal  %guest  %gnice   %idle
06:39:17 PM    0   19.81    0.00    3.77    0.00    0.00    2.83    0.00    0.00    0.00   73.58
06:39:17 PM    1   18.81    0.00    3.96    1.98    0.00    1.98    0.00    0.00    0.00   73.27

06:39:17 PM  CPU    %usr   %nice    %sys %iowait    %irq   %soft  %steal  %guest  %gnice   %idle
06:39:18 PM    0   14.15    0.00    1.89    0.00    0.00    2.83    0.00    0.00    0.00   81.13
06:39:18 PM    1   19.61    0.00    2.94    0.00    0.00    0.98    0.00    0.00    0.00   76.47

06:39:18 PM  CPU    %usr   %nice    %sys %iowait    %irq   %soft  %steal  %guest  %gnice   %idle
06:39:19 PM    0   25.71    0.00    0.95    0.00    0.00    1.90    0.00    0.00    0.00   71.43
06:39:19 PM    1   37.62    0.00    0.99    0.00    0.00    0.99    0.00    0.00    0.00   60.40

06:39:19 PM  CPU    %usr   %nice    %sys %iowait    %irq   %soft  %steal  %guest  %gnice   %idle
06:39:20 PM    0   16.82    0.00    3.74    0.00    0.00    2.80    0.00    0.00    0.00   76.64
06:39:20 PM    1   17.17    0.00    4.04    0.00    0.00    1.01    0.00    0.00    0.00   77.78

06:39:20 PM  CPU    %usr   %nice    %sys %iowait    %irq   %soft  %steal  %guest  %gnice   %idle
06:39:21 PM    0   12.12    0.00    1.01    0.00    0.00    2.02    0.00    0.00    0.00   84.85
06:39:21 PM    1   26.73    0.00    1.98    0.00    0.00    0.99    0.00    0.00    0.00   70.30

06:39:21 PM  CPU    %usr   %nice    %sys %iowait    %irq   %soft  %steal  %guest  %gnice   %idle
06:39:22 PM    0   23.08    0.00    0.96    0.00    0.00    3.85    0.00    0.00    0.00   72.12
06:39:22 PM    1   25.00    0.00    1.00    0.00    0.00    0.00    0.00    0.00    0.00   74.00

06:39:22 PM  CPU    %usr   %nice    %sys %iowait    %irq   %soft  %steal  %guest  %gnice   %idle
06:39:23 PM    0   29.41    0.00    0.98    0.00    0.00    0.98    0.00    0.00    0.00   68.63
06:39:23 PM    1   29.00    0.00    1.00    0.00    0.00    0.00    0.00    0.00    0.00   70.00

06:39:23 PM  CPU    %usr   %nice    %sys %iowait    %irq   %soft  %steal  %guest  %gnice   %idle
06:39:24 PM    0   17.31    0.00    6.73    0.00    0.00    2.88    0.00    0.00    0.00   73.08
06:39:24 PM    1   25.49    0.00    2.94    0.00    0.00    1.96    0.00    0.00    0.00   69.61

06:39:24 PM  CPU    %usr   %nice    %sys %iowait    %irq   %soft  %steal  %guest  %gnice   %idle
06:39:25 PM    0   52.00    0.00    2.00    0.00    0.00    2.00    0.00    0.00    0.00   44.00
06:39:25 PM    1   25.00    0.00    4.00    0.00    0.00    2.00    0.00    0.00    0.00   69.00

06:39:25 PM  CPU    %usr   %nice    %sys %iowait    %irq   %soft  %steal  %guest  %gnice   %idle
06:39:26 PM    0   13.08    0.00    3.74    0.00    0.00    2.80    0.00    0.00    0.00   80.37
06:39:26 PM    1   26.26    0.00    0.00    0.00    0.00    0.00    0.00    0.00    0.00   73.74

06:39:26 PM  CPU    %usr   %nice    %sys %iowait    %irq   %soft  %steal  %guest  %gnice   %idle
06:39:27 PM    0   20.62    0.00    2.06    0.00    0.00    0.00    0.00    0.00    0.00   77.32
06:39:27 PM    1   20.59    0.00    4.90    2.94    0.00    0.00    0.00    0.00    0.00   71.57

06:39:27 PM  CPU    %usr   %nice    %sys %iowait    %irq   %soft  %steal  %guest  %gnice   %idle
06:39:28 PM    0   30.69    0.00    0.00    0.00    0.00    1.98    0.00    0.00    0.00   67.33
06:39:28 PM    1   23.23    0.00    2.02    0.00    0.00    0.00    0.00    0.00    0.00   74.75

06:39:28 PM  CPU    %usr   %nice    %sys %iowait    %irq   %soft  %steal  %guest  %gnice   %idle
06:39:29 PM    0   20.00    0.00    1.90    0.00    0.00    3.81    0.00    0.00    0.00   74.29
06:39:29 PM    1   25.00    0.00    2.00    0.00    0.00    1.00    0.00    0.00    0.00   72.00

06:39:29 PM  CPU    %usr   %nice    %sys %iowait    %irq   %soft  %steal  %guest  %gnice   %idle
06:39:30 PM    0   47.06    0.00    4.90    0.00    0.00    1.96    0.00    0.00    0.00   46.08
06:39:30 PM    1   20.00    0.00    2.86    0.00    0.00    4.76    0.00    0.00    0.00   72.38

06:39:30 PM  CPU    %usr   %nice    %sys %iowait    %irq   %soft  %steal  %guest  %gnice   %idle
06:39:31 PM    0   17.82    0.00    3.96    0.00    0.00    3.96    0.00    0.00    0.00   74.26
06:39:31 PM    1   16.67    0.00    3.92    0.00    0.00    1.96    0.00    0.00    0.00   77.45

06:39:31 PM  CPU    %usr   %nice    %sys %iowait    %irq   %soft  %steal  %guest  %gnice   %idle
06:39:32 PM    0   23.30    0.00    4.85    0.00    0.00    3.88    0.00    0.00    0.00   67.96
06:39:32 PM    1   26.17    0.00    3.74    0.00    0.00    2.80    0.00    0.00    0.00   67.29

06:39:32 PM  CPU    %usr   %nice    %sys %iowait    %irq   %soft  %steal  %guest  %gnice   %idle
06:39:33 PM    0   18.00    0.00    7.00    0.00    0.00    2.00    0.00    0.00    0.00   73.00
06:39:33 PM    1   19.61    0.00    1.96    0.00    0.00    1.96    0.00    0.00    0.00   76.47

06:39:33 PM  CPU    %usr   %nice    %sys %iowait    %irq   %soft  %steal  %guest  %gnice   %idle
06:39:34 PM    0   27.18    0.00    1.94    0.00    0.00    4.85    0.00    0.00    0.00   66.02
06:39:34 PM    1   18.37    0.00    1.02    0.00    0.00    1.02    0.00    0.00    0.00   79.59

06:39:34 PM  CPU    %usr   %nice    %sys %iowait    %irq   %soft  %steal  %guest  %gnice   %idle
06:39:35 PM    0   19.80    0.00    4.95    0.00    0.00    2.97    0.00    0.00    0.00   72.28
06:39:35 PM    1   16.67    0.00    0.98    0.00    0.00    0.98    0.00    0.00    0.00   81.37

06:39:35 PM  CPU    %usr   %nice    %sys %iowait    %irq   %soft  %steal  %guest  %gnice   %idle
06:39:36 PM    0   17.82    0.00    4.95    0.00    0.00    3.96    0.00    0.00    0.00   73.27
06:39:36 PM    1   15.31    0.00    1.02    0.00    0.00    1.02    0.00    0.00    0.00   82.65

06:39:36 PM  CPU    %usr   %nice    %sys %iowait    %irq   %soft  %steal  %guest  %gnice   %idle
06:39:37 PM    0   14.02    0.00    1.87    0.00    0.00    3.74    0.00    0.00    0.00   80.37
06:39:37 PM    1   23.23    0.00    6.06    0.00    0.00    0.00    0.00    0.00    0.00   70.71

06:39:37 PM  CPU    %usr   %nice    %sys %iowait    %irq   %soft  %steal  %guest  %gnice   %idle
06:39:38 PM    0   20.39    0.00    0.97    0.00    0.00    2.91    0.00    0.00    0.00   75.73
06:39:38 PM    1   18.63    0.00    4.90    0.00    0.00    1.96    0.00    0.00    0.00   74.51

06:39:38 PM  CPU    %usr   %nice    %sys %iowait    %irq   %soft  %steal  %guest  %gnice   %idle
06:39:39 PM    0   24.00    0.00    9.00    0.00    0.00    1.00    0.00    0.00    0.00   66.00
06:39:39 PM    1   22.22    0.00    0.00    0.00    0.00    0.00    0.00    0.00    0.00   77.78

06:39:39 PM  CPU    %usr   %nice    %sys %iowait    %irq   %soft  %steal  %guest  %gnice   %idle
06:39:40 PM    0   11.54    0.00    1.92    0.00    0.00    2.88    0.00    0.00    0.00   83.65
06:39:40 PM    1   19.23    0.00    2.88    0.00    0.00    1.92    0.00    0.00    0.00   75.96

06:39:40 PM  CPU    %usr   %nice    %sys %iowait    %irq   %soft  %steal  %guest  %gnice   %idle
06:39:41 PM    0   21.00    0.00    0.00    0.00    0.00    3.00    0.00    0.00    0.00   76.00
06:39:41 PM    1   19.00    0.00    1.00    0.00    0.00    0.00    0.00    0.00    0.00   80.00

06:39:41 PM  CPU    %usr   %nice    %sys %iowait    %irq   %soft  %steal  %guest  %gnice   %idle
06:39:42 PM    0   13.46    0.00    2.88    0.00    0.00    2.88    0.00    0.00    0.00   80.77
06:39:42 PM    1   17.48    0.00    0.00    0.00    0.00    0.97    0.00    0.00    0.00   81.55

06:39:42 PM  CPU    %usr   %nice    %sys %iowait    %irq   %soft  %steal  %guest  %gnice   %idle
06:39:43 PM    0   13.73    0.00    4.90    0.00    0.00    2.94    0.00    0.00    0.00   78.43
06:39:43 PM    1   11.22    0.00    3.06    0.00    0.00    0.00    0.00    0.00    0.00   85.71

06:39:43 PM  CPU    %usr   %nice    %sys %iowait    %irq   %soft  %steal  %guest  %gnice   %idle
06:39:44 PM    0   11.76    0.00    0.98    0.00    0.00    3.92    0.00    0.00    0.00   83.33
06:39:44 PM    1   14.85    0.00    2.97    0.00    0.00    0.99    0.00    0.00    0.00   81.19

06:39:44 PM  CPU    %usr   %nice    %sys %iowait    %irq   %soft  %steal  %guest  %gnice   %idle
06:39:45 PM    0   21.57    0.00    4.90    0.00    0.00    1.96    0.00    0.00    0.00   71.57
06:39:45 PM    1   16.83    0.00    1.98    0.00    0.00    1.98    0.00    0.00    0.00   79.21

06:39:45 PM  CPU    %usr   %nice    %sys %iowait    %irq   %soft  %steal  %guest  %gnice   %idle
06:39:46 PM    0   13.00    0.00    6.00    0.00    0.00    3.00    0.00    0.00    0.00   78.00
06:39:46 PM    1   15.84    0.00    0.00    0.00    0.00    0.00    0.00    0.00    0.00   84.16

06:39:46 PM  CPU    %usr   %nice    %sys %iowait    %irq   %soft  %steal  %guest  %gnice   %idle
06:39:47 PM    0   13.86    0.00    0.00    0.00    0.00    2.97    0.00    0.00    0.00   83.17
06:39:47 PM    1   21.05    0.00    0.00    0.00    0.00    0.00    0.00    0.00    0.00   78.95

06:39:47 PM  CPU    %usr   %nice    %sys %iowait    %irq   %soft  %steal  %guest  %gnice   %idle
06:39:48 PM    0    7.62    0.00    3.81    0.00    0.00    5.71    0.00    0.00    0.00   82.86
06:39:48 PM    1   13.59    0.00    0.97    0.00    0.00    1.94    0.00    0.00    0.00   83.50

06:39:48 PM  CPU    %usr   %nice    %sys %iowait    %irq   %soft  %steal  %guest  %gnice   %idle
06:39:49 PM    0   13.13    0.00    2.02    0.00    0.00    2.02    0.00    0.00    0.00   82.83
06:39:49 PM    1   22.55    0.00    4.90    0.00    0.00    1.96    0.00    0.00    0.00   70.59

06:39:49 PM  CPU    %usr   %nice    %sys %iowait    %irq   %soft  %steal  %guest  %gnice   %idle
06:39:50 PM    0   17.82    0.00    1.98    0.00    0.00    0.99    0.00    0.00    0.00   79.21
06:39:50 PM    1   19.19    0.00    1.01    0.00    0.00    0.00    0.00    0.00    0.00   79.80

06:39:50 PM  CPU    %usr   %nice    %sys %iowait    %irq   %soft  %steal  %guest  %gnice   %idle
06:39:51 PM    0   15.09    0.00    3.77    0.00    0.00    4.72    0.00    0.00    0.00   76.42
06:39:51 PM    1   13.59    0.00    0.97    0.00    0.00    2.91    0.00    0.00    0.00   82.52

06:39:51 PM  CPU    %usr   %nice    %sys %iowait    %irq   %soft  %steal  %guest  %gnice   %idle
06:39:52 PM    0   29.00    0.00    8.00    0.00    0.00    0.00    0.00    0.00    0.00   63.00
06:39:52 PM    1   29.70    0.00    4.95    0.00    0.00    0.99    0.00    0.00    0.00   64.36

06:39:52 PM  CPU    %usr   %nice    %sys %iowait    %irq   %soft  %steal  %guest  %gnice   %idle
06:39:53 PM    0   11.43    0.00    1.90    0.00    0.00    1.90    0.00    0.00    0.00   84.76
06:39:53 PM    1    9.00    0.00    1.00    0.00    0.00    2.00    0.00    0.00    0.00   88.00

06:39:53 PM  CPU    %usr   %nice    %sys %iowait    %irq   %soft  %steal  %guest  %gnice   %idle
06:39:54 PM    0   27.72    0.00   11.88    0.00    0.00    2.97    0.00    0.00    0.00   57.43
06:39:54 PM    1   12.50    0.00    2.88    0.00    0.00    1.92    0.00    0.00    0.00   82.69

06:39:54 PM  CPU    %usr   %nice    %sys %iowait    %irq   %soft  %steal  %guest  %gnice   %idle
06:39:55 PM    0   18.63    0.00    3.92    0.00    0.00    0.98    0.00    0.00    0.00   76.47
06:39:55 PM    1    8.00    0.00    1.00    0.00    0.00    2.00    0.00    0.00    0.00   89.00

06:39:55 PM  CPU    %usr   %nice    %sys %iowait    %irq   %soft  %steal  %guest  %gnice   %idle
06:39:56 PM    0   29.41    0.00    1.96    0.00    0.00    1.96    0.00    0.00    0.00   66.67
06:39:56 PM    1   12.24    0.00    6.12    0.00    0.00    3.06    0.00    0.00    0.00   78.57

06:39:56 PM  CPU    %usr   %nice    %sys %iowait    %irq   %soft  %steal  %guest  %gnice   %idle
06:39:57 PM    0   31.07    0.00    3.88    3.88    0.00    0.97    0.00    0.00    0.00   60.19
06:39:57 PM    1    5.83    0.00    1.94    2.91    0.00    4.85    0.00    0.00    0.00   84.47

06:39:57 PM  CPU    %usr   %nice    %sys %iowait    %irq   %soft  %steal  %guest  %gnice   %idle
06:39:58 PM    0    8.82    0.00    0.98    0.00    0.00    2.94    0.00    0.00    0.00   87.25
06:39:58 PM    1   17.82    0.00    2.97    0.00    0.00    0.00    0.00    0.00    0.00   79.21

06:39:58 PM  CPU    %usr   %nice    %sys %iowait    %irq   %soft  %steal  %guest  %gnice   %idle
06:39:59 PM    0   16.82    0.00    1.87    0.00    0.00    5.61    0.00    0.00    0.00   75.70
06:39:59 PM    1   21.78    0.00    2.97    0.00    0.00    0.99    0.00    0.00    0.00   74.26

06:39:59 PM  CPU    %usr   %nice    %sys %iowait    %irq   %soft  %steal  %guest  %gnice   %idle
06:40:00 PM    0   17.48    0.00    3.88    0.00    0.00    1.94    0.00    0.00    0.00   76.70
06:40:00 PM    1   17.65    0.00    2.94    2.94    0.00    1.96    0.00    0.00    0.00   74.51

06:40:00 PM  CPU    %usr   %nice    %sys %iowait    %irq   %soft  %steal  %guest  %gnice   %idle
06:40:01 PM    0   26.73    0.00    1.98    0.00    0.00    1.98    0.00    0.00    0.00   69.31
06:40:01 PM    1   12.75    0.00    1.96    0.00    0.00    0.98    0.00    0.00    0.00   84.31

06:40:01 PM  CPU    %usr   %nice    %sys %iowait    %irq   %soft  %steal  %guest  %gnice   %idle
06:40:02 PM    0   14.02    0.00    6.54    0.00    0.00    3.74    0.00    0.00    0.00   75.70
06:40:02 PM    1   18.18    0.00    1.01    0.00    0.00    1.01    0.00    0.00    0.00   79.80

06:40:02 PM  CPU    %usr   %nice    %sys %iowait    %irq   %soft  %steal  %guest  %gnice   %idle
06:40:03 PM    0   29.70    0.00    4.95    0.00    0.00    0.99    0.00    0.00    0.00   64.36
06:40:03 PM    1   22.45    0.00    6.12    0.00    0.00    1.02    0.00    0.00    0.00   70.41

06:40:03 PM  CPU    %usr   %nice    %sys %iowait    %irq   %soft  %steal  %guest  %gnice   %idle
06:40:04 PM    0   27.55    0.00    5.10    6.12    0.00    0.00    0.00    0.00    0.00   61.22
06:40:04 PM    1   26.73    0.00    4.95    0.00    0.00    0.00    0.00    0.00    0.00   68.32

06:40:04 PM  CPU    %usr   %nice    %sys %iowait    %irq   %soft  %steal  %guest  %gnice   %idle
06:40:05 PM    0   13.54    0.00    4.17    0.00    0.00    1.04    0.00    0.00    0.00   81.25
06:40:05 PM    1   17.35    0.00    4.08    0.00    0.00    2.04    0.00    0.00    0.00   76.53

06:40:05 PM  CPU    %usr   %nice    %sys %iowait    %irq   %soft  %steal  %guest  %gnice   %idle
06:40:06 PM    0   19.63    0.00    0.00    0.00    0.00    3.74    0.00    0.00    0.00   76.64
06:40:06 PM    1   23.23    0.00    2.02    0.00    0.00    0.00    0.00    0.00    0.00   74.75

06:40:06 PM  CPU    %usr   %nice    %sys %iowait    %irq   %soft  %steal  %guest  %gnice   %idle
06:40:07 PM    0   15.69    0.00    5.88    0.00    0.00    2.94    0.00    0.00    0.00   75.49
06:40:07 PM    1    6.93    0.00    0.99    0.00    0.00    2.97    0.00    0.00    0.00   89.11

06:40:07 PM  CPU    %usr   %nice    %sys %iowait    %irq   %soft  %steal  %guest  %gnice   %idle
06:40:08 PM    0   24.24    0.00    6.06    0.00    0.00    3.03    0.00    0.00    0.00   66.67
06:40:08 PM    1   24.00    0.00    8.00    0.00    0.00    1.00    0.00    0.00    0.00   67.00

06:40:08 PM  CPU    %usr   %nice    %sys %iowait    %irq   %soft  %steal  %guest  %gnice   %idle
06:40:09 PM    0   34.69    0.00    3.06    1.02    0.00    0.00    0.00    0.00    0.00   61.22
06:40:09 PM    1   10.68    0.00    2.91    0.00    0.00    4.85    0.00    0.00    0.00   81.55

06:40:09 PM  CPU    %usr   %nice    %sys %iowait    %irq   %soft  %steal  %guest  %gnice   %idle
06:40:10 PM    0    9.62    0.00    0.96    0.00    0.00    6.73    0.00    0.00    0.00   82.69
06:40:10 PM    1   15.15    0.00    2.02    0.00    0.00    1.01    0.00    0.00    0.00   81.82

06:40:10 PM  CPU    %usr   %nice    %sys %iowait    %irq   %soft  %steal  %guest  %gnice   %idle
06:40:11 PM    0   17.65    0.00    0.98    0.00    0.00    2.94    0.00    0.00    0.00   78.43
06:40:11 PM    1   17.71    0.00    1.04    0.00    0.00    1.04    0.00    0.00    0.00   80.21

06:40:11 PM  CPU    %usr   %nice    %sys %iowait    %irq   %soft  %steal  %guest  %gnice   %idle
06:40:12 PM    0   33.01    0.00    4.85    0.00    0.00    1.94    0.00    0.00    0.00   60.19
06:40:12 PM    1   28.00    0.00    5.00    0.00    0.00    2.00    0.00    0.00    0.00   65.00

06:40:12 PM  CPU    %usr   %nice    %sys %iowait    %irq   %soft  %steal  %guest  %gnice   %idle
06:40:13 PM    0   18.45    0.00    2.91    0.00    0.00    1.94    0.00    0.00    0.00   76.70
06:40:13 PM    1   19.61    0.00    3.92    0.00    0.00    0.00    0.00    0.00    0.00   76.47

06:40:13 PM  CPU    %usr   %nice    %sys %iowait    %irq   %soft  %steal  %guest  %gnice   %idle
06:40:14 PM    0   19.42    0.00    1.94    0.00    0.00    3.88    0.00    0.00    0.00   74.76
06:40:14 PM    1   23.53    0.00    1.96    0.00    0.00    0.00    0.00    0.00    0.00   74.51

06:40:14 PM  CPU    %usr   %nice    %sys %iowait    %irq   %soft  %steal  %guest  %gnice   %idle
06:40:15 PM    0   16.00    0.00    9.00    0.00    0.00    2.00    0.00    0.00    0.00   73.00
06:40:15 PM    1    8.25    0.00    0.00    0.00    0.00    1.03    0.00    0.00    0.00   90.72

06:40:15 PM  CPU    %usr   %nice    %sys %iowait    %irq   %soft  %steal  %guest  %gnice   %idle
06:40:16 PM    0   13.46    0.00    2.88    0.00    0.00    5.77    0.00    0.00    0.00   77.88
06:40:16 PM    1   15.53    0.00    5.83    0.00    0.00    2.91    0.00    0.00    0.00   75.73

06:40:16 PM  CPU    %usr   %nice    %sys %iowait    %irq   %soft  %steal  %guest  %gnice   %idle
06:40:17 PM    0   24.76    0.00    3.81    0.00    0.00    1.90    0.00    0.00    0.00   69.52
06:40:17 PM    1   28.85    0.00    3.85    0.00    0.00    1.92    0.00    0.00    0.00   65.38

06:40:17 PM  CPU    %usr   %nice    %sys %iowait    %irq   %soft  %steal  %guest  %gnice   %idle
06:40:18 PM    0   18.81    0.00    4.95    0.00    0.00    2.97    0.00    0.00    0.00   73.27
06:40:18 PM    1   17.31    0.00    1.92    0.00    0.00    2.88    0.00    0.00    0.00   77.88

06:40:18 PM  CPU    %usr   %nice    %sys %iowait    %irq   %soft  %steal  %guest  %gnice   %idle
06:40:19 PM    0   22.64    0.00    3.77    0.00    0.00    3.77    0.00    0.00    0.00   69.81
06:40:19 PM    1   22.22    0.00    4.04    0.00    0.00    1.01    0.00    0.00    0.00   72.73

06:40:19 PM  CPU    %usr   %nice    %sys %iowait    %irq   %soft  %steal  %guest  %gnice   %idle
06:40:20 PM    0   18.00    0.00    1.00    0.00    0.00    2.00    0.00    0.00    0.00   79.00
06:40:20 PM    1   24.53    0.00    2.83    0.00    0.00    0.94    0.00    0.00    0.00   71.70

06:40:20 PM  CPU    %usr   %nice    %sys %iowait    %irq   %soft  %steal  %guest  %gnice   %idle
06:40:21 PM    0    6.00    0.00    2.00    0.00    0.00    1.00    0.00    0.00    0.00   91.00
06:40:21 PM    1   16.00    0.00    7.00    0.00    0.00    0.00    0.00    0.00    0.00   77.00

06:40:21 PM  CPU    %usr   %nice    %sys %iowait    %irq   %soft  %steal  %guest  %gnice   %idle
06:40:22 PM    0    8.57    0.00    2.86    0.00    0.00    5.71    0.00    0.00    0.00   82.86
06:40:22 PM    1   15.31    0.00    2.04    0.00    0.00    1.02    0.00    0.00    0.00   81.63

06:40:22 PM  CPU    %usr   %nice    %sys %iowait    %irq   %soft  %steal  %guest  %gnice   %idle
06:40:23 PM    0   22.64    0.00    1.89    0.00    0.00    2.83    0.00    0.00    0.00   72.64
06:40:23 PM    1   10.78    0.00    3.92    0.00    0.00    0.98    0.00    0.00    0.00   84.31

06:40:23 PM  CPU    %usr   %nice    %sys %iowait    %irq   %soft  %steal  %guest  %gnice   %idle
06:40:24 PM    0   27.18    0.00    2.91    0.00    0.00    0.97    0.00    0.00    0.00   68.93
06:40:24 PM    1   12.12    0.00    6.06    0.00    0.00    0.00    0.00    0.00    0.00   81.82

06:40:24 PM  CPU    %usr   %nice    %sys %iowait    %irq   %soft  %steal  %guest  %gnice   %idle
06:40:25 PM    0   13.86    0.00    0.99    0.00    0.00    1.98    0.00    0.00    0.00   83.17
06:40:25 PM    1   18.18    0.00    7.07    0.00    0.00    1.01    0.00    0.00    0.00   73.74

06:40:25 PM  CPU    %usr   %nice    %sys %iowait    %irq   %soft  %steal  %guest  %gnice   %idle
06:40:26 PM    0    6.60    0.00    3.77    0.00    0.00    8.49    0.00    0.00    0.00   81.13
06:40:26 PM    1   18.63    0.00    2.94    0.00    0.00    0.98    0.00    0.00    0.00   77.45

06:40:26 PM  CPU    %usr   %nice    %sys %iowait    %irq   %soft  %steal  %guest  %gnice   %idle
06:40:27 PM    0   14.15    0.00    0.94    0.00    0.00    4.72    0.00    0.00    0.00   80.19
06:40:27 PM    1    8.91    0.00    1.98    0.00    0.00    0.99    0.00    0.00    0.00   88.12

06:40:27 PM  CPU    %usr   %nice    %sys %iowait    %irq   %soft  %steal  %guest  %gnice   %idle
06:40:28 PM    0   22.55    0.00    5.88    0.00    0.00    2.94    0.00    0.00    0.00   68.63
06:40:28 PM    1   11.88    0.00    0.99    0.00    0.00    1.98    0.00    0.00    0.00   85.15

06:40:28 PM  CPU    %usr   %nice    %sys %iowait    %irq   %soft  %steal  %guest  %gnice   %idle
06:40:29 PM    0   33.98    0.00    2.91    0.00    0.00    0.97    0.00    0.00    0.00   62.14
06:40:29 PM    1   12.75    0.00    1.96    0.00    0.00    2.94    0.00    0.00    0.00   82.35

06:40:29 PM  CPU    %usr   %nice    %sys %iowait    %irq   %soft  %steal  %guest  %gnice   %idle
06:40:30 PM    0   38.38    0.00    8.08    0.00    0.00    1.01    0.00    0.00    0.00   52.53
06:40:30 PM    1    9.52    0.00    1.90    0.00    0.00    4.76    0.00    0.00    0.00   83.81

06:40:30 PM  CPU    %usr   %nice    %sys %iowait    %irq   %soft  %steal  %guest  %gnice   %idle
06:40:31 PM    0   22.00    0.00    6.00    0.00    0.00    2.00    0.00    0.00    0.00   70.00
06:40:31 PM    1   20.20    0.00    5.05    0.00    0.00    1.01    0.00    0.00    0.00   73.74

06:40:31 PM  CPU    %usr   %nice    %sys %iowait    %irq   %soft  %steal  %guest  %gnice   %idle
06:40:32 PM    0   29.70    0.00    1.98    0.00    0.00    0.99    0.00    0.00    0.00   67.33
06:40:32 PM    1   17.17    0.00    0.00    0.00    0.00    3.03    0.00    0.00    0.00   79.80

06:40:32 PM  CPU    %usr   %nice    %sys %iowait    %irq   %soft  %steal  %guest  %gnice   %idle
06:40:33 PM    0   16.16    0.00    0.00    0.00    0.00    2.02    0.00    0.00    0.00   81.82
06:40:33 PM    1   24.51    0.00    5.88    0.00    0.00    0.98    0.00    0.00    0.00   68.63

06:40:33 PM  CPU    %usr   %nice    %sys %iowait    %irq   %soft  %steal  %guest  %gnice   %idle
06:40:34 PM    0   11.88    0.00    0.99    0.00    0.00    4.95    0.00    0.00    0.00   82.18
06:40:34 PM    1   26.00    0.00    4.00    0.00    0.00    0.00    0.00    0.00    0.00   70.00

06:40:34 PM  CPU    %usr   %nice    %sys %iowait    %irq   %soft  %steal  %guest  %gnice   %idle
06:40:35 PM    0   21.90    0.00    4.76    0.00    0.00    1.90    0.00    0.00    0.00   71.43
06:40:35 PM    1   21.00    0.00    2.00    0.00    0.00    2.00    0.00    0.00    0.00   75.00

06:40:35 PM  CPU    %usr   %nice    %sys %iowait    %irq   %soft  %steal  %guest  %gnice   %idle
06:40:36 PM    0   37.37    0.00    6.06    0.00    0.00    1.01    0.00    0.00    0.00   55.56
06:40:36 PM    1   44.00    0.00    4.00    2.00    0.00    0.00    0.00    0.00    0.00   50.00

06:40:36 PM  CPU    %usr   %nice    %sys %iowait    %irq   %soft  %steal  %guest  %gnice   %idle
06:40:37 PM    0   20.75    0.00    6.60    0.00    0.00    2.83    0.00    0.00    0.00   69.81
06:40:37 PM    1   18.27    0.00    2.88    0.00    0.00    1.92    0.00    0.00    0.00   76.92

06:40:37 PM  CPU    %usr   %nice    %sys %iowait    %irq   %soft  %steal  %guest  %gnice   %idle
06:40:38 PM    0   21.78    0.00    3.96    0.00    0.00    0.99    0.00    0.00    0.00   73.27
06:40:38 PM    1   25.96    0.00    3.85    0.00    0.00    1.92    0.00    0.00    0.00   68.27

06:40:38 PM  CPU    %usr   %nice    %sys %iowait    %irq   %soft  %steal  %guest  %gnice   %idle
06:40:39 PM    0   41.58    0.00    0.99    0.00    0.00    1.98    0.00    0.00    0.00   55.45
06:40:39 PM    1   12.75    0.00    2.94    0.98    0.00    2.94    0.00    0.00    0.00   80.39

06:40:39 PM  CPU    %usr   %nice    %sys %iowait    %irq   %soft  %steal  %guest  %gnice   %idle
06:40:40 PM    0    6.60    0.00    5.66    0.00    0.00    2.83    0.00    0.00    0.00   84.91
06:40:40 PM    1   20.41    0.00    0.00    0.00    0.00    0.00    0.00    0.00    0.00   79.59

06:40:40 PM  CPU    %usr   %nice    %sys %iowait    %irq   %soft  %steal  %guest  %gnice   %idle
06:40:41 PM    0   13.27    0.00    5.10    0.00    0.00    1.02    0.00    0.00    0.00   80.61
06:40:41 PM    1   19.42    0.00    1.94    0.00    0.00    0.97    0.00    0.00    0.00   77.67

06:40:41 PM  CPU    %usr   %nice    %sys %iowait    %irq   %soft  %steal  %guest  %gnice   %idle
06:40:42 PM    0   13.73    0.00    4.90    5.88    0.00    2.94    0.00    0.00    0.00   72.55
06:40:42 PM    1   26.73    0.00    2.97    0.00    0.00    0.00    0.00    0.00    0.00   70.30

06:40:42 PM  CPU    %usr   %nice    %sys %iowait    %irq   %soft  %steal  %guest  %gnice   %idle
06:40:43 PM    0    7.41    0.00    0.93    0.00    0.00    6.48    0.00    0.00    0.00   85.19
06:40:43 PM    1   16.67    0.00    1.96    0.00    0.00    0.00    0.00    0.00    0.00   81.37

06:40:43 PM  CPU    %usr   %nice    %sys %iowait    %irq   %soft  %steal  %guest  %gnice   %idle
06:40:44 PM    0   22.55    0.00    2.94    2.94    0.00    0.98    0.00    0.00    0.00   70.59
06:40:44 PM    1   10.89    0.00    1.98    0.00    0.00    2.97    0.00    0.00    0.00   84.16

06:40:44 PM  CPU    %usr   %nice    %sys %iowait    %irq   %soft  %steal  %guest  %gnice   %idle
06:40:45 PM    0   19.05    0.00    2.86    0.00    0.00    5.71    0.00    0.00    0.00   72.38
06:40:45 PM    1   20.00    0.00    2.00    0.00    0.00    1.00    0.00    0.00    0.00   77.00

06:40:45 PM  CPU    %usr   %nice    %sys %iowait    %irq   %soft  %steal  %guest  %gnice   %idle
06:40:46 PM    0   10.89    0.00    0.99    0.00    0.00    2.97    0.00    0.00    0.00   85.15
06:40:46 PM    1   16.00    0.00    1.00    0.00    0.00    0.00    0.00    0.00    0.00   83.00

06:40:46 PM  CPU    %usr   %nice    %sys %iowait    %irq   %soft  %steal  %guest  %gnice   %idle
06:40:47 PM    0   52.94    0.00    1.96    0.00    0.00    0.98    0.00    0.00    0.00   44.12
06:40:47 PM    1   19.80    0.00    4.95    0.00    0.00    1.98    0.00    0.00    0.00   73.27

06:40:47 PM  CPU    %usr   %nice    %sys %iowait    %irq   %soft  %steal  %guest  %gnice   %idle
06:40:48 PM    0   19.42    0.00    2.91    0.00    0.00    0.97    0.00    0.00    0.00   76.70
06:40:48 PM    1   16.35    0.00    1.92    0.00    0.00    0.96    0.00    0.00    0.00   80.77

06:40:48 PM  CPU    %usr   %nice    %sys %iowait    %irq   %soft  %steal  %guest  %gnice   %idle
06:40:49 PM    0   11.88    0.00    0.99    0.00    0.00    2.97    0.00    0.00    0.00   84.16
06:40:49 PM    1   18.00    0.00    1.00    0.00    0.00    1.00    0.00    0.00    0.00   80.00

06:40:49 PM  CPU    %usr   %nice    %sys %iowait    %irq   %soft  %steal  %guest  %gnice   %idle
06:40:50 PM    0   15.53    0.00    2.91    0.00    0.00    1.94    0.00    0.00    0.00   79.61
06:40:50 PM    1   16.19    0.00    3.81    0.00    0.00    0.95    0.00    0.00    0.00   79.05

06:40:50 PM  CPU    %usr   %nice    %sys %iowait    %irq   %soft  %steal  %guest  %gnice   %idle
06:40:51 PM    0   20.59    0.00    3.92    0.00    0.00    2.94    0.00    0.00    0.00   72.55
06:40:51 PM    1   29.70    0.00    1.98    0.00    0.00    0.99    0.00    0.00    0.00   67.33

06:40:51 PM  CPU    %usr   %nice    %sys %iowait    %irq   %soft  %steal  %guest  %gnice   %idle
06:40:52 PM    0   17.82    0.00    2.97    0.00    0.00    0.99    0.00    0.00    0.00   78.22
06:40:52 PM    1   20.41    0.00    5.10    0.00    0.00    0.00    0.00    0.00    0.00   74.49

06:40:52 PM  CPU    %usr   %nice    %sys %iowait    %irq   %soft  %steal  %guest  %gnice   %idle
06:40:53 PM    0   20.19    0.00    1.92    0.00    0.00    1.92    0.00    0.00    0.00   75.96
06:40:53 PM    1   12.75    0.00    4.90    0.00    0.00    1.96    0.00    0.00    0.00   80.39

06:40:53 PM  CPU    %usr   %nice    %sys %iowait    %irq   %soft  %steal  %guest  %gnice   %idle
06:40:54 PM    0   15.79    0.00    2.11    0.00    0.00    1.05    0.00    0.00    0.00   81.05
06:40:54 PM    1   21.00    0.00    2.00    0.00    0.00    0.00    0.00    0.00    0.00   77.00

06:40:54 PM  CPU    %usr   %nice    %sys %iowait    %irq   %soft  %steal  %guest  %gnice   %idle
06:40:55 PM    0    4.85    0.00    1.94    0.00    0.00    3.88    0.00    0.00    0.00   89.32
06:40:55 PM    1   14.00    0.00    6.00    0.00    0.00    2.00    0.00    0.00    0.00   78.00

06:40:55 PM  CPU    %usr   %nice    %sys %iowait    %irq   %soft  %steal  %guest  %gnice   %idle
06:40:56 PM    0   15.84    0.00    0.00    0.00    0.00    5.94    0.00    0.00    0.00   78.22
06:40:56 PM    1   11.88    0.00    1.98    0.00    0.00    1.98    0.00    0.00    0.00   84.16

06:40:56 PM  CPU    %usr   %nice    %sys %iowait    %irq   %soft  %steal  %guest  %gnice   %idle
06:40:57 PM    0    7.55    0.00    0.00    0.00    0.00    6.60    0.00    0.00    0.00   85.85
06:40:57 PM    1   13.59    0.00    2.91    0.00    0.00    0.00    0.00    0.00    0.00   83.50

06:40:57 PM  CPU    %usr   %nice    %sys %iowait    %irq   %soft  %steal  %guest  %gnice   %idle
06:40:58 PM    0    9.09    0.00    3.03    0.00    0.00    2.02    0.00    0.00    0.00   85.86
06:40:58 PM    1   21.21    0.00    0.00    0.00    0.00    0.00    0.00    0.00    0.00   78.79

06:40:58 PM  CPU    %usr   %nice    %sys %iowait    %irq   %soft  %steal  %guest  %gnice   %idle
06:40:59 PM    0   11.88    0.00    3.96    0.00    0.00    2.97    0.00    0.00    0.00   81.19
06:40:59 PM    1   17.48    0.00    1.94    0.00    0.00    2.91    0.00    0.00    0.00   77.67

06:40:59 PM  CPU    %usr   %nice    %sys %iowait    %irq   %soft  %steal  %guest  %gnice   %idle
06:41:00 PM    0   14.85    0.00    2.97    0.00    0.00    2.97    0.00    0.00    0.00   79.21
06:41:00 PM    1   22.77    0.00    2.97    0.00    0.00    0.99    0.00    0.00    0.00   73.27

06:41:00 PM  CPU    %usr   %nice    %sys %iowait    %irq   %soft  %steal  %guest  %gnice   %idle
06:41:01 PM    0    9.35    0.00    0.93    0.00    0.00    7.48    0.00    0.00    0.00   82.24
06:41:01 PM    1   14.29    0.00    1.90    0.00    0.00    0.95    0.00    0.00    0.00   82.86

06:41:01 PM  CPU    %usr   %nice    %sys %iowait    %irq   %soft  %steal  %guest  %gnice   %idle
06:41:02 PM    0   20.19    0.00    0.96    0.96    0.00    3.85    0.00    0.00    0.00   74.04
06:41:02 PM    1   19.00    0.00    1.00    0.00    0.00    1.00    0.00    0.00    0.00   79.00

06:41:02 PM  CPU    %usr   %nice    %sys %iowait    %irq   %soft  %steal  %guest  %gnice   %idle
06:41:03 PM    0   23.36    0.00    0.93    0.00    0.00    2.80    0.00    0.00    0.00   72.90
06:41:03 PM    1   18.00    0.00    1.00    1.00    0.00    0.00    0.00    0.00    0.00   80.00

06:41:03 PM  CPU    %usr   %nice    %sys %iowait    %irq   %soft  %steal  %guest  %gnice   %idle
06:41:04 PM    0   12.75    0.00    6.86    0.00    0.00    3.92    0.00    0.00    0.00   76.47
06:41:04 PM    1   21.21    0.00    4.04    0.00    0.00    0.00    0.00    0.00    0.00   74.75

06:41:04 PM  CPU    %usr   %nice    %sys %iowait    %irq   %soft  %steal  %guest  %gnice   %idle
06:41:05 PM    0   21.21    0.00    0.00    0.00    0.00    3.03    0.00    0.00    0.00   75.76
06:41:05 PM    1   19.61    0.00    0.98    0.00    0.00    1.96    0.00    0.00    0.00   77.45

06:41:05 PM  CPU    %usr   %nice    %sys %iowait    %irq   %soft  %steal  %guest  %gnice   %idle
06:41:06 PM    0   16.00    0.00    5.00    0.00    0.00    1.00    0.00    0.00    0.00   78.00
06:41:06 PM    1   27.18    0.00    0.97    0.00    0.00    0.97    0.00    0.00    0.00   70.87

06:41:06 PM  CPU    %usr   %nice    %sys %iowait    %irq   %soft  %steal  %guest  %gnice   %idle
06:41:07 PM    0   23.58    0.00    0.94    1.89    0.00    7.55    0.00    0.00    0.00   66.04
06:41:07 PM    1   21.00    0.00    4.00    0.00    0.00    1.00    0.00    0.00    0.00   74.00

06:41:07 PM  CPU    %usr   %nice    %sys %iowait    %irq   %soft  %steal  %guest  %gnice   %idle
06:41:08 PM    0   16.67    0.00    8.82    0.00    0.00    1.96    0.00    0.00    0.00   72.55
06:41:08 PM    1    7.84    0.00    1.96    0.00    0.00    1.96    0.00    0.00    0.00   88.24

06:41:08 PM  CPU    %usr   %nice    %sys %iowait    %irq   %soft  %steal  %guest  %gnice   %idle
06:41:09 PM    0   22.55    0.00    7.84    0.00    0.00    1.96    0.00    0.00    0.00   67.65
06:41:09 PM    1    5.88    0.00    6.86    0.00    0.00    2.94    0.00    0.00    0.00   84.31

06:41:09 PM  CPU    %usr   %nice    %sys %iowait    %irq   %soft  %steal  %guest  %gnice   %idle
06:41:10 PM    0   12.87    0.00    3.96    0.00    0.00    1.98    0.00    0.00    0.00   81.19
06:41:10 PM    1   15.84    0.00    2.97    0.00    0.00    0.99    0.00    0.00    0.00   80.20

06:41:10 PM  CPU    %usr   %nice    %sys %iowait    %irq   %soft  %steal  %guest  %gnice   %idle
06:41:11 PM    0    7.62    0.00    0.95    0.00    0.00    5.71    0.00    0.00    0.00   85.71
06:41:11 PM    1   25.24    0.00    0.97    0.00    0.00    0.00    0.00    0.00    0.00   73.79

06:41:11 PM  CPU    %usr   %nice    %sys %iowait    %irq   %soft  %steal  %guest  %gnice   %idle
06:41:12 PM    0   15.38    0.00    2.88    1.92    0.00    2.88    0.00    0.00    0.00   76.92
06:41:12 PM    1   14.85    0.00    1.98    0.00    0.00    1.98    0.00    0.00    0.00   81.19

06:41:12 PM  CPU    %usr   %nice    %sys %iowait    %irq   %soft  %steal  %guest  %gnice   %idle
06:41:13 PM    0   10.10    0.00    1.01    0.00    0.00    1.01    0.00    0.00    0.00   87.88
06:41:13 PM    1   15.69    0.00    1.96    0.00    0.00    0.98    0.00    0.00    0.00   81.37

06:41:13 PM  CPU    %usr   %nice    %sys %iowait    %irq   %soft  %steal  %guest  %gnice   %idle
06:41:14 PM    0   21.57    0.00    2.94    0.00    0.00    3.92    0.00    0.00    0.00   71.57
06:41:14 PM    1   36.63    0.00    1.98    0.00    0.00    0.99    0.00    0.00    0.00   60.40

06:41:14 PM  CPU    %usr   %nice    %sys %iowait    %irq   %soft  %steal  %guest  %gnice   %idle
06:41:15 PM    0   21.15    0.00    4.81    0.00    0.00    1.92    0.00    0.00    0.00   72.12
06:41:15 PM    1   33.01    0.00    1.94    0.00    0.00    1.94    0.00    0.00    0.00   63.11

Average:     CPU    %usr   %nice    %sys %iowait    %irq   %soft  %steal  %guest  %gnice   %idle
Average:       0   19.29    0.00    3.25    0.20    0.00    2.85    0.00    0.00    0.00   74.41
Average:       1   19.08    0.00    2.71    0.12    0.00    1.29    0.00    0.00    0.00   76.80
