Linux 5.3.0-59-generic (ericmei) 	06/29/2020 	_x86_64_	(12 CPU)

06:41:52 PM  CPU    %usr   %nice    %sys %iowait    %irq   %soft  %steal  %guest  %gnice   %idle
06:41:54 PM    0   54.64    0.00   21.65    0.00    0.00    3.09    0.00    0.00    0.00   20.62
06:41:54 PM    1   49.46    0.00   17.20    0.00    0.00    1.08    0.00    0.00    0.00   32.26

06:41:54 PM  CPU    %usr   %nice    %sys %iowait    %irq   %soft  %steal  %guest  %gnice   %idle
06:41:55 PM    0   46.39    0.00   19.59    0.00    0.00    5.15    0.00    0.00    0.00   28.87
06:41:55 PM    1   38.20    0.00   14.61    0.00    0.00    2.25    0.00    0.00    0.00   44.94

06:41:55 PM  CPU    %usr   %nice    %sys %iowait    %irq   %soft  %steal  %guest  %gnice   %idle
06:41:56 PM    0   47.92    0.00   19.79    0.00    0.00    6.25    0.00    0.00    0.00   26.04
06:41:56 PM    1   45.26    0.00   20.00    0.00    0.00    4.21    0.00    0.00    0.00   30.53

06:41:56 PM  CPU    %usr   %nice    %sys %iowait    %irq   %soft  %steal  %guest  %gnice   %idle
06:41:57 PM    0   45.92    0.00   18.37    0.00    0.00    5.10    0.00    0.00    0.00   30.61
06:41:57 PM    1   39.77    0.00   15.91    0.00    0.00    2.27    0.00    0.00    0.00   42.05

06:41:57 PM  CPU    %usr   %nice    %sys %iowait    %irq   %soft  %steal  %guest  %gnice   %idle
06:41:58 PM    0   47.37    0.00   21.05    0.00    0.00    3.16    0.00    0.00    0.00   28.42
06:41:58 PM    1   35.48    0.00   23.66    0.00    0.00    3.23    0.00    0.00    0.00   37.63

06:41:58 PM  CPU    %usr   %nice    %sys %iowait    %irq   %soft  %steal  %guest  %gnice   %idle
06:41:59 PM    0   44.79    0.00   17.71    0.00    0.00    5.21    0.00    0.00    0.00   32.29
06:41:59 PM    1   38.30    0.00   15.96    0.00    0.00    5.32    0.00    0.00    0.00   40.43

06:41:59 PM  CPU    %usr   %nice    %sys %iowait    %irq   %soft  %steal  %guest  %gnice   %idle
06:42:00 PM    0   41.49    0.00   19.15    0.00    0.00    6.38    0.00    0.00    0.00   32.98
06:42:00 PM    1   32.58    0.00   17.98    0.00    0.00    3.37    0.00    0.00    0.00   46.07

06:42:00 PM  CPU    %usr   %nice    %sys %iowait    %irq   %soft  %steal  %guest  %gnice   %idle
06:42:01 PM    0   55.56    0.00   24.24    0.00    0.00    5.05    0.00    0.00    0.00   15.15
06:42:01 PM    1   47.83    0.00   17.39    0.00    0.00    2.17    0.00    0.00    0.00   32.61

06:42:01 PM  CPU    %usr   %nice    %sys %iowait    %irq   %soft  %steal  %guest  %gnice   %idle
06:42:02 PM    0   44.90    0.00   19.39    0.00    0.00    4.08    0.00    0.00    0.00   31.63
06:42:02 PM    1   35.23    0.00   17.05    0.00    0.00    1.14    0.00    0.00    0.00   46.59

06:42:02 PM  CPU    %usr   %nice    %sys %iowait    %irq   %soft  %steal  %guest  %gnice   %idle
06:42:03 PM    0   40.62    0.00   21.88    0.00    0.00    3.12    0.00    0.00    0.00   34.38
06:42:03 PM    1   34.44    0.00   16.67    0.00    0.00    1.11    0.00    0.00    0.00   47.78

06:42:03 PM  CPU    %usr   %nice    %sys %iowait    %irq   %soft  %steal  %guest  %gnice   %idle
06:42:04 PM    0   46.94    0.00   21.43    0.00    0.00    4.08    0.00    0.00    0.00   27.55
06:42:04 PM    1   41.30    0.00   18.48    0.00    0.00    0.00    0.00    0.00    0.00   40.22

06:42:04 PM  CPU    %usr   %nice    %sys %iowait    %irq   %soft  %steal  %guest  %gnice   %idle
06:42:05 PM    0   38.89    0.00   18.89    0.00    0.00    3.33    0.00    0.00    0.00   38.89
06:42:05 PM    1   36.26    0.00   12.09    0.00    0.00    3.30    0.00    0.00    0.00   48.35

06:42:05 PM  CPU    %usr   %nice    %sys %iowait    %irq   %soft  %steal  %guest  %gnice   %idle
06:42:06 PM    0   43.30    0.00   18.56    0.00    0.00    3.09    0.00    0.00    0.00   35.05
06:42:06 PM    1   36.17    0.00   13.83    0.00    0.00    5.32    0.00    0.00    0.00   44.68

06:42:06 PM  CPU    %usr   %nice    %sys %iowait    %irq   %soft  %steal  %guest  %gnice   %idle
06:42:07 PM    0   46.46    0.00   17.17    1.01    0.00    5.05    0.00    0.00    0.00   30.30
06:42:07 PM    1   39.53    0.00   10.47    0.00    0.00    3.49    0.00    0.00    0.00   46.51

06:42:07 PM  CPU    %usr   %nice    %sys %iowait    %irq   %soft  %steal  %guest  %gnice   %idle
06:42:08 PM    0   46.67    0.00   18.89    0.00    0.00    2.22    0.00    0.00    0.00   32.22
06:42:08 PM    1   36.96    0.00   18.48    0.00    0.00    3.26    0.00    0.00    0.00   41.30

06:42:08 PM  CPU    %usr   %nice    %sys %iowait    %irq   %soft  %steal  %guest  %gnice   %idle
06:42:09 PM    0   50.00    0.00   15.31    0.00    0.00    5.10    0.00    0.00    0.00   29.59
06:42:09 PM    1   38.64    0.00   15.91    0.00    0.00    2.27    0.00    0.00    0.00   43.18

06:42:09 PM  CPU    %usr   %nice    %sys %iowait    %irq   %soft  %steal  %guest  %gnice   %idle
06:42:10 PM    0   41.00    0.00   24.00    0.00    0.00    3.00    0.00    0.00    0.00   32.00
06:42:10 PM    1   35.87    0.00   15.22    0.00    0.00    5.43    0.00    0.00    0.00   43.48

06:42:10 PM  CPU    %usr   %nice    %sys %iowait    %irq   %soft  %steal  %guest  %gnice   %idle
06:42:11 PM    0   40.00    0.00   18.95    0.00    0.00    5.26    0.00    0.00    0.00   35.79
06:42:11 PM    1   44.21    0.00   12.63    0.00    0.00    3.16    0.00    0.00    0.00   40.00

06:42:11 PM  CPU    %usr   %nice    %sys %iowait    %irq   %soft  %steal  %guest  %gnice   %idle
06:42:12 PM    0   44.79    0.00   17.71    0.00    0.00    3.12    0.00    0.00    0.00   34.38
06:42:12 PM    1   35.56    0.00   13.33    0.00    0.00    4.44    0.00    0.00    0.00   46.67

06:42:12 PM  CPU    %usr   %nice    %sys %iowait    %irq   %soft  %steal  %guest  %gnice   %idle
06:42:13 PM    0   43.62    0.00   15.96    0.00    0.00    4.26    0.00    0.00    0.00   36.17
06:42:13 PM    1   37.08    0.00   16.85    0.00    0.00    1.12    0.00    0.00    0.00   44.94

06:42:13 PM  CPU    %usr   %nice    %sys %iowait    %irq   %soft  %steal  %guest  %gnice   %idle
06:42:14 PM    0   40.66    0.00   21.98    0.00    0.00    4.40    0.00    0.00    0.00   32.97
06:42:14 PM    1   36.67    0.00   21.11    0.00    0.00    3.33    0.00    0.00    0.00   38.89

06:42:14 PM  CPU    %usr   %nice    %sys %iowait    %irq   %soft  %steal  %guest  %gnice   %idle
06:42:15 PM    0   39.36    0.00   20.21    0.00    0.00    4.26    0.00    0.00    0.00   36.17
06:42:15 PM    1   39.56    0.00   12.09    0.00    0.00    2.20    0.00    0.00    0.00   46.15

06:42:15 PM  CPU    %usr   %nice    %sys %iowait    %irq   %soft  %steal  %guest  %gnice   %idle
06:42:16 PM    0   44.21    0.00   20.00    0.00    0.00    4.21    0.00    0.00    0.00   31.58
06:42:16 PM    1   31.87    0.00   18.68    0.00    0.00    5.49    0.00    0.00    0.00   43.96

06:42:16 PM  CPU    %usr   %nice    %sys %iowait    %irq   %soft  %steal  %guest  %gnice   %idle
06:42:17 PM    0   52.63    0.00   17.89    0.00    0.00    6.32    0.00    0.00    0.00   23.16
06:42:17 PM    1   42.05    0.00   23.86    0.00    0.00    0.00    0.00    0.00    0.00   34.09

06:42:17 PM  CPU    %usr   %nice    %sys %iowait    %irq   %soft  %steal  %guest  %gnice   %idle
06:42:18 PM    0   46.00    0.00   23.00    0.00    0.00    4.00    0.00    0.00    0.00   27.00
06:42:18 PM    1   38.04    0.00   18.48    0.00    0.00    3.26    0.00    0.00    0.00   40.22

06:42:18 PM  CPU    %usr   %nice    %sys %iowait    %irq   %soft  %steal  %guest  %gnice   %idle
06:42:19 PM    0   44.79    0.00   17.71    0.00    0.00    6.25    0.00    0.00    0.00   31.25
06:42:19 PM    1   38.20    0.00   16.85    0.00    0.00    2.25    0.00    0.00    0.00   42.70

06:42:19 PM  CPU    %usr   %nice    %sys %iowait    %irq   %soft  %steal  %guest  %gnice   %idle
06:42:20 PM    0   51.55    0.00   16.49    0.00    0.00    5.15    0.00    0.00    0.00   26.80
06:42:20 PM    1   44.57    0.00   17.39    0.00    0.00    1.09    0.00    0.00    0.00   36.96

06:42:20 PM  CPU    %usr   %nice    %sys %iowait    %irq   %soft  %steal  %guest  %gnice   %idle
06:42:21 PM    0   44.79    0.00   17.71    0.00    0.00    7.29    0.00    0.00    0.00   30.21
06:42:21 PM    1   42.11    0.00   15.79    0.00    0.00    2.11    0.00    0.00    0.00   40.00

06:42:21 PM  CPU    %usr   %nice    %sys %iowait    %irq   %soft  %steal  %guest  %gnice   %idle
06:42:22 PM    0   54.08    0.00   19.39    0.00    0.00    5.10    0.00    0.00    0.00   21.43
06:42:22 PM    1   43.82    0.00   20.22    0.00    0.00    2.25    0.00    0.00    0.00   33.71

06:42:22 PM  CPU    %usr   %nice    %sys %iowait    %irq   %soft  %steal  %guest  %gnice   %idle
06:42:23 PM    0   46.32    0.00   17.89    0.00    0.00    5.26    0.00    0.00    0.00   30.53
06:42:23 PM    1   41.18    0.00   14.12    0.00    0.00    1.18    0.00    0.00    0.00   43.53

06:42:23 PM  CPU    %usr   %nice    %sys %iowait    %irq   %soft  %steal  %guest  %gnice   %idle
06:42:24 PM    0   49.47    0.00   15.79    0.00    0.00    6.32    0.00    0.00    0.00   28.42
06:42:24 PM    1   38.30    0.00   17.02    0.00    0.00    3.19    0.00    0.00    0.00   41.49

06:42:24 PM  CPU    %usr   %nice    %sys %iowait    %irq   %soft  %steal  %guest  %gnice   %idle
06:42:25 PM    0   40.00    0.00   13.68    0.00    0.00    5.26    0.00    0.00    0.00   41.05
06:42:25 PM    1   34.07    0.00   13.19    0.00    0.00    3.30    0.00    0.00    0.00   49.45

06:42:25 PM  CPU    %usr   %nice    %sys %iowait    %irq   %soft  %steal  %guest  %gnice   %idle
06:42:26 PM    0   43.01    0.00   17.20    0.00    0.00    3.23    0.00    0.00    0.00   36.56
06:42:26 PM    1   34.83    0.00   13.48    0.00    0.00    2.25    0.00    0.00    0.00   49.44

06:42:26 PM  CPU    %usr   %nice    %sys %iowait    %irq   %soft  %steal  %guest  %gnice   %idle
06:42:27 PM    0   50.98    0.00   20.59    0.00    0.00    4.90    0.00    0.00    0.00   23.53
06:42:27 PM    1   42.39    0.00   18.48    0.00    0.00    2.17    0.00    0.00    0.00   36.96

06:42:27 PM  CPU    %usr   %nice    %sys %iowait    %irq   %soft  %steal  %guest  %gnice   %idle
06:42:28 PM    0   38.54    0.00   18.75    0.00    0.00    5.21    0.00    0.00    0.00   37.50
06:42:28 PM    1   36.67    0.00   16.67    0.00    0.00    2.22    0.00    0.00    0.00   44.44

06:42:28 PM  CPU    %usr   %nice    %sys %iowait    %irq   %soft  %steal  %guest  %gnice   %idle
06:42:29 PM    0   45.45    0.00   21.21    0.00    0.00    4.04    0.00    0.00    0.00   29.29
06:42:29 PM    1   40.86    0.00   13.98    0.00    0.00    3.23    0.00    0.00    0.00   41.94

06:42:29 PM  CPU    %usr   %nice    %sys %iowait    %irq   %soft  %steal  %guest  %gnice   %idle
06:42:30 PM    0   52.08    0.00   20.83    0.00    0.00    4.17    0.00    0.00    0.00   22.92
06:42:30 PM    1   49.45    0.00   19.78    0.00    0.00    1.10    0.00    0.00    0.00   29.67

06:42:30 PM  CPU    %usr   %nice    %sys %iowait    %irq   %soft  %steal  %guest  %gnice   %idle
06:42:31 PM    0   47.42    0.00   14.43    0.00    0.00    6.19    0.00    0.00    0.00   31.96
06:42:31 PM    1   38.30    0.00   18.09    0.00    0.00    2.13    0.00    0.00    0.00   41.49

06:42:31 PM  CPU    %usr   %nice    %sys %iowait    %irq   %soft  %steal  %guest  %gnice   %idle
06:42:32 PM    0   46.32    0.00   23.16    0.00    0.00    5.26    0.00    0.00    0.00   25.26
06:42:32 PM    1   42.22    0.00   16.67    0.00    0.00    1.11    0.00    0.00    0.00   40.00

06:42:32 PM  CPU    %usr   %nice    %sys %iowait    %irq   %soft  %steal  %guest  %gnice   %idle
06:42:33 PM    0   50.00    0.00   15.96    0.00    0.00    4.26    0.00    0.00    0.00   29.79
06:42:33 PM    1   41.11    0.00   18.89    0.00    0.00    2.22    0.00    0.00    0.00   37.78

06:42:33 PM  CPU    %usr   %nice    %sys %iowait    %irq   %soft  %steal  %guest  %gnice   %idle
06:42:34 PM    0   51.04    0.00   22.92    0.00    0.00    3.12    0.00    0.00    0.00   22.92
06:42:34 PM    1   34.83    0.00   19.10    0.00    0.00    2.25    0.00    0.00    0.00   43.82

06:42:34 PM  CPU    %usr   %nice    %sys %iowait    %irq   %soft  %steal  %guest  %gnice   %idle
06:42:35 PM    0   51.52    0.00   21.21    0.00    0.00    3.03    0.00    0.00    0.00   24.24
06:42:35 PM    1   44.57    0.00   19.57    0.00    0.00    2.17    0.00    0.00    0.00   33.70

06:42:35 PM  CPU    %usr   %nice    %sys %iowait    %irq   %soft  %steal  %guest  %gnice   %idle
06:42:36 PM    0   42.71    0.00   22.92    0.00    0.00    6.25    0.00    0.00    0.00   28.12
06:42:36 PM    1   42.22    0.00   16.67    0.00    0.00    1.11    0.00    0.00    0.00   40.00

06:42:36 PM  CPU    %usr   %nice    %sys %iowait    %irq   %soft  %steal  %guest  %gnice   %idle
06:42:37 PM    0   40.43    0.00   22.34    0.00    0.00    4.26    0.00    0.00    0.00   32.98
06:42:37 PM    1   41.94    0.00   11.83    0.00    0.00    3.23    0.00    0.00    0.00   43.01

06:42:37 PM  CPU    %usr   %nice    %sys %iowait    %irq   %soft  %steal  %guest  %gnice   %idle
06:42:38 PM    0   42.42    0.00   19.19    0.00    0.00    5.05    0.00    0.00    0.00   33.33
06:42:38 PM    1   35.87    0.00   15.22    0.00    0.00    4.35    0.00    0.00    0.00   44.57

06:42:38 PM  CPU    %usr   %nice    %sys %iowait    %irq   %soft  %steal  %guest  %gnice   %idle
06:42:39 PM    0   46.32    0.00   18.95    0.00    0.00    6.32    0.00    0.00    0.00   28.42
06:42:39 PM    1   40.91    0.00   15.91    0.00    0.00    1.14    0.00    0.00    0.00   42.05

06:42:39 PM  CPU    %usr   %nice    %sys %iowait    %irq   %soft  %steal  %guest  %gnice   %idle
06:42:40 PM    0   44.90    0.00   17.35    0.00    0.00    4.08    0.00    0.00    0.00   33.67
06:42:40 PM    1   33.33    0.00   16.67    0.00    0.00    2.22    0.00    0.00    0.00   47.78

06:42:40 PM  CPU    %usr   %nice    %sys %iowait    %irq   %soft  %steal  %guest  %gnice   %idle
06:42:41 PM    0   41.05    0.00   22.11    0.00    0.00    5.26    0.00    0.00    0.00   31.58
06:42:41 PM    1   32.58    0.00   17.98    0.00    0.00    3.37    0.00    0.00    0.00   46.07

06:42:41 PM  CPU    %usr   %nice    %sys %iowait    %irq   %soft  %steal  %guest  %gnice   %idle
06:42:42 PM    0   40.82    0.00   22.45    0.00    0.00    5.10    0.00    0.00    0.00   31.63
06:42:42 PM    1   36.26    0.00   14.29    0.00    0.00    2.20    0.00    0.00    0.00   47.25

06:42:42 PM  CPU    %usr   %nice    %sys %iowait    %irq   %soft  %steal  %guest  %gnice   %idle
06:42:43 PM    0   43.16    0.00   14.74    0.00    0.00    6.32    0.00    0.00    0.00   35.79
06:42:43 PM    1   30.77    0.00   18.68    0.00    0.00    3.30    0.00    0.00    0.00   47.25

06:42:43 PM  CPU    %usr   %nice    %sys %iowait    %irq   %soft  %steal  %guest  %gnice   %idle
06:42:44 PM    0   44.57    0.00   17.39    0.00    0.00    5.43    0.00    0.00    0.00   32.61
06:42:44 PM    1   35.11    0.00   17.02    0.00    0.00    4.26    0.00    0.00    0.00   43.62

06:42:44 PM  CPU    %usr   %nice    %sys %iowait    %irq   %soft  %steal  %guest  %gnice   %idle
06:42:45 PM    0   45.26    0.00   20.00    0.00    0.00    3.16    0.00    0.00    0.00   31.58
06:42:45 PM    1   33.72    0.00   22.09    0.00    0.00    0.00    0.00    0.00    0.00   44.19

06:42:45 PM  CPU    %usr   %nice    %sys %iowait    %irq   %soft  %steal  %guest  %gnice   %idle
06:42:46 PM    0   45.26    0.00   22.11    0.00    0.00    5.26    0.00    0.00    0.00   27.37
06:42:46 PM    1   33.70    0.00   18.48    0.00    0.00    4.35    0.00    0.00    0.00   43.48

06:42:46 PM  CPU    %usr   %nice    %sys %iowait    %irq   %soft  %steal  %guest  %gnice   %idle
06:42:47 PM    0   35.87    0.00   20.65    0.00    0.00    7.61    0.00    0.00    0.00   35.87
06:42:47 PM    1   36.67    0.00   15.56    0.00    0.00    2.22    0.00    0.00    0.00   45.56

06:42:47 PM  CPU    %usr   %nice    %sys %iowait    %irq   %soft  %steal  %guest  %gnice   %idle
06:42:48 PM    0   42.70    0.00   16.85    0.00    0.00    5.62    0.00    0.00    0.00   34.83
06:42:48 PM    1   32.58    0.00   16.85    0.00    0.00    3.37    0.00    0.00    0.00   47.19

06:42:48 PM  CPU    %usr   %nice    %sys %iowait    %irq   %soft  %steal  %guest  %gnice   %idle
06:42:49 PM    0   42.11    0.00   23.16    0.00    0.00    5.26    0.00    0.00    0.00   29.47
06:42:49 PM    1   42.39    0.00   15.22    0.00    0.00    2.17    0.00    0.00    0.00   40.22

06:42:49 PM  CPU    %usr   %nice    %sys %iowait    %irq   %soft  %steal  %guest  %gnice   %idle
06:42:50 PM    0   53.06    0.00   20.41    0.00    0.00    4.08    0.00    0.00    0.00   22.45
06:42:50 PM    1   46.15    0.00   18.68    0.00    0.00    1.10    0.00    0.00    0.00   34.07

06:42:50 PM  CPU    %usr   %nice    %sys %iowait    %irq   %soft  %steal  %guest  %gnice   %idle
06:42:51 PM    0   43.88    0.00   16.33    1.02    0.00    9.18    0.00    0.00    0.00   29.59
06:42:51 PM    1   33.33    0.00   20.00    3.33    0.00    2.22    0.00    0.00    0.00   41.11

06:42:51 PM  CPU    %usr   %nice    %sys %iowait    %irq   %soft  %steal  %guest  %gnice   %idle
06:42:52 PM    0   44.68    0.00   14.89    0.00    0.00    7.45    0.00    0.00    0.00   32.98
06:42:52 PM    1   33.33    0.00   18.39    0.00    0.00    2.30    0.00    0.00    0.00   45.98

06:42:52 PM  CPU    %usr   %nice    %sys %iowait    %irq   %soft  %steal  %guest  %gnice   %idle
06:42:53 PM    0   47.25    0.00   21.98    0.00    0.00    4.40    0.00    0.00    0.00   26.37
06:42:53 PM    1   31.46    0.00   20.22    0.00    0.00    5.62    0.00    0.00    0.00   42.70

06:42:53 PM  CPU    %usr   %nice    %sys %iowait    %irq   %soft  %steal  %guest  %gnice   %idle
06:42:54 PM    0   47.42    0.00   17.53    0.00    0.00    3.09    0.00    0.00    0.00   31.96
06:42:54 PM    1   38.46    0.00   16.48    0.00    0.00    4.40    0.00    0.00    0.00   40.66

06:42:54 PM  CPU    %usr   %nice    %sys %iowait    %irq   %soft  %steal  %guest  %gnice   %idle
06:42:55 PM    0   42.00    0.00   19.00    0.00    0.00    5.00    0.00    0.00    0.00   34.00
06:42:55 PM    1   40.86    0.00   13.98    0.00    0.00    3.23    0.00    0.00    0.00   41.94

06:42:55 PM  CPU    %usr   %nice    %sys %iowait    %irq   %soft  %steal  %guest  %gnice   %idle
06:42:56 PM    0   41.24    0.00   24.74    0.00    0.00    5.15    0.00    0.00    0.00   28.87
06:42:56 PM    1   43.33    0.00   15.56    0.00    0.00    2.22    0.00    0.00    0.00   38.89

06:42:56 PM  CPU    %usr   %nice    %sys %iowait    %irq   %soft  %steal  %guest  %gnice   %idle
06:42:57 PM    0   42.71    0.00   17.71    0.00    0.00    4.17    0.00    0.00    0.00   35.42
06:42:57 PM    1   35.23    0.00   18.18    0.00    0.00    2.27    0.00    0.00    0.00   44.32

06:42:57 PM  CPU    %usr   %nice    %sys %iowait    %irq   %soft  %steal  %guest  %gnice   %idle
06:42:58 PM    0   42.11    0.00   23.16    0.00    0.00    3.16    0.00    0.00    0.00   31.58
06:42:58 PM    1   33.70    0.00   15.22    0.00    0.00    4.35    0.00    0.00    0.00   46.74

06:42:58 PM  CPU    %usr   %nice    %sys %iowait    %irq   %soft  %steal  %guest  %gnice   %idle
06:42:59 PM    0   48.98    0.00   15.31    0.00    0.00    5.10    0.00    0.00    0.00   30.61
06:42:59 PM    1   32.22    0.00   18.89    0.00    0.00    2.22    0.00    0.00    0.00   46.67

06:42:59 PM  CPU    %usr   %nice    %sys %iowait    %irq   %soft  %steal  %guest  %gnice   %idle
06:43:00 PM    0   45.36    0.00   13.40    0.00    0.00    6.19    0.00    0.00    0.00   35.05
06:43:00 PM    1   37.21    0.00   10.47    0.00    0.00    3.49    0.00    0.00    0.00   48.84

06:43:00 PM  CPU    %usr   %nice    %sys %iowait    %irq   %soft  %steal  %guest  %gnice   %idle
06:43:01 PM    0   53.00    0.00   13.00    0.00    0.00    9.00    0.00    0.00    0.00   25.00
06:43:01 PM    1   43.18    0.00   15.91    0.00    0.00    2.27    0.00    0.00    0.00   38.64

06:43:01 PM  CPU    %usr   %nice    %sys %iowait    %irq   %soft  %steal  %guest  %gnice   %idle
06:43:02 PM    0   44.79    0.00   17.71    1.04    0.00    4.17    0.00    0.00    0.00   32.29
06:43:02 PM    1   34.48    0.00   18.39    0.00    0.00    2.30    0.00    0.00    0.00   44.83

06:43:02 PM  CPU    %usr   %nice    %sys %iowait    %irq   %soft  %steal  %guest  %gnice   %idle
06:43:03 PM    0   44.33    0.00   15.46    0.00    0.00    4.12    0.00    0.00    0.00   36.08
06:43:03 PM    1   33.71    0.00   16.85    0.00    0.00    3.37    0.00    0.00    0.00   46.07

06:43:03 PM  CPU    %usr   %nice    %sys %iowait    %irq   %soft  %steal  %guest  %gnice   %idle
06:43:04 PM    0   42.11    0.00   20.00    0.00    0.00    6.32    0.00    0.00    0.00   31.58
06:43:04 PM    1   34.09    0.00   15.91    0.00    0.00    3.41    0.00    0.00    0.00   46.59

06:43:04 PM  CPU    %usr   %nice    %sys %iowait    %irq   %soft  %steal  %guest  %gnice   %idle
06:43:05 PM    0   58.59    0.00   15.15    0.00    0.00    2.02    0.00    0.00    0.00   24.24
06:43:05 PM    1   44.09    0.00   21.51    0.00    0.00    1.08    0.00    0.00    0.00   33.33

06:43:05 PM  CPU    %usr   %nice    %sys %iowait    %irq   %soft  %steal  %guest  %gnice   %idle
06:43:06 PM    0   47.96    0.00   16.33    0.00    0.00    6.12    0.00    0.00    0.00   29.59
06:43:06 PM    1   40.45    0.00   14.61    0.00    0.00    2.25    0.00    0.00    0.00   42.70

06:43:06 PM  CPU    %usr   %nice    %sys %iowait    %irq   %soft  %steal  %guest  %gnice   %idle
06:43:07 PM    0   44.44    0.00   16.16    0.00    0.00    6.06    0.00    0.00    0.00   33.33
06:43:07 PM    1   37.63    0.00   16.13    0.00    0.00    2.15    0.00    0.00    0.00   44.09

06:43:07 PM  CPU    %usr   %nice    %sys %iowait    %irq   %soft  %steal  %guest  %gnice   %idle
06:43:08 PM    0   47.87    0.00   12.77    0.00    0.00    7.45    0.00    0.00    0.00   31.91
06:43:08 PM    1   37.21    0.00   16.28    0.00    0.00    2.33    0.00    0.00    0.00   44.19

06:43:08 PM  CPU    %usr   %nice    %sys %iowait    %irq   %soft  %steal  %guest  %gnice   %idle
06:43:09 PM    0   44.33    0.00   18.56    0.00    0.00    5.15    0.00    0.00    0.00   31.96
06:43:09 PM    1   31.03    0.00   17.24    0.00    0.00    2.30    0.00    0.00    0.00   49.43

06:43:09 PM  CPU    %usr   %nice    %sys %iowait    %irq   %soft  %steal  %guest  %gnice   %idle
06:43:10 PM    0   45.26    0.00   20.00    0.00    0.00    4.21    0.00    0.00    0.00   30.53
06:43:10 PM    1   37.78    0.00   15.56    2.22    0.00    3.33    0.00    0.00    0.00   41.11

06:43:10 PM  CPU    %usr   %nice    %sys %iowait    %irq   %soft  %steal  %guest  %gnice   %idle
06:43:11 PM    0   46.81    0.00   14.89    0.00    0.00    5.32    0.00    0.00    0.00   32.98
06:43:11 PM    1   41.94    0.00   12.90    0.00    0.00    2.15    0.00    0.00    0.00   43.01

06:43:11 PM  CPU    %usr   %nice    %sys %iowait    %irq   %soft  %steal  %guest  %gnice   %idle
06:43:12 PM    0   43.75    0.00   15.62    0.00    0.00    5.21    0.00    0.00    0.00   35.42
06:43:12 PM    1   42.53    0.00   11.49    0.00    0.00    1.15    0.00    0.00    0.00   44.83

06:43:12 PM  CPU    %usr   %nice    %sys %iowait    %irq   %soft  %steal  %guest  %gnice   %idle
06:43:13 PM    0   48.39    0.00   17.20    0.00    0.00    3.23    0.00    0.00    0.00   31.18
06:43:13 PM    1   37.78    0.00   13.33    0.00    0.00    2.22    0.00    0.00    0.00   46.67

06:43:13 PM  CPU    %usr   %nice    %sys %iowait    %irq   %soft  %steal  %guest  %gnice   %idle
06:43:14 PM    0   44.79    0.00   16.67    0.00    0.00    4.17    0.00    0.00    0.00   34.38
06:43:14 PM    1   36.26    0.00   16.48    0.00    0.00    2.20    0.00    0.00    0.00   45.05

06:43:14 PM  CPU    %usr   %nice    %sys %iowait    %irq   %soft  %steal  %guest  %gnice   %idle
06:43:15 PM    0   49.47    0.00   15.79    0.00    0.00    3.16    0.00    0.00    0.00   31.58
06:43:15 PM    1   38.20    0.00   16.85    0.00    0.00    2.25    0.00    0.00    0.00   42.70

06:43:15 PM  CPU    %usr   %nice    %sys %iowait    %irq   %soft  %steal  %guest  %gnice   %idle
06:43:16 PM    0   46.94    0.00   23.47    0.00    0.00    2.04    0.00    0.00    0.00   27.55
06:43:16 PM    1   41.76    0.00   18.68    0.00    0.00    2.20    0.00    0.00    0.00   37.36

06:43:16 PM  CPU    %usr   %nice    %sys %iowait    %irq   %soft  %steal  %guest  %gnice   %idle
06:43:17 PM    0   41.49    0.00   18.09    0.00    0.00    6.38    0.00    0.00    0.00   34.04
06:43:17 PM    1   40.00    0.00   14.44    0.00    0.00    1.11    0.00    0.00    0.00   44.44

06:43:17 PM  CPU    %usr   %nice    %sys %iowait    %irq   %soft  %steal  %guest  %gnice   %idle
06:43:18 PM    0   41.05    0.00   20.00    0.00    0.00    2.11    0.00    0.00    0.00   36.84
06:43:18 PM    1   38.46    0.00   12.09    0.00    0.00    4.40    0.00    0.00    0.00   45.05

06:43:18 PM  CPU    %usr   %nice    %sys %iowait    %irq   %soft  %steal  %guest  %gnice   %idle
06:43:19 PM    0   47.87    0.00   18.09    0.00    0.00    4.26    0.00    0.00    0.00   29.79
06:43:19 PM    1   35.87    0.00   17.39    0.00    0.00    3.26    0.00    0.00    0.00   43.48

06:43:19 PM  CPU    %usr   %nice    %sys %iowait    %irq   %soft  %steal  %guest  %gnice   %idle
06:43:20 PM    0   37.89    0.00   20.00    0.00    0.00    3.16    0.00    0.00    0.00   38.95
06:43:20 PM    1   37.36    0.00   12.09    0.00    0.00    1.10    0.00    0.00    0.00   49.45

06:43:20 PM  CPU    %usr   %nice    %sys %iowait    %irq   %soft  %steal  %guest  %gnice   %idle
06:43:21 PM    0   58.95    0.00   17.89    0.00    0.00    4.21    0.00    0.00    0.00   18.95
06:43:21 PM    1   46.24    0.00   19.35    0.00    0.00    3.23    0.00    0.00    0.00   31.18

06:43:21 PM  CPU    %usr   %nice    %sys %iowait    %irq   %soft  %steal  %guest  %gnice   %idle
06:43:22 PM    0   57.73    0.00   20.62    0.00    0.00    3.09    0.00    0.00    0.00   18.56
06:43:22 PM    1   47.78    0.00   15.56    0.00    0.00    3.33    0.00    0.00    0.00   33.33

06:43:22 PM  CPU    %usr   %nice    %sys %iowait    %irq   %soft  %steal  %guest  %gnice   %idle
06:43:23 PM    0   46.81    0.00   20.21    0.00    0.00    2.13    0.00    0.00    0.00   30.85
06:43:23 PM    1   45.26    0.00   18.95    0.00    0.00    0.00    0.00    0.00    0.00   35.79

06:43:23 PM  CPU    %usr   %nice    %sys %iowait    %irq   %soft  %steal  %guest  %gnice   %idle
06:43:24 PM    0   42.86    0.00   20.41    0.00    0.00    3.06    0.00    0.00    0.00   33.67
06:43:24 PM    1   36.26    0.00   16.48    0.00    0.00    1.10    0.00    0.00    0.00   46.15

06:43:24 PM  CPU    %usr   %nice    %sys %iowait    %irq   %soft  %steal  %guest  %gnice   %idle
06:43:25 PM    0   39.36    0.00   18.09    0.00    0.00    2.13    0.00    0.00    0.00   40.43
06:43:25 PM    1   31.18    0.00    9.68    0.00    0.00    4.30    0.00    0.00    0.00   54.84

06:43:25 PM  CPU    %usr   %nice    %sys %iowait    %irq   %soft  %steal  %guest  %gnice   %idle
06:43:26 PM    0   38.71    0.00   20.43    0.00    0.00    5.38    0.00    0.00    0.00   35.48
06:43:26 PM    1   40.00    0.00   16.67    0.00    0.00    1.11    0.00    0.00    0.00   42.22

06:43:26 PM  CPU    %usr   %nice    %sys %iowait    %irq   %soft  %steal  %guest  %gnice   %idle
06:43:27 PM    0   45.45    0.00   21.21    0.00    0.00    4.04    0.00    0.00    0.00   29.29
06:43:27 PM    1   39.36    0.00   15.96    0.00    0.00    3.19    0.00    0.00    0.00   41.49

06:43:27 PM  CPU    %usr   %nice    %sys %iowait    %irq   %soft  %steal  %guest  %gnice   %idle
06:43:28 PM    0   47.87    0.00   19.15    0.00    0.00    5.32    0.00    0.00    0.00   27.66
06:43:28 PM    1   44.68    0.00   15.96    0.00    0.00    3.19    0.00    0.00    0.00   36.17

06:43:28 PM  CPU    %usr   %nice    %sys %iowait    %irq   %soft  %steal  %guest  %gnice   %idle
06:43:29 PM    0   38.95    0.00   17.89    0.00    0.00    7.37    0.00    0.00    0.00   35.79
06:43:29 PM    1   34.09    0.00   19.32    0.00    0.00    1.14    0.00    0.00    0.00   45.45

06:43:29 PM  CPU    %usr   %nice    %sys %iowait    %irq   %soft  %steal  %guest  %gnice   %idle
06:43:30 PM    0   40.21    0.00   20.62    0.00    0.00    4.12    0.00    0.00    0.00   35.05
06:43:30 PM    1   41.30    0.00   13.04    0.00    0.00    1.09    0.00    0.00    0.00   44.57

06:43:30 PM  CPU    %usr   %nice    %sys %iowait    %irq   %soft  %steal  %guest  %gnice   %idle
06:43:31 PM    0   51.04    0.00   15.62    0.00    0.00    5.21    0.00    0.00    0.00   28.12
06:43:31 PM    1   45.65    0.00   17.39    0.00    0.00    3.26    0.00    0.00    0.00   33.70

06:43:31 PM  CPU    %usr   %nice    %sys %iowait    %irq   %soft  %steal  %guest  %gnice   %idle
06:43:32 PM    0   44.90    0.00   18.37    0.00    0.00    4.08    0.00    0.00    0.00   32.65
06:43:32 PM    1   34.78    0.00   17.39    0.00    0.00    3.26    0.00    0.00    0.00   44.57

06:43:32 PM  CPU    %usr   %nice    %sys %iowait    %irq   %soft  %steal  %guest  %gnice   %idle
06:43:33 PM    0   47.42    0.00   16.49    0.00    0.00    5.15    0.00    0.00    0.00   30.93
06:43:33 PM    1   32.95    0.00   15.91    0.00    0.00    4.55    0.00    0.00    0.00   46.59

06:43:33 PM  CPU    %usr   %nice    %sys %iowait    %irq   %soft  %steal  %guest  %gnice   %idle
06:43:34 PM    0   43.62    0.00   20.21    0.00    0.00    4.26    0.00    0.00    0.00   31.91
06:43:34 PM    1   34.44    0.00   18.89    0.00    0.00    3.33    0.00    0.00    0.00   43.33

06:43:34 PM  CPU    %usr   %nice    %sys %iowait    %irq   %soft  %steal  %guest  %gnice   %idle
06:43:35 PM    0   43.01    0.00   20.43    0.00    0.00    3.23    0.00    0.00    0.00   33.33
06:43:35 PM    1   34.44    0.00   16.67    0.00    0.00    2.22    0.00    0.00    0.00   46.67

06:43:35 PM  CPU    %usr   %nice    %sys %iowait    %irq   %soft  %steal  %guest  %gnice   %idle
06:43:36 PM    0   46.39    0.00   17.53    0.00    0.00    7.22    0.00    0.00    0.00   28.87
06:43:36 PM    1   37.50    0.00   17.05    0.00    0.00    1.14    0.00    0.00    0.00   44.32

06:43:36 PM  CPU    %usr   %nice    %sys %iowait    %irq   %soft  %steal  %guest  %gnice   %idle
06:43:37 PM    0   41.24    0.00   20.62    0.00    0.00    6.19    0.00    0.00    0.00   31.96
06:43:37 PM    1   35.56    0.00   18.89    0.00    0.00    1.11    0.00    0.00    0.00   44.44

06:43:37 PM  CPU    %usr   %nice    %sys %iowait    %irq   %soft  %steal  %guest  %gnice   %idle
06:43:38 PM    0   46.39    0.00   12.37    0.00    0.00    6.19    0.00    0.00    0.00   35.05
06:43:38 PM    1   36.96    0.00   16.30    0.00    0.00    4.35    0.00    0.00    0.00   42.39

06:43:38 PM  CPU    %usr   %nice    %sys %iowait    %irq   %soft  %steal  %guest  %gnice   %idle
06:43:39 PM    0   41.49    0.00   21.28    0.00    0.00    2.13    0.00    0.00    0.00   35.11
06:43:39 PM    1   38.46    0.00   12.09    0.00    0.00    4.40    0.00    0.00    0.00   45.05

06:43:39 PM  CPU    %usr   %nice    %sys %iowait    %irq   %soft  %steal  %guest  %gnice   %idle
06:43:40 PM    0   50.53    0.00   14.74    0.00    0.00    3.16    0.00    0.00    0.00   31.58
06:43:40 PM    1   42.11    0.00   15.79    0.00    0.00    2.11    0.00    0.00    0.00   40.00

06:43:40 PM  CPU    %usr   %nice    %sys %iowait    %irq   %soft  %steal  %guest  %gnice   %idle
06:43:41 PM    0   46.94    0.00   21.43    0.00    0.00    3.06    0.00    0.00    0.00   28.57
06:43:41 PM    1   34.07    0.00   20.88    0.00    0.00    2.20    0.00    0.00    0.00   42.86

06:43:41 PM  CPU    %usr   %nice    %sys %iowait    %irq   %soft  %steal  %guest  %gnice   %idle
06:43:42 PM    0   42.86    0.00   20.41    0.00    0.00    3.06    0.00    0.00    0.00   33.67
06:43:42 PM    1   39.13    0.00   15.22    0.00    0.00    2.17    0.00    0.00    0.00   43.48

06:43:42 PM  CPU    %usr   %nice    %sys %iowait    %irq   %soft  %steal  %guest  %gnice   %idle
06:43:43 PM    0   41.24    0.00   17.53    0.00    0.00    6.19    0.00    0.00    0.00   35.05
06:43:43 PM    1   35.16    0.00   15.38    0.00    0.00    4.40    0.00    0.00    0.00   45.05

06:43:43 PM  CPU    %usr   %nice    %sys %iowait    %irq   %soft  %steal  %guest  %gnice   %idle
06:43:44 PM    0   43.30    0.00   19.59    0.00    0.00    5.15    0.00    0.00    0.00   31.96
06:43:44 PM    1   35.63    0.00   14.94    0.00    0.00    1.15    0.00    0.00    0.00   48.28

06:43:44 PM  CPU    %usr   %nice    %sys %iowait    %irq   %soft  %steal  %guest  %gnice   %idle
06:43:45 PM    0   42.11    0.00   18.95    0.00    0.00    5.26    0.00    0.00    0.00   33.68
06:43:45 PM    1   39.33    0.00   10.11    0.00    0.00    2.25    0.00    0.00    0.00   48.31

06:43:45 PM  CPU    %usr   %nice    %sys %iowait    %irq   %soft  %steal  %guest  %gnice   %idle
06:43:46 PM    0   53.19    0.00   17.02    0.00    0.00    4.26    0.00    0.00    0.00   25.53
06:43:46 PM    1   37.78    0.00   18.89    0.00    0.00    3.33    0.00    0.00    0.00   40.00

06:43:46 PM  CPU    %usr   %nice    %sys %iowait    %irq   %soft  %steal  %guest  %gnice   %idle
06:43:47 PM    0   48.94    0.00   15.96    0.00    0.00    3.19    0.00    0.00    0.00   31.91
06:43:47 PM    1   37.08    0.00   14.61    0.00    0.00    2.25    0.00    0.00    0.00   46.07

06:43:47 PM  CPU    %usr   %nice    %sys %iowait    %irq   %soft  %steal  %guest  %gnice   %idle
06:43:48 PM    0   41.30    0.00   20.65    0.00    0.00    3.26    0.00    0.00    0.00   34.78
06:43:48 PM    1   36.05    0.00   16.28    0.00    0.00    2.33    0.00    0.00    0.00   45.35

06:43:48 PM  CPU    %usr   %nice    %sys %iowait    %irq   %soft  %steal  %guest  %gnice   %idle
06:43:49 PM    0   45.26    0.00   17.89    0.00    0.00    6.32    0.00    0.00    0.00   30.53
06:43:49 PM    1   37.23    0.00   19.15    0.00    0.00    3.19    0.00    0.00    0.00   40.43

06:43:49 PM  CPU    %usr   %nice    %sys %iowait    %irq   %soft  %steal  %guest  %gnice   %idle
06:43:50 PM    0   42.39    0.00   17.39    0.00    0.00    3.26    0.00    0.00    0.00   36.96
06:43:50 PM    1   38.46    0.00   16.48    0.00    0.00    3.30    0.00    0.00    0.00   41.76

06:43:50 PM  CPU    %usr   %nice    %sys %iowait    %irq   %soft  %steal  %guest  %gnice   %idle
06:43:51 PM    0   46.81    0.00   18.09    0.00    0.00    3.19    0.00    0.00    0.00   31.91
06:43:51 PM    1   35.79    0.00   20.00    0.00    0.00    4.21    0.00    0.00    0.00   40.00

06:43:51 PM  CPU    %usr   %nice    %sys %iowait    %irq   %soft  %steal  %guest  %gnice   %idle
06:43:52 PM    0   46.39    0.00   16.49    0.00    0.00    6.19    0.00    0.00    0.00   30.93
06:43:52 PM    1   39.13    0.00   13.04    0.00    0.00    4.35    0.00    0.00    0.00   43.48

06:43:52 PM  CPU    %usr   %nice    %sys %iowait    %irq   %soft  %steal  %guest  %gnice   %idle
06:43:53 PM    0   46.39    0.00   17.53    0.00    0.00    5.15    0.00    0.00    0.00   30.93
06:43:53 PM    1   38.46    0.00   13.19    0.00    0.00    1.10    0.00    0.00    0.00   47.25

Average:     CPU    %usr   %nice    %sys %iowait    %irq   %soft  %steal  %guest  %gnice   %idle
Average:       0   45.52    0.00   18.76    0.03    0.00    4.70    0.00    0.00    0.00   31.00
Average:       1   38.31    0.00   16.46    0.05    0.00    2.62    0.00    0.00    0.00   42.56
