Linux 5.3.0-59-generic (ericmei) 	06/29/2020 	_x86_64_	(12 CPU)

06:36:38 PM  CPU    %usr   %nice    %sys %iowait    %irq   %soft  %steal  %guest  %gnice   %idle
06:36:39 PM    0   45.92    0.00   26.53    0.00    0.00    2.04    0.00    0.00    0.00   25.51
06:36:39 PM    1   41.57    0.00   15.73    0.00    0.00    3.37    0.00    0.00    0.00   39.33

06:36:39 PM  CPU    %usr   %nice    %sys %iowait    %irq   %soft  %steal  %guest  %gnice   %idle
06:36:40 PM    0   48.96    0.00   20.83    0.00    0.00    5.21    0.00    0.00    0.00   25.00
06:36:40 PM    1   42.22    0.00   16.67    0.00    0.00    1.11    0.00    0.00    0.00   40.00

06:36:40 PM  CPU    %usr   %nice    %sys %iowait    %irq   %soft  %steal  %guest  %gnice   %idle
06:36:41 PM    0   42.55    0.00   17.02    0.00    0.00    6.38    0.00    0.00    0.00   34.04
06:36:41 PM    1   36.67    0.00   14.44    0.00    0.00    3.33    0.00    0.00    0.00   45.56

06:36:41 PM  CPU    %usr   %nice    %sys %iowait    %irq   %soft  %steal  %guest  %gnice   %idle
06:36:42 PM    0   46.32    0.00   14.74    0.00    0.00    4.21    0.00    0.00    0.00   34.74
06:36:42 PM    1   38.46    0.00   13.19    0.00    0.00    3.30    0.00    0.00    0.00   45.05

06:36:42 PM  CPU    %usr   %nice    %sys %iowait    %irq   %soft  %steal  %guest  %gnice   %idle
06:36:43 PM    0   41.24    0.00   18.56    0.00    0.00    5.15    0.00    0.00    0.00   35.05
06:36:43 PM    1   42.22    0.00   11.11    0.00    0.00    3.33    0.00    0.00    0.00   43.33

06:36:43 PM  CPU    %usr   %nice    %sys %iowait    %irq   %soft  %steal  %guest  %gnice   %idle
06:36:44 PM    0   38.95    0.00   21.05    0.00    0.00    5.26    0.00    0.00    0.00   34.74
06:36:44 PM    1   36.96    0.00   15.22    0.00    0.00    2.17    0.00    0.00    0.00   45.65

06:36:44 PM  CPU    %usr   %nice    %sys %iowait    %irq   %soft  %steal  %guest  %gnice   %idle
06:36:45 PM    0   43.88    0.00   20.41    0.00    0.00    3.06    0.00    0.00    0.00   32.65
06:36:45 PM    1   37.63    0.00   15.05    0.00    0.00    2.15    0.00    0.00    0.00   45.16

06:36:45 PM  CPU    %usr   %nice    %sys %iowait    %irq   %soft  %steal  %guest  %gnice   %idle
06:36:46 PM    0   40.86    0.00   17.20    0.00    0.00    5.38    0.00    0.00    0.00   36.56
06:36:46 PM    1   32.97    0.00   16.48    0.00    0.00    3.30    0.00    0.00    0.00   47.25

06:36:46 PM  CPU    %usr   %nice    %sys %iowait    %irq   %soft  %steal  %guest  %gnice   %idle
06:36:47 PM    0   44.90    0.00   17.35    0.00    0.00    5.10    0.00    0.00    0.00   32.65
06:36:47 PM    1   34.83    0.00   13.48    0.00    0.00    3.37    0.00    0.00    0.00   48.31

06:36:47 PM  CPU    %usr   %nice    %sys %iowait    %irq   %soft  %steal  %guest  %gnice   %idle
06:36:48 PM    0   46.32    0.00   17.89    0.00    0.00    4.21    0.00    0.00    0.00   31.58
06:36:48 PM    1   37.78    0.00   17.78    0.00    0.00    1.11    0.00    0.00    0.00   43.33

06:36:48 PM  CPU    %usr   %nice    %sys %iowait    %irq   %soft  %steal  %guest  %gnice   %idle
06:36:49 PM    0   57.29    0.00   20.83    0.00    0.00    4.17    0.00    0.00    0.00   17.71
06:36:49 PM    1   51.11    0.00   17.78    0.00    0.00    1.11    0.00    0.00    0.00   30.00

06:36:49 PM  CPU    %usr   %nice    %sys %iowait    %irq   %soft  %steal  %guest  %gnice   %idle
06:36:50 PM    0   53.54    0.00   21.21    0.00    0.00    3.03    0.00    0.00    0.00   22.22
06:36:50 PM    1   40.22    0.00   19.57    0.00    0.00    3.26    0.00    0.00    0.00   36.96

06:36:50 PM  CPU    %usr   %nice    %sys %iowait    %irq   %soft  %steal  %guest  %gnice   %idle
06:36:51 PM    0   45.74    0.00   20.21    0.00    0.00    3.19    0.00    0.00    0.00   30.85
06:36:51 PM    1   37.50    0.00   18.18    0.00    0.00    1.14    0.00    0.00    0.00   43.18

06:36:51 PM  CPU    %usr   %nice    %sys %iowait    %irq   %soft  %steal  %guest  %gnice   %idle
06:36:52 PM    0   44.00    0.00   23.00    0.00    0.00    3.00    0.00    0.00    0.00   30.00
06:36:52 PM    1   37.08    0.00   17.98    0.00    0.00    2.25    0.00    0.00    0.00   42.70

06:36:52 PM  CPU    %usr   %nice    %sys %iowait    %irq   %soft  %steal  %guest  %gnice   %idle
06:36:53 PM    0   49.47    0.00   17.89    0.00    0.00    6.32    0.00    0.00    0.00   26.32
06:36:53 PM    1   39.53    0.00   17.44    0.00    0.00    0.00    0.00    0.00    0.00   43.02

06:36:53 PM  CPU    %usr   %nice    %sys %iowait    %irq   %soft  %steal  %guest  %gnice   %idle
06:36:54 PM    0   42.11    0.00   23.16    0.00    0.00    3.16    0.00    0.00    0.00   31.58
06:36:54 PM    1   32.26    0.00   18.28    0.00    0.00    4.30    0.00    0.00    0.00   45.16

06:36:54 PM  CPU    %usr   %nice    %sys %iowait    %irq   %soft  %steal  %guest  %gnice   %idle
06:36:55 PM    0   45.92    0.00   19.39    0.00    0.00    4.08    0.00    0.00    0.00   30.61
06:36:55 PM    1   31.87    0.00   19.78    0.00    0.00    3.30    0.00    0.00    0.00   45.05

06:36:55 PM  CPU    %usr   %nice    %sys %iowait    %irq   %soft  %steal  %guest  %gnice   %idle
06:36:56 PM    0   44.79    0.00   17.71    0.00    0.00    5.21    0.00    0.00    0.00   32.29
06:36:56 PM    1   38.46    0.00   16.48    0.00    0.00    2.20    0.00    0.00    0.00   42.86

06:36:56 PM  CPU    %usr   %nice    %sys %iowait    %irq   %soft  %steal  %guest  %gnice   %idle
06:36:57 PM    0   46.46    0.00   16.16    0.00    0.00    7.07    0.00    0.00    0.00   30.30
06:36:57 PM    1   34.12    0.00   17.65    0.00    0.00    1.18    0.00    0.00    0.00   47.06

06:36:57 PM  CPU    %usr   %nice    %sys %iowait    %irq   %soft  %steal  %guest  %gnice   %idle
06:36:58 PM    0   38.71    0.00   23.66    0.00    0.00    5.38    0.00    0.00    0.00   32.26
06:36:58 PM    1   42.39    0.00   14.13    0.00    0.00    4.35    0.00    0.00    0.00   39.13

06:36:58 PM  CPU    %usr   %nice    %sys %iowait    %irq   %soft  %steal  %guest  %gnice   %idle
06:36:59 PM    0   48.48    0.00   17.17    0.00    0.00    4.04    0.00    0.00    0.00   30.30
06:36:59 PM    1   42.39    0.00   14.13    0.00    0.00    2.17    0.00    0.00    0.00   41.30

06:36:59 PM  CPU    %usr   %nice    %sys %iowait    %irq   %soft  %steal  %guest  %gnice   %idle
06:37:00 PM    0   42.39    0.00   21.74    0.00    0.00    6.52    0.00    0.00    0.00   29.35
06:37:00 PM    1   42.86    0.00   16.48    0.00    0.00    2.20    0.00    0.00    0.00   38.46

06:37:00 PM  CPU    %usr   %nice    %sys %iowait    %irq   %soft  %steal  %guest  %gnice   %idle
06:37:01 PM    0   46.94    0.00   19.39    0.00    0.00    7.14    0.00    0.00    0.00   26.53
06:37:01 PM    1   38.04    0.00   21.74    1.09    0.00    2.17    0.00    0.00    0.00   36.96

06:37:01 PM  CPU    %usr   %nice    %sys %iowait    %irq   %soft  %steal  %guest  %gnice   %idle
06:37:02 PM    0   43.16    0.00   17.89    0.00    0.00    4.21    0.00    0.00    0.00   34.74
06:37:02 PM    1   30.43    0.00   17.39    0.00    0.00    4.35    0.00    0.00    0.00   47.83

06:37:02 PM  CPU    %usr   %nice    %sys %iowait    %irq   %soft  %steal  %guest  %gnice   %idle
06:37:03 PM    0   47.42    0.00   21.65    0.00    0.00    3.09    0.00    0.00    0.00   27.84
06:37:03 PM    1   33.72    0.00   16.28    0.00    0.00    1.16    0.00    0.00    0.00   48.84

06:37:03 PM  CPU    %usr   %nice    %sys %iowait    %irq   %soft  %steal  %guest  %gnice   %idle
06:37:04 PM    0   54.64    0.00   18.56    0.00    0.00    5.15    0.00    0.00    0.00   21.65
06:37:04 PM    1   41.94    0.00   21.51    0.00    0.00    3.23    0.00    0.00    0.00   33.33

06:37:04 PM  CPU    %usr   %nice    %sys %iowait    %irq   %soft  %steal  %guest  %gnice   %idle
06:37:05 PM    0   48.42    0.00   20.00    0.00    0.00    3.16    0.00    0.00    0.00   28.42
06:37:05 PM    1   41.67    0.00   14.58    0.00    0.00    4.17    0.00    0.00    0.00   39.58

06:37:05 PM  CPU    %usr   %nice    %sys %iowait    %irq   %soft  %steal  %guest  %gnice   %idle
06:37:06 PM    0   53.92    0.00   24.51    0.00    0.00    4.90    0.00    0.00    0.00   16.67
06:37:06 PM    1   50.00    0.00   17.78    0.00    0.00    2.22    0.00    0.00    0.00   30.00

06:37:06 PM  CPU    %usr   %nice    %sys %iowait    %irq   %soft  %steal  %guest  %gnice   %idle
06:37:07 PM    0   57.58    0.00   17.17    0.00    0.00    6.06    0.00    0.00    0.00   19.19
06:37:07 PM    1   45.05    0.00   21.98    0.00    0.00    1.10    0.00    0.00    0.00   31.87

06:37:07 PM  CPU    %usr   %nice    %sys %iowait    %irq   %soft  %steal  %guest  %gnice   %idle
06:37:08 PM    0   44.68    0.00   20.21    0.00    0.00    5.32    0.00    0.00    0.00   29.79
06:37:08 PM    1   42.05    0.00   15.91    0.00    0.00    3.41    0.00    0.00    0.00   38.64

06:37:08 PM  CPU    %usr   %nice    %sys %iowait    %irq   %soft  %steal  %guest  %gnice   %idle
06:37:09 PM    0   46.39    0.00   18.56    0.00    0.00    7.22    0.00    0.00    0.00   27.84
06:37:09 PM    1   43.18    0.00   17.05    0.00    0.00    1.14    0.00    0.00    0.00   38.64

06:37:09 PM  CPU    %usr   %nice    %sys %iowait    %irq   %soft  %steal  %guest  %gnice   %idle
06:37:10 PM    0   47.00    0.00   16.00    0.00    0.00    7.00    0.00    0.00    0.00   30.00
06:37:10 PM    1   39.78    0.00   16.13    0.00    0.00    1.08    0.00    0.00    0.00   43.01

06:37:10 PM  CPU    %usr   %nice    %sys %iowait    %irq   %soft  %steal  %guest  %gnice   %idle
06:37:11 PM    0   42.71    0.00   15.62    0.00    0.00    4.17    0.00    0.00    0.00   37.50
06:37:11 PM    1   35.87    0.00   10.87    0.00    0.00    4.35    0.00    0.00    0.00   48.91

06:37:11 PM  CPU    %usr   %nice    %sys %iowait    %irq   %soft  %steal  %guest  %gnice   %idle
06:37:12 PM    0   45.05    0.00   18.68    0.00    0.00    5.49    0.00    0.00    0.00   30.77
06:37:12 PM    1   41.57    0.00   15.73    0.00    0.00    0.00    0.00    0.00    0.00   42.70

06:37:12 PM  CPU    %usr   %nice    %sys %iowait    %irq   %soft  %steal  %guest  %gnice   %idle
06:37:13 PM    0   44.09    0.00   15.05    0.00    0.00    5.38    0.00    0.00    0.00   35.48
06:37:13 PM    1   35.23    0.00   14.77    0.00    0.00    1.14    0.00    0.00    0.00   48.86

06:37:13 PM  CPU    %usr   %nice    %sys %iowait    %irq   %soft  %steal  %guest  %gnice   %idle
06:37:14 PM    0   37.89    0.00   22.11    0.00    0.00    4.21    0.00    0.00    0.00   35.79
06:37:14 PM    1   34.41    0.00   16.13    0.00    0.00    3.23    0.00    0.00    0.00   46.24

06:37:14 PM  CPU    %usr   %nice    %sys %iowait    %irq   %soft  %steal  %guest  %gnice   %idle
06:37:15 PM    0   50.00    0.00   16.67    0.00    0.00    6.25    0.00    0.00    0.00   27.08
06:37:15 PM    1   44.57    0.00   15.22    0.00    0.00    2.17    0.00    0.00    0.00   38.04

06:37:15 PM  CPU    %usr   %nice    %sys %iowait    %irq   %soft  %steal  %guest  %gnice   %idle
06:37:16 PM    0   41.84    0.00   18.37    0.00    0.00    5.10    0.00    0.00    0.00   34.69
06:37:16 PM    1   34.83    0.00   14.61    0.00    0.00    3.37    0.00    0.00    0.00   47.19

06:37:16 PM  CPU    %usr   %nice    %sys %iowait    %irq   %soft  %steal  %guest  %gnice   %idle
06:37:17 PM    0   46.24    0.00   16.13    0.00    0.00    5.38    0.00    0.00    0.00   32.26
06:37:17 PM    1   36.56    0.00   16.13    0.00    0.00    3.23    0.00    0.00    0.00   44.09

06:37:17 PM  CPU    %usr   %nice    %sys %iowait    %irq   %soft  %steal  %guest  %gnice   %idle
06:37:18 PM    0   39.58    0.00   20.83    0.00    0.00    3.12    0.00    0.00    0.00   36.46
06:37:18 PM    1   36.67    0.00   12.22    0.00    0.00    4.44    0.00    0.00    0.00   46.67

06:37:18 PM  CPU    %usr   %nice    %sys %iowait    %irq   %soft  %steal  %guest  %gnice   %idle
06:37:19 PM    0   38.71    0.00   22.58    0.00    0.00    3.23    0.00    0.00    0.00   35.48
06:37:19 PM    1   34.44    0.00   14.44    0.00    0.00    2.22    0.00    0.00    0.00   48.89

06:37:19 PM  CPU    %usr   %nice    %sys %iowait    %irq   %soft  %steal  %guest  %gnice   %idle
06:37:20 PM    0   39.58    0.00   14.58    0.00    0.00    6.25    0.00    0.00    0.00   39.58
06:37:20 PM    1   31.11    0.00   13.33    0.00    0.00    3.33    0.00    0.00    0.00   52.22

06:37:20 PM  CPU    %usr   %nice    %sys %iowait    %irq   %soft  %steal  %guest  %gnice   %idle
06:37:21 PM    0   49.48    0.00   19.59    0.00    0.00    7.22    0.00    0.00    0.00   23.71
06:37:21 PM    1   38.89    0.00   20.00    0.00    0.00    2.22    0.00    0.00    0.00   38.89

06:37:21 PM  CPU    %usr   %nice    %sys %iowait    %irq   %soft  %steal  %guest  %gnice   %idle
06:37:22 PM    0   44.21    0.00   18.95    0.00    0.00    5.26    0.00    0.00    0.00   31.58
06:37:22 PM    1   40.21    0.00   14.43    0.00    0.00    3.09    0.00    0.00    0.00   42.27

06:37:22 PM  CPU    %usr   %nice    %sys %iowait    %irq   %soft  %steal  %guest  %gnice   %idle
06:37:23 PM    0   42.55    0.00   17.02    0.00    0.00    5.32    0.00    0.00    0.00   35.11
06:37:23 PM    1   35.23    0.00   17.05    0.00    0.00    2.27    0.00    0.00    0.00   45.45

06:37:23 PM  CPU    %usr   %nice    %sys %iowait    %irq   %soft  %steal  %guest  %gnice   %idle
06:37:24 PM    0   50.53    0.00   18.95    0.00    0.00    3.16    0.00    0.00    0.00   27.37
06:37:24 PM    1   35.63    0.00   17.24    0.00    0.00    2.30    0.00    0.00    0.00   44.83

06:37:24 PM  CPU    %usr   %nice    %sys %iowait    %irq   %soft  %steal  %guest  %gnice   %idle
06:37:25 PM    0   46.94    0.00   20.41    0.00    0.00    4.08    0.00    0.00    0.00   28.57
06:37:25 PM    1   40.45    0.00   13.48    0.00    0.00    2.25    0.00    0.00    0.00   43.82

06:37:25 PM  CPU    %usr   %nice    %sys %iowait    %irq   %soft  %steal  %guest  %gnice   %idle
06:37:26 PM    0   46.88    0.00   20.83    0.00    0.00    4.17    0.00    0.00    0.00   28.12
06:37:26 PM    1   40.22    0.00   13.04    0.00    0.00    3.26    0.00    0.00    0.00   43.48

06:37:26 PM  CPU    %usr   %nice    %sys %iowait    %irq   %soft  %steal  %guest  %gnice   %idle
06:37:27 PM    0   49.47    0.00   16.84    0.00    0.00    8.42    0.00    0.00    0.00   25.26
06:37:27 PM    1   47.19    0.00   13.48    0.00    0.00    2.25    0.00    0.00    0.00   37.08

06:37:27 PM  CPU    %usr   %nice    %sys %iowait    %irq   %soft  %steal  %guest  %gnice   %idle
06:37:28 PM    0   51.04    0.00   18.75    0.00    0.00    3.12    0.00    0.00    0.00   27.08
06:37:28 PM    1   42.39    0.00   18.48    0.00    0.00    3.26    0.00    0.00    0.00   35.87

06:37:28 PM  CPU    %usr   %nice    %sys %iowait    %irq   %soft  %steal  %guest  %gnice   %idle
06:37:29 PM    0   48.96    0.00   16.67    0.00    0.00    3.12    0.00    0.00    0.00   31.25
06:37:29 PM    1   35.87    0.00   17.39    0.00    0.00    3.26    0.00    0.00    0.00   43.48

06:37:29 PM  CPU    %usr   %nice    %sys %iowait    %irq   %soft  %steal  %guest  %gnice   %idle
06:37:30 PM    0   40.00    0.00   18.95    0.00    0.00    6.32    0.00    0.00    0.00   34.74
06:37:30 PM    1   35.29    0.00   14.12    0.00    0.00    3.53    0.00    0.00    0.00   47.06

06:37:30 PM  CPU    %usr   %nice    %sys %iowait    %irq   %soft  %steal  %guest  %gnice   %idle
06:37:31 PM    0   38.54    0.00   20.83    0.00    0.00    4.17    0.00    0.00    0.00   36.46
06:37:31 PM    1   33.33    0.00   20.00    0.00    0.00    2.22    0.00    0.00    0.00   44.44

06:37:31 PM  CPU    %usr   %nice    %sys %iowait    %irq   %soft  %steal  %guest  %gnice   %idle
06:37:32 PM    0   44.33    0.00   20.62    0.00    0.00    4.12    0.00    0.00    0.00   30.93
06:37:32 PM    1   37.08    0.00   16.85    0.00    0.00    1.12    0.00    0.00    0.00   44.94

06:37:32 PM  CPU    %usr   %nice    %sys %iowait    %irq   %soft  %steal  %guest  %gnice   %idle
06:37:33 PM    0   44.90    0.00   19.39    0.00    0.00    6.12    0.00    0.00    0.00   29.59
06:37:33 PM    1   39.56    0.00   17.58    0.00    0.00    1.10    0.00    0.00    0.00   41.76

06:37:33 PM  CPU    %usr   %nice    %sys %iowait    %irq   %soft  %steal  %guest  %gnice   %idle
06:37:34 PM    0   47.47    0.00   21.21    0.00    0.00    3.03    0.00    0.00    0.00   28.28
06:37:34 PM    1   40.22    0.00   16.30    0.00    0.00    3.26    0.00    0.00    0.00   40.22

06:37:34 PM  CPU    %usr   %nice    %sys %iowait    %irq   %soft  %steal  %guest  %gnice   %idle
06:37:35 PM    0   46.24    0.00   15.05    0.00    0.00    3.23    0.00    0.00    0.00   35.48
06:37:35 PM    1   32.97    0.00   20.88    0.00    0.00    1.10    0.00    0.00    0.00   45.05

06:37:35 PM  CPU    %usr   %nice    %sys %iowait    %irq   %soft  %steal  %guest  %gnice   %idle
06:37:36 PM    0   37.50    0.00   22.92    0.00    0.00    5.21    0.00    0.00    0.00   34.38
06:37:36 PM    1   34.83    0.00   14.61    0.00    0.00    4.49    0.00    0.00    0.00   46.07

06:37:36 PM  CPU    %usr   %nice    %sys %iowait    %irq   %soft  %steal  %guest  %gnice   %idle
06:37:37 PM    0   43.01    0.00   19.35    0.00    0.00    2.15    0.00    0.00    0.00   35.48
06:37:37 PM    1   34.07    0.00   16.48    0.00    0.00    2.20    0.00    0.00    0.00   47.25

06:37:37 PM  CPU    %usr   %nice    %sys %iowait    %irq   %soft  %steal  %guest  %gnice   %idle
06:37:38 PM    0   38.95    0.00   21.05    0.00    0.00    8.42    0.00    0.00    0.00   31.58
06:37:38 PM    1   37.78    0.00   16.67    0.00    0.00    3.33    0.00    0.00    0.00   42.22

06:37:38 PM  CPU    %usr   %nice    %sys %iowait    %irq   %soft  %steal  %guest  %gnice   %idle
06:37:39 PM    0   42.11    0.00   21.05    0.00    0.00    4.21    0.00    0.00    0.00   32.63
06:37:39 PM    1   34.48    0.00   13.79    0.00    0.00    2.30    0.00    0.00    0.00   49.43

06:37:39 PM  CPU    %usr   %nice    %sys %iowait    %irq   %soft  %steal  %guest  %gnice   %idle
06:37:40 PM    0   40.66    0.00   18.68    0.00    0.00    4.40    0.00    0.00    0.00   36.26
06:37:40 PM    1   33.71    0.00   16.85    0.00    0.00    3.37    0.00    0.00    0.00   46.07

06:37:40 PM  CPU    %usr   %nice    %sys %iowait    %irq   %soft  %steal  %guest  %gnice   %idle
06:37:41 PM    0   47.83    0.00   19.57    0.00    0.00    3.26    0.00    0.00    0.00   29.35
06:37:41 PM    1   41.30    0.00   14.13    0.00    0.00    4.35    0.00    0.00    0.00   40.22

06:37:41 PM  CPU    %usr   %nice    %sys %iowait    %irq   %soft  %steal  %guest  %gnice   %idle
06:37:42 PM    0   46.15    0.00   15.38    0.00    0.00    3.30    0.00    0.00    0.00   35.16
06:37:42 PM    1   34.04    0.00   15.96    0.00    0.00    4.26    0.00    0.00    0.00   45.74

06:37:42 PM  CPU    %usr   %nice    %sys %iowait    %irq   %soft  %steal  %guest  %gnice   %idle
06:37:43 PM    0   51.02    0.00   18.37    0.00    0.00    3.06    0.00    0.00    0.00   27.55
06:37:43 PM    1   40.45    0.00   19.10    0.00    0.00    1.12    0.00    0.00    0.00   39.33

06:37:43 PM  CPU    %usr   %nice    %sys %iowait    %irq   %soft  %steal  %guest  %gnice   %idle
06:37:44 PM    0   51.00    0.00   15.00    0.00    0.00    5.00    0.00    0.00    0.00   29.00
06:37:44 PM    1   34.83    0.00   19.10    0.00    0.00    1.12    0.00    0.00    0.00   44.94

06:37:44 PM  CPU    %usr   %nice    %sys %iowait    %irq   %soft  %steal  %guest  %gnice   %idle
06:37:45 PM    0   42.71    0.00   19.79    0.00    0.00    5.21    0.00    0.00    0.00   32.29
06:37:45 PM    1   37.50    0.00   15.91    0.00    0.00    0.00    0.00    0.00    0.00   46.59

06:37:45 PM  CPU    %usr   %nice    %sys %iowait    %irq   %soft  %steal  %guest  %gnice   %idle
06:37:46 PM    0   48.45    0.00   15.46    0.00    0.00    4.12    0.00    0.00    0.00   31.96
06:37:46 PM    1   38.64    0.00   13.64    0.00    0.00    2.27    0.00    0.00    0.00   45.45

06:37:46 PM  CPU    %usr   %nice    %sys %iowait    %irq   %soft  %steal  %guest  %gnice   %idle
06:37:47 PM    0   46.00    0.00   24.00    0.00    0.00    4.00    0.00    0.00    0.00   26.00
06:37:47 PM    1   44.44    0.00   15.56    0.00    0.00    0.00    0.00    0.00    0.00   40.00

06:37:47 PM  CPU    %usr   %nice    %sys %iowait    %irq   %soft  %steal  %guest  %gnice   %idle
06:37:48 PM    0   43.88    0.00   18.37    0.00    0.00    4.08    0.00    0.00    0.00   33.67
06:37:48 PM    1   39.13    0.00   14.13    0.00    0.00    3.26    0.00    0.00    0.00   43.48

06:37:48 PM  CPU    %usr   %nice    %sys %iowait    %irq   %soft  %steal  %guest  %gnice   %idle
06:37:49 PM    0   49.48    0.00   16.49    0.00    0.00    4.12    0.00    0.00    0.00   29.90
06:37:49 PM    1   40.66    0.00   12.09    0.00    0.00    1.10    0.00    0.00    0.00   46.15

06:37:49 PM  CPU    %usr   %nice    %sys %iowait    %irq   %soft  %steal  %guest  %gnice   %idle
06:37:50 PM    0   48.42    0.00   17.89    0.00    0.00    3.16    0.00    0.00    0.00   30.53
06:37:50 PM    1   31.52    0.00   18.48    0.00    0.00    4.35    0.00    0.00    0.00   45.65

06:37:50 PM  CPU    %usr   %nice    %sys %iowait    %irq   %soft  %steal  %guest  %gnice   %idle
06:37:51 PM    0   46.39    0.00   14.43    0.00    0.00    7.22    0.00    0.00    0.00   31.96
06:37:51 PM    1   33.33    0.00   18.89    0.00    0.00    3.33    0.00    0.00    0.00   44.44

06:37:51 PM  CPU    %usr   %nice    %sys %iowait    %irq   %soft  %steal  %guest  %gnice   %idle
06:37:52 PM    0   53.12    0.00   18.75    0.00    0.00    6.25    0.00    0.00    0.00   21.88
06:37:52 PM    1   45.45    0.00   18.18    0.00    0.00    2.27    0.00    0.00    0.00   34.09

06:37:52 PM  CPU    %usr   %nice    %sys %iowait    %irq   %soft  %steal  %guest  %gnice   %idle
06:37:53 PM    0   43.01    0.00   20.43    0.00    0.00    5.38    0.00    0.00    0.00   31.18
06:37:53 PM    1   33.33    0.00   15.56    0.00    0.00    4.44    0.00    0.00    0.00   46.67

06:37:53 PM  CPU    %usr   %nice    %sys %iowait    %irq   %soft  %steal  %guest  %gnice   %idle
06:37:54 PM    0   45.00    0.00   20.00    0.00    0.00    4.00    0.00    0.00    0.00   31.00
06:37:54 PM    1   37.36    0.00   12.09    0.00    0.00    3.30    0.00    0.00    0.00   47.25

06:37:54 PM  CPU    %usr   %nice    %sys %iowait    %irq   %soft  %steal  %guest  %gnice   %idle
06:37:55 PM    0   44.33    0.00   16.49    0.00    0.00    6.19    0.00    0.00    0.00   32.99
06:37:55 PM    1   35.16    0.00   14.29    0.00    0.00    3.30    0.00    0.00    0.00   47.25

06:37:55 PM  CPU    %usr   %nice    %sys %iowait    %irq   %soft  %steal  %guest  %gnice   %idle
06:37:56 PM    0   50.54    0.00   20.43    0.00    0.00    1.08    0.00    0.00    0.00   27.96
06:37:56 PM    1   43.62    0.00   15.96    0.00    0.00    2.13    0.00    0.00    0.00   38.30

06:37:56 PM  CPU    %usr   %nice    %sys %iowait    %irq   %soft  %steal  %guest  %gnice   %idle
06:37:57 PM    0   42.27    0.00   19.59    0.00    0.00    6.19    0.00    0.00    0.00   31.96
06:37:57 PM    1   39.77    0.00   17.05    0.00    0.00    2.27    0.00    0.00    0.00   40.91

06:37:57 PM  CPU    %usr   %nice    %sys %iowait    %irq   %soft  %steal  %guest  %gnice   %idle
06:37:58 PM    0   42.86    0.00   21.43    0.00    0.00    4.08    0.00    0.00    0.00   31.63
06:37:58 PM    1   37.50    0.00   13.64    0.00    0.00    2.27    0.00    0.00    0.00   46.59

06:37:58 PM  CPU    %usr   %nice    %sys %iowait    %irq   %soft  %steal  %guest  %gnice   %idle
06:37:59 PM    0   45.92    0.00   20.41    0.00    0.00    6.12    0.00    0.00    0.00   27.55
06:37:59 PM    1   38.46    0.00   20.88    0.00    0.00    2.20    0.00    0.00    0.00   38.46

06:37:59 PM  CPU    %usr   %nice    %sys %iowait    %irq   %soft  %steal  %guest  %gnice   %idle
06:38:00 PM    0   46.94    0.00   21.43    0.00    0.00    4.08    0.00    0.00    0.00   27.55
06:38:00 PM    1   36.56    0.00   19.35    0.00    0.00    3.23    0.00    0.00    0.00   40.86

06:38:00 PM  CPU    %usr   %nice    %sys %iowait    %irq   %soft  %steal  %guest  %gnice   %idle
06:38:01 PM    0   50.52    0.00   16.49    0.00    0.00    3.09    0.00    0.00    0.00   29.90
06:38:01 PM    1   46.24    0.00   12.90    0.00    0.00    2.15    0.00    0.00    0.00   38.71

06:38:01 PM  CPU    %usr   %nice    %sys %iowait    %irq   %soft  %steal  %guest  %gnice   %idle
06:38:02 PM    0   43.30    0.00   22.68    0.00    0.00    5.15    0.00    0.00    0.00   28.87
06:38:02 PM    1   43.68    0.00   14.94    0.00    0.00    1.15    0.00    0.00    0.00   40.23

06:38:02 PM  CPU    %usr   %nice    %sys %iowait    %irq   %soft  %steal  %guest  %gnice   %idle
06:38:03 PM    0   47.47    0.00   23.23    0.00    0.00    5.05    0.00    0.00    0.00   24.24
06:38:03 PM    1   39.13    0.00   19.57    0.00    0.00    2.17    0.00    0.00    0.00   39.13

06:38:03 PM  CPU    %usr   %nice    %sys %iowait    %irq   %soft  %steal  %guest  %gnice   %idle
06:38:04 PM    0   48.39    0.00   18.28    0.00    0.00    4.30    0.00    0.00    0.00   29.03
06:38:04 PM    1   31.46    0.00   21.35    0.00    0.00    3.37    0.00    0.00    0.00   43.82

06:38:04 PM  CPU    %usr   %nice    %sys %iowait    %irq   %soft  %steal  %guest  %gnice   %idle
06:38:05 PM    0   46.39    0.00   15.46    0.00    0.00    5.15    0.00    0.00    0.00   32.99
06:38:05 PM    1   40.00    0.00   18.89    0.00    0.00    2.22    0.00    0.00    0.00   38.89

06:38:05 PM  CPU    %usr   %nice    %sys %iowait    %irq   %soft  %steal  %guest  %gnice   %idle
06:38:06 PM    0   46.39    0.00   17.53    0.00    0.00    4.12    0.00    0.00    0.00   31.96
06:38:06 PM    1   38.20    0.00   14.61    0.00    0.00    1.12    0.00    0.00    0.00   46.07

06:38:06 PM  CPU    %usr   %nice    %sys %iowait    %irq   %soft  %steal  %guest  %gnice   %idle
06:38:07 PM    0   55.10    0.00   20.41    0.00    0.00    3.06    0.00    0.00    0.00   21.43
06:38:07 PM    1   48.91    0.00   17.39    0.00    0.00    1.09    0.00    0.00    0.00   32.61

06:38:07 PM  CPU    %usr   %nice    %sys %iowait    %irq   %soft  %steal  %guest  %gnice   %idle
06:38:08 PM    0   43.01    0.00   21.51    0.00    0.00    4.30    0.00    0.00    0.00   31.18
06:38:08 PM    1   37.21    0.00   12.79    1.16    0.00    3.49    0.00    0.00    0.00   45.35

06:38:08 PM  CPU    %usr   %nice    %sys %iowait    %irq   %soft  %steal  %guest  %gnice   %idle
06:38:09 PM    0   41.30    0.00   18.48    0.00    0.00    4.35    0.00    0.00    0.00   35.87
06:38:09 PM    1   38.20    0.00   13.48    0.00    0.00    2.25    0.00    0.00    0.00   46.07

06:38:09 PM  CPU    %usr   %nice    %sys %iowait    %irq   %soft  %steal  %guest  %gnice   %idle
06:38:10 PM    0   45.45    0.00   21.21    0.00    0.00    3.03    0.00    0.00    0.00   30.30
06:38:10 PM    1   42.22    0.00   13.33    0.00    0.00    1.11    0.00    0.00    0.00   43.33

06:38:10 PM  CPU    %usr   %nice    %sys %iowait    %irq   %soft  %steal  %guest  %gnice   %idle
06:38:11 PM    0   45.26    0.00   16.84    0.00    0.00    4.21    0.00    0.00    0.00   33.68
06:38:11 PM    1   32.18    0.00   17.24    0.00    0.00    4.60    0.00    0.00    0.00   45.98

06:38:11 PM  CPU    %usr   %nice    %sys %iowait    %irq   %soft  %steal  %guest  %gnice   %idle
06:38:12 PM    0   46.88    0.00   16.67    0.00    0.00    6.25    0.00    0.00    0.00   30.21
06:38:12 PM    1   35.23    0.00   19.32    0.00    0.00    2.27    0.00    0.00    0.00   43.18

06:38:12 PM  CPU    %usr   %nice    %sys %iowait    %irq   %soft  %steal  %guest  %gnice   %idle
06:38:13 PM    0   50.00    0.00   17.71    0.00    0.00    3.12    0.00    0.00    0.00   29.17
06:38:13 PM    1   45.05    0.00   15.38    0.00    0.00    0.00    0.00    0.00    0.00   39.56

06:38:13 PM  CPU    %usr   %nice    %sys %iowait    %irq   %soft  %steal  %guest  %gnice   %idle
06:38:14 PM    0   43.43    0.00   22.22    0.00    0.00    4.04    0.00    0.00    0.00   30.30
06:38:14 PM    1   38.46    0.00   18.68    0.00    0.00    2.20    0.00    0.00    0.00   40.66

06:38:14 PM  CPU    %usr   %nice    %sys %iowait    %irq   %soft  %steal  %guest  %gnice   %idle
06:38:15 PM    0   40.22    0.00   17.39    0.00    0.00    3.26    0.00    0.00    0.00   39.13
06:38:15 PM    1   36.26    0.00   13.19    0.00    0.00    3.30    0.00    0.00    0.00   47.25

06:38:15 PM  CPU    %usr   %nice    %sys %iowait    %irq   %soft  %steal  %guest  %gnice   %idle
06:38:16 PM    0   51.55    0.00   22.68    0.00    0.00    4.12    0.00    0.00    0.00   21.65
06:38:16 PM    1   42.86    0.00   18.68    0.00    0.00    2.20    0.00    0.00    0.00   36.26

06:38:16 PM  CPU    %usr   %nice    %sys %iowait    %irq   %soft  %steal  %guest  %gnice   %idle
06:38:17 PM    0   52.08    0.00   21.88    0.00    0.00    6.25    0.00    0.00    0.00   19.79
06:38:17 PM    1   58.70    0.00   11.96    0.00    0.00    1.09    0.00    0.00    0.00   28.26

06:38:17 PM  CPU    %usr   %nice    %sys %iowait    %irq   %soft  %steal  %guest  %gnice   %idle
06:38:18 PM    0   49.50    0.00   22.77    0.00    0.00    5.94    0.00    0.00    0.00   21.78
06:38:18 PM    1   44.09    0.00   20.43    0.00    0.00    2.15    0.00    0.00    0.00   33.33

06:38:18 PM  CPU    %usr   %nice    %sys %iowait    %irq   %soft  %steal  %guest  %gnice   %idle
06:38:19 PM    0   48.45    0.00   23.71    0.00    0.00    4.12    0.00    0.00    0.00   23.71
06:38:19 PM    1   42.86    0.00   18.68    0.00    0.00    1.10    0.00    0.00    0.00   37.36

06:38:19 PM  CPU    %usr   %nice    %sys %iowait    %irq   %soft  %steal  %guest  %gnice   %idle
06:38:20 PM    0   52.53    0.00   18.18    0.00    0.00    7.07    0.00    0.00    0.00   22.22
06:38:20 PM    1   44.09    0.00   22.58    0.00    0.00    2.15    0.00    0.00    0.00   31.18

06:38:20 PM  CPU    %usr   %nice    %sys %iowait    %irq   %soft  %steal  %guest  %gnice   %idle
06:38:21 PM    0   51.04    0.00   21.88    0.00    0.00    4.17    0.00    0.00    0.00   22.92
06:38:21 PM    1   36.17    0.00   22.34    0.00    0.00    5.32    0.00    0.00    0.00   36.17

06:38:21 PM  CPU    %usr   %nice    %sys %iowait    %irq   %soft  %steal  %guest  %gnice   %idle
06:38:22 PM    0   36.08    0.00   17.53    0.00    0.00    7.22    0.00    0.00    0.00   39.18
06:38:22 PM    1   29.35    0.00   19.57    0.00    0.00    4.35    0.00    0.00    0.00   46.74

06:38:22 PM  CPU    %usr   %nice    %sys %iowait    %irq   %soft  %steal  %guest  %gnice   %idle
06:38:23 PM    0   45.36    0.00   15.46    0.00    0.00    5.15    0.00    0.00    0.00   34.02
06:38:23 PM    1   34.44    0.00   20.00    0.00    0.00    1.11    0.00    0.00    0.00   44.44

06:38:23 PM  CPU    %usr   %nice    %sys %iowait    %irq   %soft  %steal  %guest  %gnice   %idle
06:38:24 PM    0   47.92    0.00   19.79    0.00    0.00    5.21    0.00    0.00    0.00   27.08
06:38:24 PM    1   45.74    0.00   14.89    0.00    0.00    2.13    0.00    0.00    0.00   37.23

06:38:24 PM  CPU    %usr   %nice    %sys %iowait    %irq   %soft  %steal  %guest  %gnice   %idle
06:38:25 PM    0   42.42    0.00   17.17    0.00    0.00    6.06    0.00    0.00    0.00   34.34
06:38:25 PM    1   35.48    0.00   16.13    0.00    0.00    3.23    0.00    0.00    0.00   45.16

06:38:25 PM  CPU    %usr   %nice    %sys %iowait    %irq   %soft  %steal  %guest  %gnice   %idle
06:38:26 PM    0   47.00    0.00   23.00    0.00    0.00    5.00    0.00    0.00    0.00   25.00
06:38:26 PM    1   37.50    0.00   17.05    0.00    0.00    4.55    0.00    0.00    0.00   40.91

06:38:26 PM  CPU    %usr   %nice    %sys %iowait    %irq   %soft  %steal  %guest  %gnice   %idle
06:38:27 PM    0   47.87    0.00   17.02    0.00    0.00    2.13    0.00    0.00    0.00   32.98
06:38:27 PM    1   41.94    0.00   13.98    0.00    0.00    2.15    0.00    0.00    0.00   41.94

06:38:27 PM  CPU    %usr   %nice    %sys %iowait    %irq   %soft  %steal  %guest  %gnice   %idle
06:38:28 PM    0   49.48    0.00   21.65    0.00    0.00    3.09    0.00    0.00    0.00   25.77
06:38:28 PM    1   45.56    0.00   17.78    1.11    0.00    1.11    0.00    0.00    0.00   34.44

06:38:28 PM  CPU    %usr   %nice    %sys %iowait    %irq   %soft  %steal  %guest  %gnice   %idle
06:38:29 PM    0   58.59    0.00   23.23    0.00    0.00    4.04    0.00    0.00    0.00   14.14
06:38:29 PM    1   52.69    0.00   18.28    0.00    0.00    3.23    0.00    0.00    0.00   25.81

06:38:29 PM  CPU    %usr   %nice    %sys %iowait    %irq   %soft  %steal  %guest  %gnice   %idle
06:38:30 PM    0   52.08    0.00   22.92    0.00    0.00    4.17    0.00    0.00    0.00   20.83
06:38:30 PM    1   45.05    0.00   18.68    0.00    0.00    3.30    0.00    0.00    0.00   32.97

06:38:30 PM  CPU    %usr   %nice    %sys %iowait    %irq   %soft  %steal  %guest  %gnice   %idle
06:38:31 PM    0   54.17    0.00   16.67    0.00    0.00    4.17    0.00    0.00    0.00   25.00
06:38:31 PM    1   32.18    0.00   22.99    0.00    0.00    2.30    0.00    0.00    0.00   42.53

06:38:31 PM  CPU    %usr   %nice    %sys %iowait    %irq   %soft  %steal  %guest  %gnice   %idle
06:38:32 PM    0   53.06    0.00   18.37    0.00    0.00    6.12    0.00    0.00    0.00   22.45
06:38:32 PM    1   41.76    0.00   20.88    0.00    0.00    2.20    0.00    0.00    0.00   35.16

06:38:32 PM  CPU    %usr   %nice    %sys %iowait    %irq   %soft  %steal  %guest  %gnice   %idle
06:38:33 PM    0   48.96    0.00   20.83    0.00    0.00    5.21    0.00    0.00    0.00   25.00
06:38:33 PM    1   37.78    0.00   18.89    0.00    0.00    4.44    0.00    0.00    0.00   38.89

06:38:33 PM  CPU    %usr   %nice    %sys %iowait    %irq   %soft  %steal  %guest  %gnice   %idle
06:38:34 PM    0   48.98    0.00   22.45    0.00    0.00    3.06    0.00    0.00    0.00   25.51
06:38:34 PM    1   35.87    0.00   22.83    0.00    0.00    2.17    0.00    0.00    0.00   39.13

06:38:34 PM  CPU    %usr   %nice    %sys %iowait    %irq   %soft  %steal  %guest  %gnice   %idle
06:38:35 PM    0   52.04    0.00   20.41    0.00    0.00    4.08    0.00    0.00    0.00   23.47
06:38:35 PM    1   41.38    0.00   18.39    0.00    0.00    1.15    0.00    0.00    0.00   39.08

06:38:35 PM  CPU    %usr   %nice    %sys %iowait    %irq   %soft  %steal  %guest  %gnice   %idle
06:38:36 PM    0   53.06    0.00   20.41    0.00    0.00    5.10    0.00    0.00    0.00   21.43
06:38:36 PM    1   40.45    0.00   20.22    2.25    0.00    2.25    0.00    0.00    0.00   34.83

06:38:36 PM  CPU    %usr   %nice    %sys %iowait    %irq   %soft  %steal  %guest  %gnice   %idle
06:38:37 PM    0   44.09    0.00   18.28    0.00    0.00    4.30    0.00    0.00    0.00   33.33
06:38:37 PM    1   35.96    0.00   14.61    0.00    0.00    3.37    0.00    0.00    0.00   46.07

06:38:37 PM  CPU    %usr   %nice    %sys %iowait    %irq   %soft  %steal  %guest  %gnice   %idle
06:38:38 PM    0   51.61    0.00   18.28    1.08    0.00    2.15    0.00    0.00    0.00   26.88
06:38:38 PM    1   41.30    0.00   21.74    0.00    0.00    2.17    0.00    0.00    0.00   34.78

Average:     CPU    %usr   %nice    %sys %iowait    %irq   %soft  %steal  %guest  %gnice   %idle
Average:       0   46.49    0.00   19.35    0.01    0.00    4.66    0.00    0.00    0.00   29.49
Average:       1   38.94    0.00   16.74    0.05    0.00    2.51    0.00    0.00    0.00   41.76
