Linux 5.3.0-59-generic (ericmei) 	06/29/2020 	_x86_64_	(12 CPU)

06:44:30 PM  CPU    %usr   %nice    %sys %iowait    %irq   %soft  %steal  %guest  %gnice   %idle
06:44:31 PM    0   38.71    0.00   20.43    0.00    0.00    4.30    0.00    0.00    0.00   36.56
06:44:31 PM    1   33.72    0.00   11.63    0.00    0.00    4.65    0.00    0.00    0.00   50.00

06:44:31 PM  CPU    %usr   %nice    %sys %iowait    %irq   %soft  %steal  %guest  %gnice   %idle
06:44:32 PM    0   43.16    0.00   18.95    0.00    0.00    3.16    0.00    0.00    0.00   34.74
06:44:32 PM    1   34.07    0.00   17.58    0.00    0.00    3.30    0.00    0.00    0.00   45.05

06:44:32 PM  CPU    %usr   %nice    %sys %iowait    %irq   %soft  %steal  %guest  %gnice   %idle
06:44:33 PM    0   41.11    0.00   17.78    0.00    0.00    5.56    0.00    0.00    0.00   35.56
06:44:33 PM    1   34.44    0.00   15.56    0.00    0.00    2.22    0.00    0.00    0.00   47.78

06:44:33 PM  CPU    %usr   %nice    %sys %iowait    %irq   %soft  %steal  %guest  %gnice   %idle
06:44:34 PM    0   44.33    0.00   21.65    0.00    0.00    4.12    0.00    0.00    0.00   29.90
06:44:34 PM    1   34.88    0.00   16.28    0.00    0.00    2.33    0.00    0.00    0.00   46.51

06:44:34 PM  CPU    %usr   %nice    %sys %iowait    %irq   %soft  %steal  %guest  %gnice   %idle
06:44:35 PM    0   50.51    0.00   23.23    0.00    0.00    6.06    0.00    0.00    0.00   20.20
06:44:35 PM    1   46.07    0.00   17.98    0.00    0.00    1.12    0.00    0.00    0.00   34.83

06:44:35 PM  CPU    %usr   %nice    %sys %iowait    %irq   %soft  %steal  %guest  %gnice   %idle
06:44:36 PM    0   56.70    0.00   23.71    0.00    0.00    6.19    0.00    0.00    0.00   13.40
06:44:36 PM    1   53.19    0.00   18.09    0.00    0.00    3.19    0.00    0.00    0.00   25.53

06:44:36 PM  CPU    %usr   %nice    %sys %iowait    %irq   %soft  %steal  %guest  %gnice   %idle
06:44:37 PM    0   45.74    0.00   13.83    0.00    0.00    5.32    0.00    0.00    0.00   35.11
06:44:37 PM    1   41.76    0.00   14.29    0.00    0.00    2.20    0.00    0.00    0.00   41.76

06:44:37 PM  CPU    %usr   %nice    %sys %iowait    %irq   %soft  %steal  %guest  %gnice   %idle
06:44:38 PM    0   45.92    0.00   17.35    0.00    0.00    4.08    0.00    0.00    0.00   32.65
06:44:38 PM    1   34.83    0.00   15.73    0.00    0.00    2.25    0.00    0.00    0.00   47.19

06:44:38 PM  CPU    %usr   %nice    %sys %iowait    %irq   %soft  %steal  %guest  %gnice   %idle
06:44:39 PM    0   50.00    0.00   14.58    0.00    0.00    6.25    0.00    0.00    0.00   29.17
06:44:39 PM    1   41.49    0.00   17.02    0.00    0.00    3.19    0.00    0.00    0.00   38.30

06:44:39 PM  CPU    %usr   %nice    %sys %iowait    %irq   %soft  %steal  %guest  %gnice   %idle
06:44:40 PM    0   44.33    0.00   21.65    0.00    0.00    3.09    0.00    0.00    0.00   30.93
06:44:40 PM    1   36.26    0.00   16.48    0.00    0.00    3.30    0.00    0.00    0.00   43.96

06:44:40 PM  CPU    %usr   %nice    %sys %iowait    %irq   %soft  %steal  %guest  %gnice   %idle
06:44:41 PM    0   50.00    0.00   15.31    0.00    0.00    6.12    0.00    0.00    0.00   28.57
06:44:41 PM    1   41.94    0.00   12.90    0.00    0.00    3.23    0.00    0.00    0.00   41.94

06:44:41 PM  CPU    %usr   %nice    %sys %iowait    %irq   %soft  %steal  %guest  %gnice   %idle
06:44:42 PM    0   47.87    0.00   12.77    0.00    0.00    5.32    0.00    0.00    0.00   34.04
06:44:42 PM    1   37.21    0.00   16.28    0.00    0.00    3.49    0.00    0.00    0.00   43.02

06:44:42 PM  CPU    %usr   %nice    %sys %iowait    %irq   %soft  %steal  %guest  %gnice   %idle
06:44:43 PM    0   41.49    0.00   19.15    0.00    0.00    5.32    0.00    0.00    0.00   34.04
06:44:43 PM    1   37.08    0.00   14.61    0.00    0.00    3.37    0.00    0.00    0.00   44.94

06:44:43 PM  CPU    %usr   %nice    %sys %iowait    %irq   %soft  %steal  %guest  %gnice   %idle
06:44:44 PM    0   45.36    0.00   18.56    0.00    0.00    5.15    0.00    0.00    0.00   30.93
06:44:44 PM    1   40.43    0.00   18.09    1.06    0.00    3.19    0.00    0.00    0.00   37.23

06:44:44 PM  CPU    %usr   %nice    %sys %iowait    %irq   %soft  %steal  %guest  %gnice   %idle
06:44:45 PM    0   50.54    0.00   15.05    0.00    0.00    4.30    0.00    0.00    0.00   30.11
06:44:45 PM    1   40.00    0.00   15.56    0.00    0.00    2.22    0.00    0.00    0.00   42.22

06:44:45 PM  CPU    %usr   %nice    %sys %iowait    %irq   %soft  %steal  %guest  %gnice   %idle
06:44:46 PM    0   45.74    0.00   21.28    0.00    0.00    4.26    0.00    0.00    0.00   28.72
06:44:46 PM    1   43.48    0.00   10.87    0.00    0.00    3.26    0.00    0.00    0.00   42.39

06:44:46 PM  CPU    %usr   %nice    %sys %iowait    %irq   %soft  %steal  %guest  %gnice   %idle
06:44:47 PM    0   52.04    0.00   20.41    0.00    0.00    3.06    0.00    0.00    0.00   24.49
06:44:47 PM    1   40.62    0.00   19.79    0.00    0.00    2.08    0.00    0.00    0.00   37.50

06:44:47 PM  CPU    %usr   %nice    %sys %iowait    %irq   %soft  %steal  %guest  %gnice   %idle
06:44:48 PM    0   45.92    0.00   19.39    0.00    0.00    5.10    0.00    0.00    0.00   29.59
06:44:48 PM    1   39.36    0.00   18.09    0.00    0.00    4.26    0.00    0.00    0.00   38.30

06:44:48 PM  CPU    %usr   %nice    %sys %iowait    %irq   %soft  %steal  %guest  %gnice   %idle
06:44:49 PM    0   45.00    0.00   20.00    0.00    0.00    4.00    0.00    0.00    0.00   31.00
06:44:49 PM    1   37.36    0.00   16.48    0.00    0.00    3.30    0.00    0.00    0.00   42.86

06:44:49 PM  CPU    %usr   %nice    %sys %iowait    %irq   %soft  %steal  %guest  %gnice   %idle
06:44:50 PM    0   46.81    0.00   19.15    0.00    0.00    5.32    0.00    0.00    0.00   28.72
06:44:50 PM    1   34.44    0.00   24.44    0.00    0.00    2.22    0.00    0.00    0.00   38.89

06:44:50 PM  CPU    %usr   %nice    %sys %iowait    %irq   %soft  %steal  %guest  %gnice   %idle
06:44:51 PM    0   46.39    0.00   23.71    0.00    0.00    3.09    0.00    0.00    0.00   26.80
06:44:51 PM    1   43.18    0.00   19.32    0.00    0.00    2.27    0.00    0.00    0.00   35.23

06:44:51 PM  CPU    %usr   %nice    %sys %iowait    %irq   %soft  %steal  %guest  %gnice   %idle
06:44:52 PM    0   51.04    0.00   21.88    0.00    0.00    5.21    0.00    0.00    0.00   21.88
06:44:52 PM    1   48.94    0.00   14.89    0.00    0.00    3.19    0.00    0.00    0.00   32.98

06:44:52 PM  CPU    %usr   %nice    %sys %iowait    %irq   %soft  %steal  %guest  %gnice   %idle
06:44:53 PM    0   46.88    0.00   17.71    0.00    0.00    6.25    0.00    0.00    0.00   29.17
06:44:53 PM    1   42.39    0.00   16.30    0.00    0.00    1.09    0.00    0.00    0.00   40.22

06:44:53 PM  CPU    %usr   %nice    %sys %iowait    %irq   %soft  %steal  %guest  %gnice   %idle
06:44:54 PM    0   55.56    0.00   15.15    0.00    0.00    2.02    0.00    0.00    0.00   27.27
06:44:54 PM    1   37.93    0.00   16.09    0.00    0.00    2.30    0.00    0.00    0.00   43.68

06:44:54 PM  CPU    %usr   %nice    %sys %iowait    %irq   %soft  %steal  %guest  %gnice   %idle
06:44:55 PM    0   43.62    0.00   19.15    0.00    0.00    4.26    0.00    0.00    0.00   32.98
06:44:55 PM    1   38.71    0.00   19.35    0.00    0.00    3.23    0.00    0.00    0.00   38.71

06:44:55 PM  CPU    %usr   %nice    %sys %iowait    %irq   %soft  %steal  %guest  %gnice   %idle
06:44:56 PM    0   47.37    0.00   17.89    2.11    0.00    4.21    0.00    0.00    0.00   28.42
06:44:56 PM    1   38.20    0.00   19.10    0.00    0.00    2.25    0.00    0.00    0.00   40.45

06:44:56 PM  CPU    %usr   %nice    %sys %iowait    %irq   %soft  %steal  %guest  %gnice   %idle
06:44:57 PM    0   45.36    0.00   16.49    0.00    0.00    5.15    0.00    0.00    0.00   32.99
06:44:57 PM    1   38.89    0.00   16.67    0.00    0.00    2.22    0.00    0.00    0.00   42.22

06:44:57 PM  CPU    %usr   %nice    %sys %iowait    %irq   %soft  %steal  %guest  %gnice   %idle
06:44:58 PM    0   53.54    0.00   19.19    0.00    0.00    4.04    0.00    0.00    0.00   23.23
06:44:58 PM    1   46.88    0.00   17.71    0.00    0.00    1.04    0.00    0.00    0.00   34.38

06:44:58 PM  CPU    %usr   %nice    %sys %iowait    %irq   %soft  %steal  %guest  %gnice   %idle
06:44:59 PM    0   47.47    0.00   16.16    2.02    0.00    6.06    0.00    0.00    0.00   28.28
06:44:59 PM    1   38.37    0.00   16.28    1.16    0.00    2.33    0.00    0.00    0.00   41.86

06:44:59 PM  CPU    %usr   %nice    %sys %iowait    %irq   %soft  %steal  %guest  %gnice   %idle
06:45:00 PM    0   51.00    0.00   18.00    0.00    0.00    6.00    0.00    0.00    0.00   25.00
06:45:00 PM    1   43.96    0.00   14.29    0.00    0.00    3.30    0.00    0.00    0.00   38.46

06:45:00 PM  CPU    %usr   %nice    %sys %iowait    %irq   %soft  %steal  %guest  %gnice   %idle
06:45:01 PM    0   43.75    0.00   21.88    0.00    0.00    2.08    0.00    0.00    0.00   32.29
06:45:01 PM    1   38.20    0.00   15.73    0.00    0.00    2.25    0.00    0.00    0.00   43.82

06:45:01 PM  CPU    %usr   %nice    %sys %iowait    %irq   %soft  %steal  %guest  %gnice   %idle
06:45:02 PM    0   43.16    0.00   15.79    0.00    0.00    5.26    0.00    0.00    0.00   35.79
06:45:02 PM    1   36.96    0.00   15.22    0.00    0.00    3.26    0.00    0.00    0.00   44.57

06:45:02 PM  CPU    %usr   %nice    %sys %iowait    %irq   %soft  %steal  %guest  %gnice   %idle
06:45:03 PM    0   32.22    0.00   16.67    0.00    0.00    7.78    0.00    0.00    0.00   43.33
06:45:03 PM    1   30.43    0.00   14.13    0.00    0.00    2.17    0.00    0.00    0.00   53.26

06:45:03 PM  CPU    %usr   %nice    %sys %iowait    %irq   %soft  %steal  %guest  %gnice   %idle
06:45:04 PM    0   36.84    0.00   18.95    0.00    0.00    6.32    0.00    0.00    0.00   37.89
06:45:04 PM    1   36.96    0.00   13.04    0.00    0.00    3.26    0.00    0.00    0.00   46.74

06:45:04 PM  CPU    %usr   %nice    %sys %iowait    %irq   %soft  %steal  %guest  %gnice   %idle
06:45:05 PM    0   46.88    0.00   17.71    0.00    0.00    2.08    0.00    0.00    0.00   33.33
06:45:05 PM    1   37.50    0.00   15.91    0.00    0.00    1.14    0.00    0.00    0.00   45.45

06:45:05 PM  CPU    %usr   %nice    %sys %iowait    %irq   %soft  %steal  %guest  %gnice   %idle
06:45:06 PM    0   48.98    0.00   21.43    0.00    0.00    5.10    0.00    0.00    0.00   24.49
06:45:06 PM    1   41.30    0.00   22.83    0.00    0.00    2.17    0.00    0.00    0.00   33.70

06:45:06 PM  CPU    %usr   %nice    %sys %iowait    %irq   %soft  %steal  %guest  %gnice   %idle
06:45:07 PM    0   39.13    0.00   19.57    0.00    0.00    3.26    0.00    0.00    0.00   38.04
06:45:07 PM    1   29.21    0.00   17.98    0.00    0.00    2.25    0.00    0.00    0.00   50.56

06:45:07 PM  CPU    %usr   %nice    %sys %iowait    %irq   %soft  %steal  %guest  %gnice   %idle
06:45:08 PM    0   38.95    0.00   18.95    0.00    0.00    4.21    0.00    0.00    0.00   37.89
06:45:08 PM    1   35.63    0.00   13.79    0.00    0.00    4.60    0.00    0.00    0.00   45.98

06:45:08 PM  CPU    %usr   %nice    %sys %iowait    %irq   %soft  %steal  %guest  %gnice   %idle
06:45:09 PM    0   45.26    0.00   20.00    0.00    0.00    6.32    0.00    0.00    0.00   28.42
06:45:09 PM    1   40.00    0.00   13.33    0.00    0.00    2.22    0.00    0.00    0.00   44.44

06:45:09 PM  CPU    %usr   %nice    %sys %iowait    %irq   %soft  %steal  %guest  %gnice   %idle
06:45:10 PM    0   40.43    0.00   18.09    0.00    0.00    4.26    0.00    0.00    0.00   37.23
06:45:10 PM    1   36.96    0.00   13.04    0.00    0.00    3.26    0.00    0.00    0.00   46.74

06:45:10 PM  CPU    %usr   %nice    %sys %iowait    %irq   %soft  %steal  %guest  %gnice   %idle
06:45:11 PM    0   37.63    0.00   18.28    0.00    0.00    4.30    0.00    0.00    0.00   39.78
06:45:11 PM    1   34.48    0.00   17.24    0.00    0.00    1.15    0.00    0.00    0.00   47.13

06:45:11 PM  CPU    %usr   %nice    %sys %iowait    %irq   %soft  %steal  %guest  %gnice   %idle
06:45:12 PM    0   44.33    0.00   19.59    0.00    0.00    4.12    0.00    0.00    0.00   31.96
06:45:12 PM    1   32.61    0.00   19.57    0.00    0.00    2.17    0.00    0.00    0.00   45.65

06:45:12 PM  CPU    %usr   %nice    %sys %iowait    %irq   %soft  %steal  %guest  %gnice   %idle
06:45:13 PM    0   40.82    0.00   18.37    0.00    0.00    5.10    0.00    0.00    0.00   35.71
06:45:13 PM    1   31.87    0.00   18.68    0.00    0.00    2.20    0.00    0.00    0.00   47.25

06:45:13 PM  CPU    %usr   %nice    %sys %iowait    %irq   %soft  %steal  %guest  %gnice   %idle
06:45:14 PM    0   42.55    0.00   21.28    0.00    0.00    4.26    0.00    0.00    0.00   31.91
06:45:14 PM    1   37.50    0.00   15.91    0.00    0.00    1.14    0.00    0.00    0.00   45.45

06:45:14 PM  CPU    %usr   %nice    %sys %iowait    %irq   %soft  %steal  %guest  %gnice   %idle
06:45:15 PM    0   45.74    0.00   20.21    0.00    0.00    4.26    0.00    0.00    0.00   29.79
06:45:15 PM    1   37.50    0.00   15.91    0.00    0.00    3.41    0.00    0.00    0.00   43.18

06:45:15 PM  CPU    %usr   %nice    %sys %iowait    %irq   %soft  %steal  %guest  %gnice   %idle
06:45:16 PM    0   53.61    0.00   17.53    0.00    0.00    7.22    0.00    0.00    0.00   21.65
06:45:16 PM    1   44.57    0.00   16.30    0.00    0.00    2.17    0.00    0.00    0.00   36.96

06:45:16 PM  CPU    %usr   %nice    %sys %iowait    %irq   %soft  %steal  %guest  %gnice   %idle
06:45:17 PM    0   49.48    0.00   17.53    0.00    0.00    6.19    0.00    0.00    0.00   26.80
06:45:17 PM    1   39.53    0.00   19.77    0.00    0.00    2.33    0.00    0.00    0.00   38.37

06:45:17 PM  CPU    %usr   %nice    %sys %iowait    %irq   %soft  %steal  %guest  %gnice   %idle
06:45:18 PM    0   52.58    0.00   21.65    0.00    0.00    2.06    0.00    0.00    0.00   23.71
06:45:18 PM    1   43.48    0.00   16.30    0.00    0.00    1.09    0.00    0.00    0.00   39.13

06:45:18 PM  CPU    %usr   %nice    %sys %iowait    %irq   %soft  %steal  %guest  %gnice   %idle
06:45:19 PM    0   48.94    0.00   17.02    0.00    0.00    4.26    0.00    0.00    0.00   29.79
06:45:19 PM    1   42.22    0.00   17.78    0.00    0.00    3.33    0.00    0.00    0.00   36.67

06:45:19 PM  CPU    %usr   %nice    %sys %iowait    %irq   %soft  %steal  %guest  %gnice   %idle
06:45:20 PM    0   51.00    0.00   20.00    0.00    0.00    6.00    0.00    0.00    0.00   23.00
06:45:20 PM    1   45.16    0.00   22.58    0.00    0.00    2.15    0.00    0.00    0.00   30.11

06:45:20 PM  CPU    %usr   %nice    %sys %iowait    %irq   %soft  %steal  %guest  %gnice   %idle
06:45:21 PM    0   46.39    0.00   20.62    0.00    0.00    4.12    0.00    0.00    0.00   28.87
06:45:21 PM    1   46.15    0.00   17.58    0.00    0.00    1.10    0.00    0.00    0.00   35.16

06:45:21 PM  CPU    %usr   %nice    %sys %iowait    %irq   %soft  %steal  %guest  %gnice   %idle
06:45:22 PM    0   51.06    0.00   20.21    0.00    0.00    3.19    0.00    0.00    0.00   25.53
06:45:22 PM    1   47.25    0.00   20.88    0.00    0.00    0.00    0.00    0.00    0.00   31.87

06:45:22 PM  CPU    %usr   %nice    %sys %iowait    %irq   %soft  %steal  %guest  %gnice   %idle
06:45:23 PM    0   44.90    0.00   16.33    0.00    0.00    4.08    0.00    0.00    0.00   34.69
06:45:23 PM    1   37.50    0.00   20.45    0.00    0.00    3.41    0.00    0.00    0.00   38.64

06:45:23 PM  CPU    %usr   %nice    %sys %iowait    %irq   %soft  %steal  %guest  %gnice   %idle
06:45:24 PM    0   43.62    0.00   19.15    0.00    0.00    3.19    0.00    0.00    0.00   34.04
06:45:24 PM    1   32.98    0.00   15.96    0.00    0.00    5.32    0.00    0.00    0.00   45.74

06:45:24 PM  CPU    %usr   %nice    %sys %iowait    %irq   %soft  %steal  %guest  %gnice   %idle
06:45:25 PM    0   46.39    0.00   19.59    0.00    0.00    5.15    0.00    0.00    0.00   28.87
06:45:25 PM    1   37.93    0.00   16.09    0.00    0.00    1.15    0.00    0.00    0.00   44.83

06:45:25 PM  CPU    %usr   %nice    %sys %iowait    %irq   %soft  %steal  %guest  %gnice   %idle
06:45:26 PM    0   47.42    0.00   15.46    0.00    0.00    7.22    0.00    0.00    0.00   29.90
06:45:26 PM    1   38.89    0.00   18.89    0.00    0.00    2.22    0.00    0.00    0.00   40.00

06:45:26 PM  CPU    %usr   %nice    %sys %iowait    %irq   %soft  %steal  %guest  %gnice   %idle
06:45:27 PM    0   48.42    0.00   15.79    0.00    0.00    4.21    0.00    0.00    0.00   31.58
06:45:27 PM    1   37.50    0.00   17.05    0.00    0.00    2.27    0.00    0.00    0.00   43.18

06:45:27 PM  CPU    %usr   %nice    %sys %iowait    %irq   %soft  %steal  %guest  %gnice   %idle
06:45:28 PM    0   55.21    0.00   15.62    0.00    0.00    7.29    0.00    0.00    0.00   21.88
06:45:28 PM    1   46.24    0.00   20.43    0.00    0.00    1.08    0.00    0.00    0.00   32.26

06:45:28 PM  CPU    %usr   %nice    %sys %iowait    %irq   %soft  %steal  %guest  %gnice   %idle
06:45:29 PM    0   48.48    0.00   19.19    0.00    0.00    1.01    0.00    0.00    0.00   31.31
06:45:29 PM    1   39.36    0.00   15.96    0.00    0.00    3.19    0.00    0.00    0.00   41.49

06:45:29 PM  CPU    %usr   %nice    %sys %iowait    %irq   %soft  %steal  %guest  %gnice   %idle
06:45:30 PM    0   44.21    0.00   18.95    0.00    0.00    7.37    0.00    0.00    0.00   29.47
06:45:30 PM    1   40.86    0.00   21.51    0.00    0.00    1.08    0.00    0.00    0.00   36.56

06:45:30 PM  CPU    %usr   %nice    %sys %iowait    %irq   %soft  %steal  %guest  %gnice   %idle
06:45:31 PM    0   46.88    0.00   18.75    0.00    0.00    5.21    0.00    0.00    0.00   29.17
06:45:31 PM    1   38.37    0.00   13.95    0.00    0.00    2.33    0.00    0.00    0.00   45.35

06:45:31 PM  CPU    %usr   %nice    %sys %iowait    %irq   %soft  %steal  %guest  %gnice   %idle
06:45:32 PM    0   47.92    0.00   17.71    0.00    0.00    6.25    0.00    0.00    0.00   28.12
06:45:32 PM    1   38.89    0.00   15.56    0.00    0.00    3.33    0.00    0.00    0.00   42.22

06:45:32 PM  CPU    %usr   %nice    %sys %iowait    %irq   %soft  %steal  %guest  %gnice   %idle
06:45:33 PM    0   47.96    0.00   17.35    0.00    0.00    6.12    0.00    0.00    0.00   28.57
06:45:33 PM    1   39.36    0.00   17.02    0.00    0.00    4.26    0.00    0.00    0.00   39.36

06:45:33 PM  CPU    %usr   %nice    %sys %iowait    %irq   %soft  %steal  %guest  %gnice   %idle
06:45:34 PM    0   49.48    0.00   18.56    0.00    0.00    4.12    0.00    0.00    0.00   27.84
06:45:34 PM    1   44.57    0.00   15.22    0.00    0.00    2.17    0.00    0.00    0.00   38.04

06:45:34 PM  CPU    %usr   %nice    %sys %iowait    %irq   %soft  %steal  %guest  %gnice   %idle
06:45:35 PM    0   50.51    0.00   18.18    0.00    0.00    4.04    0.00    0.00    0.00   27.27
06:45:35 PM    1   39.56    0.00   21.98    0.00    0.00    0.00    0.00    0.00    0.00   38.46

06:45:35 PM  CPU    %usr   %nice    %sys %iowait    %irq   %soft  %steal  %guest  %gnice   %idle
06:45:36 PM    0   47.92    0.00   20.83    0.00    0.00    4.17    0.00    0.00    0.00   27.08
06:45:36 PM    1   42.39    0.00   20.65    0.00    0.00    1.09    0.00    0.00    0.00   35.87

06:45:36 PM  CPU    %usr   %nice    %sys %iowait    %irq   %soft  %steal  %guest  %gnice   %idle
06:45:37 PM    0   46.88    0.00   17.71    0.00    0.00    4.17    0.00    0.00    0.00   31.25
06:45:37 PM    1   40.22    0.00   17.39    0.00    0.00    2.17    0.00    0.00    0.00   40.22

06:45:37 PM  CPU    %usr   %nice    %sys %iowait    %irq   %soft  %steal  %guest  %gnice   %idle
06:45:38 PM    0   44.21    0.00   21.05    0.00    0.00    4.21    0.00    0.00    0.00   30.53
06:45:38 PM    1   38.89    0.00   12.22    0.00    0.00    4.44    0.00    0.00    0.00   44.44

06:45:38 PM  CPU    %usr   %nice    %sys %iowait    %irq   %soft  %steal  %guest  %gnice   %idle
06:45:39 PM    0   43.75    0.00   18.75    0.00    0.00    4.17    0.00    0.00    0.00   33.33
06:45:39 PM    1   37.50    0.00   17.05    1.14    0.00    2.27    0.00    0.00    0.00   42.05

06:45:39 PM  CPU    %usr   %nice    %sys %iowait    %irq   %soft  %steal  %guest  %gnice   %idle
06:45:40 PM    0   41.84    0.00   21.43    0.00    0.00    6.12    0.00    0.00    0.00   30.61
06:45:40 PM    1   30.77    0.00   16.48    0.00    0.00    4.40    0.00    0.00    0.00   48.35

06:45:40 PM  CPU    %usr   %nice    %sys %iowait    %irq   %soft  %steal  %guest  %gnice   %idle
06:45:41 PM    0   41.84    0.00   20.41    0.00    0.00    7.14    0.00    0.00    0.00   30.61
06:45:41 PM    1   36.96    0.00   20.65    0.00    0.00    2.17    0.00    0.00    0.00   40.22

06:45:41 PM  CPU    %usr   %nice    %sys %iowait    %irq   %soft  %steal  %guest  %gnice   %idle
06:45:42 PM    0   43.48    0.00   17.39    0.00    0.00    5.43    0.00    0.00    0.00   33.70
06:45:42 PM    1   36.56    0.00   15.05    0.00    0.00    5.38    0.00    0.00    0.00   43.01

06:45:42 PM  CPU    %usr   %nice    %sys %iowait    %irq   %soft  %steal  %guest  %gnice   %idle
06:45:43 PM    0   44.21    0.00   16.84    0.00    0.00    3.16    0.00    0.00    0.00   35.79
06:45:43 PM    1   35.96    0.00   14.61    0.00    0.00    2.25    0.00    0.00    0.00   47.19

06:45:43 PM  CPU    %usr   %nice    %sys %iowait    %irq   %soft  %steal  %guest  %gnice   %idle
06:45:44 PM    0   46.39    0.00   20.62    0.00    0.00    4.12    0.00    0.00    0.00   28.87
06:45:44 PM    1   40.00    0.00   17.78    0.00    0.00    2.22    0.00    0.00    0.00   40.00

06:45:44 PM  CPU    %usr   %nice    %sys %iowait    %irq   %soft  %steal  %guest  %gnice   %idle
06:45:45 PM    0   43.75    0.00   18.75    0.00    0.00    4.17    0.00    0.00    0.00   33.33
06:45:45 PM    1   40.00    0.00    8.89    0.00    0.00    4.44    0.00    0.00    0.00   46.67

06:45:45 PM  CPU    %usr   %nice    %sys %iowait    %irq   %soft  %steal  %guest  %gnice   %idle
06:45:46 PM    0   44.90    0.00   19.39    0.00    0.00    5.10    0.00    0.00    0.00   30.61
06:45:46 PM    1   36.36    0.00   15.91    0.00    0.00    2.27    0.00    0.00    0.00   45.45

06:45:46 PM  CPU    %usr   %nice    %sys %iowait    %irq   %soft  %steal  %guest  %gnice   %idle
06:45:47 PM    0   47.96    0.00   15.31    0.00    0.00    6.12    0.00    0.00    0.00   30.61
06:45:47 PM    1   39.56    0.00   12.09    0.00    0.00    3.30    0.00    0.00    0.00   45.05

06:45:47 PM  CPU    %usr   %nice    %sys %iowait    %irq   %soft  %steal  %guest  %gnice   %idle
06:45:48 PM    0   42.42    0.00   19.19    0.00    0.00    6.06    0.00    0.00    0.00   32.32
06:45:48 PM    1   38.64    0.00   10.23    0.00    0.00    3.41    0.00    0.00    0.00   47.73

06:45:48 PM  CPU    %usr   %nice    %sys %iowait    %irq   %soft  %steal  %guest  %gnice   %idle
06:45:49 PM    0   50.00    0.00   24.49    0.00    0.00    4.08    0.00    0.00    0.00   21.43
06:45:49 PM    1   43.96    0.00   18.68    0.00    0.00    3.30    0.00    0.00    0.00   34.07

06:45:49 PM  CPU    %usr   %nice    %sys %iowait    %irq   %soft  %steal  %guest  %gnice   %idle
06:45:50 PM    0   45.92    0.00   17.35    0.00    0.00    4.08    0.00    0.00    0.00   32.65
06:45:50 PM    1   37.93    0.00   13.79    0.00    0.00    3.45    0.00    0.00    0.00   44.83

06:45:50 PM  CPU    %usr   %nice    %sys %iowait    %irq   %soft  %steal  %guest  %gnice   %idle
06:45:51 PM    0   48.45    0.00   15.46    0.00    0.00    6.19    0.00    0.00    0.00   29.90
06:45:51 PM    1   29.21    0.00   21.35    0.00    0.00    4.49    0.00    0.00    0.00   44.94

06:45:51 PM  CPU    %usr   %nice    %sys %iowait    %irq   %soft  %steal  %guest  %gnice   %idle
06:45:52 PM    0   46.88    0.00   17.71    0.00    0.00    4.17    0.00    0.00    0.00   31.25
06:45:52 PM    1   35.56    0.00   17.78    0.00    0.00    3.33    0.00    0.00    0.00   43.33

06:45:52 PM  CPU    %usr   %nice    %sys %iowait    %irq   %soft  %steal  %guest  %gnice   %idle
06:45:53 PM    0   43.48    0.00   18.48    0.00    0.00    4.35    0.00    0.00    0.00   33.70
06:45:53 PM    1   39.78    0.00   13.98    0.00    0.00    3.23    0.00    0.00    0.00   43.01

06:45:53 PM  CPU    %usr   %nice    %sys %iowait    %irq   %soft  %steal  %guest  %gnice   %idle
06:45:54 PM    0   44.21    0.00   23.16    0.00    0.00    3.16    0.00    0.00    0.00   29.47
06:45:54 PM    1   36.78    0.00   19.54    0.00    0.00    0.00    0.00    0.00    0.00   43.68

06:45:54 PM  CPU    %usr   %nice    %sys %iowait    %irq   %soft  %steal  %guest  %gnice   %idle
06:45:55 PM    0   46.39    0.00   18.56    0.00    0.00    5.15    0.00    0.00    0.00   29.90
06:45:55 PM    1   39.13    0.00   16.30    0.00    0.00    2.17    0.00    0.00    0.00   42.39

06:45:55 PM  CPU    %usr   %nice    %sys %iowait    %irq   %soft  %steal  %guest  %gnice   %idle
06:45:56 PM    0   46.94    0.00   16.33    0.00    0.00    5.10    0.00    0.00    0.00   31.63
06:45:56 PM    1   34.83    0.00   16.85    0.00    0.00    2.25    0.00    0.00    0.00   46.07

06:45:56 PM  CPU    %usr   %nice    %sys %iowait    %irq   %soft  %steal  %guest  %gnice   %idle
06:45:57 PM    0   45.83    0.00   18.75    0.00    0.00    5.21    0.00    0.00    0.00   30.21
06:45:57 PM    1   34.09    0.00   18.18    0.00    0.00    1.14    0.00    0.00    0.00   46.59

06:45:57 PM  CPU    %usr   %nice    %sys %iowait    %irq   %soft  %steal  %guest  %gnice   %idle
06:45:58 PM    0   44.33    0.00   18.56    0.00    0.00    5.15    0.00    0.00    0.00   31.96
06:45:58 PM    1   37.93    0.00   17.24    0.00    0.00    1.15    0.00    0.00    0.00   43.68

06:45:58 PM  CPU    %usr   %nice    %sys %iowait    %irq   %soft  %steal  %guest  %gnice   %idle
06:45:59 PM    0   48.45    0.00   17.53    0.00    0.00    5.15    0.00    0.00    0.00   28.87
06:45:59 PM    1   44.32    0.00   12.50    0.00    0.00    2.27    0.00    0.00    0.00   40.91

06:45:59 PM  CPU    %usr   %nice    %sys %iowait    %irq   %soft  %steal  %guest  %gnice   %idle
06:46:00 PM    0   45.26    0.00   18.95    0.00    0.00    4.21    0.00    0.00    0.00   31.58
06:46:00 PM    1   36.26    0.00   17.58    0.00    0.00    4.40    0.00    0.00    0.00   41.76

06:46:00 PM  CPU    %usr   %nice    %sys %iowait    %irq   %soft  %steal  %guest  %gnice   %idle
06:46:01 PM    0   46.08    0.00   20.59    0.00    0.00    5.88    0.00    0.00    0.00   27.45
06:46:01 PM    1   44.57    0.00    9.78    0.00    0.00    4.35    0.00    0.00    0.00   41.30

06:46:01 PM  CPU    %usr   %nice    %sys %iowait    %irq   %soft  %steal  %guest  %gnice   %idle
06:46:02 PM    0   45.74    0.00   20.21    0.00    0.00    4.26    0.00    0.00    0.00   29.79
06:46:02 PM    1   38.89    0.00   15.56    0.00    0.00    2.22    0.00    0.00    0.00   43.33

06:46:02 PM  CPU    %usr   %nice    %sys %iowait    %irq   %soft  %steal  %guest  %gnice   %idle
06:46:03 PM    0   44.68    0.00   19.15    0.00    0.00    2.13    0.00    0.00    0.00   34.04
06:46:03 PM    1   37.36    0.00   14.29    0.00    0.00    4.40    0.00    0.00    0.00   43.96

06:46:03 PM  CPU    %usr   %nice    %sys %iowait    %irq   %soft  %steal  %guest  %gnice   %idle
06:46:04 PM    0   51.52    0.00   16.16    0.00    0.00    5.05    0.00    0.00    0.00   27.27
06:46:04 PM    1   42.39    0.00   14.13    0.00    0.00    2.17    0.00    0.00    0.00   41.30

06:46:04 PM  CPU    %usr   %nice    %sys %iowait    %irq   %soft  %steal  %guest  %gnice   %idle
06:46:05 PM    0   40.86    0.00   17.20    0.00    0.00    4.30    0.00    0.00    0.00   37.63
06:46:05 PM    1   29.35    0.00   16.30    0.00    0.00    4.35    0.00    0.00    0.00   50.00

06:46:05 PM  CPU    %usr   %nice    %sys %iowait    %irq   %soft  %steal  %guest  %gnice   %idle
06:46:06 PM    0   46.88    0.00   16.67    0.00    0.00    4.17    0.00    0.00    0.00   32.29
06:46:06 PM    1   39.33    0.00   13.48    0.00    0.00    3.37    0.00    0.00    0.00   43.82

06:46:06 PM  CPU    %usr   %nice    %sys %iowait    %irq   %soft  %steal  %guest  %gnice   %idle
06:46:07 PM    0   60.61    0.00   17.17    0.00    0.00    7.07    0.00    0.00    0.00   15.15
06:46:07 PM    1   44.68    0.00   15.96    0.00    0.00    4.26    0.00    0.00    0.00   35.11

06:46:07 PM  CPU    %usr   %nice    %sys %iowait    %irq   %soft  %steal  %guest  %gnice   %idle
06:46:08 PM    0   45.83    0.00   18.75    0.00    0.00    8.33    0.00    0.00    0.00   27.08
06:46:08 PM    1   49.45    0.00   16.48    0.00    0.00    1.10    0.00    0.00    0.00   32.97

06:46:08 PM  CPU    %usr   %nice    %sys %iowait    %irq   %soft  %steal  %guest  %gnice   %idle
06:46:09 PM    0   20.79    0.00    3.96    0.00    0.00    1.98    0.00    0.00    0.00   73.27
06:46:09 PM    1   24.76    0.00    4.76    0.00    0.00    1.90    0.00    0.00    0.00   68.57

06:46:09 PM  CPU    %usr   %nice    %sys %iowait    %irq   %soft  %steal  %guest  %gnice   %idle
06:46:10 PM    0   20.79    0.00    2.97    0.00    0.00    0.99    0.00    0.00    0.00   75.25
06:46:10 PM    1   15.15    0.00    4.04    0.00    0.00    2.02    0.00    0.00    0.00   78.79

06:46:10 PM  CPU    %usr   %nice    %sys %iowait    %irq   %soft  %steal  %guest  %gnice   %idle
06:46:11 PM    0   10.38    0.00    2.83    0.00    0.00    5.66    0.00    0.00    0.00   81.13
06:46:11 PM    1   14.85    0.00    1.98    0.00    0.00    0.99    0.00    0.00    0.00   82.18

06:46:11 PM  CPU    %usr   %nice    %sys %iowait    %irq   %soft  %steal  %guest  %gnice   %idle
06:46:12 PM    0   25.96    0.00    8.65    0.00    0.00    2.88    0.00    0.00    0.00   62.50
06:46:12 PM    1   21.15    0.00    0.96    0.00    0.00    2.88    0.00    0.00    0.00   75.00

06:46:12 PM  CPU    %usr   %nice    %sys %iowait    %irq   %soft  %steal  %guest  %gnice   %idle
06:46:13 PM    0   26.00    0.00    8.00    0.00    0.00    2.00    0.00    0.00    0.00   64.00
06:46:13 PM    1   10.78    0.00    4.90    0.00    0.00    2.94    0.00    0.00    0.00   81.37

06:46:13 PM  CPU    %usr   %nice    %sys %iowait    %irq   %soft  %steal  %guest  %gnice   %idle
06:46:14 PM    0   16.00    0.00    6.00    0.00    0.00    3.00    0.00    0.00    0.00   75.00
06:46:14 PM    1   27.00    0.00    3.00    0.00    0.00    1.00    0.00    0.00    0.00   69.00

06:46:14 PM  CPU    %usr   %nice    %sys %iowait    %irq   %soft  %steal  %guest  %gnice   %idle
06:46:15 PM    0   25.24    0.00    2.91    0.00    0.00    2.91    0.00    0.00    0.00   68.93
06:46:15 PM    1   20.59    0.00    3.92    0.00    0.00    2.94    0.00    0.00    0.00   72.55

06:46:15 PM  CPU    %usr   %nice    %sys %iowait    %irq   %soft  %steal  %guest  %gnice   %idle
06:46:16 PM    0   20.75    0.00    3.77    0.00    0.00    4.72    0.00    0.00    0.00   70.75
06:46:16 PM    1   25.49    0.00    5.88    0.00    0.00    0.98    0.00    0.00    0.00   67.65

06:46:16 PM  CPU    %usr   %nice    %sys %iowait    %irq   %soft  %steal  %guest  %gnice   %idle
06:46:17 PM    0    4.08    0.00    1.02    0.00    0.00    1.02    0.00    0.00    0.00   93.88
06:46:17 PM    1    5.15    0.00    0.00    0.00    0.00    0.00    0.00    0.00    0.00   94.85

06:46:17 PM  CPU    %usr   %nice    %sys %iowait    %irq   %soft  %steal  %guest  %gnice   %idle
06:46:18 PM    0    1.96    0.00    0.00    0.00    0.00    0.00    0.00    0.00    0.00   98.04
06:46:18 PM    1    0.00    0.00    0.00    0.00    0.00    0.00    0.00    0.00    0.00  100.00

06:46:18 PM  CPU    %usr   %nice    %sys %iowait    %irq   %soft  %steal  %guest  %gnice   %idle
06:46:19 PM    0    1.98    0.00    0.99    0.00    0.00    0.00    0.00    0.00    0.00   97.03
06:46:19 PM    1    0.00    0.00    1.00    0.00    0.00    0.00    0.00    0.00    0.00   99.00

06:46:19 PM  CPU    %usr   %nice    %sys %iowait    %irq   %soft  %steal  %guest  %gnice   %idle
06:46:20 PM    0    0.99    0.00    0.00    0.00    0.00    2.97    0.00    0.00    0.00   96.04
06:46:20 PM    1    1.00    0.00    0.00    0.00    0.00    0.00    0.00    0.00    0.00   99.00

06:46:20 PM  CPU    %usr   %nice    %sys %iowait    %irq   %soft  %steal  %guest  %gnice   %idle
06:46:21 PM    0    0.00    0.00    0.00    0.00    0.00    0.00    0.00    0.00    0.00  100.00
06:46:21 PM    1    0.00    0.00    0.00    0.00    0.00    0.00    0.00    0.00    0.00  100.00

06:46:21 PM  CPU    %usr   %nice    %sys %iowait    %irq   %soft  %steal  %guest  %gnice   %idle
06:46:22 PM    0    1.00    0.00    0.00    0.00    0.00    0.00    0.00    0.00    0.00   99.00
06:46:22 PM    1    0.00    0.00    0.00    0.00    0.00    0.00    0.00    0.00    0.00  100.00

06:46:22 PM  CPU    %usr   %nice    %sys %iowait    %irq   %soft  %steal  %guest  %gnice   %idle
06:46:23 PM    0    0.00    0.00    0.00    0.00    0.00    0.00    0.00    0.00    0.00  100.00
06:46:23 PM    1    0.00    0.00    0.00    0.00    0.00    0.00    0.00    0.00    0.00  100.00

06:46:23 PM  CPU    %usr   %nice    %sys %iowait    %irq   %soft  %steal  %guest  %gnice   %idle
06:46:24 PM    0    0.00    0.00    0.00    0.00    0.00    0.00    0.00    0.00    0.00  100.00
06:46:24 PM    1    0.00    0.00    0.99    0.00    0.00    0.00    0.00    0.00    0.00   99.01

06:46:24 PM  CPU    %usr   %nice    %sys %iowait    %irq   %soft  %steal  %guest  %gnice   %idle
06:46:25 PM    0    0.98    0.00    0.98    0.00    0.00    0.00    0.00    0.00    0.00   98.04
06:46:25 PM    1    0.00    0.00    0.00    0.00    0.00    0.00    0.00    0.00    0.00  100.00

06:46:25 PM  CPU    %usr   %nice    %sys %iowait    %irq   %soft  %steal  %guest  %gnice   %idle
06:46:26 PM    0    1.00    0.00    0.00    0.00    0.00    0.00    0.00    0.00    0.00   99.00
06:46:26 PM    1    0.00    0.00    0.00    0.00    0.00    0.00    0.00    0.00    0.00  100.00

06:46:26 PM  CPU    %usr   %nice    %sys %iowait    %irq   %soft  %steal  %guest  %gnice   %idle
06:46:27 PM    0    0.00    0.00    0.00    0.00    0.00    1.00    0.00    0.00    0.00   99.00
06:46:27 PM    1    0.00    0.00    0.99    0.00    0.00    0.00    0.00    0.00    0.00   99.01

06:46:27 PM  CPU    %usr   %nice    %sys %iowait    %irq   %soft  %steal  %guest  %gnice   %idle
06:46:28 PM    0    0.99    0.00    0.00    0.00    0.00    0.99    0.00    0.00    0.00   98.02
06:46:28 PM    1    0.99    0.00    0.00    0.00    0.00    0.00    0.00    0.00    0.00   99.01

06:46:28 PM  CPU    %usr   %nice    %sys %iowait    %irq   %soft  %steal  %guest  %gnice   %idle
06:46:29 PM    0    0.00    0.00    0.00    0.00    0.00    0.00    0.00    0.00    0.00  100.00
06:46:29 PM    1    0.00    0.00    0.00    0.00    0.00    0.00    0.00    0.00    0.00  100.00

06:46:29 PM  CPU    %usr   %nice    %sys %iowait    %irq   %soft  %steal  %guest  %gnice   %idle
06:46:30 PM    0    0.00    0.00    0.00    0.00    0.00    0.00    0.00    0.00    0.00  100.00
06:46:30 PM    1    0.00    0.00    0.00    0.00    0.00    0.00    0.00    0.00    0.00  100.00

Average:     CPU    %usr   %nice    %sys %iowait    %irq   %soft  %steal  %guest  %gnice   %idle
Average:       0   39.08    0.00   15.48    0.03    0.00    4.15    0.00    0.00    0.00   41.25
Average:       1   32.82    0.00   13.53    0.03    0.00    2.27    0.00    0.00    0.00   51.35
