Linux 5.3.0-59-generic (ericmei) 	06/29/2020 	_x86_64_	(12 CPU)

11:14:05 PM  CPU    %usr   %nice    %sys %iowait    %irq   %soft  %steal  %guest  %gnice   %idle
11:14:06 PM    0   25.51    0.00   11.22    0.00    0.00    6.12    0.00    0.00    0.00   57.14
11:14:06 PM    1   10.53    0.00    3.95    0.00    0.00    1.32    0.00    0.00    0.00   84.21

11:14:06 PM  CPU    %usr   %nice    %sys %iowait    %irq   %soft  %steal  %guest  %gnice   %idle
11:14:07 PM    0   30.30    0.00   12.12    0.00    0.00    2.02    0.00    0.00    0.00   55.56
11:14:07 PM    1   10.26    0.00    3.85    0.00    0.00    3.85    0.00    0.00    0.00   82.05

11:14:07 PM  CPU    %usr   %nice    %sys %iowait    %irq   %soft  %steal  %guest  %gnice   %idle
11:14:08 PM    0   25.51    0.00   14.29    0.00    0.00    4.08    0.00    0.00    0.00   56.12
11:14:08 PM    1   10.39    0.00    3.90    0.00    0.00    2.60    0.00    0.00    0.00   83.12

11:14:08 PM  CPU    %usr   %nice    %sys %iowait    %irq   %soft  %steal  %guest  %gnice   %idle
11:14:09 PM    0   23.47    0.00   16.33    0.00    0.00    2.04    0.00    0.00    0.00   58.16
11:14:09 PM    1   11.84    0.00    2.63    0.00    0.00    0.00    0.00    0.00    0.00   85.53

11:14:09 PM  CPU    %usr   %nice    %sys %iowait    %irq   %soft  %steal  %guest  %gnice   %idle
11:14:10 PM    0   27.27    0.00   12.12    0.00    0.00    5.05    0.00    0.00    0.00   55.56
11:14:10 PM    1   11.39    0.00    5.06    0.00    0.00    3.80    0.00    0.00    0.00   79.75

11:14:10 PM  CPU    %usr   %nice    %sys %iowait    %irq   %soft  %steal  %guest  %gnice   %idle
11:14:11 PM    0   27.27    0.00   14.14    0.00    0.00    3.03    0.00    0.00    0.00   55.56
11:14:11 PM    1   10.39    0.00    3.90    0.00    0.00    1.30    0.00    0.00    0.00   84.42

11:14:11 PM  CPU    %usr   %nice    %sys %iowait    %irq   %soft  %steal  %guest  %gnice   %idle
11:14:12 PM    0   28.28    0.00   13.13    0.00    0.00    3.03    0.00    0.00    0.00   55.56
11:14:12 PM    1    8.86    0.00    5.06    0.00    0.00    3.80    0.00    0.00    0.00   82.28

11:14:12 PM  CPU    %usr   %nice    %sys %iowait    %irq   %soft  %steal  %guest  %gnice   %idle
11:14:13 PM    0   27.72    0.00   13.86    0.00    0.00    4.95    0.00    0.00    0.00   53.47
11:14:13 PM    1   10.00    0.00    5.00    0.00    0.00    6.25    0.00    0.00    0.00   78.75

11:14:13 PM  CPU    %usr   %nice    %sys %iowait    %irq   %soft  %steal  %guest  %gnice   %idle
11:14:14 PM    0   27.00    0.00   14.00    0.00    0.00    4.00    0.00    0.00    0.00   55.00
11:14:14 PM    1   11.54    0.00    3.85    0.00    0.00    1.28    0.00    0.00    0.00   83.33

11:14:14 PM  CPU    %usr   %nice    %sys %iowait    %irq   %soft  %steal  %guest  %gnice   %idle
11:14:15 PM    0   23.00    0.00   19.00    0.00    0.00    2.00    0.00    0.00    0.00   56.00
11:14:15 PM    1   11.69    0.00    3.90    0.00    0.00    1.30    0.00    0.00    0.00   83.12

11:14:15 PM  CPU    %usr   %nice    %sys %iowait    %irq   %soft  %steal  %guest  %gnice   %idle
11:14:16 PM    0   26.00    0.00   13.00    0.00    0.00    5.00    0.00    0.00    0.00   56.00
11:14:16 PM    1   10.26    0.00    3.85    0.00    0.00    2.56    0.00    0.00    0.00   83.33

11:14:16 PM  CPU    %usr   %nice    %sys %iowait    %irq   %soft  %steal  %guest  %gnice   %idle
11:14:17 PM    0   27.00    0.00   15.00    0.00    0.00    3.00    0.00    0.00    0.00   55.00
11:14:17 PM    1   13.16    0.00    1.32    0.00    0.00    1.32    0.00    0.00    0.00   84.21

11:14:17 PM  CPU    %usr   %nice    %sys %iowait    %irq   %soft  %steal  %guest  %gnice   %idle
11:14:18 PM    0   29.70    0.00   11.88    0.00    0.00    1.98    0.00    0.00    0.00   56.44
11:14:18 PM    1    8.86    0.00    5.06    0.00    0.00    5.06    0.00    0.00    0.00   81.01

11:14:18 PM  CPU    %usr   %nice    %sys %iowait    %irq   %soft  %steal  %guest  %gnice   %idle
11:14:19 PM    0   29.59    0.00   10.20    0.00    0.00    3.06    0.00    0.00    0.00   57.14
11:14:19 PM    1   12.50    0.00    3.75    0.00    0.00    2.50    0.00    0.00    0.00   81.25

11:14:19 PM  CPU    %usr   %nice    %sys %iowait    %irq   %soft  %steal  %guest  %gnice   %idle
11:14:20 PM    0   28.71    0.00   12.87    0.00    0.00    2.97    0.00    0.00    0.00   55.45
11:14:20 PM    1    7.79    0.00    5.19    0.00    0.00    2.60    0.00    0.00    0.00   84.42

11:14:20 PM  CPU    %usr   %nice    %sys %iowait    %irq   %soft  %steal  %guest  %gnice   %idle
11:14:21 PM    0   24.00    0.00   16.00    0.00    0.00    4.00    0.00    0.00    0.00   56.00
11:14:21 PM    1   10.53    0.00    3.95    0.00    0.00    1.32    0.00    0.00    0.00   84.21

11:14:21 PM  CPU    %usr   %nice    %sys %iowait    %irq   %soft  %steal  %guest  %gnice   %idle
11:14:22 PM    0   25.74    0.00   13.86    0.00    0.00    4.95    0.00    0.00    0.00   55.45
11:14:22 PM    1    8.97    0.00    5.13    0.00    0.00    3.85    0.00    0.00    0.00   82.05

11:14:22 PM  CPU    %usr   %nice    %sys %iowait    %irq   %soft  %steal  %guest  %gnice   %idle
11:14:23 PM    0   28.28    0.00   11.11    0.00    0.00    5.05    0.00    0.00    0.00   55.56
11:14:23 PM    1    9.09    0.00    5.19    0.00    0.00    2.60    0.00    0.00    0.00   83.12

11:14:23 PM  CPU    %usr   %nice    %sys %iowait    %irq   %soft  %steal  %guest  %gnice   %idle
11:14:24 PM    0   25.77    0.00   14.43    0.00    0.00    3.09    0.00    0.00    0.00   56.70
11:14:24 PM    1   10.53    0.00    2.63    0.00    0.00    1.32    0.00    0.00    0.00   85.53

11:14:24 PM  CPU    %usr   %nice    %sys %iowait    %irq   %soft  %steal  %guest  %gnice   %idle
11:14:25 PM    0   32.67    0.00   10.89    0.00    0.00    1.98    0.00    0.00    0.00   54.46
11:14:25 PM    1    9.21    0.00    5.26    0.00    0.00    1.32    0.00    0.00    0.00   84.21

11:14:25 PM  CPU    %usr   %nice    %sys %iowait    %irq   %soft  %steal  %guest  %gnice   %idle
11:14:26 PM    0   26.26    0.00   14.14    0.00    0.00    3.03    0.00    0.00    0.00   56.57
11:14:26 PM    1   10.39    0.00    3.90    0.00    0.00    1.30    0.00    0.00    0.00   84.42

11:14:26 PM  CPU    %usr   %nice    %sys %iowait    %irq   %soft  %steal  %guest  %gnice   %idle
11:14:27 PM    0   25.77    0.00   14.43    0.00    0.00    2.06    0.00    0.00    0.00   57.73
11:14:27 PM    1    9.09    0.00    6.49    0.00    0.00    1.30    0.00    0.00    0.00   83.12

11:14:27 PM  CPU    %usr   %nice    %sys %iowait    %irq   %soft  %steal  %guest  %gnice   %idle
11:14:28 PM    0   24.74    0.00   14.43    0.00    0.00    4.12    0.00    0.00    0.00   56.70
11:14:28 PM    1    8.00    0.00    4.00    0.00    0.00    2.67    0.00    0.00    0.00   85.33

11:14:28 PM  CPU    %usr   %nice    %sys %iowait    %irq   %soft  %steal  %guest  %gnice   %idle
11:14:29 PM    0   29.00    0.00   12.00    0.00    0.00    3.00    0.00    0.00    0.00   56.00
11:14:29 PM    1   12.99    0.00    2.60    0.00    0.00    1.30    0.00    0.00    0.00   83.12

11:14:29 PM  CPU    %usr   %nice    %sys %iowait    %irq   %soft  %steal  %guest  %gnice   %idle
11:14:30 PM    0   28.57    0.00   12.24    0.00    0.00    3.06    0.00    0.00    0.00   56.12
11:14:30 PM    1   11.69    0.00    2.60    0.00    0.00    1.30    0.00    0.00    0.00   84.42

11:14:30 PM  CPU    %usr   %nice    %sys %iowait    %irq   %soft  %steal  %guest  %gnice   %idle
11:14:31 PM    0   28.00    0.00   12.00    0.00    0.00    4.00    0.00    0.00    0.00   56.00
11:14:31 PM    1    6.67    0.00    6.67    0.00    0.00    1.33    0.00    0.00    0.00   85.33

11:14:31 PM  CPU    %usr   %nice    %sys %iowait    %irq   %soft  %steal  %guest  %gnice   %idle
11:14:32 PM    0   29.59    0.00   10.20    0.00    0.00    3.06    0.00    0.00    0.00   57.14
11:14:32 PM    1   10.39    0.00    3.90    0.00    0.00    2.60    0.00    0.00    0.00   83.12

11:14:32 PM  CPU    %usr   %nice    %sys %iowait    %irq   %soft  %steal  %guest  %gnice   %idle
11:14:33 PM    0   28.12    0.00   12.50    0.00    0.00    2.08    0.00    0.00    0.00   57.29
11:14:33 PM    1    8.86    0.00    5.06    0.00    0.00    5.06    0.00    0.00    0.00   81.01

11:14:33 PM  CPU    %usr   %nice    %sys %iowait    %irq   %soft  %steal  %guest  %gnice   %idle
11:14:34 PM    0   26.53    0.00   13.27    0.00    0.00    4.08    0.00    0.00    0.00   56.12
11:14:34 PM    1   10.26    0.00    6.41    0.00    0.00    2.56    0.00    0.00    0.00   80.77

11:14:34 PM  CPU    %usr   %nice    %sys %iowait    %irq   %soft  %steal  %guest  %gnice   %idle
11:14:35 PM    0   27.27    0.00   14.14    0.00    0.00    2.02    0.00    0.00    0.00   56.57
11:14:35 PM    1    9.21    0.00    3.95    0.00    0.00    1.32    0.00    0.00    0.00   85.53

11:14:35 PM  CPU    %usr   %nice    %sys %iowait    %irq   %soft  %steal  %guest  %gnice   %idle
11:14:36 PM    0   27.27    0.00   15.15    0.00    0.00    3.03    0.00    0.00    0.00   54.55
11:14:36 PM    1   12.99    0.00    2.60    0.00    0.00    1.30    0.00    0.00    0.00   83.12

11:14:36 PM  CPU    %usr   %nice    %sys %iowait    %irq   %soft  %steal  %guest  %gnice   %idle
11:14:37 PM    0   28.57    0.00    9.18    0.00    0.00    5.10    0.00    0.00    0.00   57.14
11:14:37 PM    1    7.89    0.00    5.26    0.00    0.00    2.63    0.00    0.00    0.00   84.21

11:14:37 PM  CPU    %usr   %nice    %sys %iowait    %irq   %soft  %steal  %guest  %gnice   %idle
11:14:38 PM    0   28.71    0.00   10.89    0.00    0.00    4.95    0.00    0.00    0.00   55.45
11:14:38 PM    1   11.39    0.00    5.06    0.00    0.00    2.53    0.00    0.00    0.00   81.01

11:14:38 PM  CPU    %usr   %nice    %sys %iowait    %irq   %soft  %steal  %guest  %gnice   %idle
11:14:39 PM    0   27.00    0.00   14.00    0.00    0.00    4.00    0.00    0.00    0.00   55.00
11:14:39 PM    1    6.67    0.00    6.67    0.00    0.00    1.33    0.00    0.00    0.00   85.33

11:14:39 PM  CPU    %usr   %nice    %sys %iowait    %irq   %soft  %steal  %guest  %gnice   %idle
11:14:40 PM    0   29.17    0.00   10.42    0.00    0.00    3.12    0.00    0.00    0.00   57.29
11:14:40 PM    1    7.79    0.00    5.19    0.00    0.00    2.60    0.00    0.00    0.00   84.42

11:14:40 PM  CPU    %usr   %nice    %sys %iowait    %irq   %soft  %steal  %guest  %gnice   %idle
11:14:41 PM    0   26.26    0.00   13.13    0.00    0.00    4.04    0.00    0.00    0.00   56.57
11:14:41 PM    1   11.69    0.00    2.60    0.00    0.00    1.30    0.00    0.00    0.00   84.42

11:14:41 PM  CPU    %usr   %nice    %sys %iowait    %irq   %soft  %steal  %guest  %gnice   %idle
11:14:42 PM    0   30.10    0.00   12.62    0.00    0.00    2.91    0.00    0.00    0.00   54.37
11:14:42 PM    1   11.69    0.00    1.30    0.00    0.00    2.60    0.00    0.00    0.00   84.42

11:14:42 PM  CPU    %usr   %nice    %sys %iowait    %irq   %soft  %steal  %guest  %gnice   %idle
11:14:43 PM    0   29.59    0.00   11.22    0.00    0.00    4.08    0.00    0.00    0.00   55.10
11:14:43 PM    1   10.39    0.00    5.19    0.00    0.00    1.30    0.00    0.00    0.00   83.12

11:14:43 PM  CPU    %usr   %nice    %sys %iowait    %irq   %soft  %steal  %guest  %gnice   %idle
11:14:44 PM    0   27.55    0.00   10.20    0.00    0.00    5.10    0.00    0.00    0.00   57.14
11:14:44 PM    1   10.26    0.00    2.56    0.00    0.00    3.85    0.00    0.00    0.00   83.33

11:14:44 PM  CPU    %usr   %nice    %sys %iowait    %irq   %soft  %steal  %guest  %gnice   %idle
11:14:45 PM    0   27.00    0.00   13.00    0.00    0.00    3.00    0.00    0.00    0.00   57.00
11:14:45 PM    1   12.82    0.00    2.56    0.00    0.00    1.28    0.00    0.00    0.00   83.33

11:14:45 PM  CPU    %usr   %nice    %sys %iowait    %irq   %soft  %steal  %guest  %gnice   %idle
11:14:46 PM    0   31.25    0.00    8.33    0.00    0.00    3.12    0.00    0.00    0.00   57.29
11:14:46 PM    1   10.39    0.00    5.19    0.00    0.00    1.30    0.00    0.00    0.00   83.12

11:14:46 PM  CPU    %usr   %nice    %sys %iowait    %irq   %soft  %steal  %guest  %gnice   %idle
11:14:47 PM    0   26.00    0.00   15.00    0.00    0.00    3.00    0.00    0.00    0.00   56.00
11:14:47 PM    1   10.39    0.00    2.60    0.00    0.00    3.90    0.00    0.00    0.00   83.12

11:14:47 PM  CPU    %usr   %nice    %sys %iowait    %irq   %soft  %steal  %guest  %gnice   %idle
11:14:48 PM    0   26.53    0.00   12.24    0.00    0.00    4.08    0.00    0.00    0.00   57.14
11:14:48 PM    1   11.69    0.00    2.60    0.00    0.00    1.30    0.00    0.00    0.00   84.42

11:14:48 PM  CPU    %usr   %nice    %sys %iowait    %irq   %soft  %steal  %guest  %gnice   %idle
11:14:49 PM    0   26.53    0.00   13.27    0.00    0.00    3.06    0.00    0.00    0.00   57.14
11:14:49 PM    1    9.09    0.00    6.49    0.00    0.00    0.00    0.00    0.00    0.00   84.42

11:14:49 PM  CPU    %usr   %nice    %sys %iowait    %irq   %soft  %steal  %guest  %gnice   %idle
11:14:50 PM    0   23.00    0.00   16.00    0.00    0.00    5.00    0.00    0.00    0.00   56.00
11:14:50 PM    1   10.13    0.00    6.33    0.00    0.00    2.53    0.00    0.00    0.00   81.01

11:14:50 PM  CPU    %usr   %nice    %sys %iowait    %irq   %soft  %steal  %guest  %gnice   %idle
11:14:51 PM    0   30.00    0.00   11.00    0.00    0.00    3.00    0.00    0.00    0.00   56.00
11:14:51 PM    1    7.79    0.00    6.49    0.00    0.00    2.60    0.00    0.00    0.00   83.12

11:14:51 PM  CPU    %usr   %nice    %sys %iowait    %irq   %soft  %steal  %guest  %gnice   %idle
11:14:52 PM    0   30.30    0.00   12.12    0.00    0.00    1.01    0.00    0.00    0.00   56.57
11:14:52 PM    1   11.69    0.00    5.19    0.00    0.00    1.30    0.00    0.00    0.00   81.82

11:14:52 PM  CPU    %usr   %nice    %sys %iowait    %irq   %soft  %steal  %guest  %gnice   %idle
11:14:53 PM    0   29.59    0.00   12.24    0.00    0.00    3.06    0.00    0.00    0.00   55.10
11:14:53 PM    1   11.11    0.00    3.70    0.00    0.00    6.17    0.00    0.00    0.00   79.01

11:14:53 PM  CPU    %usr   %nice    %sys %iowait    %irq   %soft  %steal  %guest  %gnice   %idle
11:14:54 PM    0   28.57    0.00   14.29    0.00    0.00    1.02    0.00    0.00    0.00   56.12
11:14:54 PM    1   13.16    0.00    3.95    0.00    0.00    0.00    0.00    0.00    0.00   82.89

11:14:54 PM  CPU    %usr   %nice    %sys %iowait    %irq   %soft  %steal  %guest  %gnice   %idle
11:14:55 PM    0   27.72    0.00   12.87    0.00    0.00    3.96    0.00    0.00    0.00   55.45
11:14:55 PM    1    8.97    0.00    5.13    0.00    0.00    3.85    0.00    0.00    0.00   82.05

11:14:55 PM  CPU    %usr   %nice    %sys %iowait    %irq   %soft  %steal  %guest  %gnice   %idle
11:14:56 PM    0   30.00    0.00   12.00    0.00    0.00    2.00    0.00    0.00    0.00   56.00
11:14:56 PM    1    8.86    0.00    2.53    0.00    0.00    5.06    0.00    0.00    0.00   83.54

11:14:56 PM  CPU    %usr   %nice    %sys %iowait    %irq   %soft  %steal  %guest  %gnice   %idle
11:14:57 PM    0   24.24    0.00   16.16    0.00    0.00    4.04    0.00    0.00    0.00   55.56
11:14:57 PM    1   11.69    0.00    3.90    0.00    0.00    1.30    0.00    0.00    0.00   83.12

11:14:57 PM  CPU    %usr   %nice    %sys %iowait    %irq   %soft  %steal  %guest  %gnice   %idle
11:14:58 PM    0   26.00    0.00   13.00    0.00    0.00    6.00    0.00    0.00    0.00   55.00
11:14:58 PM    1   10.39    0.00    2.60    0.00    0.00    3.90    0.00    0.00    0.00   83.12

11:14:58 PM  CPU    %usr   %nice    %sys %iowait    %irq   %soft  %steal  %guest  %gnice   %idle
11:14:59 PM    0   26.00    0.00   16.00    0.00    0.00    3.00    0.00    0.00    0.00   55.00
11:14:59 PM    1    8.97    0.00    6.41    0.00    0.00    2.56    0.00    0.00    0.00   82.05

11:14:59 PM  CPU    %usr   %nice    %sys %iowait    %irq   %soft  %steal  %guest  %gnice   %idle
11:15:00 PM    0   27.72    0.00   12.87    0.00    0.00    3.96    0.00    0.00    0.00   55.45
11:15:00 PM    1    8.11    0.00    4.05    0.00    0.00    1.35    0.00    0.00    0.00   86.49

11:15:00 PM  CPU    %usr   %nice    %sys %iowait    %irq   %soft  %steal  %guest  %gnice   %idle
11:15:01 PM    0   24.00    0.00   19.00    0.00    0.00    3.00    0.00    0.00    0.00   54.00
11:15:01 PM    1   10.26    0.00    6.41    0.00    0.00    2.56    0.00    0.00    0.00   80.77

11:15:01 PM  CPU    %usr   %nice    %sys %iowait    %irq   %soft  %steal  %guest  %gnice   %idle
11:15:02 PM    0   27.00    0.00   12.00    0.00    0.00    5.00    0.00    0.00    0.00   56.00
11:15:02 PM    1   11.25    0.00    5.00    0.00    0.00    2.50    0.00    0.00    0.00   81.25

11:15:02 PM  CPU    %usr   %nice    %sys %iowait    %irq   %soft  %steal  %guest  %gnice   %idle
11:15:03 PM    0   27.00    0.00   13.00    0.00    0.00    4.00    0.00    0.00    0.00   56.00
11:15:03 PM    1    6.58    0.00    5.26    0.00    0.00    3.95    0.00    0.00    0.00   84.21

11:15:03 PM  CPU    %usr   %nice    %sys %iowait    %irq   %soft  %steal  %guest  %gnice   %idle
11:15:04 PM    0   26.80    0.00   14.43    0.00    0.00    3.09    0.00    0.00    0.00   55.67
11:15:04 PM    1   10.26    0.00    2.56    0.00    0.00    5.13    0.00    0.00    0.00   82.05

11:15:04 PM  CPU    %usr   %nice    %sys %iowait    %irq   %soft  %steal  %guest  %gnice   %idle
11:15:05 PM    0   25.00    0.00   14.00    0.00    0.00    5.00    0.00    0.00    0.00   56.00
11:15:05 PM    1   13.75    0.00    1.25    0.00    0.00    3.75    0.00    0.00    0.00   81.25

11:15:05 PM  CPU    %usr   %nice    %sys %iowait    %irq   %soft  %steal  %guest  %gnice   %idle
11:15:06 PM    0   28.28    0.00   10.10    0.00    0.00    4.04    0.00    0.00    0.00   57.58
11:15:06 PM    1   10.98    0.00    4.88    0.00    0.00    3.66    0.00    0.00    0.00   80.49

11:15:06 PM  CPU    %usr   %nice    %sys %iowait    %irq   %soft  %steal  %guest  %gnice   %idle
11:15:07 PM    0   28.57    0.00   10.20    0.00    0.00    5.10    0.00    0.00    0.00   56.12
11:15:07 PM    1   10.00    0.00    2.50    0.00    0.00    6.25    0.00    0.00    0.00   81.25

11:15:07 PM  CPU    %usr   %nice    %sys %iowait    %irq   %soft  %steal  %guest  %gnice   %idle
11:15:08 PM    0   23.96    0.00   13.54    0.00    0.00    4.17    0.00    0.00    0.00   58.33
11:15:08 PM    1   11.69    0.00    2.60    0.00    0.00    2.60    0.00    0.00    0.00   83.12

11:15:08 PM  CPU    %usr   %nice    %sys %iowait    %irq   %soft  %steal  %guest  %gnice   %idle
11:15:09 PM    0   26.53    0.00   13.27    0.00    0.00    4.08    0.00    0.00    0.00   56.12
11:15:09 PM    1   10.00    0.00    5.00    0.00    0.00    5.00    0.00    0.00    0.00   80.00

11:15:09 PM  CPU    %usr   %nice    %sys %iowait    %irq   %soft  %steal  %guest  %gnice   %idle
11:15:10 PM    0   29.41    0.00   11.76    0.00    0.00    4.90    0.00    0.00    0.00   53.92
11:15:10 PM    1   10.13    0.00    6.33    0.00    0.00    3.80    0.00    0.00    0.00   79.75

11:15:10 PM  CPU    %usr   %nice    %sys %iowait    %irq   %soft  %steal  %guest  %gnice   %idle
11:15:11 PM    0   29.41    0.00   12.75    0.00    0.00    1.96    0.00    0.00    0.00   55.88
11:15:11 PM    1   10.00    0.00    2.50    0.00    0.00    5.00    0.00    0.00    0.00   82.50

11:15:11 PM  CPU    %usr   %nice    %sys %iowait    %irq   %soft  %steal  %guest  %gnice   %idle
11:15:12 PM    0   27.27    0.00   15.15    0.00    0.00    1.01    0.00    0.00    0.00   56.57
11:15:12 PM    1   10.26    0.00    3.85    0.00    0.00    3.85    0.00    0.00    0.00   82.05

11:15:12 PM  CPU    %usr   %nice    %sys %iowait    %irq   %soft  %steal  %guest  %gnice   %idle
11:15:13 PM    0   31.63    0.00    8.16    0.00    0.00    3.06    0.00    0.00    0.00   57.14
11:15:13 PM    1   12.66    0.00    3.80    0.00    0.00    2.53    0.00    0.00    0.00   81.01

11:15:13 PM  CPU    %usr   %nice    %sys %iowait    %irq   %soft  %steal  %guest  %gnice   %idle
11:15:14 PM    0   28.00    0.00   12.00    0.00    0.00    4.00    0.00    0.00    0.00   56.00
11:15:14 PM    1    9.21    0.00    5.26    0.00    0.00    1.32    0.00    0.00    0.00   84.21

11:15:14 PM  CPU    %usr   %nice    %sys %iowait    %irq   %soft  %steal  %guest  %gnice   %idle
11:15:15 PM    0   30.61    0.00   11.22    0.00    0.00    3.06    0.00    0.00    0.00   55.10
11:15:15 PM    1   12.66    0.00    3.80    0.00    0.00    2.53    0.00    0.00    0.00   81.01

11:15:15 PM  CPU    %usr   %nice    %sys %iowait    %irq   %soft  %steal  %guest  %gnice   %idle
11:15:16 PM    0   25.51    0.00   13.27    0.00    0.00    4.08    0.00    0.00    0.00   57.14
11:15:16 PM    1   10.13    0.00    5.06    0.00    0.00    3.80    0.00    0.00    0.00   81.01

11:15:16 PM  CPU    %usr   %nice    %sys %iowait    %irq   %soft  %steal  %guest  %gnice   %idle
11:15:17 PM    0   27.55    0.00   12.24    0.00    0.00    3.06    0.00    0.00    0.00   57.14
11:15:17 PM    1    7.79    0.00    5.19    0.00    0.00    2.60    0.00    0.00    0.00   84.42

11:15:17 PM  CPU    %usr   %nice    %sys %iowait    %irq   %soft  %steal  %guest  %gnice   %idle
11:15:18 PM    0   29.59    0.00   12.24    0.00    0.00    2.04    0.00    0.00    0.00   56.12
11:15:18 PM    1   11.25    0.00    2.50    0.00    0.00    5.00    0.00    0.00    0.00   81.25

11:15:18 PM  CPU    %usr   %nice    %sys %iowait    %irq   %soft  %steal  %guest  %gnice   %idle
11:15:19 PM    0   25.51    0.00   11.22    0.00    0.00    6.12    0.00    0.00    0.00   57.14
11:15:19 PM    1    6.85    0.00    5.48    0.00    0.00    0.00    0.00    0.00    0.00   87.67

11:15:19 PM  CPU    %usr   %nice    %sys %iowait    %irq   %soft  %steal  %guest  %gnice   %idle
11:15:20 PM    0   27.00    0.00   13.00    0.00    0.00    5.00    0.00    0.00    0.00   55.00
11:15:20 PM    1    8.86    0.00    5.06    0.00    0.00    5.06    0.00    0.00    0.00   81.01

11:15:20 PM  CPU    %usr   %nice    %sys %iowait    %irq   %soft  %steal  %guest  %gnice   %idle
11:15:21 PM    0   26.26    0.00   14.14    0.00    0.00    3.03    0.00    0.00    0.00   56.57
11:15:21 PM    1   10.53    0.00    3.95    0.00    0.00    1.32    0.00    0.00    0.00   84.21

11:15:21 PM  CPU    %usr   %nice    %sys %iowait    %irq   %soft  %steal  %guest  %gnice   %idle
11:15:22 PM    0   30.30    0.00   11.11    0.00    0.00    3.03    0.00    0.00    0.00   55.56
11:15:22 PM    1   11.69    0.00    2.60    0.00    0.00    1.30    0.00    0.00    0.00   84.42

11:15:22 PM  CPU    %usr   %nice    %sys %iowait    %irq   %soft  %steal  %guest  %gnice   %idle
11:15:23 PM    0   24.24    0.00   13.13    0.00    0.00    6.06    0.00    0.00    0.00   56.57
11:15:23 PM    1   11.39    0.00    1.27    3.80    0.00    5.06    0.00    0.00    0.00   78.48

11:15:23 PM  CPU    %usr   %nice    %sys %iowait    %irq   %soft  %steal  %guest  %gnice   %idle
11:15:24 PM    0   26.73    0.00   13.86    0.00    0.00    4.95    0.00    0.00    0.00   54.46
11:15:24 PM    1   11.25    0.00    6.25    0.00    0.00    2.50    0.00    0.00    0.00   80.00

11:15:24 PM  CPU    %usr   %nice    %sys %iowait    %irq   %soft  %steal  %guest  %gnice   %idle
11:15:25 PM    0   27.72    0.00   12.87    0.00    0.00    2.97    0.00    0.00    0.00   56.44
11:15:25 PM    1   11.25    0.00    3.75    0.00    0.00    3.75    0.00    0.00    0.00   81.25

11:15:25 PM  CPU    %usr   %nice    %sys %iowait    %irq   %soft  %steal  %guest  %gnice   %idle
11:15:26 PM    0   28.87    0.00   11.34    0.00    0.00    3.09    0.00    0.00    0.00   56.70
11:15:26 PM    1   10.39    0.00    2.60    0.00    0.00    3.90    0.00    0.00    0.00   83.12

11:15:26 PM  CPU    %usr   %nice    %sys %iowait    %irq   %soft  %steal  %guest  %gnice   %idle
11:15:27 PM    0   24.74    0.00   12.37    0.00    0.00    5.15    0.00    0.00    0.00   57.73
11:15:27 PM    1   11.39    0.00    5.06    0.00    0.00    2.53    0.00    0.00    0.00   81.01

11:15:27 PM  CPU    %usr   %nice    %sys %iowait    %irq   %soft  %steal  %guest  %gnice   %idle
11:15:28 PM    0   27.84    0.00   12.37    0.00    0.00    3.09    0.00    0.00    0.00   56.70
11:15:28 PM    1    8.86    0.00    3.80    0.00    0.00    6.33    0.00    0.00    0.00   81.01

11:15:28 PM  CPU    %usr   %nice    %sys %iowait    %irq   %soft  %steal  %guest  %gnice   %idle
11:15:29 PM    0   24.24    0.00   12.12    0.00    0.00    6.06    0.00    0.00    0.00   57.58
11:15:29 PM    1   11.84    0.00    3.95    0.00    0.00    0.00    0.00    0.00    0.00   84.21

11:15:29 PM  CPU    %usr   %nice    %sys %iowait    %irq   %soft  %steal  %guest  %gnice   %idle
11:15:30 PM    0   27.27    0.00   14.14    0.00    0.00    2.02    0.00    0.00    0.00   56.57
11:15:30 PM    1    8.64    0.00    6.17    0.00    0.00    4.94    0.00    0.00    0.00   80.25

11:15:30 PM  CPU    %usr   %nice    %sys %iowait    %irq   %soft  %steal  %guest  %gnice   %idle
11:15:31 PM    0   32.65    0.00    9.18    0.00    0.00    3.06    0.00    0.00    0.00   55.10
11:15:31 PM    1    9.21    0.00    3.95    0.00    0.00    1.32    0.00    0.00    0.00   85.53

11:15:31 PM  CPU    %usr   %nice    %sys %iowait    %irq   %soft  %steal  %guest  %gnice   %idle
11:15:32 PM    0   26.80    0.00   12.37    0.00    0.00    4.12    0.00    0.00    0.00   56.70
11:15:32 PM    1   12.00    0.00    2.67    0.00    0.00    0.00    0.00    0.00    0.00   85.33

11:15:32 PM  CPU    %usr   %nice    %sys %iowait    %irq   %soft  %steal  %guest  %gnice   %idle
11:15:33 PM    0   29.00    0.00   12.00    0.00    0.00    4.00    0.00    0.00    0.00   55.00
11:15:33 PM    1    8.75    0.00    6.25    0.00    0.00    3.75    0.00    0.00    0.00   81.25

11:15:33 PM  CPU    %usr   %nice    %sys %iowait    %irq   %soft  %steal  %guest  %gnice   %idle
11:15:34 PM    0   23.00    0.00   18.00    0.00    0.00    3.00    0.00    0.00    0.00   56.00
11:15:34 PM    1   10.13    0.00    6.33    0.00    0.00    2.53    0.00    0.00    0.00   81.01

11:15:34 PM  CPU    %usr   %nice    %sys %iowait    %irq   %soft  %steal  %guest  %gnice   %idle
11:15:35 PM    0   28.00    0.00   11.00    0.00    0.00    4.00    0.00    0.00    0.00   57.00
11:15:35 PM    1   10.00    0.00    2.50    0.00    0.00    6.25    0.00    0.00    0.00   81.25

11:15:35 PM  CPU    %usr   %nice    %sys %iowait    %irq   %soft  %steal  %guest  %gnice   %idle
11:15:36 PM    0   30.30    0.00   10.10    0.00    0.00    4.04    0.00    0.00    0.00   55.56
11:15:36 PM    1    6.49    0.00    7.79    0.00    0.00    2.60    0.00    0.00    0.00   83.12

11:15:36 PM  CPU    %usr   %nice    %sys %iowait    %irq   %soft  %steal  %guest  %gnice   %idle
11:15:37 PM    0   28.87    0.00   12.37    0.00    0.00    3.09    0.00    0.00    0.00   55.67
11:15:37 PM    1   11.11    0.00    7.41    0.00    0.00    2.47    0.00    0.00    0.00   79.01

11:15:37 PM  CPU    %usr   %nice    %sys %iowait    %irq   %soft  %steal  %guest  %gnice   %idle
11:15:38 PM    0   24.49    0.00   15.31    0.00    0.00    5.10    0.00    0.00    0.00   55.10
11:15:38 PM    1   12.00    0.00    2.67    0.00    0.00    0.00    0.00    0.00    0.00   85.33

11:15:38 PM  CPU    %usr   %nice    %sys %iowait    %irq   %soft  %steal  %guest  %gnice   %idle
11:15:39 PM    0   24.74    0.00   15.46    0.00    0.00    3.09    0.00    0.00    0.00   56.70
11:15:39 PM    1    8.75    0.00    5.00    0.00    0.00    5.00    0.00    0.00    0.00   81.25

11:15:39 PM  CPU    %usr   %nice    %sys %iowait    %irq   %soft  %steal  %guest  %gnice   %idle
11:15:40 PM    0   32.99    0.00    8.25    0.00    0.00    1.03    0.00    0.00    0.00   57.73
11:15:40 PM    1   10.00    0.00    5.00    0.00    0.00    5.00    0.00    0.00    0.00   80.00

11:15:40 PM  CPU    %usr   %nice    %sys %iowait    %irq   %soft  %steal  %guest  %gnice   %idle
11:15:41 PM    0   29.29    0.00   12.12    0.00    0.00    2.02    0.00    0.00    0.00   56.57
11:15:41 PM    1   10.39    0.00    2.60    0.00    0.00    1.30    0.00    0.00    0.00   85.71

11:15:41 PM  CPU    %usr   %nice    %sys %iowait    %irq   %soft  %steal  %guest  %gnice   %idle
11:15:42 PM    0   29.00    0.00   12.00    0.00    0.00    4.00    0.00    0.00    0.00   55.00
11:15:42 PM    1   10.67    0.00    2.67    0.00    0.00    1.33    0.00    0.00    0.00   85.33

11:15:42 PM  CPU    %usr   %nice    %sys %iowait    %irq   %soft  %steal  %guest  %gnice   %idle
11:15:43 PM    0   26.26    0.00   16.16    0.00    0.00    2.02    0.00    0.00    0.00   55.56
11:15:43 PM    1    8.97    0.00    6.41    0.00    0.00    2.56    0.00    0.00    0.00   82.05

11:15:43 PM  CPU    %usr   %nice    %sys %iowait    %irq   %soft  %steal  %guest  %gnice   %idle
11:15:44 PM    0   28.28    0.00   12.12    0.00    0.00    3.03    0.00    0.00    0.00   56.57
11:15:44 PM    1    8.00    0.00    4.00    0.00    0.00    1.33    0.00    0.00    0.00   86.67

11:15:44 PM  CPU    %usr   %nice    %sys %iowait    %irq   %soft  %steal  %guest  %gnice   %idle
11:15:45 PM    0   30.30    0.00    8.08    0.00    0.00    5.05    0.00    0.00    0.00   56.57
11:15:45 PM    1   10.00    0.00    6.25    0.00    0.00    3.75    0.00    0.00    0.00   80.00

11:15:45 PM  CPU    %usr   %nice    %sys %iowait    %irq   %soft  %steal  %guest  %gnice   %idle
11:15:46 PM    0   24.51    0.00   12.75    0.00    0.00    6.86    0.00    0.00    0.00   55.88
11:15:46 PM    1   11.39    0.00    2.53    0.00    0.00    3.80    0.00    0.00    0.00   82.28

11:15:46 PM  CPU    %usr   %nice    %sys %iowait    %irq   %soft  %steal  %guest  %gnice   %idle
11:15:47 PM    0   29.59    0.00   11.22    0.00    0.00    3.06    0.00    0.00    0.00   56.12
11:15:47 PM    1    8.97    0.00    3.85    0.00    0.00    3.85    0.00    0.00    0.00   83.33

11:15:47 PM  CPU    %usr   %nice    %sys %iowait    %irq   %soft  %steal  %guest  %gnice   %idle
11:15:48 PM    0   26.00    0.00   14.00    0.00    0.00    4.00    0.00    0.00    0.00   56.00
11:15:48 PM    1    8.97    0.00    6.41    0.00    0.00    1.28    0.00    0.00    0.00   83.33

11:15:48 PM  CPU    %usr   %nice    %sys %iowait    %irq   %soft  %steal  %guest  %gnice   %idle
11:15:49 PM    0   27.27    0.00   14.14    0.00    0.00    2.02    0.00    0.00    0.00   56.57
11:15:49 PM    1   10.81    0.00    2.70    0.00    0.00    1.35    0.00    0.00    0.00   85.14

11:15:49 PM  CPU    %usr   %nice    %sys %iowait    %irq   %soft  %steal  %guest  %gnice   %idle
11:15:50 PM    0   28.00    0.00   12.00    0.00    0.00    4.00    0.00    0.00    0.00   56.00
11:15:50 PM    1   10.00    0.00    3.75    0.00    0.00    3.75    0.00    0.00    0.00   82.50

11:15:50 PM  CPU    %usr   %nice    %sys %iowait    %irq   %soft  %steal  %guest  %gnice   %idle
11:15:51 PM    0   29.59    0.00    9.18    0.00    0.00    3.06    0.00    0.00    0.00   58.16
11:15:51 PM    1    9.09    0.00    2.60    0.00    0.00    3.90    0.00    0.00    0.00   84.42

11:15:51 PM  CPU    %usr   %nice    %sys %iowait    %irq   %soft  %steal  %guest  %gnice   %idle
11:15:52 PM    0   27.55    0.00   12.24    0.00    0.00    3.06    0.00    0.00    0.00   57.14
11:15:52 PM    1    8.64    0.00    4.94    0.00    0.00    4.94    0.00    0.00    0.00   81.48

11:15:52 PM  CPU    %usr   %nice    %sys %iowait    %irq   %soft  %steal  %guest  %gnice   %idle
11:15:53 PM    0   30.30    0.00   10.10    0.00    0.00    3.03    0.00    0.00    0.00   56.57
11:15:53 PM    1    6.58    0.00    5.26    0.00    0.00    2.63    0.00    0.00    0.00   85.53

11:15:53 PM  CPU    %usr   %nice    %sys %iowait    %irq   %soft  %steal  %guest  %gnice   %idle
11:15:54 PM    0   27.27    0.00   14.14    0.00    0.00    2.02    0.00    0.00    0.00   56.57
11:15:54 PM    1    9.21    0.00    6.58    0.00    0.00    0.00    0.00    0.00    0.00   84.21

11:15:54 PM  CPU    %usr   %nice    %sys %iowait    %irq   %soft  %steal  %guest  %gnice   %idle
11:15:55 PM    0   26.04    0.00   13.54    0.00    0.00    3.12    0.00    0.00    0.00   57.29
11:15:55 PM    1   10.39    0.00    3.90    0.00    0.00    2.60    0.00    0.00    0.00   83.12

11:15:55 PM  CPU    %usr   %nice    %sys %iowait    %irq   %soft  %steal  %guest  %gnice   %idle
11:15:56 PM    0   28.00    0.00   11.00    0.00    0.00    5.00    0.00    0.00    0.00   56.00
11:15:56 PM    1   11.69    0.00    2.60    0.00    0.00    2.60    0.00    0.00    0.00   83.12

11:15:56 PM  CPU    %usr   %nice    %sys %iowait    %irq   %soft  %steal  %guest  %gnice   %idle
11:15:57 PM    0   27.27    0.00   14.14    0.00    0.00    3.03    0.00    0.00    0.00   55.56
11:15:57 PM    1   11.39    0.00    5.06    0.00    0.00    2.53    0.00    0.00    0.00   81.01

11:15:57 PM  CPU    %usr   %nice    %sys %iowait    %irq   %soft  %steal  %guest  %gnice   %idle
11:15:58 PM    0   26.53    0.00   13.27    0.00    0.00    4.08    0.00    0.00    0.00   56.12
11:15:58 PM    1    8.75    0.00    6.25    0.00    0.00    5.00    0.00    0.00    0.00   80.00

11:15:58 PM  CPU    %usr   %nice    %sys %iowait    %irq   %soft  %steal  %guest  %gnice   %idle
11:15:59 PM    0   30.61    0.00   11.22    0.00    0.00    2.04    0.00    0.00    0.00   56.12
11:15:59 PM    1    9.09    0.00    3.90    0.00    0.00    3.90    0.00    0.00    0.00   83.12

11:15:59 PM  CPU    %usr   %nice    %sys %iowait    %irq   %soft  %steal  %guest  %gnice   %idle
11:16:00 PM    0   28.28    0.00   13.13    0.00    0.00    4.04    0.00    0.00    0.00   54.55
11:16:00 PM    1   10.39    0.00    3.90    0.00    0.00    1.30    0.00    0.00    0.00   84.42

11:16:00 PM  CPU    %usr   %nice    %sys %iowait    %irq   %soft  %steal  %guest  %gnice   %idle
11:16:01 PM    0   30.93    0.00    9.28    0.00    0.00    3.09    0.00    0.00    0.00   56.70
11:16:01 PM    1   10.13    0.00    6.33    0.00    0.00    2.53    0.00    0.00    0.00   81.01

11:16:01 PM  CPU    %usr   %nice    %sys %iowait    %irq   %soft  %steal  %guest  %gnice   %idle
11:16:02 PM    0   25.74    0.00   14.85    0.00    0.00    3.96    0.00    0.00    0.00   55.45
11:16:02 PM    1   11.54    0.00    3.85    0.00    0.00    2.56    0.00    0.00    0.00   82.05

11:16:02 PM  CPU    %usr   %nice    %sys %iowait    %irq   %soft  %steal  %guest  %gnice   %idle
11:16:03 PM    0   25.51    0.00   14.29    0.00    0.00    4.08    0.00    0.00    0.00   56.12
11:16:03 PM    1   10.26    0.00    3.85    0.00    0.00    3.85    0.00    0.00    0.00   82.05

11:16:03 PM  CPU    %usr   %nice    %sys %iowait    %irq   %soft  %steal  %guest  %gnice   %idle
11:16:04 PM    0   27.00    0.00   15.00    0.00    0.00    2.00    0.00    0.00    0.00   56.00
11:16:04 PM    1    7.59    0.00    6.33    0.00    0.00    3.80    0.00    0.00    0.00   82.28

11:16:04 PM  CPU    %usr   %nice    %sys %iowait    %irq   %soft  %steal  %guest  %gnice   %idle
11:16:05 PM    0   24.00    0.00   15.00    0.00    0.00    5.00    0.00    0.00    0.00   56.00
11:16:05 PM    1    9.09    0.00    5.19    0.00    0.00    2.60    0.00    0.00    0.00   83.12

Average:     CPU    %usr   %nice    %sys %iowait    %irq   %soft  %steal  %guest  %gnice   %idle
Average:       0   27.52    0.00   12.80    0.00    0.00    3.56    0.00    0.00    0.00   56.12
Average:       1   10.12    0.00    4.33    0.03    0.00    2.77    0.00    0.00    0.00   82.75
