Linux 5.3.0-59-generic (ericmei) 	06/29/2020 	_x86_64_	(12 CPU)

11:16:42 PM  CPU    %usr   %nice    %sys %iowait    %irq   %soft  %steal  %guest  %gnice   %idle
11:16:43 PM    0   27.72    0.00   14.85    0.00    0.00    1.98    0.00    0.00    0.00   55.45
11:16:43 PM    1    8.75    0.00    5.00    0.00    0.00    5.00    0.00    0.00    0.00   81.25

11:16:43 PM  CPU    %usr   %nice    %sys %iowait    %irq   %soft  %steal  %guest  %gnice   %idle
11:16:44 PM    0   26.47    0.00   13.73    0.00    0.00    3.92    0.00    0.00    0.00   55.88
11:16:44 PM    1    7.59    0.00    7.59    0.00    0.00    2.53    0.00    0.00    0.00   82.28

11:16:44 PM  CPU    %usr   %nice    %sys %iowait    %irq   %soft  %steal  %guest  %gnice   %idle
11:16:45 PM    0   28.28    0.00   10.10    0.00    0.00    4.04    0.00    0.00    0.00   57.58
11:16:45 PM    1   10.39    0.00    1.30    0.00    0.00    3.90    0.00    0.00    0.00   84.42

11:16:45 PM  CPU    %usr   %nice    %sys %iowait    %irq   %soft  %steal  %guest  %gnice   %idle
11:16:46 PM    0   26.26    0.00   14.14    0.00    0.00    2.02    0.00    0.00    0.00   57.58
11:16:46 PM    1   11.39    0.00    5.06    0.00    0.00    2.53    0.00    0.00    0.00   81.01

11:16:46 PM  CPU    %usr   %nice    %sys %iowait    %irq   %soft  %steal  %guest  %gnice   %idle
11:16:47 PM    0   28.87    0.00   10.31    0.00    0.00    2.06    0.00    0.00    0.00   58.76
11:16:47 PM    1   10.13    0.00    5.06    0.00    0.00    1.27    0.00    0.00    0.00   83.54

11:16:47 PM  CPU    %usr   %nice    %sys %iowait    %irq   %soft  %steal  %guest  %gnice   %idle
11:16:48 PM    0   25.74    0.00   12.87    0.00    0.00    4.95    0.00    0.00    0.00   56.44
11:16:48 PM    1    8.97    0.00    6.41    0.00    0.00    2.56    0.00    0.00    0.00   82.05

11:16:48 PM  CPU    %usr   %nice    %sys %iowait    %irq   %soft  %steal  %guest  %gnice   %idle
11:16:49 PM    0   25.25    0.00   17.17    0.00    0.00    1.01    0.00    0.00    0.00   56.57
11:16:49 PM    1   12.66    0.00    3.80    0.00    0.00    1.27    0.00    0.00    0.00   82.28

11:16:49 PM  CPU    %usr   %nice    %sys %iowait    %irq   %soft  %steal  %guest  %gnice   %idle
11:16:50 PM    0   26.00    0.00   13.00    0.00    0.00    4.00    0.00    0.00    0.00   57.00
11:16:50 PM    1   10.26    0.00    2.56    0.00    0.00    3.85    0.00    0.00    0.00   83.33

11:16:50 PM  CPU    %usr   %nice    %sys %iowait    %irq   %soft  %steal  %guest  %gnice   %idle
11:16:51 PM    0   26.00    0.00   16.00    0.00    0.00    2.00    0.00    0.00    0.00   56.00
11:16:51 PM    1   14.63    0.00    1.22    0.00    0.00    6.10    0.00    0.00    0.00   78.05

11:16:51 PM  CPU    %usr   %nice    %sys %iowait    %irq   %soft  %steal  %guest  %gnice   %idle
11:16:52 PM    0   27.00    0.00   12.00    0.00    0.00    3.00    0.00    0.00    0.00   58.00
11:16:52 PM    1   10.26    0.00    3.85    0.00    0.00    2.56    0.00    0.00    0.00   83.33

11:16:52 PM  CPU    %usr   %nice    %sys %iowait    %irq   %soft  %steal  %guest  %gnice   %idle
11:16:53 PM    0   25.51    0.00   15.31    0.00    0.00    3.06    0.00    0.00    0.00   56.12
11:16:53 PM    1   11.54    0.00    3.85    0.00    0.00    1.28    0.00    0.00    0.00   83.33

11:16:53 PM  CPU    %usr   %nice    %sys %iowait    %irq   %soft  %steal  %guest  %gnice   %idle
11:16:54 PM    0   28.00    0.00   13.00    0.00    0.00    2.00    0.00    0.00    0.00   57.00
11:16:54 PM    1   10.39    0.00    5.19    0.00    0.00    1.30    0.00    0.00    0.00   83.12

11:16:54 PM  CPU    %usr   %nice    %sys %iowait    %irq   %soft  %steal  %guest  %gnice   %idle
11:16:55 PM    0   28.28    0.00   11.11    0.00    0.00    4.04    0.00    0.00    0.00   56.57
11:16:55 PM    1    8.97    0.00    3.85    0.00    0.00    3.85    0.00    0.00    0.00   83.33

11:16:55 PM  CPU    %usr   %nice    %sys %iowait    %irq   %soft  %steal  %guest  %gnice   %idle
11:16:56 PM    0   25.74    0.00   14.85    0.00    0.00    1.98    0.00    0.00    0.00   57.43
11:16:56 PM    1   12.82    0.00    2.56    0.00    0.00    1.28    0.00    0.00    0.00   83.33

11:16:56 PM  CPU    %usr   %nice    %sys %iowait    %irq   %soft  %steal  %guest  %gnice   %idle
11:16:57 PM    0   27.00    0.00   12.00    0.00    0.00    4.00    0.00    0.00    0.00   57.00
11:16:57 PM    1   10.00    0.00    3.75    0.00    0.00    5.00    0.00    0.00    0.00   81.25

11:16:57 PM  CPU    %usr   %nice    %sys %iowait    %irq   %soft  %steal  %guest  %gnice   %idle
11:16:58 PM    0   27.27    0.00   14.14    0.00    0.00    2.02    0.00    0.00    0.00   56.57
11:16:58 PM    1   10.39    0.00    5.19    0.00    0.00    1.30    0.00    0.00    0.00   83.12

11:16:58 PM  CPU    %usr   %nice    %sys %iowait    %irq   %soft  %steal  %guest  %gnice   %idle
11:16:59 PM    0   25.25    0.00   11.11    0.00    0.00    5.05    0.00    0.00    0.00   58.59
11:16:59 PM    1    7.59    0.00    6.33    0.00    0.00    3.80    0.00    0.00    0.00   82.28

11:16:59 PM  CPU    %usr   %nice    %sys %iowait    %irq   %soft  %steal  %guest  %gnice   %idle
11:17:00 PM    0   27.45    0.00   12.75    0.00    0.00    4.90    0.00    0.00    0.00   54.90
11:17:00 PM    1   10.26    0.00    5.13    0.00    0.00    1.28    0.00    0.00    0.00   83.33

11:17:00 PM  CPU    %usr   %nice    %sys %iowait    %irq   %soft  %steal  %guest  %gnice   %idle
11:17:01 PM    0   25.51    0.00   12.24    0.00    0.00    4.08    0.00    0.00    0.00   58.16
11:17:01 PM    1   10.13    0.00    3.80    0.00    0.00    5.06    0.00    0.00    0.00   81.01

11:17:01 PM  CPU    %usr   %nice    %sys %iowait    %irq   %soft  %steal  %guest  %gnice   %idle
11:17:02 PM    0   27.72    0.00   11.88    0.00    0.00    3.96    0.00    0.00    0.00   56.44
11:17:02 PM    1   10.00    0.00    3.75    0.00    0.00    5.00    0.00    0.00    0.00   81.25

11:17:02 PM  CPU    %usr   %nice    %sys %iowait    %irq   %soft  %steal  %guest  %gnice   %idle
11:17:03 PM    0   25.00    0.00   14.00    0.00    0.00    4.00    0.00    0.00    0.00   57.00
11:17:03 PM    1   12.50    0.00    3.75    0.00    0.00    2.50    0.00    0.00    0.00   81.25

11:17:03 PM  CPU    %usr   %nice    %sys %iowait    %irq   %soft  %steal  %guest  %gnice   %idle
11:17:04 PM    0   28.00    0.00   12.00    0.00    0.00    3.00    0.00    0.00    0.00   57.00
11:17:04 PM    1   10.39    0.00    5.19    0.00    0.00    1.30    0.00    0.00    0.00   83.12

11:17:04 PM  CPU    %usr   %nice    %sys %iowait    %irq   %soft  %steal  %guest  %gnice   %idle
11:17:05 PM    0   30.00    0.00   12.00    0.00    0.00    2.00    0.00    0.00    0.00   56.00
11:17:05 PM    1    8.75    0.00    6.25    0.00    0.00    3.75    0.00    0.00    0.00   81.25

11:17:05 PM  CPU    %usr   %nice    %sys %iowait    %irq   %soft  %steal  %guest  %gnice   %idle
11:17:06 PM    0   25.74    0.00   14.85    0.00    0.00    3.96    0.00    0.00    0.00   55.45
11:17:06 PM    1   10.13    0.00    3.80    0.00    0.00    3.80    0.00    0.00    0.00   82.28

11:17:06 PM  CPU    %usr   %nice    %sys %iowait    %irq   %soft  %steal  %guest  %gnice   %idle
11:17:07 PM    0   27.27    0.00   11.11    0.00    0.00    3.03    0.00    0.00    0.00   58.59
11:17:07 PM    1   10.26    0.00    3.85    0.00    0.00    2.56    0.00    0.00    0.00   83.33

11:17:07 PM  CPU    %usr   %nice    %sys %iowait    %irq   %soft  %steal  %guest  %gnice   %idle
11:17:08 PM    0   28.71    0.00   11.88    0.00    0.00    3.96    0.00    0.00    0.00   55.45
11:17:08 PM    1   11.54    0.00    5.13    0.00    0.00    1.28    0.00    0.00    0.00   82.05

11:17:08 PM  CPU    %usr   %nice    %sys %iowait    %irq   %soft  %steal  %guest  %gnice   %idle
11:17:09 PM    0   26.26    0.00   14.14    0.00    0.00    4.04    0.00    0.00    0.00   55.56
11:17:09 PM    1   10.26    0.00    5.13    0.00    0.00    3.85    0.00    0.00    0.00   80.77

11:17:09 PM  CPU    %usr   %nice    %sys %iowait    %irq   %soft  %steal  %guest  %gnice   %idle
11:17:10 PM    0   27.00    0.00   12.00    0.00    0.00    4.00    0.00    0.00    0.00   57.00
11:17:10 PM    1    8.86    0.00    6.33    0.00    0.00    3.80    0.00    0.00    0.00   81.01

11:17:10 PM  CPU    %usr   %nice    %sys %iowait    %irq   %soft  %steal  %guest  %gnice   %idle
11:17:11 PM    0   23.53    0.00   16.67    0.00    0.00    3.92    0.00    0.00    0.00   55.88
11:17:11 PM    1   11.39    0.00    6.33    0.00    0.00    2.53    0.00    0.00    0.00   79.75

11:17:11 PM  CPU    %usr   %nice    %sys %iowait    %irq   %soft  %steal  %guest  %gnice   %idle
11:17:12 PM    0   21.43    0.00   18.37    0.00    0.00    3.06    0.00    0.00    0.00   57.14
11:17:12 PM    1   10.13    0.00    5.06    0.00    0.00    2.53    0.00    0.00    0.00   82.28

11:17:12 PM  CPU    %usr   %nice    %sys %iowait    %irq   %soft  %steal  %guest  %gnice   %idle
11:17:13 PM    0   24.24    0.00   13.13    0.00    0.00    4.04    0.00    0.00    0.00   58.59
11:17:13 PM    1    8.97    0.00    2.56    0.00    0.00    3.85    0.00    0.00    0.00   84.62

11:17:13 PM  CPU    %usr   %nice    %sys %iowait    %irq   %soft  %steal  %guest  %gnice   %idle
11:17:14 PM    0   30.30    0.00    9.09    0.00    0.00    4.04    0.00    0.00    0.00   56.57
11:17:14 PM    1   13.92    0.00    2.53    0.00    0.00    3.80    0.00    0.00    0.00   79.75

11:17:14 PM  CPU    %usr   %nice    %sys %iowait    %irq   %soft  %steal  %guest  %gnice   %idle
11:17:15 PM    0   28.28    0.00   12.12    0.00    0.00    3.03    0.00    0.00    0.00   56.57
11:17:15 PM    1   12.66    0.00    3.80    0.00    0.00    2.53    0.00    0.00    0.00   81.01

11:17:15 PM  CPU    %usr   %nice    %sys %iowait    %irq   %soft  %steal  %guest  %gnice   %idle
11:17:16 PM    0   24.00    0.00   15.00    0.00    0.00    4.00    0.00    0.00    0.00   57.00
11:17:16 PM    1   11.11    0.00    3.70    0.00    0.00    6.17    0.00    0.00    0.00   79.01

11:17:16 PM  CPU    %usr   %nice    %sys %iowait    %irq   %soft  %steal  %guest  %gnice   %idle
11:17:17 PM    0   24.24    0.00   16.16    0.00    0.00    2.02    0.00    0.00    0.00   57.58
11:17:17 PM    1    9.09    0.00    5.19    0.00    0.00    2.60    0.00    0.00    0.00   83.12

11:17:17 PM  CPU    %usr   %nice    %sys %iowait    %irq   %soft  %steal  %guest  %gnice   %idle
11:17:18 PM    0   23.00    0.00   18.00    0.00    0.00    2.00    0.00    0.00    0.00   57.00
11:17:18 PM    1    7.89    0.00    5.26    0.00    0.00    1.32    0.00    0.00    0.00   85.53

11:17:18 PM  CPU    %usr   %nice    %sys %iowait    %irq   %soft  %steal  %guest  %gnice   %idle
11:17:19 PM    0   27.84    0.00   11.34    0.00    0.00    2.06    0.00    0.00    0.00   58.76
11:17:19 PM    1   12.20    0.00    4.88    0.00    0.00    4.88    0.00    0.00    0.00   78.05

11:17:19 PM  CPU    %usr   %nice    %sys %iowait    %irq   %soft  %steal  %guest  %gnice   %idle
11:17:20 PM    0   27.27    0.00   12.12    0.00    0.00    4.04    0.00    0.00    0.00   56.57
11:17:20 PM    1   10.26    0.00    6.41    0.00    0.00    2.56    0.00    0.00    0.00   80.77

11:17:20 PM  CPU    %usr   %nice    %sys %iowait    %irq   %soft  %steal  %guest  %gnice   %idle
11:17:21 PM    0   27.00    0.00   13.00    0.00    0.00    5.00    0.00    0.00    0.00   55.00
11:17:21 PM    1   10.13    0.00    3.80    0.00    0.00    3.80    0.00    0.00    0.00   82.28

11:17:21 PM  CPU    %usr   %nice    %sys %iowait    %irq   %soft  %steal  %guest  %gnice   %idle
11:17:22 PM    0   29.00    0.00   12.00    0.00    0.00    3.00    0.00    0.00    0.00   56.00
11:17:22 PM    1   11.54    0.00    3.85    0.00    0.00    2.56    0.00    0.00    0.00   82.05

11:17:22 PM  CPU    %usr   %nice    %sys %iowait    %irq   %soft  %steal  %guest  %gnice   %idle
11:17:23 PM    0   28.57    0.00   12.24    0.00    0.00    1.02    0.00    0.00    0.00   58.16
11:17:23 PM    1    8.75    0.00    3.75    0.00    0.00    6.25    0.00    0.00    0.00   81.25

11:17:23 PM  CPU    %usr   %nice    %sys %iowait    %irq   %soft  %steal  %guest  %gnice   %idle
11:17:24 PM    0   26.00    0.00   12.00    0.00    0.00    5.00    0.00    0.00    0.00   57.00
11:17:24 PM    1   10.39    0.00    2.60    0.00    0.00    2.60    0.00    0.00    0.00   84.42

11:17:24 PM  CPU    %usr   %nice    %sys %iowait    %irq   %soft  %steal  %guest  %gnice   %idle
11:17:25 PM    0   29.29    0.00   12.12    0.00    0.00    2.02    0.00    0.00    0.00   56.57
11:17:25 PM    1   10.26    0.00    5.13    0.00    0.00    2.56    0.00    0.00    0.00   82.05

11:17:25 PM  CPU    %usr   %nice    %sys %iowait    %irq   %soft  %steal  %guest  %gnice   %idle
11:17:26 PM    0   26.73    0.00   13.86    0.00    0.00    3.96    0.00    0.00    0.00   55.45
11:17:26 PM    1   10.39    0.00    3.90    0.00    0.00    3.90    0.00    0.00    0.00   81.82

11:17:26 PM  CPU    %usr   %nice    %sys %iowait    %irq   %soft  %steal  %guest  %gnice   %idle
11:17:27 PM    0   25.49    0.00   13.73    0.00    0.00    5.88    0.00    0.00    0.00   54.90
11:17:27 PM    1   11.54    0.00    3.85    0.00    0.00    3.85    0.00    0.00    0.00   80.77

11:17:27 PM  CPU    %usr   %nice    %sys %iowait    %irq   %soft  %steal  %guest  %gnice   %idle
11:17:28 PM    0   27.27    0.00   12.12    0.00    0.00    3.03    0.00    0.00    0.00   57.58
11:17:28 PM    1    9.33    0.00    4.00    0.00    0.00    0.00    0.00    0.00    0.00   86.67

11:17:28 PM  CPU    %usr   %nice    %sys %iowait    %irq   %soft  %steal  %guest  %gnice   %idle
11:17:29 PM    0   25.51    0.00   17.35    0.00    0.00    0.00    0.00    0.00    0.00   57.14
11:17:29 PM    1   10.26    0.00    3.85    0.00    0.00    3.85    0.00    0.00    0.00   82.05

11:17:29 PM  CPU    %usr   %nice    %sys %iowait    %irq   %soft  %steal  %guest  %gnice   %idle
11:17:30 PM    0   29.59    0.00   10.20    0.00    0.00    3.06    0.00    0.00    0.00   57.14
11:17:30 PM    1    8.86    0.00    3.80    0.00    0.00    5.06    0.00    0.00    0.00   82.28

11:17:30 PM  CPU    %usr   %nice    %sys %iowait    %irq   %soft  %steal  %guest  %gnice   %idle
11:17:31 PM    0   28.43    0.00   12.75    0.00    0.00    2.94    0.00    0.00    0.00   55.88
11:17:31 PM    1    8.75    0.00    3.75    0.00    0.00    6.25    0.00    0.00    0.00   81.25

11:17:31 PM  CPU    %usr   %nice    %sys %iowait    %irq   %soft  %steal  %guest  %gnice   %idle
11:17:32 PM    0   22.45    0.00   15.31    0.00    0.00    3.06    0.00    0.00    0.00   59.18
11:17:32 PM    1   12.35    0.00    3.70    0.00    0.00    3.70    0.00    0.00    0.00   80.25

11:17:32 PM  CPU    %usr   %nice    %sys %iowait    %irq   %soft  %steal  %guest  %gnice   %idle
11:17:33 PM    0   23.23    0.00   17.17    0.00    0.00    2.02    0.00    0.00    0.00   57.58
11:17:33 PM    1   10.26    0.00    5.13    0.00    0.00    2.56    0.00    0.00    0.00   82.05

11:17:33 PM  CPU    %usr   %nice    %sys %iowait    %irq   %soft  %steal  %guest  %gnice   %idle
11:17:34 PM    0   30.30    0.00    7.07    0.00    0.00    5.05    0.00    0.00    0.00   57.58
11:17:34 PM    1   10.13    0.00    5.06    0.00    0.00    3.80    0.00    0.00    0.00   81.01

11:17:34 PM  CPU    %usr   %nice    %sys %iowait    %irq   %soft  %steal  %guest  %gnice   %idle
11:17:35 PM    0   22.45    0.00   14.29    0.00    0.00    6.12    0.00    0.00    0.00   57.14
11:17:35 PM    1   11.11    0.00    3.70    0.00    0.00    6.17    0.00    0.00    0.00   79.01

11:17:35 PM  CPU    %usr   %nice    %sys %iowait    %irq   %soft  %steal  %guest  %gnice   %idle
11:17:36 PM    0   26.53    0.00   12.24    0.00    0.00    3.06    0.00    0.00    0.00   58.16
11:17:36 PM    1   12.66    0.00    2.53    0.00    0.00    3.80    0.00    0.00    0.00   81.01

11:17:36 PM  CPU    %usr   %nice    %sys %iowait    %irq   %soft  %steal  %guest  %gnice   %idle
11:17:37 PM    0   24.75    0.00   15.84    0.00    0.00    3.96    0.00    0.00    0.00   55.45
11:17:37 PM    1    8.97    0.00    5.13    0.00    0.00    3.85    0.00    0.00    0.00   82.05

11:17:37 PM  CPU    %usr   %nice    %sys %iowait    %irq   %soft  %steal  %guest  %gnice   %idle
11:17:38 PM    0   27.55    0.00   10.20    0.00    0.00    4.08    0.00    0.00    0.00   58.16
11:17:38 PM    1    7.89    0.00    3.95    0.00    0.00    1.32    0.00    0.00    0.00   86.84

11:17:38 PM  CPU    %usr   %nice    %sys %iowait    %irq   %soft  %steal  %guest  %gnice   %idle
11:17:39 PM    0   28.28    0.00   13.13    0.00    0.00    4.04    0.00    0.00    0.00   54.55
11:17:39 PM    1    6.41    0.00    3.85    0.00    0.00    7.69    0.00    0.00    0.00   82.05

11:17:39 PM  CPU    %usr   %nice    %sys %iowait    %irq   %soft  %steal  %guest  %gnice   %idle
11:17:40 PM    0   25.74    0.00   13.86    0.00    0.00    4.95    0.00    0.00    0.00   55.45
11:17:40 PM    1   14.10    0.00    3.85    0.00    0.00    0.00    0.00    0.00    0.00   82.05

11:17:40 PM  CPU    %usr   %nice    %sys %iowait    %irq   %soft  %steal  %guest  %gnice   %idle
11:17:41 PM    0   25.49    0.00   13.73    0.00    0.00    4.90    0.00    0.00    0.00   55.88
11:17:41 PM    1    5.19    0.00    5.19    0.00    0.00    5.19    0.00    0.00    0.00   84.42

11:17:41 PM  CPU    %usr   %nice    %sys %iowait    %irq   %soft  %steal  %guest  %gnice   %idle
11:17:42 PM    0   22.00    0.00   18.00    0.00    0.00    4.00    0.00    0.00    0.00   56.00
11:17:42 PM    1   10.26    0.00    5.13    0.00    0.00    3.85    0.00    0.00    0.00   80.77

11:17:42 PM  CPU    %usr   %nice    %sys %iowait    %irq   %soft  %steal  %guest  %gnice   %idle
11:17:43 PM    0   28.00    0.00   14.00    0.00    0.00    2.00    0.00    0.00    0.00   56.00
11:17:43 PM    1   10.39    0.00    3.90    0.00    0.00    2.60    0.00    0.00    0.00   83.12

11:17:43 PM  CPU    %usr   %nice    %sys %iowait    %irq   %soft  %steal  %guest  %gnice   %idle
11:17:44 PM    0   23.23    0.00   14.14    0.00    0.00    5.05    0.00    0.00    0.00   57.58
11:17:44 PM    1   12.99    0.00    2.60    0.00    0.00    1.30    0.00    0.00    0.00   83.12

11:17:44 PM  CPU    %usr   %nice    %sys %iowait    %irq   %soft  %steal  %guest  %gnice   %idle
11:17:45 PM    0   26.26    0.00   13.13    0.00    0.00    3.03    0.00    0.00    0.00   57.58
11:17:45 PM    1    8.97    0.00    5.13    0.00    0.00    3.85    0.00    0.00    0.00   82.05

11:17:45 PM  CPU    %usr   %nice    %sys %iowait    %irq   %soft  %steal  %guest  %gnice   %idle
11:17:46 PM    0   27.55    0.00   12.24    0.00    0.00    2.04    0.00    0.00    0.00   58.16
11:17:46 PM    1   11.39    0.00    5.06    0.00    0.00    2.53    0.00    0.00    0.00   81.01

11:17:46 PM  CPU    %usr   %nice    %sys %iowait    %irq   %soft  %steal  %guest  %gnice   %idle
11:17:47 PM    0   26.47    0.00   12.75    0.00    0.00    5.88    0.00    0.00    0.00   54.90
11:17:47 PM    1   12.50    0.00    2.50    0.00    0.00    3.75    0.00    0.00    0.00   81.25

11:17:47 PM  CPU    %usr   %nice    %sys %iowait    %irq   %soft  %steal  %guest  %gnice   %idle
11:17:48 PM    0   23.47    0.00   14.29    0.00    0.00    5.10    0.00    0.00    0.00   57.14
11:17:48 PM    1   10.39    0.00    3.90    0.00    0.00    2.60    0.00    0.00    0.00   83.12

11:17:48 PM  CPU    %usr   %nice    %sys %iowait    %irq   %soft  %steal  %guest  %gnice   %idle
11:17:49 PM    0   28.00    0.00   10.00    0.00    0.00    5.00    0.00    0.00    0.00   57.00
11:17:49 PM    1   10.00    0.00    3.75    0.00    0.00    5.00    0.00    0.00    0.00   81.25

11:17:49 PM  CPU    %usr   %nice    %sys %iowait    %irq   %soft  %steal  %guest  %gnice   %idle
11:17:50 PM    0   28.00    0.00   10.00    0.00    0.00    5.00    0.00    0.00    0.00   57.00
11:17:50 PM    1   13.16    0.00    2.63    0.00    0.00    1.32    0.00    0.00    0.00   82.89

11:17:50 PM  CPU    %usr   %nice    %sys %iowait    %irq   %soft  %steal  %guest  %gnice   %idle
11:17:51 PM    0   24.49    0.00   14.29    0.00    0.00    4.08    0.00    0.00    0.00   57.14
11:17:51 PM    1    8.86    0.00    5.06    0.00    0.00    3.80    0.00    0.00    0.00   82.28

11:17:51 PM  CPU    %usr   %nice    %sys %iowait    %irq   %soft  %steal  %guest  %gnice   %idle
11:17:52 PM    0   26.73    0.00   13.86    0.00    0.00    2.97    0.00    0.00    0.00   56.44
11:17:52 PM    1   11.39    0.00    6.33    0.00    0.00    1.27    0.00    0.00    0.00   81.01

11:17:52 PM  CPU    %usr   %nice    %sys %iowait    %irq   %soft  %steal  %guest  %gnice   %idle
11:17:53 PM    0   29.59    0.00    9.18    0.00    0.00    2.04    0.00    0.00    0.00   59.18
11:17:53 PM    1   12.99    0.00    1.30    0.00    0.00    1.30    0.00    0.00    0.00   84.42

11:17:53 PM  CPU    %usr   %nice    %sys %iowait    %irq   %soft  %steal  %guest  %gnice   %idle
11:17:54 PM    0   29.00    0.00   11.00    0.00    0.00    4.00    0.00    0.00    0.00   56.00
11:17:54 PM    1    9.21    0.00    3.95    0.00    0.00    2.63    0.00    0.00    0.00   84.21

11:17:54 PM  CPU    %usr   %nice    %sys %iowait    %irq   %soft  %steal  %guest  %gnice   %idle
11:17:55 PM    0   27.27    0.00   13.13    0.00    0.00    3.03    0.00    0.00    0.00   56.57
11:17:55 PM    1    8.97    0.00    3.85    0.00    0.00    3.85    0.00    0.00    0.00   83.33

11:17:55 PM  CPU    %usr   %nice    %sys %iowait    %irq   %soft  %steal  %guest  %gnice   %idle
11:17:56 PM    0   28.71    0.00   11.88    0.00    0.00    3.96    0.00    0.00    0.00   55.45
11:17:56 PM    1   10.26    0.00    5.13    0.00    0.00    2.56    0.00    0.00    0.00   82.05

11:17:56 PM  CPU    %usr   %nice    %sys %iowait    %irq   %soft  %steal  %guest  %gnice   %idle
11:17:57 PM    0   27.27    0.00   13.13    0.00    0.00    2.02    0.00    0.00    0.00   57.58
11:17:57 PM    1    7.89    0.00    3.95    0.00    0.00    3.95    0.00    0.00    0.00   84.21

11:17:57 PM  CPU    %usr   %nice    %sys %iowait    %irq   %soft  %steal  %guest  %gnice   %idle
11:17:58 PM    0   27.55    0.00   13.27    0.00    0.00    3.06    0.00    0.00    0.00   56.12
11:17:58 PM    1    7.50    0.00    6.25    0.00    0.00    5.00    0.00    0.00    0.00   81.25

11:17:58 PM  CPU    %usr   %nice    %sys %iowait    %irq   %soft  %steal  %guest  %gnice   %idle
11:17:59 PM    0   27.55    0.00   11.22    0.00    0.00    4.08    0.00    0.00    0.00   57.14
11:17:59 PM    1   10.39    0.00    2.60    0.00    0.00    2.60    0.00    0.00    0.00   84.42

11:17:59 PM  CPU    %usr   %nice    %sys %iowait    %irq   %soft  %steal  %guest  %gnice   %idle
11:18:00 PM    0   25.24    0.00   12.62    0.00    0.00    5.83    0.00    0.00    0.00   56.31
11:18:00 PM    1   11.54    0.00    5.13    0.00    0.00    0.00    0.00    0.00    0.00   83.33

11:18:00 PM  CPU    %usr   %nice    %sys %iowait    %irq   %soft  %steal  %guest  %gnice   %idle
11:18:01 PM    0   30.61    0.00   12.24    0.00    0.00    1.02    0.00    0.00    0.00   56.12
11:18:01 PM    1    8.97    0.00    6.41    0.00    0.00    3.85    0.00    0.00    0.00   80.77

11:18:01 PM  CPU    %usr   %nice    %sys %iowait    %irq   %soft  %steal  %guest  %gnice   %idle
11:18:02 PM    0   33.00    0.00    7.00    0.00    0.00    3.00    0.00    0.00    0.00   57.00
11:18:02 PM    1   11.69    0.00    3.90    0.00    0.00    1.30    0.00    0.00    0.00   83.12

11:18:02 PM  CPU    %usr   %nice    %sys %iowait    %irq   %soft  %steal  %guest  %gnice   %idle
11:18:03 PM    0   23.47    0.00   14.29    0.00    0.00    5.10    0.00    0.00    0.00   57.14
11:18:03 PM    1   10.13    0.00    6.33    0.00    0.00    2.53    0.00    0.00    0.00   81.01

11:18:03 PM  CPU    %usr   %nice    %sys %iowait    %irq   %soft  %steal  %guest  %gnice   %idle
11:18:04 PM    0   24.49    0.00   13.27    0.00    0.00    4.08    0.00    0.00    0.00   58.16
11:18:04 PM    1    9.09    0.00    5.19    0.00    0.00    2.60    0.00    0.00    0.00   83.12

11:18:04 PM  CPU    %usr   %nice    %sys %iowait    %irq   %soft  %steal  %guest  %gnice   %idle
11:18:05 PM    0   26.53    0.00   12.24    0.00    0.00    3.06    0.00    0.00    0.00   58.16
11:18:05 PM    1    8.97    0.00    5.13    0.00    0.00    2.56    0.00    0.00    0.00   83.33

11:18:05 PM  CPU    %usr   %nice    %sys %iowait    %irq   %soft  %steal  %guest  %gnice   %idle
11:18:06 PM    0   24.75    0.00   14.85    0.00    0.00    3.96    0.00    0.00    0.00   56.44
11:18:06 PM    1    9.21    0.00    3.95    0.00    0.00    2.63    0.00    0.00    0.00   84.21

11:18:06 PM  CPU    %usr   %nice    %sys %iowait    %irq   %soft  %steal  %guest  %gnice   %idle
11:18:07 PM    0   23.00    0.00   18.00    0.00    0.00    3.00    0.00    0.00    0.00   56.00
11:18:07 PM    1   10.13    0.00    5.06    0.00    0.00    3.80    0.00    0.00    0.00   81.01

11:18:07 PM  CPU    %usr   %nice    %sys %iowait    %irq   %soft  %steal  %guest  %gnice   %idle
11:18:08 PM    0   23.23    0.00   15.15    0.00    0.00    4.04    0.00    0.00    0.00   57.58
11:18:08 PM    1   10.13    0.00    3.80    0.00    0.00    5.06    0.00    0.00    0.00   81.01

11:18:08 PM  CPU    %usr   %nice    %sys %iowait    %irq   %soft  %steal  %guest  %gnice   %idle
11:18:09 PM    0   25.74    0.00   13.86    0.00    0.00    3.96    0.00    0.00    0.00   56.44
11:18:09 PM    1    8.97    0.00    6.41    0.00    0.00    2.56    0.00    0.00    0.00   82.05

11:18:09 PM  CPU    %usr   %nice    %sys %iowait    %irq   %soft  %steal  %guest  %gnice   %idle
11:18:10 PM    0   27.55    0.00   12.24    0.00    0.00    2.04    0.00    0.00    0.00   58.16
11:18:10 PM    1    8.97    0.00    2.56    0.00    0.00    3.85    0.00    0.00    0.00   84.62

11:18:10 PM  CPU    %usr   %nice    %sys %iowait    %irq   %soft  %steal  %guest  %gnice   %idle
11:18:11 PM    0   26.26    0.00   12.12    0.00    0.00    5.05    0.00    0.00    0.00   56.57
11:18:11 PM    1   10.26    0.00    5.13    0.00    0.00    2.56    0.00    0.00    0.00   82.05

11:18:11 PM  CPU    %usr   %nice    %sys %iowait    %irq   %soft  %steal  %guest  %gnice   %idle
11:18:12 PM    0   27.84    0.00   11.34    0.00    0.00    2.06    0.00    0.00    0.00   58.76
11:18:12 PM    1    8.97    0.00    5.13    0.00    0.00    2.56    0.00    0.00    0.00   83.33

11:18:12 PM  CPU    %usr   %nice    %sys %iowait    %irq   %soft  %steal  %guest  %gnice   %idle
11:18:13 PM    0   25.25    0.00   11.11    0.00    0.00    6.06    0.00    0.00    0.00   57.58
11:18:13 PM    1    9.88    0.00    3.70    0.00    0.00    6.17    0.00    0.00    0.00   80.25

11:18:13 PM  CPU    %usr   %nice    %sys %iowait    %irq   %soft  %steal  %guest  %gnice   %idle
11:18:14 PM    0   26.00    0.00   14.00    0.00    0.00    4.00    0.00    0.00    0.00   56.00
11:18:14 PM    1    6.58    0.00    5.26    0.00    0.00    3.95    0.00    0.00    0.00   84.21

11:18:14 PM  CPU    %usr   %nice    %sys %iowait    %irq   %soft  %steal  %guest  %gnice   %idle
11:18:15 PM    0   23.23    0.00   14.14    0.00    0.00    5.05    0.00    0.00    0.00   57.58
11:18:15 PM    1   10.39    0.00    2.60    0.00    0.00    2.60    0.00    0.00    0.00   84.42

11:18:15 PM  CPU    %usr   %nice    %sys %iowait    %irq   %soft  %steal  %guest  %gnice   %idle
11:18:16 PM    0   26.47    0.00   14.71    0.00    0.00    2.94    0.00    0.00    0.00   55.88
11:18:16 PM    1   10.26    0.00    5.13    0.00    0.00    2.56    0.00    0.00    0.00   82.05

11:18:16 PM  CPU    %usr   %nice    %sys %iowait    %irq   %soft  %steal  %guest  %gnice   %idle
11:18:17 PM    0   30.00    0.00   11.00    0.00    0.00    1.00    0.00    0.00    0.00   58.00
11:18:17 PM    1   10.00    0.00    5.00    0.00    0.00    3.75    0.00    0.00    0.00   81.25

11:18:17 PM  CPU    %usr   %nice    %sys %iowait    %irq   %soft  %steal  %guest  %gnice   %idle
11:18:18 PM    0   26.00    0.00   13.00    0.00    0.00    4.00    0.00    0.00    0.00   57.00
11:18:18 PM    1    6.58    0.00    7.89    0.00    0.00    0.00    0.00    0.00    0.00   85.53

11:18:18 PM  CPU    %usr   %nice    %sys %iowait    %irq   %soft  %steal  %guest  %gnice   %idle
11:18:19 PM    0   23.23    0.00   14.14    0.00    0.00    5.05    0.00    0.00    0.00   57.58
11:18:19 PM    1    8.86    0.00    5.06    0.00    0.00    5.06    0.00    0.00    0.00   81.01

11:18:19 PM  CPU    %usr   %nice    %sys %iowait    %irq   %soft  %steal  %guest  %gnice   %idle
11:18:20 PM    0   28.57    0.00   12.24    0.00    0.00    2.04    0.00    0.00    0.00   57.14
11:18:20 PM    1   11.25    0.00    3.75    0.00    0.00    2.50    0.00    0.00    0.00   82.50

11:18:20 PM  CPU    %usr   %nice    %sys %iowait    %irq   %soft  %steal  %guest  %gnice   %idle
11:18:21 PM    0   26.73    0.00   11.88    0.00    0.00    3.96    0.00    0.00    0.00   57.43
11:18:21 PM    1    9.46    0.00    2.70    0.00    0.00    1.35    0.00    0.00    0.00   86.49

11:18:21 PM  CPU    %usr   %nice    %sys %iowait    %irq   %soft  %steal  %guest  %gnice   %idle
11:18:22 PM    0   27.27    0.00   14.14    0.00    0.00    2.02    0.00    0.00    0.00   56.57
11:18:22 PM    1    8.97    0.00    7.69    0.00    0.00    1.28    0.00    0.00    0.00   82.05

11:18:22 PM  CPU    %usr   %nice    %sys %iowait    %irq   %soft  %steal  %guest  %gnice   %idle
11:18:23 PM    0   26.53    0.00   12.24    0.00    0.00    4.08    0.00    0.00    0.00   57.14
11:18:23 PM    1    9.09    0.00    5.19    0.00    0.00    2.60    0.00    0.00    0.00   83.12

11:18:23 PM  CPU    %usr   %nice    %sys %iowait    %irq   %soft  %steal  %guest  %gnice   %idle
11:18:24 PM    0   24.27    0.00   14.56    0.97    0.00    4.85    0.00    0.00    0.00   55.34
11:18:24 PM    1   12.50    0.00    3.75    0.00    0.00    2.50    0.00    0.00    0.00   81.25

11:18:24 PM  CPU    %usr   %nice    %sys %iowait    %irq   %soft  %steal  %guest  %gnice   %idle
11:18:25 PM    0   26.53    0.00   13.27    0.00    0.00    3.06    0.00    0.00    0.00   57.14
11:18:25 PM    1    9.21    0.00    3.95    0.00    0.00    1.32    0.00    0.00    0.00   85.53

11:18:25 PM  CPU    %usr   %nice    %sys %iowait    %irq   %soft  %steal  %guest  %gnice   %idle
11:18:26 PM    0   29.29    0.00   10.10    0.00    0.00    3.03    0.00    0.00    0.00   57.58
11:18:26 PM    1   12.99    0.00    1.30    0.00    0.00    2.60    0.00    0.00    0.00   83.12

11:18:26 PM  CPU    %usr   %nice    %sys %iowait    %irq   %soft  %steal  %guest  %gnice   %idle
11:18:27 PM    0   28.28    0.00   12.12    0.00    0.00    3.03    0.00    0.00    0.00   56.57
11:18:27 PM    1   11.39    0.00    3.80    0.00    0.00    3.80    0.00    0.00    0.00   81.01

11:18:27 PM  CPU    %usr   %nice    %sys %iowait    %irq   %soft  %steal  %guest  %gnice   %idle
11:18:28 PM    0   25.00    0.00   14.00    0.00    0.00    5.00    0.00    0.00    0.00   56.00
11:18:28 PM    1   10.13    0.00    5.06    0.00    0.00    5.06    0.00    0.00    0.00   79.75

11:18:28 PM  CPU    %usr   %nice    %sys %iowait    %irq   %soft  %steal  %guest  %gnice   %idle
11:18:29 PM    0   26.53    0.00   10.20    0.00    0.00    5.10    0.00    0.00    0.00   58.16
11:18:29 PM    1   10.13    0.00    3.80    0.00    0.00    3.80    0.00    0.00    0.00   82.28

11:18:29 PM  CPU    %usr   %nice    %sys %iowait    %irq   %soft  %steal  %guest  %gnice   %idle
11:18:30 PM    0   27.27    0.00   15.15    0.00    0.00    0.00    0.00    0.00    0.00   57.58
11:18:30 PM    1   10.39    0.00    3.90    0.00    0.00    2.60    0.00    0.00    0.00   83.12

11:18:30 PM  CPU    %usr   %nice    %sys %iowait    %irq   %soft  %steal  %guest  %gnice   %idle
11:18:31 PM    0   25.51    0.00   12.24    0.00    0.00    4.08    0.00    0.00    0.00   58.16
11:18:31 PM    1   13.58    0.00    4.94    0.00    0.00    2.47    0.00    0.00    0.00   79.01

11:18:31 PM  CPU    %usr   %nice    %sys %iowait    %irq   %soft  %steal  %guest  %gnice   %idle
11:18:32 PM    0   26.73    0.00   10.89    0.00    0.00    5.94    0.00    0.00    0.00   56.44
11:18:32 PM    1   11.25    0.00    3.75    0.00    0.00    3.75    0.00    0.00    0.00   81.25

11:18:32 PM  CPU    %usr   %nice    %sys %iowait    %irq   %soft  %steal  %guest  %gnice   %idle
11:18:33 PM    0   25.25    0.00   14.14    0.00    0.00    4.04    0.00    0.00    0.00   56.57
11:18:33 PM    1   10.26    0.00    3.85    0.00    0.00    3.85    0.00    0.00    0.00   82.05

11:18:33 PM  CPU    %usr   %nice    %sys %iowait    %irq   %soft  %steal  %guest  %gnice   %idle
11:18:34 PM    0   27.55    0.00   11.22    0.00    0.00    4.08    0.00    0.00    0.00   57.14
11:18:34 PM    1   10.13    0.00    3.80    0.00    0.00    5.06    0.00    0.00    0.00   81.01

11:18:34 PM  CPU    %usr   %nice    %sys %iowait    %irq   %soft  %steal  %guest  %gnice   %idle
11:18:35 PM    0   29.70    0.00   10.89    0.00    0.00    3.96    0.00    0.00    0.00   55.45
11:18:35 PM    1   11.25    0.00    6.25    0.00    0.00    2.50    0.00    0.00    0.00   80.00

11:18:35 PM  CPU    %usr   %nice    %sys %iowait    %irq   %soft  %steal  %guest  %gnice   %idle
11:18:36 PM    0   24.75    0.00   13.86    0.00    0.00    4.95    0.00    0.00    0.00   56.44
11:18:36 PM    1   10.39    0.00    5.19    0.00    0.00    2.60    0.00    0.00    0.00   81.82

11:18:36 PM  CPU    %usr   %nice    %sys %iowait    %irq   %soft  %steal  %guest  %gnice   %idle
11:18:37 PM    0   31.68    0.00    8.91    0.00    0.00    3.96    0.00    0.00    0.00   55.45
11:18:37 PM    1    9.21    0.00    5.26    0.00    0.00    1.32    0.00    0.00    0.00   84.21

11:18:37 PM  CPU    %usr   %nice    %sys %iowait    %irq   %soft  %steal  %guest  %gnice   %idle
11:18:38 PM    0   26.00    0.00   13.00    0.00    0.00    4.00    0.00    0.00    0.00   57.00
11:18:38 PM    1   10.39    0.00    3.90    0.00    0.00    2.60    0.00    0.00    0.00   83.12

11:18:38 PM  CPU    %usr   %nice    %sys %iowait    %irq   %soft  %steal  %guest  %gnice   %idle
11:18:39 PM    0   27.00    0.00   14.00    0.00    0.00    3.00    0.00    0.00    0.00   56.00
11:18:39 PM    1   12.50    0.00    3.75    0.00    0.00    5.00    0.00    0.00    0.00   78.75

11:18:39 PM  CPU    %usr   %nice    %sys %iowait    %irq   %soft  %steal  %guest  %gnice   %idle
11:18:40 PM    0   28.28    0.00   11.11    0.00    0.00    4.04    0.00    0.00    0.00   56.57
11:18:40 PM    1    9.09    0.00    5.19    0.00    0.00    2.60    0.00    0.00    0.00   83.12

11:18:40 PM  CPU    %usr   %nice    %sys %iowait    %irq   %soft  %steal  %guest  %gnice   %idle
11:18:41 PM    0   26.00    0.00   15.00    0.00    0.00    2.00    0.00    0.00    0.00   57.00
11:18:41 PM    1    8.86    0.00    3.80    0.00    0.00    3.80    0.00    0.00    0.00   83.54

11:18:41 PM  CPU    %usr   %nice    %sys %iowait    %irq   %soft  %steal  %guest  %gnice   %idle
11:18:42 PM    0   24.24    0.00   13.13    0.00    0.00    6.06    0.00    0.00    0.00   56.57
11:18:42 PM    1    7.69    0.00    6.41    0.00    0.00    5.13    0.00    0.00    0.00   80.77

Average:     CPU    %usr   %nice    %sys %iowait    %irq   %soft  %steal  %guest  %gnice   %idle
Average:       0   26.58    0.00   13.00    0.01    0.00    3.57    0.00    0.00    0.00   56.85
Average:       1   10.21    0.00    4.40    0.00    0.00    3.17    0.00    0.00    0.00   82.22
