Linux 5.3.0-59-generic (ericmei) 	06/29/2020 	_x86_64_	(12 CPU)

07:05:26 PM  CPU    %usr   %nice    %sys %iowait    %irq   %soft  %steal  %guest  %gnice   %idle
07:05:27 PM    0   38.14    0.00   16.49    0.00    0.00    4.12    0.00    0.00    0.00   41.24
07:05:27 PM    1   22.35    0.00   15.29    0.00    0.00    2.35    0.00    0.00    0.00   60.00

07:05:27 PM  CPU    %usr   %nice    %sys %iowait    %irq   %soft  %steal  %guest  %gnice   %idle
07:05:28 PM    0   35.16    0.00   15.38    0.00    0.00    4.40    0.00    0.00    0.00   45.05
07:05:28 PM    1   21.43    0.00   13.10    0.00    0.00    2.38    0.00    0.00    0.00   63.10

07:05:28 PM  CPU    %usr   %nice    %sys %iowait    %irq   %soft  %steal  %guest  %gnice   %idle
07:05:29 PM    0   34.38    0.00   14.58    0.00    0.00    8.33    0.00    0.00    0.00   42.71
07:05:29 PM    1   21.69    0.00   14.46    0.00    0.00    2.41    0.00    0.00    0.00   61.45

07:05:29 PM  CPU    %usr   %nice    %sys %iowait    %irq   %soft  %steal  %guest  %gnice   %idle
07:05:30 PM    0   40.21    0.00   16.49    0.00    0.00    5.15    0.00    0.00    0.00   38.14
07:05:30 PM    1   21.43    0.00   16.67    0.00    0.00    2.38    0.00    0.00    0.00   59.52

07:05:30 PM  CPU    %usr   %nice    %sys %iowait    %irq   %soft  %steal  %guest  %gnice   %idle
07:05:31 PM    0   39.13    0.00   10.87    0.00    0.00    5.43    0.00    0.00    0.00   44.57
07:05:31 PM    1   25.30    0.00   10.84    0.00    0.00    1.20    0.00    0.00    0.00   62.65

07:05:31 PM  CPU    %usr   %nice    %sys %iowait    %irq   %soft  %steal  %guest  %gnice   %idle
07:05:32 PM    0   34.07    0.00   16.48    0.00    0.00    5.49    0.00    0.00    0.00   43.96
07:05:32 PM    1   23.53    0.00   11.76    0.00    0.00    2.35    0.00    0.00    0.00   62.35

07:05:32 PM  CPU    %usr   %nice    %sys %iowait    %irq   %soft  %steal  %guest  %gnice   %idle
07:05:33 PM    0   36.17    0.00   18.09    0.00    0.00    3.19    0.00    0.00    0.00   42.55
07:05:33 PM    1   21.25    0.00   11.25    0.00    0.00    3.75    0.00    0.00    0.00   63.75

07:05:33 PM  CPU    %usr   %nice    %sys %iowait    %irq   %soft  %steal  %guest  %gnice   %idle
07:05:34 PM    0   37.50    0.00   17.71    0.00    0.00    4.17    0.00    0.00    0.00   40.62
07:05:34 PM    1   20.00    0.00   14.12    0.00    0.00    3.53    0.00    0.00    0.00   62.35

07:05:34 PM  CPU    %usr   %nice    %sys %iowait    %irq   %soft  %steal  %guest  %gnice   %idle
07:05:35 PM    0   38.04    0.00   15.22    0.00    0.00    3.26    0.00    0.00    0.00   43.48
07:05:35 PM    1   22.35    0.00   11.76    0.00    0.00    3.53    0.00    0.00    0.00   62.35

07:05:35 PM  CPU    %usr   %nice    %sys %iowait    %irq   %soft  %steal  %guest  %gnice   %idle
07:05:36 PM    0   38.04    0.00   14.13    0.00    0.00    5.43    0.00    0.00    0.00   42.39
07:05:36 PM    1   22.89    0.00   12.05    0.00    0.00    2.41    0.00    0.00    0.00   62.65

07:05:36 PM  CPU    %usr   %nice    %sys %iowait    %irq   %soft  %steal  %guest  %gnice   %idle
07:05:37 PM    0   36.46    0.00   18.75    0.00    0.00    4.17    0.00    0.00    0.00   40.62
07:05:37 PM    1   22.35    0.00   14.12    0.00    0.00    2.35    0.00    0.00    0.00   61.18

07:05:37 PM  CPU    %usr   %nice    %sys %iowait    %irq   %soft  %steal  %guest  %gnice   %idle
07:05:38 PM    0   36.56    0.00   17.20    0.00    0.00    3.23    0.00    0.00    0.00   43.01
07:05:38 PM    1   21.95    0.00   14.63    0.00    0.00    1.22    0.00    0.00    0.00   62.20

07:05:38 PM  CPU    %usr   %nice    %sys %iowait    %irq   %soft  %steal  %guest  %gnice   %idle
07:05:39 PM    0   36.96    0.00   14.13    0.00    0.00    4.35    0.00    0.00    0.00   44.57
07:05:39 PM    1   19.28    0.00   14.46    0.00    0.00    2.41    0.00    0.00    0.00   63.86

07:05:39 PM  CPU    %usr   %nice    %sys %iowait    %irq   %soft  %steal  %guest  %gnice   %idle
07:05:40 PM    0   38.14    0.00   15.46    0.00    0.00    4.12    0.00    0.00    0.00   42.27
07:05:40 PM    1   21.43    0.00   14.29    0.00    0.00    2.38    0.00    0.00    0.00   61.90

07:05:40 PM  CPU    %usr   %nice    %sys %iowait    %irq   %soft  %steal  %guest  %gnice   %idle
07:05:41 PM    0   36.46    0.00   17.71    0.00    0.00    5.21    0.00    0.00    0.00   40.62
07:05:41 PM    1   24.10    0.00   12.05    0.00    0.00    2.41    0.00    0.00    0.00   61.45

07:05:41 PM  CPU    %usr   %nice    %sys %iowait    %irq   %soft  %steal  %guest  %gnice   %idle
07:05:42 PM    0   38.46    0.00   15.38    0.00    0.00    4.40    0.00    0.00    0.00   41.76
07:05:42 PM    1   24.39    0.00   12.20    0.00    0.00    2.44    0.00    0.00    0.00   60.98

07:05:42 PM  CPU    %usr   %nice    %sys %iowait    %irq   %soft  %steal  %guest  %gnice   %idle
07:05:43 PM    0   36.96    0.00   14.13    0.00    0.00    4.35    0.00    0.00    0.00   44.57
07:05:43 PM    1   20.48    0.00   14.46    0.00    0.00    1.20    0.00    0.00    0.00   63.86

07:05:43 PM  CPU    %usr   %nice    %sys %iowait    %irq   %soft  %steal  %guest  %gnice   %idle
07:05:44 PM    0   35.11    0.00   18.09    0.00    0.00    5.32    0.00    0.00    0.00   41.49
07:05:44 PM    1   20.93    0.00   13.95    0.00    0.00    3.49    0.00    0.00    0.00   61.63

07:05:44 PM  CPU    %usr   %nice    %sys %iowait    %irq   %soft  %steal  %guest  %gnice   %idle
07:05:45 PM    0   36.84    0.00   16.84    0.00    0.00    4.21    0.00    0.00    0.00   42.11
07:05:45 PM    1   22.89    0.00   12.05    0.00    0.00    0.00    0.00    0.00    0.00   65.06

07:05:45 PM  CPU    %usr   %nice    %sys %iowait    %irq   %soft  %steal  %guest  %gnice   %idle
07:05:46 PM    0   37.23    0.00   13.83    0.00    0.00    7.45    0.00    0.00    0.00   41.49
07:05:46 PM    1   22.89    0.00   13.25    0.00    0.00    2.41    0.00    0.00    0.00   61.45

07:05:46 PM  CPU    %usr   %nice    %sys %iowait    %irq   %soft  %steal  %guest  %gnice   %idle
07:05:47 PM    0   38.95    0.00   14.74    0.00    0.00    4.21    0.00    0.00    0.00   42.11
07:05:47 PM    1   22.35    0.00   12.94    0.00    0.00    2.35    0.00    0.00    0.00   62.35

07:05:47 PM  CPU    %usr   %nice    %sys %iowait    %irq   %soft  %steal  %guest  %gnice   %idle
07:05:48 PM    0   39.78    0.00   13.98    0.00    0.00    4.30    0.00    0.00    0.00   41.94
07:05:48 PM    1   23.81    0.00   11.90    0.00    0.00    2.38    0.00    0.00    0.00   61.90

07:05:48 PM  CPU    %usr   %nice    %sys %iowait    %irq   %soft  %steal  %guest  %gnice   %idle
07:05:49 PM    0   38.95    0.00   12.63    0.00    0.00    6.32    0.00    0.00    0.00   42.11
07:05:49 PM    1   24.10    0.00   13.25    0.00    0.00    1.20    0.00    0.00    0.00   61.45

07:05:49 PM  CPU    %usr   %nice    %sys %iowait    %irq   %soft  %steal  %guest  %gnice   %idle
07:05:50 PM    0   39.36    0.00   15.96    0.00    0.00    3.19    0.00    0.00    0.00   41.49
07:05:50 PM    1   22.89    0.00   14.46    0.00    0.00    1.20    0.00    0.00    0.00   61.45

07:05:50 PM  CPU    %usr   %nice    %sys %iowait    %irq   %soft  %steal  %guest  %gnice   %idle
07:05:51 PM    0   42.55    0.00   13.83    0.00    0.00    2.13    0.00    0.00    0.00   41.49
07:05:51 PM    1   14.81    0.00   17.28    0.00    0.00    3.70    0.00    0.00    0.00   64.20

07:05:51 PM  CPU    %usr   %nice    %sys %iowait    %irq   %soft  %steal  %guest  %gnice   %idle
07:05:52 PM    0   38.30    0.00   17.02    0.00    0.00    3.19    0.00    0.00    0.00   41.49
07:05:52 PM    1   25.00    0.00   10.71    0.00    0.00    3.57    0.00    0.00    0.00   60.71

07:05:52 PM  CPU    %usr   %nice    %sys %iowait    %irq   %soft  %steal  %guest  %gnice   %idle
07:05:53 PM    0   39.58    0.00   14.58    0.00    0.00    4.17    0.00    0.00    0.00   41.67
07:05:53 PM    1   18.29    0.00   15.85    0.00    0.00    2.44    0.00    0.00    0.00   63.41

07:05:53 PM  CPU    %usr   %nice    %sys %iowait    %irq   %soft  %steal  %guest  %gnice   %idle
07:05:54 PM    0   36.46    0.00   15.62    0.00    0.00    6.25    0.00    0.00    0.00   41.67
07:05:54 PM    1   22.89    0.00   14.46    0.00    0.00    0.00    0.00    0.00    0.00   62.65

07:05:54 PM  CPU    %usr   %nice    %sys %iowait    %irq   %soft  %steal  %guest  %gnice   %idle
07:05:55 PM    0   32.61    0.00   19.57    0.00    0.00    4.35    0.00    0.00    0.00   43.48
07:05:55 PM    1   18.52    0.00   17.28    0.00    0.00    1.23    0.00    0.00    0.00   62.96

07:05:55 PM  CPU    %usr   %nice    %sys %iowait    %irq   %soft  %steal  %guest  %gnice   %idle
07:05:56 PM    0   32.98    0.00   19.15    0.00    0.00    4.26    0.00    0.00    0.00   43.62
07:05:56 PM    1   20.00    0.00   15.29    0.00    0.00    2.35    0.00    0.00    0.00   62.35

07:05:56 PM  CPU    %usr   %nice    %sys %iowait    %irq   %soft  %steal  %guest  %gnice   %idle
07:05:57 PM    0   41.49    0.00   14.89    0.00    0.00    2.13    0.00    0.00    0.00   41.49
07:05:57 PM    1   16.67    0.00   20.24    0.00    0.00    2.38    0.00    0.00    0.00   60.71

07:05:57 PM  CPU    %usr   %nice    %sys %iowait    %irq   %soft  %steal  %guest  %gnice   %idle
07:05:58 PM    0   35.48    0.00   16.13    0.00    0.00    5.38    0.00    0.00    0.00   43.01
07:05:58 PM    1   20.73    0.00   15.85    0.00    0.00    1.22    0.00    0.00    0.00   62.20

07:05:58 PM  CPU    %usr   %nice    %sys %iowait    %irq   %soft  %steal  %guest  %gnice   %idle
07:05:59 PM    0   34.07    0.00   19.78    0.00    0.00    3.30    0.00    0.00    0.00   42.86
07:05:59 PM    1   24.10    0.00   12.05    0.00    0.00    2.41    0.00    0.00    0.00   61.45

07:05:59 PM  CPU    %usr   %nice    %sys %iowait    %irq   %soft  %steal  %guest  %gnice   %idle
07:06:00 PM    0   38.04    0.00   15.22    0.00    0.00    4.35    0.00    0.00    0.00   42.39
07:06:00 PM    1   25.88    0.00   12.94    0.00    0.00    1.18    0.00    0.00    0.00   60.00

07:06:00 PM  CPU    %usr   %nice    %sys %iowait    %irq   %soft  %steal  %guest  %gnice   %idle
07:06:01 PM    0   37.63    0.00   17.20    0.00    0.00    4.30    0.00    0.00    0.00   40.86
07:06:01 PM    1   24.10    0.00   14.46    0.00    0.00    2.41    0.00    0.00    0.00   59.04

07:06:01 PM  CPU    %usr   %nice    %sys %iowait    %irq   %soft  %steal  %guest  %gnice   %idle
07:06:02 PM    0   39.56    0.00   16.48    0.00    0.00    2.20    0.00    0.00    0.00   41.76
07:06:02 PM    1   23.17    0.00   12.20    0.00    0.00    2.44    0.00    0.00    0.00   62.20

07:06:02 PM  CPU    %usr   %nice    %sys %iowait    %irq   %soft  %steal  %guest  %gnice   %idle
07:06:03 PM    0   35.35    0.00   17.17    0.00    0.00    6.06    0.00    0.00    0.00   41.41
07:06:03 PM    1   24.10    0.00   13.25    0.00    0.00    2.41    0.00    0.00    0.00   60.24

07:06:03 PM  CPU    %usr   %nice    %sys %iowait    %irq   %soft  %steal  %guest  %gnice   %idle
07:06:04 PM    0   34.41    0.00   19.35    0.00    0.00    4.30    0.00    0.00    0.00   41.94
07:06:04 PM    1   21.84    0.00   12.64    0.00    0.00    5.75    0.00    0.00    0.00   59.77

07:06:04 PM  CPU    %usr   %nice    %sys %iowait    %irq   %soft  %steal  %guest  %gnice   %idle
07:06:05 PM    0   36.17    0.00   14.89    0.00    0.00    5.32    0.00    0.00    0.00   43.62
07:06:05 PM    1   24.39    0.00   10.98    0.00    0.00    2.44    0.00    0.00    0.00   62.20

07:06:05 PM  CPU    %usr   %nice    %sys %iowait    %irq   %soft  %steal  %guest  %gnice   %idle
07:06:06 PM    0   32.22    0.00   20.00    0.00    0.00    3.33    0.00    0.00    0.00   44.44
07:06:06 PM    1   22.89    0.00   13.25    0.00    0.00    1.20    0.00    0.00    0.00   62.65

07:06:06 PM  CPU    %usr   %nice    %sys %iowait    %irq   %soft  %steal  %guest  %gnice   %idle
07:06:07 PM    0   36.46    0.00   17.71    0.00    0.00    5.21    0.00    0.00    0.00   40.62
07:06:07 PM    1   20.73    0.00   14.63    0.00    0.00    1.22    0.00    0.00    0.00   63.41

07:06:07 PM  CPU    %usr   %nice    %sys %iowait    %irq   %soft  %steal  %guest  %gnice   %idle
07:06:08 PM    0   37.89    0.00   13.68    0.00    0.00    5.26    0.00    0.00    0.00   43.16
07:06:08 PM    1   20.24    0.00   16.67    0.00    0.00    2.38    0.00    0.00    0.00   60.71

07:06:08 PM  CPU    %usr   %nice    %sys %iowait    %irq   %soft  %steal  %guest  %gnice   %idle
07:06:09 PM    0   37.36    0.00   15.38    0.00    0.00    4.40    0.00    0.00    0.00   42.86
07:06:09 PM    1   18.29    0.00   18.29    0.00    0.00    1.22    0.00    0.00    0.00   62.20

07:06:09 PM  CPU    %usr   %nice    %sys %iowait    %irq   %soft  %steal  %guest  %gnice   %idle
07:06:10 PM    0   36.56    0.00   16.13    0.00    0.00    4.30    0.00    0.00    0.00   43.01
07:06:10 PM    1   20.48    0.00   13.25    0.00    0.00    3.61    0.00    0.00    0.00   62.65

07:06:10 PM  CPU    %usr   %nice    %sys %iowait    %irq   %soft  %steal  %guest  %gnice   %idle
07:06:11 PM    0   36.17    0.00   17.02    0.00    0.00    4.26    0.00    0.00    0.00   42.55
07:06:11 PM    1   24.10    0.00   10.84    0.00    0.00    3.61    0.00    0.00    0.00   61.45

07:06:11 PM  CPU    %usr   %nice    %sys %iowait    %irq   %soft  %steal  %guest  %gnice   %idle
07:06:12 PM    0   40.62    0.00   13.54    0.00    0.00    5.21    0.00    0.00    0.00   40.62
07:06:12 PM    1   21.18    0.00   14.12    0.00    0.00    3.53    0.00    0.00    0.00   61.18

07:06:12 PM  CPU    %usr   %nice    %sys %iowait    %irq   %soft  %steal  %guest  %gnice   %idle
07:06:13 PM    0   35.79    0.00   16.84    0.00    0.00    4.21    0.00    0.00    0.00   43.16
07:06:13 PM    1   21.69    0.00   14.46    0.00    0.00    1.20    0.00    0.00    0.00   62.65

07:06:13 PM  CPU    %usr   %nice    %sys %iowait    %irq   %soft  %steal  %guest  %gnice   %idle
07:06:14 PM    0   33.70    0.00   17.39    0.00    0.00    4.35    0.00    0.00    0.00   44.57
07:06:14 PM    1   20.73    0.00   15.85    0.00    0.00    1.22    0.00    0.00    0.00   62.20

07:06:14 PM  CPU    %usr   %nice    %sys %iowait    %irq   %soft  %steal  %guest  %gnice   %idle
07:06:15 PM    0   37.50    0.00   18.75    0.00    0.00    2.08    0.00    0.00    0.00   41.67
07:06:15 PM    1   25.30    0.00   12.05    0.00    0.00    1.20    0.00    0.00    0.00   61.45

07:06:15 PM  CPU    %usr   %nice    %sys %iowait    %irq   %soft  %steal  %guest  %gnice   %idle
07:06:16 PM    0   34.41    0.00   18.28    0.00    0.00    5.38    0.00    0.00    0.00   41.94
07:06:16 PM    1   21.69    0.00   15.66    0.00    0.00    1.20    0.00    0.00    0.00   61.45

07:06:16 PM  CPU    %usr   %nice    %sys %iowait    %irq   %soft  %steal  %guest  %gnice   %idle
07:06:17 PM    0   37.89    0.00   15.79    0.00    0.00    2.11    0.00    0.00    0.00   44.21
07:06:17 PM    1   16.87    0.00   14.46    0.00    0.00    3.61    0.00    0.00    0.00   65.06

07:06:17 PM  CPU    %usr   %nice    %sys %iowait    %irq   %soft  %steal  %guest  %gnice   %idle
07:06:18 PM    0   38.95    0.00   15.79    0.00    0.00    4.21    0.00    0.00    0.00   41.05
07:06:18 PM    1   23.17    0.00   14.63    0.00    0.00    1.22    0.00    0.00    0.00   60.98

07:06:18 PM  CPU    %usr   %nice    %sys %iowait    %irq   %soft  %steal  %guest  %gnice   %idle
07:06:19 PM    0   40.86    0.00   10.75    0.00    0.00    4.30    0.00    0.00    0.00   44.09
07:06:19 PM    1   17.86    0.00   16.67    0.00    0.00    2.38    0.00    0.00    0.00   63.10

07:06:19 PM  CPU    %usr   %nice    %sys %iowait    %irq   %soft  %steal  %guest  %gnice   %idle
07:06:20 PM    0   36.56    0.00   13.98    0.00    0.00    5.38    0.00    0.00    0.00   44.09
07:06:20 PM    1   17.86    0.00   14.29    0.00    0.00    4.76    0.00    0.00    0.00   63.10

07:06:20 PM  CPU    %usr   %nice    %sys %iowait    %irq   %soft  %steal  %guest  %gnice   %idle
07:06:21 PM    0   36.17    0.00   17.02    0.00    0.00    4.26    0.00    0.00    0.00   42.55
07:06:21 PM    1   20.48    0.00   13.25    0.00    0.00    2.41    0.00    0.00    0.00   63.86

07:06:21 PM  CPU    %usr   %nice    %sys %iowait    %irq   %soft  %steal  %guest  %gnice   %idle
07:06:22 PM    0   34.04    0.00   21.28    0.00    0.00    3.19    0.00    0.00    0.00   41.49
07:06:22 PM    1   23.17    0.00   12.20    0.00    0.00    1.22    0.00    0.00    0.00   63.41

07:06:22 PM  CPU    %usr   %nice    %sys %iowait    %irq   %soft  %steal  %guest  %gnice   %idle
07:06:23 PM    0   36.56    0.00   17.20    0.00    0.00    3.23    0.00    0.00    0.00   43.01
07:06:23 PM    1   23.81    0.00   10.71    0.00    0.00    2.38    0.00    0.00    0.00   63.10

07:06:23 PM  CPU    %usr   %nice    %sys %iowait    %irq   %soft  %steal  %guest  %gnice   %idle
07:06:24 PM    0   36.17    0.00   14.89    0.00    0.00    7.45    0.00    0.00    0.00   41.49
07:06:24 PM    1   20.48    0.00   14.46    0.00    0.00    3.61    0.00    0.00    0.00   61.45

07:06:24 PM  CPU    %usr   %nice    %sys %iowait    %irq   %soft  %steal  %guest  %gnice   %idle
07:06:25 PM    0   38.46    0.00   13.19    0.00    0.00    4.40    0.00    0.00    0.00   43.96
07:06:25 PM    1   21.18    0.00   14.12    0.00    0.00    2.35    0.00    0.00    0.00   62.35

07:06:25 PM  CPU    %usr   %nice    %sys %iowait    %irq   %soft  %steal  %guest  %gnice   %idle
07:06:26 PM    0   35.42    0.00   17.71    0.00    0.00    4.17    0.00    0.00    0.00   42.71
07:06:26 PM    1   22.89    0.00   12.05    0.00    0.00    2.41    0.00    0.00    0.00   62.65

07:06:26 PM  CPU    %usr   %nice    %sys %iowait    %irq   %soft  %steal  %guest  %gnice   %idle
07:06:27 PM    0   35.48    0.00   15.05    0.00    0.00    6.45    0.00    0.00    0.00   43.01
07:06:27 PM    1   27.38    0.00    7.14    0.00    0.00    2.38    0.00    0.00    0.00   63.10

07:06:27 PM  CPU    %usr   %nice    %sys %iowait    %irq   %soft  %steal  %guest  %gnice   %idle
07:06:28 PM    0   36.56    0.00   13.98    0.00    0.00    5.38    0.00    0.00    0.00   44.09
07:06:28 PM    1   17.44    0.00   15.12    0.00    0.00    5.81    0.00    0.00    0.00   61.63

07:06:28 PM  CPU    %usr   %nice    %sys %iowait    %irq   %soft  %steal  %guest  %gnice   %idle
07:06:29 PM    0   38.95    0.00   12.63    0.00    0.00    5.26    0.00    0.00    0.00   43.16
07:06:29 PM    1   16.05    0.00   17.28    0.00    0.00    2.47    0.00    0.00    0.00   64.20

07:06:29 PM  CPU    %usr   %nice    %sys %iowait    %irq   %soft  %steal  %guest  %gnice   %idle
07:06:30 PM    0   42.55    0.00   11.70    0.00    0.00    4.26    0.00    0.00    0.00   41.49
07:06:30 PM    1   19.28    0.00   12.05    0.00    0.00    6.02    0.00    0.00    0.00   62.65

07:06:30 PM  CPU    %usr   %nice    %sys %iowait    %irq   %soft  %steal  %guest  %gnice   %idle
07:06:31 PM    0   36.17    0.00   17.02    0.00    0.00    5.32    0.00    0.00    0.00   41.49
07:06:31 PM    1   22.62    0.00   13.10    0.00    0.00    1.19    0.00    0.00    0.00   63.10

07:06:31 PM  CPU    %usr   %nice    %sys %iowait    %irq   %soft  %steal  %guest  %gnice   %idle
07:06:32 PM    0   33.68    0.00   18.95    0.00    0.00    5.26    0.00    0.00    0.00   42.11
07:06:32 PM    1   18.07    0.00   16.87    0.00    0.00    3.61    0.00    0.00    0.00   61.45

07:06:32 PM  CPU    %usr   %nice    %sys %iowait    %irq   %soft  %steal  %guest  %gnice   %idle
07:06:33 PM    0   36.17    0.00   18.09    0.00    0.00    4.26    0.00    0.00    0.00   41.49
07:06:33 PM    1   21.95    0.00   14.63    0.00    0.00    1.22    0.00    0.00    0.00   62.20

07:06:33 PM  CPU    %usr   %nice    %sys %iowait    %irq   %soft  %steal  %guest  %gnice   %idle
07:06:34 PM    0   37.36    0.00   12.09    0.00    0.00    7.69    0.00    0.00    0.00   42.86
07:06:34 PM    1   21.69    0.00   15.66    0.00    0.00    0.00    0.00    0.00    0.00   62.65

07:06:34 PM  CPU    %usr   %nice    %sys %iowait    %irq   %soft  %steal  %guest  %gnice   %idle
07:06:35 PM    0   39.18    0.00   12.37    0.00    0.00    5.15    0.00    0.00    0.00   43.30
07:06:35 PM    1   21.43    0.00   11.90    0.00    0.00    3.57    0.00    0.00    0.00   63.10

07:06:35 PM  CPU    %usr   %nice    %sys %iowait    %irq   %soft  %steal  %guest  %gnice   %idle
07:06:36 PM    0   39.56    0.00   15.38    0.00    0.00    2.20    0.00    0.00    0.00   42.86
07:06:36 PM    1   19.75    0.00   18.52    0.00    0.00    0.00    0.00    0.00    0.00   61.73

07:06:36 PM  CPU    %usr   %nice    %sys %iowait    %irq   %soft  %steal  %guest  %gnice   %idle
07:06:37 PM    0   36.17    0.00   15.96    0.00    0.00    5.32    0.00    0.00    0.00   42.55
07:06:37 PM    1   21.95    0.00   13.41    0.00    0.00    1.22    0.00    0.00    0.00   63.41

07:06:37 PM  CPU    %usr   %nice    %sys %iowait    %irq   %soft  %steal  %guest  %gnice   %idle
07:06:38 PM    0   39.78    0.00   12.90    0.00    0.00    4.30    0.00    0.00    0.00   43.01
07:06:38 PM    1   25.00    0.00   10.71    0.00    0.00    1.19    0.00    0.00    0.00   63.10

07:06:38 PM  CPU    %usr   %nice    %sys %iowait    %irq   %soft  %steal  %guest  %gnice   %idle
07:06:39 PM    0   37.23    0.00   18.09    0.00    0.00    3.19    0.00    0.00    0.00   41.49
07:06:39 PM    1   20.00    0.00   14.12    0.00    0.00    4.71    0.00    0.00    0.00   61.18

07:06:39 PM  CPU    %usr   %nice    %sys %iowait    %irq   %soft  %steal  %guest  %gnice   %idle
07:06:40 PM    0   35.71    0.00   17.35    0.00    0.00    5.10    0.00    0.00    0.00   41.84
07:06:40 PM    1   22.35    0.00   12.94    0.00    0.00    2.35    0.00    0.00    0.00   62.35

07:06:40 PM  CPU    %usr   %nice    %sys %iowait    %irq   %soft  %steal  %guest  %gnice   %idle
07:06:41 PM    0   35.87    0.00   18.48    0.00    0.00    3.26    0.00    0.00    0.00   42.39
07:06:41 PM    1   19.75    0.00   16.05    0.00    0.00    1.23    0.00    0.00    0.00   62.96

07:06:41 PM  CPU    %usr   %nice    %sys %iowait    %irq   %soft  %steal  %guest  %gnice   %idle
07:06:42 PM    0   34.09    0.00   18.18    0.00    0.00    2.27    0.00    0.00    0.00   45.45
07:06:42 PM    1   22.62    0.00   10.71    0.00    0.00    3.57    0.00    0.00    0.00   63.10

07:06:42 PM  CPU    %usr   %nice    %sys %iowait    %irq   %soft  %steal  %guest  %gnice   %idle
07:06:43 PM    0   37.36    0.00   16.48    0.00    0.00    3.30    0.00    0.00    0.00   42.86
07:06:43 PM    1   21.43    0.00   13.10    0.00    0.00    3.57    0.00    0.00    0.00   61.90

07:06:43 PM  CPU    %usr   %nice    %sys %iowait    %irq   %soft  %steal  %guest  %gnice   %idle
07:06:44 PM    0   33.33    0.00   20.43    0.00    0.00    3.23    0.00    0.00    0.00   43.01
07:06:44 PM    1   21.43    0.00   13.10    0.00    0.00    2.38    0.00    0.00    0.00   63.10

07:06:44 PM  CPU    %usr   %nice    %sys %iowait    %irq   %soft  %steal  %guest  %gnice   %idle
07:06:45 PM    0   36.46    0.00   15.62    0.00    0.00    6.25    0.00    0.00    0.00   41.67
07:06:45 PM    1   23.26    0.00   12.79    0.00    0.00    3.49    0.00    0.00    0.00   60.47

07:06:45 PM  CPU    %usr   %nice    %sys %iowait    %irq   %soft  %steal  %guest  %gnice   %idle
07:06:46 PM    0   36.96    0.00   18.48    0.00    0.00    2.17    0.00    0.00    0.00   42.39
07:06:46 PM    1   24.69    0.00    9.88    0.00    0.00    2.47    0.00    0.00    0.00   62.96

07:06:46 PM  CPU    %usr   %nice    %sys %iowait    %irq   %soft  %steal  %guest  %gnice   %idle
07:06:47 PM    0   37.50    0.00   12.50    0.00    0.00    6.25    0.00    0.00    0.00   43.75
07:06:47 PM    1   20.24    0.00   11.90    0.00    0.00    4.76    0.00    0.00    0.00   63.10

07:06:47 PM  CPU    %usr   %nice    %sys %iowait    %irq   %soft  %steal  %guest  %gnice   %idle
07:06:48 PM    0   43.01    0.00   12.90    0.00    0.00    4.30    0.00    0.00    0.00   39.78
07:06:48 PM    1   21.95    0.00   15.85    0.00    0.00    1.22    0.00    0.00    0.00   60.98

07:06:48 PM  CPU    %usr   %nice    %sys %iowait    %irq   %soft  %steal  %guest  %gnice   %idle
07:06:49 PM    0   35.79    0.00   17.89    0.00    0.00    4.21    0.00    0.00    0.00   42.11
07:06:49 PM    1   19.28    0.00   13.25    0.00    0.00    4.82    0.00    0.00    0.00   62.65

07:06:49 PM  CPU    %usr   %nice    %sys %iowait    %irq   %soft  %steal  %guest  %gnice   %idle
07:06:50 PM    0   35.16    0.00   16.48    0.00    0.00    4.40    0.00    0.00    0.00   43.96
07:06:50 PM    1   16.67    0.00   19.05    0.00    0.00    3.57    0.00    0.00    0.00   60.71

07:06:50 PM  CPU    %usr   %nice    %sys %iowait    %irq   %soft  %steal  %guest  %gnice   %idle
07:06:51 PM    0   40.43    0.00   13.83    0.00    0.00    3.19    0.00    0.00    0.00   42.55
07:06:51 PM    1   21.95    0.00   12.20    0.00    0.00    2.44    0.00    0.00    0.00   63.41

07:06:51 PM  CPU    %usr   %nice    %sys %iowait    %irq   %soft  %steal  %guest  %gnice   %idle
07:06:52 PM    0   37.11    0.00   14.43    0.00    0.00    7.22    0.00    0.00    0.00   41.24
07:06:52 PM    1   17.07    0.00   14.63    0.00    0.00    4.88    0.00    0.00    0.00   63.41

07:06:52 PM  CPU    %usr   %nice    %sys %iowait    %irq   %soft  %steal  %guest  %gnice   %idle
07:06:53 PM    0   35.87    0.00   16.30    0.00    0.00    4.35    0.00    0.00    0.00   43.48
07:06:53 PM    1   22.62    0.00   13.10    0.00    0.00    2.38    0.00    0.00    0.00   61.90

07:06:53 PM  CPU    %usr   %nice    %sys %iowait    %irq   %soft  %steal  %guest  %gnice   %idle
07:06:54 PM    0   36.56    0.00   15.05    0.00    0.00    4.30    0.00    0.00    0.00   44.09
07:06:54 PM    1   19.51    0.00   15.85    0.00    0.00    1.22    0.00    0.00    0.00   63.41

07:06:54 PM  CPU    %usr   %nice    %sys %iowait    %irq   %soft  %steal  %guest  %gnice   %idle
07:06:55 PM    0   40.43    0.00   15.96    0.00    0.00    3.19    0.00    0.00    0.00   40.43
07:06:55 PM    1   20.24    0.00   15.48    0.00    0.00    3.57    0.00    0.00    0.00   60.71

07:06:55 PM  CPU    %usr   %nice    %sys %iowait    %irq   %soft  %steal  %guest  %gnice   %idle
07:06:56 PM    0   35.05    0.00   18.56    0.00    0.00    5.15    0.00    0.00    0.00   41.24
07:06:56 PM    1   22.35    0.00   12.94    0.00    0.00    2.35    0.00    0.00    0.00   62.35

07:06:56 PM  CPU    %usr   %nice    %sys %iowait    %irq   %soft  %steal  %guest  %gnice   %idle
07:06:57 PM    0   34.41    0.00   18.28    0.00    0.00    4.30    0.00    0.00    0.00   43.01
07:06:57 PM    1   20.00    0.00   13.75    0.00    0.00    1.25    0.00    0.00    0.00   65.00

07:06:57 PM  CPU    %usr   %nice    %sys %iowait    %irq   %soft  %steal  %guest  %gnice   %idle
07:06:58 PM    0   32.26    0.00   18.28    0.00    0.00    4.30    0.00    0.00    0.00   45.16
07:06:58 PM    1   26.19    0.00    9.52    0.00    0.00    1.19    0.00    0.00    0.00   63.10

07:06:58 PM  CPU    %usr   %nice    %sys %iowait    %irq   %soft  %steal  %guest  %gnice   %idle
07:06:59 PM    0   36.46    0.00   18.75    0.00    0.00    5.21    0.00    0.00    0.00   39.58
07:06:59 PM    1   24.39    0.00   12.20    0.00    0.00    2.44    0.00    0.00    0.00   60.98

07:06:59 PM  CPU    %usr   %nice    %sys %iowait    %irq   %soft  %steal  %guest  %gnice   %idle
07:07:00 PM    0   33.33    0.00   20.00    0.00    0.00    4.44    0.00    0.00    0.00   42.22
07:07:00 PM    1   23.17    0.00   12.20    0.00    0.00    2.44    0.00    0.00    0.00   62.20

07:07:00 PM  CPU    %usr   %nice    %sys %iowait    %irq   %soft  %steal  %guest  %gnice   %idle
07:07:01 PM    0   37.89    0.00   16.84    0.00    0.00    3.16    0.00    0.00    0.00   42.11
07:07:01 PM    1   20.48    0.00   13.25    0.00    0.00    3.61    0.00    0.00    0.00   62.65

07:07:01 PM  CPU    %usr   %nice    %sys %iowait    %irq   %soft  %steal  %guest  %gnice   %idle
07:07:02 PM    0   37.11    0.00   16.49    0.00    0.00    5.15    0.00    0.00    0.00   41.24
07:07:02 PM    1   22.89    0.00    9.64    0.00    0.00    4.82    0.00    0.00    0.00   62.65

07:07:02 PM  CPU    %usr   %nice    %sys %iowait    %irq   %soft  %steal  %guest  %gnice   %idle
07:07:03 PM    0   41.30    0.00   10.87    0.00    0.00    4.35    0.00    0.00    0.00   43.48
07:07:03 PM    1   23.46    0.00   11.11    0.00    0.00    1.23    0.00    0.00    0.00   64.20

07:07:03 PM  CPU    %usr   %nice    %sys %iowait    %irq   %soft  %steal  %guest  %gnice   %idle
07:07:04 PM    0   37.50    0.00   14.58    0.00    0.00    6.25    0.00    0.00    0.00   41.67
07:07:04 PM    1   25.00    0.00    9.52    0.00    0.00    3.57    0.00    0.00    0.00   61.90

07:07:04 PM  CPU    %usr   %nice    %sys %iowait    %irq   %soft  %steal  %guest  %gnice   %idle
07:07:05 PM    0   43.30    0.00   12.37    0.00    0.00    3.09    0.00    0.00    0.00   41.24
07:07:05 PM    1   18.52    0.00   16.05    0.00    0.00    1.23    0.00    0.00    0.00   64.20

07:07:05 PM  CPU    %usr   %nice    %sys %iowait    %irq   %soft  %steal  %guest  %gnice   %idle
07:07:06 PM    0   35.48    0.00   17.20    0.00    0.00    4.30    0.00    0.00    0.00   43.01
07:07:06 PM    1   22.22    0.00   11.11    0.00    0.00    2.47    0.00    0.00    0.00   64.20

07:07:06 PM  CPU    %usr   %nice    %sys %iowait    %irq   %soft  %steal  %guest  %gnice   %idle
07:07:07 PM    0   42.55    0.00   10.64    0.00    0.00    3.19    0.00    0.00    0.00   43.62
07:07:07 PM    1   23.81    0.00   11.90    0.00    0.00    2.38    0.00    0.00    0.00   61.90

07:07:07 PM  CPU    %usr   %nice    %sys %iowait    %irq   %soft  %steal  %guest  %gnice   %idle
07:07:08 PM    0   40.62    0.00   13.54    0.00    0.00    5.21    0.00    0.00    0.00   40.62
07:07:08 PM    1   18.82    0.00   17.65    0.00    0.00    3.53    0.00    0.00    0.00   60.00

07:07:08 PM  CPU    %usr   %nice    %sys %iowait    %irq   %soft  %steal  %guest  %gnice   %idle
07:07:09 PM    0   38.54    0.00   15.62    0.00    0.00    4.17    0.00    0.00    0.00   41.67
07:07:09 PM    1   24.39    0.00   13.41    0.00    0.00    1.22    0.00    0.00    0.00   60.98

07:07:09 PM  CPU    %usr   %nice    %sys %iowait    %irq   %soft  %steal  %guest  %gnice   %idle
07:07:10 PM    0   41.57    0.00   10.11    0.00    0.00    6.74    0.00    0.00    0.00   41.57
07:07:10 PM    1   21.95    0.00   13.41    0.00    0.00    2.44    0.00    0.00    0.00   62.20

07:07:10 PM  CPU    %usr   %nice    %sys %iowait    %irq   %soft  %steal  %guest  %gnice   %idle
07:07:11 PM    0   35.79    0.00   17.89    0.00    0.00    4.21    0.00    0.00    0.00   42.11
07:07:11 PM    1   20.99    0.00   14.81    0.00    0.00    1.23    0.00    0.00    0.00   62.96

07:07:11 PM  CPU    %usr   %nice    %sys %iowait    %irq   %soft  %steal  %guest  %gnice   %idle
07:07:12 PM    0   32.98    0.00   19.15    0.00    0.00    4.26    0.00    0.00    0.00   43.62
07:07:12 PM    1   24.71    0.00   11.76    0.00    0.00    2.35    0.00    0.00    0.00   61.18

07:07:12 PM  CPU    %usr   %nice    %sys %iowait    %irq   %soft  %steal  %guest  %gnice   %idle
07:07:13 PM    0   44.33    0.00   11.34    0.00    0.00    5.15    0.00    0.00    0.00   39.18
07:07:13 PM    1   21.43    0.00   13.10    0.00    0.00    3.57    0.00    0.00    0.00   61.90

07:07:13 PM  CPU    %usr   %nice    %sys %iowait    %irq   %soft  %steal  %guest  %gnice   %idle
07:07:14 PM    0   40.43    0.00   14.89    0.00    0.00    3.19    0.00    0.00    0.00   41.49
07:07:14 PM    1   21.69    0.00   13.25    0.00    0.00    3.61    0.00    0.00    0.00   61.45

07:07:14 PM  CPU    %usr   %nice    %sys %iowait    %irq   %soft  %steal  %guest  %gnice   %idle
07:07:15 PM    0   38.46    0.00   14.29    0.00    0.00    4.40    0.00    0.00    0.00   42.86
07:07:15 PM    1   22.35    0.00   14.12    0.00    0.00    3.53    0.00    0.00    0.00   60.00

07:07:15 PM  CPU    %usr   %nice    %sys %iowait    %irq   %soft  %steal  %guest  %gnice   %idle
07:07:16 PM    0   42.55    0.00   10.64    0.00    0.00    5.32    0.00    0.00    0.00   41.49
07:07:16 PM    1   20.93    0.00   15.12    0.00    0.00    3.49    0.00    0.00    0.00   60.47

07:07:16 PM  CPU    %usr   %nice    %sys %iowait    %irq   %soft  %steal  %guest  %gnice   %idle
07:07:17 PM    0   37.23    0.00   15.96    0.00    0.00    5.32    0.00    0.00    0.00   41.49
07:07:17 PM    1   20.48    0.00   15.66    0.00    0.00    2.41    0.00    0.00    0.00   61.45

07:07:17 PM  CPU    %usr   %nice    %sys %iowait    %irq   %soft  %steal  %guest  %gnice   %idle
07:07:18 PM    0   41.30    0.00   10.87    0.00    0.00    3.26    0.00    0.00    0.00   44.57
07:07:18 PM    1   21.69    0.00   13.25    0.00    0.00    2.41    0.00    0.00    0.00   62.65

07:07:18 PM  CPU    %usr   %nice    %sys %iowait    %irq   %soft  %steal  %guest  %gnice   %idle
07:07:19 PM    0   33.33    0.00   18.75    0.00    0.00    5.21    0.00    0.00    0.00   42.71
07:07:19 PM    1   16.87    0.00   16.87    0.00    0.00    2.41    0.00    0.00    0.00   63.86

07:07:19 PM  CPU    %usr   %nice    %sys %iowait    %irq   %soft  %steal  %guest  %gnice   %idle
07:07:20 PM    0   35.11    0.00   15.96    0.00    0.00    6.38    0.00    0.00    0.00   42.55
07:07:20 PM    1   19.05    0.00   15.48    0.00    0.00    2.38    0.00    0.00    0.00   63.10

07:07:20 PM  CPU    %usr   %nice    %sys %iowait    %irq   %soft  %steal  %guest  %gnice   %idle
07:07:21 PM    0   38.30    0.00   14.89    0.00    0.00    2.13    0.00    0.00    0.00   44.68
07:07:21 PM    1   19.28    0.00   14.46    0.00    0.00    2.41    0.00    0.00    0.00   63.86

07:07:21 PM  CPU    %usr   %nice    %sys %iowait    %irq   %soft  %steal  %guest  %gnice   %idle
07:07:22 PM    0   40.62    0.00   15.62    0.00    0.00    4.17    0.00    0.00    0.00   39.58
07:07:22 PM    1   24.39    0.00   12.20    0.00    0.00    1.22    0.00    0.00    0.00   62.20

07:07:22 PM  CPU    %usr   %nice    %sys %iowait    %irq   %soft  %steal  %guest  %gnice   %idle
07:07:23 PM    0   36.96    0.00   16.30    0.00    0.00    3.26    0.00    0.00    0.00   43.48
07:07:23 PM    1   24.39    0.00   12.20    0.00    0.00    2.44    0.00    0.00    0.00   60.98

07:07:23 PM  CPU    %usr   %nice    %sys %iowait    %irq   %soft  %steal  %guest  %gnice   %idle
07:07:24 PM    0   35.56    0.00   16.67    0.00    0.00    3.33    0.00    0.00    0.00   44.44
07:07:24 PM    1   21.69    0.00   12.05    0.00    0.00    2.41    0.00    0.00    0.00   63.86

07:07:24 PM  CPU    %usr   %nice    %sys %iowait    %irq   %soft  %steal  %guest  %gnice   %idle
07:07:25 PM    0   41.05    0.00   15.79    0.00    0.00    2.11    0.00    0.00    0.00   41.05
07:07:25 PM    1   22.22    0.00   12.35    0.00    0.00    2.47    0.00    0.00    0.00   62.96

07:07:25 PM  CPU    %usr   %nice    %sys %iowait    %irq   %soft  %steal  %guest  %gnice   %idle
07:07:26 PM    0   42.39    0.00   13.04    0.00    0.00    4.35    0.00    0.00    0.00   40.22
07:07:26 PM    1   24.71    0.00   12.94    0.00    0.00    3.53    0.00    0.00    0.00   58.82

Average:     CPU    %usr   %nice    %sys %iowait    %irq   %soft  %steal  %guest  %gnice   %idle
Average:       0   37.39    0.00   15.80    0.00    0.00    4.44    0.00    0.00    0.00   42.36
Average:       1   21.65    0.00   13.65    0.00    0.00    2.48    0.00    0.00    0.00   62.21
